[0.028s] Invoking command in '/home/mjlinux/Downloads/book_ros2_wrs/build/first_package': CMAKE_PREFIX_PATH=${CMAKE_PREFIX_PATH}:/home/mjlinux/Downloads/book_ros2_wrs/install/launch_pal:/home/mjlinux/Downloads/book_ros2_wrs/install/br2_fsm_bumpgo_py:/opt/ros/humble CONDA_PROMPT_MODIFIER=(ros) /usr/bin/cmake /home/mjlinux/Downloads/book_ros2_wrs/src/first_package -DAMENT_CMAKE_SYMLINK_INSTALL=1 -DCMAKE_INSTALL_PREFIX=/home/mjlinux/Downloads/book_ros2_wrs/install/first_package
[0.207s] -- The C compiler identification is GNU 11.4.0
[0.277s] -- The CXX compiler identification is GNU 11.4.0
[0.304s] -- Detecting C compiler ABI info
[0.412s] -- Detecting C compiler ABI info - done
[0.412s] -- Check for working C compiler: /usr/bin/cc - skipped
[0.412s] -- Detecting C compile features
[0.413s] -- Detecting C compile features - done
[0.419s] -- Detecting CXX compiler ABI info
[0.505s] -- Detecting CXX compiler ABI info - done
[0.511s] -- Check for working CXX compiler: /usr/bin/c++ - skipped
[0.511s] -- Detecting CXX compile features
[0.511s] -- Detecting CXX compile features - done
[0.517s] -- Found ament_cmake: 1.3.5 (/opt/ros/humble/share/ament_cmake/cmake)
[0.743s] -- Found Python3: /usr/bin/python3.10 (found version "3.10.12") found components: Interpreter 
[0.822s] -- Override CMake install command with custom implementation using symlinks instead of copying resources
[0.893s] -- Found rclcpp: 16.0.5 (/opt/ros/humble/share/rclcpp/cmake)
[0.994s] -- Found rosidl_generator_c: 3.1.5 (/opt/ros/humble/share/rosidl_generator_c/cmake)
[1.005s] -- Found rosidl_adapter: 3.1.5 (/opt/ros/humble/share/rosidl_adapter/cmake)
[1.031s] -- Found rosidl_generator_cpp: 3.1.5 (/opt/ros/humble/share/rosidl_generator_cpp/cmake)
[1.052s] -- Using all available rosidl_typesupport_c: rosidl_typesupport_fastrtps_c;rosidl_typesupport_introspection_c
[1.082s] -- Using all available rosidl_typesupport_cpp: rosidl_typesupport_fastrtps_cpp;rosidl_typesupport_introspection_cpp
[1.188s] -- Found rmw_implementation_cmake: 6.1.1 (/opt/ros/humble/share/rmw_implementation_cmake/cmake)
[1.202s] -- Found rmw_fastrtps_cpp: 6.2.3 (/opt/ros/humble/share/rmw_fastrtps_cpp/cmake)
[1.309s] -- Found OpenSSL: /usr/lib/aarch64-linux-gnu/libcrypto.so (found version "3.0.2")  
[1.333s] -- Found FastRTPS: /opt/ros/humble/include  
[1.370s] -- Using RMW implementation 'rmw_fastrtps_cpp' as default
[1.385s] -- Looking for pthread.h
[1.446s] -- Looking for pthread.h - found
[1.446s] -- Performing Test CMAKE_HAVE_LIBC_PTHREAD
[1.511s] -- Performing Test CMAKE_HAVE_LIBC_PTHREAD - Success
[1.512s] -- Found Threads: TRUE  
[1.667s] -- Found ament_lint_auto: 0.12.7 (/opt/ros/humble/share/ament_lint_auto/cmake)
[1.739s] -- Added test 'cppcheck' to perform static code analysis on C / C++ code
[1.739s] -- Configured cppcheck include dirs: 
[1.739s] -- Configured cppcheck exclude dirs and/or files: 
[1.740s] -- Added test 'lint_cmake' to check CMake code style
[1.741s] -- Added test 'uncrustify' to check C / C++ code style
[1.741s] -- Configured uncrustify additional arguments: 
[1.742s] -- Added test 'xmllint' to check XML markup files
[1.745s] -- Configuring done
[1.750s] -- Generating done
[1.751s] -- Build files have been written to: /home/mjlinux/Downloads/book_ros2_wrs/build/first_package
[1.756s] Invoked command in '/home/mjlinux/Downloads/book_ros2_wrs/build/first_package' returned '0': CMAKE_PREFIX_PATH=${CMAKE_PREFIX_PATH}:/home/mjlinux/Downloads/book_ros2_wrs/install/launch_pal:/home/mjlinux/Downloads/book_ros2_wrs/install/br2_fsm_bumpgo_py:/opt/ros/humble CONDA_PROMPT_MODIFIER=(ros) /usr/bin/cmake /home/mjlinux/Downloads/book_ros2_wrs/src/first_package -DAMENT_CMAKE_SYMLINK_INSTALL=1 -DCMAKE_INSTALL_PREFIX=/home/mjlinux/Downloads/book_ros2_wrs/install/first_package
[1.757s] Invoking command in '/home/mjlinux/Downloads/book_ros2_wrs/build/first_package': CMAKE_PREFIX_PATH=${CMAKE_PREFIX_PATH}:/home/mjlinux/Downloads/book_ros2_wrs/install/launch_pal:/home/mjlinux/Downloads/book_ros2_wrs/install/br2_fsm_bumpgo_py:/opt/ros/humble CONDA_PROMPT_MODIFIER=(ros) /usr/bin/cmake --build /home/mjlinux/Downloads/book_ros2_wrs/build/first_package -- -j4 -l4
[1.798s] [ 50%] [32mBuilding CXX object CMakeFiles/simple.dir/src/simple.cpp.o[0m
[3.587s] [100%] [32m[1mLinking CXX executable simple[0m
[3.657s] [100%] Built target simple
[3.667s] Invoked command in '/home/mjlinux/Downloads/book_ros2_wrs/build/first_package' returned '0': CMAKE_PREFIX_PATH=${CMAKE_PREFIX_PATH}:/home/mjlinux/Downloads/book_ros2_wrs/install/launch_pal:/home/mjlinux/Downloads/book_ros2_wrs/install/br2_fsm_bumpgo_py:/opt/ros/humble CONDA_PROMPT_MODIFIER=(ros) /usr/bin/cmake --build /home/mjlinux/Downloads/book_ros2_wrs/build/first_package -- -j4 -l4
[3.690s] Invoking command in '/home/mjlinux/Downloads/book_ros2_wrs/build/first_package': CMAKE_PREFIX_PATH=${CMAKE_PREFIX_PATH}:/home/mjlinux/Downloads/book_ros2_wrs/install/launch_pal:/home/mjlinux/Downloads/book_ros2_wrs/install/br2_fsm_bumpgo_py:/opt/ros/humble CONDA_PROMPT_MODIFIER=(ros) /usr/bin/cmake --install /home/mjlinux/Downloads/book_ros2_wrs/build/first_package
[3.696s] -- Install configuration: ""
[3.697s] -- Execute custom install script
[3.697s] -- Symlinking: /home/mjlinux/Downloads/book_ros2_wrs/install/first_package/lib/first_package/simple
[3.704s] -- Symlinking: /home/mjlinux/Downloads/book_ros2_wrs/install/first_package/share/ament_index/resource_index/package_run_dependencies/first_package
[3.711s] -- Symlinking: /home/mjlinux/Downloads/book_ros2_wrs/install/first_package/share/ament_index/resource_index/parent_prefix_path/first_package
[3.718s] -- Symlinking: /home/mjlinux/Downloads/book_ros2_wrs/install/first_package/share/first_package/environment/ament_prefix_path.sh
[3.725s] -- Symlinking: /home/mjlinux/Downloads/book_ros2_wrs/install/first_package/share/first_package/environment/ament_prefix_path.dsv
[3.738s] -- Symlinking: /home/mjlinux/Downloads/book_ros2_wrs/install/first_package/share/first_package/environment/path.sh
[3.746s] -- Symlinking: /home/mjlinux/Downloads/book_ros2_wrs/install/first_package/share/first_package/environment/path.dsv
[3.753s] -- Symlinking: /home/mjlinux/Downloads/book_ros2_wrs/install/first_package/share/first_package/local_setup.bash
[3.760s] -- Symlinking: /home/mjlinux/Downloads/book_ros2_wrs/install/first_package/share/first_package/local_setup.sh
[3.767s] -- Symlinking: /home/mjlinux/Downloads/book_ros2_wrs/install/first_package/share/first_package/local_setup.zsh
[3.774s] -- Symlinking: /home/mjlinux/Downloads/book_ros2_wrs/install/first_package/share/first_package/local_setup.dsv
[3.781s] -- Symlinking: /home/mjlinux/Downloads/book_ros2_wrs/install/first_package/share/first_package/package.dsv
[3.787s] -- Symlinking: /home/mjlinux/Downloads/book_ros2_wrs/install/first_package/share/ament_index/resource_index/packages/first_package
[3.794s] -- Symlinking: /home/mjlinux/Downloads/book_ros2_wrs/install/first_package/share/first_package/cmake/ament_cmake_export_dependencies-extras.cmake
[3.801s] -- Symlinking: /home/mjlinux/Downloads/book_ros2_wrs/install/first_package/share/first_package/cmake/first_packageConfig.cmake
[3.808s] -- Symlinking: /home/mjlinux/Downloads/book_ros2_wrs/install/first_package/share/first_package/cmake/first_packageConfig-version.cmake
[3.815s] -- Symlinking: /home/mjlinux/Downloads/book_ros2_wrs/install/first_package/share/first_package/package.xml
[3.824s] Invoked command in '/home/mjlinux/Downloads/book_ros2_wrs/build/first_package' returned '0': CMAKE_PREFIX_PATH=${CMAKE_PREFIX_PATH}:/home/mjlinux/Downloads/book_ros2_wrs/install/launch_pal:/home/mjlinux/Downloads/book_ros2_wrs/install/br2_fsm_bumpgo_py:/opt/ros/humble CONDA_PROMPT_MODIFIER=(ros) /usr/bin/cmake --install /home/mjlinux/Downloads/book_ros2_wrs/build/first_package
