[0.019s] Invoking command in '/home/mjlinux/Downloads/book_ros2_wrs/build/tiago_description': AMENT_PREFIX_PATH=/home/mjlinux/Downloads/book_ros2_wrs/install/tiago_controller_configuration:/home/mjlinux/Downloads/book_ros2_wrs/install/pmb2_description:/home/mjlinux/Downloads/book_ros2_wrs/install/pal_gripper_description:/home/mjlinux/Downloads/book_ros2_wrs/install/urdf_test:/home/mjlinux/Downloads/book_ros2_wrs/install/pmb2_controller_configuration:/home/mjlinux/Downloads/book_ros2_wrs/install/pal_gripper_controller_configuration:/home/mjlinux/Downloads/book_ros2_wrs/install/launch_pal:/home/mjlinux/Downloads/book_ros2_wrs/install/hey5_description:${AMENT_PREFIX_PATH} CMAKE_PREFIX_PATH=/home/mjlinux/Downloads/book_ros2_wrs/install/tiago_controller_configuration:/home/mjlinux/Downloads/book_ros2_wrs/install/pmb2_description:/home/mjlinux/Downloads/book_ros2_wrs/install/pal_gripper_description:/home/mjlinux/Downloads/book_ros2_wrs/install/urdf_test:/home/mjlinux/Downloads/book_ros2_wrs/install/pmb2_controller_configuration:/home/mjlinux/Downloads/book_ros2_wrs/install/pal_gripper_controller_configuration:/home/mjlinux/Downloads/book_ros2_wrs/install/hey5_description:/opt/ros/humble PYTHONPATH=/home/mjlinux/Downloads/book_ros2_wrs/install/pmb2_description/local/lib/python3.10/dist-packages:/home/mjlinux/Downloads/book_ros2_wrs/install/urdf_test/local/lib/python3.10/dist-packages:/home/mjlinux/Downloads/book_ros2_wrs/build/launch_pal:/home/mjlinux/Downloads/book_ros2_wrs/install/launch_pal/lib/python3.10/site-packages:${PYTHONPATH} /usr/bin/cmake /home/mjlinux/Downloads/book_ros2_wrs/ThirdParty/tiago_robot/tiago_description -DAMENT_CMAKE_SYMLINK_INSTALL=1 -DCMAKE_INSTALL_PREFIX=/home/mjlinux/Downloads/book_ros2_wrs/install/tiago_description
[0.089s] -- The C compiler identification is GNU 11.4.0
[0.163s] -- The CXX compiler identification is GNU 11.4.0
[0.168s] -- Detecting C compiler ABI info
[0.247s] -- Detecting C compiler ABI info - done
[0.253s] -- Check for working C compiler: /usr/bin/cc - skipped
[0.253s] -- Detecting C compile features
[0.254s] -- Detecting C compile features - done
[0.256s] -- Detecting CXX compiler ABI info
[0.332s] -- Detecting CXX compiler ABI info - done
[0.352s] -- Check for working CXX compiler: /usr/bin/c++ - skipped
[0.352s] -- Detecting CXX compile features
[0.352s] -- Detecting CXX compile features - done
[0.354s] -- Found ament_cmake_auto: 1.3.5 (/opt/ros/humble/share/ament_cmake_auto/cmake)
[0.526s] -- Found Python3: /usr/bin/python3.10 (found version "3.10.12") found components: Interpreter 
[0.580s] -- Override CMake install command with custom implementation using symlinks instead of copying resources
[0.665s] -- Found ament_lint_auto: 0.12.7 (/opt/ros/humble/share/ament_lint_auto/cmake)
[0.684s] -- Found python_cmake_module: 0.10.0 (/opt/ros/humble/share/python_cmake_module/cmake)
[0.699s] -- Found PythonInterp: /usr/bin/python3 (found suitable version "3.10.12", minimum required is "3.6") 
[0.709s] -- Found PythonLibs: /usr/lib/aarch64-linux-gnu/libpython3.10.so (found suitable version "3.10.12", minimum required is "3.5") 
[0.709s] -- Using PYTHON_EXECUTABLE: /usr/bin/python3
[0.709s] -- Using PYTHON_INCLUDE_DIRS: /usr/include/python3.10
[0.709s] -- Using PYTHON_LIBRARIES: /usr/lib/aarch64-linux-gnu/libpython3.10.so
[0.759s] -- Found PythonExtra: .so  
[0.793s] -- Added test 'copyright' to check source files copyright and LICENSE
[0.798s] -- Added test 'flake8' to check Python code syntax and style conventions
[0.799s] -- Added test 'lint_cmake' to check CMake code style
[0.800s] -- Added test 'pep257' to check Python code against some of the docstring style conventions in PEP 257
[0.803s] -- Added test 'xmllint' to check XML markup files
[0.804s] -- Configuring done
[0.806s] -- Generating done
[0.807s] -- Build files have been written to: /home/mjlinux/Downloads/book_ros2_wrs/build/tiago_description
[0.817s] Invoked command in '/home/mjlinux/Downloads/book_ros2_wrs/build/tiago_description' returned '0': AMENT_PREFIX_PATH=/home/mjlinux/Downloads/book_ros2_wrs/install/tiago_controller_configuration:/home/mjlinux/Downloads/book_ros2_wrs/install/pmb2_description:/home/mjlinux/Downloads/book_ros2_wrs/install/pal_gripper_description:/home/mjlinux/Downloads/book_ros2_wrs/install/urdf_test:/home/mjlinux/Downloads/book_ros2_wrs/install/pmb2_controller_configuration:/home/mjlinux/Downloads/book_ros2_wrs/install/pal_gripper_controller_configuration:/home/mjlinux/Downloads/book_ros2_wrs/install/launch_pal:/home/mjlinux/Downloads/book_ros2_wrs/install/hey5_description:${AMENT_PREFIX_PATH} CMAKE_PREFIX_PATH=/home/mjlinux/Downloads/book_ros2_wrs/install/tiago_controller_configuration:/home/mjlinux/Downloads/book_ros2_wrs/install/pmb2_description:/home/mjlinux/Downloads/book_ros2_wrs/install/pal_gripper_description:/home/mjlinux/Downloads/book_ros2_wrs/install/urdf_test:/home/mjlinux/Downloads/book_ros2_wrs/install/pmb2_controller_configuration:/home/mjlinux/Downloads/book_ros2_wrs/install/pal_gripper_controller_configuration:/home/mjlinux/Downloads/book_ros2_wrs/install/hey5_description:/opt/ros/humble PYTHONPATH=/home/mjlinux/Downloads/book_ros2_wrs/install/pmb2_description/local/lib/python3.10/dist-packages:/home/mjlinux/Downloads/book_ros2_wrs/install/urdf_test/local/lib/python3.10/dist-packages:/home/mjlinux/Downloads/book_ros2_wrs/build/launch_pal:/home/mjlinux/Downloads/book_ros2_wrs/install/launch_pal/lib/python3.10/site-packages:${PYTHONPATH} /usr/bin/cmake /home/mjlinux/Downloads/book_ros2_wrs/ThirdParty/tiago_robot/tiago_description -DAMENT_CMAKE_SYMLINK_INSTALL=1 -DCMAKE_INSTALL_PREFIX=/home/mjlinux/Downloads/book_ros2_wrs/install/tiago_description
[0.818s] Invoking command in '/home/mjlinux/Downloads/book_ros2_wrs/build/tiago_description': AMENT_PREFIX_PATH=/home/mjlinux/Downloads/book_ros2_wrs/install/tiago_controller_configuration:/home/mjlinux/Downloads/book_ros2_wrs/install/pmb2_description:/home/mjlinux/Downloads/book_ros2_wrs/install/pal_gripper_description:/home/mjlinux/Downloads/book_ros2_wrs/install/urdf_test:/home/mjlinux/Downloads/book_ros2_wrs/install/pmb2_controller_configuration:/home/mjlinux/Downloads/book_ros2_wrs/install/pal_gripper_controller_configuration:/home/mjlinux/Downloads/book_ros2_wrs/install/launch_pal:/home/mjlinux/Downloads/book_ros2_wrs/install/hey5_description:${AMENT_PREFIX_PATH} CMAKE_PREFIX_PATH=/home/mjlinux/Downloads/book_ros2_wrs/install/tiago_controller_configuration:/home/mjlinux/Downloads/book_ros2_wrs/install/pmb2_description:/home/mjlinux/Downloads/book_ros2_wrs/install/pal_gripper_description:/home/mjlinux/Downloads/book_ros2_wrs/install/urdf_test:/home/mjlinux/Downloads/book_ros2_wrs/install/pmb2_controller_configuration:/home/mjlinux/Downloads/book_ros2_wrs/install/pal_gripper_controller_configuration:/home/mjlinux/Downloads/book_ros2_wrs/install/hey5_description:/opt/ros/humble PYTHONPATH=/home/mjlinux/Downloads/book_ros2_wrs/install/pmb2_description/local/lib/python3.10/dist-packages:/home/mjlinux/Downloads/book_ros2_wrs/install/urdf_test/local/lib/python3.10/dist-packages:/home/mjlinux/Downloads/book_ros2_wrs/build/launch_pal:/home/mjlinux/Downloads/book_ros2_wrs/install/launch_pal/lib/python3.10/site-packages:${PYTHONPATH} /usr/bin/cmake --build /home/mjlinux/Downloads/book_ros2_wrs/build/tiago_description -- -j4 -l4
[0.914s] Built target ament_cmake_python_symlink_tiago_description
[1.120s] running egg_info
[1.120s] creating tiago_description.egg-info
[1.121s] writing tiago_description.egg-info/PKG-INFO
[1.121s] writing dependency_links to tiago_description.egg-info/dependency_links.txt
[1.121s] writing top-level names to tiago_description.egg-info/top_level.txt
[1.121s] writing manifest file 'tiago_description.egg-info/SOURCES.txt'
[1.122s] reading manifest file 'tiago_description.egg-info/SOURCES.txt'
[1.122s] writing manifest file 'tiago_description.egg-info/SOURCES.txt'
[1.168s] Built target ament_cmake_python_build_tiago_description_egg
[1.185s] Invoked command in '/home/mjlinux/Downloads/book_ros2_wrs/build/tiago_description' returned '0': AMENT_PREFIX_PATH=/home/mjlinux/Downloads/book_ros2_wrs/install/tiago_controller_configuration:/home/mjlinux/Downloads/book_ros2_wrs/install/pmb2_description:/home/mjlinux/Downloads/book_ros2_wrs/install/pal_gripper_description:/home/mjlinux/Downloads/book_ros2_wrs/install/urdf_test:/home/mjlinux/Downloads/book_ros2_wrs/install/pmb2_controller_configuration:/home/mjlinux/Downloads/book_ros2_wrs/install/pal_gripper_controller_configuration:/home/mjlinux/Downloads/book_ros2_wrs/install/launch_pal:/home/mjlinux/Downloads/book_ros2_wrs/install/hey5_description:${AMENT_PREFIX_PATH} CMAKE_PREFIX_PATH=/home/mjlinux/Downloads/book_ros2_wrs/install/tiago_controller_configuration:/home/mjlinux/Downloads/book_ros2_wrs/install/pmb2_description:/home/mjlinux/Downloads/book_ros2_wrs/install/pal_gripper_description:/home/mjlinux/Downloads/book_ros2_wrs/install/urdf_test:/home/mjlinux/Downloads/book_ros2_wrs/install/pmb2_controller_configuration:/home/mjlinux/Downloads/book_ros2_wrs/install/pal_gripper_controller_configuration:/home/mjlinux/Downloads/book_ros2_wrs/install/hey5_description:/opt/ros/humble PYTHONPATH=/home/mjlinux/Downloads/book_ros2_wrs/install/pmb2_description/local/lib/python3.10/dist-packages:/home/mjlinux/Downloads/book_ros2_wrs/install/urdf_test/local/lib/python3.10/dist-packages:/home/mjlinux/Downloads/book_ros2_wrs/build/launch_pal:/home/mjlinux/Downloads/book_ros2_wrs/install/launch_pal/lib/python3.10/site-packages:${PYTHONPATH} /usr/bin/cmake --build /home/mjlinux/Downloads/book_ros2_wrs/build/tiago_description -- -j4 -l4
[1.224s] Invoking command in '/home/mjlinux/Downloads/book_ros2_wrs/build/tiago_description': AMENT_PREFIX_PATH=/home/mjlinux/Downloads/book_ros2_wrs/install/tiago_controller_configuration:/home/mjlinux/Downloads/book_ros2_wrs/install/pmb2_description:/home/mjlinux/Downloads/book_ros2_wrs/install/pal_gripper_description:/home/mjlinux/Downloads/book_ros2_wrs/install/urdf_test:/home/mjlinux/Downloads/book_ros2_wrs/install/pmb2_controller_configuration:/home/mjlinux/Downloads/book_ros2_wrs/install/pal_gripper_controller_configuration:/home/mjlinux/Downloads/book_ros2_wrs/install/launch_pal:/home/mjlinux/Downloads/book_ros2_wrs/install/hey5_description:${AMENT_PREFIX_PATH} CMAKE_PREFIX_PATH=/home/mjlinux/Downloads/book_ros2_wrs/install/tiago_controller_configuration:/home/mjlinux/Downloads/book_ros2_wrs/install/pmb2_description:/home/mjlinux/Downloads/book_ros2_wrs/install/pal_gripper_description:/home/mjlinux/Downloads/book_ros2_wrs/install/urdf_test:/home/mjlinux/Downloads/book_ros2_wrs/install/pmb2_controller_configuration:/home/mjlinux/Downloads/book_ros2_wrs/install/pal_gripper_controller_configuration:/home/mjlinux/Downloads/book_ros2_wrs/install/hey5_description:/opt/ros/humble PYTHONPATH=/home/mjlinux/Downloads/book_ros2_wrs/install/pmb2_description/local/lib/python3.10/dist-packages:/home/mjlinux/Downloads/book_ros2_wrs/install/urdf_test/local/lib/python3.10/dist-packages:/home/mjlinux/Downloads/book_ros2_wrs/build/launch_pal:/home/mjlinux/Downloads/book_ros2_wrs/install/launch_pal/lib/python3.10/site-packages:${PYTHONPATH} /usr/bin/cmake --install /home/mjlinux/Downloads/book_ros2_wrs/build/tiago_description
[1.254s] -- Install configuration: ""
[1.254s] -- Execute custom install script
[1.254s] -- Symlinking: /home/mjlinux/Downloads/book_ros2_wrs/install/tiago_description/share/tiago_description/environment/pythonpath.sh
[1.263s] -- Symlinking: /home/mjlinux/Downloads/book_ros2_wrs/install/tiago_description/share/tiago_description/environment/pythonpath.dsv
[1.272s] -- Symlinking: /home/mjlinux/Downloads/book_ros2_wrs/install/tiago_description/local/lib/python3.10/dist-packages/tiago_description-4.0.15-py3.10.egg-info/PKG-INFO
[1.290s] -- Symlinking: /home/mjlinux/Downloads/book_ros2_wrs/install/tiago_description/local/lib/python3.10/dist-packages/tiago_description-4.0.15-py3.10.egg-info/SOURCES.txt
[1.310s] -- Symlinking: /home/mjlinux/Downloads/book_ros2_wrs/install/tiago_description/local/lib/python3.10/dist-packages/tiago_description-4.0.15-py3.10.egg-info/dependency_links.txt
[1.317s] -- Symlinking: /home/mjlinux/Downloads/book_ros2_wrs/install/tiago_description/local/lib/python3.10/dist-packages/tiago_description-4.0.15-py3.10.egg-info/top_level.txt
[1.325s] -- Symlinking: /home/mjlinux/Downloads/book_ros2_wrs/install/tiago_description/local/lib/python3.10/dist-packages/tiago_description/__init__.py
[1.359s] -- Symlinking: /home/mjlinux/Downloads/book_ros2_wrs/install/tiago_description/local/lib/python3.10/dist-packages/tiago_description/tiago_launch_utils.py
[1.373s] -- Symlinking: /home/mjlinux/Downloads/book_ros2_wrs/install/tiago_description/share/tiago_description/config/collision/collision_parameters.yaml
[1.393s] -- Symlinking: /home/mjlinux/Downloads/book_ros2_wrs/install/tiago_description/share/tiago_description/gazebo/gazebo.urdf.xacro
[1.416s] -- Symlinking: /home/mjlinux/Downloads/book_ros2_wrs/install/tiago_description/share/tiago_description/launch/robot_state_publisher.launch.py
[1.427s] -- Symlinking: /home/mjlinux/Downloads/book_ros2_wrs/install/tiago_description/share/tiago_description/launch/show.launch.py
[1.459s] -- Symlinking: /home/mjlinux/Downloads/book_ros2_wrs/install/tiago_description/share/tiago_description/Media/materials/scripts/markers.material
[1.473s] -- Symlinking: /home/mjlinux/Downloads/book_ros2_wrs/install/tiago_description/share/tiago_description/Media/materials/textures/aruco-26_8cm.png
[1.499s] -- Symlinking: /home/mjlinux/Downloads/book_ros2_wrs/install/tiago_description/share/tiago_description/Media/materials/textures/aruco-582_8cm.png
[1.519s] -- Symlinking: /home/mjlinux/Downloads/book_ros2_wrs/install/tiago_description/share/tiago_description/Media/materials/textures/pal_logo_1_7cm.jpg
[1.556s] -- Symlinking: /home/mjlinux/Downloads/book_ros2_wrs/install/tiago_description/share/tiago_description/Media/materials/textures/pal_logo_2_7cm.jpg
[1.580s] -- Symlinking: /home/mjlinux/Downloads/book_ros2_wrs/install/tiago_description/share/tiago_description/Media/materials/textures/pal_logo_3_7cm.jpg
[1.601s] -- Symlinking: /home/mjlinux/Downloads/book_ros2_wrs/install/tiago_description/share/tiago_description/meshes/arm/arm_1.stl
[1.608s] -- Symlinking: /home/mjlinux/Downloads/book_ros2_wrs/install/tiago_description/share/tiago_description/meshes/arm/arm_1_collision.dae
[1.623s] -- Symlinking: /home/mjlinux/Downloads/book_ros2_wrs/install/tiago_description/share/tiago_description/meshes/arm/arm_1_color.png
[1.638s] -- Symlinking: /home/mjlinux/Downloads/book_ros2_wrs/install/tiago_description/share/tiago_description/meshes/arm/arm_1_normals.png
[1.678s] -- Symlinking: /home/mjlinux/Downloads/book_ros2_wrs/install/tiago_description/share/tiago_description/meshes/arm/arm_1_specular.png
[1.708s] -- Symlinking: /home/mjlinux/Downloads/book_ros2_wrs/install/tiago_description/share/tiago_description/meshes/arm/arm_2.stl
[1.729s] -- Symlinking: /home/mjlinux/Downloads/book_ros2_wrs/install/tiago_description/share/tiago_description/meshes/arm/arm_2_collision.dae
[1.778s] -- Symlinking: /home/mjlinux/Downloads/book_ros2_wrs/install/tiago_description/share/tiago_description/meshes/arm/arm_2_color.png
[1.815s] -- Symlinking: /home/mjlinux/Downloads/book_ros2_wrs/install/tiago_description/share/tiago_description/meshes/arm/arm_2_normals.png
[1.832s] -- Symlinking: /home/mjlinux/Downloads/book_ros2_wrs/install/tiago_description/share/tiago_description/meshes/arm/arm_2_specular.png
[1.860s] -- Symlinking: /home/mjlinux/Downloads/book_ros2_wrs/install/tiago_description/share/tiago_description/meshes/arm/arm_3.stl
[1.879s] -- Symlinking: /home/mjlinux/Downloads/book_ros2_wrs/install/tiago_description/share/tiago_description/meshes/arm/arm_3_collision.dae
[1.894s] -- Symlinking: /home/mjlinux/Downloads/book_ros2_wrs/install/tiago_description/share/tiago_description/meshes/arm/arm_3_color.png
[1.917s] -- Symlinking: /home/mjlinux/Downloads/book_ros2_wrs/install/tiago_description/share/tiago_description/meshes/arm/arm_3_normals.png
[1.932s] -- Symlinking: /home/mjlinux/Downloads/book_ros2_wrs/install/tiago_description/share/tiago_description/meshes/arm/arm_3_specular.png
[1.960s] -- Symlinking: /home/mjlinux/Downloads/book_ros2_wrs/install/tiago_description/share/tiago_description/meshes/arm/arm_4.stl
[1.972s] -- Symlinking: /home/mjlinux/Downloads/book_ros2_wrs/install/tiago_description/share/tiago_description/meshes/arm/arm_4_collision.dae
[1.979s] -- Symlinking: /home/mjlinux/Downloads/book_ros2_wrs/install/tiago_description/share/tiago_description/meshes/arm/arm_4_collision.stl
[1.986s] -- Symlinking: /home/mjlinux/Downloads/book_ros2_wrs/install/tiago_description/share/tiago_description/meshes/arm/arm_4_color.png
[2.003s] -- Symlinking: /home/mjlinux/Downloads/book_ros2_wrs/install/tiago_description/share/tiago_description/meshes/arm/arm_4_normals.png
[2.033s] -- Symlinking: /home/mjlinux/Downloads/book_ros2_wrs/install/tiago_description/share/tiago_description/meshes/arm/arm_4_specular.png
[2.056s] -- Symlinking: /home/mjlinux/Downloads/book_ros2_wrs/install/tiago_description/share/tiago_description/meshes/arm/arm_5-wrist-2010.stl
[2.062s] -- Symlinking: /home/mjlinux/Downloads/book_ros2_wrs/install/tiago_description/share/tiago_description/meshes/arm/arm_5-wrist-2017.stl
[2.075s] -- Symlinking: /home/mjlinux/Downloads/book_ros2_wrs/install/tiago_description/share/tiago_description/meshes/arm/arm_5_collision-wrist-2010.dae
[2.082s] -- Symlinking: /home/mjlinux/Downloads/book_ros2_wrs/install/tiago_description/share/tiago_description/meshes/arm/arm_5_collision-wrist-2017.dae
[2.091s] -- Symlinking: /home/mjlinux/Downloads/book_ros2_wrs/install/tiago_description/share/tiago_description/meshes/arm/arm_6-wrist-2010.stl
[2.098s] -- Symlinking: /home/mjlinux/Downloads/book_ros2_wrs/install/tiago_description/share/tiago_description/meshes/arm/arm_6-wrist-2017.stl
[2.106s] -- Symlinking: /home/mjlinux/Downloads/book_ros2_wrs/install/tiago_description/share/tiago_description/meshes/arm/arm_6_collision-wrist-2010.dae
[2.113s] -- Symlinking: /home/mjlinux/Downloads/book_ros2_wrs/install/tiago_description/share/tiago_description/meshes/arm/arm_6_collision-wrist-2017.dae
[2.120s] -- Symlinking: /home/mjlinux/Downloads/book_ros2_wrs/install/tiago_description/share/tiago_description/meshes/arm/arm_6_color.png
[2.128s] -- Symlinking: /home/mjlinux/Downloads/book_ros2_wrs/install/tiago_description/share/tiago_description/meshes/arm/arm_6_normals.png
[2.137s] -- Symlinking: /home/mjlinux/Downloads/book_ros2_wrs/install/tiago_description/share/tiago_description/meshes/arm/arm_6_specular.png
[2.159s] -- Symlinking: /home/mjlinux/Downloads/book_ros2_wrs/install/tiago_description/share/tiago_description/meshes/head/head_1.stl
[2.164s] -- Symlinking: /home/mjlinux/Downloads/book_ros2_wrs/install/tiago_description/share/tiago_description/meshes/head/head_1_collision.dae
[2.171s] -- Symlinking: /home/mjlinux/Downloads/book_ros2_wrs/install/tiago_description/share/tiago_description/meshes/head/head_2.stl
[2.179s] -- Symlinking: /home/mjlinux/Downloads/book_ros2_wrs/install/tiago_description/share/tiago_description/meshes/head/head_2_collision.dae
[2.187s] -- Symlinking: /home/mjlinux/Downloads/book_ros2_wrs/install/tiago_description/share/tiago_description/meshes/sensors/xtion_pro_live/xtion_pro_live.dae
[2.195s] -- Symlinking: /home/mjlinux/Downloads/book_ros2_wrs/install/tiago_description/share/tiago_description/meshes/sensors/xtion_pro_live/xtion_pro_live.png
[2.203s] -- Symlinking: /home/mjlinux/Downloads/book_ros2_wrs/install/tiago_description/share/tiago_description/meshes/torso/torso_fix.stl
[2.210s] -- Symlinking: /home/mjlinux/Downloads/book_ros2_wrs/install/tiago_description/share/tiago_description/meshes/torso/torso_lift_collision.dae
[2.218s] -- Symlinking: /home/mjlinux/Downloads/book_ros2_wrs/install/tiago_description/share/tiago_description/meshes/torso/torso_lift_collision_core.dae
[2.226s] -- Symlinking: /home/mjlinux/Downloads/book_ros2_wrs/install/tiago_description/share/tiago_description/meshes/torso/torso_lift_collision_neck.dae
[2.233s] -- Symlinking: /home/mjlinux/Downloads/book_ros2_wrs/install/tiago_description/share/tiago_description/meshes/torso/torso_lift_collision_shoulder.dae
[2.262s] -- Symlinking: /home/mjlinux/Downloads/book_ros2_wrs/install/tiago_description/share/tiago_description/meshes/torso/torso_lift_with_arm.stl
[2.269s] -- Symlinking: /home/mjlinux/Downloads/book_ros2_wrs/install/tiago_description/share/tiago_description/meshes/torso/torso_lift_without_arm.stl
[2.276s] -- Symlinking: /home/mjlinux/Downloads/book_ros2_wrs/install/tiago_description/share/tiago_description/robots/tiago.urdf.xacro
[2.284s] -- Symlinking: /home/mjlinux/Downloads/book_ros2_wrs/install/tiago_description/share/tiago_description/ros2_control/ros2_control.urdf.xacro
[2.291s] -- Symlinking: /home/mjlinux/Downloads/book_ros2_wrs/install/tiago_description/share/tiago_description/ros2_control/transmissions.urdf.xacro
[2.299s] -- Symlinking: /home/mjlinux/Downloads/book_ros2_wrs/install/tiago_description/share/tiago_description/urdf/arm/arm.ros2_control.xacro
[2.306s] -- Symlinking: /home/mjlinux/Downloads/book_ros2_wrs/install/tiago_description/share/tiago_description/urdf/arm/arm.urdf.xacro
[2.313s] -- Symlinking: /home/mjlinux/Downloads/book_ros2_wrs/install/tiago_description/share/tiago_description/urdf/arm/wrist.ros2_control.xacro
[2.321s] -- Symlinking: /home/mjlinux/Downloads/book_ros2_wrs/install/tiago_description/share/tiago_description/urdf/arm/wrist.urdf.xacro
[2.329s] -- Symlinking: /home/mjlinux/Downloads/book_ros2_wrs/install/tiago_description/share/tiago_description/urdf/calibration/calibration_constants.urdf.xacro
[2.340s] -- Symlinking: /home/mjlinux/Downloads/book_ros2_wrs/install/tiago_description/share/tiago_description/urdf/calibration/extrinsic_camera_calibration_constants.urdf.xacro
[2.356s] -- Symlinking: /home/mjlinux/Downloads/book_ros2_wrs/install/tiago_description/share/tiago_description/urdf/deg_to_rad.xacro
[2.364s] -- Symlinking: /home/mjlinux/Downloads/book_ros2_wrs/install/tiago_description/share/tiago_description/urdf/end_effector/end_effector.urdf.xacro
[2.372s] -- Symlinking: /home/mjlinux/Downloads/book_ros2_wrs/install/tiago_description/share/tiago_description/urdf/head/head.ros2_control.xacro
[2.380s] -- Symlinking: /home/mjlinux/Downloads/book_ros2_wrs/install/tiago_description/share/tiago_description/urdf/head/head.urdf.xacro
[2.388s] -- Symlinking: /home/mjlinux/Downloads/book_ros2_wrs/install/tiago_description/share/tiago_description/urdf/materials.urdf.xacro
[2.395s] -- Symlinking: /home/mjlinux/Downloads/book_ros2_wrs/install/tiago_description/share/tiago_description/urdf/sensors/ftsensor.gazebo.xacro
[2.402s] -- Symlinking: /home/mjlinux/Downloads/book_ros2_wrs/install/tiago_description/share/tiago_description/urdf/sensors/ftsensor.urdf.xacro
[2.409s] -- Symlinking: /home/mjlinux/Downloads/book_ros2_wrs/install/tiago_description/share/tiago_description/urdf/sensors/openni.gazebo.xacro
[2.416s] -- Symlinking: /home/mjlinux/Downloads/book_ros2_wrs/install/tiago_description/share/tiago_description/urdf/sensors/orbbec_astra.urdf.xacro
[2.424s] -- Symlinking: /home/mjlinux/Downloads/book_ros2_wrs/install/tiago_description/share/tiago_description/urdf/sensors/sensors.ros2_control.xacro
[2.431s] -- Symlinking: /home/mjlinux/Downloads/book_ros2_wrs/install/tiago_description/share/tiago_description/urdf/sensors/xtion_pro_live.urdf.xacro
[2.439s] -- Symlinking: /home/mjlinux/Downloads/book_ros2_wrs/install/tiago_description/share/tiago_description/urdf/torso/torso.ros2_control.xacro
[2.459s] -- Symlinking: /home/mjlinux/Downloads/book_ros2_wrs/install/tiago_description/share/tiago_description/urdf/torso/torso.urdf.xacro
[2.467s] -- Symlinking: /home/mjlinux/Downloads/book_ros2_wrs/install/tiago_description/share/ament_index/resource_index/package_run_dependencies/tiago_description
[2.475s] -- Symlinking: /home/mjlinux/Downloads/book_ros2_wrs/install/tiago_description/share/ament_index/resource_index/parent_prefix_path/tiago_description
[2.482s] -- Symlinking: /home/mjlinux/Downloads/book_ros2_wrs/install/tiago_description/share/tiago_description/environment/ament_prefix_path.sh
[2.489s] -- Symlinking: /home/mjlinux/Downloads/book_ros2_wrs/install/tiago_description/share/tiago_description/environment/ament_prefix_path.dsv
[2.498s] -- Symlinking: /home/mjlinux/Downloads/book_ros2_wrs/install/tiago_description/share/tiago_description/environment/path.sh
[2.505s] -- Symlinking: /home/mjlinux/Downloads/book_ros2_wrs/install/tiago_description/share/tiago_description/environment/path.dsv
[2.518s] -- Symlinking: /home/mjlinux/Downloads/book_ros2_wrs/install/tiago_description/share/tiago_description/local_setup.bash
[2.526s] -- Symlinking: /home/mjlinux/Downloads/book_ros2_wrs/install/tiago_description/share/tiago_description/local_setup.sh
[2.533s] -- Symlinking: /home/mjlinux/Downloads/book_ros2_wrs/install/tiago_description/share/tiago_description/local_setup.zsh
[2.550s] -- Symlinking: /home/mjlinux/Downloads/book_ros2_wrs/install/tiago_description/share/tiago_description/local_setup.dsv
[2.558s] -- Symlinking: /home/mjlinux/Downloads/book_ros2_wrs/install/tiago_description/share/tiago_description/package.dsv
[2.567s] -- Symlinking: /home/mjlinux/Downloads/book_ros2_wrs/install/tiago_description/share/ament_index/resource_index/packages/tiago_description
[2.575s] -- Symlinking: /home/mjlinux/Downloads/book_ros2_wrs/install/tiago_description/share/tiago_description/cmake/tiago_descriptionConfig.cmake
[2.582s] -- Symlinking: /home/mjlinux/Downloads/book_ros2_wrs/install/tiago_description/share/tiago_description/cmake/tiago_descriptionConfig-version.cmake
[2.590s] -- Symlinking: /home/mjlinux/Downloads/book_ros2_wrs/install/tiago_description/share/tiago_description/package.xml
[2.620s] Listing '/home/mjlinux/Downloads/book_ros2_wrs/install/tiago_description/local/lib/python3.10/dist-packages/tiago_description'...
[2.620s] Compiling '/home/mjlinux/Downloads/book_ros2_wrs/install/tiago_description/local/lib/python3.10/dist-packages/tiago_description/__init__.py'...
[2.620s] Compiling '/home/mjlinux/Downloads/book_ros2_wrs/install/tiago_description/local/lib/python3.10/dist-packages/tiago_description/tiago_launch_utils.py'...
[2.629s] Invoked command in '/home/mjlinux/Downloads/book_ros2_wrs/build/tiago_description' returned '0': AMENT_PREFIX_PATH=/home/mjlinux/Downloads/book_ros2_wrs/install/tiago_controller_configuration:/home/mjlinux/Downloads/book_ros2_wrs/install/pmb2_description:/home/mjlinux/Downloads/book_ros2_wrs/install/pal_gripper_description:/home/mjlinux/Downloads/book_ros2_wrs/install/urdf_test:/home/mjlinux/Downloads/book_ros2_wrs/install/pmb2_controller_configuration:/home/mjlinux/Downloads/book_ros2_wrs/install/pal_gripper_controller_configuration:/home/mjlinux/Downloads/book_ros2_wrs/install/launch_pal:/home/mjlinux/Downloads/book_ros2_wrs/install/hey5_description:${AMENT_PREFIX_PATH} CMAKE_PREFIX_PATH=/home/mjlinux/Downloads/book_ros2_wrs/install/tiago_controller_configuration:/home/mjlinux/Downloads/book_ros2_wrs/install/pmb2_description:/home/mjlinux/Downloads/book_ros2_wrs/install/pal_gripper_description:/home/mjlinux/Downloads/book_ros2_wrs/install/urdf_test:/home/mjlinux/Downloads/book_ros2_wrs/install/pmb2_controller_configuration:/home/mjlinux/Downloads/book_ros2_wrs/install/pal_gripper_controller_configuration:/home/mjlinux/Downloads/book_ros2_wrs/install/hey5_description:/opt/ros/humble PYTHONPATH=/home/mjlinux/Downloads/book_ros2_wrs/install/pmb2_description/local/lib/python3.10/dist-packages:/home/mjlinux/Downloads/book_ros2_wrs/install/urdf_test/local/lib/python3.10/dist-packages:/home/mjlinux/Downloads/book_ros2_wrs/build/launch_pal:/home/mjlinux/Downloads/book_ros2_wrs/install/launch_pal/lib/python3.10/site-packages:${PYTHONPATH} /usr/bin/cmake --install /home/mjlinux/Downloads/book_ros2_wrs/build/tiago_description
