[0.791s] Invoking command in '/home/mjlinux/Downloads/book_ros2_wrs/build/br2_fsm_bumpgo_py': CONDA_PROMPT_MODIFIER=(ros) PYTHONPATH=/home/mjlinux/Downloads/book_ros2_wrs/build/br2_fsm_bumpgo_py/prefix_override:/home/mjlinux/Downloads/book_ros2_wrs/install/br2_fsm_bumpgo_py/lib/python3.10/site-packages:${PYTHONPATH} /usr/bin/python3 setup.py develop --editable --build-directory /home/mjlinux/Downloads/book_ros2_wrs/build/br2_fsm_bumpgo_py/build --no-deps install_data
[1.059s] /usr/lib/python3/dist-packages/setuptools/command/easy_install.py:158: EasyInstallDeprecationWarning: easy_install command is deprecated. Use build and pip and other standards-based tools.
[1.059s]   warnings.warn(
[1.059s] /usr/lib/python3/dist-packages/setuptools/command/install.py:34: SetuptoolsDeprecationWarning: setup.py install is deprecated. Use build and pip and other standards-based tools.
[1.059s]   warnings.warn(
[1.059s] running develop
[1.207s] running egg_info
[1.207s] writing br2_fsm_bumpgo_py.egg-info/PKG-INFO
[1.207s] writing dependency_links to br2_fsm_bumpgo_py.egg-info/dependency_links.txt
[1.207s] writing entry points to br2_fsm_bumpgo_py.egg-info/entry_points.txt
[1.213s] writing requirements to br2_fsm_bumpgo_py.egg-info/requires.txt
[1.213s] writing top-level names to br2_fsm_bumpgo_py.egg-info/top_level.txt
[1.213s] reading manifest file 'br2_fsm_bumpgo_py.egg-info/SOURCES.txt'
[1.213s] writing manifest file 'br2_fsm_bumpgo_py.egg-info/SOURCES.txt'
[1.213s] running build_ext
[1.213s] Creating /home/mjlinux/Downloads/book_ros2_wrs/install/br2_fsm_bumpgo_py/lib/python3.10/site-packages/br2-fsm-bumpgo-py.egg-link (link to .)
[1.213s] Installing bump_go_main script to /home/mjlinux/Downloads/book_ros2_wrs/install/br2_fsm_bumpgo_py/lib/br2_fsm_bumpgo_py
[1.213s] 
[1.213s] Installed /home/mjlinux/Downloads/book_ros2_wrs/build/br2_fsm_bumpgo_py
[1.213s] running install_data
[1.295s] Invoked command in '/home/mjlinux/Downloads/book_ros2_wrs/build/br2_fsm_bumpgo_py' returned '0': CONDA_PROMPT_MODIFIER=(ros) PYTHONPATH=/home/mjlinux/Downloads/book_ros2_wrs/build/br2_fsm_bumpgo_py/prefix_override:/home/mjlinux/Downloads/book_ros2_wrs/install/br2_fsm_bumpgo_py/lib/python3.10/site-packages:${PYTHONPATH} /usr/bin/python3 setup.py develop --editable --build-directory /home/mjlinux/Downloads/book_ros2_wrs/build/br2_fsm_bumpgo_py/build --no-deps install_data
