[0.046s] Invoking command in '/home/mjlinux/Downloads/book_ros2_wrs/build/pal_gripper': AMENT_PREFIX_PATH=/home/mjlinux/Downloads/book_ros2_wrs/install/pal_gripper_description:/home/mjlinux/Downloads/book_ros2_wrs/install/pal_gripper_controller_configuration:${AMENT_PREFIX_PATH} CMAKE_PREFIX_PATH=/home/mjlinux/Downloads/book_ros2_wrs/install/pal_gripper_description:/home/mjlinux/Downloads/book_ros2_wrs/install/pal_gripper_controller_configuration:/opt/ros/humble /usr/bin/cmake --build /home/mjlinux/Downloads/book_ros2_wrs/build/pal_gripper -- -j4 -l4
[0.185s] Invoked command in '/home/mjlinux/Downloads/book_ros2_wrs/build/pal_gripper' returned '0': AMENT_PREFIX_PATH=/home/mjlinux/Downloads/book_ros2_wrs/install/pal_gripper_description:/home/mjlinux/Downloads/book_ros2_wrs/install/pal_gripper_controller_configuration:${AMENT_PREFIX_PATH} CMAKE_PREFIX_PATH=/home/mjlinux/Downloads/book_ros2_wrs/install/pal_gripper_description:/home/mjlinux/Downloads/book_ros2_wrs/install/pal_gripper_controller_configuration:/opt/ros/humble /usr/bin/cmake --build /home/mjlinux/Downloads/book_ros2_wrs/build/pal_gripper -- -j4 -l4
[0.389s] Invoking command in '/home/mjlinux/Downloads/book_ros2_wrs/build/pal_gripper': AMENT_PREFIX_PATH=/home/mjlinux/Downloads/book_ros2_wrs/install/pal_gripper_description:/home/mjlinux/Downloads/book_ros2_wrs/install/pal_gripper_controller_configuration:${AMENT_PREFIX_PATH} CMAKE_PREFIX_PATH=/home/mjlinux/Downloads/book_ros2_wrs/install/pal_gripper_description:/home/mjlinux/Downloads/book_ros2_wrs/install/pal_gripper_controller_configuration:/opt/ros/humble /usr/bin/cmake --install /home/mjlinux/Downloads/book_ros2_wrs/build/pal_gripper
[0.408s] -- Install configuration: ""
[0.408s] -- Execute custom install script
[0.408s] -- Up-to-date symlink: /home/mjlinux/Downloads/book_ros2_wrs/install/pal_gripper/share/ament_index/resource_index/package_run_dependencies/pal_gripper
[0.408s] -- Up-to-date symlink: /home/mjlinux/Downloads/book_ros2_wrs/install/pal_gripper/share/ament_index/resource_index/parent_prefix_path/pal_gripper
[0.408s] -- Up-to-date symlink: /home/mjlinux/Downloads/book_ros2_wrs/install/pal_gripper/share/pal_gripper/environment/ament_prefix_path.sh
[0.409s] -- Up-to-date symlink: /home/mjlinux/Downloads/book_ros2_wrs/install/pal_gripper/share/pal_gripper/environment/ament_prefix_path.dsv
[0.409s] -- Up-to-date symlink: /home/mjlinux/Downloads/book_ros2_wrs/install/pal_gripper/share/pal_gripper/environment/path.sh
[0.409s] -- Up-to-date symlink: /home/mjlinux/Downloads/book_ros2_wrs/install/pal_gripper/share/pal_gripper/environment/path.dsv
[0.409s] -- Up-to-date symlink: /home/mjlinux/Downloads/book_ros2_wrs/install/pal_gripper/share/pal_gripper/local_setup.bash
[0.409s] -- Up-to-date symlink: /home/mjlinux/Downloads/book_ros2_wrs/install/pal_gripper/share/pal_gripper/local_setup.sh
[0.409s] -- Up-to-date symlink: /home/mjlinux/Downloads/book_ros2_wrs/install/pal_gripper/share/pal_gripper/local_setup.zsh
[0.409s] -- Up-to-date symlink: /home/mjlinux/Downloads/book_ros2_wrs/install/pal_gripper/share/pal_gripper/local_setup.dsv
[0.409s] -- Symlinking: /home/mjlinux/Downloads/book_ros2_wrs/install/pal_gripper/share/pal_gripper/package.dsv
[0.426s] -- Up-to-date symlink: /home/mjlinux/Downloads/book_ros2_wrs/install/pal_gripper/share/ament_index/resource_index/packages/pal_gripper
[0.426s] -- Up-to-date symlink: /home/mjlinux/Downloads/book_ros2_wrs/install/pal_gripper/share/pal_gripper/cmake/pal_gripperConfig.cmake
[0.426s] -- Up-to-date symlink: /home/mjlinux/Downloads/book_ros2_wrs/install/pal_gripper/share/pal_gripper/cmake/pal_gripperConfig-version.cmake
[0.426s] -- Up-to-date symlink: /home/mjlinux/Downloads/book_ros2_wrs/install/pal_gripper/share/pal_gripper/package.xml
[0.429s] Invoked command in '/home/mjlinux/Downloads/book_ros2_wrs/build/pal_gripper' returned '0': AMENT_PREFIX_PATH=/home/mjlinux/Downloads/book_ros2_wrs/install/pal_gripper_description:/home/mjlinux/Downloads/book_ros2_wrs/install/pal_gripper_controller_configuration:${AMENT_PREFIX_PATH} CMAKE_PREFIX_PATH=/home/mjlinux/Downloads/book_ros2_wrs/install/pal_gripper_description:/home/mjlinux/Downloads/book_ros2_wrs/install/pal_gripper_controller_configuration:/opt/ros/humble /usr/bin/cmake --install /home/mjlinux/Downloads/book_ros2_wrs/build/pal_gripper
