[0.046s] Invoking command in '/home/mjlinux/Downloads/book_ros2_wrs/build/br2_tf2_detector': CMAKE_PREFIX_PATH=${CMAKE_PREFIX_PATH}:/home/mjlinux/Downloads/book_ros2_wrs/install/launch_pal:/home/mjlinux/Downloads/book_ros2_wrs/install/br2_fsm_bumpgo_py:/opt/ros/humble CONDA_PROMPT_MODIFIER=(ros) /usr/bin/cmake --build /home/mjlinux/Downloads/book_ros2_wrs/build/br2_tf2_detector -- -j4 -l4
[0.261s] [ 50%] Built target br2_tf2_detector
[0.312s] [ 75%] Built target detector_improved
[0.398s] [100%] Built target detector
[0.422s] Invoked command in '/home/mjlinux/Downloads/book_ros2_wrs/build/br2_tf2_detector' returned '0': CMAKE_PREFIX_PATH=${CMAKE_PREFIX_PATH}:/home/mjlinux/Downloads/book_ros2_wrs/install/launch_pal:/home/mjlinux/Downloads/book_ros2_wrs/install/br2_fsm_bumpgo_py:/opt/ros/humble CONDA_PROMPT_MODIFIER=(ros) /usr/bin/cmake --build /home/mjlinux/Downloads/book_ros2_wrs/build/br2_tf2_detector -- -j4 -l4
[0.555s] Invoking command in '/home/mjlinux/Downloads/book_ros2_wrs/build/br2_tf2_detector': CMAKE_PREFIX_PATH=${CMAKE_PREFIX_PATH}:/home/mjlinux/Downloads/book_ros2_wrs/install/launch_pal:/home/mjlinux/Downloads/book_ros2_wrs/install/br2_fsm_bumpgo_py:/opt/ros/humble CONDA_PROMPT_MODIFIER=(ros) /usr/bin/cmake --install /home/mjlinux/Downloads/book_ros2_wrs/build/br2_tf2_detector
[0.573s] -- Install configuration: ""
[0.574s] -- Execute custom install script
[0.574s] -- Up-to-date symlink: /home/mjlinux/Downloads/book_ros2_wrs/install/br2_tf2_detector/lib/libbr2_tf2_detector.so
[0.574s] -- Up-to-date symlink: /home/mjlinux/Downloads/book_ros2_wrs/install/br2_tf2_detector/lib/br2_tf2_detector/detector
[0.574s] -- Up-to-date symlink: /home/mjlinux/Downloads/book_ros2_wrs/install/br2_tf2_detector/lib/br2_tf2_detector/detector_improved
[0.574s] -- Up-to-date symlink: /home/mjlinux/Downloads/book_ros2_wrs/install/br2_tf2_detector/share/br2_tf2_detector/launch/detector_basic.launch.py
[0.575s] -- Up-to-date symlink: /home/mjlinux/Downloads/book_ros2_wrs/install/br2_tf2_detector/share/br2_tf2_detector/launch/detector_improved.launch.py
[0.575s] -- Up-to-date symlink: /home/mjlinux/Downloads/book_ros2_wrs/install/br2_tf2_detector/share/ament_index/resource_index/package_run_dependencies/br2_tf2_detector
[0.575s] -- Up-to-date symlink: /home/mjlinux/Downloads/book_ros2_wrs/install/br2_tf2_detector/share/ament_index/resource_index/parent_prefix_path/br2_tf2_detector
[0.575s] -- Up-to-date symlink: /home/mjlinux/Downloads/book_ros2_wrs/install/br2_tf2_detector/share/br2_tf2_detector/environment/ament_prefix_path.sh
[0.575s] -- Up-to-date symlink: /home/mjlinux/Downloads/book_ros2_wrs/install/br2_tf2_detector/share/br2_tf2_detector/environment/ament_prefix_path.dsv
[0.575s] -- Up-to-date symlink: /home/mjlinux/Downloads/book_ros2_wrs/install/br2_tf2_detector/share/br2_tf2_detector/environment/path.sh
[0.578s] -- Up-to-date symlink: /home/mjlinux/Downloads/book_ros2_wrs/install/br2_tf2_detector/share/br2_tf2_detector/environment/path.dsv
[0.578s] -- Up-to-date symlink: /home/mjlinux/Downloads/book_ros2_wrs/install/br2_tf2_detector/share/br2_tf2_detector/local_setup.bash
[0.578s] -- Up-to-date symlink: /home/mjlinux/Downloads/book_ros2_wrs/install/br2_tf2_detector/share/br2_tf2_detector/local_setup.sh
[0.578s] -- Up-to-date symlink: /home/mjlinux/Downloads/book_ros2_wrs/install/br2_tf2_detector/share/br2_tf2_detector/local_setup.zsh
[0.578s] -- Up-to-date symlink: /home/mjlinux/Downloads/book_ros2_wrs/install/br2_tf2_detector/share/br2_tf2_detector/local_setup.dsv
[0.578s] -- Symlinking: /home/mjlinux/Downloads/book_ros2_wrs/install/br2_tf2_detector/share/br2_tf2_detector/package.dsv
[0.595s] -- Up-to-date symlink: /home/mjlinux/Downloads/book_ros2_wrs/install/br2_tf2_detector/share/ament_index/resource_index/packages/br2_tf2_detector
[0.595s] -- Up-to-date symlink: /home/mjlinux/Downloads/book_ros2_wrs/install/br2_tf2_detector/share/br2_tf2_detector/cmake/br2_tf2_detectorConfig.cmake
[0.595s] -- Up-to-date symlink: /home/mjlinux/Downloads/book_ros2_wrs/install/br2_tf2_detector/share/br2_tf2_detector/cmake/br2_tf2_detectorConfig-version.cmake
[0.595s] -- Up-to-date symlink: /home/mjlinux/Downloads/book_ros2_wrs/install/br2_tf2_detector/share/br2_tf2_detector/package.xml
[0.609s] Invoked command in '/home/mjlinux/Downloads/book_ros2_wrs/build/br2_tf2_detector' returned '0': CMAKE_PREFIX_PATH=${CMAKE_PREFIX_PATH}:/home/mjlinux/Downloads/book_ros2_wrs/install/launch_pal:/home/mjlinux/Downloads/book_ros2_wrs/install/br2_fsm_bumpgo_py:/opt/ros/humble CONDA_PROMPT_MODIFIER=(ros) /usr/bin/cmake --install /home/mjlinux/Downloads/book_ros2_wrs/build/br2_tf2_detector
