[0.159s] Invoking command in '/home/mjlinux/Downloads/book_ros2_wrs/build/br2_navigation': CMAKE_PREFIX_PATH=/opt/ros/humble /usr/bin/cmake --build /home/mjlinux/Downloads/book_ros2_wrs/build/br2_navigation -- -j4 -l4
[0.214s] Invoked command in '/home/mjlinux/Downloads/book_ros2_wrs/build/br2_navigation' returned '0': CMAKE_PREFIX_PATH=/opt/ros/humble /usr/bin/cmake --build /home/mjlinux/Downloads/book_ros2_wrs/build/br2_navigation -- -j4 -l4
[0.239s] Invoking command in '/home/mjlinux/Downloads/book_ros2_wrs/build/br2_navigation': CMAKE_PREFIX_PATH=/opt/ros/humble /usr/bin/cmake --install /home/mjlinux/Downloads/book_ros2_wrs/build/br2_navigation
[0.252s] -- Install configuration: ""
[0.252s] -- Execute custom install script
[0.252s] -- Up-to-date symlink: /home/mjlinux/Downloads/book_ros2_wrs/install/br2_navigation/share/br2_navigation/launch/navigation_launch.py
[0.252s] -- Up-to-date symlink: /home/mjlinux/Downloads/book_ros2_wrs/install/br2_navigation/share/br2_navigation/launch/tiago_navigation.launch.py
[0.253s] -- Up-to-date symlink: /home/mjlinux/Downloads/book_ros2_wrs/install/br2_navigation/share/br2_navigation/params/mapper_params_online_async.yaml
[0.253s] -- Up-to-date symlink: /home/mjlinux/Downloads/book_ros2_wrs/install/br2_navigation/share/br2_navigation/params/tiago_nav_params.yaml
[0.253s] -- Up-to-date symlink: /home/mjlinux/Downloads/book_ros2_wrs/install/br2_navigation/share/br2_navigation/maps/home.pgm
[0.253s] -- Up-to-date symlink: /home/mjlinux/Downloads/book_ros2_wrs/install/br2_navigation/share/br2_navigation/maps/home.yaml
[0.253s] -- Up-to-date symlink: /home/mjlinux/Downloads/book_ros2_wrs/install/br2_navigation/share/ament_index/resource_index/package_run_dependencies/br2_navigation
[0.253s] -- Up-to-date symlink: /home/mjlinux/Downloads/book_ros2_wrs/install/br2_navigation/share/ament_index/resource_index/parent_prefix_path/br2_navigation
[0.253s] -- Up-to-date symlink: /home/mjlinux/Downloads/book_ros2_wrs/install/br2_navigation/share/br2_navigation/environment/ament_prefix_path.sh
[0.253s] -- Up-to-date symlink: /home/mjlinux/Downloads/book_ros2_wrs/install/br2_navigation/share/br2_navigation/environment/ament_prefix_path.dsv
[0.253s] -- Up-to-date symlink: /home/mjlinux/Downloads/book_ros2_wrs/install/br2_navigation/share/br2_navigation/environment/path.sh
[0.254s] -- Up-to-date symlink: /home/mjlinux/Downloads/book_ros2_wrs/install/br2_navigation/share/br2_navigation/environment/path.dsv
[0.254s] -- Up-to-date symlink: /home/mjlinux/Downloads/book_ros2_wrs/install/br2_navigation/share/br2_navigation/local_setup.bash
[0.254s] -- Up-to-date symlink: /home/mjlinux/Downloads/book_ros2_wrs/install/br2_navigation/share/br2_navigation/local_setup.sh
[0.254s] -- Up-to-date symlink: /home/mjlinux/Downloads/book_ros2_wrs/install/br2_navigation/share/br2_navigation/local_setup.zsh
[0.254s] -- Up-to-date symlink: /home/mjlinux/Downloads/book_ros2_wrs/install/br2_navigation/share/br2_navigation/local_setup.dsv
[0.254s] -- Symlinking: /home/mjlinux/Downloads/book_ros2_wrs/install/br2_navigation/share/br2_navigation/package.dsv
[0.272s] -- Up-to-date symlink: /home/mjlinux/Downloads/book_ros2_wrs/install/br2_navigation/share/ament_index/resource_index/packages/br2_navigation
[0.272s] -- Up-to-date symlink: /home/mjlinux/Downloads/book_ros2_wrs/install/br2_navigation/share/br2_navigation/cmake/br2_navigationConfig.cmake
[0.272s] -- Up-to-date symlink: /home/mjlinux/Downloads/book_ros2_wrs/install/br2_navigation/share/br2_navigation/cmake/br2_navigationConfig-version.cmake
[0.272s] -- Up-to-date symlink: /home/mjlinux/Downloads/book_ros2_wrs/install/br2_navigation/share/br2_navigation/package.xml
[0.275s] Invoked command in '/home/mjlinux/Downloads/book_ros2_wrs/build/br2_navigation' returned '0': CMAKE_PREFIX_PATH=/opt/ros/humble /usr/bin/cmake --install /home/mjlinux/Downloads/book_ros2_wrs/build/br2_navigation
