[0.033s] Invoking command in '/home/mjlinux/Downloads/book_ros2_wrs/build/pmb2_bringup': AMENT_PREFIX_PATH=/home/mjlinux/Downloads/book_ros2_wrs/install/pmb2_description:/home/mjlinux/Downloads/book_ros2_wrs/install/pmb2_controller_configuration:/home/mjlinux/Downloads/book_ros2_wrs/install/launch_pal:${AMENT_PREFIX_PATH} CMAKE_PREFIX_PATH=/home/mjlinux/Downloads/book_ros2_wrs/install/pmb2_description:/home/mjlinux/Downloads/book_ros2_wrs/install/pmb2_controller_configuration:/opt/ros/humble PYTHONPATH=/home/mjlinux/Downloads/book_ros2_wrs/install/pmb2_description/local/lib/python3.10/dist-packages:/home/mjlinux/Downloads/book_ros2_wrs/build/launch_pal:/home/mjlinux/Downloads/book_ros2_wrs/install/launch_pal/lib/python3.10/site-packages:${PYTHONPATH} /usr/bin/cmake /home/mjlinux/Downloads/book_ros2_wrs/ThirdParty/pmb2_robot/pmb2_bringup -DAMENT_CMAKE_SYMLINK_INSTALL=1 -DCMAKE_INSTALL_PREFIX=/home/mjlinux/Downloads/book_ros2_wrs/install/pmb2_bringup
[0.096s] -- The C compiler identification is GNU 11.4.0
[0.152s] -- The CXX compiler identification is GNU 11.4.0
[0.157s] -- Detecting C compiler ABI info
[0.242s] -- Detecting C compiler ABI info - done
[0.248s] -- Check for working C compiler: /usr/bin/cc - skipped
[0.248s] -- Detecting C compile features
[0.249s] -- Detecting C compile features - done
[0.251s] -- Detecting CXX compiler ABI info
[0.405s] -- Detecting CXX compiler ABI info - done
[0.424s] -- Check for working CXX compiler: /usr/bin/c++ - skipped
[0.426s] -- Detecting CXX compile features
[0.426s] -- Detecting CXX compile features - done
[0.431s] -- Found ament_cmake_auto: 1.3.5 (/opt/ros/humble/share/ament_cmake_auto/cmake)
[0.725s] -- Found Python3: /usr/bin/python3.10 (found version "3.10.12") found components: Interpreter 
[0.855s] -- Override CMake install command with custom implementation using symlinks instead of copying resources
[0.954s] -- Found ament_lint_auto: 0.12.7 (/opt/ros/humble/share/ament_lint_auto/cmake)
[0.975s] -- Added test 'copyright' to check source files copyright and LICENSE
[0.976s] -- Added test 'flake8' to check Python code syntax and style conventions
[0.976s] -- Added test 'lint_cmake' to check CMake code style
[0.977s] -- Added test 'pep257' to check Python code against some of the docstring style conventions in PEP 257
[0.978s] -- Added test 'xmllint' to check XML markup files
[0.978s] -- Configuring done
[0.994s] -- Generating done
[0.994s] -- Build files have been written to: /home/mjlinux/Downloads/book_ros2_wrs/build/pmb2_bringup
[1.027s] Invoked command in '/home/mjlinux/Downloads/book_ros2_wrs/build/pmb2_bringup' returned '0': AMENT_PREFIX_PATH=/home/mjlinux/Downloads/book_ros2_wrs/install/pmb2_description:/home/mjlinux/Downloads/book_ros2_wrs/install/pmb2_controller_configuration:/home/mjlinux/Downloads/book_ros2_wrs/install/launch_pal:${AMENT_PREFIX_PATH} CMAKE_PREFIX_PATH=/home/mjlinux/Downloads/book_ros2_wrs/install/pmb2_description:/home/mjlinux/Downloads/book_ros2_wrs/install/pmb2_controller_configuration:/opt/ros/humble PYTHONPATH=/home/mjlinux/Downloads/book_ros2_wrs/install/pmb2_description/local/lib/python3.10/dist-packages:/home/mjlinux/Downloads/book_ros2_wrs/build/launch_pal:/home/mjlinux/Downloads/book_ros2_wrs/install/launch_pal/lib/python3.10/site-packages:${PYTHONPATH} /usr/bin/cmake /home/mjlinux/Downloads/book_ros2_wrs/ThirdParty/pmb2_robot/pmb2_bringup -DAMENT_CMAKE_SYMLINK_INSTALL=1 -DCMAKE_INSTALL_PREFIX=/home/mjlinux/Downloads/book_ros2_wrs/install/pmb2_bringup
[1.027s] Invoking command in '/home/mjlinux/Downloads/book_ros2_wrs/build/pmb2_bringup': AMENT_PREFIX_PATH=/home/mjlinux/Downloads/book_ros2_wrs/install/pmb2_description:/home/mjlinux/Downloads/book_ros2_wrs/install/pmb2_controller_configuration:/home/mjlinux/Downloads/book_ros2_wrs/install/launch_pal:${AMENT_PREFIX_PATH} CMAKE_PREFIX_PATH=/home/mjlinux/Downloads/book_ros2_wrs/install/pmb2_description:/home/mjlinux/Downloads/book_ros2_wrs/install/pmb2_controller_configuration:/opt/ros/humble PYTHONPATH=/home/mjlinux/Downloads/book_ros2_wrs/install/pmb2_description/local/lib/python3.10/dist-packages:/home/mjlinux/Downloads/book_ros2_wrs/build/launch_pal:/home/mjlinux/Downloads/book_ros2_wrs/install/launch_pal/lib/python3.10/site-packages:${PYTHONPATH} /usr/bin/cmake --build /home/mjlinux/Downloads/book_ros2_wrs/build/pmb2_bringup -- -j4 -l4
[1.083s] Invoked command in '/home/mjlinux/Downloads/book_ros2_wrs/build/pmb2_bringup' returned '0': AMENT_PREFIX_PATH=/home/mjlinux/Downloads/book_ros2_wrs/install/pmb2_description:/home/mjlinux/Downloads/book_ros2_wrs/install/pmb2_controller_configuration:/home/mjlinux/Downloads/book_ros2_wrs/install/launch_pal:${AMENT_PREFIX_PATH} CMAKE_PREFIX_PATH=/home/mjlinux/Downloads/book_ros2_wrs/install/pmb2_description:/home/mjlinux/Downloads/book_ros2_wrs/install/pmb2_controller_configuration:/opt/ros/humble PYTHONPATH=/home/mjlinux/Downloads/book_ros2_wrs/install/pmb2_description/local/lib/python3.10/dist-packages:/home/mjlinux/Downloads/book_ros2_wrs/build/launch_pal:/home/mjlinux/Downloads/book_ros2_wrs/install/launch_pal/lib/python3.10/site-packages:${PYTHONPATH} /usr/bin/cmake --build /home/mjlinux/Downloads/book_ros2_wrs/build/pmb2_bringup -- -j4 -l4
[1.167s] Invoking command in '/home/mjlinux/Downloads/book_ros2_wrs/build/pmb2_bringup': AMENT_PREFIX_PATH=/home/mjlinux/Downloads/book_ros2_wrs/install/pmb2_description:/home/mjlinux/Downloads/book_ros2_wrs/install/pmb2_controller_configuration:/home/mjlinux/Downloads/book_ros2_wrs/install/launch_pal:${AMENT_PREFIX_PATH} CMAKE_PREFIX_PATH=/home/mjlinux/Downloads/book_ros2_wrs/install/pmb2_description:/home/mjlinux/Downloads/book_ros2_wrs/install/pmb2_controller_configuration:/opt/ros/humble PYTHONPATH=/home/mjlinux/Downloads/book_ros2_wrs/install/pmb2_description/local/lib/python3.10/dist-packages:/home/mjlinux/Downloads/book_ros2_wrs/build/launch_pal:/home/mjlinux/Downloads/book_ros2_wrs/install/launch_pal/lib/python3.10/site-packages:${PYTHONPATH} /usr/bin/cmake --install /home/mjlinux/Downloads/book_ros2_wrs/build/pmb2_bringup
[1.181s] -- Install configuration: ""
[1.185s] -- Execute custom install script
[1.186s] -- Symlinking: /home/mjlinux/Downloads/book_ros2_wrs/install/pmb2_bringup/share/pmb2_bringup/config/joy_config.yaml
[1.224s] -- Symlinking: /home/mjlinux/Downloads/book_ros2_wrs/install/pmb2_bringup/share/pmb2_bringup/config/joy_teleop.yaml
[1.238s] -- Symlinking: /home/mjlinux/Downloads/book_ros2_wrs/install/pmb2_bringup/share/pmb2_bringup/config/twist_mux/joystick.yaml
[1.248s] -- Symlinking: /home/mjlinux/Downloads/book_ros2_wrs/install/pmb2_bringup/share/pmb2_bringup/config/twist_mux/twist_mux_locks.yaml
[1.263s] -- Symlinking: /home/mjlinux/Downloads/book_ros2_wrs/install/pmb2_bringup/share/pmb2_bringup/config/twist_mux/twist_mux_topics.yaml
[1.279s] -- Symlinking: /home/mjlinux/Downloads/book_ros2_wrs/install/pmb2_bringup/share/pmb2_bringup/launch/joystick_teleop.launch.py
[1.302s] -- Symlinking: /home/mjlinux/Downloads/book_ros2_wrs/install/pmb2_bringup/share/pmb2_bringup/launch/pmb2_bringup.launch.py
[1.342s] -- Symlinking: /home/mjlinux/Downloads/book_ros2_wrs/install/pmb2_bringup/share/pmb2_bringup/launch/twist_mux.launch.py
[1.356s] -- Symlinking: /home/mjlinux/Downloads/book_ros2_wrs/install/pmb2_bringup/share/ament_index/resource_index/package_run_dependencies/pmb2_bringup
[1.365s] -- Symlinking: /home/mjlinux/Downloads/book_ros2_wrs/install/pmb2_bringup/share/ament_index/resource_index/parent_prefix_path/pmb2_bringup
[1.378s] -- Symlinking: /home/mjlinux/Downloads/book_ros2_wrs/install/pmb2_bringup/share/pmb2_bringup/environment/ament_prefix_path.sh
[1.387s] -- Symlinking: /home/mjlinux/Downloads/book_ros2_wrs/install/pmb2_bringup/share/pmb2_bringup/environment/ament_prefix_path.dsv
[1.400s] -- Symlinking: /home/mjlinux/Downloads/book_ros2_wrs/install/pmb2_bringup/share/pmb2_bringup/environment/path.sh
[1.426s] -- Symlinking: /home/mjlinux/Downloads/book_ros2_wrs/install/pmb2_bringup/share/pmb2_bringup/environment/path.dsv
[1.434s] -- Symlinking: /home/mjlinux/Downloads/book_ros2_wrs/install/pmb2_bringup/share/pmb2_bringup/local_setup.bash
[1.455s] -- Symlinking: /home/mjlinux/Downloads/book_ros2_wrs/install/pmb2_bringup/share/pmb2_bringup/local_setup.sh
[1.466s] -- Symlinking: /home/mjlinux/Downloads/book_ros2_wrs/install/pmb2_bringup/share/pmb2_bringup/local_setup.zsh
[1.487s] -- Symlinking: /home/mjlinux/Downloads/book_ros2_wrs/install/pmb2_bringup/share/pmb2_bringup/local_setup.dsv
[1.498s] -- Symlinking: /home/mjlinux/Downloads/book_ros2_wrs/install/pmb2_bringup/share/pmb2_bringup/package.dsv
[1.527s] -- Symlinking: /home/mjlinux/Downloads/book_ros2_wrs/install/pmb2_bringup/share/ament_index/resource_index/packages/pmb2_bringup
[1.541s] -- Symlinking: /home/mjlinux/Downloads/book_ros2_wrs/install/pmb2_bringup/share/pmb2_bringup/cmake/pmb2_bringupConfig.cmake
[1.551s] -- Symlinking: /home/mjlinux/Downloads/book_ros2_wrs/install/pmb2_bringup/share/pmb2_bringup/cmake/pmb2_bringupConfig-version.cmake
[1.567s] -- Symlinking: /home/mjlinux/Downloads/book_ros2_wrs/install/pmb2_bringup/share/pmb2_bringup/package.xml
[1.584s] Invoked command in '/home/mjlinux/Downloads/book_ros2_wrs/build/pmb2_bringup' returned '0': AMENT_PREFIX_PATH=/home/mjlinux/Downloads/book_ros2_wrs/install/pmb2_description:/home/mjlinux/Downloads/book_ros2_wrs/install/pmb2_controller_configuration:/home/mjlinux/Downloads/book_ros2_wrs/install/launch_pal:${AMENT_PREFIX_PATH} CMAKE_PREFIX_PATH=/home/mjlinux/Downloads/book_ros2_wrs/install/pmb2_description:/home/mjlinux/Downloads/book_ros2_wrs/install/pmb2_controller_configuration:/opt/ros/humble PYTHONPATH=/home/mjlinux/Downloads/book_ros2_wrs/install/pmb2_description/local/lib/python3.10/dist-packages:/home/mjlinux/Downloads/book_ros2_wrs/build/launch_pal:/home/mjlinux/Downloads/book_ros2_wrs/install/launch_pal/lib/python3.10/site-packages:${PYTHONPATH} /usr/bin/cmake --install /home/mjlinux/Downloads/book_ros2_wrs/build/pmb2_bringup
