[0.005s] Invoking command in '/home/mjlinux/Downloads/book_ros2_wrs/build/br2_fsm_bumpgo_cpp': CMAKE_PREFIX_PATH=/opt/ros/humble /usr/bin/cmake --build /home/mjlinux/Downloads/book_ros2_wrs/build/br2_fsm_bumpgo_cpp -- -j4 -l4
[0.087s] [35m[1mConsolidate compiler generated dependencies of target bumpgo[0m
[0.107s] [100%] Built target bumpgo
[0.125s] Invoked command in '/home/mjlinux/Downloads/book_ros2_wrs/build/br2_fsm_bumpgo_cpp' returned '0': CMAKE_PREFIX_PATH=/opt/ros/humble /usr/bin/cmake --build /home/mjlinux/Downloads/book_ros2_wrs/build/br2_fsm_bumpgo_cpp -- -j4 -l4
[0.158s] Invoking command in '/home/mjlinux/Downloads/book_ros2_wrs/build/br2_fsm_bumpgo_cpp': CMAKE_PREFIX_PATH=/opt/ros/humble /usr/bin/cmake --install /home/mjlinux/Downloads/book_ros2_wrs/build/br2_fsm_bumpgo_cpp
[0.322s] -- Install configuration: ""
[0.324s] -- Execute custom install script
[0.324s] -- Up-to-date symlink: /home/mjlinux/Downloads/book_ros2_wrs/install/br2_fsm_bumpgo_cpp/lib/br2_fsm_bumpgo_cpp/bumpgo
[0.324s] -- Up-to-date symlink: /home/mjlinux/Downloads/book_ros2_wrs/install/br2_fsm_bumpgo_cpp/share/br2_fsm_bumpgo_cpp/launch/bump_and_go.launch.py
[0.324s] -- Up-to-date symlink: /home/mjlinux/Downloads/book_ros2_wrs/install/br2_fsm_bumpgo_cpp/share/ament_index/resource_index/package_run_dependencies/br2_fsm_bumpgo_cpp
[0.324s] -- Up-to-date symlink: /home/mjlinux/Downloads/book_ros2_wrs/install/br2_fsm_bumpgo_cpp/share/ament_index/resource_index/parent_prefix_path/br2_fsm_bumpgo_cpp
[0.324s] -- Up-to-date symlink: /home/mjlinux/Downloads/book_ros2_wrs/install/br2_fsm_bumpgo_cpp/share/br2_fsm_bumpgo_cpp/environment/ament_prefix_path.sh
[0.326s] -- Up-to-date symlink: /home/mjlinux/Downloads/book_ros2_wrs/install/br2_fsm_bumpgo_cpp/share/br2_fsm_bumpgo_cpp/environment/ament_prefix_path.dsv
[0.326s] -- Up-to-date symlink: /home/mjlinux/Downloads/book_ros2_wrs/install/br2_fsm_bumpgo_cpp/share/br2_fsm_bumpgo_cpp/environment/path.sh
[0.326s] -- Up-to-date symlink: /home/mjlinux/Downloads/book_ros2_wrs/install/br2_fsm_bumpgo_cpp/share/br2_fsm_bumpgo_cpp/environment/path.dsv
[0.326s] -- Up-to-date symlink: /home/mjlinux/Downloads/book_ros2_wrs/install/br2_fsm_bumpgo_cpp/share/br2_fsm_bumpgo_cpp/local_setup.bash
[0.326s] -- Up-to-date symlink: /home/mjlinux/Downloads/book_ros2_wrs/install/br2_fsm_bumpgo_cpp/share/br2_fsm_bumpgo_cpp/local_setup.sh
[0.326s] -- Up-to-date symlink: /home/mjlinux/Downloads/book_ros2_wrs/install/br2_fsm_bumpgo_cpp/share/br2_fsm_bumpgo_cpp/local_setup.zsh
[0.326s] -- Up-to-date symlink: /home/mjlinux/Downloads/book_ros2_wrs/install/br2_fsm_bumpgo_cpp/share/br2_fsm_bumpgo_cpp/local_setup.dsv
[0.327s] -- Symlinking: /home/mjlinux/Downloads/book_ros2_wrs/install/br2_fsm_bumpgo_cpp/share/br2_fsm_bumpgo_cpp/package.dsv
[0.327s] -- Up-to-date symlink: /home/mjlinux/Downloads/book_ros2_wrs/install/br2_fsm_bumpgo_cpp/share/ament_index/resource_index/packages/br2_fsm_bumpgo_cpp
[0.327s] -- Up-to-date symlink: /home/mjlinux/Downloads/book_ros2_wrs/install/br2_fsm_bumpgo_cpp/share/br2_fsm_bumpgo_cpp/cmake/br2_fsm_bumpgo_cppConfig.cmake
[0.327s] -- Up-to-date symlink: /home/mjlinux/Downloads/book_ros2_wrs/install/br2_fsm_bumpgo_cpp/share/br2_fsm_bumpgo_cpp/cmake/br2_fsm_bumpgo_cppConfig-version.cmake
[0.327s] -- Up-to-date symlink: /home/mjlinux/Downloads/book_ros2_wrs/install/br2_fsm_bumpgo_cpp/share/br2_fsm_bumpgo_cpp/package.xml
[0.334s] Invoked command in '/home/mjlinux/Downloads/book_ros2_wrs/build/br2_fsm_bumpgo_cpp' returned '0': CMAKE_PREFIX_PATH=/opt/ros/humble /usr/bin/cmake --install /home/mjlinux/Downloads/book_ros2_wrs/build/br2_fsm_bumpgo_cpp
