[0.021s] Invoking command in '/home/mjlinux/Downloads/book_ros2_wrs/build/br2_tiago': CMAKE_PREFIX_PATH=/opt/ros/humble /usr/bin/cmake --build /home/mjlinux/Downloads/book_ros2_wrs/build/br2_tiago -- -j4 -l4
[0.071s] Invoked command in '/home/mjlinux/Downloads/book_ros2_wrs/build/br2_tiago' returned '0': CMAKE_PREFIX_PATH=/opt/ros/humble /usr/bin/cmake --build /home/mjlinux/Downloads/book_ros2_wrs/build/br2_tiago -- -j4 -l4
[0.091s] Invoking command in '/home/mjlinux/Downloads/book_ros2_wrs/build/br2_tiago': CMAKE_PREFIX_PATH=/opt/ros/humble /usr/bin/cmake --install /home/mjlinux/Downloads/book_ros2_wrs/build/br2_tiago
[0.105s] -- Install configuration: ""
[0.105s] -- Execute custom install script
[0.105s] -- Up-to-date symlink: /home/mjlinux/Downloads/book_ros2_wrs/install/br2_tiago/share/br2_tiago/launch/sim.launch.py
[0.106s] -- Up-to-date symlink: /home/mjlinux/Downloads/book_ros2_wrs/install/br2_tiago/share/ament_index/resource_index/package_run_dependencies/br2_tiago
[0.106s] -- Up-to-date symlink: /home/mjlinux/Downloads/book_ros2_wrs/install/br2_tiago/share/ament_index/resource_index/parent_prefix_path/br2_tiago
[0.106s] -- Up-to-date symlink: /home/mjlinux/Downloads/book_ros2_wrs/install/br2_tiago/share/br2_tiago/environment/ament_prefix_path.sh
[0.106s] -- Up-to-date symlink: /home/mjlinux/Downloads/book_ros2_wrs/install/br2_tiago/share/br2_tiago/environment/ament_prefix_path.dsv
[0.106s] -- Up-to-date symlink: /home/mjlinux/Downloads/book_ros2_wrs/install/br2_tiago/share/br2_tiago/environment/path.sh
[0.106s] -- Up-to-date symlink: /home/mjlinux/Downloads/book_ros2_wrs/install/br2_tiago/share/br2_tiago/environment/path.dsv
[0.107s] -- Up-to-date symlink: /home/mjlinux/Downloads/book_ros2_wrs/install/br2_tiago/share/br2_tiago/local_setup.bash
[0.107s] -- Up-to-date symlink: /home/mjlinux/Downloads/book_ros2_wrs/install/br2_tiago/share/br2_tiago/local_setup.sh
[0.107s] -- Up-to-date symlink: /home/mjlinux/Downloads/book_ros2_wrs/install/br2_tiago/share/br2_tiago/local_setup.zsh
[0.107s] -- Up-to-date symlink: /home/mjlinux/Downloads/book_ros2_wrs/install/br2_tiago/share/br2_tiago/local_setup.dsv
[0.107s] -- Symlinking: /home/mjlinux/Downloads/book_ros2_wrs/install/br2_tiago/share/br2_tiago/package.dsv
[0.115s] -- Up-to-date symlink: /home/mjlinux/Downloads/book_ros2_wrs/install/br2_tiago/share/ament_index/resource_index/packages/br2_tiago
[0.116s] -- Up-to-date symlink: /home/mjlinux/Downloads/book_ros2_wrs/install/br2_tiago/share/br2_tiago/cmake/br2_tiagoConfig.cmake
[0.116s] -- Up-to-date symlink: /home/mjlinux/Downloads/book_ros2_wrs/install/br2_tiago/share/br2_tiago/cmake/br2_tiagoConfig-version.cmake
[0.116s] -- Up-to-date symlink: /home/mjlinux/Downloads/book_ros2_wrs/install/br2_tiago/share/br2_tiago/package.xml
[0.120s] Invoked command in '/home/mjlinux/Downloads/book_ros2_wrs/build/br2_tiago' returned '0': CMAKE_PREFIX_PATH=/opt/ros/humble /usr/bin/cmake --install /home/mjlinux/Downloads/book_ros2_wrs/build/br2_tiago
