[0.022s] Invoking command in '/home/mjlinux/Downloads/book_ros2_wrs/build/br2_fsm_bumpgo_cpp': CMAKE_PREFIX_PATH=/opt/ros/humble /usr/bin/cmake /home/mjlinux/Downloads/book_ros2_wrs/book_ros2/br2_fsm_bumpgo_cpp -DAMENT_CMAKE_SYMLINK_INSTALL=1 -DCMAKE_INSTALL_PREFIX=/home/mjlinux/Downloads/book_ros2_wrs/install/br2_fsm_bumpgo_cpp
[0.410s] -- The C compiler identification is GNU 11.4.0
[0.569s] -- The CXX compiler identification is GNU 11.4.0
[0.599s] -- Detecting C compiler ABI info
[0.960s] -- Detecting C compiler ABI info - done
[0.976s] -- Check for working C compiler: /usr/bin/cc - skipped
[0.976s] -- Detecting C compile features
[0.976s] -- Detecting C compile features - done
[0.978s] -- Detecting CXX compiler ABI info
[1.333s] -- Detecting CXX compiler ABI info - done
[1.341s] -- Check for working CXX compiler: /usr/bin/c++ - skipped
[1.341s] -- Detecting CXX compile features
[1.342s] -- Detecting CXX compile features - done
[1.390s] -- Found ament_cmake: 1.3.5 (/opt/ros/humble/share/ament_cmake/cmake)
[1.940s] -- Found Python3: /usr/bin/python3.10 (found version "3.10.12") found components: Interpreter 
[2.127s] -- Override CMake install command with custom implementation using symlinks instead of copying resources
[2.250s] -- Found rclcpp: 16.0.5 (/opt/ros/humble/share/rclcpp/cmake)
[2.501s] -- Found rosidl_generator_c: 3.1.5 (/opt/ros/humble/share/rosidl_generator_c/cmake)
[2.540s] -- Found rosidl_adapter: 3.1.5 (/opt/ros/humble/share/rosidl_adapter/cmake)
[2.609s] -- Found rosidl_generator_cpp: 3.1.5 (/opt/ros/humble/share/rosidl_generator_cpp/cmake)
[2.653s] -- Using all available rosidl_typesupport_c: rosidl_typesupport_fastrtps_c;rosidl_typesupport_introspection_c
[2.749s] -- Using all available rosidl_typesupport_cpp: rosidl_typesupport_fastrtps_cpp;rosidl_typesupport_introspection_cpp
[2.924s] -- Found rmw_implementation_cmake: 6.1.1 (/opt/ros/humble/share/rmw_implementation_cmake/cmake)
[2.929s] -- Found rmw_fastrtps_cpp: 6.2.3 (/opt/ros/humble/share/rmw_fastrtps_cpp/cmake)
[3.314s] -- Found OpenSSL: /usr/lib/aarch64-linux-gnu/libcrypto.so (found version "3.0.2")  
[3.400s] -- Found FastRTPS: /opt/ros/humble/include  
[3.469s] -- Using RMW implementation 'rmw_fastrtps_cpp' as default
[3.520s] -- Looking for pthread.h
[3.844s] -- Looking for pthread.h - found
[3.848s] -- Performing Test CMAKE_HAVE_LIBC_PTHREAD
[4.137s] -- Performing Test CMAKE_HAVE_LIBC_PTHREAD - Success
[4.139s] -- Found Threads: TRUE  
[4.636s] -- Found sensor_msgs: 4.2.3 (/opt/ros/humble/share/sensor_msgs/cmake)
[5.024s] -- Found ament_lint_auto: 0.12.7 (/opt/ros/humble/share/ament_lint_auto/cmake)
[5.272s] -- Added test 'copyright' to check source files copyright and LICENSE
[5.279s] -- Added test 'cppcheck' to perform static code analysis on C / C++ code
[5.279s] -- Configured cppcheck include dirs: /home/mjlinux/Downloads/book_ros2_wrs/book_ros2/br2_fsm_bumpgo_cpp/include
[5.279s] -- Configured cppcheck exclude dirs and/or files: 
[5.281s] -- Added test 'cpplint' to check C / C++ code against the Google style
[5.281s] -- Configured cpplint exclude dirs and/or files: 
[5.282s] -- Added test 'flake8' to check Python code syntax and style conventions
[5.284s] -- Added test 'lint_cmake' to check CMake code style
[5.285s] -- Added test 'pep257' to check Python code against some of the docstring style conventions in PEP 257
[5.286s] -- Added test 'uncrustify' to check C / C++ code style
[5.287s] -- Configured uncrustify additional arguments: 
[5.288s] -- Added test 'xmllint' to check XML markup files
[5.306s] -- Configuring done
[5.332s] -- Generating done
[5.335s] -- Build files have been written to: /home/mjlinux/Downloads/book_ros2_wrs/build/br2_fsm_bumpgo_cpp
[5.380s] Invoked command in '/home/mjlinux/Downloads/book_ros2_wrs/build/br2_fsm_bumpgo_cpp' returned '0': CMAKE_PREFIX_PATH=/opt/ros/humble /usr/bin/cmake /home/mjlinux/Downloads/book_ros2_wrs/book_ros2/br2_fsm_bumpgo_cpp -DAMENT_CMAKE_SYMLINK_INSTALL=1 -DCMAKE_INSTALL_PREFIX=/home/mjlinux/Downloads/book_ros2_wrs/install/br2_fsm_bumpgo_cpp
[5.409s] Invoking command in '/home/mjlinux/Downloads/book_ros2_wrs/build/br2_fsm_bumpgo_cpp': CMAKE_PREFIX_PATH=/opt/ros/humble /usr/bin/cmake --build /home/mjlinux/Downloads/book_ros2_wrs/build/br2_fsm_bumpgo_cpp -- -j4 -l4
[5.569s] [ 33%] [32mBuilding CXX object CMakeFiles/bumpgo.dir/src/br2_fsm_bumpgo_cpp/BumpGoNode.cpp.o[0m
[25.169s] [ 66%] [32mBuilding CXX object CMakeFiles/bumpgo.dir/src/bumpgo_main.cpp.o[0m
[27.760s] [100%] [32m[1mLinking CXX executable bumpgo[0m
[28.181s] [100%] Built target bumpgo
[28.344s] Invoked command in '/home/mjlinux/Downloads/book_ros2_wrs/build/br2_fsm_bumpgo_cpp' returned '0': CMAKE_PREFIX_PATH=/opt/ros/humble /usr/bin/cmake --build /home/mjlinux/Downloads/book_ros2_wrs/build/br2_fsm_bumpgo_cpp -- -j4 -l4
[28.508s] Invoking command in '/home/mjlinux/Downloads/book_ros2_wrs/build/br2_fsm_bumpgo_cpp': CMAKE_PREFIX_PATH=/opt/ros/humble /usr/bin/cmake --install /home/mjlinux/Downloads/book_ros2_wrs/build/br2_fsm_bumpgo_cpp
[28.523s] -- Install configuration: ""
[28.523s] -- Execute custom install script
[28.523s] -- Symlinking: /home/mjlinux/Downloads/book_ros2_wrs/install/br2_fsm_bumpgo_cpp/lib/br2_fsm_bumpgo_cpp/bumpgo
[28.529s] -- Symlinking: /home/mjlinux/Downloads/book_ros2_wrs/install/br2_fsm_bumpgo_cpp/share/br2_fsm_bumpgo_cpp/launch/bump_and_go.launch.py
[28.539s] -- Symlinking: /home/mjlinux/Downloads/book_ros2_wrs/install/br2_fsm_bumpgo_cpp/share/ament_index/resource_index/package_run_dependencies/br2_fsm_bumpgo_cpp
[28.547s] -- Symlinking: /home/mjlinux/Downloads/book_ros2_wrs/install/br2_fsm_bumpgo_cpp/share/ament_index/resource_index/parent_prefix_path/br2_fsm_bumpgo_cpp
[28.558s] -- Symlinking: /home/mjlinux/Downloads/book_ros2_wrs/install/br2_fsm_bumpgo_cpp/share/br2_fsm_bumpgo_cpp/environment/ament_prefix_path.sh
[28.566s] -- Symlinking: /home/mjlinux/Downloads/book_ros2_wrs/install/br2_fsm_bumpgo_cpp/share/br2_fsm_bumpgo_cpp/environment/ament_prefix_path.dsv
[28.575s] -- Symlinking: /home/mjlinux/Downloads/book_ros2_wrs/install/br2_fsm_bumpgo_cpp/share/br2_fsm_bumpgo_cpp/environment/path.sh
[28.603s] -- Symlinking: /home/mjlinux/Downloads/book_ros2_wrs/install/br2_fsm_bumpgo_cpp/share/br2_fsm_bumpgo_cpp/environment/path.dsv
[28.611s] -- Symlinking: /home/mjlinux/Downloads/book_ros2_wrs/install/br2_fsm_bumpgo_cpp/share/br2_fsm_bumpgo_cpp/local_setup.bash
[28.620s] -- Symlinking: /home/mjlinux/Downloads/book_ros2_wrs/install/br2_fsm_bumpgo_cpp/share/br2_fsm_bumpgo_cpp/local_setup.sh
[28.629s] -- Symlinking: /home/mjlinux/Downloads/book_ros2_wrs/install/br2_fsm_bumpgo_cpp/share/br2_fsm_bumpgo_cpp/local_setup.zsh
[28.638s] -- Symlinking: /home/mjlinux/Downloads/book_ros2_wrs/install/br2_fsm_bumpgo_cpp/share/br2_fsm_bumpgo_cpp/local_setup.dsv
[28.648s] -- Symlinking: /home/mjlinux/Downloads/book_ros2_wrs/install/br2_fsm_bumpgo_cpp/share/br2_fsm_bumpgo_cpp/package.dsv
[28.658s] -- Symlinking: /home/mjlinux/Downloads/book_ros2_wrs/install/br2_fsm_bumpgo_cpp/share/ament_index/resource_index/packages/br2_fsm_bumpgo_cpp
[28.668s] -- Symlinking: /home/mjlinux/Downloads/book_ros2_wrs/install/br2_fsm_bumpgo_cpp/share/br2_fsm_bumpgo_cpp/cmake/br2_fsm_bumpgo_cppConfig.cmake
[28.677s] -- Symlinking: /home/mjlinux/Downloads/book_ros2_wrs/install/br2_fsm_bumpgo_cpp/share/br2_fsm_bumpgo_cpp/cmake/br2_fsm_bumpgo_cppConfig-version.cmake
[28.699s] -- Symlinking: /home/mjlinux/Downloads/book_ros2_wrs/install/br2_fsm_bumpgo_cpp/share/br2_fsm_bumpgo_cpp/package.xml
[28.718s] Invoked command in '/home/mjlinux/Downloads/book_ros2_wrs/build/br2_fsm_bumpgo_cpp' returned '0': CMAKE_PREFIX_PATH=/opt/ros/humble /usr/bin/cmake --install /home/mjlinux/Downloads/book_ros2_wrs/build/br2_fsm_bumpgo_cpp
