[0.360s] Invoking command in '/home/mjlinux/Downloads/book_ros2_wrs/build/pmb2_laser_sensors': CMAKE_PREFIX_PATH=${CMAKE_PREFIX_PATH}:/home/mjlinux/Downloads/book_ros2_wrs/install/launch_pal:/home/mjlinux/Downloads/book_ros2_wrs/install/br2_fsm_bumpgo_py:/opt/ros/humble CONDA_PROMPT_MODIFIER=(ros) /usr/bin/cmake /home/mjlinux/Downloads/book_ros2_wrs/ThirdParty/pmb2_navigation/pmb2_laser_sensors -DAMENT_CMAKE_SYMLINK_INSTALL=1 -DCMAKE_INSTALL_PREFIX=/home/mjlinux/Downloads/book_ros2_wrs/install/pmb2_laser_sensors
[0.814s] -- The C compiler identification is GNU 11.4.0
[1.025s] -- The CXX compiler identification is GNU 11.4.0
[1.039s] -- Detecting C compiler ABI info
[1.227s] -- Detecting C compiler ABI info - done
[1.252s] -- Check for working C compiler: /usr/bin/cc - skipped
[1.263s] -- Detecting C compile features
[1.264s] -- Detecting C compile features - done
[1.265s] -- Detecting CXX compiler ABI info
[1.435s] -- Detecting CXX compiler ABI info - done
[1.466s] -- Check for working CXX compiler: /usr/bin/c++ - skipped
[1.471s] -- Detecting CXX compile features
[1.473s] -- Detecting CXX compile features - done
[1.480s] -- Found ament_cmake_auto: 1.3.5 (/opt/ros/humble/share/ament_cmake_auto/cmake)
[1.940s] -- Found Python3: /usr/bin/python3.10 (found version "3.10.12") found components: Interpreter 
[2.075s] -- Override CMake install command with custom implementation using symlinks instead of copying resources
[2.340s] -- Added test 'copyright' to check source files copyright and LICENSE
[2.341s] -- Added test 'flake8' to check Python code syntax and style conventions
[2.351s] -- Added test 'lint_cmake' to check CMake code style
[2.352s] -- Added test 'pep257' to check Python code against some of the docstring style conventions in PEP 257
[2.353s] -- Added test 'xmllint' to check XML markup files
[2.359s] -- Configuring done
[2.386s] -- Generating done
[2.386s] -- Build files have been written to: /home/mjlinux/Downloads/book_ros2_wrs/build/pmb2_laser_sensors
[2.412s] Invoked command in '/home/mjlinux/Downloads/book_ros2_wrs/build/pmb2_laser_sensors' returned '0': CMAKE_PREFIX_PATH=${CMAKE_PREFIX_PATH}:/home/mjlinux/Downloads/book_ros2_wrs/install/launch_pal:/home/mjlinux/Downloads/book_ros2_wrs/install/br2_fsm_bumpgo_py:/opt/ros/humble CONDA_PROMPT_MODIFIER=(ros) /usr/bin/cmake /home/mjlinux/Downloads/book_ros2_wrs/ThirdParty/pmb2_navigation/pmb2_laser_sensors -DAMENT_CMAKE_SYMLINK_INSTALL=1 -DCMAKE_INSTALL_PREFIX=/home/mjlinux/Downloads/book_ros2_wrs/install/pmb2_laser_sensors
[2.412s] Invoking command in '/home/mjlinux/Downloads/book_ros2_wrs/build/pmb2_laser_sensors': CMAKE_PREFIX_PATH=${CMAKE_PREFIX_PATH}:/home/mjlinux/Downloads/book_ros2_wrs/install/launch_pal:/home/mjlinux/Downloads/book_ros2_wrs/install/br2_fsm_bumpgo_py:/opt/ros/humble CONDA_PROMPT_MODIFIER=(ros) /usr/bin/cmake --build /home/mjlinux/Downloads/book_ros2_wrs/build/pmb2_laser_sensors -- -j4 -l4
[2.487s] Invoked command in '/home/mjlinux/Downloads/book_ros2_wrs/build/pmb2_laser_sensors' returned '0': CMAKE_PREFIX_PATH=${CMAKE_PREFIX_PATH}:/home/mjlinux/Downloads/book_ros2_wrs/install/launch_pal:/home/mjlinux/Downloads/book_ros2_wrs/install/br2_fsm_bumpgo_py:/opt/ros/humble CONDA_PROMPT_MODIFIER=(ros) /usr/bin/cmake --build /home/mjlinux/Downloads/book_ros2_wrs/build/pmb2_laser_sensors -- -j4 -l4
[2.572s] Invoking command in '/home/mjlinux/Downloads/book_ros2_wrs/build/pmb2_laser_sensors': CMAKE_PREFIX_PATH=${CMAKE_PREFIX_PATH}:/home/mjlinux/Downloads/book_ros2_wrs/install/launch_pal:/home/mjlinux/Downloads/book_ros2_wrs/install/br2_fsm_bumpgo_py:/opt/ros/humble CONDA_PROMPT_MODIFIER=(ros) /usr/bin/cmake --install /home/mjlinux/Downloads/book_ros2_wrs/build/pmb2_laser_sensors
[2.588s] -- Install configuration: ""
[2.594s] -- Execute custom install script
[2.595s] -- Symlinking: /home/mjlinux/Downloads/book_ros2_wrs/install/pmb2_laser_sensors/share/pmb2_laser_sensors/config/sick-551_filter.yaml
[2.609s] -- Symlinking: /home/mjlinux/Downloads/book_ros2_wrs/install/pmb2_laser_sensors/share/pmb2_laser_sensors/config/sick-561_filter.yaml
[2.637s] -- Symlinking: /home/mjlinux/Downloads/book_ros2_wrs/install/pmb2_laser_sensors/share/pmb2_laser_sensors/config/sick-571_filter.yaml
[2.662s] -- Symlinking: /home/mjlinux/Downloads/book_ros2_wrs/install/pmb2_laser_sensors/share/pmb2_laser_sensors/config/sick_tim551_laser.yaml
[2.671s] -- Symlinking: /home/mjlinux/Downloads/book_ros2_wrs/install/pmb2_laser_sensors/share/pmb2_laser_sensors/config/sick_tim561_laser.yaml
[2.686s] -- Symlinking: /home/mjlinux/Downloads/book_ros2_wrs/install/pmb2_laser_sensors/share/pmb2_laser_sensors/config/sick_tim571_laser.yaml
[2.704s] -- Symlinking: /home/mjlinux/Downloads/book_ros2_wrs/install/pmb2_laser_sensors/share/pmb2_laser_sensors/launch/laser.launch.py
[2.746s] -- Symlinking: /home/mjlinux/Downloads/book_ros2_wrs/install/pmb2_laser_sensors/share/pmb2_laser_sensors/launch/laser_filters.launch.py
[2.758s] -- Symlinking: /home/mjlinux/Downloads/book_ros2_wrs/install/pmb2_laser_sensors/share/pmb2_laser_sensors/launch/sick-551_laser.launch.py
[2.776s] -- Symlinking: /home/mjlinux/Downloads/book_ros2_wrs/install/pmb2_laser_sensors/share/pmb2_laser_sensors/launch/sick-561_laser.launch.py
[2.796s] -- Symlinking: /home/mjlinux/Downloads/book_ros2_wrs/install/pmb2_laser_sensors/share/pmb2_laser_sensors/launch/sick-571_laser.launch.py
[2.802s] -- Symlinking: /home/mjlinux/Downloads/book_ros2_wrs/install/pmb2_laser_sensors/share/ament_index/resource_index/package_run_dependencies/pmb2_laser_sensors
[2.828s] -- Symlinking: /home/mjlinux/Downloads/book_ros2_wrs/install/pmb2_laser_sensors/share/ament_index/resource_index/parent_prefix_path/pmb2_laser_sensors
[2.838s] -- Symlinking: /home/mjlinux/Downloads/book_ros2_wrs/install/pmb2_laser_sensors/share/pmb2_laser_sensors/environment/ament_prefix_path.sh
[2.850s] -- Symlinking: /home/mjlinux/Downloads/book_ros2_wrs/install/pmb2_laser_sensors/share/pmb2_laser_sensors/environment/ament_prefix_path.dsv
[2.867s] -- Symlinking: /home/mjlinux/Downloads/book_ros2_wrs/install/pmb2_laser_sensors/share/pmb2_laser_sensors/environment/path.sh
[2.887s] -- Symlinking: /home/mjlinux/Downloads/book_ros2_wrs/install/pmb2_laser_sensors/share/pmb2_laser_sensors/environment/path.dsv
[2.919s] -- Symlinking: /home/mjlinux/Downloads/book_ros2_wrs/install/pmb2_laser_sensors/share/pmb2_laser_sensors/local_setup.bash
[2.929s] -- Symlinking: /home/mjlinux/Downloads/book_ros2_wrs/install/pmb2_laser_sensors/share/pmb2_laser_sensors/local_setup.sh
[2.937s] -- Symlinking: /home/mjlinux/Downloads/book_ros2_wrs/install/pmb2_laser_sensors/share/pmb2_laser_sensors/local_setup.zsh
[2.952s] -- Symlinking: /home/mjlinux/Downloads/book_ros2_wrs/install/pmb2_laser_sensors/share/pmb2_laser_sensors/local_setup.dsv
[2.965s] -- Symlinking: /home/mjlinux/Downloads/book_ros2_wrs/install/pmb2_laser_sensors/share/pmb2_laser_sensors/package.dsv
[2.974s] -- Symlinking: /home/mjlinux/Downloads/book_ros2_wrs/install/pmb2_laser_sensors/share/ament_index/resource_index/packages/pmb2_laser_sensors
[2.984s] -- Symlinking: /home/mjlinux/Downloads/book_ros2_wrs/install/pmb2_laser_sensors/share/pmb2_laser_sensors/cmake/pmb2_laser_sensorsConfig.cmake
[3.001s] -- Symlinking: /home/mjlinux/Downloads/book_ros2_wrs/install/pmb2_laser_sensors/share/pmb2_laser_sensors/cmake/pmb2_laser_sensorsConfig-version.cmake
[3.011s] -- Symlinking: /home/mjlinux/Downloads/book_ros2_wrs/install/pmb2_laser_sensors/share/pmb2_laser_sensors/package.xml
[3.031s] Invoked command in '/home/mjlinux/Downloads/book_ros2_wrs/build/pmb2_laser_sensors' returned '0': CMAKE_PREFIX_PATH=${CMAKE_PREFIX_PATH}:/home/mjlinux/Downloads/book_ros2_wrs/install/launch_pal:/home/mjlinux/Downloads/book_ros2_wrs/install/br2_fsm_bumpgo_py:/opt/ros/humble CONDA_PROMPT_MODIFIER=(ros) /usr/bin/cmake --install /home/mjlinux/Downloads/book_ros2_wrs/build/pmb2_laser_sensors
