[0.009s] Invoking command in '/home/mjlinux/Downloads/book_ros2_wrs/build/first_package': CMAKE_PREFIX_PATH=/home/mjlinux/Downloads/book_ros2_wrs/install/vision_msgs_rviz_plugins:/home/mjlinux/Downloads/book_ros2_wrs/install/br2_tracking:/home/mjlinux/Downloads/book_ros2_wrs/install/vision_msgs:/home/mjlinux/Downloads/book_ros2_wrs/install/urdf_test:/home/mjlinux/Downloads/book_ros2_wrs/install/tiago_simulation:/home/mjlinux/Downloads/book_ros2_wrs/install/tiago_robot:/home/mjlinux/Downloads/book_ros2_wrs/install/tiago_navigation:/home/mjlinux/Downloads/book_ros2_wrs/install/tiago_gazebo:/home/mjlinux/Downloads/book_ros2_wrs/install/tiago_moveit_config:/home/mjlinux/Downloads/book_ros2_wrs/install/tiago_laser_sensors:/home/mjlinux/Downloads/book_ros2_wrs/install/tiago_bringup:/home/mjlinux/Downloads/book_ros2_wrs/install/tiago_description:/home/mjlinux/Downloads/book_ros2_wrs/install/tiago_controller_configuration:/home/mjlinux/Downloads/book_ros2_wrs/install/tiago_2dnav:/home/mjlinux/Downloads/book_ros2_wrs/install/first_package:/home/mjlinux/Downloads/book_ros2_wrs/install/br2_basics:/home/mjlinux/Downloads/book_ros2_wrs/install/pmb2_robot:/home/mjlinux/Downloads/book_ros2_wrs/install/pmb2_navigation:/home/mjlinux/Downloads/book_ros2_wrs/install/pmb2_2dnav:/home/mjlinux/Downloads/book_ros2_wrs/install/pmb2_maps:/home/mjlinux/Downloads/book_ros2_wrs/install/pmb2_laser_sensors:/home/mjlinux/Downloads/book_ros2_wrs/install/pmb2_bringup:/home/mjlinux/Downloads/book_ros2_wrs/install/pmb2_description:/home/mjlinux/Downloads/book_ros2_wrs/install/pmb2_controller_configuration:/home/mjlinux/Downloads/book_ros2_wrs/install/pal_gripper:/home/mjlinux/Downloads/book_ros2_wrs/install/pal_gripper_description:/home/mjlinux/Downloads/book_ros2_wrs/install/pal_gripper_controller_configuration:/home/mjlinux/Downloads/book_ros2_wrs/install/pal_gazebo_worlds:/home/mjlinux/Downloads/book_ros2_wrs/install/hey5_description:/home/mjlinux/Downloads/book_ros2_wrs/install/groot:/home/mjlinux/Downloads/book_ros2_wrs/install/launch_pal:/home/mjlinux/Downloads/book_ros2_wrs/install/br2_fsm_bumpgo_py:/opt/ros/humble:/home/mjlinux/Downloads/book_ros2_wrs/install/catkin:/home/mjlinux/Downloads/book_ros2_wrs/install/br2_vff_avoidance:/home/mjlinux/Downloads/book_ros2_wrs/install/br2_tracking_msgs:/home/mjlinux/Downloads/book_ros2_wrs/install/br2_tiago:/home/mjlinux/Downloads/book_ros2_wrs/install/br2_tf2_detector:/home/mjlinux/Downloads/book_ros2_wrs/install/br2_navigation:/home/mjlinux/Downloads/book_ros2_wrs/install/br2_fsm_bumpgo_cpp:/home/mjlinux/Downloads/book_ros2_wrs/install/br2_bt_patrolling:/home/mjlinux/Downloads/book_ros2_wrs/install/br2_bt_bumpgo /usr/bin/cmake --build /home/mjlinux/Downloads/book_ros2_wrs/build/first_package -- -j4 -l4
[0.047s] -- Found ament_cmake: 1.3.5 (/opt/ros/humble/share/ament_cmake/cmake)
[0.178s] -- Override CMake install command with custom implementation using symlinks instead of copying resources
[0.183s] -- Found rclcpp: 16.0.5 (/opt/ros/humble/share/rclcpp/cmake)
[0.213s] -- Found rosidl_generator_c: 3.1.5 (/opt/ros/humble/share/rosidl_generator_c/cmake)
[0.214s] -- Found rosidl_adapter: 3.1.5 (/opt/ros/humble/share/rosidl_adapter/cmake)
[0.233s] -- Found rosidl_generator_cpp: 3.1.5 (/opt/ros/humble/share/rosidl_generator_cpp/cmake)
[0.243s] -- Using all available rosidl_typesupport_c: rosidl_typesupport_fastrtps_c;rosidl_typesupport_introspection_c
[0.256s] -- Using all available rosidl_typesupport_cpp: rosidl_typesupport_fastrtps_cpp;rosidl_typesupport_introspection_cpp
[0.307s] -- Found rmw_implementation_cmake: 6.1.1 (/opt/ros/humble/share/rmw_implementation_cmake/cmake)
[0.309s] -- Found rmw_fastrtps_cpp: 6.2.3 (/opt/ros/humble/share/rmw_fastrtps_cpp/cmake)
[0.470s] -- Using RMW implementation 'rmw_fastrtps_cpp' as default
[0.650s] -- Found ament_lint_auto: 0.12.7 (/opt/ros/humble/share/ament_lint_auto/cmake)
[0.699s] -- Added test 'cppcheck' to perform static code analysis on C / C++ code
[0.699s] -- Configured cppcheck include dirs: 
[0.699s] -- Configured cppcheck exclude dirs and/or files: 
[0.700s] -- Added test 'lint_cmake' to check CMake code style
[0.701s] -- Added test 'uncrustify' to check C / C++ code style
[0.701s] -- Configured uncrustify additional arguments: 
[0.701s] -- Added test 'xmllint' to check XML markup files
[0.702s] -- Configuring done
[0.707s] -- Generating done
[0.708s] -- Build files have been written to: /home/mjlinux/Downloads/book_ros2_wrs/build/first_package
[0.765s] [ 50%] [32mBuilding CXX object CMakeFiles/simple.dir/src/simple.cpp.o[0m
[0.779s] [01m[K/home/mjlinux/Downloads/book_ros2_wrs/src/first_package/src/simple.cpp:1:10:[m[K [01;31m[Kfatal error: [m[Krclcpp/rclcpp.hpp: No such file or directory
[0.779s]     1 | #include [01;31m[K"rclcpp/rclcpp.hpp"[m[K
[0.779s]       |          [01;31m[K^~~~~~~~~~~~~~~~~~~[m[K
[0.779s] compilation terminated.
[0.780s] gmake[2]: *** [CMakeFiles/simple.dir/build.make:76: CMakeFiles/simple.dir/src/simple.cpp.o] Error 1
[0.780s] gmake[1]: *** [CMakeFiles/Makefile2:137: CMakeFiles/simple.dir/all] Error 2
[0.780s] gmake: *** [Makefile:146: all] Error 2
[0.782s] Invoked command in '/home/mjlinux/Downloads/book_ros2_wrs/build/first_package' returned '2': CMAKE_PREFIX_PATH=/home/mjlinux/Downloads/book_ros2_wrs/install/vision_msgs_rviz_plugins:/home/mjlinux/Downloads/book_ros2_wrs/install/br2_tracking:/home/mjlinux/Downloads/book_ros2_wrs/install/vision_msgs:/home/mjlinux/Downloads/book_ros2_wrs/install/urdf_test:/home/mjlinux/Downloads/book_ros2_wrs/install/tiago_simulation:/home/mjlinux/Downloads/book_ros2_wrs/install/tiago_robot:/home/mjlinux/Downloads/book_ros2_wrs/install/tiago_navigation:/home/mjlinux/Downloads/book_ros2_wrs/install/tiago_gazebo:/home/mjlinux/Downloads/book_ros2_wrs/install/tiago_moveit_config:/home/mjlinux/Downloads/book_ros2_wrs/install/tiago_laser_sensors:/home/mjlinux/Downloads/book_ros2_wrs/install/tiago_bringup:/home/mjlinux/Downloads/book_ros2_wrs/install/tiago_description:/home/mjlinux/Downloads/book_ros2_wrs/install/tiago_controller_configuration:/home/mjlinux/Downloads/book_ros2_wrs/install/tiago_2dnav:/home/mjlinux/Downloads/book_ros2_wrs/install/first_package:/home/mjlinux/Downloads/book_ros2_wrs/install/br2_basics:/home/mjlinux/Downloads/book_ros2_wrs/install/pmb2_robot:/home/mjlinux/Downloads/book_ros2_wrs/install/pmb2_navigation:/home/mjlinux/Downloads/book_ros2_wrs/install/pmb2_2dnav:/home/mjlinux/Downloads/book_ros2_wrs/install/pmb2_maps:/home/mjlinux/Downloads/book_ros2_wrs/install/pmb2_laser_sensors:/home/mjlinux/Downloads/book_ros2_wrs/install/pmb2_bringup:/home/mjlinux/Downloads/book_ros2_wrs/install/pmb2_description:/home/mjlinux/Downloads/book_ros2_wrs/install/pmb2_controller_configuration:/home/mjlinux/Downloads/book_ros2_wrs/install/pal_gripper:/home/mjlinux/Downloads/book_ros2_wrs/install/pal_gripper_description:/home/mjlinux/Downloads/book_ros2_wrs/install/pal_gripper_controller_configuration:/home/mjlinux/Downloads/book_ros2_wrs/install/pal_gazebo_worlds:/home/mjlinux/Downloads/book_ros2_wrs/install/hey5_description:/home/mjlinux/Downloads/book_ros2_wrs/install/groot:/home/mjlinux/Downloads/book_ros2_wrs/install/launch_pal:/home/mjlinux/Downloads/book_ros2_wrs/install/br2_fsm_bumpgo_py:/opt/ros/humble:/home/mjlinux/Downloads/book_ros2_wrs/install/catkin:/home/mjlinux/Downloads/book_ros2_wrs/install/br2_vff_avoidance:/home/mjlinux/Downloads/book_ros2_wrs/install/br2_tracking_msgs:/home/mjlinux/Downloads/book_ros2_wrs/install/br2_tiago:/home/mjlinux/Downloads/book_ros2_wrs/install/br2_tf2_detector:/home/mjlinux/Downloads/book_ros2_wrs/install/br2_navigation:/home/mjlinux/Downloads/book_ros2_wrs/install/br2_fsm_bumpgo_cpp:/home/mjlinux/Downloads/book_ros2_wrs/install/br2_bt_patrolling:/home/mjlinux/Downloads/book_ros2_wrs/install/br2_bt_bumpgo /usr/bin/cmake --build /home/mjlinux/Downloads/book_ros2_wrs/build/first_package -- -j4 -l4
