[0.020s] Invoking command in '/home/mjlinux/Downloads/book_ros2_wrs/build/catkin': /usr/bin/cmake --build /home/mjlinux/Downloads/book_ros2_wrs/build/catkin -- -j4 -l4
[0.090s] Invoked command in '/home/mjlinux/Downloads/book_ros2_wrs/build/catkin' returned '0': /usr/bin/cmake --build /home/mjlinux/Downloads/book_ros2_wrs/build/catkin -- -j4 -l4
[0.123s] Invoking command in '/home/mjlinux/Downloads/book_ros2_wrs/build/catkin': /usr/bin/cmake --build /home/mjlinux/Downloads/book_ros2_wrs/build/catkin --target tests -- -j4 -l4
[0.224s] Built target tests
[0.239s] Invoked command in '/home/mjlinux/Downloads/book_ros2_wrs/build/catkin' returned '0': /usr/bin/cmake --build /home/mjlinux/Downloads/book_ros2_wrs/build/catkin --target tests -- -j4 -l4
[0.308s] Invoking command in '/home/mjlinux/Downloads/book_ros2_wrs/build/catkin': /usr/bin/cmake --install /home/mjlinux/Downloads/book_ros2_wrs/build/catkin
[0.348s] -- Install configuration: ""
[0.348s] -- Execute custom install script
[0.348s] -- Up-to-date symlink: /home/mjlinux/Downloads/book_ros2_wrs/install/catkin/lib/pkgconfig/catkin.pc
[0.348s] -- Up-to-date symlink: /home/mjlinux/Downloads/book_ros2_wrs/install/catkin/share/catkin/cmake/catkinConfig.cmake
[0.348s] -- Up-to-date symlink: /home/mjlinux/Downloads/book_ros2_wrs/install/catkin/share/catkin/cmake/catkinConfig-version.cmake
[0.348s] -- Up-to-date symlink: /home/mjlinux/Downloads/book_ros2_wrs/install/catkin/share/catkin/package.xml
[0.348s] -- Up-to-date symlink: /home/mjlinux/Downloads/book_ros2_wrs/install/catkin/share/catkin/LICENSE
[0.348s] -- Up-to-date: /home/mjlinux/Downloads/book_ros2_wrs/install/catkin/share/catkin/cmake
[0.348s] -- Up-to-date: /home/mjlinux/Downloads/book_ros2_wrs/install/catkin/share/catkin/cmake/empy.cmake
[0.348s] -- Up-to-date: /home/mjlinux/Downloads/book_ros2_wrs/install/catkin/share/catkin/cmake/string_starts_with.cmake
[0.348s] -- Up-to-date: /home/mjlinux/Downloads/book_ros2_wrs/install/catkin/share/catkin/cmake/list_append_deduplicate.cmake
[0.348s] -- Up-to-date: /home/mjlinux/Downloads/book_ros2_wrs/install/catkin/share/catkin/cmake/debug_message.cmake
[0.348s] -- Up-to-date: /home/mjlinux/Downloads/book_ros2_wrs/install/catkin/share/catkin/cmake/stamp.cmake
[0.348s] -- Up-to-date: /home/mjlinux/Downloads/book_ros2_wrs/install/catkin/share/catkin/cmake/test
[0.348s] -- Up-to-date: /home/mjlinux/Downloads/book_ros2_wrs/install/catkin/share/catkin/cmake/test/download_checkmd5.py
[0.348s] -- Up-to-date: /home/mjlinux/Downloads/book_ros2_wrs/install/catkin/share/catkin/cmake/test/nosetests.cmake
[0.348s] -- Up-to-date: /home/mjlinux/Downloads/book_ros2_wrs/install/catkin/share/catkin/cmake/test/catkin_download_test_data.cmake
[0.348s] -- Up-to-date: /home/mjlinux/Downloads/book_ros2_wrs/install/catkin/share/catkin/cmake/test/run_tests.py
[0.348s] -- Up-to-date: /home/mjlinux/Downloads/book_ros2_wrs/install/catkin/share/catkin/cmake/test/remove_test_results.py
[0.348s] -- Up-to-date: /home/mjlinux/Downloads/book_ros2_wrs/install/catkin/share/catkin/cmake/test/tests.cmake
[0.348s] -- Up-to-date: /home/mjlinux/Downloads/book_ros2_wrs/install/catkin/share/catkin/cmake/test/gtest.cmake
[0.348s] -- Up-to-date: /home/mjlinux/Downloads/book_ros2_wrs/install/catkin/share/catkin/cmake/atomic_configure_file.cmake
[0.348s] -- Up-to-date: /home/mjlinux/Downloads/book_ros2_wrs/install/catkin/share/catkin/cmake/env-hooks
[0.348s] -- Up-to-date: /home/mjlinux/Downloads/book_ros2_wrs/install/catkin/share/catkin/cmake/env-hooks/05.catkin_make.bash
[0.348s] -- Up-to-date: /home/mjlinux/Downloads/book_ros2_wrs/install/catkin/share/catkin/cmake/env-hooks/05.catkin_make_isolated.bash
[0.348s] -- Up-to-date: /home/mjlinux/Downloads/book_ros2_wrs/install/catkin/share/catkin/cmake/list_append_unique.cmake
[0.348s] -- Up-to-date: /home/mjlinux/Downloads/book_ros2_wrs/install/catkin/share/catkin/cmake/tools
[0.348s] -- Up-to-date: /home/mjlinux/Downloads/book_ros2_wrs/install/catkin/share/catkin/cmake/tools/doxygen.cmake
[0.348s] -- Up-to-date: /home/mjlinux/Downloads/book_ros2_wrs/install/catkin/share/catkin/cmake/tools/bz2.cmake
[0.348s] -- Up-to-date: /home/mjlinux/Downloads/book_ros2_wrs/install/catkin/share/catkin/cmake/tools/rt.cmake
[0.348s] -- Up-to-date: /home/mjlinux/Downloads/book_ros2_wrs/install/catkin/share/catkin/cmake/tools/threads.cmake
[0.348s] -- Up-to-date: /home/mjlinux/Downloads/book_ros2_wrs/install/catkin/share/catkin/cmake/tools/libraries.cmake
[0.348s] -- Up-to-date: /home/mjlinux/Downloads/book_ros2_wrs/install/catkin/share/catkin/cmake/catkin_workspace.cmake
[0.349s] -- Up-to-date: /home/mjlinux/Downloads/book_ros2_wrs/install/catkin/share/catkin/cmake/catkin_download.cmake
[0.349s] -- Up-to-date: /home/mjlinux/Downloads/book_ros2_wrs/install/catkin/share/catkin/cmake/catkin_metapackage.cmake
[0.349s] -- Up-to-date: /home/mjlinux/Downloads/book_ros2_wrs/install/catkin/share/catkin/cmake/toplevel.cmake
[0.349s] -- Up-to-date: /home/mjlinux/Downloads/book_ros2_wrs/install/catkin/share/catkin/cmake/interrogate_setup_dot_py.py
[0.349s] -- Up-to-date: /home/mjlinux/Downloads/book_ros2_wrs/install/catkin/share/catkin/cmake/em
[0.349s] -- Up-to-date: /home/mjlinux/Downloads/book_ros2_wrs/install/catkin/share/catkin/cmake/em/pkg.pc.em
[0.349s] -- Up-to-date: /home/mjlinux/Downloads/book_ros2_wrs/install/catkin/share/catkin/cmake/em/order_packages.cmake.em
[0.349s] -- Up-to-date: /home/mjlinux/Downloads/book_ros2_wrs/install/catkin/share/catkin/cmake/assert.cmake
[0.349s] -- Up-to-date: /home/mjlinux/Downloads/book_ros2_wrs/install/catkin/share/catkin/cmake/custom_install.cmake
[0.349s] -- Up-to-date: /home/mjlinux/Downloads/book_ros2_wrs/install/catkin/share/catkin/cmake/templates
[0.349s] -- Up-to-date: /home/mjlinux/Downloads/book_ros2_wrs/install/catkin/share/catkin/cmake/templates/local_setup.sh.in
[0.349s] -- Up-to-date: /home/mjlinux/Downloads/book_ros2_wrs/install/catkin/share/catkin/cmake/templates/local_setup.bat.in
[0.349s] -- Up-to-date: /home/mjlinux/Downloads/book_ros2_wrs/install/catkin/share/catkin/cmake/templates/env.sh.in
[0.349s] -- Up-to-date: /home/mjlinux/Downloads/book_ros2_wrs/install/catkin/share/catkin/cmake/templates/python_win32_wrapper.cpp.in
[0.349s] -- Up-to-date: /home/mjlinux/Downloads/book_ros2_wrs/install/catkin/share/catkin/cmake/templates/pkgConfig-version.cmake.in
[0.349s] -- Up-to-date: /home/mjlinux/Downloads/book_ros2_wrs/install/catkin/share/catkin/cmake/templates/python_distutils_install.bat.in
[0.349s] -- Up-to-date: /home/mjlinux/Downloads/book_ros2_wrs/install/catkin/share/catkin/cmake/templates/_setup_util.py.in
[0.349s] -- Up-to-date: /home/mjlinux/Downloads/book_ros2_wrs/install/catkin/share/catkin/cmake/templates/setup.sh.in
[0.349s] -- Up-to-date: /home/mjlinux/Downloads/book_ros2_wrs/install/catkin/share/catkin/cmake/templates/pkg.context.pc.in
[0.349s] -- Up-to-date: /home/mjlinux/Downloads/book_ros2_wrs/install/catkin/share/catkin/cmake/templates/setup.zsh.in
[0.349s] -- Up-to-date: /home/mjlinux/Downloads/book_ros2_wrs/install/catkin/share/catkin/cmake/templates/relay.py.in
[0.349s] -- Up-to-date: /home/mjlinux/Downloads/book_ros2_wrs/install/catkin/share/catkin/cmake/templates/python_distutils_install.sh.in
[0.349s] -- Up-to-date: /home/mjlinux/Downloads/book_ros2_wrs/install/catkin/share/catkin/cmake/templates/rosinstall.in
[0.349s] -- Up-to-date: /home/mjlinux/Downloads/book_ros2_wrs/install/catkin/share/catkin/cmake/templates/local_setup.bash.in
[0.349s] -- Up-to-date: /home/mjlinux/Downloads/book_ros2_wrs/install/catkin/share/catkin/cmake/templates/setup.bash.in
[0.349s] -- Up-to-date: /home/mjlinux/Downloads/book_ros2_wrs/install/catkin/share/catkin/cmake/templates/safe_execute_install.cmake.in
[0.349s] -- Up-to-date: /home/mjlinux/Downloads/book_ros2_wrs/install/catkin/share/catkin/cmake/templates/cfg-extras.context.py.in
[0.349s] -- Up-to-date: /home/mjlinux/Downloads/book_ros2_wrs/install/catkin/share/catkin/cmake/templates/Doxyfile.in
[0.349s] -- Up-to-date: /home/mjlinux/Downloads/book_ros2_wrs/install/catkin/share/catkin/cmake/templates/setup.fish.in
[0.349s] -- Up-to-date: /home/mjlinux/Downloads/book_ros2_wrs/install/catkin/share/catkin/cmake/templates/script.bat.in
[0.349s] -- Up-to-date: /home/mjlinux/Downloads/book_ros2_wrs/install/catkin/share/catkin/cmake/templates/script.in
[0.349s] -- Up-to-date: /home/mjlinux/Downloads/book_ros2_wrs/install/catkin/share/catkin/cmake/templates/pkgConfig.cmake.in
[0.349s] -- Up-to-date: /home/mjlinux/Downloads/book_ros2_wrs/install/catkin/share/catkin/cmake/templates/script.py.in
[0.349s] -- Up-to-date: /home/mjlinux/Downloads/book_ros2_wrs/install/catkin/share/catkin/cmake/templates/script.sh.in
[0.349s] -- Up-to-date: /home/mjlinux/Downloads/book_ros2_wrs/install/catkin/share/catkin/cmake/templates/generate_cached_setup.py.in
[0.350s] -- Up-to-date: /home/mjlinux/Downloads/book_ros2_wrs/install/catkin/share/catkin/cmake/templates/order_packages.context.py.in
[0.350s] -- Up-to-date: /home/mjlinux/Downloads/book_ros2_wrs/install/catkin/share/catkin/cmake/templates/script.bash.in
[0.350s] -- Up-to-date: /home/mjlinux/Downloads/book_ros2_wrs/install/catkin/share/catkin/cmake/templates/env.bat.in
[0.350s] -- Up-to-date: /home/mjlinux/Downloads/book_ros2_wrs/install/catkin/share/catkin/cmake/templates/env-hook.context.py.in
[0.350s] -- Up-to-date: /home/mjlinux/Downloads/book_ros2_wrs/install/catkin/share/catkin/cmake/templates/setup.bat.in
[0.350s] -- Up-to-date: /home/mjlinux/Downloads/book_ros2_wrs/install/catkin/share/catkin/cmake/templates/__init__.py.in
[0.350s] -- Up-to-date: /home/mjlinux/Downloads/book_ros2_wrs/install/catkin/share/catkin/cmake/templates/local_setup.zsh.in
[0.350s] -- Up-to-date: /home/mjlinux/Downloads/book_ros2_wrs/install/catkin/share/catkin/cmake/templates/local_setup.fish.in
[0.350s] -- Up-to-date: /home/mjlinux/Downloads/book_ros2_wrs/install/catkin/share/catkin/cmake/platform
[0.350s] -- Up-to-date: /home/mjlinux/Downloads/book_ros2_wrs/install/catkin/share/catkin/cmake/platform/lsb.cmake
[0.350s] -- Up-to-date: /home/mjlinux/Downloads/book_ros2_wrs/install/catkin/share/catkin/cmake/platform/windows.cmake
[0.350s] -- Up-to-date: /home/mjlinux/Downloads/book_ros2_wrs/install/catkin/share/catkin/cmake/platform/ubuntu.cmake
[0.350s] -- Up-to-date: /home/mjlinux/Downloads/book_ros2_wrs/install/catkin/share/catkin/cmake/find_program_required.cmake
[0.350s] -- Up-to-date: /home/mjlinux/Downloads/book_ros2_wrs/install/catkin/share/catkin/cmake/catkin_package_xml.cmake
[0.350s] -- Up-to-date: /home/mjlinux/Downloads/book_ros2_wrs/install/catkin/share/catkin/cmake/catkin_package.cmake
[0.350s] -- Up-to-date: /home/mjlinux/Downloads/book_ros2_wrs/install/catkin/share/catkin/cmake/catkin_symlink_install.cmake
[0.350s] -- Up-to-date: /home/mjlinux/Downloads/book_ros2_wrs/install/catkin/share/catkin/cmake/catkin_install_python.cmake
[0.350s] -- Up-to-date: /home/mjlinux/Downloads/book_ros2_wrs/install/catkin/share/catkin/cmake/all.cmake
[0.350s] -- Up-to-date: /home/mjlinux/Downloads/book_ros2_wrs/install/catkin/share/catkin/cmake/catkin_add_env_hooks.cmake
[0.350s] -- Up-to-date: /home/mjlinux/Downloads/book_ros2_wrs/install/catkin/share/catkin/cmake/safe_execute_process.cmake
[0.350s] -- Up-to-date: /home/mjlinux/Downloads/book_ros2_wrs/install/catkin/share/catkin/cmake/order_paths.py
[0.350s] -- Up-to-date: /home/mjlinux/Downloads/book_ros2_wrs/install/catkin/share/catkin/cmake/parse_package_xml.py
[0.350s] -- Up-to-date: /home/mjlinux/Downloads/book_ros2_wrs/install/catkin/share/catkin/cmake/list_insert_in_workspace_order.cmake
[0.350s] -- Up-to-date: /home/mjlinux/Downloads/book_ros2_wrs/install/catkin/share/catkin/cmake/em_expand.cmake
[0.350s] -- Up-to-date: /home/mjlinux/Downloads/book_ros2_wrs/install/catkin/share/catkin/cmake/symlink_install
[0.350s] -- Up-to-date: /home/mjlinux/Downloads/book_ros2_wrs/install/catkin/share/catkin/cmake/symlink_install/catkin_symlink_install_programs.cmake
[0.350s] -- Up-to-date: /home/mjlinux/Downloads/book_ros2_wrs/install/catkin/share/catkin/cmake/symlink_install/install.cmake
[0.350s] -- Up-to-date: /home/mjlinux/Downloads/book_ros2_wrs/install/catkin/share/catkin/cmake/symlink_install/catkin_install_logic.cmake
[0.350s] -- Up-to-date: /home/mjlinux/Downloads/book_ros2_wrs/install/catkin/share/catkin/cmake/symlink_install/catkin_symlink_install_targets.cmake
[0.350s] -- Up-to-date: /home/mjlinux/Downloads/book_ros2_wrs/install/catkin/share/catkin/cmake/symlink_install/catkin_symlink_install.cmake.in
[0.350s] -- Up-to-date: /home/mjlinux/Downloads/book_ros2_wrs/install/catkin/share/catkin/cmake/symlink_install/catkin_symlink_install_files.cmake
[0.350s] -- Up-to-date: /home/mjlinux/Downloads/book_ros2_wrs/install/catkin/share/catkin/cmake/symlink_install/catkin_symlink_install_directory.cmake
[0.350s] -- Up-to-date: /home/mjlinux/Downloads/book_ros2_wrs/install/catkin/share/catkin/cmake/symlink_install/catkin_symlink_install_append_install_code.cmake
[0.350s] -- Up-to-date: /home/mjlinux/Downloads/book_ros2_wrs/install/catkin/share/catkin/cmake/catkin_python_setup.cmake
[0.350s] -- Up-to-date: /home/mjlinux/Downloads/book_ros2_wrs/install/catkin/share/catkin/cmake/shell.cmake
[0.350s] -- Up-to-date: /home/mjlinux/Downloads/book_ros2_wrs/install/catkin/share/catkin/cmake/catkin_destinations.cmake
[0.350s] -- Up-to-date: /home/mjlinux/Downloads/book_ros2_wrs/install/catkin/share/catkin/cmake/legacy.cmake
[0.351s] -- Up-to-date: /home/mjlinux/Downloads/book_ros2_wrs/install/catkin/share/catkin/cmake/python.cmake
[0.351s] -- Up-to-date: /home/mjlinux/Downloads/book_ros2_wrs/install/catkin/share/catkin/cmake/catkin_libraries.cmake
[0.351s] -- Up-to-date: /home/mjlinux/Downloads/book_ros2_wrs/install/catkin/share/catkin/cmake/catkin_generate_environment.cmake
[0.351s] + cd /home/mjlinux/Downloads/book_ros2_wrs/catkin
[0.351s] + mkdir -p /home/mjlinux/Downloads/book_ros2_wrs/install/catkin/lib/python3/dist-packages
[0.351s] + /usr/bin/env PYTHONPATH=/home/mjlinux/Downloads/book_ros2_wrs/install/catkin/lib/python3/dist-packages:/home/mjlinux/Downloads/book_ros2_wrs/build/catkin/lib/python3/dist-packages:/home/mjlinux/Downloads/book_ros2_wrs/install/vision_msgs/local/lib/python3.10/dist-packages:/home/mjlinux/Downloads/book_ros2_wrs/install/urdf_test/local/lib/python3.10/dist-packages:/home/mjlinux/Downloads/book_ros2_wrs/install/tiago_description/local/lib/python3.10/dist-packages:/home/mjlinux/Downloads/book_ros2_wrs/install/pmb2_description/local/lib/python3.10/dist-packages:/home/mjlinux/Downloads/book_ros2_wrs/build/launch_pal:/home/mjlinux/Downloads/book_ros2_wrs/install/launch_pal/lib/python3.10/site-packages:/home/mjlinux/Downloads/book_ros2_wrs/install/br2_tracking_msgs/local/lib/python3.10/dist-packages:/home/mjlinux/Downloads/book_ros2_wrs/build/br2_fsm_bumpgo_py:/home/mjlinux/Downloads/book_ros2_wrs/install/br2_fsm_bumpgo_py/lib/python3.10/site-packages:/opt/ros/humble/lib/python3.10/site-packages:/opt/ros/humble/local/lib/python3.10/dist-packages CATKIN_BINARY_DIR=/home/mjlinux/Downloads/book_ros2_wrs/build/catkin /usr/bin/python3 /home/mjlinux/Downloads/book_ros2_wrs/catkin/setup.py egg_info --egg-base /home/mjlinux/Downloads/book_ros2_wrs/build/catkin build --build-base /home/mjlinux/Downloads/book_ros2_wrs/build/catkin install --root=/ --install-layout=deb --prefix=/home/mjlinux/Downloads/book_ros2_wrs/install/catkin --install-scripts=/home/mjlinux/Downloads/book_ros2_wrs/install/catkin/bin
[0.525s] running egg_info
[0.526s] writing /home/mjlinux/Downloads/book_ros2_wrs/build/catkin/catkin.egg-info/PKG-INFO
[0.526s] writing dependency_links to /home/mjlinux/Downloads/book_ros2_wrs/build/catkin/catkin.egg-info/dependency_links.txt
[0.526s] writing top-level names to /home/mjlinux/Downloads/book_ros2_wrs/build/catkin/catkin.egg-info/top_level.txt
[0.528s] reading manifest file '/home/mjlinux/Downloads/book_ros2_wrs/build/catkin/catkin.egg-info/SOURCES.txt'
[0.528s] adding license file 'LICENSE'
[0.529s] writing manifest file '/home/mjlinux/Downloads/book_ros2_wrs/build/catkin/catkin.egg-info/SOURCES.txt'
[0.529s] running build
[0.529s] running build_py
[0.529s] running build_scripts
[0.529s] running install
[0.530s] /usr/lib/python3/dist-packages/setuptools/command/install.py:34: SetuptoolsDeprecationWarning: setup.py install is deprecated. Use build and pip and other standards-based tools.
[0.530s]   warnings.warn(
[0.530s] running install_lib
[0.531s] running install_egg_info
[0.532s] removing '/home/mjlinux/Downloads/book_ros2_wrs/install/catkin/lib/python3/dist-packages/catkin-0.8.10.egg-info' (and everything under it)
[0.532s] Copying /home/mjlinux/Downloads/book_ros2_wrs/build/catkin/catkin.egg-info to /home/mjlinux/Downloads/book_ros2_wrs/install/catkin/lib/python3/dist-packages/catkin-0.8.10.egg-info
[0.532s] Skipping SOURCES.txt
[0.532s] running install_scripts
[0.546s] changing mode of /home/mjlinux/Downloads/book_ros2_wrs/install/catkin/bin/catkin_topological_order to 775
[0.546s] changing mode of /home/mjlinux/Downloads/book_ros2_wrs/install/catkin/bin/catkin_find to 775
[0.546s] changing mode of /home/mjlinux/Downloads/book_ros2_wrs/install/catkin/bin/catkin_make_isolated to 775
[0.546s] changing mode of /home/mjlinux/Downloads/book_ros2_wrs/install/catkin/bin/catkin_test_results to 775
[0.546s] changing mode of /home/mjlinux/Downloads/book_ros2_wrs/install/catkin/bin/catkin_make to 775
[0.546s] changing mode of /home/mjlinux/Downloads/book_ros2_wrs/install/catkin/bin/catkin_init_workspace to 775
[0.572s] Invoked command in '/home/mjlinux/Downloads/book_ros2_wrs/build/catkin' returned '0': /usr/bin/cmake --install /home/mjlinux/Downloads/book_ros2_wrs/build/catkin
