[0.042s] Invoking command in '/home/mjlinux/Downloads/book_ros2_wrs/build/br2_tracking': AMENT_PREFIX_PATH=/home/mjlinux/Downloads/book_ros2_wrs/install/br2_tracking_msgs:${AMENT_PREFIX_PATH} CMAKE_PREFIX_PATH=/home/mjlinux/Downloads/book_ros2_wrs/install/br2_tracking_msgs:/opt/ros/humble LD_LIBRARY_PATH=/home/mjlinux/Downloads/book_ros2_wrs/install/br2_tracking_msgs/lib:${LD_LIBRARY_PATH} PYTHONPATH=/home/mjlinux/Downloads/book_ros2_wrs/install/br2_tracking_msgs/local/lib/python3.10/dist-packages:${PYTHONPATH} /usr/bin/cmake /home/mjlinux/Downloads/book_ros2_wrs/book_ros2/br2_tracking -DAMENT_CMAKE_SYMLINK_INSTALL=1 -DCMAKE_INSTALL_PREFIX=/home/mjlinux/Downloads/book_ros2_wrs/install/br2_tracking
[0.052s] -- Found ament_cmake: 1.3.5 (/opt/ros/humble/share/ament_cmake/cmake)
[0.169s] -- Override CMake install command with custom implementation using symlinks instead of copying resources
[0.174s] -- Found rclcpp: 16.0.5 (/opt/ros/humble/share/rclcpp/cmake)
[0.199s] -- Found rosidl_generator_c: 3.1.5 (/opt/ros/humble/share/rosidl_generator_c/cmake)
[0.227s] -- Found rosidl_adapter: 3.1.5 (/opt/ros/humble/share/rosidl_adapter/cmake)
[0.234s] -- Found rosidl_generator_cpp: 3.1.5 (/opt/ros/humble/share/rosidl_generator_cpp/cmake)
[0.261s] -- Using all available rosidl_typesupport_c: rosidl_typesupport_fastrtps_c;rosidl_typesupport_introspection_c
[0.274s] -- Using all available rosidl_typesupport_cpp: rosidl_typesupport_fastrtps_cpp;rosidl_typesupport_introspection_cpp
[0.332s] -- Found rmw_implementation_cmake: 6.1.1 (/opt/ros/humble/share/rmw_implementation_cmake/cmake)
[0.333s] -- Found rmw_fastrtps_cpp: 6.2.3 (/opt/ros/humble/share/rmw_fastrtps_cpp/cmake)
[0.468s] -- Using RMW implementation 'rmw_fastrtps_cpp' as default
[0.630s] -- Found rclcpp_lifecycle: 16.0.5 (/opt/ros/humble/share/rclcpp_lifecycle/cmake)
[0.678s] -- Found br2_tracking_msgs: 0.2.0 (/home/mjlinux/Downloads/book_ros2_wrs/install/br2_tracking_msgs/share/br2_tracking_msgs/cmake)
[0.705s] -- Found sensor_msgs: 4.2.3 (/opt/ros/humble/share/sensor_msgs/cmake)
[0.859s] [31mCMake Error at CMakeLists.txt:13 (find_package):
[0.859s]   By not providing "Findvision_msgs.cmake" in CMAKE_MODULE_PATH this project
[0.859s]   has asked CMake to find a package configuration file provided by
[0.859s]   "vision_msgs", but CMake did not find one.
[0.859s] 
[0.859s]   Could not find a package configuration file provided by "vision_msgs" with
[0.859s]   any of the following names:
[0.859s] 
[0.859s]     vision_msgsConfig.cmake
[0.859s]     vision_msgs-config.cmake
[0.859s] 
[0.859s]   Add the installation prefix of "vision_msgs" to CMAKE_PREFIX_PATH or set
[0.859s]   "vision_msgs_DIR" to a directory containing one of the above files.  If
[0.859s]   "vision_msgs" provides a separate development package or SDK, be sure it
[0.860s]   has been installed.
[0.860s] 
[0.860s] [0m
[0.860s] -- Configuring incomplete, errors occurred!
[0.860s] See also "/home/mjlinux/Downloads/book_ros2_wrs/build/br2_tracking/CMakeFiles/CMakeOutput.log".
[0.866s] Invoked command in '/home/mjlinux/Downloads/book_ros2_wrs/build/br2_tracking' returned '1': AMENT_PREFIX_PATH=/home/mjlinux/Downloads/book_ros2_wrs/install/br2_tracking_msgs:${AMENT_PREFIX_PATH} CMAKE_PREFIX_PATH=/home/mjlinux/Downloads/book_ros2_wrs/install/br2_tracking_msgs:/opt/ros/humble LD_LIBRARY_PATH=/home/mjlinux/Downloads/book_ros2_wrs/install/br2_tracking_msgs/lib:${LD_LIBRARY_PATH} PYTHONPATH=/home/mjlinux/Downloads/book_ros2_wrs/install/br2_tracking_msgs/local/lib/python3.10/dist-packages:${PYTHONPATH} /usr/bin/cmake /home/mjlinux/Downloads/book_ros2_wrs/book_ros2/br2_tracking -DAMENT_CMAKE_SYMLINK_INSTALL=1 -DCMAKE_INSTALL_PREFIX=/home/mjlinux/Downloads/book_ros2_wrs/install/br2_tracking
