[0.023s] Invoking command in '/home/mjlinux/Downloads/book_ros2_wrs/build/br2_bt_bumpgo': CMAKE_PREFIX_PATH=/opt/ros/humble /usr/bin/cmake --build /home/mjlinux/Downloads/book_ros2_wrs/build/br2_bt_bumpgo -- -j4 -l4
[0.102s] [ 11%] Built target br2_turn_bt_node
[0.112s] [ 22%] Built target br2_is_obstacle_bt_node
[0.113s] [ 33%] Built target br2_back_bt_node
[0.120s] [ 44%] Built target br2_forward_bt_node
[0.153s] [ 55%] Built target bt_bumpgo
[0.159s] [ 66%] Built target gtest
[0.164s] [ 77%] Built target bt_forward
[0.167s] [ 88%] Built target gtest_main
[0.189s] [100%] Built target bt_action_test
[0.200s] Invoked command in '/home/mjlinux/Downloads/book_ros2_wrs/build/br2_bt_bumpgo' returned '0': CMAKE_PREFIX_PATH=/opt/ros/humble /usr/bin/cmake --build /home/mjlinux/Downloads/book_ros2_wrs/build/br2_bt_bumpgo -- -j4 -l4
[0.259s] Invoking command in '/home/mjlinux/Downloads/book_ros2_wrs/build/br2_bt_bumpgo': CMAKE_PREFIX_PATH=/opt/ros/humble /usr/bin/cmake --install /home/mjlinux/Downloads/book_ros2_wrs/build/br2_bt_bumpgo
[0.270s] -- Install configuration: ""
[0.270s] -- Execute custom install script
[0.270s] -- Up-to-date symlink: /home/mjlinux/Downloads/book_ros2_wrs/install/br2_bt_bumpgo/lib/libbr2_forward_bt_node.so
[0.270s] -- Up-to-date symlink: /home/mjlinux/Downloads/book_ros2_wrs/install/br2_bt_bumpgo/lib/libbr2_back_bt_node.so
[0.270s] -- Up-to-date symlink: /home/mjlinux/Downloads/book_ros2_wrs/install/br2_bt_bumpgo/lib/libbr2_turn_bt_node.so
[0.270s] -- Up-to-date symlink: /home/mjlinux/Downloads/book_ros2_wrs/install/br2_bt_bumpgo/lib/libbr2_is_obstacle_bt_node.so
[0.270s] -- Up-to-date symlink: /home/mjlinux/Downloads/book_ros2_wrs/install/br2_bt_bumpgo/lib/br2_bt_bumpgo/bt_bumpgo
[0.270s] -- Up-to-date symlink: /home/mjlinux/Downloads/book_ros2_wrs/install/br2_bt_bumpgo/include//br2_bt_bumpgo/Back.hpp
[0.270s] -- Up-to-date symlink: /home/mjlinux/Downloads/book_ros2_wrs/install/br2_bt_bumpgo/include//br2_bt_bumpgo/Forward.hpp
[0.270s] -- Up-to-date symlink: /home/mjlinux/Downloads/book_ros2_wrs/install/br2_bt_bumpgo/include//br2_bt_bumpgo/IsObstacle.hpp
[0.270s] -- Up-to-date symlink: /home/mjlinux/Downloads/book_ros2_wrs/install/br2_bt_bumpgo/include//br2_bt_bumpgo/Turn.hpp
[0.270s] -- Up-to-date symlink: /home/mjlinux/Downloads/book_ros2_wrs/install/br2_bt_bumpgo/share/br2_bt_bumpgo/behavior_tree_xml/bumpgo.xml
[0.270s] -- Up-to-date symlink: /home/mjlinux/Downloads/book_ros2_wrs/install/br2_bt_bumpgo/lib/br2_bt_bumpgo/bt_forward
[0.270s] -- Up-to-date symlink: /home/mjlinux/Downloads/book_ros2_wrs/install/br2_bt_bumpgo/share/ament_index/resource_index/package_run_dependencies/br2_bt_bumpgo
[0.270s] -- Up-to-date symlink: /home/mjlinux/Downloads/book_ros2_wrs/install/br2_bt_bumpgo/share/ament_index/resource_index/parent_prefix_path/br2_bt_bumpgo
[0.270s] -- Up-to-date symlink: /home/mjlinux/Downloads/book_ros2_wrs/install/br2_bt_bumpgo/share/br2_bt_bumpgo/environment/ament_prefix_path.sh
[0.270s] -- Up-to-date symlink: /home/mjlinux/Downloads/book_ros2_wrs/install/br2_bt_bumpgo/share/br2_bt_bumpgo/environment/ament_prefix_path.dsv
[0.270s] -- Up-to-date symlink: /home/mjlinux/Downloads/book_ros2_wrs/install/br2_bt_bumpgo/share/br2_bt_bumpgo/environment/path.sh
[0.270s] -- Up-to-date symlink: /home/mjlinux/Downloads/book_ros2_wrs/install/br2_bt_bumpgo/share/br2_bt_bumpgo/environment/path.dsv
[0.270s] -- Up-to-date symlink: /home/mjlinux/Downloads/book_ros2_wrs/install/br2_bt_bumpgo/share/br2_bt_bumpgo/local_setup.bash
[0.270s] -- Up-to-date symlink: /home/mjlinux/Downloads/book_ros2_wrs/install/br2_bt_bumpgo/share/br2_bt_bumpgo/local_setup.sh
[0.270s] -- Up-to-date symlink: /home/mjlinux/Downloads/book_ros2_wrs/install/br2_bt_bumpgo/share/br2_bt_bumpgo/local_setup.zsh
[0.270s] -- Up-to-date symlink: /home/mjlinux/Downloads/book_ros2_wrs/install/br2_bt_bumpgo/share/br2_bt_bumpgo/local_setup.dsv
[0.270s] -- Symlinking: /home/mjlinux/Downloads/book_ros2_wrs/install/br2_bt_bumpgo/share/br2_bt_bumpgo/package.dsv
[0.277s] -- Up-to-date symlink: /home/mjlinux/Downloads/book_ros2_wrs/install/br2_bt_bumpgo/share/ament_index/resource_index/packages/br2_bt_bumpgo
[0.277s] -- Up-to-date symlink: /home/mjlinux/Downloads/book_ros2_wrs/install/br2_bt_bumpgo/share/br2_bt_bumpgo/cmake/ament_cmake_export_include_directories-extras.cmake
[0.277s] -- Up-to-date symlink: /home/mjlinux/Downloads/book_ros2_wrs/install/br2_bt_bumpgo/share/br2_bt_bumpgo/cmake/ament_cmake_export_dependencies-extras.cmake
[0.277s] -- Up-to-date symlink: /home/mjlinux/Downloads/book_ros2_wrs/install/br2_bt_bumpgo/share/br2_bt_bumpgo/cmake/br2_bt_bumpgoConfig.cmake
[0.277s] -- Up-to-date symlink: /home/mjlinux/Downloads/book_ros2_wrs/install/br2_bt_bumpgo/share/br2_bt_bumpgo/cmake/br2_bt_bumpgoConfig-version.cmake
[0.278s] -- Up-to-date symlink: /home/mjlinux/Downloads/book_ros2_wrs/install/br2_bt_bumpgo/share/br2_bt_bumpgo/package.xml
[0.280s] Invoked command in '/home/mjlinux/Downloads/book_ros2_wrs/build/br2_bt_bumpgo' returned '0': CMAKE_PREFIX_PATH=/opt/ros/humble /usr/bin/cmake --install /home/mjlinux/Downloads/book_ros2_wrs/build/br2_bt_bumpgo
