[0.033s] Invoking command in '/home/mjlinux/Downloads/book_ros2_wrs/build/vision_msgs': CMAKE_PREFIX_PATH=${CMAKE_PREFIX_PATH}:/home/mjlinux/Downloads/book_ros2_wrs/install/launch_pal:/home/mjlinux/Downloads/book_ros2_wrs/install/br2_fsm_bumpgo_py:/opt/ros/humble /usr/bin/cmake --build /home/mjlinux/Downloads/book_ros2_wrs/build/vision_msgs -- -j4 -l4
[0.124s] [35m[1mConsolidate compiler generated dependencies of target vision_msgs__rosidl_generator_c[0m
[0.127s] [35m[1mConsolidate compiler generated dependencies of target gtest_main[0m
[0.165s] [  0%] Built target ament_cmake_python_symlink_vision_msgs
[0.177s] [ 12%] Built target vision_msgs__rosidl_generator_c
[0.179s] [ 13%] Built target vision_msgs__cpp
[0.188s] [35m[1mConsolidate compiler generated dependencies of target gtest[0m
[0.189s] [ 14%] Built target gtest_main
[0.202s] [35m[1mConsolidate compiler generated dependencies of target vision_msgs__rosidl_typesupport_fastrtps_c[0m
[0.205s] [35m[1mConsolidate compiler generated dependencies of target vision_msgs__rosidl_typesupport_introspection_c[0m
[0.217s] [35m[1mConsolidate compiler generated dependencies of target vision_msgs__rosidl_typesupport_c[0m
[0.227s] [ 15%] Built target gtest
[0.255s] [ 26%] Built target vision_msgs__rosidl_typesupport_introspection_c
[0.255s] [ 48%] Built target vision_msgs__rosidl_typesupport_fastrtps_c
[0.257s] [ 48%] Built target vision_msgs__rosidl_typesupport_c
[0.266s] [35m[1mConsolidate compiler generated dependencies of target vision_msgs__rosidl_typesupport_introspection_cpp[0m
[0.278s] [35m[1mConsolidate compiler generated dependencies of target vision_msgs__rosidl_typesupport_cpp[0m
[0.299s] [35m[1mConsolidate compiler generated dependencies of target vision_msgs__rosidl_typesupport_fastrtps_cpp[0m
[0.317s] [ 59%] Built target vision_msgs__rosidl_typesupport_introspection_cpp
[0.338s] [ 71%] Built target vision_msgs__rosidl_typesupport_cpp
[0.360s] [ 82%] Built target vision_msgs__rosidl_typesupport_fastrtps_cpp
[0.394s] [ 82%] Built target vision_msgs
[0.420s] [35m[1mConsolidate compiler generated dependencies of target vision_msgs_test[0m
[0.435s] [ 82%] Built target vision_msgs__py
[0.438s] [ 84%] Built target vision_msgs_test
[0.465s] [35m[1mConsolidate compiler generated dependencies of target vision_msgs__rosidl_generator_py[0m
[0.473s] running egg_info
[0.480s] writing vision_msgs.egg-info/PKG-INFO
[0.481s] writing dependency_links to vision_msgs.egg-info/dependency_links.txt
[0.482s] writing top-level names to vision_msgs.egg-info/top_level.txt
[0.484s] reading manifest file 'vision_msgs.egg-info/SOURCES.txt'
[0.485s] writing manifest file 'vision_msgs.egg-info/SOURCES.txt'
[0.496s] [ 95%] Built target vision_msgs__rosidl_generator_py
[0.515s] [35m[1mConsolidate compiler generated dependencies of target vision_msgs__rosidl_typesupport_fastrtps_c__pyext[0m
[0.516s] [ 95%] Built target ament_cmake_python_build_vision_msgs_egg
[0.529s] [35m[1mConsolidate compiler generated dependencies of target vision_msgs__rosidl_typesupport_introspection_c__pyext[0m
[0.533s] [35m[1mConsolidate compiler generated dependencies of target vision_msgs__rosidl_typesupport_c__pyext[0m
[0.538s] [ 97%] Built target vision_msgs__rosidl_typesupport_fastrtps_c__pyext
[0.557s] [ 99%] Built target vision_msgs__rosidl_typesupport_introspection_c__pyext
[0.560s] [100%] Built target vision_msgs__rosidl_typesupport_c__pyext
[0.577s] Invoked command in '/home/mjlinux/Downloads/book_ros2_wrs/build/vision_msgs' returned '0': CMAKE_PREFIX_PATH=${CMAKE_PREFIX_PATH}:/home/mjlinux/Downloads/book_ros2_wrs/install/launch_pal:/home/mjlinux/Downloads/book_ros2_wrs/install/br2_fsm_bumpgo_py:/opt/ros/humble /usr/bin/cmake --build /home/mjlinux/Downloads/book_ros2_wrs/build/vision_msgs -- -j4 -l4
[1.164s] Invoking command in '/home/mjlinux/Downloads/book_ros2_wrs/build/vision_msgs': CMAKE_PREFIX_PATH=${CMAKE_PREFIX_PATH}:/home/mjlinux/Downloads/book_ros2_wrs/install/launch_pal:/home/mjlinux/Downloads/book_ros2_wrs/install/br2_fsm_bumpgo_py:/opt/ros/humble /usr/bin/cmake --install /home/mjlinux/Downloads/book_ros2_wrs/build/vision_msgs
[1.172s] -- Install configuration: ""
[1.179s] -- Execute custom install script
[1.179s] -- Up-to-date symlink: /home/mjlinux/Downloads/book_ros2_wrs/install/vision_msgs/share/ament_index/resource_index/rosidl_interfaces/vision_msgs
[1.179s] -- Up-to-date symlink: /home/mjlinux/Downloads/book_ros2_wrs/install/vision_msgs/include/vision_msgs/vision_msgs/msg/bounding_box2_d.h
[1.179s] -- Up-to-date symlink: /home/mjlinux/Downloads/book_ros2_wrs/install/vision_msgs/include/vision_msgs/vision_msgs/msg/bounding_box2_d_array.h
[1.179s] -- Up-to-date symlink: /home/mjlinux/Downloads/book_ros2_wrs/install/vision_msgs/include/vision_msgs/vision_msgs/msg/bounding_box3_d.h
[1.179s] -- Up-to-date symlink: /home/mjlinux/Downloads/book_ros2_wrs/install/vision_msgs/include/vision_msgs/vision_msgs/msg/bounding_box3_d_array.h
[1.179s] -- Up-to-date symlink: /home/mjlinux/Downloads/book_ros2_wrs/install/vision_msgs/include/vision_msgs/vision_msgs/msg/classification.h
[1.180s] -- Up-to-date symlink: /home/mjlinux/Downloads/book_ros2_wrs/install/vision_msgs/include/vision_msgs/vision_msgs/msg/detail/bounding_box2_d__functions.h
[1.180s] -- Up-to-date symlink: /home/mjlinux/Downloads/book_ros2_wrs/install/vision_msgs/include/vision_msgs/vision_msgs/msg/detail/bounding_box2_d__struct.h
[1.183s] -- Up-to-date symlink: /home/mjlinux/Downloads/book_ros2_wrs/install/vision_msgs/include/vision_msgs/vision_msgs/msg/detail/bounding_box2_d__type_support.h
[1.183s] -- Up-to-date symlink: /home/mjlinux/Downloads/book_ros2_wrs/install/vision_msgs/include/vision_msgs/vision_msgs/msg/detail/bounding_box2_d_array__functions.h
[1.184s] -- Up-to-date symlink: /home/mjlinux/Downloads/book_ros2_wrs/install/vision_msgs/include/vision_msgs/vision_msgs/msg/detail/bounding_box2_d_array__struct.h
[1.184s] -- Up-to-date symlink: /home/mjlinux/Downloads/book_ros2_wrs/install/vision_msgs/include/vision_msgs/vision_msgs/msg/detail/bounding_box2_d_array__type_support.h
[1.184s] -- Up-to-date symlink: /home/mjlinux/Downloads/book_ros2_wrs/install/vision_msgs/include/vision_msgs/vision_msgs/msg/detail/bounding_box3_d__functions.h
[1.184s] -- Up-to-date symlink: /home/mjlinux/Downloads/book_ros2_wrs/install/vision_msgs/include/vision_msgs/vision_msgs/msg/detail/bounding_box3_d__struct.h
[1.184s] -- Up-to-date symlink: /home/mjlinux/Downloads/book_ros2_wrs/install/vision_msgs/include/vision_msgs/vision_msgs/msg/detail/bounding_box3_d__type_support.h
[1.184s] -- Up-to-date symlink: /home/mjlinux/Downloads/book_ros2_wrs/install/vision_msgs/include/vision_msgs/vision_msgs/msg/detail/bounding_box3_d_array__functions.h
[1.184s] -- Up-to-date symlink: /home/mjlinux/Downloads/book_ros2_wrs/install/vision_msgs/include/vision_msgs/vision_msgs/msg/detail/bounding_box3_d_array__struct.h
[1.184s] -- Up-to-date symlink: /home/mjlinux/Downloads/book_ros2_wrs/install/vision_msgs/include/vision_msgs/vision_msgs/msg/detail/bounding_box3_d_array__type_support.h
[1.184s] -- Up-to-date symlink: /home/mjlinux/Downloads/book_ros2_wrs/install/vision_msgs/include/vision_msgs/vision_msgs/msg/detail/classification__functions.h
[1.184s] -- Up-to-date symlink: /home/mjlinux/Downloads/book_ros2_wrs/install/vision_msgs/include/vision_msgs/vision_msgs/msg/detail/classification__struct.h
[1.184s] -- Up-to-date symlink: /home/mjlinux/Downloads/book_ros2_wrs/install/vision_msgs/include/vision_msgs/vision_msgs/msg/detail/classification__type_support.h
[1.184s] -- Up-to-date symlink: /home/mjlinux/Downloads/book_ros2_wrs/install/vision_msgs/include/vision_msgs/vision_msgs/msg/detail/detection2_d__functions.h
[1.184s] -- Up-to-date symlink: /home/mjlinux/Downloads/book_ros2_wrs/install/vision_msgs/include/vision_msgs/vision_msgs/msg/detail/detection2_d__struct.h
[1.184s] -- Up-to-date symlink: /home/mjlinux/Downloads/book_ros2_wrs/install/vision_msgs/include/vision_msgs/vision_msgs/msg/detail/detection2_d__type_support.h
[1.184s] -- Up-to-date symlink: /home/mjlinux/Downloads/book_ros2_wrs/install/vision_msgs/include/vision_msgs/vision_msgs/msg/detail/detection2_d_array__functions.h
[1.184s] -- Up-to-date symlink: /home/mjlinux/Downloads/book_ros2_wrs/install/vision_msgs/include/vision_msgs/vision_msgs/msg/detail/detection2_d_array__struct.h
[1.184s] -- Up-to-date symlink: /home/mjlinux/Downloads/book_ros2_wrs/install/vision_msgs/include/vision_msgs/vision_msgs/msg/detail/detection2_d_array__type_support.h
[1.184s] -- Up-to-date symlink: /home/mjlinux/Downloads/book_ros2_wrs/install/vision_msgs/include/vision_msgs/vision_msgs/msg/detail/detection3_d__functions.h
[1.184s] -- Up-to-date symlink: /home/mjlinux/Downloads/book_ros2_wrs/install/vision_msgs/include/vision_msgs/vision_msgs/msg/detail/detection3_d__struct.h
[1.184s] -- Up-to-date symlink: /home/mjlinux/Downloads/book_ros2_wrs/install/vision_msgs/include/vision_msgs/vision_msgs/msg/detail/detection3_d__type_support.h
[1.184s] -- Up-to-date symlink: /home/mjlinux/Downloads/book_ros2_wrs/install/vision_msgs/include/vision_msgs/vision_msgs/msg/detail/detection3_d_array__functions.h
[1.184s] -- Up-to-date symlink: /home/mjlinux/Downloads/book_ros2_wrs/install/vision_msgs/include/vision_msgs/vision_msgs/msg/detail/detection3_d_array__struct.h
[1.184s] -- Up-to-date symlink: /home/mjlinux/Downloads/book_ros2_wrs/install/vision_msgs/include/vision_msgs/vision_msgs/msg/detail/detection3_d_array__type_support.h
[1.184s] -- Up-to-date symlink: /home/mjlinux/Downloads/book_ros2_wrs/install/vision_msgs/include/vision_msgs/vision_msgs/msg/detail/label_info__functions.h
[1.184s] -- Up-to-date symlink: /home/mjlinux/Downloads/book_ros2_wrs/install/vision_msgs/include/vision_msgs/vision_msgs/msg/detail/label_info__struct.h
[1.184s] -- Up-to-date symlink: /home/mjlinux/Downloads/book_ros2_wrs/install/vision_msgs/include/vision_msgs/vision_msgs/msg/detail/label_info__type_support.h
[1.184s] -- Up-to-date symlink: /home/mjlinux/Downloads/book_ros2_wrs/install/vision_msgs/include/vision_msgs/vision_msgs/msg/detail/object_hypothesis__functions.h
[1.184s] -- Up-to-date symlink: /home/mjlinux/Downloads/book_ros2_wrs/install/vision_msgs/include/vision_msgs/vision_msgs/msg/detail/object_hypothesis__struct.h
[1.184s] -- Up-to-date symlink: /home/mjlinux/Downloads/book_ros2_wrs/install/vision_msgs/include/vision_msgs/vision_msgs/msg/detail/object_hypothesis__type_support.h
[1.184s] -- Up-to-date symlink: /home/mjlinux/Downloads/book_ros2_wrs/install/vision_msgs/include/vision_msgs/vision_msgs/msg/detail/object_hypothesis_with_pose__functions.h
[1.184s] -- Up-to-date symlink: /home/mjlinux/Downloads/book_ros2_wrs/install/vision_msgs/include/vision_msgs/vision_msgs/msg/detail/object_hypothesis_with_pose__struct.h
[1.185s] -- Up-to-date symlink: /home/mjlinux/Downloads/book_ros2_wrs/install/vision_msgs/include/vision_msgs/vision_msgs/msg/detail/object_hypothesis_with_pose__type_support.h
[1.185s] -- Up-to-date symlink: /home/mjlinux/Downloads/book_ros2_wrs/install/vision_msgs/include/vision_msgs/vision_msgs/msg/detail/point2_d__functions.h
[1.186s] -- Up-to-date symlink: /home/mjlinux/Downloads/book_ros2_wrs/install/vision_msgs/include/vision_msgs/vision_msgs/msg/detail/point2_d__struct.h
[1.186s] -- Up-to-date symlink: /home/mjlinux/Downloads/book_ros2_wrs/install/vision_msgs/include/vision_msgs/vision_msgs/msg/detail/point2_d__type_support.h
[1.186s] -- Up-to-date symlink: /home/mjlinux/Downloads/book_ros2_wrs/install/vision_msgs/include/vision_msgs/vision_msgs/msg/detail/pose2_d__functions.h
[1.186s] -- Up-to-date symlink: /home/mjlinux/Downloads/book_ros2_wrs/install/vision_msgs/include/vision_msgs/vision_msgs/msg/detail/pose2_d__struct.h
[1.187s] -- Up-to-date symlink: /home/mjlinux/Downloads/book_ros2_wrs/install/vision_msgs/include/vision_msgs/vision_msgs/msg/detail/pose2_d__type_support.h
[1.187s] -- Up-to-date symlink: /home/mjlinux/Downloads/book_ros2_wrs/install/vision_msgs/include/vision_msgs/vision_msgs/msg/detail/vision_class__functions.h
[1.187s] -- Up-to-date symlink: /home/mjlinux/Downloads/book_ros2_wrs/install/vision_msgs/include/vision_msgs/vision_msgs/msg/detail/vision_class__struct.h
[1.187s] -- Up-to-date symlink: /home/mjlinux/Downloads/book_ros2_wrs/install/vision_msgs/include/vision_msgs/vision_msgs/msg/detail/vision_class__type_support.h
[1.187s] -- Up-to-date symlink: /home/mjlinux/Downloads/book_ros2_wrs/install/vision_msgs/include/vision_msgs/vision_msgs/msg/detail/vision_info__functions.h
[1.187s] -- Up-to-date symlink: /home/mjlinux/Downloads/book_ros2_wrs/install/vision_msgs/include/vision_msgs/vision_msgs/msg/detail/vision_info__struct.h
[1.188s] -- Up-to-date symlink: /home/mjlinux/Downloads/book_ros2_wrs/install/vision_msgs/include/vision_msgs/vision_msgs/msg/detail/vision_info__type_support.h
[1.188s] -- Up-to-date symlink: /home/mjlinux/Downloads/book_ros2_wrs/install/vision_msgs/include/vision_msgs/vision_msgs/msg/detection2_d.h
[1.188s] -- Up-to-date symlink: /home/mjlinux/Downloads/book_ros2_wrs/install/vision_msgs/include/vision_msgs/vision_msgs/msg/detection2_d_array.h
[1.188s] -- Up-to-date symlink: /home/mjlinux/Downloads/book_ros2_wrs/install/vision_msgs/include/vision_msgs/vision_msgs/msg/detection3_d.h
[1.188s] -- Up-to-date symlink: /home/mjlinux/Downloads/book_ros2_wrs/install/vision_msgs/include/vision_msgs/vision_msgs/msg/detection3_d_array.h
[1.188s] -- Up-to-date symlink: /home/mjlinux/Downloads/book_ros2_wrs/install/vision_msgs/include/vision_msgs/vision_msgs/msg/label_info.h
[1.188s] -- Up-to-date symlink: /home/mjlinux/Downloads/book_ros2_wrs/install/vision_msgs/include/vision_msgs/vision_msgs/msg/object_hypothesis.h
[1.188s] -- Up-to-date symlink: /home/mjlinux/Downloads/book_ros2_wrs/install/vision_msgs/include/vision_msgs/vision_msgs/msg/object_hypothesis_with_pose.h
[1.189s] -- Up-to-date symlink: /home/mjlinux/Downloads/book_ros2_wrs/install/vision_msgs/include/vision_msgs/vision_msgs/msg/point2_d.h
[1.189s] -- Up-to-date symlink: /home/mjlinux/Downloads/book_ros2_wrs/install/vision_msgs/include/vision_msgs/vision_msgs/msg/pose2_d.h
[1.189s] -- Up-to-date symlink: /home/mjlinux/Downloads/book_ros2_wrs/install/vision_msgs/include/vision_msgs/vision_msgs/msg/rosidl_generator_c__visibility_control.h
[1.189s] -- Up-to-date symlink: /home/mjlinux/Downloads/book_ros2_wrs/install/vision_msgs/include/vision_msgs/vision_msgs/msg/vision_class.h
[1.189s] -- Up-to-date symlink: /home/mjlinux/Downloads/book_ros2_wrs/install/vision_msgs/include/vision_msgs/vision_msgs/msg/vision_info.h
[1.189s] -- Up-to-date symlink: /home/mjlinux/Downloads/book_ros2_wrs/install/vision_msgs/share/vision_msgs/environment/library_path.sh
[1.189s] -- Up-to-date symlink: /home/mjlinux/Downloads/book_ros2_wrs/install/vision_msgs/share/vision_msgs/environment/library_path.dsv
[1.190s] -- Up-to-date symlink: /home/mjlinux/Downloads/book_ros2_wrs/install/vision_msgs/include/vision_msgs/vision_msgs/msg/detail/bounding_box2_d__rosidl_typesupport_fastrtps_c.h
[1.190s] -- Up-to-date symlink: /home/mjlinux/Downloads/book_ros2_wrs/install/vision_msgs/include/vision_msgs/vision_msgs/msg/detail/bounding_box2_d_array__rosidl_typesupport_fastrtps_c.h
[1.190s] -- Up-to-date symlink: /home/mjlinux/Downloads/book_ros2_wrs/install/vision_msgs/include/vision_msgs/vision_msgs/msg/detail/bounding_box3_d__rosidl_typesupport_fastrtps_c.h
[1.191s] -- Up-to-date symlink: /home/mjlinux/Downloads/book_ros2_wrs/install/vision_msgs/include/vision_msgs/vision_msgs/msg/detail/bounding_box3_d_array__rosidl_typesupport_fastrtps_c.h
[1.191s] -- Up-to-date symlink: /home/mjlinux/Downloads/book_ros2_wrs/install/vision_msgs/include/vision_msgs/vision_msgs/msg/detail/classification__rosidl_typesupport_fastrtps_c.h
[1.191s] -- Up-to-date symlink: /home/mjlinux/Downloads/book_ros2_wrs/install/vision_msgs/include/vision_msgs/vision_msgs/msg/detail/detection2_d__rosidl_typesupport_fastrtps_c.h
[1.191s] -- Up-to-date symlink: /home/mjlinux/Downloads/book_ros2_wrs/install/vision_msgs/include/vision_msgs/vision_msgs/msg/detail/detection2_d_array__rosidl_typesupport_fastrtps_c.h
[1.191s] -- Up-to-date symlink: /home/mjlinux/Downloads/book_ros2_wrs/install/vision_msgs/include/vision_msgs/vision_msgs/msg/detail/detection3_d__rosidl_typesupport_fastrtps_c.h
[1.191s] -- Up-to-date symlink: /home/mjlinux/Downloads/book_ros2_wrs/install/vision_msgs/include/vision_msgs/vision_msgs/msg/detail/detection3_d_array__rosidl_typesupport_fastrtps_c.h
[1.191s] -- Up-to-date symlink: /home/mjlinux/Downloads/book_ros2_wrs/install/vision_msgs/include/vision_msgs/vision_msgs/msg/detail/label_info__rosidl_typesupport_fastrtps_c.h
[1.191s] -- Up-to-date symlink: /home/mjlinux/Downloads/book_ros2_wrs/install/vision_msgs/include/vision_msgs/vision_msgs/msg/detail/object_hypothesis__rosidl_typesupport_fastrtps_c.h
[1.192s] -- Up-to-date symlink: /home/mjlinux/Downloads/book_ros2_wrs/install/vision_msgs/include/vision_msgs/vision_msgs/msg/detail/object_hypothesis_with_pose__rosidl_typesupport_fastrtps_c.h
[1.192s] -- Up-to-date symlink: /home/mjlinux/Downloads/book_ros2_wrs/install/vision_msgs/include/vision_msgs/vision_msgs/msg/detail/point2_d__rosidl_typesupport_fastrtps_c.h
[1.192s] -- Up-to-date symlink: /home/mjlinux/Downloads/book_ros2_wrs/install/vision_msgs/include/vision_msgs/vision_msgs/msg/detail/pose2_d__rosidl_typesupport_fastrtps_c.h
[1.192s] -- Up-to-date symlink: /home/mjlinux/Downloads/book_ros2_wrs/install/vision_msgs/include/vision_msgs/vision_msgs/msg/detail/vision_class__rosidl_typesupport_fastrtps_c.h
[1.192s] -- Up-to-date symlink: /home/mjlinux/Downloads/book_ros2_wrs/install/vision_msgs/include/vision_msgs/vision_msgs/msg/detail/vision_info__rosidl_typesupport_fastrtps_c.h
[1.192s] -- Up-to-date symlink: /home/mjlinux/Downloads/book_ros2_wrs/install/vision_msgs/include/vision_msgs/vision_msgs/msg/rosidl_typesupport_fastrtps_c__visibility_control.h
[1.193s] -- Up-to-date symlink: /home/mjlinux/Downloads/book_ros2_wrs/install/vision_msgs/include/vision_msgs/vision_msgs/msg/bounding_box2_d.hpp
[1.193s] -- Up-to-date symlink: /home/mjlinux/Downloads/book_ros2_wrs/install/vision_msgs/include/vision_msgs/vision_msgs/msg/bounding_box2_d_array.hpp
[1.193s] -- Up-to-date symlink: /home/mjlinux/Downloads/book_ros2_wrs/install/vision_msgs/include/vision_msgs/vision_msgs/msg/bounding_box3_d.hpp
[1.193s] -- Up-to-date symlink: /home/mjlinux/Downloads/book_ros2_wrs/install/vision_msgs/include/vision_msgs/vision_msgs/msg/bounding_box3_d_array.hpp
[1.194s] -- Up-to-date symlink: /home/mjlinux/Downloads/book_ros2_wrs/install/vision_msgs/include/vision_msgs/vision_msgs/msg/classification.hpp
[1.194s] -- Up-to-date symlink: /home/mjlinux/Downloads/book_ros2_wrs/install/vision_msgs/include/vision_msgs/vision_msgs/msg/detail/bounding_box2_d__builder.hpp
[1.194s] -- Up-to-date symlink: /home/mjlinux/Downloads/book_ros2_wrs/install/vision_msgs/include/vision_msgs/vision_msgs/msg/detail/bounding_box2_d__struct.hpp
[1.194s] -- Up-to-date symlink: /home/mjlinux/Downloads/book_ros2_wrs/install/vision_msgs/include/vision_msgs/vision_msgs/msg/detail/bounding_box2_d__traits.hpp
[1.195s] -- Up-to-date symlink: /home/mjlinux/Downloads/book_ros2_wrs/install/vision_msgs/include/vision_msgs/vision_msgs/msg/detail/bounding_box2_d_array__builder.hpp
[1.195s] -- Up-to-date symlink: /home/mjlinux/Downloads/book_ros2_wrs/install/vision_msgs/include/vision_msgs/vision_msgs/msg/detail/bounding_box2_d_array__struct.hpp
[1.195s] -- Up-to-date symlink: /home/mjlinux/Downloads/book_ros2_wrs/install/vision_msgs/include/vision_msgs/vision_msgs/msg/detail/bounding_box2_d_array__traits.hpp
[1.195s] -- Up-to-date symlink: /home/mjlinux/Downloads/book_ros2_wrs/install/vision_msgs/include/vision_msgs/vision_msgs/msg/detail/bounding_box3_d__builder.hpp
[1.195s] -- Up-to-date symlink: /home/mjlinux/Downloads/book_ros2_wrs/install/vision_msgs/include/vision_msgs/vision_msgs/msg/detail/bounding_box3_d__struct.hpp
[1.196s] -- Up-to-date symlink: /home/mjlinux/Downloads/book_ros2_wrs/install/vision_msgs/include/vision_msgs/vision_msgs/msg/detail/bounding_box3_d__traits.hpp
[1.196s] -- Up-to-date symlink: /home/mjlinux/Downloads/book_ros2_wrs/install/vision_msgs/include/vision_msgs/vision_msgs/msg/detail/bounding_box3_d_array__builder.hpp
[1.196s] -- Up-to-date symlink: /home/mjlinux/Downloads/book_ros2_wrs/install/vision_msgs/include/vision_msgs/vision_msgs/msg/detail/bounding_box3_d_array__struct.hpp
[1.197s] -- Up-to-date symlink: /home/mjlinux/Downloads/book_ros2_wrs/install/vision_msgs/include/vision_msgs/vision_msgs/msg/detail/bounding_box3_d_array__traits.hpp
[1.197s] -- Up-to-date symlink: /home/mjlinux/Downloads/book_ros2_wrs/install/vision_msgs/include/vision_msgs/vision_msgs/msg/detail/classification__builder.hpp
[1.197s] -- Up-to-date symlink: /home/mjlinux/Downloads/book_ros2_wrs/install/vision_msgs/include/vision_msgs/vision_msgs/msg/detail/classification__struct.hpp
[1.197s] -- Up-to-date symlink: /home/mjlinux/Downloads/book_ros2_wrs/install/vision_msgs/include/vision_msgs/vision_msgs/msg/detail/classification__traits.hpp
[1.197s] -- Up-to-date symlink: /home/mjlinux/Downloads/book_ros2_wrs/install/vision_msgs/include/vision_msgs/vision_msgs/msg/detail/detection2_d__builder.hpp
[1.197s] -- Up-to-date symlink: /home/mjlinux/Downloads/book_ros2_wrs/install/vision_msgs/include/vision_msgs/vision_msgs/msg/detail/detection2_d__struct.hpp
[1.198s] -- Up-to-date symlink: /home/mjlinux/Downloads/book_ros2_wrs/install/vision_msgs/include/vision_msgs/vision_msgs/msg/detail/detection2_d__traits.hpp
[1.198s] -- Up-to-date symlink: /home/mjlinux/Downloads/book_ros2_wrs/install/vision_msgs/include/vision_msgs/vision_msgs/msg/detail/detection2_d_array__builder.hpp
[1.198s] -- Up-to-date symlink: /home/mjlinux/Downloads/book_ros2_wrs/install/vision_msgs/include/vision_msgs/vision_msgs/msg/detail/detection2_d_array__struct.hpp
[1.198s] -- Up-to-date symlink: /home/mjlinux/Downloads/book_ros2_wrs/install/vision_msgs/include/vision_msgs/vision_msgs/msg/detail/detection2_d_array__traits.hpp
[1.198s] -- Up-to-date symlink: /home/mjlinux/Downloads/book_ros2_wrs/install/vision_msgs/include/vision_msgs/vision_msgs/msg/detail/detection3_d__builder.hpp
[1.198s] -- Up-to-date symlink: /home/mjlinux/Downloads/book_ros2_wrs/install/vision_msgs/include/vision_msgs/vision_msgs/msg/detail/detection3_d__struct.hpp
[1.198s] -- Up-to-date symlink: /home/mjlinux/Downloads/book_ros2_wrs/install/vision_msgs/include/vision_msgs/vision_msgs/msg/detail/detection3_d__traits.hpp
[1.199s] -- Up-to-date symlink: /home/mjlinux/Downloads/book_ros2_wrs/install/vision_msgs/include/vision_msgs/vision_msgs/msg/detail/detection3_d_array__builder.hpp
[1.199s] -- Up-to-date symlink: /home/mjlinux/Downloads/book_ros2_wrs/install/vision_msgs/include/vision_msgs/vision_msgs/msg/detail/detection3_d_array__struct.hpp
[1.199s] -- Up-to-date symlink: /home/mjlinux/Downloads/book_ros2_wrs/install/vision_msgs/include/vision_msgs/vision_msgs/msg/detail/detection3_d_array__traits.hpp
[1.199s] -- Up-to-date symlink: /home/mjlinux/Downloads/book_ros2_wrs/install/vision_msgs/include/vision_msgs/vision_msgs/msg/detail/label_info__builder.hpp
[1.199s] -- Up-to-date symlink: /home/mjlinux/Downloads/book_ros2_wrs/install/vision_msgs/include/vision_msgs/vision_msgs/msg/detail/label_info__struct.hpp
[1.199s] -- Up-to-date symlink: /home/mjlinux/Downloads/book_ros2_wrs/install/vision_msgs/include/vision_msgs/vision_msgs/msg/detail/label_info__traits.hpp
[1.199s] -- Up-to-date symlink: /home/mjlinux/Downloads/book_ros2_wrs/install/vision_msgs/include/vision_msgs/vision_msgs/msg/detail/object_hypothesis__builder.hpp
[1.200s] -- Up-to-date symlink: /home/mjlinux/Downloads/book_ros2_wrs/install/vision_msgs/include/vision_msgs/vision_msgs/msg/detail/object_hypothesis__struct.hpp
[1.200s] -- Up-to-date symlink: /home/mjlinux/Downloads/book_ros2_wrs/install/vision_msgs/include/vision_msgs/vision_msgs/msg/detail/object_hypothesis__traits.hpp
[1.200s] -- Up-to-date symlink: /home/mjlinux/Downloads/book_ros2_wrs/install/vision_msgs/include/vision_msgs/vision_msgs/msg/detail/object_hypothesis_with_pose__builder.hpp
[1.200s] -- Up-to-date symlink: /home/mjlinux/Downloads/book_ros2_wrs/install/vision_msgs/include/vision_msgs/vision_msgs/msg/detail/object_hypothesis_with_pose__struct.hpp
[1.200s] -- Up-to-date symlink: /home/mjlinux/Downloads/book_ros2_wrs/install/vision_msgs/include/vision_msgs/vision_msgs/msg/detail/object_hypothesis_with_pose__traits.hpp
[1.200s] -- Up-to-date symlink: /home/mjlinux/Downloads/book_ros2_wrs/install/vision_msgs/include/vision_msgs/vision_msgs/msg/detail/point2_d__builder.hpp
[1.200s] -- Up-to-date symlink: /home/mjlinux/Downloads/book_ros2_wrs/install/vision_msgs/include/vision_msgs/vision_msgs/msg/detail/point2_d__struct.hpp
[1.200s] -- Up-to-date symlink: /home/mjlinux/Downloads/book_ros2_wrs/install/vision_msgs/include/vision_msgs/vision_msgs/msg/detail/point2_d__traits.hpp
[1.201s] -- Up-to-date symlink: /home/mjlinux/Downloads/book_ros2_wrs/install/vision_msgs/include/vision_msgs/vision_msgs/msg/detail/pose2_d__builder.hpp
[1.201s] -- Up-to-date symlink: /home/mjlinux/Downloads/book_ros2_wrs/install/vision_msgs/include/vision_msgs/vision_msgs/msg/detail/pose2_d__struct.hpp
[1.201s] -- Up-to-date symlink: /home/mjlinux/Downloads/book_ros2_wrs/install/vision_msgs/include/vision_msgs/vision_msgs/msg/detail/pose2_d__traits.hpp
[1.201s] -- Up-to-date symlink: /home/mjlinux/Downloads/book_ros2_wrs/install/vision_msgs/include/vision_msgs/vision_msgs/msg/detail/vision_class__builder.hpp
[1.201s] -- Up-to-date symlink: /home/mjlinux/Downloads/book_ros2_wrs/install/vision_msgs/include/vision_msgs/vision_msgs/msg/detail/vision_class__struct.hpp
[1.201s] -- Up-to-date symlink: /home/mjlinux/Downloads/book_ros2_wrs/install/vision_msgs/include/vision_msgs/vision_msgs/msg/detail/vision_class__traits.hpp
[1.201s] -- Up-to-date symlink: /home/mjlinux/Downloads/book_ros2_wrs/install/vision_msgs/include/vision_msgs/vision_msgs/msg/detail/vision_info__builder.hpp
[1.202s] -- Up-to-date symlink: /home/mjlinux/Downloads/book_ros2_wrs/install/vision_msgs/include/vision_msgs/vision_msgs/msg/detail/vision_info__struct.hpp
[1.202s] -- Up-to-date symlink: /home/mjlinux/Downloads/book_ros2_wrs/install/vision_msgs/include/vision_msgs/vision_msgs/msg/detail/vision_info__traits.hpp
[1.202s] -- Up-to-date symlink: /home/mjlinux/Downloads/book_ros2_wrs/install/vision_msgs/include/vision_msgs/vision_msgs/msg/detection2_d.hpp
[1.202s] -- Up-to-date symlink: /home/mjlinux/Downloads/book_ros2_wrs/install/vision_msgs/include/vision_msgs/vision_msgs/msg/detection2_d_array.hpp
[1.202s] -- Up-to-date symlink: /home/mjlinux/Downloads/book_ros2_wrs/install/vision_msgs/include/vision_msgs/vision_msgs/msg/detection3_d.hpp
[1.203s] -- Up-to-date symlink: /home/mjlinux/Downloads/book_ros2_wrs/install/vision_msgs/include/vision_msgs/vision_msgs/msg/detection3_d_array.hpp
[1.203s] -- Up-to-date symlink: /home/mjlinux/Downloads/book_ros2_wrs/install/vision_msgs/include/vision_msgs/vision_msgs/msg/label_info.hpp
[1.203s] -- Up-to-date symlink: /home/mjlinux/Downloads/book_ros2_wrs/install/vision_msgs/include/vision_msgs/vision_msgs/msg/object_hypothesis.hpp
[1.203s] -- Up-to-date symlink: /home/mjlinux/Downloads/book_ros2_wrs/install/vision_msgs/include/vision_msgs/vision_msgs/msg/object_hypothesis_with_pose.hpp
[1.203s] -- Up-to-date symlink: /home/mjlinux/Downloads/book_ros2_wrs/install/vision_msgs/include/vision_msgs/vision_msgs/msg/point2_d.hpp
[1.203s] -- Up-to-date symlink: /home/mjlinux/Downloads/book_ros2_wrs/install/vision_msgs/include/vision_msgs/vision_msgs/msg/pose2_d.hpp
[1.203s] -- Up-to-date symlink: /home/mjlinux/Downloads/book_ros2_wrs/install/vision_msgs/include/vision_msgs/vision_msgs/msg/vision_class.hpp
[1.203s] -- Up-to-date symlink: /home/mjlinux/Downloads/book_ros2_wrs/install/vision_msgs/include/vision_msgs/vision_msgs/msg/vision_info.hpp
[1.204s] -- Up-to-date symlink: /home/mjlinux/Downloads/book_ros2_wrs/install/vision_msgs/include/vision_msgs/vision_msgs/msg/detail/bounding_box2_d__rosidl_typesupport_fastrtps_cpp.hpp
[1.204s] -- Up-to-date symlink: /home/mjlinux/Downloads/book_ros2_wrs/install/vision_msgs/include/vision_msgs/vision_msgs/msg/detail/bounding_box2_d_array__rosidl_typesupport_fastrtps_cpp.hpp
[1.204s] -- Up-to-date symlink: /home/mjlinux/Downloads/book_ros2_wrs/install/vision_msgs/include/vision_msgs/vision_msgs/msg/detail/bounding_box3_d__rosidl_typesupport_fastrtps_cpp.hpp
[1.204s] -- Up-to-date symlink: /home/mjlinux/Downloads/book_ros2_wrs/install/vision_msgs/include/vision_msgs/vision_msgs/msg/detail/bounding_box3_d_array__rosidl_typesupport_fastrtps_cpp.hpp
[1.204s] -- Up-to-date symlink: /home/mjlinux/Downloads/book_ros2_wrs/install/vision_msgs/include/vision_msgs/vision_msgs/msg/detail/classification__rosidl_typesupport_fastrtps_cpp.hpp
[1.205s] -- Up-to-date symlink: /home/mjlinux/Downloads/book_ros2_wrs/install/vision_msgs/include/vision_msgs/vision_msgs/msg/detail/detection2_d__rosidl_typesupport_fastrtps_cpp.hpp
[1.205s] -- Up-to-date symlink: /home/mjlinux/Downloads/book_ros2_wrs/install/vision_msgs/include/vision_msgs/vision_msgs/msg/detail/detection2_d_array__rosidl_typesupport_fastrtps_cpp.hpp
[1.205s] -- Up-to-date symlink: /home/mjlinux/Downloads/book_ros2_wrs/install/vision_msgs/include/vision_msgs/vision_msgs/msg/detail/detection3_d__rosidl_typesupport_fastrtps_cpp.hpp
[1.205s] -- Up-to-date symlink: /home/mjlinux/Downloads/book_ros2_wrs/install/vision_msgs/include/vision_msgs/vision_msgs/msg/detail/detection3_d_array__rosidl_typesupport_fastrtps_cpp.hpp
[1.205s] -- Up-to-date symlink: /home/mjlinux/Downloads/book_ros2_wrs/install/vision_msgs/include/vision_msgs/vision_msgs/msg/detail/label_info__rosidl_typesupport_fastrtps_cpp.hpp
[1.205s] -- Up-to-date symlink: /home/mjlinux/Downloads/book_ros2_wrs/install/vision_msgs/include/vision_msgs/vision_msgs/msg/detail/object_hypothesis__rosidl_typesupport_fastrtps_cpp.hpp
[1.206s] -- Up-to-date symlink: /home/mjlinux/Downloads/book_ros2_wrs/install/vision_msgs/include/vision_msgs/vision_msgs/msg/detail/object_hypothesis_with_pose__rosidl_typesupport_fastrtps_cpp.hpp
[1.206s] -- Up-to-date symlink: /home/mjlinux/Downloads/book_ros2_wrs/install/vision_msgs/include/vision_msgs/vision_msgs/msg/detail/point2_d__rosidl_typesupport_fastrtps_cpp.hpp
[1.206s] -- Up-to-date symlink: /home/mjlinux/Downloads/book_ros2_wrs/install/vision_msgs/include/vision_msgs/vision_msgs/msg/detail/pose2_d__rosidl_typesupport_fastrtps_cpp.hpp
[1.206s] -- Up-to-date symlink: /home/mjlinux/Downloads/book_ros2_wrs/install/vision_msgs/include/vision_msgs/vision_msgs/msg/detail/vision_class__rosidl_typesupport_fastrtps_cpp.hpp
[1.206s] -- Up-to-date symlink: /home/mjlinux/Downloads/book_ros2_wrs/install/vision_msgs/include/vision_msgs/vision_msgs/msg/detail/vision_info__rosidl_typesupport_fastrtps_cpp.hpp
[1.206s] -- Up-to-date symlink: /home/mjlinux/Downloads/book_ros2_wrs/install/vision_msgs/include/vision_msgs/vision_msgs/msg/rosidl_typesupport_fastrtps_cpp__visibility_control.h
[1.207s] -- Up-to-date symlink: /home/mjlinux/Downloads/book_ros2_wrs/install/vision_msgs/include/vision_msgs/vision_msgs/msg/detail/bounding_box2_d__rosidl_typesupport_introspection_c.h
[1.207s] -- Up-to-date symlink: /home/mjlinux/Downloads/book_ros2_wrs/install/vision_msgs/include/vision_msgs/vision_msgs/msg/detail/bounding_box2_d_array__rosidl_typesupport_introspection_c.h
[1.207s] -- Up-to-date symlink: /home/mjlinux/Downloads/book_ros2_wrs/install/vision_msgs/include/vision_msgs/vision_msgs/msg/detail/bounding_box3_d__rosidl_typesupport_introspection_c.h
[1.207s] -- Up-to-date symlink: /home/mjlinux/Downloads/book_ros2_wrs/install/vision_msgs/include/vision_msgs/vision_msgs/msg/detail/bounding_box3_d_array__rosidl_typesupport_introspection_c.h
[1.207s] -- Up-to-date symlink: /home/mjlinux/Downloads/book_ros2_wrs/install/vision_msgs/include/vision_msgs/vision_msgs/msg/detail/classification__rosidl_typesupport_introspection_c.h
[1.208s] -- Up-to-date symlink: /home/mjlinux/Downloads/book_ros2_wrs/install/vision_msgs/include/vision_msgs/vision_msgs/msg/detail/detection2_d__rosidl_typesupport_introspection_c.h
[1.208s] -- Up-to-date symlink: /home/mjlinux/Downloads/book_ros2_wrs/install/vision_msgs/include/vision_msgs/vision_msgs/msg/detail/detection2_d_array__rosidl_typesupport_introspection_c.h
[1.208s] -- Up-to-date symlink: /home/mjlinux/Downloads/book_ros2_wrs/install/vision_msgs/include/vision_msgs/vision_msgs/msg/detail/detection3_d__rosidl_typesupport_introspection_c.h
[1.208s] -- Up-to-date symlink: /home/mjlinux/Downloads/book_ros2_wrs/install/vision_msgs/include/vision_msgs/vision_msgs/msg/detail/detection3_d_array__rosidl_typesupport_introspection_c.h
[1.208s] -- Up-to-date symlink: /home/mjlinux/Downloads/book_ros2_wrs/install/vision_msgs/include/vision_msgs/vision_msgs/msg/detail/label_info__rosidl_typesupport_introspection_c.h
[1.208s] -- Up-to-date symlink: /home/mjlinux/Downloads/book_ros2_wrs/install/vision_msgs/include/vision_msgs/vision_msgs/msg/detail/object_hypothesis__rosidl_typesupport_introspection_c.h
[1.208s] -- Up-to-date symlink: /home/mjlinux/Downloads/book_ros2_wrs/install/vision_msgs/include/vision_msgs/vision_msgs/msg/detail/object_hypothesis_with_pose__rosidl_typesupport_introspection_c.h
[1.209s] -- Up-to-date symlink: /home/mjlinux/Downloads/book_ros2_wrs/install/vision_msgs/include/vision_msgs/vision_msgs/msg/detail/point2_d__rosidl_typesupport_introspection_c.h
[1.209s] -- Up-to-date symlink: /home/mjlinux/Downloads/book_ros2_wrs/install/vision_msgs/include/vision_msgs/vision_msgs/msg/detail/pose2_d__rosidl_typesupport_introspection_c.h
[1.209s] -- Up-to-date symlink: /home/mjlinux/Downloads/book_ros2_wrs/install/vision_msgs/include/vision_msgs/vision_msgs/msg/detail/vision_class__rosidl_typesupport_introspection_c.h
[1.209s] -- Up-to-date symlink: /home/mjlinux/Downloads/book_ros2_wrs/install/vision_msgs/include/vision_msgs/vision_msgs/msg/detail/vision_info__rosidl_typesupport_introspection_c.h
[1.209s] -- Up-to-date symlink: /home/mjlinux/Downloads/book_ros2_wrs/install/vision_msgs/include/vision_msgs/vision_msgs/msg/rosidl_typesupport_introspection_c__visibility_control.h
[1.210s] -- Up-to-date symlink: /home/mjlinux/Downloads/book_ros2_wrs/install/vision_msgs/include/vision_msgs/vision_msgs/msg/detail/bounding_box2_d__rosidl_typesupport_introspection_cpp.hpp
[1.210s] -- Up-to-date symlink: /home/mjlinux/Downloads/book_ros2_wrs/install/vision_msgs/include/vision_msgs/vision_msgs/msg/detail/bounding_box2_d_array__rosidl_typesupport_introspection_cpp.hpp
[1.210s] -- Up-to-date symlink: /home/mjlinux/Downloads/book_ros2_wrs/install/vision_msgs/include/vision_msgs/vision_msgs/msg/detail/bounding_box3_d__rosidl_typesupport_introspection_cpp.hpp
[1.210s] -- Up-to-date symlink: /home/mjlinux/Downloads/book_ros2_wrs/install/vision_msgs/include/vision_msgs/vision_msgs/msg/detail/bounding_box3_d_array__rosidl_typesupport_introspection_cpp.hpp
[1.210s] -- Up-to-date symlink: /home/mjlinux/Downloads/book_ros2_wrs/install/vision_msgs/include/vision_msgs/vision_msgs/msg/detail/classification__rosidl_typesupport_introspection_cpp.hpp
[1.210s] -- Up-to-date symlink: /home/mjlinux/Downloads/book_ros2_wrs/install/vision_msgs/include/vision_msgs/vision_msgs/msg/detail/detection2_d__rosidl_typesupport_introspection_cpp.hpp
[1.211s] -- Up-to-date symlink: /home/mjlinux/Downloads/book_ros2_wrs/install/vision_msgs/include/vision_msgs/vision_msgs/msg/detail/detection2_d_array__rosidl_typesupport_introspection_cpp.hpp
[1.211s] -- Up-to-date symlink: /home/mjlinux/Downloads/book_ros2_wrs/install/vision_msgs/include/vision_msgs/vision_msgs/msg/detail/detection3_d__rosidl_typesupport_introspection_cpp.hpp
[1.211s] -- Up-to-date symlink: /home/mjlinux/Downloads/book_ros2_wrs/install/vision_msgs/include/vision_msgs/vision_msgs/msg/detail/detection3_d_array__rosidl_typesupport_introspection_cpp.hpp
[1.211s] -- Up-to-date symlink: /home/mjlinux/Downloads/book_ros2_wrs/install/vision_msgs/include/vision_msgs/vision_msgs/msg/detail/label_info__rosidl_typesupport_introspection_cpp.hpp
[1.211s] -- Up-to-date symlink: /home/mjlinux/Downloads/book_ros2_wrs/install/vision_msgs/include/vision_msgs/vision_msgs/msg/detail/object_hypothesis__rosidl_typesupport_introspection_cpp.hpp
[1.211s] -- Up-to-date symlink: /home/mjlinux/Downloads/book_ros2_wrs/install/vision_msgs/include/vision_msgs/vision_msgs/msg/detail/object_hypothesis_with_pose__rosidl_typesupport_introspection_cpp.hpp
[1.212s] -- Up-to-date symlink: /home/mjlinux/Downloads/book_ros2_wrs/install/vision_msgs/include/vision_msgs/vision_msgs/msg/detail/point2_d__rosidl_typesupport_introspection_cpp.hpp
[1.212s] -- Up-to-date symlink: /home/mjlinux/Downloads/book_ros2_wrs/install/vision_msgs/include/vision_msgs/vision_msgs/msg/detail/pose2_d__rosidl_typesupport_introspection_cpp.hpp
[1.212s] -- Up-to-date symlink: /home/mjlinux/Downloads/book_ros2_wrs/install/vision_msgs/include/vision_msgs/vision_msgs/msg/detail/vision_class__rosidl_typesupport_introspection_cpp.hpp
[1.212s] -- Up-to-date symlink: /home/mjlinux/Downloads/book_ros2_wrs/install/vision_msgs/include/vision_msgs/vision_msgs/msg/detail/vision_info__rosidl_typesupport_introspection_cpp.hpp
[1.212s] -- Up-to-date symlink: /home/mjlinux/Downloads/book_ros2_wrs/install/vision_msgs/share/vision_msgs/environment/pythonpath.sh
[1.212s] -- Up-to-date symlink: /home/mjlinux/Downloads/book_ros2_wrs/install/vision_msgs/share/vision_msgs/environment/pythonpath.dsv
[1.213s] -- Up-to-date symlink: /home/mjlinux/Downloads/book_ros2_wrs/install/vision_msgs/local/lib/python3.10/dist-packages/vision_msgs-4.1.0-py3.10.egg-info/PKG-INFO
[1.213s] -- Up-to-date symlink: /home/mjlinux/Downloads/book_ros2_wrs/install/vision_msgs/local/lib/python3.10/dist-packages/vision_msgs-4.1.0-py3.10.egg-info/SOURCES.txt
[1.213s] -- Up-to-date symlink: /home/mjlinux/Downloads/book_ros2_wrs/install/vision_msgs/local/lib/python3.10/dist-packages/vision_msgs-4.1.0-py3.10.egg-info/dependency_links.txt
[1.213s] -- Up-to-date symlink: /home/mjlinux/Downloads/book_ros2_wrs/install/vision_msgs/local/lib/python3.10/dist-packages/vision_msgs-4.1.0-py3.10.egg-info/top_level.txt
[1.214s] -- Up-to-date symlink: /home/mjlinux/Downloads/book_ros2_wrs/install/vision_msgs/local/lib/python3.10/dist-packages/vision_msgs/__init__.py
[1.214s] -- Up-to-date symlink: /home/mjlinux/Downloads/book_ros2_wrs/install/vision_msgs/local/lib/python3.10/dist-packages/vision_msgs/_vision_msgs_s.ep.rosidl_typesupport_c.c
[1.218s] -- Up-to-date symlink: /home/mjlinux/Downloads/book_ros2_wrs/install/vision_msgs/local/lib/python3.10/dist-packages/vision_msgs/_vision_msgs_s.ep.rosidl_typesupport_fastrtps_c.c
[1.218s] -- Up-to-date symlink: /home/mjlinux/Downloads/book_ros2_wrs/install/vision_msgs/local/lib/python3.10/dist-packages/vision_msgs/_vision_msgs_s.ep.rosidl_typesupport_introspection_c.c
[1.221s] -- Up-to-date symlink: /home/mjlinux/Downloads/book_ros2_wrs/install/vision_msgs/local/lib/python3.10/dist-packages/vision_msgs/libvision_msgs__rosidl_generator_py.so
[1.221s] -- Up-to-date symlink: /home/mjlinux/Downloads/book_ros2_wrs/install/vision_msgs/local/lib/python3.10/dist-packages/vision_msgs/msg/__init__.py
[1.222s] -- Up-to-date symlink: /home/mjlinux/Downloads/book_ros2_wrs/install/vision_msgs/local/lib/python3.10/dist-packages/vision_msgs/msg/_bounding_box2_d.py
[1.222s] -- Up-to-date symlink: /home/mjlinux/Downloads/book_ros2_wrs/install/vision_msgs/local/lib/python3.10/dist-packages/vision_msgs/msg/_bounding_box2_d_array.py
[1.222s] -- Up-to-date symlink: /home/mjlinux/Downloads/book_ros2_wrs/install/vision_msgs/local/lib/python3.10/dist-packages/vision_msgs/msg/_bounding_box2_d_array_s.c
[1.222s] -- Up-to-date symlink: /home/mjlinux/Downloads/book_ros2_wrs/install/vision_msgs/local/lib/python3.10/dist-packages/vision_msgs/msg/_bounding_box2_d_s.c
[1.222s] -- Up-to-date symlink: /home/mjlinux/Downloads/book_ros2_wrs/install/vision_msgs/local/lib/python3.10/dist-packages/vision_msgs/msg/_bounding_box3_d.py
[1.222s] -- Up-to-date symlink: /home/mjlinux/Downloads/book_ros2_wrs/install/vision_msgs/local/lib/python3.10/dist-packages/vision_msgs/msg/_bounding_box3_d_array.py
[1.222s] -- Up-to-date symlink: /home/mjlinux/Downloads/book_ros2_wrs/install/vision_msgs/local/lib/python3.10/dist-packages/vision_msgs/msg/_bounding_box3_d_array_s.c
[1.222s] -- Up-to-date symlink: /home/mjlinux/Downloads/book_ros2_wrs/install/vision_msgs/local/lib/python3.10/dist-packages/vision_msgs/msg/_bounding_box3_d_s.c
[1.222s] -- Up-to-date symlink: /home/mjlinux/Downloads/book_ros2_wrs/install/vision_msgs/local/lib/python3.10/dist-packages/vision_msgs/msg/_classification.py
[1.222s] -- Up-to-date symlink: /home/mjlinux/Downloads/book_ros2_wrs/install/vision_msgs/local/lib/python3.10/dist-packages/vision_msgs/msg/_classification_s.c
[1.222s] -- Up-to-date symlink: /home/mjlinux/Downloads/book_ros2_wrs/install/vision_msgs/local/lib/python3.10/dist-packages/vision_msgs/msg/_detection2_d.py
[1.222s] -- Up-to-date symlink: /home/mjlinux/Downloads/book_ros2_wrs/install/vision_msgs/local/lib/python3.10/dist-packages/vision_msgs/msg/_detection2_d_array.py
[1.222s] -- Up-to-date symlink: /home/mjlinux/Downloads/book_ros2_wrs/install/vision_msgs/local/lib/python3.10/dist-packages/vision_msgs/msg/_detection2_d_array_s.c
[1.222s] -- Up-to-date symlink: /home/mjlinux/Downloads/book_ros2_wrs/install/vision_msgs/local/lib/python3.10/dist-packages/vision_msgs/msg/_detection2_d_s.c
[1.222s] -- Up-to-date symlink: /home/mjlinux/Downloads/book_ros2_wrs/install/vision_msgs/local/lib/python3.10/dist-packages/vision_msgs/msg/_detection3_d.py
[1.222s] -- Up-to-date symlink: /home/mjlinux/Downloads/book_ros2_wrs/install/vision_msgs/local/lib/python3.10/dist-packages/vision_msgs/msg/_detection3_d_array.py
[1.222s] -- Up-to-date symlink: /home/mjlinux/Downloads/book_ros2_wrs/install/vision_msgs/local/lib/python3.10/dist-packages/vision_msgs/msg/_detection3_d_array_s.c
[1.223s] -- Up-to-date symlink: /home/mjlinux/Downloads/book_ros2_wrs/install/vision_msgs/local/lib/python3.10/dist-packages/vision_msgs/msg/_detection3_d_s.c
[1.223s] -- Up-to-date symlink: /home/mjlinux/Downloads/book_ros2_wrs/install/vision_msgs/local/lib/python3.10/dist-packages/vision_msgs/msg/_label_info.py
[1.223s] -- Up-to-date symlink: /home/mjlinux/Downloads/book_ros2_wrs/install/vision_msgs/local/lib/python3.10/dist-packages/vision_msgs/msg/_label_info_s.c
[1.223s] -- Up-to-date symlink: /home/mjlinux/Downloads/book_ros2_wrs/install/vision_msgs/local/lib/python3.10/dist-packages/vision_msgs/msg/_object_hypothesis.py
[1.223s] -- Up-to-date symlink: /home/mjlinux/Downloads/book_ros2_wrs/install/vision_msgs/local/lib/python3.10/dist-packages/vision_msgs/msg/_object_hypothesis_s.c
[1.223s] -- Up-to-date symlink: /home/mjlinux/Downloads/book_ros2_wrs/install/vision_msgs/local/lib/python3.10/dist-packages/vision_msgs/msg/_object_hypothesis_with_pose.py
[1.223s] -- Up-to-date symlink: /home/mjlinux/Downloads/book_ros2_wrs/install/vision_msgs/local/lib/python3.10/dist-packages/vision_msgs/msg/_object_hypothesis_with_pose_s.c
[1.223s] -- Up-to-date symlink: /home/mjlinux/Downloads/book_ros2_wrs/install/vision_msgs/local/lib/python3.10/dist-packages/vision_msgs/msg/_point2_d.py
[1.223s] -- Up-to-date symlink: /home/mjlinux/Downloads/book_ros2_wrs/install/vision_msgs/local/lib/python3.10/dist-packages/vision_msgs/msg/_point2_d_s.c
[1.223s] -- Up-to-date symlink: /home/mjlinux/Downloads/book_ros2_wrs/install/vision_msgs/local/lib/python3.10/dist-packages/vision_msgs/msg/_pose2_d.py
[1.223s] -- Up-to-date symlink: /home/mjlinux/Downloads/book_ros2_wrs/install/vision_msgs/local/lib/python3.10/dist-packages/vision_msgs/msg/_pose2_d_s.c
[1.223s] -- Up-to-date symlink: /home/mjlinux/Downloads/book_ros2_wrs/install/vision_msgs/local/lib/python3.10/dist-packages/vision_msgs/msg/_vision_class.py
[1.223s] -- Up-to-date symlink: /home/mjlinux/Downloads/book_ros2_wrs/install/vision_msgs/local/lib/python3.10/dist-packages/vision_msgs/msg/_vision_class_s.c
[1.223s] -- Up-to-date symlink: /home/mjlinux/Downloads/book_ros2_wrs/install/vision_msgs/local/lib/python3.10/dist-packages/vision_msgs/msg/_vision_info.py
[1.223s] -- Up-to-date symlink: /home/mjlinux/Downloads/book_ros2_wrs/install/vision_msgs/local/lib/python3.10/dist-packages/vision_msgs/msg/_vision_info_s.c
[1.223s] -- Up-to-date symlink: /home/mjlinux/Downloads/book_ros2_wrs/install/vision_msgs/local/lib/python3.10/dist-packages/vision_msgs/vision_msgs_s__rosidl_typesupport_c.cpython-310-aarch64-linux-gnu.so
[1.223s] -- Up-to-date symlink: /home/mjlinux/Downloads/book_ros2_wrs/install/vision_msgs/local/lib/python3.10/dist-packages/vision_msgs/vision_msgs_s__rosidl_typesupport_fastrtps_c.cpython-310-aarch64-linux-gnu.so
[1.223s] -- Up-to-date symlink: /home/mjlinux/Downloads/book_ros2_wrs/install/vision_msgs/local/lib/python3.10/dist-packages/vision_msgs/vision_msgs_s__rosidl_typesupport_introspection_c.cpython-310-aarch64-linux-gnu.so
[1.223s] -- Up-to-date symlink: /home/mjlinux/Downloads/book_ros2_wrs/install/vision_msgs/local/lib/python3.10/dist-packages/vision_msgs/vision_msgs_s__rosidl_typesupport_fastrtps_c.cpython-310-aarch64-linux-gnu.so
[1.223s] -- Up-to-date symlink: /home/mjlinux/Downloads/book_ros2_wrs/install/vision_msgs/local/lib/python3.10/dist-packages/vision_msgs/vision_msgs_s__rosidl_typesupport_introspection_c.cpython-310-aarch64-linux-gnu.so
[1.223s] -- Up-to-date symlink: /home/mjlinux/Downloads/book_ros2_wrs/install/vision_msgs/local/lib/python3.10/dist-packages/vision_msgs/vision_msgs_s__rosidl_typesupport_c.cpython-310-aarch64-linux-gnu.so
[1.223s] -- Up-to-date symlink: /home/mjlinux/Downloads/book_ros2_wrs/install/vision_msgs/share/vision_msgs/msg/BoundingBox2D.idl
[1.223s] -- Up-to-date symlink: /home/mjlinux/Downloads/book_ros2_wrs/install/vision_msgs/share/vision_msgs/msg/BoundingBox2DArray.idl
[1.223s] -- Up-to-date symlink: /home/mjlinux/Downloads/book_ros2_wrs/install/vision_msgs/share/vision_msgs/msg/BoundingBox3D.idl
[1.223s] -- Up-to-date symlink: /home/mjlinux/Downloads/book_ros2_wrs/install/vision_msgs/share/vision_msgs/msg/BoundingBox3DArray.idl
[1.223s] -- Up-to-date symlink: /home/mjlinux/Downloads/book_ros2_wrs/install/vision_msgs/share/vision_msgs/msg/Classification.idl
[1.223s] -- Up-to-date symlink: /home/mjlinux/Downloads/book_ros2_wrs/install/vision_msgs/share/vision_msgs/msg/Detection2DArray.idl
[1.223s] -- Up-to-date symlink: /home/mjlinux/Downloads/book_ros2_wrs/install/vision_msgs/share/vision_msgs/msg/Detection2D.idl
[1.223s] -- Up-to-date symlink: /home/mjlinux/Downloads/book_ros2_wrs/install/vision_msgs/share/vision_msgs/msg/Detection3DArray.idl
[1.223s] -- Up-to-date symlink: /home/mjlinux/Downloads/book_ros2_wrs/install/vision_msgs/share/vision_msgs/msg/Detection3D.idl
[1.224s] -- Up-to-date symlink: /home/mjlinux/Downloads/book_ros2_wrs/install/vision_msgs/share/vision_msgs/msg/LabelInfo.idl
[1.224s] -- Up-to-date symlink: /home/mjlinux/Downloads/book_ros2_wrs/install/vision_msgs/share/vision_msgs/msg/ObjectHypothesis.idl
[1.224s] -- Up-to-date symlink: /home/mjlinux/Downloads/book_ros2_wrs/install/vision_msgs/share/vision_msgs/msg/ObjectHypothesisWithPose.idl
[1.224s] -- Up-to-date symlink: /home/mjlinux/Downloads/book_ros2_wrs/install/vision_msgs/share/vision_msgs/msg/VisionClass.idl
[1.224s] -- Up-to-date symlink: /home/mjlinux/Downloads/book_ros2_wrs/install/vision_msgs/share/vision_msgs/msg/Point2D.idl
[1.224s] -- Up-to-date symlink: /home/mjlinux/Downloads/book_ros2_wrs/install/vision_msgs/share/vision_msgs/msg/Pose2D.idl
[1.224s] -- Up-to-date symlink: /home/mjlinux/Downloads/book_ros2_wrs/install/vision_msgs/share/vision_msgs/msg/VisionInfo.idl
[1.224s] -- Up-to-date symlink: /home/mjlinux/Downloads/book_ros2_wrs/install/vision_msgs/share/vision_msgs/msg/BoundingBox2D.msg
[1.224s] -- Up-to-date symlink: /home/mjlinux/Downloads/book_ros2_wrs/install/vision_msgs/share/vision_msgs/msg/BoundingBox2DArray.msg
[1.224s] -- Up-to-date symlink: /home/mjlinux/Downloads/book_ros2_wrs/install/vision_msgs/share/vision_msgs/msg/BoundingBox3D.msg
[1.224s] -- Up-to-date symlink: /home/mjlinux/Downloads/book_ros2_wrs/install/vision_msgs/share/vision_msgs/msg/BoundingBox3DArray.msg
[1.224s] -- Up-to-date symlink: /home/mjlinux/Downloads/book_ros2_wrs/install/vision_msgs/share/vision_msgs/msg/Classification.msg
[1.224s] -- Up-to-date symlink: /home/mjlinux/Downloads/book_ros2_wrs/install/vision_msgs/share/vision_msgs/msg/Detection2DArray.msg
[1.224s] -- Up-to-date symlink: /home/mjlinux/Downloads/book_ros2_wrs/install/vision_msgs/share/vision_msgs/msg/Detection2D.msg
[1.224s] -- Up-to-date symlink: /home/mjlinux/Downloads/book_ros2_wrs/install/vision_msgs/share/vision_msgs/msg/Detection3DArray.msg
[1.224s] -- Up-to-date symlink: /home/mjlinux/Downloads/book_ros2_wrs/install/vision_msgs/share/vision_msgs/msg/Detection3D.msg
[1.224s] -- Up-to-date symlink: /home/mjlinux/Downloads/book_ros2_wrs/install/vision_msgs/share/vision_msgs/msg/LabelInfo.msg
[1.224s] -- Up-to-date symlink: /home/mjlinux/Downloads/book_ros2_wrs/install/vision_msgs/share/vision_msgs/msg/ObjectHypothesis.msg
[1.224s] -- Up-to-date symlink: /home/mjlinux/Downloads/book_ros2_wrs/install/vision_msgs/share/vision_msgs/msg/ObjectHypothesisWithPose.msg
[1.224s] -- Up-to-date symlink: /home/mjlinux/Downloads/book_ros2_wrs/install/vision_msgs/share/vision_msgs/msg/VisionClass.msg
[1.224s] -- Up-to-date symlink: /home/mjlinux/Downloads/book_ros2_wrs/install/vision_msgs/share/vision_msgs/msg/Point2D.msg
[1.224s] -- Up-to-date symlink: /home/mjlinux/Downloads/book_ros2_wrs/install/vision_msgs/share/vision_msgs/msg/Pose2D.msg
[1.224s] -- Up-to-date symlink: /home/mjlinux/Downloads/book_ros2_wrs/install/vision_msgs/share/vision_msgs/msg/VisionInfo.msg
[1.224s] -- Up-to-date symlink: /home/mjlinux/Downloads/book_ros2_wrs/install/vision_msgs/include/vision_msgs/create_aabb.hpp
[1.224s] -- Up-to-date symlink: /home/mjlinux/Downloads/book_ros2_wrs/install/vision_msgs/share/ament_index/resource_index/package_run_dependencies/vision_msgs
[1.224s] -- Up-to-date symlink: /home/mjlinux/Downloads/book_ros2_wrs/install/vision_msgs/share/ament_index/resource_index/parent_prefix_path/vision_msgs
[1.225s] -- Up-to-date symlink: /home/mjlinux/Downloads/book_ros2_wrs/install/vision_msgs/share/vision_msgs/environment/ament_prefix_path.sh
[1.225s] -- Up-to-date symlink: /home/mjlinux/Downloads/book_ros2_wrs/install/vision_msgs/share/vision_msgs/environment/ament_prefix_path.dsv
[1.225s] -- Up-to-date symlink: /home/mjlinux/Downloads/book_ros2_wrs/install/vision_msgs/share/vision_msgs/environment/path.sh
[1.225s] -- Up-to-date symlink: /home/mjlinux/Downloads/book_ros2_wrs/install/vision_msgs/share/vision_msgs/environment/path.dsv
[1.225s] -- Up-to-date symlink: /home/mjlinux/Downloads/book_ros2_wrs/install/vision_msgs/share/vision_msgs/local_setup.bash
[1.225s] -- Up-to-date symlink: /home/mjlinux/Downloads/book_ros2_wrs/install/vision_msgs/share/vision_msgs/local_setup.sh
[1.231s] -- Up-to-date symlink: /home/mjlinux/Downloads/book_ros2_wrs/install/vision_msgs/share/vision_msgs/local_setup.zsh
[1.231s] -- Up-to-date symlink: /home/mjlinux/Downloads/book_ros2_wrs/install/vision_msgs/share/vision_msgs/local_setup.dsv
[1.231s] -- Symlinking: /home/mjlinux/Downloads/book_ros2_wrs/install/vision_msgs/share/vision_msgs/package.dsv
[1.234s] -- Up-to-date symlink: /home/mjlinux/Downloads/book_ros2_wrs/install/vision_msgs/share/ament_index/resource_index/packages/vision_msgs
[1.235s] -- Up-to-date symlink: /home/mjlinux/Downloads/book_ros2_wrs/install/vision_msgs/share/vision_msgs/cmake/rosidl_cmake-extras.cmake
[1.235s] -- Up-to-date symlink: /home/mjlinux/Downloads/book_ros2_wrs/install/vision_msgs/share/vision_msgs/cmake/ament_cmake_export_dependencies-extras.cmake
[1.235s] -- Up-to-date symlink: /home/mjlinux/Downloads/book_ros2_wrs/install/vision_msgs/share/vision_msgs/cmake/ament_cmake_export_include_directories-extras.cmake
[1.235s] -- Up-to-date symlink: /home/mjlinux/Downloads/book_ros2_wrs/install/vision_msgs/share/vision_msgs/cmake/ament_cmake_export_libraries-extras.cmake
[1.235s] -- Up-to-date symlink: /home/mjlinux/Downloads/book_ros2_wrs/install/vision_msgs/share/vision_msgs/cmake/ament_cmake_export_targets-extras.cmake
[1.235s] -- Up-to-date symlink: /home/mjlinux/Downloads/book_ros2_wrs/install/vision_msgs/share/vision_msgs/cmake/rosidl_cmake_export_typesupport_targets-extras.cmake
[1.235s] -- Up-to-date symlink: /home/mjlinux/Downloads/book_ros2_wrs/install/vision_msgs/share/vision_msgs/cmake/rosidl_cmake_export_typesupport_libraries-extras.cmake
[1.235s] -- Up-to-date symlink: /home/mjlinux/Downloads/book_ros2_wrs/install/vision_msgs/share/vision_msgs/cmake/vision_msgsConfig.cmake
[1.235s] -- Up-to-date symlink: /home/mjlinux/Downloads/book_ros2_wrs/install/vision_msgs/share/vision_msgs/cmake/vision_msgsConfig-version.cmake
[1.235s] -- Up-to-date symlink: /home/mjlinux/Downloads/book_ros2_wrs/install/vision_msgs/share/vision_msgs/package.xml
[1.235s] -- Up-to-date: /home/mjlinux/Downloads/book_ros2_wrs/install/vision_msgs/lib/libvision_msgs__rosidl_generator_c.so
[1.236s] -- Up-to-date: /home/mjlinux/Downloads/book_ros2_wrs/install/vision_msgs/lib/libvision_msgs__rosidl_typesupport_fastrtps_c.so
[1.236s] -- Up-to-date: /home/mjlinux/Downloads/book_ros2_wrs/install/vision_msgs/lib/libvision_msgs__rosidl_typesupport_fastrtps_cpp.so
[1.236s] -- Up-to-date: /home/mjlinux/Downloads/book_ros2_wrs/install/vision_msgs/lib/libvision_msgs__rosidl_typesupport_introspection_c.so
[1.236s] -- Up-to-date: /home/mjlinux/Downloads/book_ros2_wrs/install/vision_msgs/lib/libvision_msgs__rosidl_typesupport_c.so
[1.236s] -- Up-to-date: /home/mjlinux/Downloads/book_ros2_wrs/install/vision_msgs/lib/libvision_msgs__rosidl_typesupport_introspection_cpp.so
[1.236s] -- Up-to-date: /home/mjlinux/Downloads/book_ros2_wrs/install/vision_msgs/lib/libvision_msgs__rosidl_typesupport_cpp.so
[1.260s] Listing '/home/mjlinux/Downloads/book_ros2_wrs/install/vision_msgs/local/lib/python3.10/dist-packages/vision_msgs'...
[1.261s] Listing '/home/mjlinux/Downloads/book_ros2_wrs/install/vision_msgs/local/lib/python3.10/dist-packages/vision_msgs/msg'...
[1.273s] -- Up-to-date: /home/mjlinux/Downloads/book_ros2_wrs/install/vision_msgs/lib/libvision_msgs__rosidl_generator_py.so
[1.273s] -- Up-to-date: /home/mjlinux/Downloads/book_ros2_wrs/install/vision_msgs/share/vision_msgs/cmake/export_vision_msgs__rosidl_generator_cExport.cmake
[1.273s] -- Up-to-date: /home/mjlinux/Downloads/book_ros2_wrs/install/vision_msgs/share/vision_msgs/cmake/export_vision_msgs__rosidl_generator_cExport-noconfig.cmake
[1.273s] -- Up-to-date: /home/mjlinux/Downloads/book_ros2_wrs/install/vision_msgs/share/vision_msgs/cmake/export_vision_msgs__rosidl_typesupport_fastrtps_cExport.cmake
[1.273s] -- Up-to-date: /home/mjlinux/Downloads/book_ros2_wrs/install/vision_msgs/share/vision_msgs/cmake/export_vision_msgs__rosidl_typesupport_fastrtps_cExport-noconfig.cmake
[1.273s] -- Up-to-date: /home/mjlinux/Downloads/book_ros2_wrs/install/vision_msgs/share/vision_msgs/cmake/export_vision_msgs__rosidl_generator_cppExport.cmake
[1.273s] -- Up-to-date: /home/mjlinux/Downloads/book_ros2_wrs/install/vision_msgs/share/vision_msgs/cmake/export_vision_msgs__rosidl_typesupport_fastrtps_cppExport.cmake
[1.273s] -- Up-to-date: /home/mjlinux/Downloads/book_ros2_wrs/install/vision_msgs/share/vision_msgs/cmake/export_vision_msgs__rosidl_typesupport_fastrtps_cppExport-noconfig.cmake
[1.273s] -- Up-to-date: /home/mjlinux/Downloads/book_ros2_wrs/install/vision_msgs/share/vision_msgs/cmake/vision_msgs__rosidl_typesupport_introspection_cExport.cmake
[1.273s] -- Up-to-date: /home/mjlinux/Downloads/book_ros2_wrs/install/vision_msgs/share/vision_msgs/cmake/vision_msgs__rosidl_typesupport_introspection_cExport-noconfig.cmake
[1.273s] -- Up-to-date: /home/mjlinux/Downloads/book_ros2_wrs/install/vision_msgs/share/vision_msgs/cmake/vision_msgs__rosidl_typesupport_cExport.cmake
[1.273s] -- Up-to-date: /home/mjlinux/Downloads/book_ros2_wrs/install/vision_msgs/share/vision_msgs/cmake/vision_msgs__rosidl_typesupport_cExport-noconfig.cmake
[1.273s] -- Up-to-date: /home/mjlinux/Downloads/book_ros2_wrs/install/vision_msgs/share/vision_msgs/cmake/vision_msgs__rosidl_typesupport_introspection_cppExport.cmake
[1.273s] -- Up-to-date: /home/mjlinux/Downloads/book_ros2_wrs/install/vision_msgs/share/vision_msgs/cmake/vision_msgs__rosidl_typesupport_introspection_cppExport-noconfig.cmake
[1.273s] -- Up-to-date: /home/mjlinux/Downloads/book_ros2_wrs/install/vision_msgs/share/vision_msgs/cmake/vision_msgs__rosidl_typesupport_cppExport.cmake
[1.274s] -- Up-to-date: /home/mjlinux/Downloads/book_ros2_wrs/install/vision_msgs/share/vision_msgs/cmake/vision_msgs__rosidl_typesupport_cppExport-noconfig.cmake
[1.274s] -- Up-to-date: /home/mjlinux/Downloads/book_ros2_wrs/install/vision_msgs/share/vision_msgs/cmake/export_vision_msgs__rosidl_generator_pyExport.cmake
[1.274s] -- Up-to-date: /home/mjlinux/Downloads/book_ros2_wrs/install/vision_msgs/share/vision_msgs/cmake/export_vision_msgs__rosidl_generator_pyExport-noconfig.cmake
[1.276s] Invoked command in '/home/mjlinux/Downloads/book_ros2_wrs/build/vision_msgs' returned '0': CMAKE_PREFIX_PATH=${CMAKE_PREFIX_PATH}:/home/mjlinux/Downloads/book_ros2_wrs/install/launch_pal:/home/mjlinux/Downloads/book_ros2_wrs/install/br2_fsm_bumpgo_py:/opt/ros/humble /usr/bin/cmake --install /home/mjlinux/Downloads/book_ros2_wrs/build/vision_msgs
