[0.029s] Invoking command in '/home/mjlinux/Downloads/book_ros2_wrs/build/tiago_2dnav': AMENT_PREFIX_PATH=/home/mjlinux/Downloads/book_ros2_wrs/install/pmb2_2dnav:/home/mjlinux/Downloads/book_ros2_wrs/install/pmb2_maps:/home/mjlinux/Downloads/book_ros2_wrs/install/pmb2_laser_sensors:/home/mjlinux/Downloads/book_ros2_wrs/install/launch_pal:${AMENT_PREFIX_PATH} CMAKE_PREFIX_PATH=/home/mjlinux/Downloads/book_ros2_wrs/install/pmb2_2dnav:/home/mjlinux/Downloads/book_ros2_wrs/install/pmb2_maps:/home/mjlinux/Downloads/book_ros2_wrs/install/pmb2_laser_sensors:/opt/ros/humble PYTHONPATH=/home/mjlinux/Downloads/book_ros2_wrs/build/launch_pal:/home/mjlinux/Downloads/book_ros2_wrs/install/launch_pal/lib/python3.10/site-packages:${PYTHONPATH} /usr/bin/cmake --build /home/mjlinux/Downloads/book_ros2_wrs/build/tiago_2dnav -- -j4 -l4
[0.106s] Invoked command in '/home/mjlinux/Downloads/book_ros2_wrs/build/tiago_2dnav' returned '0': AMENT_PREFIX_PATH=/home/mjlinux/Downloads/book_ros2_wrs/install/pmb2_2dnav:/home/mjlinux/Downloads/book_ros2_wrs/install/pmb2_maps:/home/mjlinux/Downloads/book_ros2_wrs/install/pmb2_laser_sensors:/home/mjlinux/Downloads/book_ros2_wrs/install/launch_pal:${AMENT_PREFIX_PATH} CMAKE_PREFIX_PATH=/home/mjlinux/Downloads/book_ros2_wrs/install/pmb2_2dnav:/home/mjlinux/Downloads/book_ros2_wrs/install/pmb2_maps:/home/mjlinux/Downloads/book_ros2_wrs/install/pmb2_laser_sensors:/opt/ros/humble PYTHONPATH=/home/mjlinux/Downloads/book_ros2_wrs/build/launch_pal:/home/mjlinux/Downloads/book_ros2_wrs/install/launch_pal/lib/python3.10/site-packages:${PYTHONPATH} /usr/bin/cmake --build /home/mjlinux/Downloads/book_ros2_wrs/build/tiago_2dnav -- -j4 -l4
[0.141s] Invoking command in '/home/mjlinux/Downloads/book_ros2_wrs/build/tiago_2dnav': AMENT_PREFIX_PATH=/home/mjlinux/Downloads/book_ros2_wrs/install/pmb2_2dnav:/home/mjlinux/Downloads/book_ros2_wrs/install/pmb2_maps:/home/mjlinux/Downloads/book_ros2_wrs/install/pmb2_laser_sensors:/home/mjlinux/Downloads/book_ros2_wrs/install/launch_pal:${AMENT_PREFIX_PATH} CMAKE_PREFIX_PATH=/home/mjlinux/Downloads/book_ros2_wrs/install/pmb2_2dnav:/home/mjlinux/Downloads/book_ros2_wrs/install/pmb2_maps:/home/mjlinux/Downloads/book_ros2_wrs/install/pmb2_laser_sensors:/opt/ros/humble PYTHONPATH=/home/mjlinux/Downloads/book_ros2_wrs/build/launch_pal:/home/mjlinux/Downloads/book_ros2_wrs/install/launch_pal/lib/python3.10/site-packages:${PYTHONPATH} /usr/bin/cmake --install /home/mjlinux/Downloads/book_ros2_wrs/build/tiago_2dnav
[0.151s] -- Install configuration: ""
[0.152s] -- Execute custom install script
[0.155s] -- Up-to-date symlink: /home/mjlinux/Downloads/book_ros2_wrs/install/tiago_2dnav/share/tiago_2dnav/launch/tiago_nav_bringup.launch.py
[0.155s] -- Up-to-date symlink: /home/mjlinux/Downloads/book_ros2_wrs/install/tiago_2dnav/share/tiago_2dnav/launch/tiago_sim_nav_bringup.launch.py
[0.157s] -- Up-to-date symlink: /home/mjlinux/Downloads/book_ros2_wrs/install/tiago_2dnav/share/tiago_2dnav/params/tiago_remappings.yaml
[0.158s] -- Up-to-date symlink: /home/mjlinux/Downloads/book_ros2_wrs/install/tiago_2dnav/share/ament_index/resource_index/package_run_dependencies/tiago_2dnav
[0.158s] -- Up-to-date symlink: /home/mjlinux/Downloads/book_ros2_wrs/install/tiago_2dnav/share/ament_index/resource_index/parent_prefix_path/tiago_2dnav
[0.159s] -- Up-to-date symlink: /home/mjlinux/Downloads/book_ros2_wrs/install/tiago_2dnav/share/tiago_2dnav/environment/ament_prefix_path.sh
[0.159s] -- Up-to-date symlink: /home/mjlinux/Downloads/book_ros2_wrs/install/tiago_2dnav/share/tiago_2dnav/environment/ament_prefix_path.dsv
[0.160s] -- Up-to-date symlink: /home/mjlinux/Downloads/book_ros2_wrs/install/tiago_2dnav/share/tiago_2dnav/environment/path.sh
[0.160s] -- Up-to-date symlink: /home/mjlinux/Downloads/book_ros2_wrs/install/tiago_2dnav/share/tiago_2dnav/environment/path.dsv
[0.161s] -- Up-to-date symlink: /home/mjlinux/Downloads/book_ros2_wrs/install/tiago_2dnav/share/tiago_2dnav/local_setup.bash
[0.161s] -- Up-to-date symlink: /home/mjlinux/Downloads/book_ros2_wrs/install/tiago_2dnav/share/tiago_2dnav/local_setup.sh
[0.162s] -- Up-to-date symlink: /home/mjlinux/Downloads/book_ros2_wrs/install/tiago_2dnav/share/tiago_2dnav/local_setup.zsh
[0.162s] -- Up-to-date symlink: /home/mjlinux/Downloads/book_ros2_wrs/install/tiago_2dnav/share/tiago_2dnav/local_setup.dsv
[0.162s] -- Symlinking: /home/mjlinux/Downloads/book_ros2_wrs/install/tiago_2dnav/share/tiago_2dnav/package.dsv
[0.179s] -- Up-to-date symlink: /home/mjlinux/Downloads/book_ros2_wrs/install/tiago_2dnav/share/ament_index/resource_index/packages/tiago_2dnav
[0.180s] -- Up-to-date symlink: /home/mjlinux/Downloads/book_ros2_wrs/install/tiago_2dnav/share/tiago_2dnav/cmake/tiago_2dnavConfig.cmake
[0.181s] -- Up-to-date symlink: /home/mjlinux/Downloads/book_ros2_wrs/install/tiago_2dnav/share/tiago_2dnav/cmake/tiago_2dnavConfig-version.cmake
[0.181s] -- Up-to-date symlink: /home/mjlinux/Downloads/book_ros2_wrs/install/tiago_2dnav/share/tiago_2dnav/package.xml
[0.185s] Invoked command in '/home/mjlinux/Downloads/book_ros2_wrs/build/tiago_2dnav' returned '0': AMENT_PREFIX_PATH=/home/mjlinux/Downloads/book_ros2_wrs/install/pmb2_2dnav:/home/mjlinux/Downloads/book_ros2_wrs/install/pmb2_maps:/home/mjlinux/Downloads/book_ros2_wrs/install/pmb2_laser_sensors:/home/mjlinux/Downloads/book_ros2_wrs/install/launch_pal:${AMENT_PREFIX_PATH} CMAKE_PREFIX_PATH=/home/mjlinux/Downloads/book_ros2_wrs/install/pmb2_2dnav:/home/mjlinux/Downloads/book_ros2_wrs/install/pmb2_maps:/home/mjlinux/Downloads/book_ros2_wrs/install/pmb2_laser_sensors:/opt/ros/humble PYTHONPATH=/home/mjlinux/Downloads/book_ros2_wrs/build/launch_pal:/home/mjlinux/Downloads/book_ros2_wrs/install/launch_pal/lib/python3.10/site-packages:${PYTHONPATH} /usr/bin/cmake --install /home/mjlinux/Downloads/book_ros2_wrs/build/tiago_2dnav
