[0.072s] Invoking command in '/home/mjlinux/Downloads/book_ros2_wrs/build/br2_tracking_msgs': CMAKE_PREFIX_PATH=${CMAKE_PREFIX_PATH}:/home/mjlinux/Downloads/book_ros2_wrs/install/launch_pal:/home/mjlinux/Downloads/book_ros2_wrs/install/br2_fsm_bumpgo_py:/opt/ros/humble CONDA_PROMPT_MODIFIER=(ros) /usr/bin/cmake /home/mjlinux/Downloads/book_ros2_wrs/book_ros2/br2_tracking_msgs -DAMENT_CMAKE_SYMLINK_INSTALL=1 -DCMAKE_INSTALL_PREFIX=/home/mjlinux/Downloads/book_ros2_wrs/install/br2_tracking_msgs
[0.278s] -- The C compiler identification is GNU 11.4.0
[0.387s] -- The CXX compiler identification is GNU 11.4.0
[0.396s] -- Detecting C compiler ABI info
[0.551s] -- Detecting C compiler ABI info - done
[0.552s] -- Check for working C compiler: /usr/bin/cc - skipped
[0.552s] -- Detecting C compile features
[0.552s] -- Detecting C compile features - done
[0.566s] -- Detecting CXX compiler ABI info
[0.756s] -- Detecting CXX compiler ABI info - done
[0.765s] -- Check for working CXX compiler: /usr/bin/c++ - skipped
[0.765s] -- Detecting CXX compile features
[0.765s] -- Detecting CXX compile features - done
[0.773s] -- Found ament_cmake: 1.3.5 (/opt/ros/humble/share/ament_cmake/cmake)
[1.209s] -- Found Python3: /usr/bin/python3.10 (found version "3.10.12") found components: Interpreter 
[1.331s] -- Override CMake install command with custom implementation using symlinks instead of copying resources
[1.424s] -- Found builtin_interfaces: 1.2.1 (/opt/ros/humble/share/builtin_interfaces/cmake)
[1.561s] -- Found rosidl_generator_c: 3.1.5 (/opt/ros/humble/share/rosidl_generator_c/cmake)
[1.573s] -- Found rosidl_adapter: 3.1.5 (/opt/ros/humble/share/rosidl_adapter/cmake)
[1.620s] -- Found rosidl_generator_cpp: 3.1.5 (/opt/ros/humble/share/rosidl_generator_cpp/cmake)
[1.669s] -- Using all available rosidl_typesupport_c: rosidl_typesupport_fastrtps_c;rosidl_typesupport_introspection_c
[1.720s] -- Using all available rosidl_typesupport_cpp: rosidl_typesupport_fastrtps_cpp;rosidl_typesupport_introspection_cpp
[1.759s] -- Found rosidl_default_generators: 1.2.0 (/opt/ros/humble/share/rosidl_default_generators/cmake)
[2.106s] -- Found ament_cmake_ros: 0.10.0 (/opt/ros/humble/share/ament_cmake_ros/cmake)
[2.492s] -- Using all available rosidl_typesupport_c: rosidl_typesupport_fastrtps_c;rosidl_typesupport_introspection_c
[2.653s] -- Using all available rosidl_typesupport_cpp: rosidl_typesupport_fastrtps_cpp;rosidl_typesupport_introspection_cpp
[2.677s] -- Found PythonInterp: /home/mjlinux/.conda/envs/ros/bin/python3 (found suitable version "3.8.17", minimum required is "3.6") 
[2.683s] -- Found python_cmake_module: 0.10.0 (/opt/ros/humble/share/python_cmake_module/cmake)
[2.707s] -- Found PythonLibs: /home/mjlinux/.conda/envs/ros/lib/libpython3.8.so (found suitable version "3.8.17", minimum required is "3.5") 
[2.707s] -- Using PYTHON_EXECUTABLE: /home/mjlinux/.conda/envs/ros/bin/python3
[2.707s] -- Using PYTHON_INCLUDE_DIRS: /home/mjlinux/.conda/envs/ros/include/python3.8
[2.708s] -- Using PYTHON_LIBRARIES: /home/mjlinux/.conda/envs/ros/lib/libpython3.8.so
[2.745s] -- Found PythonExtra: .so  
[2.795s] Traceback (most recent call last):
[2.796s]   File "<string>", line 1, in <module>
[2.796s] ModuleNotFoundError: No module named 'numpy'
[2.798s] [31mCMake Error at /opt/ros/humble/share/rosidl_generator_py/cmake/rosidl_generator_py_generate_interfaces.cmake:204 (message):
[2.798s]   execute_process(/home/mjlinux/.conda/envs/ros/bin/python3 -c 'import
[2.798s]   numpy;print(numpy.get_include())') returned error code 1
[2.798s] Call Stack (most recent call first):
[2.798s]   /opt/ros/humble/share/ament_cmake_core/cmake/core/ament_execute_extensions.cmake:48 (include)
[2.798s]   /opt/ros/humble/share/rosidl_cmake/cmake/rosidl_generate_interfaces.cmake:286 (ament_execute_extensions)
[2.798s]   CMakeLists.txt:9 (rosidl_generate_interfaces)
[2.798s] 
[2.798s] [0m
[2.799s] -- Configuring incomplete, errors occurred!
[2.800s] See also "/home/mjlinux/Downloads/book_ros2_wrs/build/br2_tracking_msgs/CMakeFiles/CMakeOutput.log".
[2.818s] Invoked command in '/home/mjlinux/Downloads/book_ros2_wrs/build/br2_tracking_msgs' returned '1': CMAKE_PREFIX_PATH=${CMAKE_PREFIX_PATH}:/home/mjlinux/Downloads/book_ros2_wrs/install/launch_pal:/home/mjlinux/Downloads/book_ros2_wrs/install/br2_fsm_bumpgo_py:/opt/ros/humble CONDA_PROMPT_MODIFIER=(ros) /usr/bin/cmake /home/mjlinux/Downloads/book_ros2_wrs/book_ros2/br2_tracking_msgs -DAMENT_CMAKE_SYMLINK_INSTALL=1 -DCMAKE_INSTALL_PREFIX=/home/mjlinux/Downloads/book_ros2_wrs/install/br2_tracking_msgs
