[0.365s] Invoking command in '/home/mjlinux/Downloads/book_ros2_wrs/build/pal_gripper_controller_configuration': CMAKE_PREFIX_PATH=${CMAKE_PREFIX_PATH}:/home/mjlinux/Downloads/book_ros2_wrs/install/launch_pal:/home/mjlinux/Downloads/book_ros2_wrs/install/br2_fsm_bumpgo_py:/opt/ros/humble CONDA_PROMPT_MODIFIER=(ros) /usr/bin/cmake --build /home/mjlinux/Downloads/book_ros2_wrs/build/pal_gripper_controller_configuration -- -j4 -l4
[0.443s] Invoked command in '/home/mjlinux/Downloads/book_ros2_wrs/build/pal_gripper_controller_configuration' returned '0': CMAKE_PREFIX_PATH=${CMAKE_PREFIX_PATH}:/home/mjlinux/Downloads/book_ros2_wrs/install/launch_pal:/home/mjlinux/Downloads/book_ros2_wrs/install/br2_fsm_bumpgo_py:/opt/ros/humble CONDA_PROMPT_MODIFIER=(ros) /usr/bin/cmake --build /home/mjlinux/Downloads/book_ros2_wrs/build/pal_gripper_controller_configuration -- -j4 -l4
[0.534s] Invoking command in '/home/mjlinux/Downloads/book_ros2_wrs/build/pal_gripper_controller_configuration': CMAKE_PREFIX_PATH=${CMAKE_PREFIX_PATH}:/home/mjlinux/Downloads/book_ros2_wrs/install/launch_pal:/home/mjlinux/Downloads/book_ros2_wrs/install/br2_fsm_bumpgo_py:/opt/ros/humble CONDA_PROMPT_MODIFIER=(ros) /usr/bin/cmake --install /home/mjlinux/Downloads/book_ros2_wrs/build/pal_gripper_controller_configuration
[0.543s] -- Install configuration: ""
[0.550s] -- Execute custom install script
[0.554s] -- Up-to-date symlink: /home/mjlinux/Downloads/book_ros2_wrs/install/pal_gripper_controller_configuration/share/pal_gripper_controller_configuration/config/current_limit_controllers.yaml
[0.555s] -- Up-to-date symlink: /home/mjlinux/Downloads/book_ros2_wrs/install/pal_gripper_controller_configuration/share/pal_gripper_controller_configuration/config/current_limit_controllers_left.yaml
[0.555s] -- Up-to-date symlink: /home/mjlinux/Downloads/book_ros2_wrs/install/pal_gripper_controller_configuration/share/pal_gripper_controller_configuration/config/current_limit_controllers_right.yaml
[0.555s] -- Up-to-date symlink: /home/mjlinux/Downloads/book_ros2_wrs/install/pal_gripper_controller_configuration/share/pal_gripper_controller_configuration/config/gripper_controller.yaml
[0.566s] -- Up-to-date symlink: /home/mjlinux/Downloads/book_ros2_wrs/install/pal_gripper_controller_configuration/share/pal_gripper_controller_configuration/config/joint_trajectory_controllers.yaml
[0.567s] -- Up-to-date symlink: /home/mjlinux/Downloads/book_ros2_wrs/install/pal_gripper_controller_configuration/share/pal_gripper_controller_configuration/config/pids.yaml
[0.567s] -- Up-to-date symlink: /home/mjlinux/Downloads/book_ros2_wrs/install/pal_gripper_controller_configuration/share/pal_gripper_controller_configuration/launch/current_limit_controllers.launch
[0.567s] -- Up-to-date symlink: /home/mjlinux/Downloads/book_ros2_wrs/install/pal_gripper_controller_configuration/share/pal_gripper_controller_configuration/launch/gripper_controller.launch
[0.567s] -- Up-to-date symlink: /home/mjlinux/Downloads/book_ros2_wrs/install/pal_gripper_controller_configuration/share/ament_index/resource_index/package_run_dependencies/pal_gripper_controller_configuration
[0.567s] -- Up-to-date symlink: /home/mjlinux/Downloads/book_ros2_wrs/install/pal_gripper_controller_configuration/share/ament_index/resource_index/parent_prefix_path/pal_gripper_controller_configuration
[0.567s] -- Up-to-date symlink: /home/mjlinux/Downloads/book_ros2_wrs/install/pal_gripper_controller_configuration/share/pal_gripper_controller_configuration/environment/ament_prefix_path.sh
[0.567s] -- Up-to-date symlink: /home/mjlinux/Downloads/book_ros2_wrs/install/pal_gripper_controller_configuration/share/pal_gripper_controller_configuration/environment/ament_prefix_path.dsv
[0.567s] -- Up-to-date symlink: /home/mjlinux/Downloads/book_ros2_wrs/install/pal_gripper_controller_configuration/share/pal_gripper_controller_configuration/environment/path.sh
[0.567s] -- Up-to-date symlink: /home/mjlinux/Downloads/book_ros2_wrs/install/pal_gripper_controller_configuration/share/pal_gripper_controller_configuration/environment/path.dsv
[0.567s] -- Up-to-date symlink: /home/mjlinux/Downloads/book_ros2_wrs/install/pal_gripper_controller_configuration/share/pal_gripper_controller_configuration/local_setup.bash
[0.567s] -- Up-to-date symlink: /home/mjlinux/Downloads/book_ros2_wrs/install/pal_gripper_controller_configuration/share/pal_gripper_controller_configuration/local_setup.sh
[0.567s] -- Up-to-date symlink: /home/mjlinux/Downloads/book_ros2_wrs/install/pal_gripper_controller_configuration/share/pal_gripper_controller_configuration/local_setup.zsh
[0.567s] -- Up-to-date symlink: /home/mjlinux/Downloads/book_ros2_wrs/install/pal_gripper_controller_configuration/share/pal_gripper_controller_configuration/local_setup.dsv
[0.567s] -- Symlinking: /home/mjlinux/Downloads/book_ros2_wrs/install/pal_gripper_controller_configuration/share/pal_gripper_controller_configuration/package.dsv
[0.595s] -- Up-to-date symlink: /home/mjlinux/Downloads/book_ros2_wrs/install/pal_gripper_controller_configuration/share/ament_index/resource_index/packages/pal_gripper_controller_configuration
[0.595s] -- Up-to-date symlink: /home/mjlinux/Downloads/book_ros2_wrs/install/pal_gripper_controller_configuration/share/pal_gripper_controller_configuration/cmake/pal_gripper_controller_configurationConfig.cmake
[0.598s] -- Up-to-date symlink: /home/mjlinux/Downloads/book_ros2_wrs/install/pal_gripper_controller_configuration/share/pal_gripper_controller_configuration/cmake/pal_gripper_controller_configurationConfig-version.cmake
[0.598s] -- Up-to-date symlink: /home/mjlinux/Downloads/book_ros2_wrs/install/pal_gripper_controller_configuration/share/pal_gripper_controller_configuration/package.xml
[0.612s] Invoked command in '/home/mjlinux/Downloads/book_ros2_wrs/build/pal_gripper_controller_configuration' returned '0': CMAKE_PREFIX_PATH=${CMAKE_PREFIX_PATH}:/home/mjlinux/Downloads/book_ros2_wrs/install/launch_pal:/home/mjlinux/Downloads/book_ros2_wrs/install/br2_fsm_bumpgo_py:/opt/ros/humble CONDA_PROMPT_MODIFIER=(ros) /usr/bin/cmake --install /home/mjlinux/Downloads/book_ros2_wrs/build/pal_gripper_controller_configuration
