[0.033s] Invoking command in '/home/mjlinux/Downloads/book_ros2_wrs/build/tiago_controller_configuration': AMENT_PREFIX_PATH=/home/mjlinux/Downloads/book_ros2_wrs/install/pal_gripper_controller_configuration:${AMENT_PREFIX_PATH} CMAKE_PREFIX_PATH=/home/mjlinux/Downloads/book_ros2_wrs/install/pal_gripper_controller_configuration:/opt/ros/humble /usr/bin/cmake /home/mjlinux/Downloads/book_ros2_wrs/ThirdParty/tiago_robot/tiago_controller_configuration -DAMENT_CMAKE_SYMLINK_INSTALL=1 -DCMAKE_INSTALL_PREFIX=/home/mjlinux/Downloads/book_ros2_wrs/install/tiago_controller_configuration
[0.079s] -- The C compiler identification is GNU 11.4.0
[0.149s] -- The CXX compiler identification is GNU 11.4.0
[0.155s] -- Detecting C compiler ABI info
[0.208s] -- Detecting C compiler ABI info - done
[0.214s] -- Check for working C compiler: /usr/bin/cc - skipped
[0.214s] -- Detecting C compile features
[0.214s] -- Detecting C compile features - done
[0.216s] -- Detecting CXX compiler ABI info
[0.299s] -- Detecting CXX compiler ABI info - done
[0.305s] -- Check for working CXX compiler: /usr/bin/c++ - skipped
[0.305s] -- Detecting CXX compile features
[0.305s] -- Detecting CXX compile features - done
[0.307s] -- Found ament_cmake_auto: 1.3.5 (/opt/ros/humble/share/ament_cmake_auto/cmake)
[0.460s] -- Found Python3: /usr/bin/python3.10 (found version "3.10.12") found components: Interpreter 
[0.496s] -- Override CMake install command with custom implementation using symlinks instead of copying resources
[0.577s] -- Found ament_lint_auto: 0.12.7 (/opt/ros/humble/share/ament_lint_auto/cmake)
[0.592s] -- Added test 'copyright' to check source files copyright and LICENSE
[0.595s] -- Added test 'flake8' to check Python code syntax and style conventions
[0.596s] -- Added test 'lint_cmake' to check CMake code style
[0.596s] -- Added test 'pep257' to check Python code against some of the docstring style conventions in PEP 257
[0.598s] -- Added test 'xmllint' to check XML markup files
[0.599s] -- Configuring done
[0.601s] -- Generating done
[0.602s] -- Build files have been written to: /home/mjlinux/Downloads/book_ros2_wrs/build/tiago_controller_configuration
[0.605s] Invoked command in '/home/mjlinux/Downloads/book_ros2_wrs/build/tiago_controller_configuration' returned '0': AMENT_PREFIX_PATH=/home/mjlinux/Downloads/book_ros2_wrs/install/pal_gripper_controller_configuration:${AMENT_PREFIX_PATH} CMAKE_PREFIX_PATH=/home/mjlinux/Downloads/book_ros2_wrs/install/pal_gripper_controller_configuration:/opt/ros/humble /usr/bin/cmake /home/mjlinux/Downloads/book_ros2_wrs/ThirdParty/tiago_robot/tiago_controller_configuration -DAMENT_CMAKE_SYMLINK_INSTALL=1 -DCMAKE_INSTALL_PREFIX=/home/mjlinux/Downloads/book_ros2_wrs/install/tiago_controller_configuration
[0.606s] Invoking command in '/home/mjlinux/Downloads/book_ros2_wrs/build/tiago_controller_configuration': AMENT_PREFIX_PATH=/home/mjlinux/Downloads/book_ros2_wrs/install/pal_gripper_controller_configuration:${AMENT_PREFIX_PATH} CMAKE_PREFIX_PATH=/home/mjlinux/Downloads/book_ros2_wrs/install/pal_gripper_controller_configuration:/opt/ros/humble /usr/bin/cmake --build /home/mjlinux/Downloads/book_ros2_wrs/build/tiago_controller_configuration -- -j4 -l4
[0.684s] Invoked command in '/home/mjlinux/Downloads/book_ros2_wrs/build/tiago_controller_configuration' returned '0': AMENT_PREFIX_PATH=/home/mjlinux/Downloads/book_ros2_wrs/install/pal_gripper_controller_configuration:${AMENT_PREFIX_PATH} CMAKE_PREFIX_PATH=/home/mjlinux/Downloads/book_ros2_wrs/install/pal_gripper_controller_configuration:/opt/ros/humble /usr/bin/cmake --build /home/mjlinux/Downloads/book_ros2_wrs/build/tiago_controller_configuration -- -j4 -l4
[0.709s] Invoking command in '/home/mjlinux/Downloads/book_ros2_wrs/build/tiago_controller_configuration': AMENT_PREFIX_PATH=/home/mjlinux/Downloads/book_ros2_wrs/install/pal_gripper_controller_configuration:${AMENT_PREFIX_PATH} CMAKE_PREFIX_PATH=/home/mjlinux/Downloads/book_ros2_wrs/install/pal_gripper_controller_configuration:/opt/ros/humble /usr/bin/cmake --install /home/mjlinux/Downloads/book_ros2_wrs/build/tiago_controller_configuration
[0.716s] -- Install configuration: ""
[0.717s] -- Execute custom install script
[0.718s] -- Symlinking: /home/mjlinux/Downloads/book_ros2_wrs/install/tiago_controller_configuration/share/tiago_controller_configuration/config/arm_controller.yaml
[0.726s] -- Symlinking: /home/mjlinux/Downloads/book_ros2_wrs/install/tiago_controller_configuration/share/tiago_controller_configuration/config/current_limit_controllers.yaml
[0.750s] -- Symlinking: /home/mjlinux/Downloads/book_ros2_wrs/install/tiago_controller_configuration/share/tiago_controller_configuration/config/default_safety_parameters.yaml
[0.759s] -- Symlinking: /home/mjlinux/Downloads/book_ros2_wrs/install/tiago_controller_configuration/share/tiago_controller_configuration/config/ft_sensor_controller.yaml
[0.766s] -- Symlinking: /home/mjlinux/Downloads/book_ros2_wrs/install/tiago_controller_configuration/share/tiago_controller_configuration/config/gazebo_controller_manager_cfg.yaml
[0.774s] -- Symlinking: /home/mjlinux/Downloads/book_ros2_wrs/install/tiago_controller_configuration/share/tiago_controller_configuration/config/gravity_compensation_controller.yaml
[0.781s] -- Symlinking: /home/mjlinux/Downloads/book_ros2_wrs/install/tiago_controller_configuration/share/tiago_controller_configuration/config/head_controller.yaml
[0.789s] -- Symlinking: /home/mjlinux/Downloads/book_ros2_wrs/install/tiago_controller_configuration/share/tiago_controller_configuration/config/joint_state_broadcaster.yaml
[0.799s] -- Symlinking: /home/mjlinux/Downloads/book_ros2_wrs/install/tiago_controller_configuration/share/tiago_controller_configuration/config/joint_state_controller_extra_joints.yaml
[0.806s] -- Symlinking: /home/mjlinux/Downloads/book_ros2_wrs/install/tiago_controller_configuration/share/tiago_controller_configuration/config/joint_trajectory_controllers.yaml
[0.815s] -- Symlinking: /home/mjlinux/Downloads/book_ros2_wrs/install/tiago_controller_configuration/share/tiago_controller_configuration/config/local_joint_control/actuator_parameters/actuator_parameters_specific_params.yaml
[0.822s] -- Symlinking: /home/mjlinux/Downloads/book_ros2_wrs/install/tiago_controller_configuration/share/tiago_controller_configuration/config/local_joint_control/actuator_parameters/actuator_safety_specific_params.yaml
[0.829s] -- Symlinking: /home/mjlinux/Downloads/book_ros2_wrs/install/tiago_controller_configuration/share/tiago_controller_configuration/config/local_joint_control/actuator_parameters/arm_1_joint.yaml
[0.847s] -- Symlinking: /home/mjlinux/Downloads/book_ros2_wrs/install/tiago_controller_configuration/share/tiago_controller_configuration/config/local_joint_control/actuator_parameters/arm_1_joint_safety.yaml
[0.858s] -- Symlinking: /home/mjlinux/Downloads/book_ros2_wrs/install/tiago_controller_configuration/share/tiago_controller_configuration/config/local_joint_control/actuator_parameters/arm_2_joint.yaml
[0.866s] -- Symlinking: /home/mjlinux/Downloads/book_ros2_wrs/install/tiago_controller_configuration/share/tiago_controller_configuration/config/local_joint_control/actuator_parameters/arm_2_joint_safety.yaml
[0.873s] -- Symlinking: /home/mjlinux/Downloads/book_ros2_wrs/install/tiago_controller_configuration/share/tiago_controller_configuration/config/local_joint_control/actuator_parameters/arm_3_joint.yaml
[0.881s] -- Symlinking: /home/mjlinux/Downloads/book_ros2_wrs/install/tiago_controller_configuration/share/tiago_controller_configuration/config/local_joint_control/actuator_parameters/arm_3_joint_safety.yaml
[0.888s] -- Symlinking: /home/mjlinux/Downloads/book_ros2_wrs/install/tiago_controller_configuration/share/tiago_controller_configuration/config/local_joint_control/actuator_parameters/arm_4_joint.yaml
[0.895s] -- Symlinking: /home/mjlinux/Downloads/book_ros2_wrs/install/tiago_controller_configuration/share/tiago_controller_configuration/config/local_joint_control/actuator_parameters/arm_4_joint_safety.yaml
[0.903s] -- Symlinking: /home/mjlinux/Downloads/book_ros2_wrs/install/tiago_controller_configuration/share/tiago_controller_configuration/config/local_joint_control/actuator_parameters/arm_5_joint.yaml
[0.910s] -- Symlinking: /home/mjlinux/Downloads/book_ros2_wrs/install/tiago_controller_configuration/share/tiago_controller_configuration/config/local_joint_control/actuator_parameters/arm_5_joint_safety.yaml
[0.918s] -- Symlinking: /home/mjlinux/Downloads/book_ros2_wrs/install/tiago_controller_configuration/share/tiago_controller_configuration/config/local_joint_control/actuator_parameters/arm_6_joint.yaml
[0.927s] -- Symlinking: /home/mjlinux/Downloads/book_ros2_wrs/install/tiago_controller_configuration/share/tiago_controller_configuration/config/local_joint_control/actuator_parameters/arm_6_joint_safety.yaml
[0.934s] -- Symlinking: /home/mjlinux/Downloads/book_ros2_wrs/install/tiago_controller_configuration/share/tiago_controller_configuration/config/local_joint_control/actuator_parameters/arm_7_joint.yaml
[0.960s] -- Symlinking: /home/mjlinux/Downloads/book_ros2_wrs/install/tiago_controller_configuration/share/tiago_controller_configuration/config/local_joint_control/actuator_parameters/arm_7_joint_safety.yaml
[0.970s] -- Symlinking: /home/mjlinux/Downloads/book_ros2_wrs/install/tiago_controller_configuration/share/tiago_controller_configuration/config/local_joint_control/actuator_parameters/head_1_joint.yaml
[0.978s] -- Symlinking: /home/mjlinux/Downloads/book_ros2_wrs/install/tiago_controller_configuration/share/tiago_controller_configuration/config/local_joint_control/actuator_parameters/head_2_joint.yaml
[0.986s] -- Symlinking: /home/mjlinux/Downloads/book_ros2_wrs/install/tiago_controller_configuration/share/tiago_controller_configuration/config/local_joint_control/actuator_parameters/torso_lift_joint.yaml
[0.994s] -- Symlinking: /home/mjlinux/Downloads/book_ros2_wrs/install/tiago_controller_configuration/share/tiago_controller_configuration/config/local_joint_control/direct_effort_control/arm_1_joint.yaml
[1.002s] -- Symlinking: /home/mjlinux/Downloads/book_ros2_wrs/install/tiago_controller_configuration/share/tiago_controller_configuration/config/local_joint_control/direct_effort_control/arm_2_joint.yaml
[1.011s] -- Symlinking: /home/mjlinux/Downloads/book_ros2_wrs/install/tiago_controller_configuration/share/tiago_controller_configuration/config/local_joint_control/direct_effort_control/arm_3_joint.yaml
[1.024s] -- Symlinking: /home/mjlinux/Downloads/book_ros2_wrs/install/tiago_controller_configuration/share/tiago_controller_configuration/config/local_joint_control/direct_effort_control/arm_4_joint.yaml
[1.051s] -- Symlinking: /home/mjlinux/Downloads/book_ros2_wrs/install/tiago_controller_configuration/share/tiago_controller_configuration/config/local_joint_control/direct_effort_control/arm_5_joint.yaml
[1.059s] -- Symlinking: /home/mjlinux/Downloads/book_ros2_wrs/install/tiago_controller_configuration/share/tiago_controller_configuration/config/local_joint_control/direct_effort_control/arm_6_joint.yaml
[1.066s] -- Symlinking: /home/mjlinux/Downloads/book_ros2_wrs/install/tiago_controller_configuration/share/tiago_controller_configuration/config/local_joint_control/direct_effort_control/arm_7_joint.yaml
[1.074s] -- Symlinking: /home/mjlinux/Downloads/book_ros2_wrs/install/tiago_controller_configuration/share/tiago_controller_configuration/config/local_joint_control/no_control/arm_1_joint_params.yaml
[1.082s] -- Symlinking: /home/mjlinux/Downloads/book_ros2_wrs/install/tiago_controller_configuration/share/tiago_controller_configuration/config/local_joint_control/no_control/arm_2_joint_params.yaml
[1.089s] -- Symlinking: /home/mjlinux/Downloads/book_ros2_wrs/install/tiago_controller_configuration/share/tiago_controller_configuration/config/local_joint_control/no_control/arm_3_joint_params.yaml
[1.097s] -- Symlinking: /home/mjlinux/Downloads/book_ros2_wrs/install/tiago_controller_configuration/share/tiago_controller_configuration/config/local_joint_control/no_control/arm_4_joint_params.yaml
[1.104s] -- Symlinking: /home/mjlinux/Downloads/book_ros2_wrs/install/tiago_controller_configuration/share/tiago_controller_configuration/config/local_joint_control/no_control/arm_5_joint_params.yaml
[1.112s] -- Symlinking: /home/mjlinux/Downloads/book_ros2_wrs/install/tiago_controller_configuration/share/tiago_controller_configuration/config/local_joint_control/no_control/arm_6_joint_params.yaml
[1.119s] -- Symlinking: /home/mjlinux/Downloads/book_ros2_wrs/install/tiago_controller_configuration/share/tiago_controller_configuration/config/local_joint_control/no_control/arm_7_joint_params.yaml
[1.127s] -- Symlinking: /home/mjlinux/Downloads/book_ros2_wrs/install/tiago_controller_configuration/share/tiago_controller_configuration/config/local_joint_control/no_control/torso_lift_joint_params.yaml
[1.150s] -- Symlinking: /home/mjlinux/Downloads/book_ros2_wrs/install/tiago_controller_configuration/share/tiago_controller_configuration/config/mobile_base_controller.yaml
[1.158s] -- Symlinking: /home/mjlinux/Downloads/book_ros2_wrs/install/tiago_controller_configuration/share/tiago_controller_configuration/config/mobile_base_controller_multipliers.yaml
[1.165s] -- Symlinking: /home/mjlinux/Downloads/book_ros2_wrs/install/tiago_controller_configuration/share/tiago_controller_configuration/config/pal-gripper_joint_trajectory_controllers.yaml
[1.172s] -- Symlinking: /home/mjlinux/Downloads/book_ros2_wrs/install/tiago_controller_configuration/share/tiago_controller_configuration/config/pal-hey5_joint_trajectory_controllers.yaml
[1.180s] -- Symlinking: /home/mjlinux/Downloads/book_ros2_wrs/install/tiago_controller_configuration/share/tiago_controller_configuration/config/pids.yaml
[1.187s] -- Symlinking: /home/mjlinux/Downloads/book_ros2_wrs/install/tiago_controller_configuration/share/tiago_controller_configuration/config/torso_controller.yaml
[1.200s] -- Symlinking: /home/mjlinux/Downloads/book_ros2_wrs/install/tiago_controller_configuration/share/tiago_controller_configuration/launch/arm_controller.launch.py
[1.208s] -- Symlinking: /home/mjlinux/Downloads/book_ros2_wrs/install/tiago_controller_configuration/share/tiago_controller_configuration/launch/default_controllers.launch.py
[1.216s] -- Symlinking: /home/mjlinux/Downloads/book_ros2_wrs/install/tiago_controller_configuration/share/tiago_controller_configuration/launch/ft_sensor_controller.launch.py
[1.223s] -- Symlinking: /home/mjlinux/Downloads/book_ros2_wrs/install/tiago_controller_configuration/share/tiago_controller_configuration/launch/gravity_compensation_controller.launch.py
[1.230s] -- Symlinking: /home/mjlinux/Downloads/book_ros2_wrs/install/tiago_controller_configuration/share/tiago_controller_configuration/launch/head_controller.launch.py
[1.253s] -- Symlinking: /home/mjlinux/Downloads/book_ros2_wrs/install/tiago_controller_configuration/share/tiago_controller_configuration/launch/joint_state_broadcaster.launch.py
[1.261s] -- Symlinking: /home/mjlinux/Downloads/book_ros2_wrs/install/tiago_controller_configuration/share/tiago_controller_configuration/launch/mobile_base_controller.launch.py
[1.269s] -- Symlinking: /home/mjlinux/Downloads/book_ros2_wrs/install/tiago_controller_configuration/share/tiago_controller_configuration/launch/pal-gripper_controller.launch.py
[1.276s] -- Symlinking: /home/mjlinux/Downloads/book_ros2_wrs/install/tiago_controller_configuration/share/tiago_controller_configuration/launch/pal-hey5_controller.launch.py
[1.286s] -- Symlinking: /home/mjlinux/Downloads/book_ros2_wrs/install/tiago_controller_configuration/share/tiago_controller_configuration/launch/torso_controller.launch.py
[1.294s] -- Symlinking: /home/mjlinux/Downloads/book_ros2_wrs/install/tiago_controller_configuration/share/ament_index/resource_index/package_run_dependencies/tiago_controller_configuration
[1.301s] -- Symlinking: /home/mjlinux/Downloads/book_ros2_wrs/install/tiago_controller_configuration/share/ament_index/resource_index/parent_prefix_path/tiago_controller_configuration
[1.309s] -- Symlinking: /home/mjlinux/Downloads/book_ros2_wrs/install/tiago_controller_configuration/share/tiago_controller_configuration/environment/ament_prefix_path.sh
[1.316s] -- Symlinking: /home/mjlinux/Downloads/book_ros2_wrs/install/tiago_controller_configuration/share/tiago_controller_configuration/environment/ament_prefix_path.dsv
[1.324s] -- Symlinking: /home/mjlinux/Downloads/book_ros2_wrs/install/tiago_controller_configuration/share/tiago_controller_configuration/environment/path.sh
[1.346s] -- Symlinking: /home/mjlinux/Downloads/book_ros2_wrs/install/tiago_controller_configuration/share/tiago_controller_configuration/environment/path.dsv
[1.354s] -- Symlinking: /home/mjlinux/Downloads/book_ros2_wrs/install/tiago_controller_configuration/share/tiago_controller_configuration/local_setup.bash
[1.383s] -- Symlinking: /home/mjlinux/Downloads/book_ros2_wrs/install/tiago_controller_configuration/share/tiago_controller_configuration/local_setup.sh
[1.395s] -- Symlinking: /home/mjlinux/Downloads/book_ros2_wrs/install/tiago_controller_configuration/share/tiago_controller_configuration/local_setup.zsh
[1.402s] -- Symlinking: /home/mjlinux/Downloads/book_ros2_wrs/install/tiago_controller_configuration/share/tiago_controller_configuration/local_setup.dsv
[1.409s] -- Symlinking: /home/mjlinux/Downloads/book_ros2_wrs/install/tiago_controller_configuration/share/tiago_controller_configuration/package.dsv
[1.425s] -- Symlinking: /home/mjlinux/Downloads/book_ros2_wrs/install/tiago_controller_configuration/share/ament_index/resource_index/packages/tiago_controller_configuration
[1.433s] -- Symlinking: /home/mjlinux/Downloads/book_ros2_wrs/install/tiago_controller_configuration/share/tiago_controller_configuration/cmake/tiago_controller_configurationConfig.cmake
[1.455s] -- Symlinking: /home/mjlinux/Downloads/book_ros2_wrs/install/tiago_controller_configuration/share/tiago_controller_configuration/cmake/tiago_controller_configurationConfig-version.cmake
[1.462s] -- Symlinking: /home/mjlinux/Downloads/book_ros2_wrs/install/tiago_controller_configuration/share/tiago_controller_configuration/package.xml
[1.474s] Invoked command in '/home/mjlinux/Downloads/book_ros2_wrs/build/tiago_controller_configuration' returned '0': AMENT_PREFIX_PATH=/home/mjlinux/Downloads/book_ros2_wrs/install/pal_gripper_controller_configuration:${AMENT_PREFIX_PATH} CMAKE_PREFIX_PATH=/home/mjlinux/Downloads/book_ros2_wrs/install/pal_gripper_controller_configuration:/opt/ros/humble /usr/bin/cmake --install /home/mjlinux/Downloads/book_ros2_wrs/build/tiago_controller_configuration
