[0.120s] Invoking command in '/home/mjlinux/Downloads/book_ros2_wrs/build/br2_tracking_msgs': CMAKE_PREFIX_PATH=${CMAKE_PREFIX_PATH}:/home/mjlinux/Downloads/book_ros2_wrs/install/launch_pal:/home/mjlinux/Downloads/book_ros2_wrs/install/br2_fsm_bumpgo_py:/opt/ros/humble CONDA_PROMPT_MODIFIER=(ros) /usr/bin/cmake /home/mjlinux/Downloads/book_ros2_wrs/book_ros2/br2_tracking_msgs -DAMENT_CMAKE_SYMLINK_INSTALL=1 -DCMAKE_INSTALL_PREFIX=/home/mjlinux/Downloads/book_ros2_wrs/install/br2_tracking_msgs
[0.134s] -- Found ament_cmake: 1.3.5 (/opt/ros/humble/share/ament_cmake/cmake)
[0.485s] -- Override CMake install command with custom implementation using symlinks instead of copying resources
[0.485s] -- Found builtin_interfaces: 1.2.1 (/opt/ros/humble/share/builtin_interfaces/cmake)
[0.583s] -- Found rosidl_generator_c: 3.1.5 (/opt/ros/humble/share/rosidl_generator_c/cmake)
[0.618s] -- Found rosidl_adapter: 3.1.5 (/opt/ros/humble/share/rosidl_adapter/cmake)
[0.627s] -- Found rosidl_generator_cpp: 3.1.5 (/opt/ros/humble/share/rosidl_generator_cpp/cmake)
[0.658s] -- Using all available rosidl_typesupport_c: rosidl_typesupport_fastrtps_c;rosidl_typesupport_introspection_c
[0.724s] -- Using all available rosidl_typesupport_cpp: rosidl_typesupport_fastrtps_cpp;rosidl_typesupport_introspection_cpp
[0.729s] -- Found rosidl_default_generators: 1.2.0 (/opt/ros/humble/share/rosidl_default_generators/cmake)
[1.129s] -- Found ament_cmake_ros: 0.10.0 (/opt/ros/humble/share/ament_cmake_ros/cmake)
[1.722s] -- Using all available rosidl_typesupport_c: rosidl_typesupport_fastrtps_c;rosidl_typesupport_introspection_c
[1.958s] -- Using all available rosidl_typesupport_cpp: rosidl_typesupport_fastrtps_cpp;rosidl_typesupport_introspection_cpp
[1.984s] -- Found python_cmake_module: 0.10.0 (/opt/ros/humble/share/python_cmake_module/cmake)
[2.009s] -- Using PYTHON_EXECUTABLE: /home/mjlinux/.conda/envs/ros/bin/python3
[2.009s] -- Using PYTHON_INCLUDE_DIRS: /home/mjlinux/.conda/envs/ros/include/python3.8
[2.010s] -- Using PYTHON_LIBRARIES: /home/mjlinux/.conda/envs/ros/lib/libpython3.8.so
[2.324s] -- Using numpy include directory: /home/mjlinux/.conda/envs/ros/lib/python3.8/site-packages/numpy/core/include
[2.368s] -- Configuring done
[2.416s] -- Generating done
[2.416s] -- Build files have been written to: /home/mjlinux/Downloads/book_ros2_wrs/build/br2_tracking_msgs
[2.418s] Invoked command in '/home/mjlinux/Downloads/book_ros2_wrs/build/br2_tracking_msgs' returned '0': CMAKE_PREFIX_PATH=${CMAKE_PREFIX_PATH}:/home/mjlinux/Downloads/book_ros2_wrs/install/launch_pal:/home/mjlinux/Downloads/book_ros2_wrs/install/br2_fsm_bumpgo_py:/opt/ros/humble CONDA_PROMPT_MODIFIER=(ros) /usr/bin/cmake /home/mjlinux/Downloads/book_ros2_wrs/book_ros2/br2_tracking_msgs -DAMENT_CMAKE_SYMLINK_INSTALL=1 -DCMAKE_INSTALL_PREFIX=/home/mjlinux/Downloads/book_ros2_wrs/install/br2_tracking_msgs
[2.418s] Invoking command in '/home/mjlinux/Downloads/book_ros2_wrs/build/br2_tracking_msgs': CMAKE_PREFIX_PATH=${CMAKE_PREFIX_PATH}:/home/mjlinux/Downloads/book_ros2_wrs/install/launch_pal:/home/mjlinux/Downloads/book_ros2_wrs/install/br2_fsm_bumpgo_py:/opt/ros/humble CONDA_PROMPT_MODIFIER=(ros) /usr/bin/cmake --build /home/mjlinux/Downloads/book_ros2_wrs/build/br2_tracking_msgs -- -j4 -l4
[2.481s] [  3%] [34m[1mGenerating C code for ROS interfaces[0m
[2.518s] [  3%] Built target ament_cmake_python_symlink_br2_tracking_msgs
[2.528s] [  6%] [34m[1mGenerating C++ code for ROS interfaces[0m
[2.888s] running egg_info
[2.888s] creating br2_tracking_msgs.egg-info
[2.888s] writing br2_tracking_msgs.egg-info/PKG-INFO
[2.888s] writing dependency_links to br2_tracking_msgs.egg-info/dependency_links.txt
[2.888s] writing top-level names to br2_tracking_msgs.egg-info/top_level.txt
[2.889s] writing manifest file 'br2_tracking_msgs.egg-info/SOURCES.txt'
[2.890s] reading manifest file 'br2_tracking_msgs.egg-info/SOURCES.txt'
[2.897s] writing manifest file 'br2_tracking_msgs.egg-info/SOURCES.txt'
[2.956s] [  6%] Built target br2_tracking_msgs__cpp
[2.957s] [  9%] [32mBuilding C object CMakeFiles/br2_tracking_msgs__rosidl_generator_c.dir/rosidl_generator_c/br2_tracking_msgs/msg/detail/pan_tilt_command__functions.c.o[0m
[2.987s] [ 12%] [34m[1mGenerating C++ type support dispatch for ROS interfaces[0m
[2.989s] [ 16%] [34m[1mGenerating C++ type support for eProsima Fast-RTPS[0m
[2.991s] [ 16%] Built target ament_cmake_python_build_br2_tracking_msgs_egg
[3.069s] [ 19%] [34m[1mGenerating C++ introspection for ROS interfaces[0m
[3.161s] [ 22%] [32m[1mLinking C shared library libbr2_tracking_msgs__rosidl_generator_c.so[0m
[3.268s] [ 22%] Built target br2_tracking_msgs__rosidl_generator_c
[3.325s] [ 25%] [34m[1mGenerating C type support for eProsima Fast-RTPS[0m
[3.440s] [ 29%] [32mBuilding CXX object CMakeFiles/br2_tracking_msgs__rosidl_typesupport_cpp.dir/rosidl_typesupport_cpp/br2_tracking_msgs/msg/pan_tilt_command__type_support.cpp.o[0m
[3.456s] [ 32%] [32mBuilding CXX object CMakeFiles/br2_tracking_msgs__rosidl_typesupport_introspection_cpp.dir/rosidl_typesupport_introspection_cpp/br2_tracking_msgs/msg/detail/pan_tilt_command__type_support.cpp.o[0m
[3.461s] [ 35%] [32mBuilding CXX object CMakeFiles/br2_tracking_msgs__rosidl_typesupport_fastrtps_cpp.dir/rosidl_typesupport_fastrtps_cpp/br2_tracking_msgs/msg/detail/dds_fastrtps/pan_tilt_command__type_support.cpp.o[0m
[3.848s] [ 38%] [32mBuilding CXX object CMakeFiles/br2_tracking_msgs__rosidl_typesupport_fastrtps_c.dir/rosidl_typesupport_fastrtps_c/br2_tracking_msgs/msg/detail/pan_tilt_command__type_support_c.cpp.o[0m
[4.136s] [ 41%] [32m[1mLinking CXX shared library libbr2_tracking_msgs__rosidl_typesupport_cpp.so[0m
[4.273s] [ 41%] Built target br2_tracking_msgs__rosidl_typesupport_cpp
[4.277s] [ 45%] [32m[1mLinking CXX shared library libbr2_tracking_msgs__rosidl_typesupport_fastrtps_cpp.so[0m
[4.294s] [ 48%] [32m[1mLinking CXX shared library libbr2_tracking_msgs__rosidl_typesupport_introspection_cpp.so[0m
[4.332s] [ 51%] [34m[1mGenerating C introspection for ROS interfaces[0m
[4.400s] [ 51%] Built target br2_tracking_msgs__rosidl_typesupport_introspection_cpp
[4.451s] [ 54%] [34m[1mGenerating C type support dispatch for ROS interfaces[0m
[4.478s] [ 54%] Built target br2_tracking_msgs__rosidl_typesupport_fastrtps_cpp
[4.529s] [ 58%] [32m[1mLinking CXX shared library libbr2_tracking_msgs__rosidl_typesupport_fastrtps_c.so[0m
[4.832s] [ 58%] Built target br2_tracking_msgs__rosidl_typesupport_fastrtps_c
[4.875s] [ 61%] [32mBuilding CXX object CMakeFiles/br2_tracking_msgs__rosidl_typesupport_c.dir/rosidl_typesupport_c/br2_tracking_msgs/msg/pan_tilt_command__type_support.cpp.o[0m
[4.905s] [ 64%] [32mBuilding C object CMakeFiles/br2_tracking_msgs__rosidl_typesupport_introspection_c.dir/rosidl_typesupport_introspection_c/br2_tracking_msgs/msg/detail/pan_tilt_command__type_support.c.o[0m
[5.052s] [ 67%] [32m[1mLinking CXX shared library libbr2_tracking_msgs__rosidl_typesupport_c.so[0m
[5.088s] [ 70%] [32m[1mLinking C shared library libbr2_tracking_msgs__rosidl_typesupport_introspection_c.so[0m
[5.211s] [ 70%] Built target br2_tracking_msgs__rosidl_typesupport_introspection_c
[5.223s] [ 70%] Built target br2_tracking_msgs__rosidl_typesupport_c
[5.309s] [ 70%] Built target br2_tracking_msgs
[5.359s] [ 74%] [34m[1mGenerating Python code for ROS interfaces[0m
[5.509s] Traceback (most recent call last):
[5.509s]   File "/opt/ros/humble/share/rosidl_generator_py/cmake/../../../lib/rosidl_generator_py/rosidl_generator_py", line 8, in <module>
[5.509s]     from rosidl_generator_py import generate_py
[5.509s] ImportError: cannot import name 'generate_py' from 'rosidl_generator_py' (/opt/ros/humble/local/lib/python3.10/dist-packages/rosidl_generator_py/__init__.py)
[5.533s] gmake[2]: *** [br2_tracking_msgs__py/CMakeFiles/br2_tracking_msgs__py.dir/build.make:93: rosidl_generator_py/br2_tracking_msgs/_br2_tracking_msgs_s.ep.rosidl_typesupport_fastrtps_c.c] Error 1
[5.533s] gmake[1]: *** [CMakeFiles/Makefile2:590: br2_tracking_msgs__py/CMakeFiles/br2_tracking_msgs__py.dir/all] Error 2
[5.533s] gmake: *** [Makefile:146: all] Error 2
[5.533s] Invoked command in '/home/mjlinux/Downloads/book_ros2_wrs/build/br2_tracking_msgs' returned '2': CMAKE_PREFIX_PATH=${CMAKE_PREFIX_PATH}:/home/mjlinux/Downloads/book_ros2_wrs/install/launch_pal:/home/mjlinux/Downloads/book_ros2_wrs/install/br2_fsm_bumpgo_py:/opt/ros/humble CONDA_PROMPT_MODIFIER=(ros) /usr/bin/cmake --build /home/mjlinux/Downloads/book_ros2_wrs/build/br2_tracking_msgs -- -j4 -l4
