[0.086s] Invoking command in '/home/mjlinux/Downloads/book_ros2_wrs/build/pmb2_navigation': AMENT_PREFIX_PATH=/home/mjlinux/Downloads/book_ros2_wrs/install/pmb2_2dnav:/home/mjlinux/Downloads/book_ros2_wrs/install/pmb2_maps:/home/mjlinux/Downloads/book_ros2_wrs/install/pmb2_laser_sensors:${AMENT_PREFIX_PATH} CMAKE_PREFIX_PATH=/home/mjlinux/Downloads/book_ros2_wrs/install/pmb2_2dnav:/home/mjlinux/Downloads/book_ros2_wrs/install/pmb2_maps:/home/mjlinux/Downloads/book_ros2_wrs/install/pmb2_laser_sensors:/opt/ros/humble /usr/bin/cmake --build /home/mjlinux/Downloads/book_ros2_wrs/build/pmb2_navigation -- -j4 -l4
[0.212s] Invoked command in '/home/mjlinux/Downloads/book_ros2_wrs/build/pmb2_navigation' returned '0': AMENT_PREFIX_PATH=/home/mjlinux/Downloads/book_ros2_wrs/install/pmb2_2dnav:/home/mjlinux/Downloads/book_ros2_wrs/install/pmb2_maps:/home/mjlinux/Downloads/book_ros2_wrs/install/pmb2_laser_sensors:${AMENT_PREFIX_PATH} CMAKE_PREFIX_PATH=/home/mjlinux/Downloads/book_ros2_wrs/install/pmb2_2dnav:/home/mjlinux/Downloads/book_ros2_wrs/install/pmb2_maps:/home/mjlinux/Downloads/book_ros2_wrs/install/pmb2_laser_sensors:/opt/ros/humble /usr/bin/cmake --build /home/mjlinux/Downloads/book_ros2_wrs/build/pmb2_navigation -- -j4 -l4
[0.371s] Invoking command in '/home/mjlinux/Downloads/book_ros2_wrs/build/pmb2_navigation': AMENT_PREFIX_PATH=/home/mjlinux/Downloads/book_ros2_wrs/install/pmb2_2dnav:/home/mjlinux/Downloads/book_ros2_wrs/install/pmb2_maps:/home/mjlinux/Downloads/book_ros2_wrs/install/pmb2_laser_sensors:${AMENT_PREFIX_PATH} CMAKE_PREFIX_PATH=/home/mjlinux/Downloads/book_ros2_wrs/install/pmb2_2dnav:/home/mjlinux/Downloads/book_ros2_wrs/install/pmb2_maps:/home/mjlinux/Downloads/book_ros2_wrs/install/pmb2_laser_sensors:/opt/ros/humble /usr/bin/cmake --install /home/mjlinux/Downloads/book_ros2_wrs/build/pmb2_navigation
[0.390s] -- Install configuration: ""
[0.390s] -- Execute custom install script
[0.390s] -- Up-to-date symlink: /home/mjlinux/Downloads/book_ros2_wrs/install/pmb2_navigation/share/ament_index/resource_index/package_run_dependencies/pmb2_navigation
[0.390s] -- Up-to-date symlink: /home/mjlinux/Downloads/book_ros2_wrs/install/pmb2_navigation/share/ament_index/resource_index/parent_prefix_path/pmb2_navigation
[0.390s] -- Up-to-date symlink: /home/mjlinux/Downloads/book_ros2_wrs/install/pmb2_navigation/share/pmb2_navigation/environment/ament_prefix_path.sh
[0.390s] -- Up-to-date symlink: /home/mjlinux/Downloads/book_ros2_wrs/install/pmb2_navigation/share/pmb2_navigation/environment/ament_prefix_path.dsv
[0.391s] -- Up-to-date symlink: /home/mjlinux/Downloads/book_ros2_wrs/install/pmb2_navigation/share/pmb2_navigation/environment/path.sh
[0.391s] -- Up-to-date symlink: /home/mjlinux/Downloads/book_ros2_wrs/install/pmb2_navigation/share/pmb2_navigation/environment/path.dsv
[0.391s] -- Up-to-date symlink: /home/mjlinux/Downloads/book_ros2_wrs/install/pmb2_navigation/share/pmb2_navigation/local_setup.bash
[0.391s] -- Up-to-date symlink: /home/mjlinux/Downloads/book_ros2_wrs/install/pmb2_navigation/share/pmb2_navigation/local_setup.sh
[0.391s] -- Up-to-date symlink: /home/mjlinux/Downloads/book_ros2_wrs/install/pmb2_navigation/share/pmb2_navigation/local_setup.zsh
[0.391s] -- Up-to-date symlink: /home/mjlinux/Downloads/book_ros2_wrs/install/pmb2_navigation/share/pmb2_navigation/local_setup.dsv
[0.391s] -- Symlinking: /home/mjlinux/Downloads/book_ros2_wrs/install/pmb2_navigation/share/pmb2_navigation/package.dsv
[0.398s] -- Up-to-date symlink: /home/mjlinux/Downloads/book_ros2_wrs/install/pmb2_navigation/share/ament_index/resource_index/packages/pmb2_navigation
[0.398s] -- Up-to-date symlink: /home/mjlinux/Downloads/book_ros2_wrs/install/pmb2_navigation/share/pmb2_navigation/cmake/pmb2_navigationConfig.cmake
[0.398s] -- Up-to-date symlink: /home/mjlinux/Downloads/book_ros2_wrs/install/pmb2_navigation/share/pmb2_navigation/cmake/pmb2_navigationConfig-version.cmake
[0.399s] -- Up-to-date symlink: /home/mjlinux/Downloads/book_ros2_wrs/install/pmb2_navigation/share/pmb2_navigation/package.xml
[0.402s] Invoked command in '/home/mjlinux/Downloads/book_ros2_wrs/build/pmb2_navigation' returned '0': AMENT_PREFIX_PATH=/home/mjlinux/Downloads/book_ros2_wrs/install/pmb2_2dnav:/home/mjlinux/Downloads/book_ros2_wrs/install/pmb2_maps:/home/mjlinux/Downloads/book_ros2_wrs/install/pmb2_laser_sensors:${AMENT_PREFIX_PATH} CMAKE_PREFIX_PATH=/home/mjlinux/Downloads/book_ros2_wrs/install/pmb2_2dnav:/home/mjlinux/Downloads/book_ros2_wrs/install/pmb2_maps:/home/mjlinux/Downloads/book_ros2_wrs/install/pmb2_laser_sensors:/opt/ros/humble /usr/bin/cmake --install /home/mjlinux/Downloads/book_ros2_wrs/build/pmb2_navigation
