[0.009s] Invoking command in '/home/mjlinux/Downloads/book_ros2_wrs/build/first_package': CMAKE_PREFIX_PATH=${CMAKE_PREFIX_PATH}:/home/mjlinux/Downloads/book_ros2_wrs/install/launch_pal:/home/mjlinux/Downloads/book_ros2_wrs/install/br2_fsm_bumpgo_py:/opt/ros/humble /usr/bin/cmake /home/mjlinux/Downloads/book_ros2_wrs/src/first_package -DAMENT_CMAKE_SYMLINK_INSTALL=1 -DCMAKE_INSTALL_PREFIX=/home/mjlinux/Downloads/book_ros2_wrs/install/first_package
[0.024s] -- Found ament_cmake: 1.3.5 (/opt/ros/humble/share/ament_cmake/cmake)
[0.173s] -- Override CMake install command with custom implementation using symlinks instead of copying resources
[0.181s] -- Found rclcpp: 16.0.5 (/opt/ros/humble/share/rclcpp/cmake)
[0.223s] -- Found rosidl_generator_c: 3.1.5 (/opt/ros/humble/share/rosidl_generator_c/cmake)
[0.225s] -- Found rosidl_adapter: 3.1.5 (/opt/ros/humble/share/rosidl_adapter/cmake)
[0.242s] -- Found rosidl_generator_cpp: 3.1.5 (/opt/ros/humble/share/rosidl_generator_cpp/cmake)
[0.259s] -- Using all available rosidl_typesupport_c: rosidl_typesupport_fastrtps_c;rosidl_typesupport_introspection_c
[0.272s] -- Using all available rosidl_typesupport_cpp: rosidl_typesupport_fastrtps_cpp;rosidl_typesupport_introspection_cpp
[0.342s] -- Found rmw_implementation_cmake: 6.1.1 (/opt/ros/humble/share/rmw_implementation_cmake/cmake)
[0.345s] -- Found rmw_fastrtps_cpp: 6.2.3 (/opt/ros/humble/share/rmw_fastrtps_cpp/cmake)
[0.490s] -- Using RMW implementation 'rmw_fastrtps_cpp' as default
[0.725s] [31mCMake Error at CMakeLists.txt:11 (find_package):
[0.725s]   By not providing "Findstd.cmake" in CMAKE_MODULE_PATH this project has
[0.725s]   asked CMake to find a package configuration file provided by "std", but
[0.725s]   CMake did not find one.
[0.725s] 
[0.725s]   Could not find a package configuration file provided by "std" with any of
[0.725s]   the following names:
[0.725s] 
[0.725s]     stdConfig.cmake
[0.725s]     std-config.cmake
[0.725s] 
[0.725s]   Add the installation prefix of "std" to CMAKE_PREFIX_PATH or set "std_DIR"
[0.725s]   to a directory containing one of the above files.  If "std" provides a
[0.725s]   separate development package or SDK, be sure it has been installed.
[0.725s] 
[0.725s] [0m
[0.725s] -- Configuring incomplete, errors occurred!
[0.725s] See also "/home/mjlinux/Downloads/book_ros2_wrs/build/first_package/CMakeFiles/CMakeOutput.log".
[0.726s] Invoked command in '/home/mjlinux/Downloads/book_ros2_wrs/build/first_package' returned '1': CMAKE_PREFIX_PATH=${CMAKE_PREFIX_PATH}:/home/mjlinux/Downloads/book_ros2_wrs/install/launch_pal:/home/mjlinux/Downloads/book_ros2_wrs/install/br2_fsm_bumpgo_py:/opt/ros/humble /usr/bin/cmake /home/mjlinux/Downloads/book_ros2_wrs/src/first_package -DAMENT_CMAKE_SYMLINK_INSTALL=1 -DCMAKE_INSTALL_PREFIX=/home/mjlinux/Downloads/book_ros2_wrs/install/first_package
