[0.063s] Invoking command in '/home/mjlinux/Downloads/book_ros2_wrs/build/br2_bt_patrolling': CMAKE_PREFIX_PATH=/opt/ros/humble /usr/bin/cmake /home/mjlinux/Downloads/book_ros2_wrs/book_ros2/br2_bt_patrolling -DAMENT_CMAKE_SYMLINK_INSTALL=1 -DCMAKE_INSTALL_PREFIX=/home/mjlinux/Downloads/book_ros2_wrs/install/br2_bt_patrolling
[0.300s] -- The C compiler identification is GNU 11.4.0
[0.507s] -- The CXX compiler identification is GNU 11.4.0
[0.521s] -- Detecting C compiler ABI info
[0.901s] -- Detecting C compiler ABI info - done
[0.901s] -- Check for working C compiler: /usr/bin/cc - skipped
[0.901s] -- Detecting C compile features
[0.901s] -- Detecting C compile features - done
[0.904s] -- Detecting CXX compiler ABI info
[1.106s] -- Detecting CXX compiler ABI info - done
[1.116s] -- Check for working CXX compiler: /usr/bin/c++ - skipped
[1.116s] -- Detecting CXX compile features
[1.116s] -- Detecting CXX compile features - done
[1.125s] -- Found ament_cmake: 1.3.5 (/opt/ros/humble/share/ament_cmake/cmake)
[1.665s] -- Found Python3: /usr/bin/python3.10 (found version "3.10.12") found components: Interpreter 
[1.921s] -- Override CMake install command with custom implementation using symlinks instead of copying resources
[2.033s] -- Found rclcpp: 16.0.5 (/opt/ros/humble/share/rclcpp/cmake)
[2.265s] -- Found rosidl_generator_c: 3.1.5 (/opt/ros/humble/share/rosidl_generator_c/cmake)
[2.285s] -- Found rosidl_adapter: 3.1.5 (/opt/ros/humble/share/rosidl_adapter/cmake)
[2.313s] -- Found rosidl_generator_cpp: 3.1.5 (/opt/ros/humble/share/rosidl_generator_cpp/cmake)
[2.465s] -- Using all available rosidl_typesupport_c: rosidl_typesupport_fastrtps_c;rosidl_typesupport_introspection_c
[2.525s] -- Using all available rosidl_typesupport_cpp: rosidl_typesupport_fastrtps_cpp;rosidl_typesupport_introspection_cpp
[2.812s] -- Found rmw_implementation_cmake: 6.1.1 (/opt/ros/humble/share/rmw_implementation_cmake/cmake)
[2.818s] -- Found rmw_fastrtps_cpp: 6.2.3 (/opt/ros/humble/share/rmw_fastrtps_cpp/cmake)
[3.488s] -- Found OpenSSL: /usr/lib/aarch64-linux-gnu/libcrypto.so (found version "3.0.2")  
[3.605s] -- Found FastRTPS: /opt/ros/humble/include  
[3.753s] -- Using RMW implementation 'rmw_fastrtps_cpp' as default
[3.839s] -- Looking for pthread.h
[4.443s] -- Looking for pthread.h - found
[4.445s] -- Performing Test CMAKE_HAVE_LIBC_PTHREAD
[5.205s] -- Performing Test CMAKE_HAVE_LIBC_PTHREAD - Success
[5.207s] -- Found Threads: TRUE  
[6.375s] -- Found rclcpp_lifecycle: 16.0.5 (/opt/ros/humble/share/rclcpp_lifecycle/cmake)
[6.650s] -- Found rclcpp_action: 16.0.5 (/opt/ros/humble/share/rclcpp_action/cmake)
[6.897s] -- Found geometry_msgs: 4.2.3 (/opt/ros/humble/share/geometry_msgs/cmake)
[7.086s] -- Found nav2_msgs: 1.1.9 (/opt/ros/humble/share/nav2_msgs/cmake)
[7.989s] -- Found ZMQ: /usr/lib/aarch64-linux-gnu/libzmq.so  
[7.989s] -- ZeroMQ found.
[8.104s] -- Found ament_lint_auto: 0.12.7 (/opt/ros/humble/share/ament_lint_auto/cmake)
[8.442s] -- Found gtest sources under '/opt/ros/humble/src/gtest_vendor': C++ tests using 'Google Test' will be built
[8.496s] -- Added test 'copyright' to check source files copyright and LICENSE
[8.501s] -- Added test 'cppcheck' to perform static code analysis on C / C++ code
[8.503s] -- Configured cppcheck include dirs: /home/mjlinux/Downloads/book_ros2_wrs/book_ros2/br2_bt_patrolling/include
[8.503s] -- Configured cppcheck exclude dirs and/or files: 
[8.505s] -- Added test 'cpplint' to check C / C++ code against the Google style
[8.505s] -- Configured cpplint exclude dirs and/or files: 
[8.506s] -- Added test 'flake8' to check Python code syntax and style conventions
[8.508s] -- Added test 'lint_cmake' to check CMake code style
[8.511s] -- Added test 'pep257' to check Python code against some of the docstring style conventions in PEP 257
[8.525s] -- Added test 'uncrustify' to check C / C++ code style
[8.526s] -- Configured uncrustify additional arguments: 
[8.526s] -- Added test 'xmllint' to check XML markup files
[8.529s] -- Configuring done
[8.805s] -- Generating done
[8.825s] -- Build files have been written to: /home/mjlinux/Downloads/book_ros2_wrs/build/br2_bt_patrolling
[9.229s] Invoked command in '/home/mjlinux/Downloads/book_ros2_wrs/build/br2_bt_patrolling' returned '0': CMAKE_PREFIX_PATH=/opt/ros/humble /usr/bin/cmake /home/mjlinux/Downloads/book_ros2_wrs/book_ros2/br2_bt_patrolling -DAMENT_CMAKE_SYMLINK_INSTALL=1 -DCMAKE_INSTALL_PREFIX=/home/mjlinux/Downloads/book_ros2_wrs/install/br2_bt_patrolling
[9.240s] Invoking command in '/home/mjlinux/Downloads/book_ros2_wrs/build/br2_bt_patrolling': CMAKE_PREFIX_PATH=/opt/ros/humble /usr/bin/cmake --build /home/mjlinux/Downloads/book_ros2_wrs/build/br2_bt_patrolling -- -j4 -l4
[9.860s] [  5%] [32mBuilding CXX object CMakeFiles/br2_move_bt_node.dir/src/br2_bt_patrolling/Move.cpp.o[0m
[9.872s] [ 10%] [32mBuilding CXX object CMakeFiles/br2_get_waypoint_bt_node.dir/src/br2_bt_patrolling/GetWaypoint.cpp.o[0m
[9.886s] [ 15%] [32mBuilding CXX object CMakeFiles/br2_patrol_bt_node.dir/src/br2_bt_patrolling/Patrol.cpp.o[0m
[9.913s] [ 20%] [32mBuilding CXX object CMakeFiles/br2_recharge_bt_node.dir/src/br2_bt_patrolling/Recharge.cpp.o[0m
[19.699s] [ 25%] [32m[1mLinking CXX shared library libbr2_recharge_bt_node.so[0m
[21.025s] [ 25%] Built target br2_recharge_bt_node
[42.412s] [ 30%] [32m[1mLinking CXX shared library libbr2_get_waypoint_bt_node.so[0m
[43.643s] [ 30%] Built target br2_get_waypoint_bt_node
[46.090s] [ 35%] [32m[1mLinking CXX shared library libbr2_move_bt_node.so[0m
[46.623s] [ 35%] Built target br2_move_bt_node
[47.846s] [ 40%] [32m[1mLinking CXX shared library libbr2_patrol_bt_node.so[0m
[48.316s] [ 40%] Built target br2_patrol_bt_node
[48.385s] [ 45%] [32mBuilding CXX object CMakeFiles/patrolling_main.dir/src/patrolling_main.cpp.o[0m
[58.370s] [ 50%] [32m[1mLinking CXX executable patrolling_main[0m
[59.037s] [ 50%] Built target patrolling_main
[59.078s] [ 55%] [32mBuilding CXX object gtest/CMakeFiles/gtest_main.dir/src/gtest_main.cc.o[0m
[60.697s] [ 60%] [32m[1mLinking CXX static library libgtest_main.a[0m
[61.274s] [ 60%] Built target gtest_main
[61.322s] [ 65%] [32mBuilding CXX object gtest/CMakeFiles/gtest.dir/src/gtest-all.cc.o[0m
[67.988s] [ 70%] [32m[1mLinking CXX static library libgtest.a[0m
[68.374s] [ 70%] Built target gtest
[68.459s] [ 75%] [32mBuilding CXX object CMakeFiles/br2_track_objects_bt_node.dir/src/br2_bt_patrolling/TrackObjects.cpp.o[0m
[83.912s] [ 80%] [32m[1mLinking CXX shared library libbr2_track_objects_bt_node.so[0m
[84.472s] [ 80%] Built target br2_track_objects_bt_node
[84.639s] [ 85%] [32mBuilding CXX object CMakeFiles/br2_battery_checker_bt_node.dir/src/br2_bt_patrolling/BatteryChecker.cpp.o[0m
[94.947s] [ 90%] [32m[1mLinking CXX shared library libbr2_battery_checker_bt_node.so[0m
[95.499s] [ 90%] Built target br2_battery_checker_bt_node
[95.551s] [ 95%] [32mBuilding CXX object tests/CMakeFiles/bt_action_test.dir/bt_action_test.cpp.o[0m
[114.948s] [100%] [32m[1mLinking CXX executable bt_action_test[0m
[116.055s] [100%] Built target bt_action_test
[116.161s] Invoked command in '/home/mjlinux/Downloads/book_ros2_wrs/build/br2_bt_patrolling' returned '0': CMAKE_PREFIX_PATH=/opt/ros/humble /usr/bin/cmake --build /home/mjlinux/Downloads/book_ros2_wrs/build/br2_bt_patrolling -- -j4 -l4
[116.240s] Invoking command in '/home/mjlinux/Downloads/book_ros2_wrs/build/br2_bt_patrolling': CMAKE_PREFIX_PATH=/opt/ros/humble /usr/bin/cmake --install /home/mjlinux/Downloads/book_ros2_wrs/build/br2_bt_patrolling
[116.247s] -- Install configuration: "Debug"
[116.248s] -- Execute custom install script
[116.249s] -- Symlinking: /home/mjlinux/Downloads/book_ros2_wrs/install/br2_bt_patrolling/lib/libbr2_recharge_bt_node.so
[116.257s] -- Symlinking: /home/mjlinux/Downloads/book_ros2_wrs/install/br2_bt_patrolling/lib/libbr2_patrol_bt_node.so
[116.265s] -- Symlinking: /home/mjlinux/Downloads/book_ros2_wrs/install/br2_bt_patrolling/lib/libbr2_move_bt_node.so
[116.274s] -- Symlinking: /home/mjlinux/Downloads/book_ros2_wrs/install/br2_bt_patrolling/lib/libbr2_get_waypoint_bt_node.so
[116.280s] -- Symlinking: /home/mjlinux/Downloads/book_ros2_wrs/install/br2_bt_patrolling/lib/libbr2_battery_checker_bt_node.so
[116.289s] -- Symlinking: /home/mjlinux/Downloads/book_ros2_wrs/install/br2_bt_patrolling/lib/libbr2_track_objects_bt_node.so
[116.321s] -- Symlinking: /home/mjlinux/Downloads/book_ros2_wrs/install/br2_bt_patrolling/lib/br2_bt_patrolling/patrolling_main
[116.332s] -- Symlinking: /home/mjlinux/Downloads/book_ros2_wrs/install/br2_bt_patrolling/include//br2_bt_patrolling/BatteryChecker.hpp
[116.342s] -- Symlinking: /home/mjlinux/Downloads/book_ros2_wrs/install/br2_bt_patrolling/include//br2_bt_patrolling/GetWaypoint.hpp
[116.351s] -- Symlinking: /home/mjlinux/Downloads/book_ros2_wrs/install/br2_bt_patrolling/include//br2_bt_patrolling/Move.hpp
[116.359s] -- Symlinking: /home/mjlinux/Downloads/book_ros2_wrs/install/br2_bt_patrolling/include//br2_bt_patrolling/Patrol.hpp
[116.368s] -- Symlinking: /home/mjlinux/Downloads/book_ros2_wrs/install/br2_bt_patrolling/include//br2_bt_patrolling/Recharge.hpp
[116.376s] -- Symlinking: /home/mjlinux/Downloads/book_ros2_wrs/install/br2_bt_patrolling/include//br2_bt_patrolling/TrackObjects.hpp
[116.383s] -- Symlinking: /home/mjlinux/Downloads/book_ros2_wrs/install/br2_bt_patrolling/include//br2_bt_patrolling/ctrl_support/BTActionNode.hpp
[116.391s] -- Symlinking: /home/mjlinux/Downloads/book_ros2_wrs/install/br2_bt_patrolling/include//br2_bt_patrolling/ctrl_support/BTLifecycleCtrlNode.hpp
[116.418s] -- Symlinking: /home/mjlinux/Downloads/book_ros2_wrs/install/br2_bt_patrolling/share/br2_bt_patrolling/behavior_tree_xml/patrolling.xml
[116.424s] -- Symlinking: /home/mjlinux/Downloads/book_ros2_wrs/install/br2_bt_patrolling/share/br2_bt_patrolling/launch/patrolling.launch.py
[116.433s] -- Symlinking: /home/mjlinux/Downloads/book_ros2_wrs/install/br2_bt_patrolling/share/ament_index/resource_index/package_run_dependencies/br2_bt_patrolling
[116.442s] -- Symlinking: /home/mjlinux/Downloads/book_ros2_wrs/install/br2_bt_patrolling/share/ament_index/resource_index/parent_prefix_path/br2_bt_patrolling
[116.450s] -- Symlinking: /home/mjlinux/Downloads/book_ros2_wrs/install/br2_bt_patrolling/share/br2_bt_patrolling/environment/ament_prefix_path.sh
[116.459s] -- Symlinking: /home/mjlinux/Downloads/book_ros2_wrs/install/br2_bt_patrolling/share/br2_bt_patrolling/environment/ament_prefix_path.dsv
[116.467s] -- Symlinking: /home/mjlinux/Downloads/book_ros2_wrs/install/br2_bt_patrolling/share/br2_bt_patrolling/environment/path.sh
[116.475s] -- Symlinking: /home/mjlinux/Downloads/book_ros2_wrs/install/br2_bt_patrolling/share/br2_bt_patrolling/environment/path.dsv
[116.484s] -- Symlinking: /home/mjlinux/Downloads/book_ros2_wrs/install/br2_bt_patrolling/share/br2_bt_patrolling/local_setup.bash
[116.493s] -- Symlinking: /home/mjlinux/Downloads/book_ros2_wrs/install/br2_bt_patrolling/share/br2_bt_patrolling/local_setup.sh
[116.502s] -- Symlinking: /home/mjlinux/Downloads/book_ros2_wrs/install/br2_bt_patrolling/share/br2_bt_patrolling/local_setup.zsh
[116.527s] -- Symlinking: /home/mjlinux/Downloads/book_ros2_wrs/install/br2_bt_patrolling/share/br2_bt_patrolling/local_setup.dsv
[116.536s] -- Symlinking: /home/mjlinux/Downloads/book_ros2_wrs/install/br2_bt_patrolling/share/br2_bt_patrolling/package.dsv
[116.545s] -- Symlinking: /home/mjlinux/Downloads/book_ros2_wrs/install/br2_bt_patrolling/share/ament_index/resource_index/packages/br2_bt_patrolling
[116.554s] -- Symlinking: /home/mjlinux/Downloads/book_ros2_wrs/install/br2_bt_patrolling/share/br2_bt_patrolling/cmake/ament_cmake_export_include_directories-extras.cmake
[116.564s] -- Symlinking: /home/mjlinux/Downloads/book_ros2_wrs/install/br2_bt_patrolling/share/br2_bt_patrolling/cmake/ament_cmake_export_dependencies-extras.cmake
[116.572s] -- Symlinking: /home/mjlinux/Downloads/book_ros2_wrs/install/br2_bt_patrolling/share/br2_bt_patrolling/cmake/br2_bt_patrollingConfig.cmake
[116.581s] -- Symlinking: /home/mjlinux/Downloads/book_ros2_wrs/install/br2_bt_patrolling/share/br2_bt_patrolling/cmake/br2_bt_patrollingConfig-version.cmake
[116.589s] -- Symlinking: /home/mjlinux/Downloads/book_ros2_wrs/install/br2_bt_patrolling/share/br2_bt_patrolling/package.xml
[116.602s] Invoked command in '/home/mjlinux/Downloads/book_ros2_wrs/build/br2_bt_patrolling' returned '0': CMAKE_PREFIX_PATH=/opt/ros/humble /usr/bin/cmake --install /home/mjlinux/Downloads/book_ros2_wrs/build/br2_bt_patrolling
