[0.007s] Invoking command in '/home/mjlinux/Downloads/book_ros2_wrs/build/br2_bt_bumpgo': CMAKE_PREFIX_PATH=/opt/ros/humble /usr/bin/cmake --build /home/mjlinux/Downloads/book_ros2_wrs/build/br2_bt_bumpgo -- -j4 -l4
[0.095s] [ 11%] Built target br2_forward_bt_node
[0.096s] [ 22%] Built target br2_turn_bt_node
[0.096s] [ 33%] Built target br2_is_obstacle_bt_node
[0.096s] [ 44%] Built target br2_back_bt_node
[0.159s] [ 55%] Built target bt_bumpgo
[0.160s] [ 66%] Built target gtest_main
[0.161s] [ 77%] Built target gtest
[0.168s] [ 88%] Built target bt_forward
[0.193s] [100%] Built target bt_action_test
[0.226s] Invoked command in '/home/mjlinux/Downloads/book_ros2_wrs/build/br2_bt_bumpgo' returned '0': CMAKE_PREFIX_PATH=/opt/ros/humble /usr/bin/cmake --build /home/mjlinux/Downloads/book_ros2_wrs/build/br2_bt_bumpgo -- -j4 -l4
[0.331s] Invoking command in '/home/mjlinux/Downloads/book_ros2_wrs/build/br2_bt_bumpgo': CMAKE_PREFIX_PATH=/opt/ros/humble /usr/bin/cmake --install /home/mjlinux/Downloads/book_ros2_wrs/build/br2_bt_bumpgo
[0.338s] -- Install configuration: ""
[0.339s] -- Execute custom install script
[0.339s] -- Up-to-date symlink: /home/mjlinux/Downloads/book_ros2_wrs/install/br2_bt_bumpgo/lib/libbr2_forward_bt_node.so
[0.339s] -- Up-to-date symlink: /home/mjlinux/Downloads/book_ros2_wrs/install/br2_bt_bumpgo/lib/libbr2_back_bt_node.so
[0.340s] -- Up-to-date symlink: /home/mjlinux/Downloads/book_ros2_wrs/install/br2_bt_bumpgo/lib/libbr2_turn_bt_node.so
[0.340s] -- Up-to-date symlink: /home/mjlinux/Downloads/book_ros2_wrs/install/br2_bt_bumpgo/lib/libbr2_is_obstacle_bt_node.so
[0.341s] -- Up-to-date symlink: /home/mjlinux/Downloads/book_ros2_wrs/install/br2_bt_bumpgo/lib/br2_bt_bumpgo/bt_bumpgo
[0.341s] -- Up-to-date symlink: /home/mjlinux/Downloads/book_ros2_wrs/install/br2_bt_bumpgo/include//br2_bt_bumpgo/Back.hpp
[0.342s] -- Up-to-date symlink: /home/mjlinux/Downloads/book_ros2_wrs/install/br2_bt_bumpgo/include//br2_bt_bumpgo/Forward.hpp
[0.342s] -- Up-to-date symlink: /home/mjlinux/Downloads/book_ros2_wrs/install/br2_bt_bumpgo/include//br2_bt_bumpgo/IsObstacle.hpp
[0.342s] -- Up-to-date symlink: /home/mjlinux/Downloads/book_ros2_wrs/install/br2_bt_bumpgo/include//br2_bt_bumpgo/Turn.hpp
[0.342s] -- Up-to-date symlink: /home/mjlinux/Downloads/book_ros2_wrs/install/br2_bt_bumpgo/share/br2_bt_bumpgo/behavior_tree_xml/bumpgo.xml
[0.343s] -- Up-to-date symlink: /home/mjlinux/Downloads/book_ros2_wrs/install/br2_bt_bumpgo/lib/br2_bt_bumpgo/bt_forward
[0.343s] -- Up-to-date symlink: /home/mjlinux/Downloads/book_ros2_wrs/install/br2_bt_bumpgo/share/ament_index/resource_index/package_run_dependencies/br2_bt_bumpgo
[0.343s] -- Up-to-date symlink: /home/mjlinux/Downloads/book_ros2_wrs/install/br2_bt_bumpgo/share/ament_index/resource_index/parent_prefix_path/br2_bt_bumpgo
[0.343s] -- Up-to-date symlink: /home/mjlinux/Downloads/book_ros2_wrs/install/br2_bt_bumpgo/share/br2_bt_bumpgo/environment/ament_prefix_path.sh
[0.343s] -- Up-to-date symlink: /home/mjlinux/Downloads/book_ros2_wrs/install/br2_bt_bumpgo/share/br2_bt_bumpgo/environment/ament_prefix_path.dsv
[0.343s] -- Up-to-date symlink: /home/mjlinux/Downloads/book_ros2_wrs/install/br2_bt_bumpgo/share/br2_bt_bumpgo/environment/path.sh
[0.344s] -- Up-to-date symlink: /home/mjlinux/Downloads/book_ros2_wrs/install/br2_bt_bumpgo/share/br2_bt_bumpgo/environment/path.dsv
[0.344s] -- Up-to-date symlink: /home/mjlinux/Downloads/book_ros2_wrs/install/br2_bt_bumpgo/share/br2_bt_bumpgo/local_setup.bash
[0.344s] -- Up-to-date symlink: /home/mjlinux/Downloads/book_ros2_wrs/install/br2_bt_bumpgo/share/br2_bt_bumpgo/local_setup.sh
[0.344s] -- Up-to-date symlink: /home/mjlinux/Downloads/book_ros2_wrs/install/br2_bt_bumpgo/share/br2_bt_bumpgo/local_setup.zsh
[0.344s] -- Up-to-date symlink: /home/mjlinux/Downloads/book_ros2_wrs/install/br2_bt_bumpgo/share/br2_bt_bumpgo/local_setup.dsv
[0.344s] -- Symlinking: /home/mjlinux/Downloads/book_ros2_wrs/install/br2_bt_bumpgo/share/br2_bt_bumpgo/package.dsv
[0.356s] -- Up-to-date symlink: /home/mjlinux/Downloads/book_ros2_wrs/install/br2_bt_bumpgo/share/ament_index/resource_index/packages/br2_bt_bumpgo
[0.356s] -- Up-to-date symlink: /home/mjlinux/Downloads/book_ros2_wrs/install/br2_bt_bumpgo/share/br2_bt_bumpgo/cmake/ament_cmake_export_include_directories-extras.cmake
[0.356s] -- Up-to-date symlink: /home/mjlinux/Downloads/book_ros2_wrs/install/br2_bt_bumpgo/share/br2_bt_bumpgo/cmake/ament_cmake_export_dependencies-extras.cmake
[0.356s] -- Up-to-date symlink: /home/mjlinux/Downloads/book_ros2_wrs/install/br2_bt_bumpgo/share/br2_bt_bumpgo/cmake/br2_bt_bumpgoConfig.cmake
[0.356s] -- Up-to-date symlink: /home/mjlinux/Downloads/book_ros2_wrs/install/br2_bt_bumpgo/share/br2_bt_bumpgo/cmake/br2_bt_bumpgoConfig-version.cmake
[0.356s] -- Up-to-date symlink: /home/mjlinux/Downloads/book_ros2_wrs/install/br2_bt_bumpgo/share/br2_bt_bumpgo/package.xml
[0.358s] Invoked command in '/home/mjlinux/Downloads/book_ros2_wrs/build/br2_bt_bumpgo' returned '0': CMAKE_PREFIX_PATH=/opt/ros/humble /usr/bin/cmake --install /home/mjlinux/Downloads/book_ros2_wrs/build/br2_bt_bumpgo
