[0.016s] Invoking command in '/home/mjlinux/Downloads/book_ros2_wrs/build/br2_bt_patrolling': CMAKE_PREFIX_PATH=${CMAKE_PREFIX_PATH}:/home/mjlinux/Downloads/book_ros2_wrs/install/launch_pal:/home/mjlinux/Downloads/book_ros2_wrs/install/br2_fsm_bumpgo_py:/opt/ros/humble /usr/bin/cmake --build /home/mjlinux/Downloads/book_ros2_wrs/build/br2_bt_patrolling -- -j4 -l4
[0.107s] [ 10%] Built target br2_recharge_bt_node
[0.111s] [ 20%] Built target br2_patrol_bt_node
[0.111s] [ 30%] Built target br2_get_waypoint_bt_node
[0.115s] [ 40%] Built target br2_move_bt_node
[0.167s] [ 50%] Built target br2_battery_checker_bt_node
[0.167s] [ 60%] Built target br2_track_objects_bt_node
[0.170s] [ 70%] Built target patrolling_main
[0.172s] [ 80%] Built target gtest_main
[0.190s] [ 90%] Built target gtest
[0.227s] [100%] Built target bt_action_test
[0.245s] Invoked command in '/home/mjlinux/Downloads/book_ros2_wrs/build/br2_bt_patrolling' returned '0': CMAKE_PREFIX_PATH=${CMAKE_PREFIX_PATH}:/home/mjlinux/Downloads/book_ros2_wrs/install/launch_pal:/home/mjlinux/Downloads/book_ros2_wrs/install/br2_fsm_bumpgo_py:/opt/ros/humble /usr/bin/cmake --build /home/mjlinux/Downloads/book_ros2_wrs/build/br2_bt_patrolling -- -j4 -l4
[0.321s] Invoking command in '/home/mjlinux/Downloads/book_ros2_wrs/build/br2_bt_patrolling': CMAKE_PREFIX_PATH=${CMAKE_PREFIX_PATH}:/home/mjlinux/Downloads/book_ros2_wrs/install/launch_pal:/home/mjlinux/Downloads/book_ros2_wrs/install/br2_fsm_bumpgo_py:/opt/ros/humble /usr/bin/cmake --install /home/mjlinux/Downloads/book_ros2_wrs/build/br2_bt_patrolling
[0.334s] -- Install configuration: "Debug"
[0.335s] -- Execute custom install script
[0.336s] -- Up-to-date symlink: /home/mjlinux/Downloads/book_ros2_wrs/install/br2_bt_patrolling/lib/libbr2_recharge_bt_node.so
[0.336s] -- Up-to-date symlink: /home/mjlinux/Downloads/book_ros2_wrs/install/br2_bt_patrolling/lib/libbr2_patrol_bt_node.so
[0.336s] -- Up-to-date symlink: /home/mjlinux/Downloads/book_ros2_wrs/install/br2_bt_patrolling/lib/libbr2_move_bt_node.so
[0.336s] -- Up-to-date symlink: /home/mjlinux/Downloads/book_ros2_wrs/install/br2_bt_patrolling/lib/libbr2_get_waypoint_bt_node.so
[0.337s] -- Up-to-date symlink: /home/mjlinux/Downloads/book_ros2_wrs/install/br2_bt_patrolling/lib/libbr2_battery_checker_bt_node.so
[0.337s] -- Up-to-date symlink: /home/mjlinux/Downloads/book_ros2_wrs/install/br2_bt_patrolling/lib/libbr2_track_objects_bt_node.so
[0.337s] -- Up-to-date symlink: /home/mjlinux/Downloads/book_ros2_wrs/install/br2_bt_patrolling/lib/br2_bt_patrolling/patrolling_main
[0.337s] -- Up-to-date symlink: /home/mjlinux/Downloads/book_ros2_wrs/install/br2_bt_patrolling/include//br2_bt_patrolling/BatteryChecker.hpp
[0.338s] -- Up-to-date symlink: /home/mjlinux/Downloads/book_ros2_wrs/install/br2_bt_patrolling/include//br2_bt_patrolling/GetWaypoint.hpp
[0.338s] -- Up-to-date symlink: /home/mjlinux/Downloads/book_ros2_wrs/install/br2_bt_patrolling/include//br2_bt_patrolling/Move.hpp
[0.338s] -- Up-to-date symlink: /home/mjlinux/Downloads/book_ros2_wrs/install/br2_bt_patrolling/include//br2_bt_patrolling/Patrol.hpp
[0.338s] -- Up-to-date symlink: /home/mjlinux/Downloads/book_ros2_wrs/install/br2_bt_patrolling/include//br2_bt_patrolling/Recharge.hpp
[0.338s] -- Up-to-date symlink: /home/mjlinux/Downloads/book_ros2_wrs/install/br2_bt_patrolling/include//br2_bt_patrolling/TrackObjects.hpp
[0.338s] -- Up-to-date symlink: /home/mjlinux/Downloads/book_ros2_wrs/install/br2_bt_patrolling/include//br2_bt_patrolling/ctrl_support/BTActionNode.hpp
[0.338s] -- Up-to-date symlink: /home/mjlinux/Downloads/book_ros2_wrs/install/br2_bt_patrolling/include//br2_bt_patrolling/ctrl_support/BTLifecycleCtrlNode.hpp
[0.339s] -- Up-to-date symlink: /home/mjlinux/Downloads/book_ros2_wrs/install/br2_bt_patrolling/share/br2_bt_patrolling/behavior_tree_xml/patrolling.xml
[0.341s] -- Up-to-date symlink: /home/mjlinux/Downloads/book_ros2_wrs/install/br2_bt_patrolling/share/br2_bt_patrolling/launch/patrolling.launch.py
[0.341s] -- Up-to-date symlink: /home/mjlinux/Downloads/book_ros2_wrs/install/br2_bt_patrolling/share/ament_index/resource_index/package_run_dependencies/br2_bt_patrolling
[0.341s] -- Up-to-date symlink: /home/mjlinux/Downloads/book_ros2_wrs/install/br2_bt_patrolling/share/ament_index/resource_index/parent_prefix_path/br2_bt_patrolling
[0.341s] -- Up-to-date symlink: /home/mjlinux/Downloads/book_ros2_wrs/install/br2_bt_patrolling/share/br2_bt_patrolling/environment/ament_prefix_path.sh
[0.341s] -- Up-to-date symlink: /home/mjlinux/Downloads/book_ros2_wrs/install/br2_bt_patrolling/share/br2_bt_patrolling/environment/ament_prefix_path.dsv
[0.341s] -- Up-to-date symlink: /home/mjlinux/Downloads/book_ros2_wrs/install/br2_bt_patrolling/share/br2_bt_patrolling/environment/path.sh
[0.341s] -- Up-to-date symlink: /home/mjlinux/Downloads/book_ros2_wrs/install/br2_bt_patrolling/share/br2_bt_patrolling/environment/path.dsv
[0.341s] -- Up-to-date symlink: /home/mjlinux/Downloads/book_ros2_wrs/install/br2_bt_patrolling/share/br2_bt_patrolling/local_setup.bash
[0.341s] -- Up-to-date symlink: /home/mjlinux/Downloads/book_ros2_wrs/install/br2_bt_patrolling/share/br2_bt_patrolling/local_setup.sh
[0.341s] -- Up-to-date symlink: /home/mjlinux/Downloads/book_ros2_wrs/install/br2_bt_patrolling/share/br2_bt_patrolling/local_setup.zsh
[0.341s] -- Up-to-date symlink: /home/mjlinux/Downloads/book_ros2_wrs/install/br2_bt_patrolling/share/br2_bt_patrolling/local_setup.dsv
[0.341s] -- Symlinking: /home/mjlinux/Downloads/book_ros2_wrs/install/br2_bt_patrolling/share/br2_bt_patrolling/package.dsv
[0.350s] -- Up-to-date symlink: /home/mjlinux/Downloads/book_ros2_wrs/install/br2_bt_patrolling/share/ament_index/resource_index/packages/br2_bt_patrolling
[0.350s] -- Up-to-date symlink: /home/mjlinux/Downloads/book_ros2_wrs/install/br2_bt_patrolling/share/br2_bt_patrolling/cmake/ament_cmake_export_include_directories-extras.cmake
[0.350s] -- Up-to-date symlink: /home/mjlinux/Downloads/book_ros2_wrs/install/br2_bt_patrolling/share/br2_bt_patrolling/cmake/ament_cmake_export_dependencies-extras.cmake
[0.350s] -- Up-to-date symlink: /home/mjlinux/Downloads/book_ros2_wrs/install/br2_bt_patrolling/share/br2_bt_patrolling/cmake/br2_bt_patrollingConfig.cmake
[0.350s] -- Up-to-date symlink: /home/mjlinux/Downloads/book_ros2_wrs/install/br2_bt_patrolling/share/br2_bt_patrolling/cmake/br2_bt_patrollingConfig-version.cmake
[0.350s] -- Up-to-date symlink: /home/mjlinux/Downloads/book_ros2_wrs/install/br2_bt_patrolling/share/br2_bt_patrolling/package.xml
[0.356s] Invoked command in '/home/mjlinux/Downloads/book_ros2_wrs/build/br2_bt_patrolling' returned '0': CMAKE_PREFIX_PATH=${CMAKE_PREFIX_PATH}:/home/mjlinux/Downloads/book_ros2_wrs/install/launch_pal:/home/mjlinux/Downloads/book_ros2_wrs/install/br2_fsm_bumpgo_py:/opt/ros/humble /usr/bin/cmake --install /home/mjlinux/Downloads/book_ros2_wrs/build/br2_bt_patrolling
