[0.012s] Invoking command in '/home/mjlinux/Downloads/book_ros2_wrs/build/pal_gazebo_worlds': CMAKE_PREFIX_PATH=/opt/ros/humble /usr/bin/cmake /home/mjlinux/Downloads/book_ros2_wrs/ThirdParty/pal_gazebo_worlds -DAMENT_CMAKE_SYMLINK_INSTALL=1 -DCMAKE_INSTALL_PREFIX=/home/mjlinux/Downloads/book_ros2_wrs/install/pal_gazebo_worlds
[0.090s] -- The C compiler identification is GNU 11.4.0
[0.152s] -- The CXX compiler identification is GNU 11.4.0
[0.159s] -- Detecting C compiler ABI info
[0.225s] -- Detecting C compiler ABI info - done
[0.245s] -- Check for working C compiler: /usr/bin/cc - skipped
[0.246s] -- Detecting C compile features
[0.246s] -- Detecting C compile features - done
[0.249s] -- Detecting CXX compiler ABI info
[0.310s] -- Detecting CXX compiler ABI info - done
[0.316s] -- Check for working CXX compiler: /usr/bin/c++ - skipped
[0.317s] -- Detecting CXX compile features
[0.317s] -- Detecting CXX compile features - done
[0.319s] -- Found ament_cmake_auto: 1.3.5 (/opt/ros/humble/share/ament_cmake_auto/cmake)
[0.473s] -- Found Python3: /usr/bin/python3.10 (found version "3.10.12") found components: Interpreter 
[0.518s] -- Override CMake install command with custom implementation using symlinks instead of copying resources
[0.563s] -- Found ament_lint_auto: 0.12.7 (/opt/ros/humble/share/ament_lint_auto/cmake)
[0.616s] -- Added test 'copyright' to check source files copyright and LICENSE
[0.671s] -- Added test 'flake8' to check Python code syntax and style conventions
[0.676s] -- Added test 'lint_cmake' to check CMake code style
[0.678s] -- Added test 'pep257' to check Python code against some of the docstring style conventions in PEP 257
[0.696s] -- Added test 'xmllint' to check XML markup files
[0.697s] -- Configuring done
[0.699s] -- Generating done
[0.700s] -- Build files have been written to: /home/mjlinux/Downloads/book_ros2_wrs/build/pal_gazebo_worlds
[0.704s] Invoked command in '/home/mjlinux/Downloads/book_ros2_wrs/build/pal_gazebo_worlds' returned '0': CMAKE_PREFIX_PATH=/opt/ros/humble /usr/bin/cmake /home/mjlinux/Downloads/book_ros2_wrs/ThirdParty/pal_gazebo_worlds -DAMENT_CMAKE_SYMLINK_INSTALL=1 -DCMAKE_INSTALL_PREFIX=/home/mjlinux/Downloads/book_ros2_wrs/install/pal_gazebo_worlds
[0.704s] Invoking command in '/home/mjlinux/Downloads/book_ros2_wrs/build/pal_gazebo_worlds': CMAKE_PREFIX_PATH=/opt/ros/humble /usr/bin/cmake --build /home/mjlinux/Downloads/book_ros2_wrs/build/pal_gazebo_worlds -- -j4 -l4
[0.760s] Invoked command in '/home/mjlinux/Downloads/book_ros2_wrs/build/pal_gazebo_worlds' returned '0': CMAKE_PREFIX_PATH=/opt/ros/humble /usr/bin/cmake --build /home/mjlinux/Downloads/book_ros2_wrs/build/pal_gazebo_worlds -- -j4 -l4
[0.799s] Invoking command in '/home/mjlinux/Downloads/book_ros2_wrs/build/pal_gazebo_worlds': CMAKE_PREFIX_PATH=/opt/ros/humble /usr/bin/cmake --install /home/mjlinux/Downloads/book_ros2_wrs/build/pal_gazebo_worlds
[0.805s] -- Install configuration: ""
[0.806s] -- Execute custom install script
[0.807s] -- Symlinking: /home/mjlinux/Downloads/book_ros2_wrs/install/pal_gazebo_worlds/share/pal_gazebo_worlds/config/gazebo_params.yaml
[0.814s] -- Symlinking: /home/mjlinux/Downloads/book_ros2_wrs/install/pal_gazebo_worlds/share/pal_gazebo_worlds/launch/pal_gazebo.launch.py
[0.829s] -- Symlinking: /home/mjlinux/Downloads/book_ros2_wrs/install/pal_gazebo_worlds/share/pal_gazebo_worlds/models/arm_chair/arm_chair.sdf
[0.847s] -- Symlinking: /home/mjlinux/Downloads/book_ros2_wrs/install/pal_gazebo_worlds/share/pal_gazebo_worlds/models/arm_chair/meshes/arm_chair.stl
[0.854s] -- Symlinking: /home/mjlinux/Downloads/book_ros2_wrs/install/pal_gazebo_worlds/share/pal_gazebo_worlds/models/arm_chair/model.config
[0.881s] -- Symlinking: /home/mjlinux/Downloads/book_ros2_wrs/install/pal_gazebo_worlds/share/pal_gazebo_worlds/models/aruco_board/aruco_board.sdf
[0.893s] -- Symlinking: /home/mjlinux/Downloads/book_ros2_wrs/install/pal_gazebo_worlds/share/pal_gazebo_worlds/models/aruco_board/material/scripts/aruco_board.material
[0.901s] -- Symlinking: /home/mjlinux/Downloads/book_ros2_wrs/install/pal_gazebo_worlds/share/pal_gazebo_worlds/models/aruco_board/material/textures/aruco_board.png
[0.916s] -- Symlinking: /home/mjlinux/Downloads/book_ros2_wrs/install/pal_gazebo_worlds/share/pal_gazebo_worlds/models/aruco_board/model.config
[0.947s] -- Symlinking: /home/mjlinux/Downloads/book_ros2_wrs/install/pal_gazebo_worlds/share/pal_gazebo_worlds/models/aruco_cube/aruco_cube.sdf
[0.951s] -- Symlinking: /home/mjlinux/Downloads/book_ros2_wrs/install/pal_gazebo_worlds/share/pal_gazebo_worlds/models/aruco_cube/meshes/aruco_cube_5cm.dae
[0.959s] -- Symlinking: /home/mjlinux/Downloads/book_ros2_wrs/install/pal_gazebo_worlds/share/pal_gazebo_worlds/models/aruco_cube/meshes/aruco_cube_6cm.dae
[0.967s] -- Symlinking: /home/mjlinux/Downloads/book_ros2_wrs/install/pal_gazebo_worlds/share/pal_gazebo_worlds/models/aruco_cube/meshes/aruco_cube_8cm.dae
[0.975s] -- Symlinking: /home/mjlinux/Downloads/book_ros2_wrs/install/pal_gazebo_worlds/share/pal_gazebo_worlds/models/aruco_cube/meshes/marker582.png
[0.983s] -- Symlinking: /home/mjlinux/Downloads/book_ros2_wrs/install/pal_gazebo_worlds/share/pal_gazebo_worlds/models/aruco_cube/meshes/marker582_small_margin.png
[0.991s] -- Symlinking: /home/mjlinux/Downloads/book_ros2_wrs/install/pal_gazebo_worlds/share/pal_gazebo_worlds/models/aruco_cube/model.config
[1.000s] -- Symlinking: /home/mjlinux/Downloads/book_ros2_wrs/install/pal_gazebo_worlds/share/pal_gazebo_worlds/models/aruco_marker_250_6x6_1/aruco_marker_250_6x6.sdf
[1.019s] -- Symlinking: /home/mjlinux/Downloads/book_ros2_wrs/install/pal_gazebo_worlds/share/pal_gazebo_worlds/models/aruco_marker_250_6x6_1/material/scripts/aruco_marker_250_6x6.material
[1.046s] -- Symlinking: /home/mjlinux/Downloads/book_ros2_wrs/install/pal_gazebo_worlds/share/pal_gazebo_worlds/models/aruco_marker_250_6x6_1/material/textures/Aruco_6x6_250_0.png
[1.054s] -- Symlinking: /home/mjlinux/Downloads/book_ros2_wrs/install/pal_gazebo_worlds/share/pal_gazebo_worlds/models/aruco_marker_250_6x6_1/model.config
[1.062s] -- Symlinking: /home/mjlinux/Downloads/book_ros2_wrs/install/pal_gazebo_worlds/share/pal_gazebo_worlds/models/aruco_marker_250_6x6_2/aruco_marker_250_6x6.sdf
[1.080s] -- Symlinking: /home/mjlinux/Downloads/book_ros2_wrs/install/pal_gazebo_worlds/share/pal_gazebo_worlds/models/aruco_marker_250_6x6_2/material/scripts/aruco_marker_250_6x6.material
[1.087s] -- Symlinking: /home/mjlinux/Downloads/book_ros2_wrs/install/pal_gazebo_worlds/share/pal_gazebo_worlds/models/aruco_marker_250_6x6_2/material/textures/Aruco_6x6_250_1.png
[1.095s] -- Symlinking: /home/mjlinux/Downloads/book_ros2_wrs/install/pal_gazebo_worlds/share/pal_gazebo_worlds/models/aruco_marker_250_6x6_2/model.config
[1.102s] -- Symlinking: /home/mjlinux/Downloads/book_ros2_wrs/install/pal_gazebo_worlds/share/pal_gazebo_worlds/models/aruco_marker_250_6x6_3/aruco_marker_250_6x6.sdf
[1.113s] -- Symlinking: /home/mjlinux/Downloads/book_ros2_wrs/install/pal_gazebo_worlds/share/pal_gazebo_worlds/models/aruco_marker_250_6x6_3/material/scripts/aruco_marker_250_6x6.material
[1.127s] -- Symlinking: /home/mjlinux/Downloads/book_ros2_wrs/install/pal_gazebo_worlds/share/pal_gazebo_worlds/models/aruco_marker_250_6x6_3/material/textures/Aruco_6x6_250_2.png
[1.146s] -- Symlinking: /home/mjlinux/Downloads/book_ros2_wrs/install/pal_gazebo_worlds/share/pal_gazebo_worlds/models/aruco_marker_250_6x6_3/model.config
[1.153s] -- Symlinking: /home/mjlinux/Downloads/book_ros2_wrs/install/pal_gazebo_worlds/share/pal_gazebo_worlds/models/aruco_marker_250_6x6_4/aruco_marker_250_6x6.sdf
[1.160s] -- Symlinking: /home/mjlinux/Downloads/book_ros2_wrs/install/pal_gazebo_worlds/share/pal_gazebo_worlds/models/aruco_marker_250_6x6_4/material/scripts/aruco_marker_250_6x6.material
[1.168s] -- Symlinking: /home/mjlinux/Downloads/book_ros2_wrs/install/pal_gazebo_worlds/share/pal_gazebo_worlds/models/aruco_marker_250_6x6_4/material/textures/Aruco_6x6_250_3.png
[1.175s] -- Symlinking: /home/mjlinux/Downloads/book_ros2_wrs/install/pal_gazebo_worlds/share/pal_gazebo_worlds/models/aruco_marker_250_6x6_4/model.config
[1.182s] -- Symlinking: /home/mjlinux/Downloads/book_ros2_wrs/install/pal_gazebo_worlds/share/pal_gazebo_worlds/models/aruco_marker_6cm_238/aruco_marker_6cm.sdf
[1.199s] -- Symlinking: /home/mjlinux/Downloads/book_ros2_wrs/install/pal_gazebo_worlds/share/pal_gazebo_worlds/models/aruco_marker_6cm_238/material/scripts/aruco_marker_original.material
[1.207s] -- Symlinking: /home/mjlinux/Downloads/book_ros2_wrs/install/pal_gazebo_worlds/share/pal_gazebo_worlds/models/aruco_marker_6cm_238/material/textures/Aruco_6cm_238.png
[1.214s] -- Symlinking: /home/mjlinux/Downloads/book_ros2_wrs/install/pal_gazebo_worlds/share/pal_gazebo_worlds/models/aruco_marker_6cm_238/model.config
[1.221s] -- Symlinking: /home/mjlinux/Downloads/book_ros2_wrs/install/pal_gazebo_worlds/share/pal_gazebo_worlds/models/aruco_marker_6cm_26/aruco_marker_6cm.sdf
[1.228s] -- Symlinking: /home/mjlinux/Downloads/book_ros2_wrs/install/pal_gazebo_worlds/share/pal_gazebo_worlds/models/aruco_marker_6cm_26/material/scripts/aruco_marker_original.material
[1.250s] -- Symlinking: /home/mjlinux/Downloads/book_ros2_wrs/install/pal_gazebo_worlds/share/pal_gazebo_worlds/models/aruco_marker_6cm_26/material/textures/Aruco_6cm_26.png
[1.258s] -- Symlinking: /home/mjlinux/Downloads/book_ros2_wrs/install/pal_gazebo_worlds/share/pal_gazebo_worlds/models/aruco_marker_6cm_26/model.config
[1.265s] -- Symlinking: /home/mjlinux/Downloads/book_ros2_wrs/install/pal_gazebo_worlds/share/pal_gazebo_worlds/models/aruco_marker_6cm_582/aruco_marker_6cm.sdf
[1.272s] -- Symlinking: /home/mjlinux/Downloads/book_ros2_wrs/install/pal_gazebo_worlds/share/pal_gazebo_worlds/models/aruco_marker_6cm_582/material/scripts/aruco_marker_original.material
[1.280s] -- Symlinking: /home/mjlinux/Downloads/book_ros2_wrs/install/pal_gazebo_worlds/share/pal_gazebo_worlds/models/aruco_marker_6cm_582/material/textures/Aruco_6cm_582.png
[1.287s] -- Symlinking: /home/mjlinux/Downloads/book_ros2_wrs/install/pal_gazebo_worlds/share/pal_gazebo_worlds/models/aruco_marker_6cm_582/model.config
[1.295s] -- Symlinking: /home/mjlinux/Downloads/book_ros2_wrs/install/pal_gazebo_worlds/share/pal_gazebo_worlds/models/aruco_marker_6cm_63/aruco_marker_6cm.sdf
[1.302s] -- Symlinking: /home/mjlinux/Downloads/book_ros2_wrs/install/pal_gazebo_worlds/share/pal_gazebo_worlds/models/aruco_marker_6cm_63/material/scripts/aruco_marker_original.material
[1.310s] -- Symlinking: /home/mjlinux/Downloads/book_ros2_wrs/install/pal_gazebo_worlds/share/pal_gazebo_worlds/models/aruco_marker_6cm_63/material/textures/Aruco_6cm_63.png
[1.317s] -- Symlinking: /home/mjlinux/Downloads/book_ros2_wrs/install/pal_gazebo_worlds/share/pal_gazebo_worlds/models/aruco_marker_6cm_63/model.config
[1.325s] -- Symlinking: /home/mjlinux/Downloads/book_ros2_wrs/install/pal_gazebo_worlds/share/pal_gazebo_worlds/models/aruco_marker_9cm_238/aruco_marker_9cm.sdf
[1.346s] -- Symlinking: /home/mjlinux/Downloads/book_ros2_wrs/install/pal_gazebo_worlds/share/pal_gazebo_worlds/models/aruco_marker_9cm_238/material/scripts/aruco_marker_original.material
[1.353s] -- Symlinking: /home/mjlinux/Downloads/book_ros2_wrs/install/pal_gazebo_worlds/share/pal_gazebo_worlds/models/aruco_marker_9cm_238/material/textures/Aruco_9cm_238.png
[1.360s] -- Symlinking: /home/mjlinux/Downloads/book_ros2_wrs/install/pal_gazebo_worlds/share/pal_gazebo_worlds/models/aruco_marker_9cm_238/model.config
[1.368s] -- Symlinking: /home/mjlinux/Downloads/book_ros2_wrs/install/pal_gazebo_worlds/share/pal_gazebo_worlds/models/aruco_marker_9cm_26/aruco_marker_9cm.sdf
[1.375s] -- Symlinking: /home/mjlinux/Downloads/book_ros2_wrs/install/pal_gazebo_worlds/share/pal_gazebo_worlds/models/aruco_marker_9cm_26/material/scripts/aruco_marker_original.material
[1.387s] -- Symlinking: /home/mjlinux/Downloads/book_ros2_wrs/install/pal_gazebo_worlds/share/pal_gazebo_worlds/models/aruco_marker_9cm_26/material/textures/Aruco_9cm_26.png
[1.394s] -- Symlinking: /home/mjlinux/Downloads/book_ros2_wrs/install/pal_gazebo_worlds/share/pal_gazebo_worlds/models/aruco_marker_9cm_26/model.config
[1.400s] -- Symlinking: /home/mjlinux/Downloads/book_ros2_wrs/install/pal_gazebo_worlds/share/pal_gazebo_worlds/models/aruco_marker_9cm_582/aruco_marker_9cm.sdf
[1.408s] -- Symlinking: /home/mjlinux/Downloads/book_ros2_wrs/install/pal_gazebo_worlds/share/pal_gazebo_worlds/models/aruco_marker_9cm_582/material/scripts/aruco_marker_original.material
[1.415s] -- Symlinking: /home/mjlinux/Downloads/book_ros2_wrs/install/pal_gazebo_worlds/share/pal_gazebo_worlds/models/aruco_marker_9cm_582/material/textures/Aruco_9cm_582.png
[1.423s] -- Symlinking: /home/mjlinux/Downloads/book_ros2_wrs/install/pal_gazebo_worlds/share/pal_gazebo_worlds/models/aruco_marker_9cm_582/model.config
[1.446s] -- Symlinking: /home/mjlinux/Downloads/book_ros2_wrs/install/pal_gazebo_worlds/share/pal_gazebo_worlds/models/aruco_marker_9cm_63/aruco_marker_9cm.sdf
[1.450s] -- Symlinking: /home/mjlinux/Downloads/book_ros2_wrs/install/pal_gazebo_worlds/share/pal_gazebo_worlds/models/aruco_marker_9cm_63/material/scripts/aruco_marker_original.material
[1.459s] -- Symlinking: /home/mjlinux/Downloads/book_ros2_wrs/install/pal_gazebo_worlds/share/pal_gazebo_worlds/models/aruco_marker_9cm_63/material/textures/Aruco_9cm_63.png
[1.468s] -- Symlinking: /home/mjlinux/Downloads/book_ros2_wrs/install/pal_gazebo_worlds/share/pal_gazebo_worlds/models/aruco_marker_9cm_63/model.config
[1.476s] -- Symlinking: /home/mjlinux/Downloads/book_ros2_wrs/install/pal_gazebo_worlds/share/pal_gazebo_worlds/models/aruco_marker_original_238/aruco_marker_original.sdf
[1.488s] -- Symlinking: /home/mjlinux/Downloads/book_ros2_wrs/install/pal_gazebo_worlds/share/pal_gazebo_worlds/models/aruco_marker_original_238/material/scripts/aruco_marker_original.material
[1.514s] -- Symlinking: /home/mjlinux/Downloads/book_ros2_wrs/install/pal_gazebo_worlds/share/pal_gazebo_worlds/models/aruco_marker_original_238/material/textures/Aruco_original_238.png
[1.531s] -- Symlinking: /home/mjlinux/Downloads/book_ros2_wrs/install/pal_gazebo_worlds/share/pal_gazebo_worlds/models/aruco_marker_original_238/model.config
[1.554s] -- Symlinking: /home/mjlinux/Downloads/book_ros2_wrs/install/pal_gazebo_worlds/share/pal_gazebo_worlds/models/aruco_marker_original_26/aruco_marker_original.sdf
[1.563s] -- Symlinking: /home/mjlinux/Downloads/book_ros2_wrs/install/pal_gazebo_worlds/share/pal_gazebo_worlds/models/aruco_marker_original_26/material/scripts/aruco_marker_original.material
[1.570s] -- Symlinking: /home/mjlinux/Downloads/book_ros2_wrs/install/pal_gazebo_worlds/share/pal_gazebo_worlds/models/aruco_marker_original_26/material/textures/Aruco_original_26.png
[1.578s] -- Symlinking: /home/mjlinux/Downloads/book_ros2_wrs/install/pal_gazebo_worlds/share/pal_gazebo_worlds/models/aruco_marker_original_26/model.config
[1.586s] -- Symlinking: /home/mjlinux/Downloads/book_ros2_wrs/install/pal_gazebo_worlds/share/pal_gazebo_worlds/models/aruco_marker_original_582/aruco_marker_original.sdf
[1.594s] -- Symlinking: /home/mjlinux/Downloads/book_ros2_wrs/install/pal_gazebo_worlds/share/pal_gazebo_worlds/models/aruco_marker_original_582/material/scripts/aruco_marker_original.material
[1.602s] -- Symlinking: /home/mjlinux/Downloads/book_ros2_wrs/install/pal_gazebo_worlds/share/pal_gazebo_worlds/models/aruco_marker_original_582/material/textures/Aruco_original_582.png
[1.610s] -- Symlinking: /home/mjlinux/Downloads/book_ros2_wrs/install/pal_gazebo_worlds/share/pal_gazebo_worlds/models/aruco_marker_original_582/model.config
[1.618s] -- Symlinking: /home/mjlinux/Downloads/book_ros2_wrs/install/pal_gazebo_worlds/share/pal_gazebo_worlds/models/aruco_marker_original_63/aruco_marker_original.sdf
[1.625s] -- Symlinking: /home/mjlinux/Downloads/book_ros2_wrs/install/pal_gazebo_worlds/share/pal_gazebo_worlds/models/aruco_marker_original_63/material/scripts/aruco_marker_original.material
[1.658s] -- Symlinking: /home/mjlinux/Downloads/book_ros2_wrs/install/pal_gazebo_worlds/share/pal_gazebo_worlds/models/aruco_marker_original_63/material/textures/Aruco_original_63.png
[1.670s] -- Symlinking: /home/mjlinux/Downloads/book_ros2_wrs/install/pal_gazebo_worlds/share/pal_gazebo_worlds/models/aruco_marker_original_63/model.config
[1.677s] -- Symlinking: /home/mjlinux/Downloads/book_ros2_wrs/install/pal_gazebo_worlds/share/pal_gazebo_worlds/models/bauman/README
[1.684s] -- Symlinking: /home/mjlinux/Downloads/book_ros2_wrs/install/pal_gazebo_worlds/share/pal_gazebo_worlds/models/bauman/bauman_walls.png
[1.693s] -- Symlinking: /home/mjlinux/Downloads/book_ros2_wrs/install/pal_gazebo_worlds/share/pal_gazebo_worlds/models/bauman/model.config
[1.700s] -- Symlinking: /home/mjlinux/Downloads/book_ros2_wrs/install/pal_gazebo_worlds/share/pal_gazebo_worlds/models/bauman/model.sdf
[1.708s] -- Symlinking: /home/mjlinux/Downloads/book_ros2_wrs/install/pal_gazebo_worlds/share/pal_gazebo_worlds/models/bench/bench.sdf
[1.716s] -- Symlinking: /home/mjlinux/Downloads/book_ros2_wrs/install/pal_gazebo_worlds/share/pal_gazebo_worlds/models/bench/meshes/bench.stl
[1.724s] -- Symlinking: /home/mjlinux/Downloads/book_ros2_wrs/install/pal_gazebo_worlds/share/pal_gazebo_worlds/models/bench/model.config
[1.731s] -- Symlinking: /home/mjlinux/Downloads/book_ros2_wrs/install/pal_gazebo_worlds/share/pal_gazebo_worlds/models/bifrutas_tropical_can/bifrutas_tropical_can.sdf
[1.760s] -- Symlinking: /home/mjlinux/Downloads/book_ros2_wrs/install/pal_gazebo_worlds/share/pal_gazebo_worlds/models/bifrutas_tropical_can/material/scripts/bifrutas_tropical_can.material
[1.768s] -- Symlinking: /home/mjlinux/Downloads/book_ros2_wrs/install/pal_gazebo_worlds/share/pal_gazebo_worlds/models/bifrutas_tropical_can/material/textures/bifrutas_tropical_can.jpg
[1.775s] -- Symlinking: /home/mjlinux/Downloads/book_ros2_wrs/install/pal_gazebo_worlds/share/pal_gazebo_worlds/models/bifrutas_tropical_can/model.config
[1.783s] -- Symlinking: /home/mjlinux/Downloads/book_ros2_wrs/install/pal_gazebo_worlds/share/pal_gazebo_worlds/models/biscuits_pack/biscuits_pack.sdf
[1.790s] -- Symlinking: /home/mjlinux/Downloads/book_ros2_wrs/install/pal_gazebo_worlds/share/pal_gazebo_worlds/models/biscuits_pack/material/scripts/pringles.material
[1.798s] -- Symlinking: /home/mjlinux/Downloads/book_ros2_wrs/install/pal_gazebo_worlds/share/pal_gazebo_worlds/models/biscuits_pack/material/textures/biscuits_pack.jpg
[1.805s] -- Symlinking: /home/mjlinux/Downloads/book_ros2_wrs/install/pal_gazebo_worlds/share/pal_gazebo_worlds/models/biscuits_pack/model.config
[1.813s] -- Symlinking: /home/mjlinux/Downloads/book_ros2_wrs/install/pal_gazebo_worlds/share/pal_gazebo_worlds/models/box_with_handles/box_with_handles.sdf
[1.820s] -- Symlinking: /home/mjlinux/Downloads/book_ros2_wrs/install/pal_gazebo_worlds/share/pal_gazebo_worlds/models/box_with_handles/material/scripts/aruco_marker_original.material
[1.828s] -- Symlinking: /home/mjlinux/Downloads/book_ros2_wrs/install/pal_gazebo_worlds/share/pal_gazebo_worlds/models/box_with_handles/material/textures/Aruco_original_582.png
[1.836s] -- Symlinking: /home/mjlinux/Downloads/book_ros2_wrs/install/pal_gazebo_worlds/share/pal_gazebo_worlds/models/box_with_handles/model.config
[1.858s] -- Symlinking: /home/mjlinux/Downloads/book_ros2_wrs/install/pal_gazebo_worlds/share/pal_gazebo_worlds/models/brick_box_3x1x3/materials/scripts/brick_box.material
[1.866s] -- Symlinking: /home/mjlinux/Downloads/book_ros2_wrs/install/pal_gazebo_worlds/share/pal_gazebo_worlds/models/brick_box_3x1x3/materials/textures/simple_box.png
[1.874s] -- Symlinking: /home/mjlinux/Downloads/book_ros2_wrs/install/pal_gazebo_worlds/share/pal_gazebo_worlds/models/brick_box_3x1x3/meshes/simple_box.dae
[1.882s] -- Symlinking: /home/mjlinux/Downloads/book_ros2_wrs/install/pal_gazebo_worlds/share/pal_gazebo_worlds/models/brick_box_3x1x3/model-1_3.sdf
[1.891s] -- Symlinking: /home/mjlinux/Downloads/book_ros2_wrs/install/pal_gazebo_worlds/share/pal_gazebo_worlds/models/brick_box_3x1x3/model-1_4.sdf
[1.898s] -- Symlinking: /home/mjlinux/Downloads/book_ros2_wrs/install/pal_gazebo_worlds/share/pal_gazebo_worlds/models/brick_box_3x1x3/model.config
[1.905s] -- Symlinking: /home/mjlinux/Downloads/book_ros2_wrs/install/pal_gazebo_worlds/share/pal_gazebo_worlds/models/brick_box_3x1x3/model.sdf
[1.912s] -- Symlinking: /home/mjlinux/Downloads/book_ros2_wrs/install/pal_gazebo_worlds/share/pal_gazebo_worlds/models/citizen_extras_female_02/images/_01_-_Default1noCulling.JPG
[1.919s] -- Symlinking: /home/mjlinux/Downloads/book_ros2_wrs/install/pal_gazebo_worlds/share/pal_gazebo_worlds/models/citizen_extras_female_02/images/_02_-_Default1noCulling.JPG
[1.927s] -- Symlinking: /home/mjlinux/Downloads/book_ros2_wrs/install/pal_gazebo_worlds/share/pal_gazebo_worlds/models/citizen_extras_female_02/images/_03_-_Default1noCulling.JPG
[1.935s] -- Symlinking: /home/mjlinux/Downloads/book_ros2_wrs/install/pal_gazebo_worlds/share/pal_gazebo_worlds/models/citizen_extras_female_02/meshes/mesh.dae
[1.959s] -- Symlinking: /home/mjlinux/Downloads/book_ros2_wrs/install/pal_gazebo_worlds/share/pal_gazebo_worlds/models/citizen_extras_female_02/model.config
[1.966s] -- Symlinking: /home/mjlinux/Downloads/book_ros2_wrs/install/pal_gazebo_worlds/share/pal_gazebo_worlds/models/citizen_extras_female_02/model.sdf
[1.977s] -- Symlinking: /home/mjlinux/Downloads/book_ros2_wrs/install/pal_gazebo_worlds/share/pal_gazebo_worlds/models/citizen_extras_female_03/images/Material__1noCulling.JPG
[1.984s] -- Symlinking: /home/mjlinux/Downloads/book_ros2_wrs/install/pal_gazebo_worlds/share/pal_gazebo_worlds/models/citizen_extras_female_03/images/Material__2noCulling.JPG
[1.991s] -- Symlinking: /home/mjlinux/Downloads/book_ros2_wrs/install/pal_gazebo_worlds/share/pal_gazebo_worlds/models/citizen_extras_female_03/images/_03_-_Default1noCulling.JPG
[1.998s] -- Symlinking: /home/mjlinux/Downloads/book_ros2_wrs/install/pal_gazebo_worlds/share/pal_gazebo_worlds/models/citizen_extras_female_03/meshes/mesh.dae
[2.006s] -- Symlinking: /home/mjlinux/Downloads/book_ros2_wrs/install/pal_gazebo_worlds/share/pal_gazebo_worlds/models/citizen_extras_female_03/model.config
[2.013s] -- Symlinking: /home/mjlinux/Downloads/book_ros2_wrs/install/pal_gazebo_worlds/share/pal_gazebo_worlds/models/citizen_extras_female_03/model.sdf
[2.020s] -- Symlinking: /home/mjlinux/Downloads/book_ros2_wrs/install/pal_gazebo_worlds/share/pal_gazebo_worlds/models/citizen_extras_male_03/images/Material__1noCulling.JPG
[2.028s] -- Symlinking: /home/mjlinux/Downloads/book_ros2_wrs/install/pal_gazebo_worlds/share/pal_gazebo_worlds/models/citizen_extras_male_03/images/hair1noCulling.JPG
[2.057s] -- Symlinking: /home/mjlinux/Downloads/book_ros2_wrs/install/pal_gazebo_worlds/share/pal_gazebo_worlds/models/citizen_extras_male_03/images/hrad1noCulling.JPG
[2.064s] -- Symlinking: /home/mjlinux/Downloads/book_ros2_wrs/install/pal_gazebo_worlds/share/pal_gazebo_worlds/models/citizen_extras_male_03/meshes/mesh.dae
[2.095s] -- Symlinking: /home/mjlinux/Downloads/book_ros2_wrs/install/pal_gazebo_worlds/share/pal_gazebo_worlds/models/citizen_extras_male_03/model.config
[2.100s] -- Symlinking: /home/mjlinux/Downloads/book_ros2_wrs/install/pal_gazebo_worlds/share/pal_gazebo_worlds/models/citizen_extras_male_03/model.sdf
[2.108s] -- Symlinking: /home/mjlinux/Downloads/book_ros2_wrs/install/pal_gazebo_worlds/share/pal_gazebo_worlds/models/closet/closet.sdf
[2.116s] -- Symlinking: /home/mjlinux/Downloads/book_ros2_wrs/install/pal_gazebo_worlds/share/pal_gazebo_worlds/models/closet/meshes/closet.stl
[2.130s] -- Symlinking: /home/mjlinux/Downloads/book_ros2_wrs/install/pal_gazebo_worlds/share/pal_gazebo_worlds/models/closet/model.config
[2.155s] -- Symlinking: /home/mjlinux/Downloads/book_ros2_wrs/install/pal_gazebo_worlds/share/pal_gazebo_worlds/models/cocacola/cocacola.sdf
[2.163s] -- Symlinking: /home/mjlinux/Downloads/book_ros2_wrs/install/pal_gazebo_worlds/share/pal_gazebo_worlds/models/cocacola/material/scripts/cocacola.material
[2.171s] -- Symlinking: /home/mjlinux/Downloads/book_ros2_wrs/install/pal_gazebo_worlds/share/pal_gazebo_worlds/models/cocacola/material/textures/cocacola.jpg
[2.179s] -- Symlinking: /home/mjlinux/Downloads/book_ros2_wrs/install/pal_gazebo_worlds/share/pal_gazebo_worlds/models/cocacola/model.config
[2.186s] -- Symlinking: /home/mjlinux/Downloads/book_ros2_wrs/install/pal_gazebo_worlds/share/pal_gazebo_worlds/models/coke_can_slim/coke_can_slim.sdf
[2.195s] -- Symlinking: /home/mjlinux/Downloads/book_ros2_wrs/install/pal_gazebo_worlds/share/pal_gazebo_worlds/models/coke_can_slim/material/scripts/coke_can_slim.material
[2.202s] -- Symlinking: /home/mjlinux/Downloads/book_ros2_wrs/install/pal_gazebo_worlds/share/pal_gazebo_worlds/models/coke_can_slim/material/textures/coke_can_slim.jpg
[2.209s] -- Symlinking: /home/mjlinux/Downloads/book_ros2_wrs/install/pal_gazebo_worlds/share/pal_gazebo_worlds/models/coke_can_slim/model.config
[2.217s] -- Symlinking: /home/mjlinux/Downloads/book_ros2_wrs/install/pal_gazebo_worlds/share/pal_gazebo_worlds/models/database.config
[2.224s] -- Symlinking: /home/mjlinux/Downloads/book_ros2_wrs/install/pal_gazebo_worlds/share/pal_gazebo_worlds/models/dining_chair/dining_chair.sdf
[2.231s] -- Symlinking: /home/mjlinux/Downloads/book_ros2_wrs/install/pal_gazebo_worlds/share/pal_gazebo_worlds/models/dining_chair/meshes/dining_chair.stl
[2.239s] -- Symlinking: /home/mjlinux/Downloads/book_ros2_wrs/install/pal_gazebo_worlds/share/pal_gazebo_worlds/models/dining_chair/model.config
[2.261s] -- Symlinking: /home/mjlinux/Downloads/book_ros2_wrs/install/pal_gazebo_worlds/share/pal_gazebo_worlds/models/dock1/dock1.sdf
[2.269s] -- Symlinking: /home/mjlinux/Downloads/book_ros2_wrs/install/pal_gazebo_worlds/share/pal_gazebo_worlds/models/dock1/meshes/dock1.dae
[2.277s] -- Symlinking: /home/mjlinux/Downloads/book_ros2_wrs/install/pal_gazebo_worlds/share/pal_gazebo_worlds/models/dock1/model.config
[2.285s] -- Symlinking: /home/mjlinux/Downloads/book_ros2_wrs/install/pal_gazebo_worlds/share/pal_gazebo_worlds/models/door_obstacle/door_obstacle.sdf
[2.292s] -- Symlinking: /home/mjlinux/Downloads/book_ros2_wrs/install/pal_gazebo_worlds/share/pal_gazebo_worlds/models/door_obstacle/model.config
[2.299s] -- Symlinking: /home/mjlinux/Downloads/book_ros2_wrs/install/pal_gazebo_worlds/share/pal_gazebo_worlds/models/floor_lamp/floor_lamp.sdf
[2.307s] -- Symlinking: /home/mjlinux/Downloads/book_ros2_wrs/install/pal_gazebo_worlds/share/pal_gazebo_worlds/models/floor_lamp/meshes/floor_lamp.stl
[2.314s] -- Symlinking: /home/mjlinux/Downloads/book_ros2_wrs/install/pal_gazebo_worlds/share/pal_gazebo_worlds/models/floor_lamp/model.config
[2.322s] -- Symlinking: /home/mjlinux/Downloads/book_ros2_wrs/install/pal_gazebo_worlds/share/pal_gazebo_worlds/models/goetz_sofa/goetz_sofa.sdf
[2.329s] -- Symlinking: /home/mjlinux/Downloads/book_ros2_wrs/install/pal_gazebo_worlds/share/pal_gazebo_worlds/models/goetz_sofa/materials/textures/texture0.jpg
[2.337s] -- Symlinking: /home/mjlinux/Downloads/book_ros2_wrs/install/pal_gazebo_worlds/share/pal_gazebo_worlds/models/goetz_sofa/meshes/goetz_sofa.dae
[2.359s] -- Symlinking: /home/mjlinux/Downloads/book_ros2_wrs/install/pal_gazebo_worlds/share/pal_gazebo_worlds/models/goetz_sofa/model.config
[2.367s] -- Symlinking: /home/mjlinux/Downloads/book_ros2_wrs/install/pal_gazebo_worlds/share/pal_gazebo_worlds/models/green_ball/materials/scripts/ball.material
[2.375s] -- Symlinking: /home/mjlinux/Downloads/book_ros2_wrs/install/pal_gazebo_worlds/share/pal_gazebo_worlds/models/green_ball/model.config
[2.381s] -- Symlinking: /home/mjlinux/Downloads/book_ros2_wrs/install/pal_gazebo_worlds/share/pal_gazebo_worlds/models/green_ball/model.sdf
[2.388s] -- Symlinking: /home/mjlinux/Downloads/book_ros2_wrs/install/pal_gazebo_worlds/share/pal_gazebo_worlds/models/green_cube/green_cube.sdf
[2.396s] -- Symlinking: /home/mjlinux/Downloads/book_ros2_wrs/install/pal_gazebo_worlds/share/pal_gazebo_worlds/models/green_cube/model.config
[2.410s] -- Symlinking: /home/mjlinux/Downloads/book_ros2_wrs/install/pal_gazebo_worlds/share/pal_gazebo_worlds/models/green_rectangle/green_rectangle.sdf
[2.418s] -- Symlinking: /home/mjlinux/Downloads/book_ros2_wrs/install/pal_gazebo_worlds/share/pal_gazebo_worlds/models/green_rectangle/model.config
[2.444s] -- Symlinking: /home/mjlinux/Downloads/book_ros2_wrs/install/pal_gazebo_worlds/share/pal_gazebo_worlds/models/ground_plane/model-1_2.sdf
[2.452s] -- Symlinking: /home/mjlinux/Downloads/book_ros2_wrs/install/pal_gazebo_worlds/share/pal_gazebo_worlds/models/ground_plane/model-1_3.sdf
[2.459s] -- Symlinking: /home/mjlinux/Downloads/book_ros2_wrs/install/pal_gazebo_worlds/share/pal_gazebo_worlds/models/ground_plane/model-1_4.sdf
[2.468s] -- Symlinking: /home/mjlinux/Downloads/book_ros2_wrs/install/pal_gazebo_worlds/share/pal_gazebo_worlds/models/ground_plane/model.config
[2.476s] -- Symlinking: /home/mjlinux/Downloads/book_ros2_wrs/install/pal_gazebo_worlds/share/pal_gazebo_worlds/models/ground_plane/model.sdf
[2.483s] -- Symlinking: /home/mjlinux/Downloads/book_ros2_wrs/install/pal_gazebo_worlds/share/pal_gazebo_worlds/models/hospital_flat_map/hospital_flat_map.sdf
[2.491s] -- Symlinking: /home/mjlinux/Downloads/book_ros2_wrs/install/pal_gazebo_worlds/share/pal_gazebo_worlds/models/hospital_flat_map/meshes/hospital_flat_map.stl
[2.498s] -- Symlinking: /home/mjlinux/Downloads/book_ros2_wrs/install/pal_gazebo_worlds/share/pal_gazebo_worlds/models/hospital_flat_map/model.config
[2.506s] -- Symlinking: /home/mjlinux/Downloads/book_ros2_wrs/install/pal_gazebo_worlds/share/pal_gazebo_worlds/models/hospital_map/hospital_map.sdf
[2.514s] -- Symlinking: /home/mjlinux/Downloads/book_ros2_wrs/install/pal_gazebo_worlds/share/pal_gazebo_worlds/models/hospital_map/meshes/g1.stl
[2.521s] -- Symlinking: /home/mjlinux/Downloads/book_ros2_wrs/install/pal_gazebo_worlds/share/pal_gazebo_worlds/models/hospital_map/meshes/g2.stl
[2.529s] -- Symlinking: /home/mjlinux/Downloads/book_ros2_wrs/install/pal_gazebo_worlds/share/pal_gazebo_worlds/models/hospital_map/meshes/g3.stl
[2.536s] -- Symlinking: /home/mjlinux/Downloads/book_ros2_wrs/install/pal_gazebo_worlds/share/pal_gazebo_worlds/models/hospital_map/meshes/g4.stl
[2.556s] -- Symlinking: /home/mjlinux/Downloads/book_ros2_wrs/install/pal_gazebo_worlds/share/pal_gazebo_worlds/models/hospital_map/meshes/g5.stl
[2.564s] -- Symlinking: /home/mjlinux/Downloads/book_ros2_wrs/install/pal_gazebo_worlds/share/pal_gazebo_worlds/models/hospital_map/meshes/g6.stl
[2.575s] -- Symlinking: /home/mjlinux/Downloads/book_ros2_wrs/install/pal_gazebo_worlds/share/pal_gazebo_worlds/models/hospital_map/meshes/g7.stl
[2.581s] -- Symlinking: /home/mjlinux/Downloads/book_ros2_wrs/install/pal_gazebo_worlds/share/pal_gazebo_worlds/models/hospital_map/meshes/gr1.stl
[2.588s] -- Symlinking: /home/mjlinux/Downloads/book_ros2_wrs/install/pal_gazebo_worlds/share/pal_gazebo_worlds/models/hospital_map/meshes/gr2.stl
[2.596s] -- Symlinking: /home/mjlinux/Downloads/book_ros2_wrs/install/pal_gazebo_worlds/share/pal_gazebo_worlds/models/hospital_map/meshes/gr3.stl
[2.605s] -- Symlinking: /home/mjlinux/Downloads/book_ros2_wrs/install/pal_gazebo_worlds/share/pal_gazebo_worlds/models/hospital_map/meshes/gr4.stl
[2.612s] -- Symlinking: /home/mjlinux/Downloads/book_ros2_wrs/install/pal_gazebo_worlds/share/pal_gazebo_worlds/models/hospital_map/meshes/gr5.stl
[2.619s] -- Symlinking: /home/mjlinux/Downloads/book_ros2_wrs/install/pal_gazebo_worlds/share/pal_gazebo_worlds/models/hospital_map/meshes/gr6.stl
[2.627s] -- Symlinking: /home/mjlinux/Downloads/book_ros2_wrs/install/pal_gazebo_worlds/share/pal_gazebo_worlds/models/hospital_map/meshes/hospital_map.stl
[2.634s] -- Symlinking: /home/mjlinux/Downloads/book_ros2_wrs/install/pal_gazebo_worlds/share/pal_gazebo_worlds/models/hospital_map/meshes/w1.stl
[2.642s] -- Symlinking: /home/mjlinux/Downloads/book_ros2_wrs/install/pal_gazebo_worlds/share/pal_gazebo_worlds/models/hospital_map/meshes/w2.stl
[2.663s] -- Symlinking: /home/mjlinux/Downloads/book_ros2_wrs/install/pal_gazebo_worlds/share/pal_gazebo_worlds/models/hospital_map/meshes/w3.stl
[2.670s] -- Symlinking: /home/mjlinux/Downloads/book_ros2_wrs/install/pal_gazebo_worlds/share/pal_gazebo_worlds/models/hospital_map/meshes/w4.stl
[2.678s] -- Symlinking: /home/mjlinux/Downloads/book_ros2_wrs/install/pal_gazebo_worlds/share/pal_gazebo_worlds/models/hospital_map/meshes/w5.stl
[2.685s] -- Symlinking: /home/mjlinux/Downloads/book_ros2_wrs/install/pal_gazebo_worlds/share/pal_gazebo_worlds/models/hospital_map/meshes/w6.stl
[2.694s] -- Symlinking: /home/mjlinux/Downloads/book_ros2_wrs/install/pal_gazebo_worlds/share/pal_gazebo_worlds/models/hospital_map/meshes/w7.stl
[2.701s] -- Symlinking: /home/mjlinux/Downloads/book_ros2_wrs/install/pal_gazebo_worlds/share/pal_gazebo_worlds/models/hospital_map/meshes/wr1.stl
[2.709s] -- Symlinking: /home/mjlinux/Downloads/book_ros2_wrs/install/pal_gazebo_worlds/share/pal_gazebo_worlds/models/hospital_map/meshes/wr2.stl
[2.716s] -- Symlinking: /home/mjlinux/Downloads/book_ros2_wrs/install/pal_gazebo_worlds/share/pal_gazebo_worlds/models/hospital_map/meshes/wr3.stl
[2.724s] -- Symlinking: /home/mjlinux/Downloads/book_ros2_wrs/install/pal_gazebo_worlds/share/pal_gazebo_worlds/models/hospital_map/meshes/wr4.stl
[2.731s] -- Symlinking: /home/mjlinux/Downloads/book_ros2_wrs/install/pal_gazebo_worlds/share/pal_gazebo_worlds/models/hospital_map/meshes/wr5.stl
[2.739s] -- Symlinking: /home/mjlinux/Downloads/book_ros2_wrs/install/pal_gazebo_worlds/share/pal_gazebo_worlds/models/hospital_map/meshes/wr6.stl
[2.763s] -- Symlinking: /home/mjlinux/Downloads/book_ros2_wrs/install/pal_gazebo_worlds/share/pal_gazebo_worlds/models/hospital_map/model.config
[2.767s] -- Symlinking: /home/mjlinux/Downloads/book_ros2_wrs/install/pal_gazebo_worlds/share/pal_gazebo_worlds/models/ideal_sun/model.config
[2.775s] -- Symlinking: /home/mjlinux/Downloads/book_ros2_wrs/install/pal_gazebo_worlds/share/pal_gazebo_worlds/models/ideal_sun/model.sdf
[2.782s] -- Symlinking: /home/mjlinux/Downloads/book_ros2_wrs/install/pal_gazebo_worlds/share/pal_gazebo_worlds/models/ikea_ektorp_chair/meshes/IKE06001.JPG
[2.790s] -- Symlinking: /home/mjlinux/Downloads/book_ros2_wrs/install/pal_gazebo_worlds/share/pal_gazebo_worlds/models/ikea_ektorp_chair/meshes/mesh.dae
[2.797s] -- Symlinking: /home/mjlinux/Downloads/book_ros2_wrs/install/pal_gazebo_worlds/share/pal_gazebo_worlds/models/ikea_ektorp_chair/model.config
[2.805s] -- Symlinking: /home/mjlinux/Downloads/book_ros2_wrs/install/pal_gazebo_worlds/share/pal_gazebo_worlds/models/ikea_ektorp_chair/model.sdf
[2.813s] -- Symlinking: /home/mjlinux/Downloads/book_ros2_wrs/install/pal_gazebo_worlds/share/pal_gazebo_worlds/models/ikea_folke_chair/meshes/mesh.dae
[2.820s] -- Symlinking: /home/mjlinux/Downloads/book_ros2_wrs/install/pal_gazebo_worlds/share/pal_gazebo_worlds/models/ikea_folke_chair/meshes/notexture.png
[2.827s] -- Symlinking: /home/mjlinux/Downloads/book_ros2_wrs/install/pal_gazebo_worlds/share/pal_gazebo_worlds/models/ikea_folke_chair/meshes/texture.png
[2.835s] -- Symlinking: /home/mjlinux/Downloads/book_ros2_wrs/install/pal_gazebo_worlds/share/pal_gazebo_worlds/models/ikea_folke_chair/model.config
[2.855s] -- Symlinking: /home/mjlinux/Downloads/book_ros2_wrs/install/pal_gazebo_worlds/share/pal_gazebo_worlds/models/ikea_folke_chair/model.sdf
[2.863s] -- Symlinking: /home/mjlinux/Downloads/book_ros2_wrs/install/pal_gazebo_worlds/share/pal_gazebo_worlds/models/ikea_harry_chair/meshes/body.png
[2.875s] -- Symlinking: /home/mjlinux/Downloads/book_ros2_wrs/install/pal_gazebo_worlds/share/pal_gazebo_worlds/models/ikea_harry_chair/meshes/legs.png
[2.883s] -- Symlinking: /home/mjlinux/Downloads/book_ros2_wrs/install/pal_gazebo_worlds/share/pal_gazebo_worlds/models/ikea_harry_chair/meshes/mesh.dae
[2.890s] -- Symlinking: /home/mjlinux/Downloads/book_ros2_wrs/install/pal_gazebo_worlds/share/pal_gazebo_worlds/models/ikea_harry_chair/model.config
[2.898s] -- Symlinking: /home/mjlinux/Downloads/book_ros2_wrs/install/pal_gazebo_worlds/share/pal_gazebo_worlds/models/ikea_harry_chair/model.sdf
[2.907s] -- Symlinking: /home/mjlinux/Downloads/book_ros2_wrs/install/pal_gazebo_worlds/share/pal_gazebo_worlds/models/ikea_stefan_chair/meshes/mesh.dae
[2.915s] -- Symlinking: /home/mjlinux/Downloads/book_ros2_wrs/install/pal_gazebo_worlds/share/pal_gazebo_worlds/models/ikea_stefan_chair/model.config
[2.922s] -- Symlinking: /home/mjlinux/Downloads/book_ros2_wrs/install/pal_gazebo_worlds/share/pal_gazebo_worlds/models/ikea_stefan_chair/model.sdf
[2.933s] -- Symlinking: /home/mjlinux/Downloads/book_ros2_wrs/install/pal_gazebo_worlds/share/pal_gazebo_worlds/models/ikea_urban_chair/meshes/mesh.dae
[2.941s] -- Symlinking: /home/mjlinux/Downloads/book_ros2_wrs/install/pal_gazebo_worlds/share/pal_gazebo_worlds/models/ikea_urban_chair/meshes/notexture.png
[2.964s] -- Symlinking: /home/mjlinux/Downloads/book_ros2_wrs/install/pal_gazebo_worlds/share/pal_gazebo_worlds/models/ikea_urban_chair/model.config
[2.972s] -- Symlinking: /home/mjlinux/Downloads/book_ros2_wrs/install/pal_gazebo_worlds/share/pal_gazebo_worlds/models/ikea_urban_chair/model.sdf
[2.980s] -- Symlinking: /home/mjlinux/Downloads/book_ros2_wrs/install/pal_gazebo_worlds/share/pal_gazebo_worlds/models/kitchen_chair/kitchen_chair.sdf
[2.988s] -- Symlinking: /home/mjlinux/Downloads/book_ros2_wrs/install/pal_gazebo_worlds/share/pal_gazebo_worlds/models/kitchen_chair/meshes/kitchen_chair.stl
[2.996s] -- Symlinking: /home/mjlinux/Downloads/book_ros2_wrs/install/pal_gazebo_worlds/share/pal_gazebo_worlds/models/kitchen_chair/model.config
[3.003s] -- Symlinking: /home/mjlinux/Downloads/book_ros2_wrs/install/pal_gazebo_worlds/share/pal_gazebo_worlds/models/kitchen_table/kitchen_table.sdf
[3.015s] -- Symlinking: /home/mjlinux/Downloads/book_ros2_wrs/install/pal_gazebo_worlds/share/pal_gazebo_worlds/models/kitchen_table/meshes/kitchen_table.stl
[3.026s] -- Symlinking: /home/mjlinux/Downloads/book_ros2_wrs/install/pal_gazebo_worlds/share/pal_gazebo_worlds/models/kitchen_table/model.config
[3.044s] -- Symlinking: /home/mjlinux/Downloads/book_ros2_wrs/install/pal_gazebo_worlds/share/pal_gazebo_worlds/models/lamp/lamp.sdf
[3.065s] -- Symlinking: /home/mjlinux/Downloads/book_ros2_wrs/install/pal_gazebo_worlds/share/pal_gazebo_worlds/models/lamp/meshes/lamp.stl
[3.074s] -- Symlinking: /home/mjlinux/Downloads/book_ros2_wrs/install/pal_gazebo_worlds/share/pal_gazebo_worlds/models/lamp/model.config
[3.081s] -- Symlinking: /home/mjlinux/Downloads/book_ros2_wrs/install/pal_gazebo_worlds/share/pal_gazebo_worlds/models/macrolink_small_table/model.config
[3.091s] -- Symlinking: /home/mjlinux/Downloads/book_ros2_wrs/install/pal_gazebo_worlds/share/pal_gazebo_worlds/models/macrolink_small_table/table.sdf
[3.100s] -- Symlinking: /home/mjlinux/Downloads/book_ros2_wrs/install/pal_gazebo_worlds/share/pal_gazebo_worlds/models/macrolink_table/model.config
[3.108s] -- Symlinking: /home/mjlinux/Downloads/book_ros2_wrs/install/pal_gazebo_worlds/share/pal_gazebo_worlds/models/macrolink_table/table.sdf
[3.116s] -- Symlinking: /home/mjlinux/Downloads/book_ros2_wrs/install/pal_gazebo_worlds/share/pal_gazebo_worlds/models/marker26_8cm/marker26_8cm.sdf
[3.124s] -- Symlinking: /home/mjlinux/Downloads/book_ros2_wrs/install/pal_gazebo_worlds/share/pal_gazebo_worlds/models/marker26_8cm/material/scripts/marker26_8cm.material
[3.132s] -- Symlinking: /home/mjlinux/Downloads/book_ros2_wrs/install/pal_gazebo_worlds/share/pal_gazebo_worlds/models/marker26_8cm/material/textures/aruco-26_8cm.png
[3.142s] -- Symlinking: /home/mjlinux/Downloads/book_ros2_wrs/install/pal_gazebo_worlds/share/pal_gazebo_worlds/models/marker26_8cm/model.config
[3.161s] -- Symlinking: /home/mjlinux/Downloads/book_ros2_wrs/install/pal_gazebo_worlds/share/pal_gazebo_worlds/models/pal_poster/material/scripts/pal_poster.material
[3.168s] -- Symlinking: /home/mjlinux/Downloads/book_ros2_wrs/install/pal_gazebo_worlds/share/pal_gazebo_worlds/models/pal_poster/material/textures/pal_poster.jpg
[3.180s] -- Symlinking: /home/mjlinux/Downloads/book_ros2_wrs/install/pal_gazebo_worlds/share/pal_gazebo_worlds/models/pal_poster/model.config
[3.185s] -- Symlinking: /home/mjlinux/Downloads/book_ros2_wrs/install/pal_gazebo_worlds/share/pal_gazebo_worlds/models/pal_poster/pal_poster.sdf
[3.192s] -- Symlinking: /home/mjlinux/Downloads/book_ros2_wrs/install/pal_gazebo_worlds/share/pal_gazebo_worlds/models/pal_textured_object/material/scripts/pal_textured_object.material
[3.199s] -- Symlinking: /home/mjlinux/Downloads/book_ros2_wrs/install/pal_gazebo_worlds/share/pal_gazebo_worlds/models/pal_textured_object/material/textures/pal_textured_object.png
[3.207s] -- Symlinking: /home/mjlinux/Downloads/book_ros2_wrs/install/pal_gazebo_worlds/share/pal_gazebo_worlds/models/pal_textured_object/model.config
[3.214s] -- Symlinking: /home/mjlinux/Downloads/book_ros2_wrs/install/pal_gazebo_worlds/share/pal_gazebo_worlds/models/pal_textured_object/pal_textured_object.sdf
[3.221s] -- Symlinking: /home/mjlinux/Downloads/book_ros2_wrs/install/pal_gazebo_worlds/share/pal_gazebo_worlds/models/pringles/material/scripts/pringles.material
[3.229s] -- Symlinking: /home/mjlinux/Downloads/book_ros2_wrs/install/pal_gazebo_worlds/share/pal_gazebo_worlds/models/pringles/material/textures/pringles.jpg
[3.237s] -- Symlinking: /home/mjlinux/Downloads/book_ros2_wrs/install/pal_gazebo_worlds/share/pal_gazebo_worlds/models/pringles/model.config
[3.264s] -- Symlinking: /home/mjlinux/Downloads/book_ros2_wrs/install/pal_gazebo_worlds/share/pal_gazebo_worlds/models/pringles/pringles.sdf
[3.273s] -- Symlinking: /home/mjlinux/Downloads/book_ros2_wrs/install/pal_gazebo_worlds/share/pal_gazebo_worlds/models/pringles2/material/scripts/pringles2.material
[3.308s] -- Symlinking: /home/mjlinux/Downloads/book_ros2_wrs/install/pal_gazebo_worlds/share/pal_gazebo_worlds/models/pringles2/material/textures/pringles2.jpg
[3.318s] -- Symlinking: /home/mjlinux/Downloads/book_ros2_wrs/install/pal_gazebo_worlds/share/pal_gazebo_worlds/models/pringles2/model.config
[3.326s] -- Symlinking: /home/mjlinux/Downloads/book_ros2_wrs/install/pal_gazebo_worlds/share/pal_gazebo_worlds/models/pringles2/pringles2.sdf
[3.338s] -- Symlinking: /home/mjlinux/Downloads/book_ros2_wrs/install/pal_gazebo_worlds/share/pal_gazebo_worlds/models/reemc_bookshelf/bookshelf.sdf
[3.347s] -- Symlinking: /home/mjlinux/Downloads/book_ros2_wrs/install/pal_gazebo_worlds/share/pal_gazebo_worlds/models/reemc_bookshelf/model.config
[3.370s] -- Symlinking: /home/mjlinux/Downloads/book_ros2_wrs/install/pal_gazebo_worlds/share/pal_gazebo_worlds/models/reemc_cabinet/cabinet.sdf
[3.378s] -- Symlinking: /home/mjlinux/Downloads/book_ros2_wrs/install/pal_gazebo_worlds/share/pal_gazebo_worlds/models/reemc_cabinet/model.config
[3.386s] -- Symlinking: /home/mjlinux/Downloads/book_ros2_wrs/install/pal_gazebo_worlds/share/pal_gazebo_worlds/models/reemc_table/model.config
[3.393s] -- Symlinking: /home/mjlinux/Downloads/book_ros2_wrs/install/pal_gazebo_worlds/share/pal_gazebo_worlds/models/reemc_table/table.sdf
[3.401s] -- Symlinking: /home/mjlinux/Downloads/book_ros2_wrs/install/pal_gazebo_worlds/share/pal_gazebo_worlds/models/reemc_textured_object/meshes/mesh.dae
[3.408s] -- Symlinking: /home/mjlinux/Downloads/book_ros2_wrs/install/pal_gazebo_worlds/share/pal_gazebo_worlds/models/reemc_textured_object/meshes/texture.jpg
[3.415s] -- Symlinking: /home/mjlinux/Downloads/book_ros2_wrs/install/pal_gazebo_worlds/share/pal_gazebo_worlds/models/reemc_textured_object/model.config
[3.423s] -- Symlinking: /home/mjlinux/Downloads/book_ros2_wrs/install/pal_gazebo_worlds/share/pal_gazebo_worlds/models/reemc_textured_object/model.sdf
[3.432s] -- Symlinking: /home/mjlinux/Downloads/book_ros2_wrs/install/pal_gazebo_worlds/share/pal_gazebo_worlds/models/reemc_textured_object_nograv/model.config
[3.439s] -- Symlinking: /home/mjlinux/Downloads/book_ros2_wrs/install/pal_gazebo_worlds/share/pal_gazebo_worlds/models/reemc_textured_object_nograv/model.sdf
[3.448s] -- Symlinking: /home/mjlinux/Downloads/book_ros2_wrs/install/pal_gazebo_worlds/share/pal_gazebo_worlds/models/reemc_walls/model.config
[3.469s] -- Symlinking: /home/mjlinux/Downloads/book_ros2_wrs/install/pal_gazebo_worlds/share/pal_gazebo_worlds/models/reemc_walls/walls.sdf
[3.476s] -- Symlinking: /home/mjlinux/Downloads/book_ros2_wrs/install/pal_gazebo_worlds/share/pal_gazebo_worlds/models/reviews_table/meshes/reviews_table.stl
[3.484s] -- Symlinking: /home/mjlinux/Downloads/book_ros2_wrs/install/pal_gazebo_worlds/share/pal_gazebo_worlds/models/reviews_table/model.config
[3.494s] -- Symlinking: /home/mjlinux/Downloads/book_ros2_wrs/install/pal_gazebo_worlds/share/pal_gazebo_worlds/models/reviews_table/reviews_table.sdf
[3.501s] -- Symlinking: /home/mjlinux/Downloads/book_ros2_wrs/install/pal_gazebo_worlds/share/pal_gazebo_worlds/models/robocup_walls_70cm_doors/house_walls.sdf
[3.509s] -- Symlinking: /home/mjlinux/Downloads/book_ros2_wrs/install/pal_gazebo_worlds/share/pal_gazebo_worlds/models/robocup_walls_70cm_doors/meshes/robocup_house.stl
[3.524s] -- Symlinking: /home/mjlinux/Downloads/book_ros2_wrs/install/pal_gazebo_worlds/share/pal_gazebo_worlds/models/robocup_walls_70cm_doors/model.config
[3.544s] -- Symlinking: /home/mjlinux/Downloads/book_ros2_wrs/install/pal_gazebo_worlds/share/pal_gazebo_worlds/models/rockin_camp/README
[3.572s] -- Symlinking: /home/mjlinux/Downloads/book_ros2_wrs/install/pal_gazebo_worlds/share/pal_gazebo_worlds/models/rockin_camp/model.config
[3.585s] -- Symlinking: /home/mjlinux/Downloads/book_ros2_wrs/install/pal_gazebo_worlds/share/pal_gazebo_worlds/models/rockin_camp/model.sdf
[3.611s] -- Symlinking: /home/mjlinux/Downloads/book_ros2_wrs/install/pal_gazebo_worlds/share/pal_gazebo_worlds/models/rockin_camp/rockin_camp.png
[3.622s] -- Symlinking: /home/mjlinux/Downloads/book_ros2_wrs/install/pal_gazebo_worlds/share/pal_gazebo_worlds/models/sideboard/meshes/sideboard.stl
[3.630s] -- Symlinking: /home/mjlinux/Downloads/book_ros2_wrs/install/pal_gazebo_worlds/share/pal_gazebo_worlds/models/sideboard/model.config
[3.662s] -- Symlinking: /home/mjlinux/Downloads/book_ros2_wrs/install/pal_gazebo_worlds/share/pal_gazebo_worlds/models/sideboard/sideboard.sdf
[3.681s] -- Symlinking: /home/mjlinux/Downloads/book_ros2_wrs/install/pal_gazebo_worlds/share/pal_gazebo_worlds/models/slippery_patch/material/scripts/slippery_patch.material
[3.705s] -- Symlinking: /home/mjlinux/Downloads/book_ros2_wrs/install/pal_gazebo_worlds/share/pal_gazebo_worlds/models/slippery_patch/material/textures/slippery_patch.jpg
[3.729s] -- Symlinking: /home/mjlinux/Downloads/book_ros2_wrs/install/pal_gazebo_worlds/share/pal_gazebo_worlds/models/slippery_patch/model.config
[3.733s] -- Symlinking: /home/mjlinux/Downloads/book_ros2_wrs/install/pal_gazebo_worlds/share/pal_gazebo_worlds/models/slippery_patch/slippery_patch.sdf
[3.740s] -- Symlinking: /home/mjlinux/Downloads/book_ros2_wrs/install/pal_gazebo_worlds/share/pal_gazebo_worlds/models/small_cylinder/model.config
[3.769s] -- Symlinking: /home/mjlinux/Downloads/book_ros2_wrs/install/pal_gazebo_worlds/share/pal_gazebo_worlds/models/small_cylinder/small_cylinder.sdf
[3.788s] -- Symlinking: /home/mjlinux/Downloads/book_ros2_wrs/install/pal_gazebo_worlds/share/pal_gazebo_worlds/models/sofa/meshes/sofa.stl
[3.800s] -- Symlinking: /home/mjlinux/Downloads/book_ros2_wrs/install/pal_gazebo_worlds/share/pal_gazebo_worlds/models/sofa/model.config
[3.808s] -- Symlinking: /home/mjlinux/Downloads/book_ros2_wrs/install/pal_gazebo_worlds/share/pal_gazebo_worlds/models/sofa/sofa.sdf
[3.816s] -- Symlinking: /home/mjlinux/Downloads/book_ros2_wrs/install/pal_gazebo_worlds/share/pal_gazebo_worlds/models/sprite/material/scripts/sprite.material
[3.824s] -- Symlinking: /home/mjlinux/Downloads/book_ros2_wrs/install/pal_gazebo_worlds/share/pal_gazebo_worlds/models/sprite/material/textures/sprite.jpg
[3.833s] -- Symlinking: /home/mjlinux/Downloads/book_ros2_wrs/install/pal_gazebo_worlds/share/pal_gazebo_worlds/models/sprite/model.config
[3.841s] -- Symlinking: /home/mjlinux/Downloads/book_ros2_wrs/install/pal_gazebo_worlds/share/pal_gazebo_worlds/models/sprite/sprite.sdf
[3.870s] -- Symlinking: /home/mjlinux/Downloads/book_ros2_wrs/install/pal_gazebo_worlds/share/pal_gazebo_worlds/models/sun/model-1_2.sdf
[3.877s] -- Symlinking: /home/mjlinux/Downloads/book_ros2_wrs/install/pal_gazebo_worlds/share/pal_gazebo_worlds/models/sun/model-1_3.sdf
[3.885s] -- Symlinking: /home/mjlinux/Downloads/book_ros2_wrs/install/pal_gazebo_worlds/share/pal_gazebo_worlds/models/sun/model-1_4.sdf
[3.894s] -- Symlinking: /home/mjlinux/Downloads/book_ros2_wrs/install/pal_gazebo_worlds/share/pal_gazebo_worlds/models/sun/model.config
[3.902s] -- Symlinking: /home/mjlinux/Downloads/book_ros2_wrs/install/pal_gazebo_worlds/share/pal_gazebo_worlds/models/sun/model.sdf
[3.909s] -- Symlinking: /home/mjlinux/Downloads/book_ros2_wrs/install/pal_gazebo_worlds/share/pal_gazebo_worlds/models/table_0m8/model.config
[3.918s] -- Symlinking: /home/mjlinux/Downloads/book_ros2_wrs/install/pal_gazebo_worlds/share/pal_gazebo_worlds/models/table_0m8/table.sdf
[3.926s] -- Symlinking: /home/mjlinux/Downloads/book_ros2_wrs/install/pal_gazebo_worlds/share/pal_gazebo_worlds/models/table_1m/model.config
[3.934s] -- Symlinking: /home/mjlinux/Downloads/book_ros2_wrs/install/pal_gazebo_worlds/share/pal_gazebo_worlds/models/table_1m/table_1m.sdf
[3.965s] -- Symlinking: /home/mjlinux/Downloads/book_ros2_wrs/install/pal_gazebo_worlds/share/pal_gazebo_worlds/models/test2/meshes/test2.dae
[3.979s] -- Symlinking: /home/mjlinux/Downloads/book_ros2_wrs/install/pal_gazebo_worlds/share/pal_gazebo_worlds/models/test2/model.config
[4.002s] -- Symlinking: /home/mjlinux/Downloads/book_ros2_wrs/install/pal_gazebo_worlds/share/pal_gazebo_worlds/models/test2/test2.sdf
[4.027s] -- Symlinking: /home/mjlinux/Downloads/book_ros2_wrs/install/pal_gazebo_worlds/share/pal_gazebo_worlds/models/testing_room/README
[4.037s] -- Symlinking: /home/mjlinux/Downloads/book_ros2_wrs/install/pal_gazebo_worlds/share/pal_gazebo_worlds/models/testing_room/model.config
[4.067s] -- Symlinking: /home/mjlinux/Downloads/book_ros2_wrs/install/pal_gazebo_worlds/share/pal_gazebo_worlds/models/testing_room/model.sdf
[4.072s] -- Symlinking: /home/mjlinux/Downloads/book_ros2_wrs/install/pal_gazebo_worlds/share/pal_gazebo_worlds/models/testing_room/testing_room.png
[4.079s] -- Symlinking: /home/mjlinux/Downloads/book_ros2_wrs/install/pal_gazebo_worlds/share/pal_gazebo_worlds/models/tv/meshes/tv.stl
[4.086s] -- Symlinking: /home/mjlinux/Downloads/book_ros2_wrs/install/pal_gazebo_worlds/share/pal_gazebo_worlds/models/tv/model.config
[4.099s] -- Symlinking: /home/mjlinux/Downloads/book_ros2_wrs/install/pal_gazebo_worlds/share/pal_gazebo_worlds/models/tv/tv.sdf
[4.107s] -- Symlinking: /home/mjlinux/Downloads/book_ros2_wrs/install/pal_gazebo_worlds/share/pal_gazebo_worlds/models/wall_with_reem_photo/material/scripts/ball.material
[4.115s] -- Symlinking: /home/mjlinux/Downloads/book_ros2_wrs/install/pal_gazebo_worlds/share/pal_gazebo_worlds/models/wall_with_reem_photo/material/scripts/wallWithREEMphoto.material
[4.123s] -- Symlinking: /home/mjlinux/Downloads/book_ros2_wrs/install/pal_gazebo_worlds/share/pal_gazebo_worlds/models/wall_with_reem_photo/material/textures/REEM_photo0.jpg
[4.136s] -- Symlinking: /home/mjlinux/Downloads/book_ros2_wrs/install/pal_gazebo_worlds/share/pal_gazebo_worlds/models/wall_with_reem_photo/model.config
[4.138s] -- Symlinking: /home/mjlinux/Downloads/book_ros2_wrs/install/pal_gazebo_worlds/share/pal_gazebo_worlds/models/wall_with_reem_photo/model.sdf
[4.165s] -- Symlinking: /home/mjlinux/Downloads/book_ros2_wrs/install/pal_gazebo_worlds/share/pal_gazebo_worlds/models/wardrobe/meshes/wardrobe.stl
[4.193s] -- Symlinking: /home/mjlinux/Downloads/book_ros2_wrs/install/pal_gazebo_worlds/share/pal_gazebo_worlds/models/wardrobe/model.config
[4.233s] -- Symlinking: /home/mjlinux/Downloads/book_ros2_wrs/install/pal_gazebo_worlds/share/pal_gazebo_worlds/models/wardrobe/wardrobe.sdf
[4.270s] -- Symlinking: /home/mjlinux/Downloads/book_ros2_wrs/install/pal_gazebo_worlds/share/pal_gazebo_worlds/models/willowgarage/materials/textures/Carpet_Berber_Pattern_Gray_.png
[4.276s] -- Symlinking: /home/mjlinux/Downloads/book_ros2_wrs/install/pal_gazebo_worlds/share/pal_gazebo_worlds/models/willowgarage/materials/textures/Stone_Brushed_Khaki_.png
[4.286s] -- Symlinking: /home/mjlinux/Downloads/book_ros2_wrs/install/pal_gazebo_worlds/share/pal_gazebo_worlds/models/willowgarage/materials/textures/Wood_Bamboo_Medium_.png
[4.295s] -- Symlinking: /home/mjlinux/Downloads/book_ros2_wrs/install/pal_gazebo_worlds/share/pal_gazebo_worlds/models/willowgarage/materials/textures/Wood_Cherry_Original_.png
[4.315s] -- Symlinking: /home/mjlinux/Downloads/book_ros2_wrs/install/pal_gazebo_worlds/share/pal_gazebo_worlds/models/willowgarage/materials/textures/__Wood_Bamboo_Medium_1.png
[4.332s] -- Symlinking: /home/mjlinux/Downloads/book_ros2_wrs/install/pal_gazebo_worlds/share/pal_gazebo_worlds/models/willowgarage/materials/textures/__auto_12.png
[4.345s] -- Symlinking: /home/mjlinux/Downloads/book_ros2_wrs/install/pal_gazebo_worlds/share/pal_gazebo_worlds/models/willowgarage/materials/textures/__auto_2.png
[4.384s] -- Symlinking: /home/mjlinux/Downloads/book_ros2_wrs/install/pal_gazebo_worlds/share/pal_gazebo_worlds/models/willowgarage/meshes/willowgarage_collision.dae
[4.393s] -- Symlinking: /home/mjlinux/Downloads/book_ros2_wrs/install/pal_gazebo_worlds/share/pal_gazebo_worlds/models/willowgarage/meshes/willowgarage_visual.dae
[4.427s] -- Symlinking: /home/mjlinux/Downloads/book_ros2_wrs/install/pal_gazebo_worlds/share/pal_gazebo_worlds/worlds/aruco.world
[4.450s] -- Symlinking: /home/mjlinux/Downloads/book_ros2_wrs/install/pal_gazebo_worlds/share/pal_gazebo_worlds/worlds/ball.world
[4.474s] -- Symlinking: /home/mjlinux/Downloads/book_ros2_wrs/install/pal_gazebo_worlds/share/pal_gazebo_worlds/worlds/cabinet_grasping.world
[4.495s] -- Symlinking: /home/mjlinux/Downloads/book_ros2_wrs/install/pal_gazebo_worlds/share/pal_gazebo_worlds/worlds/calibration_room.world
[4.516s] -- Symlinking: /home/mjlinux/Downloads/book_ros2_wrs/install/pal_gazebo_worlds/share/pal_gazebo_worlds/worlds/chairs.world
[4.534s] -- Symlinking: /home/mjlinux/Downloads/book_ros2_wrs/install/pal_gazebo_worlds/share/pal_gazebo_worlds/worlds/corridor_110cm.world
[4.550s] -- Symlinking: /home/mjlinux/Downloads/book_ros2_wrs/install/pal_gazebo_worlds/share/pal_gazebo_worlds/worlds/corridor_60cm.world
[4.587s] -- Symlinking: /home/mjlinux/Downloads/book_ros2_wrs/install/pal_gazebo_worlds/share/pal_gazebo_worlds/worlds/corridor_70cm.world
[4.604s] -- Symlinking: /home/mjlinux/Downloads/book_ros2_wrs/install/pal_gazebo_worlds/share/pal_gazebo_worlds/worlds/corridor_85cm.world
[4.612s] -- Symlinking: /home/mjlinux/Downloads/book_ros2_wrs/install/pal_gazebo_worlds/share/pal_gazebo_worlds/worlds/dock_and_aruco.world
[4.628s] -- Symlinking: /home/mjlinux/Downloads/book_ros2_wrs/install/pal_gazebo_worlds/share/pal_gazebo_worlds/worlds/dock_station.world
[4.635s] -- Symlinking: /home/mjlinux/Downloads/book_ros2_wrs/install/pal_gazebo_worlds/share/pal_gazebo_worlds/worlds/docker_chair.world
[4.667s] -- Symlinking: /home/mjlinux/Downloads/book_ros2_wrs/install/pal_gazebo_worlds/share/pal_gazebo_worlds/worlds/door_obstacle.world
[4.700s] -- Symlinking: /home/mjlinux/Downloads/book_ros2_wrs/install/pal_gazebo_worlds/share/pal_gazebo_worlds/worlds/empty.world
[4.721s] -- Symlinking: /home/mjlinux/Downloads/book_ros2_wrs/install/pal_gazebo_worlds/share/pal_gazebo_worlds/worlds/empty_room.world
[4.734s] -- Symlinking: /home/mjlinux/Downloads/book_ros2_wrs/install/pal_gazebo_worlds/share/pal_gazebo_worlds/worlds/factory.world
[4.743s] -- Symlinking: /home/mjlinux/Downloads/book_ros2_wrs/install/pal_gazebo_worlds/share/pal_gazebo_worlds/worlds/featured.world
[4.752s] -- Symlinking: /home/mjlinux/Downloads/book_ros2_wrs/install/pal_gazebo_worlds/share/pal_gazebo_worlds/worlds/footstep_obstacle.world
[4.774s] -- Symlinking: /home/mjlinux/Downloads/book_ros2_wrs/install/pal_gazebo_worlds/share/pal_gazebo_worlds/worlds/hit_table.world
[4.782s] -- Symlinking: /home/mjlinux/Downloads/book_ros2_wrs/install/pal_gazebo_worlds/share/pal_gazebo_worlds/worlds/home.world
[4.790s] -- Symlinking: /home/mjlinux/Downloads/book_ros2_wrs/install/pal_gazebo_worlds/share/pal_gazebo_worlds/worlds/hospital.world
[4.797s] -- Symlinking: /home/mjlinux/Downloads/book_ros2_wrs/install/pal_gazebo_worlds/share/pal_gazebo_worlds/worlds/hospital_flat.world
[4.804s] -- Symlinking: /home/mjlinux/Downloads/book_ros2_wrs/install/pal_gazebo_worlds/share/pal_gazebo_worlds/worlds/look_to_point.world
[4.812s] -- Symlinking: /home/mjlinux/Downloads/book_ros2_wrs/install/pal_gazebo_worlds/share/pal_gazebo_worlds/worlds/low_sun_empty.world
[4.819s] -- Symlinking: /home/mjlinux/Downloads/book_ros2_wrs/install/pal_gazebo_worlds/share/pal_gazebo_worlds/worlds/memmo_simple.world
[4.827s] -- Symlinking: /home/mjlinux/Downloads/book_ros2_wrs/install/pal_gazebo_worlds/share/pal_gazebo_worlds/worlds/narrow_passage.world
[4.835s] -- Symlinking: /home/mjlinux/Downloads/book_ros2_wrs/install/pal_gazebo_worlds/share/pal_gazebo_worlds/worlds/objects_on_table.world
[4.845s] -- Symlinking: /home/mjlinux/Downloads/book_ros2_wrs/install/pal_gazebo_worlds/share/pal_gazebo_worlds/worlds/pal_office.world
[4.866s] -- Symlinking: /home/mjlinux/Downloads/book_ros2_wrs/install/pal_gazebo_worlds/share/pal_gazebo_worlds/worlds/pal_textured_object.world
[4.875s] -- Symlinking: /home/mjlinux/Downloads/book_ros2_wrs/install/pal_gazebo_worlds/share/pal_gazebo_worlds/worlds/passage_110cm.world
[4.897s] -- Symlinking: /home/mjlinux/Downloads/book_ros2_wrs/install/pal_gazebo_worlds/share/pal_gazebo_worlds/worlds/passage_60cm.world
[4.911s] -- Symlinking: /home/mjlinux/Downloads/book_ros2_wrs/install/pal_gazebo_worlds/share/pal_gazebo_worlds/worlds/passage_70cm.world
[4.920s] -- Symlinking: /home/mjlinux/Downloads/book_ros2_wrs/install/pal_gazebo_worlds/share/pal_gazebo_worlds/worlds/pg_demo.world
[4.941s] -- Symlinking: /home/mjlinux/Downloads/book_ros2_wrs/install/pal_gazebo_worlds/share/pal_gazebo_worlds/worlds/pick.world
[4.973s] -- Symlinking: /home/mjlinux/Downloads/book_ros2_wrs/install/pal_gazebo_worlds/share/pal_gazebo_worlds/worlds/pick_place_cabinet.world
[4.983s] -- Symlinking: /home/mjlinux/Downloads/book_ros2_wrs/install/pal_gazebo_worlds/share/pal_gazebo_worlds/worlds/pick_place_close_demo.world
[4.991s] -- Symlinking: /home/mjlinux/Downloads/book_ros2_wrs/install/pal_gazebo_worlds/share/pal_gazebo_worlds/worlds/pick_place_demo.world
[4.999s] -- Symlinking: /home/mjlinux/Downloads/book_ros2_wrs/install/pal_gazebo_worlds/share/pal_gazebo_worlds/worlds/reemc.world
[5.006s] -- Symlinking: /home/mjlinux/Downloads/book_ros2_wrs/install/pal_gazebo_worlds/share/pal_gazebo_worlds/worlds/reemc_indoor.world
[5.014s] -- Symlinking: /home/mjlinux/Downloads/book_ros2_wrs/install/pal_gazebo_worlds/share/pal_gazebo_worlds/worlds/simple_office.world
[5.022s] -- Symlinking: /home/mjlinux/Downloads/book_ros2_wrs/install/pal_gazebo_worlds/share/pal_gazebo_worlds/worlds/simple_office_with_people.world
[5.029s] -- Symlinking: /home/mjlinux/Downloads/book_ros2_wrs/install/pal_gazebo_worlds/share/pal_gazebo_worlds/worlds/simple_ramp.world
[5.036s] -- Symlinking: /home/mjlinux/Downloads/book_ros2_wrs/install/pal_gazebo_worlds/share/pal_gazebo_worlds/worlds/small_factory.world
[5.070s] -- Symlinking: /home/mjlinux/Downloads/book_ros2_wrs/install/pal_gazebo_worlds/share/pal_gazebo_worlds/worlds/small_office.world
[5.078s] -- Symlinking: /home/mjlinux/Downloads/book_ros2_wrs/install/pal_gazebo_worlds/share/pal_gazebo_worlds/worlds/small_office_door_obstacle.world
[5.084s] -- Symlinking: /home/mjlinux/Downloads/book_ros2_wrs/install/pal_gazebo_worlds/share/pal_gazebo_worlds/worlds/small_office_inventory.world
[5.093s] -- Symlinking: /home/mjlinux/Downloads/book_ros2_wrs/install/pal_gazebo_worlds/share/pal_gazebo_worlds/worlds/small_textured_office.world
[5.101s] -- Symlinking: /home/mjlinux/Downloads/book_ros2_wrs/install/pal_gazebo_worlds/share/pal_gazebo_worlds/worlds/socmcs.world
[5.108s] -- Symlinking: /home/mjlinux/Downloads/book_ros2_wrs/install/pal_gazebo_worlds/share/pal_gazebo_worlds/worlds/stairs.world
[5.116s] -- Symlinking: /home/mjlinux/Downloads/book_ros2_wrs/install/pal_gazebo_worlds/share/pal_gazebo_worlds/worlds/stamping_demo.world
[5.124s] -- Symlinking: /home/mjlinux/Downloads/book_ros2_wrs/install/pal_gazebo_worlds/share/pal_gazebo_worlds/worlds/t_shaped.world
[5.131s] -- Symlinking: /home/mjlinux/Downloads/book_ros2_wrs/install/pal_gazebo_worlds/share/pal_gazebo_worlds/worlds/tabletop_cube.world
[5.138s] -- Symlinking: /home/mjlinux/Downloads/book_ros2_wrs/install/pal_gazebo_worlds/share/pal_gazebo_worlds/worlds/tabletop_cylinder.world
[5.144s] -- Symlinking: /home/mjlinux/Downloads/book_ros2_wrs/install/pal_gazebo_worlds/share/pal_gazebo_worlds/worlds/tutorial_office.world
[5.169s] -- Symlinking: /home/mjlinux/Downloads/book_ros2_wrs/install/pal_gazebo_worlds/share/pal_gazebo_worlds/worlds/voronoi_graph.world
[5.174s] -- Symlinking: /home/mjlinux/Downloads/book_ros2_wrs/install/pal_gazebo_worlds/share/pal_gazebo_worlds/worlds/willow_garage.world
[5.180s] -- Symlinking: /home/mjlinux/Downloads/book_ros2_wrs/install/pal_gazebo_worlds/share/pal_gazebo_worlds/worlds/world_wall_REEM_photo.world
[5.188s] -- Symlinking: /home/mjlinux/Downloads/book_ros2_wrs/install/pal_gazebo_worlds/share/pal_gazebo_worlds/urdf/chessboard/chessboard.gazebo.xacro
[5.195s] -- Symlinking: /home/mjlinux/Downloads/book_ros2_wrs/install/pal_gazebo_worlds/share/pal_gazebo_worlds/urdf/chessboard/chessboard.urdf.xacro
[5.203s] -- Symlinking: /home/mjlinux/Downloads/book_ros2_wrs/install/pal_gazebo_worlds/share/pal_gazebo_worlds/urdf/chessboard/chessboard_example.urdf.xacro
[5.210s] -- Symlinking: /home/mjlinux/Downloads/book_ros2_wrs/install/pal_gazebo_worlds/share/pal_gazebo_worlds/urdf/simple_box.urdf
[5.217s] -- Symlinking: /home/mjlinux/Downloads/book_ros2_wrs/install/pal_gazebo_worlds/share/pal_gazebo_worlds/meshes/chessboard/chessboard.dae
[5.224s] -- Symlinking: /home/mjlinux/Downloads/book_ros2_wrs/install/pal_gazebo_worlds/share/pal_gazebo_worlds/meshes/chessboard/chessboard.png
[5.232s] -- Symlinking: /home/mjlinux/Downloads/book_ros2_wrs/install/pal_gazebo_worlds/share/ament_index/resource_index/package_run_dependencies/pal_gazebo_worlds
[5.239s] -- Symlinking: /home/mjlinux/Downloads/book_ros2_wrs/install/pal_gazebo_worlds/share/ament_index/resource_index/parent_prefix_path/pal_gazebo_worlds
[5.251s] -- Symlinking: /home/mjlinux/Downloads/book_ros2_wrs/install/pal_gazebo_worlds/share/pal_gazebo_worlds/environment/ament_prefix_path.sh
[5.271s] -- Symlinking: /home/mjlinux/Downloads/book_ros2_wrs/install/pal_gazebo_worlds/share/pal_gazebo_worlds/environment/ament_prefix_path.dsv
[5.278s] -- Symlinking: /home/mjlinux/Downloads/book_ros2_wrs/install/pal_gazebo_worlds/share/pal_gazebo_worlds/environment/path.sh
[5.286s] -- Symlinking: /home/mjlinux/Downloads/book_ros2_wrs/install/pal_gazebo_worlds/share/pal_gazebo_worlds/environment/path.dsv
[5.293s] -- Symlinking: /home/mjlinux/Downloads/book_ros2_wrs/install/pal_gazebo_worlds/share/pal_gazebo_worlds/local_setup.bash
[5.301s] -- Symlinking: /home/mjlinux/Downloads/book_ros2_wrs/install/pal_gazebo_worlds/share/pal_gazebo_worlds/local_setup.sh
[5.308s] -- Symlinking: /home/mjlinux/Downloads/book_ros2_wrs/install/pal_gazebo_worlds/share/pal_gazebo_worlds/local_setup.zsh
[5.315s] -- Symlinking: /home/mjlinux/Downloads/book_ros2_wrs/install/pal_gazebo_worlds/share/pal_gazebo_worlds/local_setup.dsv
[5.322s] -- Symlinking: /home/mjlinux/Downloads/book_ros2_wrs/install/pal_gazebo_worlds/share/pal_gazebo_worlds/package.dsv
[5.329s] -- Symlinking: /home/mjlinux/Downloads/book_ros2_wrs/install/pal_gazebo_worlds/share/ament_index/resource_index/packages/pal_gazebo_worlds
[5.336s] -- Symlinking: /home/mjlinux/Downloads/book_ros2_wrs/install/pal_gazebo_worlds/share/pal_gazebo_worlds/cmake/pal_gazebo_worldsConfig.cmake
[5.343s] -- Symlinking: /home/mjlinux/Downloads/book_ros2_wrs/install/pal_gazebo_worlds/share/pal_gazebo_worlds/cmake/pal_gazebo_worldsConfig-version.cmake
[5.350s] -- Symlinking: /home/mjlinux/Downloads/book_ros2_wrs/install/pal_gazebo_worlds/share/pal_gazebo_worlds/package.xml
[5.378s] Invoked command in '/home/mjlinux/Downloads/book_ros2_wrs/build/pal_gazebo_worlds' returned '0': CMAKE_PREFIX_PATH=/opt/ros/humble /usr/bin/cmake --install /home/mjlinux/Downloads/book_ros2_wrs/build/pal_gazebo_worlds
