[0.179s] Invoking command in '/home/mjlinux/Downloads/book_ros2_wrs/build/pal_gripper_controller_configuration': CMAKE_PREFIX_PATH=/opt/ros/humble /usr/bin/cmake /home/mjlinux/Downloads/book_ros2_wrs/ThirdParty/pal_gripper/pal_gripper_controller_configuration -DAMENT_CMAKE_SYMLINK_INSTALL=1 -DCMAKE_INSTALL_PREFIX=/home/mjlinux/Downloads/book_ros2_wrs/install/pal_gripper_controller_configuration
[0.299s] -- The C compiler identification is GNU 11.4.0
[0.414s] -- The CXX compiler identification is GNU 11.4.0
[0.435s] -- Detecting C compiler ABI info
[0.512s] -- Detecting C compiler ABI info - done
[0.518s] -- Check for working C compiler: /usr/bin/cc - skipped
[0.518s] -- Detecting C compile features
[0.518s] -- Detecting C compile features - done
[0.535s] -- Detecting CXX compiler ABI info
[0.648s] -- Detecting CXX compiler ABI info - done
[0.650s] -- Check for working CXX compiler: /usr/bin/c++ - skipped
[0.651s] -- Detecting CXX compile features
[0.651s] -- Detecting CXX compile features - done
[0.653s] -- Found ament_cmake_auto: 1.3.5 (/opt/ros/humble/share/ament_cmake_auto/cmake)
[0.789s] -- Found Python3: /usr/bin/python3.10 (found version "3.10.12") found components: Interpreter 
[0.843s] -- Override CMake install command with custom implementation using symlinks instead of copying resources
[0.865s] -- Found ament_lint_auto: 0.12.7 (/opt/ros/humble/share/ament_lint_auto/cmake)
[0.943s] -- Added test 'copyright' to check source files copyright and LICENSE
[0.945s] -- Added test 'flake8' to check Python code syntax and style conventions
[0.945s] -- Added test 'lint_cmake' to check CMake code style
[0.946s] -- Added test 'pep257' to check Python code against some of the docstring style conventions in PEP 257
[0.947s] -- Added test 'xmllint' to check XML markup files
[0.948s] -- Configuring done
[0.950s] -- Generating done
[0.950s] -- Build files have been written to: /home/mjlinux/Downloads/book_ros2_wrs/build/pal_gripper_controller_configuration
[0.956s] Invoked command in '/home/mjlinux/Downloads/book_ros2_wrs/build/pal_gripper_controller_configuration' returned '0': CMAKE_PREFIX_PATH=/opt/ros/humble /usr/bin/cmake /home/mjlinux/Downloads/book_ros2_wrs/ThirdParty/pal_gripper/pal_gripper_controller_configuration -DAMENT_CMAKE_SYMLINK_INSTALL=1 -DCMAKE_INSTALL_PREFIX=/home/mjlinux/Downloads/book_ros2_wrs/install/pal_gripper_controller_configuration
[0.957s] Invoking command in '/home/mjlinux/Downloads/book_ros2_wrs/build/pal_gripper_controller_configuration': CMAKE_PREFIX_PATH=/opt/ros/humble /usr/bin/cmake --build /home/mjlinux/Downloads/book_ros2_wrs/build/pal_gripper_controller_configuration -- -j4 -l4
[0.990s] Invoked command in '/home/mjlinux/Downloads/book_ros2_wrs/build/pal_gripper_controller_configuration' returned '0': CMAKE_PREFIX_PATH=/opt/ros/humble /usr/bin/cmake --build /home/mjlinux/Downloads/book_ros2_wrs/build/pal_gripper_controller_configuration -- -j4 -l4
[1.022s] Invoking command in '/home/mjlinux/Downloads/book_ros2_wrs/build/pal_gripper_controller_configuration': CMAKE_PREFIX_PATH=/opt/ros/humble /usr/bin/cmake --install /home/mjlinux/Downloads/book_ros2_wrs/build/pal_gripper_controller_configuration
[1.046s] -- Install configuration: ""
[1.047s] -- Execute custom install script
[1.047s] -- Symlinking: /home/mjlinux/Downloads/book_ros2_wrs/install/pal_gripper_controller_configuration/share/pal_gripper_controller_configuration/config/current_limit_controllers.yaml
[1.054s] -- Symlinking: /home/mjlinux/Downloads/book_ros2_wrs/install/pal_gripper_controller_configuration/share/pal_gripper_controller_configuration/config/current_limit_controllers_left.yaml
[1.061s] -- Symlinking: /home/mjlinux/Downloads/book_ros2_wrs/install/pal_gripper_controller_configuration/share/pal_gripper_controller_configuration/config/current_limit_controllers_right.yaml
[1.068s] -- Symlinking: /home/mjlinux/Downloads/book_ros2_wrs/install/pal_gripper_controller_configuration/share/pal_gripper_controller_configuration/config/gripper_controller.yaml
[1.075s] -- Symlinking: /home/mjlinux/Downloads/book_ros2_wrs/install/pal_gripper_controller_configuration/share/pal_gripper_controller_configuration/config/joint_trajectory_controllers.yaml
[1.083s] -- Symlinking: /home/mjlinux/Downloads/book_ros2_wrs/install/pal_gripper_controller_configuration/share/pal_gripper_controller_configuration/config/pids.yaml
[1.090s] -- Symlinking: /home/mjlinux/Downloads/book_ros2_wrs/install/pal_gripper_controller_configuration/share/pal_gripper_controller_configuration/launch/current_limit_controllers.launch
[1.097s] -- Symlinking: /home/mjlinux/Downloads/book_ros2_wrs/install/pal_gripper_controller_configuration/share/pal_gripper_controller_configuration/launch/gripper_controller.launch
[1.103s] -- Symlinking: /home/mjlinux/Downloads/book_ros2_wrs/install/pal_gripper_controller_configuration/share/ament_index/resource_index/package_run_dependencies/pal_gripper_controller_configuration
[1.111s] -- Symlinking: /home/mjlinux/Downloads/book_ros2_wrs/install/pal_gripper_controller_configuration/share/ament_index/resource_index/parent_prefix_path/pal_gripper_controller_configuration
[1.138s] -- Symlinking: /home/mjlinux/Downloads/book_ros2_wrs/install/pal_gripper_controller_configuration/share/pal_gripper_controller_configuration/environment/ament_prefix_path.sh
[1.141s] -- Symlinking: /home/mjlinux/Downloads/book_ros2_wrs/install/pal_gripper_controller_configuration/share/pal_gripper_controller_configuration/environment/ament_prefix_path.dsv
[1.151s] -- Symlinking: /home/mjlinux/Downloads/book_ros2_wrs/install/pal_gripper_controller_configuration/share/pal_gripper_controller_configuration/environment/path.sh
[1.158s] -- Symlinking: /home/mjlinux/Downloads/book_ros2_wrs/install/pal_gripper_controller_configuration/share/pal_gripper_controller_configuration/environment/path.dsv
[1.166s] -- Symlinking: /home/mjlinux/Downloads/book_ros2_wrs/install/pal_gripper_controller_configuration/share/pal_gripper_controller_configuration/local_setup.bash
[1.173s] -- Symlinking: /home/mjlinux/Downloads/book_ros2_wrs/install/pal_gripper_controller_configuration/share/pal_gripper_controller_configuration/local_setup.sh
[1.180s] -- Symlinking: /home/mjlinux/Downloads/book_ros2_wrs/install/pal_gripper_controller_configuration/share/pal_gripper_controller_configuration/local_setup.zsh
[1.187s] -- Symlinking: /home/mjlinux/Downloads/book_ros2_wrs/install/pal_gripper_controller_configuration/share/pal_gripper_controller_configuration/local_setup.dsv
[1.194s] -- Symlinking: /home/mjlinux/Downloads/book_ros2_wrs/install/pal_gripper_controller_configuration/share/pal_gripper_controller_configuration/package.dsv
[1.202s] -- Symlinking: /home/mjlinux/Downloads/book_ros2_wrs/install/pal_gripper_controller_configuration/share/ament_index/resource_index/packages/pal_gripper_controller_configuration
[1.210s] -- Symlinking: /home/mjlinux/Downloads/book_ros2_wrs/install/pal_gripper_controller_configuration/share/pal_gripper_controller_configuration/cmake/pal_gripper_controller_configurationConfig.cmake
[1.234s] -- Symlinking: /home/mjlinux/Downloads/book_ros2_wrs/install/pal_gripper_controller_configuration/share/pal_gripper_controller_configuration/cmake/pal_gripper_controller_configurationConfig-version.cmake
[1.246s] -- Symlinking: /home/mjlinux/Downloads/book_ros2_wrs/install/pal_gripper_controller_configuration/share/pal_gripper_controller_configuration/package.xml
[1.256s] Invoked command in '/home/mjlinux/Downloads/book_ros2_wrs/build/pal_gripper_controller_configuration' returned '0': CMAKE_PREFIX_PATH=/opt/ros/humble /usr/bin/cmake --install /home/mjlinux/Downloads/book_ros2_wrs/build/pal_gripper_controller_configuration
