[0.023s] Invoking command in '/home/mjlinux/Downloads/book_ros2_wrs/build/groot': CMAKE_PREFIX_PATH=${CMAKE_PREFIX_PATH}:/home/mjlinux/Downloads/book_ros2_wrs/install/launch_pal:/home/mjlinux/Downloads/book_ros2_wrs/install/groot:/home/mjlinux/Downloads/book_ros2_wrs/install/br2_fsm_bumpgo_py:/opt/ros/humble /usr/bin/cmake --build /home/mjlinux/Downloads/book_ros2_wrs/build/groot -- -j4 -l4
[0.096s] [  1%] [34m[1mAutomatic MOC and UIC for target QtNodeEditor[0m
[0.126s] [  1%] Built target QtNodeEditor_autogen
[0.196s] [ 57%] Built target QtNodeEditor
[0.222s] [ 58%] [34m[1mAutomatic MOC and UIC for target behavior_tree_editor[0m
[0.253s] [ 58%] Built target behavior_tree_editor_autogen
[0.300s] [ 74%] Built target behavior_tree_editor
[0.329s] [ 75%] [34m[1mAutomatic MOC and UIC for target Groot[0m
[0.333s] [ 75%] [34m[1mAutomatic MOC and UIC for target editor_test[0m
[0.337s] [ 76%] [34m[1mAutomatic MOC and UIC for target replay_test[0m
[0.364s] [ 76%] Built target Groot_autogen
[0.379s] [ 76%] Built target replay_test_autogen
[0.390s] [ 76%] Built target editor_test_autogen
[0.412s] [ 82%] Built target Groot
[0.436s] [ 91%] Built target replay_test
[0.448s] [100%] Built target editor_test
[0.462s] Invoked command in '/home/mjlinux/Downloads/book_ros2_wrs/build/groot' returned '0': CMAKE_PREFIX_PATH=${CMAKE_PREFIX_PATH}:/home/mjlinux/Downloads/book_ros2_wrs/install/launch_pal:/home/mjlinux/Downloads/book_ros2_wrs/install/groot:/home/mjlinux/Downloads/book_ros2_wrs/install/br2_fsm_bumpgo_py:/opt/ros/humble /usr/bin/cmake --build /home/mjlinux/Downloads/book_ros2_wrs/build/groot -- -j4 -l4
[0.544s] Invoking command in '/home/mjlinux/Downloads/book_ros2_wrs/build/groot': CMAKE_PREFIX_PATH=${CMAKE_PREFIX_PATH}:/home/mjlinux/Downloads/book_ros2_wrs/install/launch_pal:/home/mjlinux/Downloads/book_ros2_wrs/install/groot:/home/mjlinux/Downloads/book_ros2_wrs/install/br2_fsm_bumpgo_py:/opt/ros/humble /usr/bin/cmake --install /home/mjlinux/Downloads/book_ros2_wrs/build/groot
[0.551s] -- Install configuration: ""
[0.552s] -- Execute custom install script
[0.553s] -- Up-to-date symlink: /home/mjlinux/Downloads/book_ros2_wrs/install/groot/lib/libbehavior_tree_editor.so
[0.554s] -- Up-to-date symlink: /home/mjlinux/Downloads/book_ros2_wrs/install/groot/lib/groot/Groot
[0.555s] -- Up-to-date symlink: /home/mjlinux/Downloads/book_ros2_wrs/install/groot/share/groot/environment/library_path.sh
[0.555s] -- Up-to-date symlink: /home/mjlinux/Downloads/book_ros2_wrs/install/groot/share/groot/environment/library_path.dsv
[0.555s] -- Up-to-date symlink: /home/mjlinux/Downloads/book_ros2_wrs/install/groot/share/ament_index/resource_index/package_run_dependencies/groot
[0.556s] -- Up-to-date symlink: /home/mjlinux/Downloads/book_ros2_wrs/install/groot/share/ament_index/resource_index/parent_prefix_path/groot
[0.557s] -- Up-to-date symlink: /home/mjlinux/Downloads/book_ros2_wrs/install/groot/share/groot/environment/ament_prefix_path.sh
[0.557s] -- Up-to-date symlink: /home/mjlinux/Downloads/book_ros2_wrs/install/groot/share/groot/environment/ament_prefix_path.dsv
[0.558s] -- Up-to-date symlink: /home/mjlinux/Downloads/book_ros2_wrs/install/groot/share/groot/environment/path.sh
[0.558s] -- Up-to-date symlink: /home/mjlinux/Downloads/book_ros2_wrs/install/groot/share/groot/environment/path.dsv
[0.558s] -- Up-to-date symlink: /home/mjlinux/Downloads/book_ros2_wrs/install/groot/share/groot/local_setup.bash
[0.558s] -- Up-to-date symlink: /home/mjlinux/Downloads/book_ros2_wrs/install/groot/share/groot/local_setup.sh
[0.559s] -- Up-to-date symlink: /home/mjlinux/Downloads/book_ros2_wrs/install/groot/share/groot/local_setup.zsh
[0.559s] -- Up-to-date symlink: /home/mjlinux/Downloads/book_ros2_wrs/install/groot/share/groot/local_setup.dsv
[0.559s] -- Up-to-date symlink: /home/mjlinux/Downloads/book_ros2_wrs/install/groot/share/groot/package.dsv
[0.559s] -- Up-to-date symlink: /home/mjlinux/Downloads/book_ros2_wrs/install/groot/share/ament_index/resource_index/packages/groot
[0.560s] -- Up-to-date symlink: /home/mjlinux/Downloads/book_ros2_wrs/install/groot/share/groot/cmake/ament_cmake_export_include_directories-extras.cmake
[0.560s] -- Up-to-date symlink: /home/mjlinux/Downloads/book_ros2_wrs/install/groot/share/groot/cmake/ament_cmake_export_dependencies-extras.cmake
[0.560s] -- Up-to-date symlink: /home/mjlinux/Downloads/book_ros2_wrs/install/groot/share/groot/cmake/ament_cmake_export_libraries-extras.cmake
[0.561s] -- Up-to-date symlink: /home/mjlinux/Downloads/book_ros2_wrs/install/groot/share/groot/cmake/grootConfig.cmake
[0.561s] -- Up-to-date symlink: /home/mjlinux/Downloads/book_ros2_wrs/install/groot/share/groot/cmake/grootConfig-version.cmake
[0.561s] -- Up-to-date symlink: /home/mjlinux/Downloads/book_ros2_wrs/install/groot/share/groot/package.xml
[0.571s] Invoked command in '/home/mjlinux/Downloads/book_ros2_wrs/build/groot' returned '0': CMAKE_PREFIX_PATH=${CMAKE_PREFIX_PATH}:/home/mjlinux/Downloads/book_ros2_wrs/install/launch_pal:/home/mjlinux/Downloads/book_ros2_wrs/install/groot:/home/mjlinux/Downloads/book_ros2_wrs/install/br2_fsm_bumpgo_py:/opt/ros/humble /usr/bin/cmake --install /home/mjlinux/Downloads/book_ros2_wrs/build/groot
