[  9%] Built target br2_tracking_msgs__rosidl_generator_c
[ 12%] Built target br2_tracking_msgs__cpp
[ 12%] Built target ament_cmake_python_symlink_br2_tracking_msgs
[ 22%] Built target br2_tracking_msgs__rosidl_typesupport_introspection_c
[ 32%] Built target br2_tracking_msgs__rosidl_typesupport_fastrtps_c
[ 41%] Built target br2_tracking_msgs__rosidl_typesupport_c
[ 51%] Built target br2_tracking_msgs__rosidl_typesupport_introspection_cpp
[ 61%] Built target br2_tracking_msgs__rosidl_typesupport_cpp
[ 70%] Built target br2_tracking_msgs__rosidl_typesupport_fastrtps_cpp
[ 70%] Built target br2_tracking_msgs
[ 74%] Built target br2_tracking_msgs__py
[ 80%] Built target br2_tracking_msgs__rosidl_generator_py
[ 87%] Built target br2_tracking_msgs__rosidl_typesupport_introspection_c__pyext
[ 93%] Built target br2_tracking_msgs__rosidl_typesupport_c__pyext
[100%] Built target br2_tracking_msgs__rosidl_typesupport_fastrtps_c__pyext
running egg_info
writing br2_tracking_msgs.egg-info/PKG-INFO
writing dependency_links to br2_tracking_msgs.egg-info/dependency_links.txt
writing top-level names to br2_tracking_msgs.egg-info/top_level.txt
reading manifest file 'br2_tracking_msgs.egg-info/SOURCES.txt'
writing manifest file 'br2_tracking_msgs.egg-info/SOURCES.txt'
[100%] Built target ament_cmake_python_build_br2_tracking_msgs_egg
