[0.029s] Invoking command in '/home/mjlinux/Downloads/book_ros2_wrs/build/br2_tracking_msgs': CMAKE_PREFIX_PATH=${CMAKE_PREFIX_PATH}:/home/mjlinux/Downloads/book_ros2_wrs/install/launch_pal:/home/mjlinux/Downloads/book_ros2_wrs/install/br2_fsm_bumpgo_py:/opt/ros/humble /usr/bin/cmake --build /home/mjlinux/Downloads/book_ros2_wrs/build/br2_tracking_msgs -- -j4 -l4
[0.103s] [  9%] Built target br2_tracking_msgs__rosidl_generator_c
[0.107s] [ 12%] Built target br2_tracking_msgs__cpp
[0.108s] [ 12%] Built target ament_cmake_python_symlink_br2_tracking_msgs
[0.150s] [ 22%] Built target br2_tracking_msgs__rosidl_typesupport_introspection_c
[0.150s] [ 32%] Built target br2_tracking_msgs__rosidl_typesupport_fastrtps_c
[0.150s] [ 41%] Built target br2_tracking_msgs__rosidl_typesupport_c
[0.160s] [ 51%] Built target br2_tracking_msgs__rosidl_typesupport_introspection_cpp
[0.180s] [ 61%] Built target br2_tracking_msgs__rosidl_typesupport_cpp
[0.194s] [ 70%] Built target br2_tracking_msgs__rosidl_typesupport_fastrtps_cpp
[0.226s] [ 70%] Built target br2_tracking_msgs
[0.254s] [ 74%] Built target br2_tracking_msgs__py
[0.282s] [ 80%] Built target br2_tracking_msgs__rosidl_generator_py
[0.315s] [ 87%] Built target br2_tracking_msgs__rosidl_typesupport_introspection_c__pyext
[0.322s] [ 93%] Built target br2_tracking_msgs__rosidl_typesupport_c__pyext
[0.325s] [100%] Built target br2_tracking_msgs__rosidl_typesupport_fastrtps_c__pyext
[0.354s] running egg_info
[0.354s] writing br2_tracking_msgs.egg-info/PKG-INFO
[0.355s] writing dependency_links to br2_tracking_msgs.egg-info/dependency_links.txt
[0.355s] writing top-level names to br2_tracking_msgs.egg-info/top_level.txt
[0.356s] reading manifest file 'br2_tracking_msgs.egg-info/SOURCES.txt'
[0.356s] writing manifest file 'br2_tracking_msgs.egg-info/SOURCES.txt'
[0.373s] [100%] Built target ament_cmake_python_build_br2_tracking_msgs_egg
