[0.062s] Invoking command in '/home/mjlinux/Downloads/book_ros2_wrs/build/tiago_laser_sensors': AMENT_PREFIX_PATH=/home/mjlinux/Downloads/book_ros2_wrs/install/pmb2_laser_sensors:${AMENT_PREFIX_PATH} CMAKE_PREFIX_PATH=/home/mjlinux/Downloads/book_ros2_wrs/install/pmb2_laser_sensors:/opt/ros/humble /usr/bin/cmake --build /home/mjlinux/Downloads/book_ros2_wrs/build/tiago_laser_sensors -- -j4 -l4
[0.142s] Invoked command in '/home/mjlinux/Downloads/book_ros2_wrs/build/tiago_laser_sensors' returned '0': AMENT_PREFIX_PATH=/home/mjlinux/Downloads/book_ros2_wrs/install/pmb2_laser_sensors:${AMENT_PREFIX_PATH} CMAKE_PREFIX_PATH=/home/mjlinux/Downloads/book_ros2_wrs/install/pmb2_laser_sensors:/opt/ros/humble /usr/bin/cmake --build /home/mjlinux/Downloads/book_ros2_wrs/build/tiago_laser_sensors -- -j4 -l4
[0.222s] Invoking command in '/home/mjlinux/Downloads/book_ros2_wrs/build/tiago_laser_sensors': AMENT_PREFIX_PATH=/home/mjlinux/Downloads/book_ros2_wrs/install/pmb2_laser_sensors:${AMENT_PREFIX_PATH} CMAKE_PREFIX_PATH=/home/mjlinux/Downloads/book_ros2_wrs/install/pmb2_laser_sensors:/opt/ros/humble /usr/bin/cmake --install /home/mjlinux/Downloads/book_ros2_wrs/build/tiago_laser_sensors
[0.229s] -- Install configuration: ""
[0.229s] -- Execute custom install script
[0.231s] -- Up-to-date symlink: /home/mjlinux/Downloads/book_ros2_wrs/install/tiago_laser_sensors/share/tiago_laser_sensors/launch/laser.launch.py
[0.232s] -- Up-to-date symlink: /home/mjlinux/Downloads/book_ros2_wrs/install/tiago_laser_sensors/share/ament_index/resource_index/package_run_dependencies/tiago_laser_sensors
[0.232s] -- Up-to-date symlink: /home/mjlinux/Downloads/book_ros2_wrs/install/tiago_laser_sensors/share/ament_index/resource_index/parent_prefix_path/tiago_laser_sensors
[0.233s] -- Up-to-date symlink: /home/mjlinux/Downloads/book_ros2_wrs/install/tiago_laser_sensors/share/tiago_laser_sensors/environment/ament_prefix_path.sh
[0.233s] -- Up-to-date symlink: /home/mjlinux/Downloads/book_ros2_wrs/install/tiago_laser_sensors/share/tiago_laser_sensors/environment/ament_prefix_path.dsv
[0.233s] -- Up-to-date symlink: /home/mjlinux/Downloads/book_ros2_wrs/install/tiago_laser_sensors/share/tiago_laser_sensors/environment/path.sh
[0.234s] -- Up-to-date symlink: /home/mjlinux/Downloads/book_ros2_wrs/install/tiago_laser_sensors/share/tiago_laser_sensors/environment/path.dsv
[0.234s] -- Up-to-date symlink: /home/mjlinux/Downloads/book_ros2_wrs/install/tiago_laser_sensors/share/tiago_laser_sensors/local_setup.bash
[0.235s] -- Up-to-date symlink: /home/mjlinux/Downloads/book_ros2_wrs/install/tiago_laser_sensors/share/tiago_laser_sensors/local_setup.sh
[0.235s] -- Up-to-date symlink: /home/mjlinux/Downloads/book_ros2_wrs/install/tiago_laser_sensors/share/tiago_laser_sensors/local_setup.zsh
[0.235s] -- Up-to-date symlink: /home/mjlinux/Downloads/book_ros2_wrs/install/tiago_laser_sensors/share/tiago_laser_sensors/local_setup.dsv
[0.235s] -- Symlinking: /home/mjlinux/Downloads/book_ros2_wrs/install/tiago_laser_sensors/share/tiago_laser_sensors/package.dsv
[0.244s] -- Up-to-date symlink: /home/mjlinux/Downloads/book_ros2_wrs/install/tiago_laser_sensors/share/ament_index/resource_index/packages/tiago_laser_sensors
[0.245s] -- Up-to-date symlink: /home/mjlinux/Downloads/book_ros2_wrs/install/tiago_laser_sensors/share/tiago_laser_sensors/cmake/tiago_laser_sensorsConfig.cmake
[0.245s] -- Up-to-date symlink: /home/mjlinux/Downloads/book_ros2_wrs/install/tiago_laser_sensors/share/tiago_laser_sensors/cmake/tiago_laser_sensorsConfig-version.cmake
[0.245s] -- Up-to-date symlink: /home/mjlinux/Downloads/book_ros2_wrs/install/tiago_laser_sensors/share/tiago_laser_sensors/package.xml
[0.249s] Invoked command in '/home/mjlinux/Downloads/book_ros2_wrs/build/tiago_laser_sensors' returned '0': AMENT_PREFIX_PATH=/home/mjlinux/Downloads/book_ros2_wrs/install/pmb2_laser_sensors:${AMENT_PREFIX_PATH} CMAKE_PREFIX_PATH=/home/mjlinux/Downloads/book_ros2_wrs/install/pmb2_laser_sensors:/opt/ros/humble /usr/bin/cmake --install /home/mjlinux/Downloads/book_ros2_wrs/build/tiago_laser_sensors
