[0.017s] Invoking command in '/home/mjlinux/Downloads/book_ros2_wrs/build/groot': CMAKE_PREFIX_PATH=${CMAKE_PREFIX_PATH}:/home/mjlinux/Downloads/book_ros2_wrs/install/launch_pal:/home/mjlinux/Downloads/book_ros2_wrs/install/br2_fsm_bumpgo_py:/opt/ros/humble /usr/bin/cmake --build /home/mjlinux/Downloads/book_ros2_wrs/build/groot -- -j4 -l4
[0.098s] [  1%] [34m[1mAutomatic MOC and UIC for target QtNodeEditor[0m
[0.125s] [  1%] Built target QtNodeEditor_autogen
[0.194s] [ 57%] Built target QtNodeEditor
[0.224s] [ 58%] [34m[1mAutomatic MOC and UIC for target behavior_tree_editor[0m
[0.252s] [ 58%] Built target behavior_tree_editor_autogen
[0.301s] [ 74%] Built target behavior_tree_editor
[0.328s] [ 75%] [34m[1mAutomatic MOC and UIC for target Groot[0m
[0.337s] [ 75%] [34m[1mAutomatic MOC and UIC for target editor_test[0m
[0.337s] [ 76%] [34m[1mAutomatic MOC and UIC for target replay_test[0m
[0.355s] [ 76%] Built target editor_test_autogen
[0.359s] [ 76%] Built target Groot_autogen
[0.381s] [ 76%] Built target replay_test_autogen
[0.407s] [ 82%] Built target Groot
[0.410s] [ 91%] Built target editor_test
[0.421s] [100%] Built target replay_test
[0.432s] Invoked command in '/home/mjlinux/Downloads/book_ros2_wrs/build/groot' returned '0': CMAKE_PREFIX_PATH=${CMAKE_PREFIX_PATH}:/home/mjlinux/Downloads/book_ros2_wrs/install/launch_pal:/home/mjlinux/Downloads/book_ros2_wrs/install/br2_fsm_bumpgo_py:/opt/ros/humble /usr/bin/cmake --build /home/mjlinux/Downloads/book_ros2_wrs/build/groot -- -j4 -l4
[0.537s] Invoking command in '/home/mjlinux/Downloads/book_ros2_wrs/build/groot': CMAKE_PREFIX_PATH=${CMAKE_PREFIX_PATH}:/home/mjlinux/Downloads/book_ros2_wrs/install/launch_pal:/home/mjlinux/Downloads/book_ros2_wrs/install/br2_fsm_bumpgo_py:/opt/ros/humble /usr/bin/cmake --install /home/mjlinux/Downloads/book_ros2_wrs/build/groot
[0.544s] -- Install configuration: ""
[0.544s] -- Execute custom install script
[0.544s] -- Up-to-date symlink: /home/mjlinux/Downloads/book_ros2_wrs/install/groot/lib/libbehavior_tree_editor.so
[0.544s] -- Up-to-date symlink: /home/mjlinux/Downloads/book_ros2_wrs/install/groot/lib/groot/Groot
[0.544s] -- Up-to-date symlink: /home/mjlinux/Downloads/book_ros2_wrs/install/groot/share/groot/environment/library_path.sh
[0.544s] -- Up-to-date symlink: /home/mjlinux/Downloads/book_ros2_wrs/install/groot/share/groot/environment/library_path.dsv
[0.544s] -- Up-to-date symlink: /home/mjlinux/Downloads/book_ros2_wrs/install/groot/share/ament_index/resource_index/package_run_dependencies/groot
[0.544s] -- Up-to-date symlink: /home/mjlinux/Downloads/book_ros2_wrs/install/groot/share/ament_index/resource_index/parent_prefix_path/groot
[0.544s] -- Up-to-date symlink: /home/mjlinux/Downloads/book_ros2_wrs/install/groot/share/groot/environment/ament_prefix_path.sh
[0.544s] -- Up-to-date symlink: /home/mjlinux/Downloads/book_ros2_wrs/install/groot/share/groot/environment/ament_prefix_path.dsv
[0.544s] -- Up-to-date symlink: /home/mjlinux/Downloads/book_ros2_wrs/install/groot/share/groot/environment/path.sh
[0.545s] -- Up-to-date symlink: /home/mjlinux/Downloads/book_ros2_wrs/install/groot/share/groot/environment/path.dsv
[0.545s] -- Up-to-date symlink: /home/mjlinux/Downloads/book_ros2_wrs/install/groot/share/groot/local_setup.bash
[0.545s] -- Up-to-date symlink: /home/mjlinux/Downloads/book_ros2_wrs/install/groot/share/groot/local_setup.sh
[0.545s] -- Up-to-date symlink: /home/mjlinux/Downloads/book_ros2_wrs/install/groot/share/groot/local_setup.zsh
[0.545s] -- Up-to-date symlink: /home/mjlinux/Downloads/book_ros2_wrs/install/groot/share/groot/local_setup.dsv
[0.545s] -- Symlinking: /home/mjlinux/Downloads/book_ros2_wrs/install/groot/share/groot/package.dsv
[0.556s] -- Up-to-date symlink: /home/mjlinux/Downloads/book_ros2_wrs/install/groot/share/ament_index/resource_index/packages/groot
[0.556s] -- Up-to-date symlink: /home/mjlinux/Downloads/book_ros2_wrs/install/groot/share/groot/cmake/ament_cmake_export_include_directories-extras.cmake
[0.556s] -- Up-to-date symlink: /home/mjlinux/Downloads/book_ros2_wrs/install/groot/share/groot/cmake/ament_cmake_export_dependencies-extras.cmake
[0.556s] -- Up-to-date symlink: /home/mjlinux/Downloads/book_ros2_wrs/install/groot/share/groot/cmake/ament_cmake_export_libraries-extras.cmake
[0.556s] -- Up-to-date symlink: /home/mjlinux/Downloads/book_ros2_wrs/install/groot/share/groot/cmake/grootConfig.cmake
[0.556s] -- Up-to-date symlink: /home/mjlinux/Downloads/book_ros2_wrs/install/groot/share/groot/cmake/grootConfig-version.cmake
[0.556s] -- Up-to-date symlink: /home/mjlinux/Downloads/book_ros2_wrs/install/groot/share/groot/package.xml
[0.577s] Invoked command in '/home/mjlinux/Downloads/book_ros2_wrs/build/groot' returned '0': CMAKE_PREFIX_PATH=${CMAKE_PREFIX_PATH}:/home/mjlinux/Downloads/book_ros2_wrs/install/launch_pal:/home/mjlinux/Downloads/book_ros2_wrs/install/br2_fsm_bumpgo_py:/opt/ros/humble /usr/bin/cmake --install /home/mjlinux/Downloads/book_ros2_wrs/build/groot
