[0.519s] Invoking command in '/home/mjlinux/Downloads/book_ros2_wrs/build/tiago_gazebo': AMENT_PREFIX_PATH=/home/mjlinux/Downloads/book_ros2_wrs/install/tiago_moveit_config:/home/mjlinux/Downloads/book_ros2_wrs/install/tiago_bringup:/home/mjlinux/Downloads/book_ros2_wrs/install/tiago_description:/home/mjlinux/Downloads/book_ros2_wrs/install/tiago_2dnav:/home/mjlinux/Downloads/book_ros2_wrs/install/tiago_controller_configuration:/home/mjlinux/Downloads/book_ros2_wrs/install/pmb2_description:/home/mjlinux/Downloads/book_ros2_wrs/install/pmb2_2dnav:/home/mjlinux/Downloads/book_ros2_wrs/install/pal_gripper_description:/home/mjlinux/Downloads/book_ros2_wrs/install/pmb2_maps:/home/mjlinux/Downloads/book_ros2_wrs/install/pmb2_laser_sensors:/home/mjlinux/Downloads/book_ros2_wrs/install/pmb2_controller_configuration:/home/mjlinux/Downloads/book_ros2_wrs/install/pal_gripper_controller_configuration:/home/mjlinux/Downloads/book_ros2_wrs/install/pal_gazebo_worlds:/home/mjlinux/Downloads/book_ros2_wrs/install/launch_pal:/home/mjlinux/Downloads/book_ros2_wrs/install/hey5_description:${AMENT_PREFIX_PATH} CMAKE_PREFIX_PATH=/home/mjlinux/Downloads/book_ros2_wrs/install/tiago_moveit_config:/home/mjlinux/Downloads/book_ros2_wrs/install/tiago_bringup:/home/mjlinux/Downloads/book_ros2_wrs/install/tiago_description:/home/mjlinux/Downloads/book_ros2_wrs/install/tiago_2dnav:/home/mjlinux/Downloads/book_ros2_wrs/install/tiago_controller_configuration:/home/mjlinux/Downloads/book_ros2_wrs/install/pmb2_description:/home/mjlinux/Downloads/book_ros2_wrs/install/pmb2_2dnav:/home/mjlinux/Downloads/book_ros2_wrs/install/pal_gripper_description:/home/mjlinux/Downloads/book_ros2_wrs/install/pmb2_maps:/home/mjlinux/Downloads/book_ros2_wrs/install/pmb2_laser_sensors:/home/mjlinux/Downloads/book_ros2_wrs/install/pmb2_controller_configuration:/home/mjlinux/Downloads/book_ros2_wrs/install/pal_gripper_controller_configuration:/home/mjlinux/Downloads/book_ros2_wrs/install/pal_gazebo_worlds:/home/mjlinux/Downloads/book_ros2_wrs/install/hey5_description:/opt/ros/humble PYTHONPATH=/home/mjlinux/Downloads/book_ros2_wrs/install/tiago_description/local/lib/python3.10/dist-packages:/home/mjlinux/Downloads/book_ros2_wrs/install/pmb2_description/local/lib/python3.10/dist-packages:/home/mjlinux/Downloads/book_ros2_wrs/build/launch_pal:/home/mjlinux/Downloads/book_ros2_wrs/install/launch_pal/lib/python3.10/site-packages:${PYTHONPATH} /usr/bin/cmake /home/mjlinux/Downloads/book_ros2_wrs/ThirdParty/tiago_simulation/tiago_gazebo -DAMENT_CMAKE_SYMLINK_INSTALL=1 -DCMAKE_INSTALL_PREFIX=/home/mjlinux/Downloads/book_ros2_wrs/install/tiago_gazebo
[1.190s] -- The C compiler identification is GNU 11.4.0
[1.608s] -- The CXX compiler identification is GNU 11.4.0
[1.628s] -- Detecting C compiler ABI info
[2.080s] -- Detecting C compiler ABI info - done
[2.130s] -- Check for working C compiler: /usr/bin/cc - skipped
[2.135s] -- Detecting C compile features
[2.150s] -- Detecting C compile features - done
[2.165s] -- Detecting CXX compiler ABI info
[2.838s] -- Detecting CXX compiler ABI info - done
[2.846s] -- Check for working CXX compiler: /usr/bin/c++ - skipped
[2.847s] -- Detecting CXX compile features
[2.848s] -- Detecting CXX compile features - done
[2.932s] -- Found ament_cmake_auto: 1.3.5 (/opt/ros/humble/share/ament_cmake_auto/cmake)
[3.974s] -- Found Python3: /usr/bin/python3.10 (found version "3.10.12") found components: Interpreter 
[4.326s] -- Override CMake install command with custom implementation using symlinks instead of copying resources
[4.920s] -- Found ament_cmake_gtest: 1.3.5 (/opt/ros/humble/share/ament_cmake_gtest/cmake)
[4.930s] -- Found ament_lint_auto: 0.12.7 (/opt/ros/humble/share/ament_lint_auto/cmake)
[5.074s] -- Found python_cmake_module: 0.10.0 (/opt/ros/humble/share/python_cmake_module/cmake)
[5.133s] -- Found PythonInterp: /usr/bin/python3 (found suitable version "3.10.12", minimum required is "3.6") 
[5.216s] -- Found PythonLibs: /usr/lib/aarch64-linux-gnu/libpython3.10.so (found suitable version "3.10.12", minimum required is "3.5") 
[5.217s] -- Using PYTHON_EXECUTABLE: /usr/bin/python3
[5.217s] -- Using PYTHON_INCLUDE_DIRS: /usr/include/python3.10
[5.217s] -- Using PYTHON_LIBRARIES: /usr/lib/aarch64-linux-gnu/libpython3.10.so
[5.238s] -- Found PythonExtra: .so  
[5.484s] -- Found rosidl_generator_c: 3.1.5 (/opt/ros/humble/share/rosidl_generator_c/cmake)
[5.500s] -- Found rosidl_adapter: 3.1.5 (/opt/ros/humble/share/rosidl_adapter/cmake)
[5.606s] -- Found rosidl_generator_cpp: 3.1.5 (/opt/ros/humble/share/rosidl_generator_cpp/cmake)
[5.820s] -- Using all available rosidl_typesupport_c: rosidl_typesupport_fastrtps_c;rosidl_typesupport_introspection_c
[5.906s] -- Using all available rosidl_typesupport_cpp: rosidl_typesupport_fastrtps_cpp;rosidl_typesupport_introspection_cpp
[8.455s] -- Found rmw_implementation_cmake: 6.1.1 (/opt/ros/humble/share/rmw_implementation_cmake/cmake)
[8.528s] -- Found rmw_fastrtps_cpp: 6.2.3 (/opt/ros/humble/share/rmw_fastrtps_cpp/cmake)
[9.277s] -- Found OpenSSL: /usr/lib/aarch64-linux-gnu/libcrypto.so (found version "3.0.2")  
[9.551s] -- Found FastRTPS: /opt/ros/humble/include  
[9.825s] -- Using RMW implementation 'rmw_fastrtps_cpp' as default
[9.973s] -- Looking for pthread.h
[11.250s] -- Looking for pthread.h - found
[11.251s] -- Performing Test CMAKE_HAVE_LIBC_PTHREAD
[12.364s] -- Performing Test CMAKE_HAVE_LIBC_PTHREAD - Success
[12.368s] -- Found Threads: TRUE  
[15.232s] -- Found gtest sources under '/opt/ros/humble/src/gtest_vendor': C++ tests using 'Google Test' will be built
[15.435s] -- Added test 'copyright' to check source files copyright and LICENSE
[15.441s] -- Added test 'cppcheck' to perform static code analysis on C / C++ code
[15.442s] -- Configured cppcheck include dirs: 
[15.442s] -- Configured cppcheck exclude dirs and/or files: 
[15.445s] -- Added test 'cpplint' to check C / C++ code against the Google style
[15.445s] -- Configured cpplint exclude dirs and/or files: 
[15.448s] -- Added test 'flake8' to check Python code syntax and style conventions
[15.450s] -- Added test 'lint_cmake' to check CMake code style
[15.454s] -- Added test 'pep257' to check Python code against some of the docstring style conventions in PEP 257
[15.459s] -- Added test 'uncrustify' to check C / C++ code style
[15.459s] -- Configured uncrustify additional arguments: 
[15.462s] -- Added test 'xmllint' to check XML markup files
[15.513s] -- Configuring done
[15.736s] -- Generating done
[15.758s] -- Build files have been written to: /home/mjlinux/Downloads/book_ros2_wrs/build/tiago_gazebo
[16.224s] Invoked command in '/home/mjlinux/Downloads/book_ros2_wrs/build/tiago_gazebo' returned '0': AMENT_PREFIX_PATH=/home/mjlinux/Downloads/book_ros2_wrs/install/tiago_moveit_config:/home/mjlinux/Downloads/book_ros2_wrs/install/tiago_bringup:/home/mjlinux/Downloads/book_ros2_wrs/install/tiago_description:/home/mjlinux/Downloads/book_ros2_wrs/install/tiago_2dnav:/home/mjlinux/Downloads/book_ros2_wrs/install/tiago_controller_configuration:/home/mjlinux/Downloads/book_ros2_wrs/install/pmb2_description:/home/mjlinux/Downloads/book_ros2_wrs/install/pmb2_2dnav:/home/mjlinux/Downloads/book_ros2_wrs/install/pal_gripper_description:/home/mjlinux/Downloads/book_ros2_wrs/install/pmb2_maps:/home/mjlinux/Downloads/book_ros2_wrs/install/pmb2_laser_sensors:/home/mjlinux/Downloads/book_ros2_wrs/install/pmb2_controller_configuration:/home/mjlinux/Downloads/book_ros2_wrs/install/pal_gripper_controller_configuration:/home/mjlinux/Downloads/book_ros2_wrs/install/pal_gazebo_worlds:/home/mjlinux/Downloads/book_ros2_wrs/install/launch_pal:/home/mjlinux/Downloads/book_ros2_wrs/install/hey5_description:${AMENT_PREFIX_PATH} CMAKE_PREFIX_PATH=/home/mjlinux/Downloads/book_ros2_wrs/install/tiago_moveit_config:/home/mjlinux/Downloads/book_ros2_wrs/install/tiago_bringup:/home/mjlinux/Downloads/book_ros2_wrs/install/tiago_description:/home/mjlinux/Downloads/book_ros2_wrs/install/tiago_2dnav:/home/mjlinux/Downloads/book_ros2_wrs/install/tiago_controller_configuration:/home/mjlinux/Downloads/book_ros2_wrs/install/pmb2_description:/home/mjlinux/Downloads/book_ros2_wrs/install/pmb2_2dnav:/home/mjlinux/Downloads/book_ros2_wrs/install/pal_gripper_description:/home/mjlinux/Downloads/book_ros2_wrs/install/pmb2_maps:/home/mjlinux/Downloads/book_ros2_wrs/install/pmb2_laser_sensors:/home/mjlinux/Downloads/book_ros2_wrs/install/pmb2_controller_configuration:/home/mjlinux/Downloads/book_ros2_wrs/install/pal_gripper_controller_configuration:/home/mjlinux/Downloads/book_ros2_wrs/install/pal_gazebo_worlds:/home/mjlinux/Downloads/book_ros2_wrs/install/hey5_description:/opt/ros/humble PYTHONPATH=/home/mjlinux/Downloads/book_ros2_wrs/install/tiago_description/local/lib/python3.10/dist-packages:/home/mjlinux/Downloads/book_ros2_wrs/install/pmb2_description/local/lib/python3.10/dist-packages:/home/mjlinux/Downloads/book_ros2_wrs/build/launch_pal:/home/mjlinux/Downloads/book_ros2_wrs/install/launch_pal/lib/python3.10/site-packages:${PYTHONPATH} /usr/bin/cmake /home/mjlinux/Downloads/book_ros2_wrs/ThirdParty/tiago_simulation/tiago_gazebo -DAMENT_CMAKE_SYMLINK_INSTALL=1 -DCMAKE_INSTALL_PREFIX=/home/mjlinux/Downloads/book_ros2_wrs/install/tiago_gazebo
[16.255s] Invoking command in '/home/mjlinux/Downloads/book_ros2_wrs/build/tiago_gazebo': AMENT_PREFIX_PATH=/home/mjlinux/Downloads/book_ros2_wrs/install/tiago_moveit_config:/home/mjlinux/Downloads/book_ros2_wrs/install/tiago_bringup:/home/mjlinux/Downloads/book_ros2_wrs/install/tiago_description:/home/mjlinux/Downloads/book_ros2_wrs/install/tiago_2dnav:/home/mjlinux/Downloads/book_ros2_wrs/install/tiago_controller_configuration:/home/mjlinux/Downloads/book_ros2_wrs/install/pmb2_description:/home/mjlinux/Downloads/book_ros2_wrs/install/pmb2_2dnav:/home/mjlinux/Downloads/book_ros2_wrs/install/pal_gripper_description:/home/mjlinux/Downloads/book_ros2_wrs/install/pmb2_maps:/home/mjlinux/Downloads/book_ros2_wrs/install/pmb2_laser_sensors:/home/mjlinux/Downloads/book_ros2_wrs/install/pmb2_controller_configuration:/home/mjlinux/Downloads/book_ros2_wrs/install/pal_gripper_controller_configuration:/home/mjlinux/Downloads/book_ros2_wrs/install/pal_gazebo_worlds:/home/mjlinux/Downloads/book_ros2_wrs/install/launch_pal:/home/mjlinux/Downloads/book_ros2_wrs/install/hey5_description:${AMENT_PREFIX_PATH} CMAKE_PREFIX_PATH=/home/mjlinux/Downloads/book_ros2_wrs/install/tiago_moveit_config:/home/mjlinux/Downloads/book_ros2_wrs/install/tiago_bringup:/home/mjlinux/Downloads/book_ros2_wrs/install/tiago_description:/home/mjlinux/Downloads/book_ros2_wrs/install/tiago_2dnav:/home/mjlinux/Downloads/book_ros2_wrs/install/tiago_controller_configuration:/home/mjlinux/Downloads/book_ros2_wrs/install/pmb2_description:/home/mjlinux/Downloads/book_ros2_wrs/install/pmb2_2dnav:/home/mjlinux/Downloads/book_ros2_wrs/install/pal_gripper_description:/home/mjlinux/Downloads/book_ros2_wrs/install/pmb2_maps:/home/mjlinux/Downloads/book_ros2_wrs/install/pmb2_laser_sensors:/home/mjlinux/Downloads/book_ros2_wrs/install/pmb2_controller_configuration:/home/mjlinux/Downloads/book_ros2_wrs/install/pal_gripper_controller_configuration:/home/mjlinux/Downloads/book_ros2_wrs/install/pal_gazebo_worlds:/home/mjlinux/Downloads/book_ros2_wrs/install/hey5_description:/opt/ros/humble PYTHONPATH=/home/mjlinux/Downloads/book_ros2_wrs/install/tiago_description/local/lib/python3.10/dist-packages:/home/mjlinux/Downloads/book_ros2_wrs/install/pmb2_description/local/lib/python3.10/dist-packages:/home/mjlinux/Downloads/book_ros2_wrs/build/launch_pal:/home/mjlinux/Downloads/book_ros2_wrs/install/launch_pal/lib/python3.10/site-packages:${PYTHONPATH} /usr/bin/cmake --build /home/mjlinux/Downloads/book_ros2_wrs/build/tiago_gazebo -- -j4 -l4
[16.887s] [ 16%] [32mBuilding CXX object gtest/CMakeFiles/gtest_main.dir/src/gtest_main.cc.o[0m
[21.974s] [ 33%] [32m[1mLinking CXX static library libgtest_main.a[0m
[23.435s] [ 33%] Built target gtest_main
[23.615s] [ 50%] [32mBuilding CXX object gtest/CMakeFiles/gtest.dir/src/gtest-all.cc.o[0m
[31.575s] [ 66%] [32m[1mLinking CXX static library libgtest.a[0m
[32.411s] [ 66%] Built target gtest
[32.527s] [ 83%] [32mBuilding CXX object CMakeFiles/tuck_arm_test.dir/test/tuck_arm_test.cpp.o[0m
[56.348s] [100%] [32m[1mLinking CXX executable tuck_arm_test[0m
[57.326s] [100%] Built target tuck_arm_test
[57.629s] Invoked command in '/home/mjlinux/Downloads/book_ros2_wrs/build/tiago_gazebo' returned '0': AMENT_PREFIX_PATH=/home/mjlinux/Downloads/book_ros2_wrs/install/tiago_moveit_config:/home/mjlinux/Downloads/book_ros2_wrs/install/tiago_bringup:/home/mjlinux/Downloads/book_ros2_wrs/install/tiago_description:/home/mjlinux/Downloads/book_ros2_wrs/install/tiago_2dnav:/home/mjlinux/Downloads/book_ros2_wrs/install/tiago_controller_configuration:/home/mjlinux/Downloads/book_ros2_wrs/install/pmb2_description:/home/mjlinux/Downloads/book_ros2_wrs/install/pmb2_2dnav:/home/mjlinux/Downloads/book_ros2_wrs/install/pal_gripper_description:/home/mjlinux/Downloads/book_ros2_wrs/install/pmb2_maps:/home/mjlinux/Downloads/book_ros2_wrs/install/pmb2_laser_sensors:/home/mjlinux/Downloads/book_ros2_wrs/install/pmb2_controller_configuration:/home/mjlinux/Downloads/book_ros2_wrs/install/pal_gripper_controller_configuration:/home/mjlinux/Downloads/book_ros2_wrs/install/pal_gazebo_worlds:/home/mjlinux/Downloads/book_ros2_wrs/install/launch_pal:/home/mjlinux/Downloads/book_ros2_wrs/install/hey5_description:${AMENT_PREFIX_PATH} CMAKE_PREFIX_PATH=/home/mjlinux/Downloads/book_ros2_wrs/install/tiago_moveit_config:/home/mjlinux/Downloads/book_ros2_wrs/install/tiago_bringup:/home/mjlinux/Downloads/book_ros2_wrs/install/tiago_description:/home/mjlinux/Downloads/book_ros2_wrs/install/tiago_2dnav:/home/mjlinux/Downloads/book_ros2_wrs/install/tiago_controller_configuration:/home/mjlinux/Downloads/book_ros2_wrs/install/pmb2_description:/home/mjlinux/Downloads/book_ros2_wrs/install/pmb2_2dnav:/home/mjlinux/Downloads/book_ros2_wrs/install/pal_gripper_description:/home/mjlinux/Downloads/book_ros2_wrs/install/pmb2_maps:/home/mjlinux/Downloads/book_ros2_wrs/install/pmb2_laser_sensors:/home/mjlinux/Downloads/book_ros2_wrs/install/pmb2_controller_configuration:/home/mjlinux/Downloads/book_ros2_wrs/install/pal_gripper_controller_configuration:/home/mjlinux/Downloads/book_ros2_wrs/install/pal_gazebo_worlds:/home/mjlinux/Downloads/book_ros2_wrs/install/hey5_description:/opt/ros/humble PYTHONPATH=/home/mjlinux/Downloads/book_ros2_wrs/install/tiago_description/local/lib/python3.10/dist-packages:/home/mjlinux/Downloads/book_ros2_wrs/install/pmb2_description/local/lib/python3.10/dist-packages:/home/mjlinux/Downloads/book_ros2_wrs/build/launch_pal:/home/mjlinux/Downloads/book_ros2_wrs/install/launch_pal/lib/python3.10/site-packages:${PYTHONPATH} /usr/bin/cmake --build /home/mjlinux/Downloads/book_ros2_wrs/build/tiago_gazebo -- -j4 -l4
[57.864s] Invoking command in '/home/mjlinux/Downloads/book_ros2_wrs/build/tiago_gazebo': AMENT_PREFIX_PATH=/home/mjlinux/Downloads/book_ros2_wrs/install/tiago_moveit_config:/home/mjlinux/Downloads/book_ros2_wrs/install/tiago_bringup:/home/mjlinux/Downloads/book_ros2_wrs/install/tiago_description:/home/mjlinux/Downloads/book_ros2_wrs/install/tiago_2dnav:/home/mjlinux/Downloads/book_ros2_wrs/install/tiago_controller_configuration:/home/mjlinux/Downloads/book_ros2_wrs/install/pmb2_description:/home/mjlinux/Downloads/book_ros2_wrs/install/pmb2_2dnav:/home/mjlinux/Downloads/book_ros2_wrs/install/pal_gripper_description:/home/mjlinux/Downloads/book_ros2_wrs/install/pmb2_maps:/home/mjlinux/Downloads/book_ros2_wrs/install/pmb2_laser_sensors:/home/mjlinux/Downloads/book_ros2_wrs/install/pmb2_controller_configuration:/home/mjlinux/Downloads/book_ros2_wrs/install/pal_gripper_controller_configuration:/home/mjlinux/Downloads/book_ros2_wrs/install/pal_gazebo_worlds:/home/mjlinux/Downloads/book_ros2_wrs/install/launch_pal:/home/mjlinux/Downloads/book_ros2_wrs/install/hey5_description:${AMENT_PREFIX_PATH} CMAKE_PREFIX_PATH=/home/mjlinux/Downloads/book_ros2_wrs/install/tiago_moveit_config:/home/mjlinux/Downloads/book_ros2_wrs/install/tiago_bringup:/home/mjlinux/Downloads/book_ros2_wrs/install/tiago_description:/home/mjlinux/Downloads/book_ros2_wrs/install/tiago_2dnav:/home/mjlinux/Downloads/book_ros2_wrs/install/tiago_controller_configuration:/home/mjlinux/Downloads/book_ros2_wrs/install/pmb2_description:/home/mjlinux/Downloads/book_ros2_wrs/install/pmb2_2dnav:/home/mjlinux/Downloads/book_ros2_wrs/install/pal_gripper_description:/home/mjlinux/Downloads/book_ros2_wrs/install/pmb2_maps:/home/mjlinux/Downloads/book_ros2_wrs/install/pmb2_laser_sensors:/home/mjlinux/Downloads/book_ros2_wrs/install/pmb2_controller_configuration:/home/mjlinux/Downloads/book_ros2_wrs/install/pal_gripper_controller_configuration:/home/mjlinux/Downloads/book_ros2_wrs/install/pal_gazebo_worlds:/home/mjlinux/Downloads/book_ros2_wrs/install/hey5_description:/opt/ros/humble PYTHONPATH=/home/mjlinux/Downloads/book_ros2_wrs/install/tiago_description/local/lib/python3.10/dist-packages:/home/mjlinux/Downloads/book_ros2_wrs/install/pmb2_description/local/lib/python3.10/dist-packages:/home/mjlinux/Downloads/book_ros2_wrs/build/launch_pal:/home/mjlinux/Downloads/book_ros2_wrs/install/launch_pal/lib/python3.10/site-packages:${PYTHONPATH} /usr/bin/cmake --install /home/mjlinux/Downloads/book_ros2_wrs/build/tiago_gazebo
[57.966s] -- Install configuration: ""
[57.995s] -- Execute custom install script
[58.007s] -- Symlinking: /home/mjlinux/Downloads/book_ros2_wrs/install/tiago_gazebo/lib/tiago_gazebo/tuck_arm.py
[58.041s] -- Symlinking: /home/mjlinux/Downloads/book_ros2_wrs/install/tiago_gazebo/share/tiago_gazebo/test/tuck_arm_test
[58.061s] -- Symlinking: /home/mjlinux/Downloads/book_ros2_wrs/install/tiago_gazebo/share/tiago_gazebo/launch/tiago_gazebo.launch.py
[58.094s] -- Symlinking: /home/mjlinux/Downloads/book_ros2_wrs/install/tiago_gazebo/share/tiago_gazebo/launch/tiago_spawn.launch.py
[58.150s] -- Symlinking: /home/mjlinux/Downloads/book_ros2_wrs/install/tiago_gazebo/share/ament_index/resource_index/package_run_dependencies/tiago_gazebo
[58.176s] -- Symlinking: /home/mjlinux/Downloads/book_ros2_wrs/install/tiago_gazebo/share/ament_index/resource_index/parent_prefix_path/tiago_gazebo
[58.196s] -- Symlinking: /home/mjlinux/Downloads/book_ros2_wrs/install/tiago_gazebo/share/tiago_gazebo/environment/ament_prefix_path.sh
[58.218s] -- Symlinking: /home/mjlinux/Downloads/book_ros2_wrs/install/tiago_gazebo/share/tiago_gazebo/environment/ament_prefix_path.dsv
[58.294s] -- Symlinking: /home/mjlinux/Downloads/book_ros2_wrs/install/tiago_gazebo/share/tiago_gazebo/environment/path.sh
[58.313s] -- Symlinking: /home/mjlinux/Downloads/book_ros2_wrs/install/tiago_gazebo/share/tiago_gazebo/environment/path.dsv
[58.350s] -- Symlinking: /home/mjlinux/Downloads/book_ros2_wrs/install/tiago_gazebo/share/tiago_gazebo/local_setup.bash
[58.384s] -- Symlinking: /home/mjlinux/Downloads/book_ros2_wrs/install/tiago_gazebo/share/tiago_gazebo/local_setup.sh
[58.421s] -- Symlinking: /home/mjlinux/Downloads/book_ros2_wrs/install/tiago_gazebo/share/tiago_gazebo/local_setup.zsh
[58.467s] -- Symlinking: /home/mjlinux/Downloads/book_ros2_wrs/install/tiago_gazebo/share/tiago_gazebo/local_setup.dsv
[58.490s] -- Symlinking: /home/mjlinux/Downloads/book_ros2_wrs/install/tiago_gazebo/share/tiago_gazebo/package.dsv
[58.510s] -- Symlinking: /home/mjlinux/Downloads/book_ros2_wrs/install/tiago_gazebo/share/ament_index/resource_index/packages/tiago_gazebo
[58.544s] -- Symlinking: /home/mjlinux/Downloads/book_ros2_wrs/install/tiago_gazebo/share/tiago_gazebo/cmake/tiago_gazeboConfig.cmake
[58.576s] -- Symlinking: /home/mjlinux/Downloads/book_ros2_wrs/install/tiago_gazebo/share/tiago_gazebo/cmake/tiago_gazeboConfig-version.cmake
[58.590s] -- Symlinking: /home/mjlinux/Downloads/book_ros2_wrs/install/tiago_gazebo/share/tiago_gazebo/package.xml
[58.609s] Invoked command in '/home/mjlinux/Downloads/book_ros2_wrs/build/tiago_gazebo' returned '0': AMENT_PREFIX_PATH=/home/mjlinux/Downloads/book_ros2_wrs/install/tiago_moveit_config:/home/mjlinux/Downloads/book_ros2_wrs/install/tiago_bringup:/home/mjlinux/Downloads/book_ros2_wrs/install/tiago_description:/home/mjlinux/Downloads/book_ros2_wrs/install/tiago_2dnav:/home/mjlinux/Downloads/book_ros2_wrs/install/tiago_controller_configuration:/home/mjlinux/Downloads/book_ros2_wrs/install/pmb2_description:/home/mjlinux/Downloads/book_ros2_wrs/install/pmb2_2dnav:/home/mjlinux/Downloads/book_ros2_wrs/install/pal_gripper_description:/home/mjlinux/Downloads/book_ros2_wrs/install/pmb2_maps:/home/mjlinux/Downloads/book_ros2_wrs/install/pmb2_laser_sensors:/home/mjlinux/Downloads/book_ros2_wrs/install/pmb2_controller_configuration:/home/mjlinux/Downloads/book_ros2_wrs/install/pal_gripper_controller_configuration:/home/mjlinux/Downloads/book_ros2_wrs/install/pal_gazebo_worlds:/home/mjlinux/Downloads/book_ros2_wrs/install/launch_pal:/home/mjlinux/Downloads/book_ros2_wrs/install/hey5_description:${AMENT_PREFIX_PATH} CMAKE_PREFIX_PATH=/home/mjlinux/Downloads/book_ros2_wrs/install/tiago_moveit_config:/home/mjlinux/Downloads/book_ros2_wrs/install/tiago_bringup:/home/mjlinux/Downloads/book_ros2_wrs/install/tiago_description:/home/mjlinux/Downloads/book_ros2_wrs/install/tiago_2dnav:/home/mjlinux/Downloads/book_ros2_wrs/install/tiago_controller_configuration:/home/mjlinux/Downloads/book_ros2_wrs/install/pmb2_description:/home/mjlinux/Downloads/book_ros2_wrs/install/pmb2_2dnav:/home/mjlinux/Downloads/book_ros2_wrs/install/pal_gripper_description:/home/mjlinux/Downloads/book_ros2_wrs/install/pmb2_maps:/home/mjlinux/Downloads/book_ros2_wrs/install/pmb2_laser_sensors:/home/mjlinux/Downloads/book_ros2_wrs/install/pmb2_controller_configuration:/home/mjlinux/Downloads/book_ros2_wrs/install/pal_gripper_controller_configuration:/home/mjlinux/Downloads/book_ros2_wrs/install/pal_gazebo_worlds:/home/mjlinux/Downloads/book_ros2_wrs/install/hey5_description:/opt/ros/humble PYTHONPATH=/home/mjlinux/Downloads/book_ros2_wrs/install/tiago_description/local/lib/python3.10/dist-packages:/home/mjlinux/Downloads/book_ros2_wrs/install/pmb2_description/local/lib/python3.10/dist-packages:/home/mjlinux/Downloads/book_ros2_wrs/build/launch_pal:/home/mjlinux/Downloads/book_ros2_wrs/install/launch_pal/lib/python3.10/site-packages:${PYTHONPATH} /usr/bin/cmake --install /home/mjlinux/Downloads/book_ros2_wrs/build/tiago_gazebo
