[0.044s] Invoking command in '/home/mjlinux/Downloads/book_ros2_wrs/build/br2_tracking_msgs': CMAKE_PREFIX_PATH=${CMAKE_PREFIX_PATH}:/home/mjlinux/Downloads/book_ros2_wrs/install/launch_pal:/home/mjlinux/Downloads/book_ros2_wrs/install/br2_fsm_bumpgo_py:/opt/ros/humble /usr/bin/cmake --build /home/mjlinux/Downloads/book_ros2_wrs/build/br2_tracking_msgs -- -j4 -l4
[0.122s] [  9%] Built target br2_tracking_msgs__rosidl_generator_c
[0.139s] [ 12%] Built target br2_tracking_msgs__cpp
[0.195s] [ 12%] Built target ament_cmake_python_symlink_br2_tracking_msgs
[0.204s] [ 22%] Built target br2_tracking_msgs__rosidl_typesupport_fastrtps_c
[0.222s] [ 32%] Built target br2_tracking_msgs__rosidl_typesupport_introspection_c
[0.255s] [ 51%] Built target br2_tracking_msgs__rosidl_typesupport_introspection_cpp
[0.255s] [ 51%] Built target br2_tracking_msgs__rosidl_typesupport_c
[0.315s] [ 61%] Built target br2_tracking_msgs__rosidl_typesupport_cpp
[0.318s] [ 70%] Built target br2_tracking_msgs__rosidl_typesupport_fastrtps_cpp
[0.336s] [ 70%] Built target br2_tracking_msgs
[0.368s] [ 74%] Built target br2_tracking_msgs__py
[0.409s] [ 80%] Built target br2_tracking_msgs__rosidl_generator_py
[0.439s] running egg_info
[0.439s] writing br2_tracking_msgs.egg-info/PKG-INFO
[0.440s] writing dependency_links to br2_tracking_msgs.egg-info/dependency_links.txt
[0.450s] writing top-level names to br2_tracking_msgs.egg-info/top_level.txt
[0.451s] reading manifest file 'br2_tracking_msgs.egg-info/SOURCES.txt'
[0.452s] writing manifest file 'br2_tracking_msgs.egg-info/SOURCES.txt'
[0.457s] [ 87%] Built target br2_tracking_msgs__rosidl_typesupport_fastrtps_c__pyext
[0.474s] [ 93%] Built target br2_tracking_msgs__rosidl_typesupport_introspection_c__pyext
[0.491s] [100%] Built target br2_tracking_msgs__rosidl_typesupport_c__pyext
[0.495s] [100%] Built target ament_cmake_python_build_br2_tracking_msgs_egg
[0.546s] Invoked command in '/home/mjlinux/Downloads/book_ros2_wrs/build/br2_tracking_msgs' returned '0': CMAKE_PREFIX_PATH=${CMAKE_PREFIX_PATH}:/home/mjlinux/Downloads/book_ros2_wrs/install/launch_pal:/home/mjlinux/Downloads/book_ros2_wrs/install/br2_fsm_bumpgo_py:/opt/ros/humble /usr/bin/cmake --build /home/mjlinux/Downloads/book_ros2_wrs/build/br2_tracking_msgs -- -j4 -l4
[0.719s] Invoking command in '/home/mjlinux/Downloads/book_ros2_wrs/build/br2_tracking_msgs': CMAKE_PREFIX_PATH=${CMAKE_PREFIX_PATH}:/home/mjlinux/Downloads/book_ros2_wrs/install/launch_pal:/home/mjlinux/Downloads/book_ros2_wrs/install/br2_fsm_bumpgo_py:/opt/ros/humble /usr/bin/cmake --install /home/mjlinux/Downloads/book_ros2_wrs/build/br2_tracking_msgs
[0.732s] -- Install configuration: ""
[0.733s] -- Execute custom install script
[0.733s] -- Up-to-date symlink: /home/mjlinux/Downloads/book_ros2_wrs/install/br2_tracking_msgs/share/ament_index/resource_index/rosidl_interfaces/br2_tracking_msgs
[0.733s] -- Up-to-date symlink: /home/mjlinux/Downloads/book_ros2_wrs/install/br2_tracking_msgs/include/br2_tracking_msgs/br2_tracking_msgs/msg/detail/pan_tilt_command__functions.h
[0.734s] -- Up-to-date symlink: /home/mjlinux/Downloads/book_ros2_wrs/install/br2_tracking_msgs/include/br2_tracking_msgs/br2_tracking_msgs/msg/detail/pan_tilt_command__struct.h
[0.734s] -- Up-to-date symlink: /home/mjlinux/Downloads/book_ros2_wrs/install/br2_tracking_msgs/include/br2_tracking_msgs/br2_tracking_msgs/msg/detail/pan_tilt_command__type_support.h
[0.734s] -- Up-to-date symlink: /home/mjlinux/Downloads/book_ros2_wrs/install/br2_tracking_msgs/include/br2_tracking_msgs/br2_tracking_msgs/msg/pan_tilt_command.h
[0.734s] -- Up-to-date symlink: /home/mjlinux/Downloads/book_ros2_wrs/install/br2_tracking_msgs/include/br2_tracking_msgs/br2_tracking_msgs/msg/rosidl_generator_c__visibility_control.h
[0.734s] -- Up-to-date symlink: /home/mjlinux/Downloads/book_ros2_wrs/install/br2_tracking_msgs/share/br2_tracking_msgs/environment/library_path.sh
[0.734s] -- Up-to-date symlink: /home/mjlinux/Downloads/book_ros2_wrs/install/br2_tracking_msgs/share/br2_tracking_msgs/environment/library_path.dsv
[0.735s] -- Up-to-date symlink: /home/mjlinux/Downloads/book_ros2_wrs/install/br2_tracking_msgs/include/br2_tracking_msgs/br2_tracking_msgs/msg/detail/pan_tilt_command__rosidl_typesupport_fastrtps_c.h
[0.735s] -- Up-to-date symlink: /home/mjlinux/Downloads/book_ros2_wrs/install/br2_tracking_msgs/include/br2_tracking_msgs/br2_tracking_msgs/msg/rosidl_typesupport_fastrtps_c__visibility_control.h
[0.735s] -- Up-to-date symlink: /home/mjlinux/Downloads/book_ros2_wrs/install/br2_tracking_msgs/include/br2_tracking_msgs/br2_tracking_msgs/msg/detail/pan_tilt_command__builder.hpp
[0.735s] -- Up-to-date symlink: /home/mjlinux/Downloads/book_ros2_wrs/install/br2_tracking_msgs/include/br2_tracking_msgs/br2_tracking_msgs/msg/detail/pan_tilt_command__struct.hpp
[0.736s] -- Up-to-date symlink: /home/mjlinux/Downloads/book_ros2_wrs/install/br2_tracking_msgs/include/br2_tracking_msgs/br2_tracking_msgs/msg/detail/pan_tilt_command__traits.hpp
[0.736s] -- Up-to-date symlink: /home/mjlinux/Downloads/book_ros2_wrs/install/br2_tracking_msgs/include/br2_tracking_msgs/br2_tracking_msgs/msg/pan_tilt_command.hpp
[0.736s] -- Up-to-date symlink: /home/mjlinux/Downloads/book_ros2_wrs/install/br2_tracking_msgs/include/br2_tracking_msgs/br2_tracking_msgs/msg/detail/pan_tilt_command__rosidl_typesupport_fastrtps_cpp.hpp
[0.736s] -- Up-to-date symlink: /home/mjlinux/Downloads/book_ros2_wrs/install/br2_tracking_msgs/include/br2_tracking_msgs/br2_tracking_msgs/msg/rosidl_typesupport_fastrtps_cpp__visibility_control.h
[0.737s] -- Up-to-date symlink: /home/mjlinux/Downloads/book_ros2_wrs/install/br2_tracking_msgs/include/br2_tracking_msgs/br2_tracking_msgs/msg/detail/pan_tilt_command__rosidl_typesupport_introspection_c.h
[0.738s] -- Up-to-date symlink: /home/mjlinux/Downloads/book_ros2_wrs/install/br2_tracking_msgs/include/br2_tracking_msgs/br2_tracking_msgs/msg/rosidl_typesupport_introspection_c__visibility_control.h
[0.738s] -- Up-to-date symlink: /home/mjlinux/Downloads/book_ros2_wrs/install/br2_tracking_msgs/include/br2_tracking_msgs/br2_tracking_msgs/msg/detail/pan_tilt_command__rosidl_typesupport_introspection_cpp.hpp
[0.738s] -- Up-to-date symlink: /home/mjlinux/Downloads/book_ros2_wrs/install/br2_tracking_msgs/share/br2_tracking_msgs/environment/pythonpath.sh
[0.738s] -- Up-to-date symlink: /home/mjlinux/Downloads/book_ros2_wrs/install/br2_tracking_msgs/share/br2_tracking_msgs/environment/pythonpath.dsv
[0.738s] -- Up-to-date symlink: /home/mjlinux/Downloads/book_ros2_wrs/install/br2_tracking_msgs/local/lib/python3.10/dist-packages/br2_tracking_msgs-0.2.0-py3.10.egg-info/PKG-INFO
[0.739s] -- Up-to-date symlink: /home/mjlinux/Downloads/book_ros2_wrs/install/br2_tracking_msgs/local/lib/python3.10/dist-packages/br2_tracking_msgs-0.2.0-py3.10.egg-info/SOURCES.txt
[0.739s] -- Up-to-date symlink: /home/mjlinux/Downloads/book_ros2_wrs/install/br2_tracking_msgs/local/lib/python3.10/dist-packages/br2_tracking_msgs-0.2.0-py3.10.egg-info/dependency_links.txt
[0.739s] -- Up-to-date symlink: /home/mjlinux/Downloads/book_ros2_wrs/install/br2_tracking_msgs/local/lib/python3.10/dist-packages/br2_tracking_msgs-0.2.0-py3.10.egg-info/top_level.txt
[0.739s] -- Up-to-date symlink: /home/mjlinux/Downloads/book_ros2_wrs/install/br2_tracking_msgs/local/lib/python3.10/dist-packages/br2_tracking_msgs/__init__.py
[0.739s] -- Up-to-date symlink: /home/mjlinux/Downloads/book_ros2_wrs/install/br2_tracking_msgs/local/lib/python3.10/dist-packages/br2_tracking_msgs/_br2_tracking_msgs_s.ep.rosidl_typesupport_c.c
[0.739s] -- Up-to-date symlink: /home/mjlinux/Downloads/book_ros2_wrs/install/br2_tracking_msgs/local/lib/python3.10/dist-packages/br2_tracking_msgs/_br2_tracking_msgs_s.ep.rosidl_typesupport_fastrtps_c.c
[0.740s] -- Up-to-date symlink: /home/mjlinux/Downloads/book_ros2_wrs/install/br2_tracking_msgs/local/lib/python3.10/dist-packages/br2_tracking_msgs/_br2_tracking_msgs_s.ep.rosidl_typesupport_introspection_c.c
[0.740s] -- Up-to-date symlink: /home/mjlinux/Downloads/book_ros2_wrs/install/br2_tracking_msgs/local/lib/python3.10/dist-packages/br2_tracking_msgs/br2_tracking_msgs_s__rosidl_typesupport_c.cpython-310-aarch64-linux-gnu.so
[0.740s] -- Up-to-date symlink: /home/mjlinux/Downloads/book_ros2_wrs/install/br2_tracking_msgs/local/lib/python3.10/dist-packages/br2_tracking_msgs/br2_tracking_msgs_s__rosidl_typesupport_fastrtps_c.cpython-310-aarch64-linux-gnu.so
[0.740s] -- Up-to-date symlink: /home/mjlinux/Downloads/book_ros2_wrs/install/br2_tracking_msgs/local/lib/python3.10/dist-packages/br2_tracking_msgs/br2_tracking_msgs_s__rosidl_typesupport_introspection_c.cpython-310-aarch64-linux-gnu.so
[0.740s] -- Up-to-date symlink: /home/mjlinux/Downloads/book_ros2_wrs/install/br2_tracking_msgs/local/lib/python3.10/dist-packages/br2_tracking_msgs/libbr2_tracking_msgs__rosidl_generator_py.so
[0.740s] -- Up-to-date symlink: /home/mjlinux/Downloads/book_ros2_wrs/install/br2_tracking_msgs/local/lib/python3.10/dist-packages/br2_tracking_msgs/msg/__init__.py
[0.740s] -- Up-to-date symlink: /home/mjlinux/Downloads/book_ros2_wrs/install/br2_tracking_msgs/local/lib/python3.10/dist-packages/br2_tracking_msgs/msg/_pan_tilt_command.py
[0.740s] -- Up-to-date symlink: /home/mjlinux/Downloads/book_ros2_wrs/install/br2_tracking_msgs/local/lib/python3.10/dist-packages/br2_tracking_msgs/msg/_pan_tilt_command_s.c
[0.741s] -- Up-to-date symlink: /home/mjlinux/Downloads/book_ros2_wrs/install/br2_tracking_msgs/local/lib/python3.10/dist-packages/br2_tracking_msgs/br2_tracking_msgs_s__rosidl_typesupport_fastrtps_c.cpython-310-aarch64-linux-gnu.so
[0.741s] -- Up-to-date symlink: /home/mjlinux/Downloads/book_ros2_wrs/install/br2_tracking_msgs/local/lib/python3.10/dist-packages/br2_tracking_msgs/br2_tracking_msgs_s__rosidl_typesupport_introspection_c.cpython-310-aarch64-linux-gnu.so
[0.741s] -- Up-to-date symlink: /home/mjlinux/Downloads/book_ros2_wrs/install/br2_tracking_msgs/local/lib/python3.10/dist-packages/br2_tracking_msgs/br2_tracking_msgs_s__rosidl_typesupport_c.cpython-310-aarch64-linux-gnu.so
[0.741s] -- Up-to-date symlink: /home/mjlinux/Downloads/book_ros2_wrs/install/br2_tracking_msgs/share/br2_tracking_msgs/msg/PanTiltCommand.idl
[0.741s] -- Up-to-date symlink: /home/mjlinux/Downloads/book_ros2_wrs/install/br2_tracking_msgs/share/br2_tracking_msgs/msg/PanTiltCommand.msg
[0.741s] -- Up-to-date symlink: /home/mjlinux/Downloads/book_ros2_wrs/install/br2_tracking_msgs/share/ament_index/resource_index/package_run_dependencies/br2_tracking_msgs
[0.742s] -- Up-to-date symlink: /home/mjlinux/Downloads/book_ros2_wrs/install/br2_tracking_msgs/share/ament_index/resource_index/parent_prefix_path/br2_tracking_msgs
[0.742s] -- Up-to-date symlink: /home/mjlinux/Downloads/book_ros2_wrs/install/br2_tracking_msgs/share/br2_tracking_msgs/environment/ament_prefix_path.sh
[0.742s] -- Up-to-date symlink: /home/mjlinux/Downloads/book_ros2_wrs/install/br2_tracking_msgs/share/br2_tracking_msgs/environment/ament_prefix_path.dsv
[0.742s] -- Up-to-date symlink: /home/mjlinux/Downloads/book_ros2_wrs/install/br2_tracking_msgs/share/br2_tracking_msgs/environment/path.sh
[0.742s] -- Up-to-date symlink: /home/mjlinux/Downloads/book_ros2_wrs/install/br2_tracking_msgs/share/br2_tracking_msgs/environment/path.dsv
[0.742s] -- Up-to-date symlink: /home/mjlinux/Downloads/book_ros2_wrs/install/br2_tracking_msgs/share/br2_tracking_msgs/local_setup.bash
[0.742s] -- Up-to-date symlink: /home/mjlinux/Downloads/book_ros2_wrs/install/br2_tracking_msgs/share/br2_tracking_msgs/local_setup.sh
[0.742s] -- Up-to-date symlink: /home/mjlinux/Downloads/book_ros2_wrs/install/br2_tracking_msgs/share/br2_tracking_msgs/local_setup.zsh
[0.743s] -- Up-to-date symlink: /home/mjlinux/Downloads/book_ros2_wrs/install/br2_tracking_msgs/share/br2_tracking_msgs/local_setup.dsv
[0.743s] -- Symlinking: /home/mjlinux/Downloads/book_ros2_wrs/install/br2_tracking_msgs/share/br2_tracking_msgs/package.dsv
[0.758s] -- Up-to-date symlink: /home/mjlinux/Downloads/book_ros2_wrs/install/br2_tracking_msgs/share/ament_index/resource_index/packages/br2_tracking_msgs
[0.758s] -- Up-to-date symlink: /home/mjlinux/Downloads/book_ros2_wrs/install/br2_tracking_msgs/share/br2_tracking_msgs/cmake/rosidl_cmake-extras.cmake
[0.758s] -- Up-to-date symlink: /home/mjlinux/Downloads/book_ros2_wrs/install/br2_tracking_msgs/share/br2_tracking_msgs/cmake/ament_cmake_export_dependencies-extras.cmake
[0.758s] -- Up-to-date symlink: /home/mjlinux/Downloads/book_ros2_wrs/install/br2_tracking_msgs/share/br2_tracking_msgs/cmake/ament_cmake_export_include_directories-extras.cmake
[0.758s] -- Up-to-date symlink: /home/mjlinux/Downloads/book_ros2_wrs/install/br2_tracking_msgs/share/br2_tracking_msgs/cmake/ament_cmake_export_libraries-extras.cmake
[0.758s] -- Up-to-date symlink: /home/mjlinux/Downloads/book_ros2_wrs/install/br2_tracking_msgs/share/br2_tracking_msgs/cmake/ament_cmake_export_targets-extras.cmake
[0.758s] -- Up-to-date symlink: /home/mjlinux/Downloads/book_ros2_wrs/install/br2_tracking_msgs/share/br2_tracking_msgs/cmake/rosidl_cmake_export_typesupport_targets-extras.cmake
[0.758s] -- Up-to-date symlink: /home/mjlinux/Downloads/book_ros2_wrs/install/br2_tracking_msgs/share/br2_tracking_msgs/cmake/rosidl_cmake_export_typesupport_libraries-extras.cmake
[0.758s] -- Up-to-date symlink: /home/mjlinux/Downloads/book_ros2_wrs/install/br2_tracking_msgs/share/br2_tracking_msgs/cmake/br2_tracking_msgsConfig.cmake
[0.758s] -- Up-to-date symlink: /home/mjlinux/Downloads/book_ros2_wrs/install/br2_tracking_msgs/share/br2_tracking_msgs/cmake/br2_tracking_msgsConfig-version.cmake
[0.758s] -- Up-to-date symlink: /home/mjlinux/Downloads/book_ros2_wrs/install/br2_tracking_msgs/share/br2_tracking_msgs/package.xml
[0.758s] -- Up-to-date: /home/mjlinux/Downloads/book_ros2_wrs/install/br2_tracking_msgs/lib/libbr2_tracking_msgs__rosidl_generator_c.so
[0.759s] -- Up-to-date: /home/mjlinux/Downloads/book_ros2_wrs/install/br2_tracking_msgs/lib/libbr2_tracking_msgs__rosidl_typesupport_fastrtps_c.so
[0.759s] -- Up-to-date: /home/mjlinux/Downloads/book_ros2_wrs/install/br2_tracking_msgs/lib/libbr2_tracking_msgs__rosidl_typesupport_fastrtps_cpp.so
[0.759s] -- Up-to-date: /home/mjlinux/Downloads/book_ros2_wrs/install/br2_tracking_msgs/lib/libbr2_tracking_msgs__rosidl_typesupport_introspection_c.so
[0.759s] -- Up-to-date: /home/mjlinux/Downloads/book_ros2_wrs/install/br2_tracking_msgs/lib/libbr2_tracking_msgs__rosidl_typesupport_c.so
[0.759s] -- Up-to-date: /home/mjlinux/Downloads/book_ros2_wrs/install/br2_tracking_msgs/lib/libbr2_tracking_msgs__rosidl_typesupport_introspection_cpp.so
[0.759s] -- Up-to-date: /home/mjlinux/Downloads/book_ros2_wrs/install/br2_tracking_msgs/lib/libbr2_tracking_msgs__rosidl_typesupport_cpp.so
[0.781s] Listing '/home/mjlinux/Downloads/book_ros2_wrs/install/br2_tracking_msgs/local/lib/python3.10/dist-packages/br2_tracking_msgs'...
[0.781s] Listing '/home/mjlinux/Downloads/book_ros2_wrs/install/br2_tracking_msgs/local/lib/python3.10/dist-packages/br2_tracking_msgs/msg'...
[0.795s] -- Up-to-date: /home/mjlinux/Downloads/book_ros2_wrs/install/br2_tracking_msgs/lib/libbr2_tracking_msgs__rosidl_generator_py.so
[0.795s] -- Up-to-date: /home/mjlinux/Downloads/book_ros2_wrs/install/br2_tracking_msgs/share/br2_tracking_msgs/cmake/export_br2_tracking_msgs__rosidl_generator_cExport.cmake
[0.795s] -- Up-to-date: /home/mjlinux/Downloads/book_ros2_wrs/install/br2_tracking_msgs/share/br2_tracking_msgs/cmake/export_br2_tracking_msgs__rosidl_generator_cExport-noconfig.cmake
[0.795s] -- Up-to-date: /home/mjlinux/Downloads/book_ros2_wrs/install/br2_tracking_msgs/share/br2_tracking_msgs/cmake/export_br2_tracking_msgs__rosidl_typesupport_fastrtps_cExport.cmake
[0.795s] -- Up-to-date: /home/mjlinux/Downloads/book_ros2_wrs/install/br2_tracking_msgs/share/br2_tracking_msgs/cmake/export_br2_tracking_msgs__rosidl_typesupport_fastrtps_cExport-noconfig.cmake
[0.795s] -- Up-to-date: /home/mjlinux/Downloads/book_ros2_wrs/install/br2_tracking_msgs/share/br2_tracking_msgs/cmake/export_br2_tracking_msgs__rosidl_generator_cppExport.cmake
[0.795s] -- Up-to-date: /home/mjlinux/Downloads/book_ros2_wrs/install/br2_tracking_msgs/share/br2_tracking_msgs/cmake/export_br2_tracking_msgs__rosidl_typesupport_fastrtps_cppExport.cmake
[0.796s] -- Up-to-date: /home/mjlinux/Downloads/book_ros2_wrs/install/br2_tracking_msgs/share/br2_tracking_msgs/cmake/export_br2_tracking_msgs__rosidl_typesupport_fastrtps_cppExport-noconfig.cmake
[0.796s] -- Up-to-date: /home/mjlinux/Downloads/book_ros2_wrs/install/br2_tracking_msgs/share/br2_tracking_msgs/cmake/br2_tracking_msgs__rosidl_typesupport_introspection_cExport.cmake
[0.796s] -- Up-to-date: /home/mjlinux/Downloads/book_ros2_wrs/install/br2_tracking_msgs/share/br2_tracking_msgs/cmake/br2_tracking_msgs__rosidl_typesupport_introspection_cExport-noconfig.cmake
[0.796s] -- Up-to-date: /home/mjlinux/Downloads/book_ros2_wrs/install/br2_tracking_msgs/share/br2_tracking_msgs/cmake/br2_tracking_msgs__rosidl_typesupport_cExport.cmake
[0.796s] -- Up-to-date: /home/mjlinux/Downloads/book_ros2_wrs/install/br2_tracking_msgs/share/br2_tracking_msgs/cmake/br2_tracking_msgs__rosidl_typesupport_cExport-noconfig.cmake
[0.796s] -- Up-to-date: /home/mjlinux/Downloads/book_ros2_wrs/install/br2_tracking_msgs/share/br2_tracking_msgs/cmake/br2_tracking_msgs__rosidl_typesupport_introspection_cppExport.cmake
[0.796s] -- Up-to-date: /home/mjlinux/Downloads/book_ros2_wrs/install/br2_tracking_msgs/share/br2_tracking_msgs/cmake/br2_tracking_msgs__rosidl_typesupport_introspection_cppExport-noconfig.cmake
[0.796s] -- Up-to-date: /home/mjlinux/Downloads/book_ros2_wrs/install/br2_tracking_msgs/share/br2_tracking_msgs/cmake/br2_tracking_msgs__rosidl_typesupport_cppExport.cmake
[0.796s] -- Up-to-date: /home/mjlinux/Downloads/book_ros2_wrs/install/br2_tracking_msgs/share/br2_tracking_msgs/cmake/br2_tracking_msgs__rosidl_typesupport_cppExport-noconfig.cmake
[0.796s] -- Up-to-date: /home/mjlinux/Downloads/book_ros2_wrs/install/br2_tracking_msgs/share/br2_tracking_msgs/cmake/export_br2_tracking_msgs__rosidl_generator_pyExport.cmake
[0.796s] -- Up-to-date: /home/mjlinux/Downloads/book_ros2_wrs/install/br2_tracking_msgs/share/br2_tracking_msgs/cmake/export_br2_tracking_msgs__rosidl_generator_pyExport-noconfig.cmake
[0.799s] Invoked command in '/home/mjlinux/Downloads/book_ros2_wrs/build/br2_tracking_msgs' returned '0': CMAKE_PREFIX_PATH=${CMAKE_PREFIX_PATH}:/home/mjlinux/Downloads/book_ros2_wrs/install/launch_pal:/home/mjlinux/Downloads/book_ros2_wrs/install/br2_fsm_bumpgo_py:/opt/ros/humble /usr/bin/cmake --install /home/mjlinux/Downloads/book_ros2_wrs/build/br2_tracking_msgs
