[0.025s] Invoking command in '/home/mjlinux/Downloads/book_ros2_wrs/build/br2_tiago': CMAKE_PREFIX_PATH=${CMAKE_PREFIX_PATH}:/home/mjlinux/Downloads/book_ros2_wrs/install/launch_pal:/home/mjlinux/Downloads/book_ros2_wrs/install/groot:/home/mjlinux/Downloads/book_ros2_wrs/install/br2_fsm_bumpgo_py:/opt/ros/humble /usr/bin/cmake --build /home/mjlinux/Downloads/book_ros2_wrs/build/br2_tiago -- -j4 -l4
[0.072s] Invoked command in '/home/mjlinux/Downloads/book_ros2_wrs/build/br2_tiago' returned '0': CMAKE_PREFIX_PATH=${CMAKE_PREFIX_PATH}:/home/mjlinux/Downloads/book_ros2_wrs/install/launch_pal:/home/mjlinux/Downloads/book_ros2_wrs/install/groot:/home/mjlinux/Downloads/book_ros2_wrs/install/br2_fsm_bumpgo_py:/opt/ros/humble /usr/bin/cmake --build /home/mjlinux/Downloads/book_ros2_wrs/build/br2_tiago -- -j4 -l4
[0.105s] Invoking command in '/home/mjlinux/Downloads/book_ros2_wrs/build/br2_tiago': CMAKE_PREFIX_PATH=${CMAKE_PREFIX_PATH}:/home/mjlinux/Downloads/book_ros2_wrs/install/launch_pal:/home/mjlinux/Downloads/book_ros2_wrs/install/groot:/home/mjlinux/Downloads/book_ros2_wrs/install/br2_fsm_bumpgo_py:/opt/ros/humble /usr/bin/cmake --install /home/mjlinux/Downloads/book_ros2_wrs/build/br2_tiago
[0.112s] -- Install configuration: ""
[0.113s] -- Execute custom install script
[0.114s] -- Up-to-date symlink: /home/mjlinux/Downloads/book_ros2_wrs/install/br2_tiago/share/br2_tiago/launch/sim.launch.py
[0.114s] -- Up-to-date symlink: /home/mjlinux/Downloads/book_ros2_wrs/install/br2_tiago/share/ament_index/resource_index/package_run_dependencies/br2_tiago
[0.115s] -- Up-to-date symlink: /home/mjlinux/Downloads/book_ros2_wrs/install/br2_tiago/share/ament_index/resource_index/parent_prefix_path/br2_tiago
[0.116s] -- Up-to-date symlink: /home/mjlinux/Downloads/book_ros2_wrs/install/br2_tiago/share/br2_tiago/environment/ament_prefix_path.sh
[0.123s] -- Up-to-date symlink: /home/mjlinux/Downloads/book_ros2_wrs/install/br2_tiago/share/br2_tiago/environment/ament_prefix_path.dsv
[0.124s] -- Up-to-date symlink: /home/mjlinux/Downloads/book_ros2_wrs/install/br2_tiago/share/br2_tiago/environment/path.sh
[0.124s] -- Up-to-date symlink: /home/mjlinux/Downloads/book_ros2_wrs/install/br2_tiago/share/br2_tiago/environment/path.dsv
[0.125s] -- Up-to-date symlink: /home/mjlinux/Downloads/book_ros2_wrs/install/br2_tiago/share/br2_tiago/local_setup.bash
[0.125s] -- Up-to-date symlink: /home/mjlinux/Downloads/book_ros2_wrs/install/br2_tiago/share/br2_tiago/local_setup.sh
[0.134s] -- Up-to-date symlink: /home/mjlinux/Downloads/book_ros2_wrs/install/br2_tiago/share/br2_tiago/local_setup.zsh
[0.134s] -- Up-to-date symlink: /home/mjlinux/Downloads/book_ros2_wrs/install/br2_tiago/share/br2_tiago/local_setup.dsv
[0.134s] -- Symlinking: /home/mjlinux/Downloads/book_ros2_wrs/install/br2_tiago/share/br2_tiago/package.dsv
[0.142s] -- Up-to-date symlink: /home/mjlinux/Downloads/book_ros2_wrs/install/br2_tiago/share/ament_index/resource_index/packages/br2_tiago
[0.143s] -- Up-to-date symlink: /home/mjlinux/Downloads/book_ros2_wrs/install/br2_tiago/share/br2_tiago/cmake/br2_tiagoConfig.cmake
[0.143s] -- Up-to-date symlink: /home/mjlinux/Downloads/book_ros2_wrs/install/br2_tiago/share/br2_tiago/cmake/br2_tiagoConfig-version.cmake
[0.143s] -- Up-to-date symlink: /home/mjlinux/Downloads/book_ros2_wrs/install/br2_tiago/share/br2_tiago/package.xml
[0.146s] Invoked command in '/home/mjlinux/Downloads/book_ros2_wrs/build/br2_tiago' returned '0': CMAKE_PREFIX_PATH=${CMAKE_PREFIX_PATH}:/home/mjlinux/Downloads/book_ros2_wrs/install/launch_pal:/home/mjlinux/Downloads/book_ros2_wrs/install/groot:/home/mjlinux/Downloads/book_ros2_wrs/install/br2_fsm_bumpgo_py:/opt/ros/humble /usr/bin/cmake --install /home/mjlinux/Downloads/book_ros2_wrs/build/br2_tiago
