-- Found ament_cmake: 1.3.5 (/opt/ros/humble/share/ament_cmake/cmake)
-- Override CMake install command with custom implementation using symlinks instead of copying resources
-- Found rclcpp: 16.0.5 (/opt/ros/humble/share/rclcpp/cmake)
-- Found rosidl_generator_c: 3.1.5 (/opt/ros/humble/share/rosidl_generator_c/cmake)
-- Found rosidl_adapter: 3.1.5 (/opt/ros/humble/share/rosidl_adapter/cmake)
-- Found rosidl_generator_cpp: 3.1.5 (/opt/ros/humble/share/rosidl_generator_cpp/cmake)
-- Using all available rosidl_typesupport_c: rosidl_typesupport_fastrtps_c;rosidl_typesupport_introspection_c
-- Using all available rosidl_typesupport_cpp: rosidl_typesupport_fastrtps_cpp;rosidl_typesupport_introspection_cpp
-- Found rmw_implementation_cmake: 6.1.1 (/opt/ros/humble/share/rmw_implementation_cmake/cmake)
-- Found rmw_fastrtps_cpp: 6.2.3 (/opt/ros/humble/share/rmw_fastrtps_cpp/cmake)
-- Using RMW implementation 'rmw_fastrtps_cpp' as default
-- Found ament_lint_auto: 0.12.7 (/opt/ros/humble/share/ament_lint_auto/cmake)
-- Added test 'lint_cmake' to check CMake code style
-- Added test 'xmllint' to check XML markup files
-- Configuring done
-- Generating done
-- Build files have been written to: /home/mjlinux/Downloads/book_ros2_wrs/build/first_package
-- Install configuration: ""
-- Execute custom install script
-- Symlinking: /home/mjlinux/Downloads/book_ros2_wrs/install/first_package/share/ament_index/resource_index/package_run_dependencies/first_package
-- Symlinking: /home/mjlinux/Downloads/book_ros2_wrs/install/first_package/share/ament_index/resource_index/parent_prefix_path/first_package
-- Symlinking: /home/mjlinux/Downloads/book_ros2_wrs/install/first_package/share/first_package/environment/ament_prefix_path.sh
-- Symlinking: /home/mjlinux/Downloads/book_ros2_wrs/install/first_package/share/first_package/environment/ament_prefix_path.dsv
-- Symlinking: /home/mjlinux/Downloads/book_ros2_wrs/install/first_package/share/first_package/environment/path.sh
-- Symlinking: /home/mjlinux/Downloads/book_ros2_wrs/install/first_package/share/first_package/environment/path.dsv
-- Symlinking: /home/mjlinux/Downloads/book_ros2_wrs/install/first_package/share/first_package/local_setup.bash
-- Symlinking: /home/mjlinux/Downloads/book_ros2_wrs/install/first_package/share/first_package/local_setup.sh
-- Symlinking: /home/mjlinux/Downloads/book_ros2_wrs/install/first_package/share/first_package/local_setup.zsh
-- Symlinking: /home/mjlinux/Downloads/book_ros2_wrs/install/first_package/share/first_package/local_setup.dsv
-- Symlinking: /home/mjlinux/Downloads/book_ros2_wrs/install/first_package/share/first_package/package.dsv
-- Symlinking: /home/mjlinux/Downloads/book_ros2_wrs/install/first_package/share/ament_index/resource_index/packages/first_package
-- Symlinking: /home/mjlinux/Downloads/book_ros2_wrs/install/first_package/share/first_package/cmake/first_packageConfig.cmake
-- Symlinking: /home/mjlinux/Downloads/book_ros2_wrs/install/first_package/share/first_package/cmake/first_packageConfig-version.cmake
-- Symlinking: /home/mjlinux/Downloads/book_ros2_wrs/install/first_package/share/first_package/package.xml
