[0.030s] Invoking command in '/home/mjlinux/Downloads/book_ros2_wrs/build/first_package': CMAKE_PREFIX_PATH=${CMAKE_PREFIX_PATH}:/home/mjlinux/Downloads/book_ros2_wrs/install/launch_pal:/home/mjlinux/Downloads/book_ros2_wrs/install/br2_fsm_bumpgo_py:/opt/ros/humble /usr/bin/cmake /home/mjlinux/Downloads/book_ros2_wrs/src/first_package -DAMENT_CMAKE_SYMLINK_INSTALL=1 -DCMAKE_INSTALL_PREFIX=/home/mjlinux/Downloads/book_ros2_wrs/install/first_package
[0.081s] -- Found ament_cmake: 1.3.5 (/opt/ros/humble/share/ament_cmake/cmake)
[0.220s] -- Override CMake install command with custom implementation using symlinks instead of copying resources
[0.232s] -- Found rclcpp: 16.0.5 (/opt/ros/humble/share/rclcpp/cmake)
[0.258s] -- Found rosidl_generator_c: 3.1.5 (/opt/ros/humble/share/rosidl_generator_c/cmake)
[0.260s] -- Found rosidl_adapter: 3.1.5 (/opt/ros/humble/share/rosidl_adapter/cmake)
[0.265s] -- Found rosidl_generator_cpp: 3.1.5 (/opt/ros/humble/share/rosidl_generator_cpp/cmake)
[0.291s] -- Using all available rosidl_typesupport_c: rosidl_typesupport_fastrtps_c;rosidl_typesupport_introspection_c
[0.322s] -- Using all available rosidl_typesupport_cpp: rosidl_typesupport_fastrtps_cpp;rosidl_typesupport_introspection_cpp
[0.398s] -- Found rmw_implementation_cmake: 6.1.1 (/opt/ros/humble/share/rmw_implementation_cmake/cmake)
[0.400s] -- Found rmw_fastrtps_cpp: 6.2.3 (/opt/ros/humble/share/rmw_fastrtps_cpp/cmake)
[0.542s] -- Using RMW implementation 'rmw_fastrtps_cpp' as default
[0.738s] -- Found ament_lint_auto: 0.12.7 (/opt/ros/humble/share/ament_lint_auto/cmake)
[0.836s] -- Added test 'lint_cmake' to check CMake code style
[0.838s] -- Added test 'xmllint' to check XML markup files
[0.840s] -- Configuring done
[0.848s] -- Generating done
[0.849s] -- Build files have been written to: /home/mjlinux/Downloads/book_ros2_wrs/build/first_package
[0.875s] Invoked command in '/home/mjlinux/Downloads/book_ros2_wrs/build/first_package' returned '0': CMAKE_PREFIX_PATH=${CMAKE_PREFIX_PATH}:/home/mjlinux/Downloads/book_ros2_wrs/install/launch_pal:/home/mjlinux/Downloads/book_ros2_wrs/install/br2_fsm_bumpgo_py:/opt/ros/humble /usr/bin/cmake /home/mjlinux/Downloads/book_ros2_wrs/src/first_package -DAMENT_CMAKE_SYMLINK_INSTALL=1 -DCMAKE_INSTALL_PREFIX=/home/mjlinux/Downloads/book_ros2_wrs/install/first_package
[0.877s] Invoking command in '/home/mjlinux/Downloads/book_ros2_wrs/build/first_package': CMAKE_PREFIX_PATH=${CMAKE_PREFIX_PATH}:/home/mjlinux/Downloads/book_ros2_wrs/install/launch_pal:/home/mjlinux/Downloads/book_ros2_wrs/install/br2_fsm_bumpgo_py:/opt/ros/humble /usr/bin/cmake --build /home/mjlinux/Downloads/book_ros2_wrs/build/first_package -- -j4 -l4
[0.960s] Invoked command in '/home/mjlinux/Downloads/book_ros2_wrs/build/first_package' returned '0': CMAKE_PREFIX_PATH=${CMAKE_PREFIX_PATH}:/home/mjlinux/Downloads/book_ros2_wrs/install/launch_pal:/home/mjlinux/Downloads/book_ros2_wrs/install/br2_fsm_bumpgo_py:/opt/ros/humble /usr/bin/cmake --build /home/mjlinux/Downloads/book_ros2_wrs/build/first_package -- -j4 -l4
[0.996s] Invoking command in '/home/mjlinux/Downloads/book_ros2_wrs/build/first_package': CMAKE_PREFIX_PATH=${CMAKE_PREFIX_PATH}:/home/mjlinux/Downloads/book_ros2_wrs/install/launch_pal:/home/mjlinux/Downloads/book_ros2_wrs/install/br2_fsm_bumpgo_py:/opt/ros/humble /usr/bin/cmake --install /home/mjlinux/Downloads/book_ros2_wrs/build/first_package
[1.003s] -- Install configuration: ""
[1.003s] -- Execute custom install script
[1.003s] -- Symlinking: /home/mjlinux/Downloads/book_ros2_wrs/install/first_package/share/ament_index/resource_index/package_run_dependencies/first_package
[1.011s] -- Symlinking: /home/mjlinux/Downloads/book_ros2_wrs/install/first_package/share/ament_index/resource_index/parent_prefix_path/first_package
[1.019s] -- Symlinking: /home/mjlinux/Downloads/book_ros2_wrs/install/first_package/share/first_package/environment/ament_prefix_path.sh
[1.032s] -- Symlinking: /home/mjlinux/Downloads/book_ros2_wrs/install/first_package/share/first_package/environment/ament_prefix_path.dsv
[1.040s] -- Symlinking: /home/mjlinux/Downloads/book_ros2_wrs/install/first_package/share/first_package/environment/path.sh
[1.048s] -- Symlinking: /home/mjlinux/Downloads/book_ros2_wrs/install/first_package/share/first_package/environment/path.dsv
[1.057s] -- Symlinking: /home/mjlinux/Downloads/book_ros2_wrs/install/first_package/share/first_package/local_setup.bash
[1.066s] -- Symlinking: /home/mjlinux/Downloads/book_ros2_wrs/install/first_package/share/first_package/local_setup.sh
[1.073s] -- Symlinking: /home/mjlinux/Downloads/book_ros2_wrs/install/first_package/share/first_package/local_setup.zsh
[1.094s] -- Symlinking: /home/mjlinux/Downloads/book_ros2_wrs/install/first_package/share/first_package/local_setup.dsv
[1.102s] -- Symlinking: /home/mjlinux/Downloads/book_ros2_wrs/install/first_package/share/first_package/package.dsv
[1.110s] -- Symlinking: /home/mjlinux/Downloads/book_ros2_wrs/install/first_package/share/ament_index/resource_index/packages/first_package
[1.117s] -- Symlinking: /home/mjlinux/Downloads/book_ros2_wrs/install/first_package/share/first_package/cmake/first_packageConfig.cmake
[1.129s] -- Symlinking: /home/mjlinux/Downloads/book_ros2_wrs/install/first_package/share/first_package/cmake/first_packageConfig-version.cmake
[1.136s] -- Symlinking: /home/mjlinux/Downloads/book_ros2_wrs/install/first_package/share/first_package/package.xml
[1.162s] Invoked command in '/home/mjlinux/Downloads/book_ros2_wrs/build/first_package' returned '0': CMAKE_PREFIX_PATH=${CMAKE_PREFIX_PATH}:/home/mjlinux/Downloads/book_ros2_wrs/install/launch_pal:/home/mjlinux/Downloads/book_ros2_wrs/install/br2_fsm_bumpgo_py:/opt/ros/humble /usr/bin/cmake --install /home/mjlinux/Downloads/book_ros2_wrs/build/first_package
