-- The C compiler identification is GNU 11.4.0
-- The CXX compiler identification is GNU 11.4.0
-- Detecting C compiler ABI info
-- Detecting C compiler ABI info - done
-- Check for working C compiler: /usr/bin/cc - skipped
-- Detecting C compile features
-- Detecting C compile features - done
-- Detecting CXX compiler ABI info
-- Detecting CXX compiler ABI info - done
-- Check for working CXX compiler: /usr/bin/c++ - skipped
-- Detecting CXX compile features
-- Detecting CXX compile features - done
-- Found ament_cmake_auto: 1.3.5 (/opt/ros/humble/share/ament_cmake_auto/cmake)
-- Found Python3: /usr/bin/python3.10 (found version "3.10.12") found components: Interpreter 
-- Override CMake install command with custom implementation using symlinks instead of copying resources
-- Configuring done
-- Generating done
-- Build files have been written to: /home/mjlinux/Downloads/book_ros2_wrs/build/br2_navigation
-- Install configuration: ""
-- Execute custom install script
-- Symlinking: /home/mjlinux/Downloads/book_ros2_wrs/install/br2_navigation/share/br2_navigation/launch/navigation_launch.py
-- Symlinking: /home/mjlinux/Downloads/book_ros2_wrs/install/br2_navigation/share/br2_navigation/launch/tiago_navigation.launch.py
-- Symlinking: /home/mjlinux/Downloads/book_ros2_wrs/install/br2_navigation/share/br2_navigation/params/mapper_params_online_async.yaml
-- Symlinking: /home/mjlinux/Downloads/book_ros2_wrs/install/br2_navigation/share/br2_navigation/params/tiago_nav_params.yaml
-- Symlinking: /home/mjlinux/Downloads/book_ros2_wrs/install/br2_navigation/share/br2_navigation/maps/home.pgm
-- Symlinking: /home/mjlinux/Downloads/book_ros2_wrs/install/br2_navigation/share/br2_navigation/maps/home.yaml
-- Symlinking: /home/mjlinux/Downloads/book_ros2_wrs/install/br2_navigation/share/ament_index/resource_index/package_run_dependencies/br2_navigation
-- Symlinking: /home/mjlinux/Downloads/book_ros2_wrs/install/br2_navigation/share/ament_index/resource_index/parent_prefix_path/br2_navigation
-- Symlinking: /home/mjlinux/Downloads/book_ros2_wrs/install/br2_navigation/share/br2_navigation/environment/ament_prefix_path.sh
-- Symlinking: /home/mjlinux/Downloads/book_ros2_wrs/install/br2_navigation/share/br2_navigation/environment/ament_prefix_path.dsv
-- Symlinking: /home/mjlinux/Downloads/book_ros2_wrs/install/br2_navigation/share/br2_navigation/environment/path.sh
-- Symlinking: /home/mjlinux/Downloads/book_ros2_wrs/install/br2_navigation/share/br2_navigation/environment/path.dsv
-- Symlinking: /home/mjlinux/Downloads/book_ros2_wrs/install/br2_navigation/share/br2_navigation/local_setup.bash
-- Symlinking: /home/mjlinux/Downloads/book_ros2_wrs/install/br2_navigation/share/br2_navigation/local_setup.sh
-- Symlinking: /home/mjlinux/Downloads/book_ros2_wrs/install/br2_navigation/share/br2_navigation/local_setup.zsh
-- Symlinking: /home/mjlinux/Downloads/book_ros2_wrs/install/br2_navigation/share/br2_navigation/local_setup.dsv
-- Symlinking: /home/mjlinux/Downloads/book_ros2_wrs/install/br2_navigation/share/br2_navigation/package.dsv
-- Symlinking: /home/mjlinux/Downloads/book_ros2_wrs/install/br2_navigation/share/ament_index/resource_index/packages/br2_navigation
-- Symlinking: /home/mjlinux/Downloads/book_ros2_wrs/install/br2_navigation/share/br2_navigation/cmake/br2_navigationConfig.cmake
-- Symlinking: /home/mjlinux/Downloads/book_ros2_wrs/install/br2_navigation/share/br2_navigation/cmake/br2_navigationConfig-version.cmake
-- Symlinking: /home/mjlinux/Downloads/book_ros2_wrs/install/br2_navigation/share/br2_navigation/package.xml
