[0.026s] Invoking command in '/home/mjlinux/Downloads/book_ros2_wrs/build/br2_navigation': CMAKE_PREFIX_PATH=/opt/ros/humble /usr/bin/cmake /home/mjlinux/Downloads/book_ros2_wrs/book_ros2/br2_navigation -DAMENT_CMAKE_SYMLINK_INSTALL=1 -DCMAKE_INSTALL_PREFIX=/home/mjlinux/Downloads/book_ros2_wrs/install/br2_navigation
[0.240s] -- The C compiler identification is GNU 11.4.0
[0.310s] -- The CXX compiler identification is GNU 11.4.0
[0.340s] -- Detecting C compiler ABI info
[0.475s] -- Detecting C compiler ABI info - done
[0.481s] -- Check for working C compiler: /usr/bin/cc - skipped
[0.482s] -- Detecting C compile features
[0.483s] -- Detecting C compile features - done
[0.487s] -- Detecting CXX compiler ABI info
[0.645s] -- Detecting CXX compiler ABI info - done
[0.645s] -- Check for working CXX compiler: /usr/bin/c++ - skipped
[0.645s] -- Detecting CXX compile features
[0.645s] -- Detecting CXX compile features - done
[0.650s] -- Found ament_cmake_auto: 1.3.5 (/opt/ros/humble/share/ament_cmake_auto/cmake)
[0.860s] -- Found Python3: /usr/bin/python3.10 (found version "3.10.12") found components: Interpreter 
[0.931s] -- Override CMake install command with custom implementation using symlinks instead of copying resources
[1.046s] -- Configuring done
[1.048s] -- Generating done
[1.049s] -- Build files have been written to: /home/mjlinux/Downloads/book_ros2_wrs/build/br2_navigation
[1.053s] Invoked command in '/home/mjlinux/Downloads/book_ros2_wrs/build/br2_navigation' returned '0': CMAKE_PREFIX_PATH=/opt/ros/humble /usr/bin/cmake /home/mjlinux/Downloads/book_ros2_wrs/book_ros2/br2_navigation -DAMENT_CMAKE_SYMLINK_INSTALL=1 -DCMAKE_INSTALL_PREFIX=/home/mjlinux/Downloads/book_ros2_wrs/install/br2_navigation
[1.053s] Invoking command in '/home/mjlinux/Downloads/book_ros2_wrs/build/br2_navigation': CMAKE_PREFIX_PATH=/opt/ros/humble /usr/bin/cmake --build /home/mjlinux/Downloads/book_ros2_wrs/build/br2_navigation -- -j4 -l4
[1.095s] Invoked command in '/home/mjlinux/Downloads/book_ros2_wrs/build/br2_navigation' returned '0': CMAKE_PREFIX_PATH=/opt/ros/humble /usr/bin/cmake --build /home/mjlinux/Downloads/book_ros2_wrs/build/br2_navigation -- -j4 -l4
[1.164s] Invoking command in '/home/mjlinux/Downloads/book_ros2_wrs/build/br2_navigation': CMAKE_PREFIX_PATH=/opt/ros/humble /usr/bin/cmake --install /home/mjlinux/Downloads/book_ros2_wrs/build/br2_navigation
[1.172s] -- Install configuration: ""
[1.172s] -- Execute custom install script
[1.172s] -- Symlinking: /home/mjlinux/Downloads/book_ros2_wrs/install/br2_navigation/share/br2_navigation/launch/navigation_launch.py
[1.180s] -- Symlinking: /home/mjlinux/Downloads/book_ros2_wrs/install/br2_navigation/share/br2_navigation/launch/tiago_navigation.launch.py
[1.190s] -- Symlinking: /home/mjlinux/Downloads/book_ros2_wrs/install/br2_navigation/share/br2_navigation/params/mapper_params_online_async.yaml
[1.220s] -- Symlinking: /home/mjlinux/Downloads/book_ros2_wrs/install/br2_navigation/share/br2_navigation/params/tiago_nav_params.yaml
[1.230s] -- Symlinking: /home/mjlinux/Downloads/book_ros2_wrs/install/br2_navigation/share/br2_navigation/maps/home.pgm
[1.238s] -- Symlinking: /home/mjlinux/Downloads/book_ros2_wrs/install/br2_navigation/share/br2_navigation/maps/home.yaml
[1.248s] -- Symlinking: /home/mjlinux/Downloads/book_ros2_wrs/install/br2_navigation/share/ament_index/resource_index/package_run_dependencies/br2_navigation
[1.257s] -- Symlinking: /home/mjlinux/Downloads/book_ros2_wrs/install/br2_navigation/share/ament_index/resource_index/parent_prefix_path/br2_navigation
[1.266s] -- Symlinking: /home/mjlinux/Downloads/book_ros2_wrs/install/br2_navigation/share/br2_navigation/environment/ament_prefix_path.sh
[1.274s] -- Symlinking: /home/mjlinux/Downloads/book_ros2_wrs/install/br2_navigation/share/br2_navigation/environment/ament_prefix_path.dsv
[1.283s] -- Symlinking: /home/mjlinux/Downloads/book_ros2_wrs/install/br2_navigation/share/br2_navigation/environment/path.sh
[1.291s] -- Symlinking: /home/mjlinux/Downloads/book_ros2_wrs/install/br2_navigation/share/br2_navigation/environment/path.dsv
[1.299s] -- Symlinking: /home/mjlinux/Downloads/book_ros2_wrs/install/br2_navigation/share/br2_navigation/local_setup.bash
[1.328s] -- Symlinking: /home/mjlinux/Downloads/book_ros2_wrs/install/br2_navigation/share/br2_navigation/local_setup.sh
[1.338s] -- Symlinking: /home/mjlinux/Downloads/book_ros2_wrs/install/br2_navigation/share/br2_navigation/local_setup.zsh
[1.346s] -- Symlinking: /home/mjlinux/Downloads/book_ros2_wrs/install/br2_navigation/share/br2_navigation/local_setup.dsv
[1.357s] -- Symlinking: /home/mjlinux/Downloads/book_ros2_wrs/install/br2_navigation/share/br2_navigation/package.dsv
[1.375s] -- Symlinking: /home/mjlinux/Downloads/book_ros2_wrs/install/br2_navigation/share/ament_index/resource_index/packages/br2_navigation
[1.381s] -- Symlinking: /home/mjlinux/Downloads/book_ros2_wrs/install/br2_navigation/share/br2_navigation/cmake/br2_navigationConfig.cmake
[1.389s] -- Symlinking: /home/mjlinux/Downloads/book_ros2_wrs/install/br2_navigation/share/br2_navigation/cmake/br2_navigationConfig-version.cmake
[1.398s] -- Symlinking: /home/mjlinux/Downloads/book_ros2_wrs/install/br2_navigation/share/br2_navigation/package.xml
[1.427s] Invoked command in '/home/mjlinux/Downloads/book_ros2_wrs/build/br2_navigation' returned '0': CMAKE_PREFIX_PATH=/opt/ros/humble /usr/bin/cmake --install /home/mjlinux/Downloads/book_ros2_wrs/build/br2_navigation
