[0.007s] Invoking command in '/home/mjlinux/Downloads/book_ros2_wrs/build/tiago_laser_sensors': AMENT_PREFIX_PATH=/home/mjlinux/Downloads/book_ros2_wrs/install/pmb2_laser_sensors:${AMENT_PREFIX_PATH} CMAKE_PREFIX_PATH=/home/mjlinux/Downloads/book_ros2_wrs/install/pmb2_laser_sensors:/opt/ros/humble /usr/bin/cmake --build /home/mjlinux/Downloads/book_ros2_wrs/build/tiago_laser_sensors -- -j4 -l4
[0.081s] Invoked command in '/home/mjlinux/Downloads/book_ros2_wrs/build/tiago_laser_sensors' returned '0': AMENT_PREFIX_PATH=/home/mjlinux/Downloads/book_ros2_wrs/install/pmb2_laser_sensors:${AMENT_PREFIX_PATH} CMAKE_PREFIX_PATH=/home/mjlinux/Downloads/book_ros2_wrs/install/pmb2_laser_sensors:/opt/ros/humble /usr/bin/cmake --build /home/mjlinux/Downloads/book_ros2_wrs/build/tiago_laser_sensors -- -j4 -l4
[0.111s] Invoking command in '/home/mjlinux/Downloads/book_ros2_wrs/build/tiago_laser_sensors': AMENT_PREFIX_PATH=/home/mjlinux/Downloads/book_ros2_wrs/install/pmb2_laser_sensors:${AMENT_PREFIX_PATH} CMAKE_PREFIX_PATH=/home/mjlinux/Downloads/book_ros2_wrs/install/pmb2_laser_sensors:/opt/ros/humble /usr/bin/cmake --install /home/mjlinux/Downloads/book_ros2_wrs/build/tiago_laser_sensors
[0.118s] -- Install configuration: ""
[0.118s] -- Execute custom install script
[0.119s] -- Up-to-date symlink: /home/mjlinux/Downloads/book_ros2_wrs/install/tiago_laser_sensors/share/tiago_laser_sensors/launch/laser.launch.py
[0.119s] -- Up-to-date symlink: /home/mjlinux/Downloads/book_ros2_wrs/install/tiago_laser_sensors/share/ament_index/resource_index/package_run_dependencies/tiago_laser_sensors
[0.119s] -- Up-to-date symlink: /home/mjlinux/Downloads/book_ros2_wrs/install/tiago_laser_sensors/share/ament_index/resource_index/parent_prefix_path/tiago_laser_sensors
[0.119s] -- Up-to-date symlink: /home/mjlinux/Downloads/book_ros2_wrs/install/tiago_laser_sensors/share/tiago_laser_sensors/environment/ament_prefix_path.sh
[0.119s] -- Up-to-date symlink: /home/mjlinux/Downloads/book_ros2_wrs/install/tiago_laser_sensors/share/tiago_laser_sensors/environment/ament_prefix_path.dsv
[0.119s] -- Up-to-date symlink: /home/mjlinux/Downloads/book_ros2_wrs/install/tiago_laser_sensors/share/tiago_laser_sensors/environment/path.sh
[0.119s] -- Up-to-date symlink: /home/mjlinux/Downloads/book_ros2_wrs/install/tiago_laser_sensors/share/tiago_laser_sensors/environment/path.dsv
[0.119s] -- Up-to-date symlink: /home/mjlinux/Downloads/book_ros2_wrs/install/tiago_laser_sensors/share/tiago_laser_sensors/local_setup.bash
[0.119s] -- Up-to-date symlink: /home/mjlinux/Downloads/book_ros2_wrs/install/tiago_laser_sensors/share/tiago_laser_sensors/local_setup.sh
[0.120s] -- Up-to-date symlink: /home/mjlinux/Downloads/book_ros2_wrs/install/tiago_laser_sensors/share/tiago_laser_sensors/local_setup.zsh
[0.120s] -- Up-to-date symlink: /home/mjlinux/Downloads/book_ros2_wrs/install/tiago_laser_sensors/share/tiago_laser_sensors/local_setup.dsv
[0.120s] -- Symlinking: /home/mjlinux/Downloads/book_ros2_wrs/install/tiago_laser_sensors/share/tiago_laser_sensors/package.dsv
[0.128s] -- Up-to-date symlink: /home/mjlinux/Downloads/book_ros2_wrs/install/tiago_laser_sensors/share/ament_index/resource_index/packages/tiago_laser_sensors
[0.128s] -- Up-to-date symlink: /home/mjlinux/Downloads/book_ros2_wrs/install/tiago_laser_sensors/share/tiago_laser_sensors/cmake/tiago_laser_sensorsConfig.cmake
[0.128s] -- Up-to-date symlink: /home/mjlinux/Downloads/book_ros2_wrs/install/tiago_laser_sensors/share/tiago_laser_sensors/cmake/tiago_laser_sensorsConfig-version.cmake
[0.128s] -- Up-to-date symlink: /home/mjlinux/Downloads/book_ros2_wrs/install/tiago_laser_sensors/share/tiago_laser_sensors/package.xml
[0.133s] Invoked command in '/home/mjlinux/Downloads/book_ros2_wrs/build/tiago_laser_sensors' returned '0': AMENT_PREFIX_PATH=/home/mjlinux/Downloads/book_ros2_wrs/install/pmb2_laser_sensors:${AMENT_PREFIX_PATH} CMAKE_PREFIX_PATH=/home/mjlinux/Downloads/book_ros2_wrs/install/pmb2_laser_sensors:/opt/ros/humble /usr/bin/cmake --install /home/mjlinux/Downloads/book_ros2_wrs/build/tiago_laser_sensors
