[0.062s] Invoking command in '/home/mjlinux/Downloads/book_ros2_wrs/build/vision_msgs': CMAKE_PREFIX_PATH=${CMAKE_PREFIX_PATH}:/home/mjlinux/Downloads/book_ros2_wrs/install/launch_pal:/home/mjlinux/Downloads/book_ros2_wrs/install/br2_fsm_bumpgo_py:/opt/ros/humble CONDA_PROMPT_MODIFIER=(ros) /usr/bin/cmake --build /home/mjlinux/Downloads/book_ros2_wrs/build/vision_msgs -- -j4 -l4
[0.300s] [  1%] Built target vision_msgs__cpp
[0.347s] [ 13%] Built target vision_msgs__rosidl_generator_c
[0.351s] [ 14%] Built target gtest
[0.382s] [ 14%] Built target ament_cmake_python_symlink_vision_msgs
[0.402s] [ 15%] Built target gtest_main
[0.449s] [ 27%] Built target vision_msgs__rosidl_typesupport_cpp
[0.477s] [ 38%] Built target vision_msgs__rosidl_typesupport_fastrtps_cpp
[0.489s] [ 49%] Built target vision_msgs__rosidl_typesupport_fastrtps_c
[0.508s] [ 60%] Built target vision_msgs__rosidl_typesupport_introspection_c
[0.517s] [ 71%] Built target vision_msgs__rosidl_typesupport_c
[0.574s] [ 82%] Built target vision_msgs__rosidl_typesupport_introspection_cpp
[0.636s] [ 82%] Built target vision_msgs
[0.800s] [ 82%] Built target vision_msgs__py
[0.801s] [ 84%] Built target vision_msgs_test
[0.975s] [ 95%] Built target vision_msgs__rosidl_generator_py
[0.977s] running egg_info
[0.977s] writing vision_msgs.egg-info/PKG-INFO
[0.978s] writing dependency_links to vision_msgs.egg-info/dependency_links.txt
[0.978s] writing top-level names to vision_msgs.egg-info/top_level.txt
[0.989s] reading manifest file 'vision_msgs.egg-info/SOURCES.txt'
[0.990s] writing manifest file 'vision_msgs.egg-info/SOURCES.txt'
[1.049s] [ 95%] Built target ament_cmake_python_build_vision_msgs_egg
[1.063s] [ 96%] Built target vision_msgs__rosidl_typesupport_c__pyext
[1.099s] [ 98%] Built target vision_msgs__rosidl_typesupport_fastrtps_c__pyext
[1.125s] [100%] Built target vision_msgs__rosidl_typesupport_introspection_c__pyext
[1.173s] Invoked command in '/home/mjlinux/Downloads/book_ros2_wrs/build/vision_msgs' returned '0': CMAKE_PREFIX_PATH=${CMAKE_PREFIX_PATH}:/home/mjlinux/Downloads/book_ros2_wrs/install/launch_pal:/home/mjlinux/Downloads/book_ros2_wrs/install/br2_fsm_bumpgo_py:/opt/ros/humble CONDA_PROMPT_MODIFIER=(ros) /usr/bin/cmake --build /home/mjlinux/Downloads/book_ros2_wrs/build/vision_msgs -- -j4 -l4
[2.754s] Invoking command in '/home/mjlinux/Downloads/book_ros2_wrs/build/vision_msgs': CMAKE_PREFIX_PATH=${CMAKE_PREFIX_PATH}:/home/mjlinux/Downloads/book_ros2_wrs/install/launch_pal:/home/mjlinux/Downloads/book_ros2_wrs/install/br2_fsm_bumpgo_py:/opt/ros/humble CONDA_PROMPT_MODIFIER=(ros) /usr/bin/cmake --install /home/mjlinux/Downloads/book_ros2_wrs/build/vision_msgs
[2.769s] -- Install configuration: ""
[2.769s] -- Execute custom install script
[2.769s] -- Up-to-date symlink: /home/mjlinux/Downloads/book_ros2_wrs/install/vision_msgs/share/ament_index/resource_index/rosidl_interfaces/vision_msgs
[2.769s] -- Up-to-date symlink: /home/mjlinux/Downloads/book_ros2_wrs/install/vision_msgs/include/vision_msgs/vision_msgs/msg/bounding_box2_d.h
[2.769s] -- Up-to-date symlink: /home/mjlinux/Downloads/book_ros2_wrs/install/vision_msgs/include/vision_msgs/vision_msgs/msg/bounding_box2_d_array.h
[2.769s] -- Up-to-date symlink: /home/mjlinux/Downloads/book_ros2_wrs/install/vision_msgs/include/vision_msgs/vision_msgs/msg/bounding_box3_d.h
[2.769s] -- Up-to-date symlink: /home/mjlinux/Downloads/book_ros2_wrs/install/vision_msgs/include/vision_msgs/vision_msgs/msg/bounding_box3_d_array.h
[2.769s] -- Up-to-date symlink: /home/mjlinux/Downloads/book_ros2_wrs/install/vision_msgs/include/vision_msgs/vision_msgs/msg/classification.h
[2.769s] -- Up-to-date symlink: /home/mjlinux/Downloads/book_ros2_wrs/install/vision_msgs/include/vision_msgs/vision_msgs/msg/detail/bounding_box2_d__functions.h
[2.769s] -- Up-to-date symlink: /home/mjlinux/Downloads/book_ros2_wrs/install/vision_msgs/include/vision_msgs/vision_msgs/msg/detail/bounding_box2_d__struct.h
[2.769s] -- Up-to-date symlink: /home/mjlinux/Downloads/book_ros2_wrs/install/vision_msgs/include/vision_msgs/vision_msgs/msg/detail/bounding_box2_d__type_support.h
[2.769s] -- Up-to-date symlink: /home/mjlinux/Downloads/book_ros2_wrs/install/vision_msgs/include/vision_msgs/vision_msgs/msg/detail/bounding_box2_d_array__functions.h
[2.770s] -- Up-to-date symlink: /home/mjlinux/Downloads/book_ros2_wrs/install/vision_msgs/include/vision_msgs/vision_msgs/msg/detail/bounding_box2_d_array__struct.h
[2.770s] -- Up-to-date symlink: /home/mjlinux/Downloads/book_ros2_wrs/install/vision_msgs/include/vision_msgs/vision_msgs/msg/detail/bounding_box2_d_array__type_support.h
[2.771s] -- Up-to-date symlink: /home/mjlinux/Downloads/book_ros2_wrs/install/vision_msgs/include/vision_msgs/vision_msgs/msg/detail/bounding_box3_d__functions.h
[2.771s] -- Up-to-date symlink: /home/mjlinux/Downloads/book_ros2_wrs/install/vision_msgs/include/vision_msgs/vision_msgs/msg/detail/bounding_box3_d__struct.h
[2.771s] -- Up-to-date symlink: /home/mjlinux/Downloads/book_ros2_wrs/install/vision_msgs/include/vision_msgs/vision_msgs/msg/detail/bounding_box3_d__type_support.h
[2.772s] -- Up-to-date symlink: /home/mjlinux/Downloads/book_ros2_wrs/install/vision_msgs/include/vision_msgs/vision_msgs/msg/detail/bounding_box3_d_array__functions.h
[2.772s] -- Up-to-date symlink: /home/mjlinux/Downloads/book_ros2_wrs/install/vision_msgs/include/vision_msgs/vision_msgs/msg/detail/bounding_box3_d_array__struct.h
[2.772s] -- Up-to-date symlink: /home/mjlinux/Downloads/book_ros2_wrs/install/vision_msgs/include/vision_msgs/vision_msgs/msg/detail/bounding_box3_d_array__type_support.h
[2.772s] -- Up-to-date symlink: /home/mjlinux/Downloads/book_ros2_wrs/install/vision_msgs/include/vision_msgs/vision_msgs/msg/detail/classification__functions.h
[2.772s] -- Up-to-date symlink: /home/mjlinux/Downloads/book_ros2_wrs/install/vision_msgs/include/vision_msgs/vision_msgs/msg/detail/classification__struct.h
[2.772s] -- Up-to-date symlink: /home/mjlinux/Downloads/book_ros2_wrs/install/vision_msgs/include/vision_msgs/vision_msgs/msg/detail/classification__type_support.h
[2.772s] -- Up-to-date symlink: /home/mjlinux/Downloads/book_ros2_wrs/install/vision_msgs/include/vision_msgs/vision_msgs/msg/detail/detection2_d__functions.h
[2.772s] -- Up-to-date symlink: /home/mjlinux/Downloads/book_ros2_wrs/install/vision_msgs/include/vision_msgs/vision_msgs/msg/detail/detection2_d__struct.h
[2.773s] -- Up-to-date symlink: /home/mjlinux/Downloads/book_ros2_wrs/install/vision_msgs/include/vision_msgs/vision_msgs/msg/detail/detection2_d__type_support.h
[2.773s] -- Up-to-date symlink: /home/mjlinux/Downloads/book_ros2_wrs/install/vision_msgs/include/vision_msgs/vision_msgs/msg/detail/detection2_d_array__functions.h
[2.773s] -- Up-to-date symlink: /home/mjlinux/Downloads/book_ros2_wrs/install/vision_msgs/include/vision_msgs/vision_msgs/msg/detail/detection2_d_array__struct.h
[2.773s] -- Up-to-date symlink: /home/mjlinux/Downloads/book_ros2_wrs/install/vision_msgs/include/vision_msgs/vision_msgs/msg/detail/detection2_d_array__type_support.h
[2.773s] -- Up-to-date symlink: /home/mjlinux/Downloads/book_ros2_wrs/install/vision_msgs/include/vision_msgs/vision_msgs/msg/detail/detection3_d__functions.h
[2.773s] -- Up-to-date symlink: /home/mjlinux/Downloads/book_ros2_wrs/install/vision_msgs/include/vision_msgs/vision_msgs/msg/detail/detection3_d__struct.h
[2.773s] -- Up-to-date symlink: /home/mjlinux/Downloads/book_ros2_wrs/install/vision_msgs/include/vision_msgs/vision_msgs/msg/detail/detection3_d__type_support.h
[2.774s] -- Up-to-date symlink: /home/mjlinux/Downloads/book_ros2_wrs/install/vision_msgs/include/vision_msgs/vision_msgs/msg/detail/detection3_d_array__functions.h
[2.774s] -- Up-to-date symlink: /home/mjlinux/Downloads/book_ros2_wrs/install/vision_msgs/include/vision_msgs/vision_msgs/msg/detail/detection3_d_array__struct.h
[2.774s] -- Up-to-date symlink: /home/mjlinux/Downloads/book_ros2_wrs/install/vision_msgs/include/vision_msgs/vision_msgs/msg/detail/detection3_d_array__type_support.h
[2.774s] -- Up-to-date symlink: /home/mjlinux/Downloads/book_ros2_wrs/install/vision_msgs/include/vision_msgs/vision_msgs/msg/detail/label_info__functions.h
[2.774s] -- Up-to-date symlink: /home/mjlinux/Downloads/book_ros2_wrs/install/vision_msgs/include/vision_msgs/vision_msgs/msg/detail/label_info__struct.h
[2.774s] -- Up-to-date symlink: /home/mjlinux/Downloads/book_ros2_wrs/install/vision_msgs/include/vision_msgs/vision_msgs/msg/detail/label_info__type_support.h
[2.774s] -- Up-to-date symlink: /home/mjlinux/Downloads/book_ros2_wrs/install/vision_msgs/include/vision_msgs/vision_msgs/msg/detail/object_hypothesis__functions.h
[2.774s] -- Up-to-date symlink: /home/mjlinux/Downloads/book_ros2_wrs/install/vision_msgs/include/vision_msgs/vision_msgs/msg/detail/object_hypothesis__struct.h
[2.775s] -- Up-to-date symlink: /home/mjlinux/Downloads/book_ros2_wrs/install/vision_msgs/include/vision_msgs/vision_msgs/msg/detail/object_hypothesis__type_support.h
[2.775s] -- Up-to-date symlink: /home/mjlinux/Downloads/book_ros2_wrs/install/vision_msgs/include/vision_msgs/vision_msgs/msg/detail/object_hypothesis_with_pose__functions.h
[2.775s] -- Up-to-date symlink: /home/mjlinux/Downloads/book_ros2_wrs/install/vision_msgs/include/vision_msgs/vision_msgs/msg/detail/object_hypothesis_with_pose__struct.h
[2.775s] -- Up-to-date symlink: /home/mjlinux/Downloads/book_ros2_wrs/install/vision_msgs/include/vision_msgs/vision_msgs/msg/detail/object_hypothesis_with_pose__type_support.h
[2.775s] -- Up-to-date symlink: /home/mjlinux/Downloads/book_ros2_wrs/install/vision_msgs/include/vision_msgs/vision_msgs/msg/detail/point2_d__functions.h
[2.775s] -- Up-to-date symlink: /home/mjlinux/Downloads/book_ros2_wrs/install/vision_msgs/include/vision_msgs/vision_msgs/msg/detail/point2_d__struct.h
[2.776s] -- Up-to-date symlink: /home/mjlinux/Downloads/book_ros2_wrs/install/vision_msgs/include/vision_msgs/vision_msgs/msg/detail/point2_d__type_support.h
[2.776s] -- Up-to-date symlink: /home/mjlinux/Downloads/book_ros2_wrs/install/vision_msgs/include/vision_msgs/vision_msgs/msg/detail/pose2_d__functions.h
[2.776s] -- Up-to-date symlink: /home/mjlinux/Downloads/book_ros2_wrs/install/vision_msgs/include/vision_msgs/vision_msgs/msg/detail/pose2_d__struct.h
[2.776s] -- Up-to-date symlink: /home/mjlinux/Downloads/book_ros2_wrs/install/vision_msgs/include/vision_msgs/vision_msgs/msg/detail/pose2_d__type_support.h
[2.776s] -- Up-to-date symlink: /home/mjlinux/Downloads/book_ros2_wrs/install/vision_msgs/include/vision_msgs/vision_msgs/msg/detail/vision_class__functions.h
[2.776s] -- Up-to-date symlink: /home/mjlinux/Downloads/book_ros2_wrs/install/vision_msgs/include/vision_msgs/vision_msgs/msg/detail/vision_class__struct.h
[2.776s] -- Up-to-date symlink: /home/mjlinux/Downloads/book_ros2_wrs/install/vision_msgs/include/vision_msgs/vision_msgs/msg/detail/vision_class__type_support.h
[2.777s] -- Up-to-date symlink: /home/mjlinux/Downloads/book_ros2_wrs/install/vision_msgs/include/vision_msgs/vision_msgs/msg/detail/vision_info__functions.h
[2.777s] -- Up-to-date symlink: /home/mjlinux/Downloads/book_ros2_wrs/install/vision_msgs/include/vision_msgs/vision_msgs/msg/detail/vision_info__struct.h
[2.777s] -- Up-to-date symlink: /home/mjlinux/Downloads/book_ros2_wrs/install/vision_msgs/include/vision_msgs/vision_msgs/msg/detail/vision_info__type_support.h
[2.777s] -- Up-to-date symlink: /home/mjlinux/Downloads/book_ros2_wrs/install/vision_msgs/include/vision_msgs/vision_msgs/msg/detection2_d.h
[2.777s] -- Up-to-date symlink: /home/mjlinux/Downloads/book_ros2_wrs/install/vision_msgs/include/vision_msgs/vision_msgs/msg/detection2_d_array.h
[2.777s] -- Up-to-date symlink: /home/mjlinux/Downloads/book_ros2_wrs/install/vision_msgs/include/vision_msgs/vision_msgs/msg/detection3_d.h
[2.777s] -- Up-to-date symlink: /home/mjlinux/Downloads/book_ros2_wrs/install/vision_msgs/include/vision_msgs/vision_msgs/msg/detection3_d_array.h
[2.777s] -- Up-to-date symlink: /home/mjlinux/Downloads/book_ros2_wrs/install/vision_msgs/include/vision_msgs/vision_msgs/msg/label_info.h
[2.778s] -- Up-to-date symlink: /home/mjlinux/Downloads/book_ros2_wrs/install/vision_msgs/include/vision_msgs/vision_msgs/msg/object_hypothesis.h
[2.778s] -- Up-to-date symlink: /home/mjlinux/Downloads/book_ros2_wrs/install/vision_msgs/include/vision_msgs/vision_msgs/msg/object_hypothesis_with_pose.h
[2.778s] -- Up-to-date symlink: /home/mjlinux/Downloads/book_ros2_wrs/install/vision_msgs/include/vision_msgs/vision_msgs/msg/point2_d.h
[2.778s] -- Up-to-date symlink: /home/mjlinux/Downloads/book_ros2_wrs/install/vision_msgs/include/vision_msgs/vision_msgs/msg/pose2_d.h
[2.778s] -- Up-to-date symlink: /home/mjlinux/Downloads/book_ros2_wrs/install/vision_msgs/include/vision_msgs/vision_msgs/msg/rosidl_generator_c__visibility_control.h
[2.778s] -- Up-to-date symlink: /home/mjlinux/Downloads/book_ros2_wrs/install/vision_msgs/include/vision_msgs/vision_msgs/msg/vision_class.h
[2.778s] -- Up-to-date symlink: /home/mjlinux/Downloads/book_ros2_wrs/install/vision_msgs/include/vision_msgs/vision_msgs/msg/vision_info.h
[2.779s] -- Up-to-date symlink: /home/mjlinux/Downloads/book_ros2_wrs/install/vision_msgs/share/vision_msgs/environment/library_path.sh
[2.779s] -- Up-to-date symlink: /home/mjlinux/Downloads/book_ros2_wrs/install/vision_msgs/share/vision_msgs/environment/library_path.dsv
[2.779s] -- Up-to-date symlink: /home/mjlinux/Downloads/book_ros2_wrs/install/vision_msgs/include/vision_msgs/vision_msgs/msg/detail/bounding_box2_d__rosidl_typesupport_fastrtps_c.h
[2.780s] -- Up-to-date symlink: /home/mjlinux/Downloads/book_ros2_wrs/install/vision_msgs/include/vision_msgs/vision_msgs/msg/detail/bounding_box2_d_array__rosidl_typesupport_fastrtps_c.h
[2.780s] -- Up-to-date symlink: /home/mjlinux/Downloads/book_ros2_wrs/install/vision_msgs/include/vision_msgs/vision_msgs/msg/detail/bounding_box3_d__rosidl_typesupport_fastrtps_c.h
[2.780s] -- Up-to-date symlink: /home/mjlinux/Downloads/book_ros2_wrs/install/vision_msgs/include/vision_msgs/vision_msgs/msg/detail/bounding_box3_d_array__rosidl_typesupport_fastrtps_c.h
[2.780s] -- Up-to-date symlink: /home/mjlinux/Downloads/book_ros2_wrs/install/vision_msgs/include/vision_msgs/vision_msgs/msg/detail/classification__rosidl_typesupport_fastrtps_c.h
[2.780s] -- Up-to-date symlink: /home/mjlinux/Downloads/book_ros2_wrs/install/vision_msgs/include/vision_msgs/vision_msgs/msg/detail/detection2_d__rosidl_typesupport_fastrtps_c.h
[2.780s] -- Up-to-date symlink: /home/mjlinux/Downloads/book_ros2_wrs/install/vision_msgs/include/vision_msgs/vision_msgs/msg/detail/detection2_d_array__rosidl_typesupport_fastrtps_c.h
[2.780s] -- Up-to-date symlink: /home/mjlinux/Downloads/book_ros2_wrs/install/vision_msgs/include/vision_msgs/vision_msgs/msg/detail/detection3_d__rosidl_typesupport_fastrtps_c.h
[2.781s] -- Up-to-date symlink: /home/mjlinux/Downloads/book_ros2_wrs/install/vision_msgs/include/vision_msgs/vision_msgs/msg/detail/detection3_d_array__rosidl_typesupport_fastrtps_c.h
[2.781s] -- Up-to-date symlink: /home/mjlinux/Downloads/book_ros2_wrs/install/vision_msgs/include/vision_msgs/vision_msgs/msg/detail/label_info__rosidl_typesupport_fastrtps_c.h
[2.781s] -- Up-to-date symlink: /home/mjlinux/Downloads/book_ros2_wrs/install/vision_msgs/include/vision_msgs/vision_msgs/msg/detail/object_hypothesis__rosidl_typesupport_fastrtps_c.h
[2.781s] -- Up-to-date symlink: /home/mjlinux/Downloads/book_ros2_wrs/install/vision_msgs/include/vision_msgs/vision_msgs/msg/detail/object_hypothesis_with_pose__rosidl_typesupport_fastrtps_c.h
[2.781s] -- Up-to-date symlink: /home/mjlinux/Downloads/book_ros2_wrs/install/vision_msgs/include/vision_msgs/vision_msgs/msg/detail/point2_d__rosidl_typesupport_fastrtps_c.h
[2.781s] -- Up-to-date symlink: /home/mjlinux/Downloads/book_ros2_wrs/install/vision_msgs/include/vision_msgs/vision_msgs/msg/detail/pose2_d__rosidl_typesupport_fastrtps_c.h
[2.781s] -- Up-to-date symlink: /home/mjlinux/Downloads/book_ros2_wrs/install/vision_msgs/include/vision_msgs/vision_msgs/msg/detail/vision_class__rosidl_typesupport_fastrtps_c.h
[2.781s] -- Up-to-date symlink: /home/mjlinux/Downloads/book_ros2_wrs/install/vision_msgs/include/vision_msgs/vision_msgs/msg/detail/vision_info__rosidl_typesupport_fastrtps_c.h
[2.781s] -- Up-to-date symlink: /home/mjlinux/Downloads/book_ros2_wrs/install/vision_msgs/include/vision_msgs/vision_msgs/msg/rosidl_typesupport_fastrtps_c__visibility_control.h
[2.782s] -- Up-to-date symlink: /home/mjlinux/Downloads/book_ros2_wrs/install/vision_msgs/include/vision_msgs/vision_msgs/msg/bounding_box2_d.hpp
[2.784s] -- Up-to-date symlink: /home/mjlinux/Downloads/book_ros2_wrs/install/vision_msgs/include/vision_msgs/vision_msgs/msg/bounding_box2_d_array.hpp
[2.784s] -- Up-to-date symlink: /home/mjlinux/Downloads/book_ros2_wrs/install/vision_msgs/include/vision_msgs/vision_msgs/msg/bounding_box3_d.hpp
[2.784s] -- Up-to-date symlink: /home/mjlinux/Downloads/book_ros2_wrs/install/vision_msgs/include/vision_msgs/vision_msgs/msg/bounding_box3_d_array.hpp
[2.785s] -- Up-to-date symlink: /home/mjlinux/Downloads/book_ros2_wrs/install/vision_msgs/include/vision_msgs/vision_msgs/msg/classification.hpp
[2.785s] -- Up-to-date symlink: /home/mjlinux/Downloads/book_ros2_wrs/install/vision_msgs/include/vision_msgs/vision_msgs/msg/detail/bounding_box2_d__builder.hpp
[2.786s] -- Up-to-date symlink: /home/mjlinux/Downloads/book_ros2_wrs/install/vision_msgs/include/vision_msgs/vision_msgs/msg/detail/bounding_box2_d__struct.hpp
[2.787s] -- Up-to-date symlink: /home/mjlinux/Downloads/book_ros2_wrs/install/vision_msgs/include/vision_msgs/vision_msgs/msg/detail/bounding_box2_d__traits.hpp
[2.787s] -- Up-to-date symlink: /home/mjlinux/Downloads/book_ros2_wrs/install/vision_msgs/include/vision_msgs/vision_msgs/msg/detail/bounding_box2_d_array__builder.hpp
[2.787s] -- Up-to-date symlink: /home/mjlinux/Downloads/book_ros2_wrs/install/vision_msgs/include/vision_msgs/vision_msgs/msg/detail/bounding_box2_d_array__struct.hpp
[2.787s] -- Up-to-date symlink: /home/mjlinux/Downloads/book_ros2_wrs/install/vision_msgs/include/vision_msgs/vision_msgs/msg/detail/bounding_box2_d_array__traits.hpp
[2.787s] -- Up-to-date symlink: /home/mjlinux/Downloads/book_ros2_wrs/install/vision_msgs/include/vision_msgs/vision_msgs/msg/detail/bounding_box3_d__builder.hpp
[2.787s] -- Up-to-date symlink: /home/mjlinux/Downloads/book_ros2_wrs/install/vision_msgs/include/vision_msgs/vision_msgs/msg/detail/bounding_box3_d__struct.hpp
[2.787s] -- Up-to-date symlink: /home/mjlinux/Downloads/book_ros2_wrs/install/vision_msgs/include/vision_msgs/vision_msgs/msg/detail/bounding_box3_d__traits.hpp
[2.788s] -- Up-to-date symlink: /home/mjlinux/Downloads/book_ros2_wrs/install/vision_msgs/include/vision_msgs/vision_msgs/msg/detail/bounding_box3_d_array__builder.hpp
[2.788s] -- Up-to-date symlink: /home/mjlinux/Downloads/book_ros2_wrs/install/vision_msgs/include/vision_msgs/vision_msgs/msg/detail/bounding_box3_d_array__struct.hpp
[2.788s] -- Up-to-date symlink: /home/mjlinux/Downloads/book_ros2_wrs/install/vision_msgs/include/vision_msgs/vision_msgs/msg/detail/bounding_box3_d_array__traits.hpp
[2.788s] -- Up-to-date symlink: /home/mjlinux/Downloads/book_ros2_wrs/install/vision_msgs/include/vision_msgs/vision_msgs/msg/detail/classification__builder.hpp
[2.788s] -- Up-to-date symlink: /home/mjlinux/Downloads/book_ros2_wrs/install/vision_msgs/include/vision_msgs/vision_msgs/msg/detail/classification__struct.hpp
[2.788s] -- Up-to-date symlink: /home/mjlinux/Downloads/book_ros2_wrs/install/vision_msgs/include/vision_msgs/vision_msgs/msg/detail/classification__traits.hpp
[2.788s] -- Up-to-date symlink: /home/mjlinux/Downloads/book_ros2_wrs/install/vision_msgs/include/vision_msgs/vision_msgs/msg/detail/detection2_d__builder.hpp
[2.789s] -- Up-to-date symlink: /home/mjlinux/Downloads/book_ros2_wrs/install/vision_msgs/include/vision_msgs/vision_msgs/msg/detail/detection2_d__struct.hpp
[2.789s] -- Up-to-date symlink: /home/mjlinux/Downloads/book_ros2_wrs/install/vision_msgs/include/vision_msgs/vision_msgs/msg/detail/detection2_d__traits.hpp
[2.789s] -- Up-to-date symlink: /home/mjlinux/Downloads/book_ros2_wrs/install/vision_msgs/include/vision_msgs/vision_msgs/msg/detail/detection2_d_array__builder.hpp
[2.789s] -- Up-to-date symlink: /home/mjlinux/Downloads/book_ros2_wrs/install/vision_msgs/include/vision_msgs/vision_msgs/msg/detail/detection2_d_array__struct.hpp
[2.789s] -- Up-to-date symlink: /home/mjlinux/Downloads/book_ros2_wrs/install/vision_msgs/include/vision_msgs/vision_msgs/msg/detail/detection2_d_array__traits.hpp
[2.789s] -- Up-to-date symlink: /home/mjlinux/Downloads/book_ros2_wrs/install/vision_msgs/include/vision_msgs/vision_msgs/msg/detail/detection3_d__builder.hpp
[2.789s] -- Up-to-date symlink: /home/mjlinux/Downloads/book_ros2_wrs/install/vision_msgs/include/vision_msgs/vision_msgs/msg/detail/detection3_d__struct.hpp
[2.789s] -- Up-to-date symlink: /home/mjlinux/Downloads/book_ros2_wrs/install/vision_msgs/include/vision_msgs/vision_msgs/msg/detail/detection3_d__traits.hpp
[2.790s] -- Up-to-date symlink: /home/mjlinux/Downloads/book_ros2_wrs/install/vision_msgs/include/vision_msgs/vision_msgs/msg/detail/detection3_d_array__builder.hpp
[2.790s] -- Up-to-date symlink: /home/mjlinux/Downloads/book_ros2_wrs/install/vision_msgs/include/vision_msgs/vision_msgs/msg/detail/detection3_d_array__struct.hpp
[2.790s] -- Up-to-date symlink: /home/mjlinux/Downloads/book_ros2_wrs/install/vision_msgs/include/vision_msgs/vision_msgs/msg/detail/detection3_d_array__traits.hpp
[2.790s] -- Up-to-date symlink: /home/mjlinux/Downloads/book_ros2_wrs/install/vision_msgs/include/vision_msgs/vision_msgs/msg/detail/label_info__builder.hpp
[2.790s] -- Up-to-date symlink: /home/mjlinux/Downloads/book_ros2_wrs/install/vision_msgs/include/vision_msgs/vision_msgs/msg/detail/label_info__struct.hpp
[2.790s] -- Up-to-date symlink: /home/mjlinux/Downloads/book_ros2_wrs/install/vision_msgs/include/vision_msgs/vision_msgs/msg/detail/label_info__traits.hpp
[2.790s] -- Up-to-date symlink: /home/mjlinux/Downloads/book_ros2_wrs/install/vision_msgs/include/vision_msgs/vision_msgs/msg/detail/object_hypothesis__builder.hpp
[2.790s] -- Up-to-date symlink: /home/mjlinux/Downloads/book_ros2_wrs/install/vision_msgs/include/vision_msgs/vision_msgs/msg/detail/object_hypothesis__struct.hpp
[2.791s] -- Up-to-date symlink: /home/mjlinux/Downloads/book_ros2_wrs/install/vision_msgs/include/vision_msgs/vision_msgs/msg/detail/object_hypothesis__traits.hpp
[2.791s] -- Up-to-date symlink: /home/mjlinux/Downloads/book_ros2_wrs/install/vision_msgs/include/vision_msgs/vision_msgs/msg/detail/object_hypothesis_with_pose__builder.hpp
[2.791s] -- Up-to-date symlink: /home/mjlinux/Downloads/book_ros2_wrs/install/vision_msgs/include/vision_msgs/vision_msgs/msg/detail/object_hypothesis_with_pose__struct.hpp
[2.791s] -- Up-to-date symlink: /home/mjlinux/Downloads/book_ros2_wrs/install/vision_msgs/include/vision_msgs/vision_msgs/msg/detail/object_hypothesis_with_pose__traits.hpp
[2.791s] -- Up-to-date symlink: /home/mjlinux/Downloads/book_ros2_wrs/install/vision_msgs/include/vision_msgs/vision_msgs/msg/detail/point2_d__builder.hpp
[2.791s] -- Up-to-date symlink: /home/mjlinux/Downloads/book_ros2_wrs/install/vision_msgs/include/vision_msgs/vision_msgs/msg/detail/point2_d__struct.hpp
[2.791s] -- Up-to-date symlink: /home/mjlinux/Downloads/book_ros2_wrs/install/vision_msgs/include/vision_msgs/vision_msgs/msg/detail/point2_d__traits.hpp
[2.791s] -- Up-to-date symlink: /home/mjlinux/Downloads/book_ros2_wrs/install/vision_msgs/include/vision_msgs/vision_msgs/msg/detail/pose2_d__builder.hpp
[2.792s] -- Up-to-date symlink: /home/mjlinux/Downloads/book_ros2_wrs/install/vision_msgs/include/vision_msgs/vision_msgs/msg/detail/pose2_d__struct.hpp
[2.792s] -- Up-to-date symlink: /home/mjlinux/Downloads/book_ros2_wrs/install/vision_msgs/include/vision_msgs/vision_msgs/msg/detail/pose2_d__traits.hpp
[2.792s] -- Up-to-date symlink: /home/mjlinux/Downloads/book_ros2_wrs/install/vision_msgs/include/vision_msgs/vision_msgs/msg/detail/vision_class__builder.hpp
[2.792s] -- Up-to-date symlink: /home/mjlinux/Downloads/book_ros2_wrs/install/vision_msgs/include/vision_msgs/vision_msgs/msg/detail/vision_class__struct.hpp
[2.792s] -- Up-to-date symlink: /home/mjlinux/Downloads/book_ros2_wrs/install/vision_msgs/include/vision_msgs/vision_msgs/msg/detail/vision_class__traits.hpp
[2.792s] -- Up-to-date symlink: /home/mjlinux/Downloads/book_ros2_wrs/install/vision_msgs/include/vision_msgs/vision_msgs/msg/detail/vision_info__builder.hpp
[2.792s] -- Up-to-date symlink: /home/mjlinux/Downloads/book_ros2_wrs/install/vision_msgs/include/vision_msgs/vision_msgs/msg/detail/vision_info__struct.hpp
[2.792s] -- Up-to-date symlink: /home/mjlinux/Downloads/book_ros2_wrs/install/vision_msgs/include/vision_msgs/vision_msgs/msg/detail/vision_info__traits.hpp
[2.793s] -- Up-to-date symlink: /home/mjlinux/Downloads/book_ros2_wrs/install/vision_msgs/include/vision_msgs/vision_msgs/msg/detection2_d.hpp
[2.793s] -- Up-to-date symlink: /home/mjlinux/Downloads/book_ros2_wrs/install/vision_msgs/include/vision_msgs/vision_msgs/msg/detection2_d_array.hpp
[2.793s] -- Up-to-date symlink: /home/mjlinux/Downloads/book_ros2_wrs/install/vision_msgs/include/vision_msgs/vision_msgs/msg/detection3_d.hpp
[2.793s] -- Up-to-date symlink: /home/mjlinux/Downloads/book_ros2_wrs/install/vision_msgs/include/vision_msgs/vision_msgs/msg/detection3_d_array.hpp
[2.793s] -- Up-to-date symlink: /home/mjlinux/Downloads/book_ros2_wrs/install/vision_msgs/include/vision_msgs/vision_msgs/msg/label_info.hpp
[2.793s] -- Up-to-date symlink: /home/mjlinux/Downloads/book_ros2_wrs/install/vision_msgs/include/vision_msgs/vision_msgs/msg/object_hypothesis.hpp
[2.793s] -- Up-to-date symlink: /home/mjlinux/Downloads/book_ros2_wrs/install/vision_msgs/include/vision_msgs/vision_msgs/msg/object_hypothesis_with_pose.hpp
[2.794s] -- Up-to-date symlink: /home/mjlinux/Downloads/book_ros2_wrs/install/vision_msgs/include/vision_msgs/vision_msgs/msg/point2_d.hpp
[2.794s] -- Up-to-date symlink: /home/mjlinux/Downloads/book_ros2_wrs/install/vision_msgs/include/vision_msgs/vision_msgs/msg/pose2_d.hpp
[2.794s] -- Up-to-date symlink: /home/mjlinux/Downloads/book_ros2_wrs/install/vision_msgs/include/vision_msgs/vision_msgs/msg/vision_class.hpp
[2.794s] -- Up-to-date symlink: /home/mjlinux/Downloads/book_ros2_wrs/install/vision_msgs/include/vision_msgs/vision_msgs/msg/vision_info.hpp
[2.795s] -- Up-to-date symlink: /home/mjlinux/Downloads/book_ros2_wrs/install/vision_msgs/include/vision_msgs/vision_msgs/msg/detail/bounding_box2_d__rosidl_typesupport_fastrtps_cpp.hpp
[2.795s] -- Up-to-date symlink: /home/mjlinux/Downloads/book_ros2_wrs/install/vision_msgs/include/vision_msgs/vision_msgs/msg/detail/bounding_box2_d_array__rosidl_typesupport_fastrtps_cpp.hpp
[2.795s] -- Up-to-date symlink: /home/mjlinux/Downloads/book_ros2_wrs/install/vision_msgs/include/vision_msgs/vision_msgs/msg/detail/bounding_box3_d__rosidl_typesupport_fastrtps_cpp.hpp
[2.795s] -- Up-to-date symlink: /home/mjlinux/Downloads/book_ros2_wrs/install/vision_msgs/include/vision_msgs/vision_msgs/msg/detail/bounding_box3_d_array__rosidl_typesupport_fastrtps_cpp.hpp
[2.795s] -- Up-to-date symlink: /home/mjlinux/Downloads/book_ros2_wrs/install/vision_msgs/include/vision_msgs/vision_msgs/msg/detail/classification__rosidl_typesupport_fastrtps_cpp.hpp
[2.795s] -- Up-to-date symlink: /home/mjlinux/Downloads/book_ros2_wrs/install/vision_msgs/include/vision_msgs/vision_msgs/msg/detail/detection2_d__rosidl_typesupport_fastrtps_cpp.hpp
[2.796s] -- Up-to-date symlink: /home/mjlinux/Downloads/book_ros2_wrs/install/vision_msgs/include/vision_msgs/vision_msgs/msg/detail/detection2_d_array__rosidl_typesupport_fastrtps_cpp.hpp
[2.796s] -- Up-to-date symlink: /home/mjlinux/Downloads/book_ros2_wrs/install/vision_msgs/include/vision_msgs/vision_msgs/msg/detail/detection3_d__rosidl_typesupport_fastrtps_cpp.hpp
[2.796s] -- Up-to-date symlink: /home/mjlinux/Downloads/book_ros2_wrs/install/vision_msgs/include/vision_msgs/vision_msgs/msg/detail/detection3_d_array__rosidl_typesupport_fastrtps_cpp.hpp
[2.796s] -- Up-to-date symlink: /home/mjlinux/Downloads/book_ros2_wrs/install/vision_msgs/include/vision_msgs/vision_msgs/msg/detail/label_info__rosidl_typesupport_fastrtps_cpp.hpp
[2.796s] -- Up-to-date symlink: /home/mjlinux/Downloads/book_ros2_wrs/install/vision_msgs/include/vision_msgs/vision_msgs/msg/detail/object_hypothesis__rosidl_typesupport_fastrtps_cpp.hpp
[2.796s] -- Up-to-date symlink: /home/mjlinux/Downloads/book_ros2_wrs/install/vision_msgs/include/vision_msgs/vision_msgs/msg/detail/object_hypothesis_with_pose__rosidl_typesupport_fastrtps_cpp.hpp
[2.796s] -- Up-to-date symlink: /home/mjlinux/Downloads/book_ros2_wrs/install/vision_msgs/include/vision_msgs/vision_msgs/msg/detail/point2_d__rosidl_typesupport_fastrtps_cpp.hpp
[2.797s] -- Up-to-date symlink: /home/mjlinux/Downloads/book_ros2_wrs/install/vision_msgs/include/vision_msgs/vision_msgs/msg/detail/pose2_d__rosidl_typesupport_fastrtps_cpp.hpp
[2.797s] -- Up-to-date symlink: /home/mjlinux/Downloads/book_ros2_wrs/install/vision_msgs/include/vision_msgs/vision_msgs/msg/detail/vision_class__rosidl_typesupport_fastrtps_cpp.hpp
[2.797s] -- Up-to-date symlink: /home/mjlinux/Downloads/book_ros2_wrs/install/vision_msgs/include/vision_msgs/vision_msgs/msg/detail/vision_info__rosidl_typesupport_fastrtps_cpp.hpp
[2.797s] -- Up-to-date symlink: /home/mjlinux/Downloads/book_ros2_wrs/install/vision_msgs/include/vision_msgs/vision_msgs/msg/rosidl_typesupport_fastrtps_cpp__visibility_control.h
[2.797s] -- Up-to-date symlink: /home/mjlinux/Downloads/book_ros2_wrs/install/vision_msgs/include/vision_msgs/vision_msgs/msg/detail/bounding_box2_d__rosidl_typesupport_introspection_c.h
[2.797s] -- Up-to-date symlink: /home/mjlinux/Downloads/book_ros2_wrs/install/vision_msgs/include/vision_msgs/vision_msgs/msg/detail/bounding_box2_d_array__rosidl_typesupport_introspection_c.h
[2.798s] -- Up-to-date symlink: /home/mjlinux/Downloads/book_ros2_wrs/install/vision_msgs/include/vision_msgs/vision_msgs/msg/detail/bounding_box3_d__rosidl_typesupport_introspection_c.h
[2.798s] -- Up-to-date symlink: /home/mjlinux/Downloads/book_ros2_wrs/install/vision_msgs/include/vision_msgs/vision_msgs/msg/detail/bounding_box3_d_array__rosidl_typesupport_introspection_c.h
[2.798s] -- Up-to-date symlink: /home/mjlinux/Downloads/book_ros2_wrs/install/vision_msgs/include/vision_msgs/vision_msgs/msg/detail/classification__rosidl_typesupport_introspection_c.h
[2.798s] -- Up-to-date symlink: /home/mjlinux/Downloads/book_ros2_wrs/install/vision_msgs/include/vision_msgs/vision_msgs/msg/detail/detection2_d__rosidl_typesupport_introspection_c.h
[2.798s] -- Up-to-date symlink: /home/mjlinux/Downloads/book_ros2_wrs/install/vision_msgs/include/vision_msgs/vision_msgs/msg/detail/detection2_d_array__rosidl_typesupport_introspection_c.h
[2.798s] -- Up-to-date symlink: /home/mjlinux/Downloads/book_ros2_wrs/install/vision_msgs/include/vision_msgs/vision_msgs/msg/detail/detection3_d__rosidl_typesupport_introspection_c.h
[2.798s] -- Up-to-date symlink: /home/mjlinux/Downloads/book_ros2_wrs/install/vision_msgs/include/vision_msgs/vision_msgs/msg/detail/detection3_d_array__rosidl_typesupport_introspection_c.h
[2.798s] -- Up-to-date symlink: /home/mjlinux/Downloads/book_ros2_wrs/install/vision_msgs/include/vision_msgs/vision_msgs/msg/detail/label_info__rosidl_typesupport_introspection_c.h
[2.798s] -- Up-to-date symlink: /home/mjlinux/Downloads/book_ros2_wrs/install/vision_msgs/include/vision_msgs/vision_msgs/msg/detail/object_hypothesis__rosidl_typesupport_introspection_c.h
[2.799s] -- Up-to-date symlink: /home/mjlinux/Downloads/book_ros2_wrs/install/vision_msgs/include/vision_msgs/vision_msgs/msg/detail/object_hypothesis_with_pose__rosidl_typesupport_introspection_c.h
[2.799s] -- Up-to-date symlink: /home/mjlinux/Downloads/book_ros2_wrs/install/vision_msgs/include/vision_msgs/vision_msgs/msg/detail/point2_d__rosidl_typesupport_introspection_c.h
[2.799s] -- Up-to-date symlink: /home/mjlinux/Downloads/book_ros2_wrs/install/vision_msgs/include/vision_msgs/vision_msgs/msg/detail/pose2_d__rosidl_typesupport_introspection_c.h
[2.799s] -- Up-to-date symlink: /home/mjlinux/Downloads/book_ros2_wrs/install/vision_msgs/include/vision_msgs/vision_msgs/msg/detail/vision_class__rosidl_typesupport_introspection_c.h
[2.799s] -- Up-to-date symlink: /home/mjlinux/Downloads/book_ros2_wrs/install/vision_msgs/include/vision_msgs/vision_msgs/msg/detail/vision_info__rosidl_typesupport_introspection_c.h
[2.799s] -- Up-to-date symlink: /home/mjlinux/Downloads/book_ros2_wrs/install/vision_msgs/include/vision_msgs/vision_msgs/msg/rosidl_typesupport_introspection_c__visibility_control.h
[2.800s] -- Up-to-date symlink: /home/mjlinux/Downloads/book_ros2_wrs/install/vision_msgs/include/vision_msgs/vision_msgs/msg/detail/bounding_box2_d__rosidl_typesupport_introspection_cpp.hpp
[2.800s] -- Up-to-date symlink: /home/mjlinux/Downloads/book_ros2_wrs/install/vision_msgs/include/vision_msgs/vision_msgs/msg/detail/bounding_box2_d_array__rosidl_typesupport_introspection_cpp.hpp
[2.800s] -- Up-to-date symlink: /home/mjlinux/Downloads/book_ros2_wrs/install/vision_msgs/include/vision_msgs/vision_msgs/msg/detail/bounding_box3_d__rosidl_typesupport_introspection_cpp.hpp
[2.800s] -- Up-to-date symlink: /home/mjlinux/Downloads/book_ros2_wrs/install/vision_msgs/include/vision_msgs/vision_msgs/msg/detail/bounding_box3_d_array__rosidl_typesupport_introspection_cpp.hpp
[2.800s] -- Up-to-date symlink: /home/mjlinux/Downloads/book_ros2_wrs/install/vision_msgs/include/vision_msgs/vision_msgs/msg/detail/classification__rosidl_typesupport_introspection_cpp.hpp
[2.800s] -- Up-to-date symlink: /home/mjlinux/Downloads/book_ros2_wrs/install/vision_msgs/include/vision_msgs/vision_msgs/msg/detail/detection2_d__rosidl_typesupport_introspection_cpp.hpp
[2.800s] -- Up-to-date symlink: /home/mjlinux/Downloads/book_ros2_wrs/install/vision_msgs/include/vision_msgs/vision_msgs/msg/detail/detection2_d_array__rosidl_typesupport_introspection_cpp.hpp
[2.801s] -- Up-to-date symlink: /home/mjlinux/Downloads/book_ros2_wrs/install/vision_msgs/include/vision_msgs/vision_msgs/msg/detail/detection3_d__rosidl_typesupport_introspection_cpp.hpp
[2.801s] -- Up-to-date symlink: /home/mjlinux/Downloads/book_ros2_wrs/install/vision_msgs/include/vision_msgs/vision_msgs/msg/detail/detection3_d_array__rosidl_typesupport_introspection_cpp.hpp
[2.801s] -- Up-to-date symlink: /home/mjlinux/Downloads/book_ros2_wrs/install/vision_msgs/include/vision_msgs/vision_msgs/msg/detail/label_info__rosidl_typesupport_introspection_cpp.hpp
[2.801s] -- Up-to-date symlink: /home/mjlinux/Downloads/book_ros2_wrs/install/vision_msgs/include/vision_msgs/vision_msgs/msg/detail/object_hypothesis__rosidl_typesupport_introspection_cpp.hpp
[2.801s] -- Up-to-date symlink: /home/mjlinux/Downloads/book_ros2_wrs/install/vision_msgs/include/vision_msgs/vision_msgs/msg/detail/object_hypothesis_with_pose__rosidl_typesupport_introspection_cpp.hpp
[2.801s] -- Up-to-date symlink: /home/mjlinux/Downloads/book_ros2_wrs/install/vision_msgs/include/vision_msgs/vision_msgs/msg/detail/point2_d__rosidl_typesupport_introspection_cpp.hpp
[2.801s] -- Up-to-date symlink: /home/mjlinux/Downloads/book_ros2_wrs/install/vision_msgs/include/vision_msgs/vision_msgs/msg/detail/pose2_d__rosidl_typesupport_introspection_cpp.hpp
[2.802s] -- Up-to-date symlink: /home/mjlinux/Downloads/book_ros2_wrs/install/vision_msgs/include/vision_msgs/vision_msgs/msg/detail/vision_class__rosidl_typesupport_introspection_cpp.hpp
[2.802s] -- Up-to-date symlink: /home/mjlinux/Downloads/book_ros2_wrs/install/vision_msgs/include/vision_msgs/vision_msgs/msg/detail/vision_info__rosidl_typesupport_introspection_cpp.hpp
[2.802s] -- Up-to-date symlink: /home/mjlinux/Downloads/book_ros2_wrs/install/vision_msgs/share/vision_msgs/environment/pythonpath.sh
[2.802s] -- Up-to-date symlink: /home/mjlinux/Downloads/book_ros2_wrs/install/vision_msgs/share/vision_msgs/environment/pythonpath.dsv
[2.802s] -- Up-to-date symlink: /home/mjlinux/Downloads/book_ros2_wrs/install/vision_msgs/local/lib/python3.10/dist-packages/vision_msgs-4.1.0-py3.10.egg-info/PKG-INFO
[2.802s] -- Up-to-date symlink: /home/mjlinux/Downloads/book_ros2_wrs/install/vision_msgs/local/lib/python3.10/dist-packages/vision_msgs-4.1.0-py3.10.egg-info/SOURCES.txt
[2.802s] -- Up-to-date symlink: /home/mjlinux/Downloads/book_ros2_wrs/install/vision_msgs/local/lib/python3.10/dist-packages/vision_msgs-4.1.0-py3.10.egg-info/dependency_links.txt
[2.803s] -- Up-to-date symlink: /home/mjlinux/Downloads/book_ros2_wrs/install/vision_msgs/local/lib/python3.10/dist-packages/vision_msgs-4.1.0-py3.10.egg-info/top_level.txt
[2.803s] -- Up-to-date symlink: /home/mjlinux/Downloads/book_ros2_wrs/install/vision_msgs/local/lib/python3.10/dist-packages/vision_msgs/__init__.py
[2.803s] -- Up-to-date symlink: /home/mjlinux/Downloads/book_ros2_wrs/install/vision_msgs/local/lib/python3.10/dist-packages/vision_msgs/_vision_msgs_s.ep.rosidl_typesupport_c.c
[2.804s] -- Up-to-date symlink: /home/mjlinux/Downloads/book_ros2_wrs/install/vision_msgs/local/lib/python3.10/dist-packages/vision_msgs/_vision_msgs_s.ep.rosidl_typesupport_fastrtps_c.c
[2.804s] -- Up-to-date symlink: /home/mjlinux/Downloads/book_ros2_wrs/install/vision_msgs/local/lib/python3.10/dist-packages/vision_msgs/_vision_msgs_s.ep.rosidl_typesupport_introspection_c.c
[2.804s] -- Up-to-date symlink: /home/mjlinux/Downloads/book_ros2_wrs/install/vision_msgs/local/lib/python3.10/dist-packages/vision_msgs/libvision_msgs__rosidl_generator_py.so
[2.804s] -- Up-to-date symlink: /home/mjlinux/Downloads/book_ros2_wrs/install/vision_msgs/local/lib/python3.10/dist-packages/vision_msgs/msg/__init__.py
[2.804s] -- Up-to-date symlink: /home/mjlinux/Downloads/book_ros2_wrs/install/vision_msgs/local/lib/python3.10/dist-packages/vision_msgs/msg/_bounding_box2_d.py
[2.804s] -- Up-to-date symlink: /home/mjlinux/Downloads/book_ros2_wrs/install/vision_msgs/local/lib/python3.10/dist-packages/vision_msgs/msg/_bounding_box2_d_array.py
[2.804s] -- Up-to-date symlink: /home/mjlinux/Downloads/book_ros2_wrs/install/vision_msgs/local/lib/python3.10/dist-packages/vision_msgs/msg/_bounding_box2_d_array_s.c
[2.805s] -- Up-to-date symlink: /home/mjlinux/Downloads/book_ros2_wrs/install/vision_msgs/local/lib/python3.10/dist-packages/vision_msgs/msg/_bounding_box2_d_s.c
[2.805s] -- Up-to-date symlink: /home/mjlinux/Downloads/book_ros2_wrs/install/vision_msgs/local/lib/python3.10/dist-packages/vision_msgs/msg/_bounding_box3_d.py
[2.805s] -- Up-to-date symlink: /home/mjlinux/Downloads/book_ros2_wrs/install/vision_msgs/local/lib/python3.10/dist-packages/vision_msgs/msg/_bounding_box3_d_array.py
[2.805s] -- Up-to-date symlink: /home/mjlinux/Downloads/book_ros2_wrs/install/vision_msgs/local/lib/python3.10/dist-packages/vision_msgs/msg/_bounding_box3_d_array_s.c
[2.805s] -- Up-to-date symlink: /home/mjlinux/Downloads/book_ros2_wrs/install/vision_msgs/local/lib/python3.10/dist-packages/vision_msgs/msg/_bounding_box3_d_s.c
[2.805s] -- Up-to-date symlink: /home/mjlinux/Downloads/book_ros2_wrs/install/vision_msgs/local/lib/python3.10/dist-packages/vision_msgs/msg/_classification.py
[2.805s] -- Up-to-date symlink: /home/mjlinux/Downloads/book_ros2_wrs/install/vision_msgs/local/lib/python3.10/dist-packages/vision_msgs/msg/_classification_s.c
[2.805s] -- Up-to-date symlink: /home/mjlinux/Downloads/book_ros2_wrs/install/vision_msgs/local/lib/python3.10/dist-packages/vision_msgs/msg/_detection2_d.py
[2.806s] -- Up-to-date symlink: /home/mjlinux/Downloads/book_ros2_wrs/install/vision_msgs/local/lib/python3.10/dist-packages/vision_msgs/msg/_detection2_d_array.py
[2.806s] -- Up-to-date symlink: /home/mjlinux/Downloads/book_ros2_wrs/install/vision_msgs/local/lib/python3.10/dist-packages/vision_msgs/msg/_detection2_d_array_s.c
[2.806s] -- Up-to-date symlink: /home/mjlinux/Downloads/book_ros2_wrs/install/vision_msgs/local/lib/python3.10/dist-packages/vision_msgs/msg/_detection2_d_s.c
[2.806s] -- Up-to-date symlink: /home/mjlinux/Downloads/book_ros2_wrs/install/vision_msgs/local/lib/python3.10/dist-packages/vision_msgs/msg/_detection3_d.py
[2.806s] -- Up-to-date symlink: /home/mjlinux/Downloads/book_ros2_wrs/install/vision_msgs/local/lib/python3.10/dist-packages/vision_msgs/msg/_detection3_d_array.py
[2.806s] -- Up-to-date symlink: /home/mjlinux/Downloads/book_ros2_wrs/install/vision_msgs/local/lib/python3.10/dist-packages/vision_msgs/msg/_detection3_d_array_s.c
[2.806s] -- Up-to-date symlink: /home/mjlinux/Downloads/book_ros2_wrs/install/vision_msgs/local/lib/python3.10/dist-packages/vision_msgs/msg/_detection3_d_s.c
[2.807s] -- Up-to-date symlink: /home/mjlinux/Downloads/book_ros2_wrs/install/vision_msgs/local/lib/python3.10/dist-packages/vision_msgs/msg/_label_info.py
[2.807s] -- Up-to-date symlink: /home/mjlinux/Downloads/book_ros2_wrs/install/vision_msgs/local/lib/python3.10/dist-packages/vision_msgs/msg/_label_info_s.c
[2.807s] -- Up-to-date symlink: /home/mjlinux/Downloads/book_ros2_wrs/install/vision_msgs/local/lib/python3.10/dist-packages/vision_msgs/msg/_object_hypothesis.py
[2.807s] -- Up-to-date symlink: /home/mjlinux/Downloads/book_ros2_wrs/install/vision_msgs/local/lib/python3.10/dist-packages/vision_msgs/msg/_object_hypothesis_s.c
[2.807s] -- Up-to-date symlink: /home/mjlinux/Downloads/book_ros2_wrs/install/vision_msgs/local/lib/python3.10/dist-packages/vision_msgs/msg/_object_hypothesis_with_pose.py
[2.807s] -- Up-to-date symlink: /home/mjlinux/Downloads/book_ros2_wrs/install/vision_msgs/local/lib/python3.10/dist-packages/vision_msgs/msg/_object_hypothesis_with_pose_s.c
[2.808s] -- Up-to-date symlink: /home/mjlinux/Downloads/book_ros2_wrs/install/vision_msgs/local/lib/python3.10/dist-packages/vision_msgs/msg/_point2_d.py
[2.808s] -- Up-to-date symlink: /home/mjlinux/Downloads/book_ros2_wrs/install/vision_msgs/local/lib/python3.10/dist-packages/vision_msgs/msg/_point2_d_s.c
[2.808s] -- Up-to-date symlink: /home/mjlinux/Downloads/book_ros2_wrs/install/vision_msgs/local/lib/python3.10/dist-packages/vision_msgs/msg/_pose2_d.py
[2.808s] -- Up-to-date symlink: /home/mjlinux/Downloads/book_ros2_wrs/install/vision_msgs/local/lib/python3.10/dist-packages/vision_msgs/msg/_pose2_d_s.c
[2.808s] -- Up-to-date symlink: /home/mjlinux/Downloads/book_ros2_wrs/install/vision_msgs/local/lib/python3.10/dist-packages/vision_msgs/msg/_vision_class.py
[2.808s] -- Up-to-date symlink: /home/mjlinux/Downloads/book_ros2_wrs/install/vision_msgs/local/lib/python3.10/dist-packages/vision_msgs/msg/_vision_class_s.c
[2.808s] -- Up-to-date symlink: /home/mjlinux/Downloads/book_ros2_wrs/install/vision_msgs/local/lib/python3.10/dist-packages/vision_msgs/msg/_vision_info.py
[2.808s] -- Up-to-date symlink: /home/mjlinux/Downloads/book_ros2_wrs/install/vision_msgs/local/lib/python3.10/dist-packages/vision_msgs/msg/_vision_info_s.c
[2.808s] -- Up-to-date symlink: /home/mjlinux/Downloads/book_ros2_wrs/install/vision_msgs/local/lib/python3.10/dist-packages/vision_msgs/vision_msgs_s__rosidl_typesupport_c.cpython-310-aarch64-linux-gnu.so
[2.809s] -- Up-to-date symlink: /home/mjlinux/Downloads/book_ros2_wrs/install/vision_msgs/local/lib/python3.10/dist-packages/vision_msgs/vision_msgs_s__rosidl_typesupport_fastrtps_c.cpython-310-aarch64-linux-gnu.so
[2.809s] -- Up-to-date symlink: /home/mjlinux/Downloads/book_ros2_wrs/install/vision_msgs/local/lib/python3.10/dist-packages/vision_msgs/vision_msgs_s__rosidl_typesupport_introspection_c.cpython-310-aarch64-linux-gnu.so
[2.809s] -- Up-to-date symlink: /home/mjlinux/Downloads/book_ros2_wrs/install/vision_msgs/local/lib/python3.10/dist-packages/vision_msgs/vision_msgs_s__rosidl_typesupport_fastrtps_c.cpython-310-aarch64-linux-gnu.so
[2.809s] -- Up-to-date symlink: /home/mjlinux/Downloads/book_ros2_wrs/install/vision_msgs/local/lib/python3.10/dist-packages/vision_msgs/vision_msgs_s__rosidl_typesupport_introspection_c.cpython-310-aarch64-linux-gnu.so
[2.809s] -- Up-to-date symlink: /home/mjlinux/Downloads/book_ros2_wrs/install/vision_msgs/local/lib/python3.10/dist-packages/vision_msgs/vision_msgs_s__rosidl_typesupport_c.cpython-310-aarch64-linux-gnu.so
[2.809s] -- Up-to-date symlink: /home/mjlinux/Downloads/book_ros2_wrs/install/vision_msgs/share/vision_msgs/msg/BoundingBox2D.idl
[2.810s] -- Up-to-date symlink: /home/mjlinux/Downloads/book_ros2_wrs/install/vision_msgs/share/vision_msgs/msg/BoundingBox2DArray.idl
[2.810s] -- Up-to-date symlink: /home/mjlinux/Downloads/book_ros2_wrs/install/vision_msgs/share/vision_msgs/msg/BoundingBox3D.idl
[2.810s] -- Up-to-date symlink: /home/mjlinux/Downloads/book_ros2_wrs/install/vision_msgs/share/vision_msgs/msg/BoundingBox3DArray.idl
[2.810s] -- Up-to-date symlink: /home/mjlinux/Downloads/book_ros2_wrs/install/vision_msgs/share/vision_msgs/msg/Classification.idl
[2.810s] -- Up-to-date symlink: /home/mjlinux/Downloads/book_ros2_wrs/install/vision_msgs/share/vision_msgs/msg/Detection2DArray.idl
[2.810s] -- Up-to-date symlink: /home/mjlinux/Downloads/book_ros2_wrs/install/vision_msgs/share/vision_msgs/msg/Detection2D.idl
[2.811s] -- Up-to-date symlink: /home/mjlinux/Downloads/book_ros2_wrs/install/vision_msgs/share/vision_msgs/msg/Detection3DArray.idl
[2.811s] -- Up-to-date symlink: /home/mjlinux/Downloads/book_ros2_wrs/install/vision_msgs/share/vision_msgs/msg/Detection3D.idl
[2.811s] -- Up-to-date symlink: /home/mjlinux/Downloads/book_ros2_wrs/install/vision_msgs/share/vision_msgs/msg/LabelInfo.idl
[2.811s] -- Up-to-date symlink: /home/mjlinux/Downloads/book_ros2_wrs/install/vision_msgs/share/vision_msgs/msg/ObjectHypothesis.idl
[2.811s] -- Up-to-date symlink: /home/mjlinux/Downloads/book_ros2_wrs/install/vision_msgs/share/vision_msgs/msg/ObjectHypothesisWithPose.idl
[2.811s] -- Up-to-date symlink: /home/mjlinux/Downloads/book_ros2_wrs/install/vision_msgs/share/vision_msgs/msg/VisionClass.idl
[2.812s] -- Up-to-date symlink: /home/mjlinux/Downloads/book_ros2_wrs/install/vision_msgs/share/vision_msgs/msg/Point2D.idl
[2.812s] -- Up-to-date symlink: /home/mjlinux/Downloads/book_ros2_wrs/install/vision_msgs/share/vision_msgs/msg/Pose2D.idl
[2.812s] -- Up-to-date symlink: /home/mjlinux/Downloads/book_ros2_wrs/install/vision_msgs/share/vision_msgs/msg/VisionInfo.idl
[2.812s] -- Up-to-date symlink: /home/mjlinux/Downloads/book_ros2_wrs/install/vision_msgs/share/vision_msgs/msg/BoundingBox2D.msg
[2.812s] -- Up-to-date symlink: /home/mjlinux/Downloads/book_ros2_wrs/install/vision_msgs/share/vision_msgs/msg/BoundingBox2DArray.msg
[2.812s] -- Up-to-date symlink: /home/mjlinux/Downloads/book_ros2_wrs/install/vision_msgs/share/vision_msgs/msg/BoundingBox3D.msg
[2.813s] -- Up-to-date symlink: /home/mjlinux/Downloads/book_ros2_wrs/install/vision_msgs/share/vision_msgs/msg/BoundingBox3DArray.msg
[2.813s] -- Up-to-date symlink: /home/mjlinux/Downloads/book_ros2_wrs/install/vision_msgs/share/vision_msgs/msg/Classification.msg
[2.813s] -- Up-to-date symlink: /home/mjlinux/Downloads/book_ros2_wrs/install/vision_msgs/share/vision_msgs/msg/Detection2DArray.msg
[2.813s] -- Up-to-date symlink: /home/mjlinux/Downloads/book_ros2_wrs/install/vision_msgs/share/vision_msgs/msg/Detection2D.msg
[2.813s] -- Up-to-date symlink: /home/mjlinux/Downloads/book_ros2_wrs/install/vision_msgs/share/vision_msgs/msg/Detection3DArray.msg
[2.813s] -- Up-to-date symlink: /home/mjlinux/Downloads/book_ros2_wrs/install/vision_msgs/share/vision_msgs/msg/Detection3D.msg
[2.813s] -- Up-to-date symlink: /home/mjlinux/Downloads/book_ros2_wrs/install/vision_msgs/share/vision_msgs/msg/LabelInfo.msg
[2.814s] -- Up-to-date symlink: /home/mjlinux/Downloads/book_ros2_wrs/install/vision_msgs/share/vision_msgs/msg/ObjectHypothesis.msg
[2.814s] -- Up-to-date symlink: /home/mjlinux/Downloads/book_ros2_wrs/install/vision_msgs/share/vision_msgs/msg/ObjectHypothesisWithPose.msg
[2.814s] -- Up-to-date symlink: /home/mjlinux/Downloads/book_ros2_wrs/install/vision_msgs/share/vision_msgs/msg/VisionClass.msg
[2.814s] -- Up-to-date symlink: /home/mjlinux/Downloads/book_ros2_wrs/install/vision_msgs/share/vision_msgs/msg/Point2D.msg
[2.814s] -- Up-to-date symlink: /home/mjlinux/Downloads/book_ros2_wrs/install/vision_msgs/share/vision_msgs/msg/Pose2D.msg
[2.814s] -- Up-to-date symlink: /home/mjlinux/Downloads/book_ros2_wrs/install/vision_msgs/share/vision_msgs/msg/VisionInfo.msg
[2.815s] -- Up-to-date symlink: /home/mjlinux/Downloads/book_ros2_wrs/install/vision_msgs/include/vision_msgs/create_aabb.hpp
[2.815s] -- Up-to-date symlink: /home/mjlinux/Downloads/book_ros2_wrs/install/vision_msgs/share/ament_index/resource_index/package_run_dependencies/vision_msgs
[2.815s] -- Up-to-date symlink: /home/mjlinux/Downloads/book_ros2_wrs/install/vision_msgs/share/ament_index/resource_index/parent_prefix_path/vision_msgs
[2.815s] -- Up-to-date symlink: /home/mjlinux/Downloads/book_ros2_wrs/install/vision_msgs/share/vision_msgs/environment/ament_prefix_path.sh
[2.815s] -- Up-to-date symlink: /home/mjlinux/Downloads/book_ros2_wrs/install/vision_msgs/share/vision_msgs/environment/ament_prefix_path.dsv
[2.816s] -- Up-to-date symlink: /home/mjlinux/Downloads/book_ros2_wrs/install/vision_msgs/share/vision_msgs/environment/path.sh
[2.816s] -- Up-to-date symlink: /home/mjlinux/Downloads/book_ros2_wrs/install/vision_msgs/share/vision_msgs/environment/path.dsv
[2.816s] -- Up-to-date symlink: /home/mjlinux/Downloads/book_ros2_wrs/install/vision_msgs/share/vision_msgs/local_setup.bash
[2.816s] -- Up-to-date symlink: /home/mjlinux/Downloads/book_ros2_wrs/install/vision_msgs/share/vision_msgs/local_setup.sh
[2.816s] -- Up-to-date symlink: /home/mjlinux/Downloads/book_ros2_wrs/install/vision_msgs/share/vision_msgs/local_setup.zsh
[2.817s] -- Up-to-date symlink: /home/mjlinux/Downloads/book_ros2_wrs/install/vision_msgs/share/vision_msgs/local_setup.dsv
[2.817s] -- Symlinking: /home/mjlinux/Downloads/book_ros2_wrs/install/vision_msgs/share/vision_msgs/package.dsv
[2.826s] -- Up-to-date symlink: /home/mjlinux/Downloads/book_ros2_wrs/install/vision_msgs/share/ament_index/resource_index/packages/vision_msgs
[2.826s] -- Up-to-date symlink: /home/mjlinux/Downloads/book_ros2_wrs/install/vision_msgs/share/vision_msgs/cmake/rosidl_cmake-extras.cmake
[2.826s] -- Up-to-date symlink: /home/mjlinux/Downloads/book_ros2_wrs/install/vision_msgs/share/vision_msgs/cmake/ament_cmake_export_dependencies-extras.cmake
[2.827s] -- Up-to-date symlink: /home/mjlinux/Downloads/book_ros2_wrs/install/vision_msgs/share/vision_msgs/cmake/ament_cmake_export_include_directories-extras.cmake
[2.827s] -- Up-to-date symlink: /home/mjlinux/Downloads/book_ros2_wrs/install/vision_msgs/share/vision_msgs/cmake/ament_cmake_export_libraries-extras.cmake
[2.827s] -- Up-to-date symlink: /home/mjlinux/Downloads/book_ros2_wrs/install/vision_msgs/share/vision_msgs/cmake/ament_cmake_export_targets-extras.cmake
[2.831s] -- Up-to-date symlink: /home/mjlinux/Downloads/book_ros2_wrs/install/vision_msgs/share/vision_msgs/cmake/rosidl_cmake_export_typesupport_targets-extras.cmake
[2.838s] -- Up-to-date symlink: /home/mjlinux/Downloads/book_ros2_wrs/install/vision_msgs/share/vision_msgs/cmake/rosidl_cmake_export_typesupport_libraries-extras.cmake
[2.838s] -- Up-to-date symlink: /home/mjlinux/Downloads/book_ros2_wrs/install/vision_msgs/share/vision_msgs/cmake/vision_msgsConfig.cmake
[2.838s] -- Up-to-date symlink: /home/mjlinux/Downloads/book_ros2_wrs/install/vision_msgs/share/vision_msgs/cmake/vision_msgsConfig-version.cmake
[2.838s] -- Up-to-date symlink: /home/mjlinux/Downloads/book_ros2_wrs/install/vision_msgs/share/vision_msgs/package.xml
[2.838s] -- Up-to-date: /home/mjlinux/Downloads/book_ros2_wrs/install/vision_msgs/lib/libvision_msgs__rosidl_generator_c.so
[2.838s] -- Up-to-date: /home/mjlinux/Downloads/book_ros2_wrs/install/vision_msgs/lib/libvision_msgs__rosidl_typesupport_fastrtps_c.so
[2.838s] -- Up-to-date: /home/mjlinux/Downloads/book_ros2_wrs/install/vision_msgs/lib/libvision_msgs__rosidl_typesupport_fastrtps_cpp.so
[2.838s] -- Up-to-date: /home/mjlinux/Downloads/book_ros2_wrs/install/vision_msgs/lib/libvision_msgs__rosidl_typesupport_introspection_c.so
[2.838s] -- Up-to-date: /home/mjlinux/Downloads/book_ros2_wrs/install/vision_msgs/lib/libvision_msgs__rosidl_typesupport_c.so
[2.838s] -- Up-to-date: /home/mjlinux/Downloads/book_ros2_wrs/install/vision_msgs/lib/libvision_msgs__rosidl_typesupport_introspection_cpp.so
[2.838s] -- Up-to-date: /home/mjlinux/Downloads/book_ros2_wrs/install/vision_msgs/lib/libvision_msgs__rosidl_typesupport_cpp.so
[2.870s] Listing '/home/mjlinux/Downloads/book_ros2_wrs/install/vision_msgs/local/lib/python3.10/dist-packages/vision_msgs'...
[2.870s] Listing '/home/mjlinux/Downloads/book_ros2_wrs/install/vision_msgs/local/lib/python3.10/dist-packages/vision_msgs/msg'...
[2.876s] -- Up-to-date: /home/mjlinux/Downloads/book_ros2_wrs/install/vision_msgs/lib/libvision_msgs__rosidl_generator_py.so
[2.877s] -- Up-to-date: /home/mjlinux/Downloads/book_ros2_wrs/install/vision_msgs/share/vision_msgs/cmake/export_vision_msgs__rosidl_generator_cExport.cmake
[2.877s] -- Up-to-date: /home/mjlinux/Downloads/book_ros2_wrs/install/vision_msgs/share/vision_msgs/cmake/export_vision_msgs__rosidl_generator_cExport-noconfig.cmake
[2.877s] -- Up-to-date: /home/mjlinux/Downloads/book_ros2_wrs/install/vision_msgs/share/vision_msgs/cmake/export_vision_msgs__rosidl_typesupport_fastrtps_cExport.cmake
[2.877s] -- Up-to-date: /home/mjlinux/Downloads/book_ros2_wrs/install/vision_msgs/share/vision_msgs/cmake/export_vision_msgs__rosidl_typesupport_fastrtps_cExport-noconfig.cmake
[2.877s] -- Up-to-date: /home/mjlinux/Downloads/book_ros2_wrs/install/vision_msgs/share/vision_msgs/cmake/export_vision_msgs__rosidl_generator_cppExport.cmake
[2.877s] -- Up-to-date: /home/mjlinux/Downloads/book_ros2_wrs/install/vision_msgs/share/vision_msgs/cmake/export_vision_msgs__rosidl_typesupport_fastrtps_cppExport.cmake
[2.877s] -- Up-to-date: /home/mjlinux/Downloads/book_ros2_wrs/install/vision_msgs/share/vision_msgs/cmake/export_vision_msgs__rosidl_typesupport_fastrtps_cppExport-noconfig.cmake
[2.877s] -- Up-to-date: /home/mjlinux/Downloads/book_ros2_wrs/install/vision_msgs/share/vision_msgs/cmake/vision_msgs__rosidl_typesupport_introspection_cExport.cmake
[2.877s] -- Up-to-date: /home/mjlinux/Downloads/book_ros2_wrs/install/vision_msgs/share/vision_msgs/cmake/vision_msgs__rosidl_typesupport_introspection_cExport-noconfig.cmake
[2.877s] -- Up-to-date: /home/mjlinux/Downloads/book_ros2_wrs/install/vision_msgs/share/vision_msgs/cmake/vision_msgs__rosidl_typesupport_cExport.cmake
[2.877s] -- Up-to-date: /home/mjlinux/Downloads/book_ros2_wrs/install/vision_msgs/share/vision_msgs/cmake/vision_msgs__rosidl_typesupport_cExport-noconfig.cmake
[2.877s] -- Up-to-date: /home/mjlinux/Downloads/book_ros2_wrs/install/vision_msgs/share/vision_msgs/cmake/vision_msgs__rosidl_typesupport_introspection_cppExport.cmake
[2.877s] -- Up-to-date: /home/mjlinux/Downloads/book_ros2_wrs/install/vision_msgs/share/vision_msgs/cmake/vision_msgs__rosidl_typesupport_introspection_cppExport-noconfig.cmake
[2.877s] -- Up-to-date: /home/mjlinux/Downloads/book_ros2_wrs/install/vision_msgs/share/vision_msgs/cmake/vision_msgs__rosidl_typesupport_cppExport.cmake
[2.877s] -- Up-to-date: /home/mjlinux/Downloads/book_ros2_wrs/install/vision_msgs/share/vision_msgs/cmake/vision_msgs__rosidl_typesupport_cppExport-noconfig.cmake
[2.877s] -- Up-to-date: /home/mjlinux/Downloads/book_ros2_wrs/install/vision_msgs/share/vision_msgs/cmake/export_vision_msgs__rosidl_generator_pyExport.cmake
[2.877s] -- Up-to-date: /home/mjlinux/Downloads/book_ros2_wrs/install/vision_msgs/share/vision_msgs/cmake/export_vision_msgs__rosidl_generator_pyExport-noconfig.cmake
[2.914s] Invoked command in '/home/mjlinux/Downloads/book_ros2_wrs/build/vision_msgs' returned '0': CMAKE_PREFIX_PATH=${CMAKE_PREFIX_PATH}:/home/mjlinux/Downloads/book_ros2_wrs/install/launch_pal:/home/mjlinux/Downloads/book_ros2_wrs/install/br2_fsm_bumpgo_py:/opt/ros/humble CONDA_PROMPT_MODIFIER=(ros) /usr/bin/cmake --install /home/mjlinux/Downloads/book_ros2_wrs/build/vision_msgs
