[0.947s] Invoking command in '/home/mjlinux/Downloads/book_ros2_wrs/build/launch_pal': CONDA_PROMPT_MODIFIER=(ros) PYTHONPATH=/home/mjlinux/Downloads/book_ros2_wrs/build/launch_pal/prefix_override:/home/mjlinux/Downloads/book_ros2_wrs/install/launch_pal/lib/python3.10/site-packages:${PYTHONPATH} /usr/bin/python3 setup.py develop --editable --build-directory /home/mjlinux/Downloads/book_ros2_wrs/build/launch_pal/build --no-deps install_data
[1.210s] running develop
[1.210s] /usr/lib/python3/dist-packages/setuptools/command/easy_install.py:158: EasyInstallDeprecationWarning: easy_install command is deprecated. Use build and pip and other standards-based tools.
[1.210s]   warnings.warn(
[1.211s] /usr/lib/python3/dist-packages/setuptools/command/install.py:34: SetuptoolsDeprecationWarning: setup.py install is deprecated. Use build and pip and other standards-based tools.
[1.211s]   warnings.warn(
[1.391s] running egg_info
[1.391s] creating launch_pal.egg-info
[1.391s] writing launch_pal.egg-info/PKG-INFO
[1.393s] writing dependency_links to launch_pal.egg-info/dependency_links.txt
[1.393s] writing entry points to launch_pal.egg-info/entry_points.txt
[1.393s] writing requirements to launch_pal.egg-info/requires.txt
[1.393s] writing top-level names to launch_pal.egg-info/top_level.txt
[1.393s] writing manifest file 'launch_pal.egg-info/SOURCES.txt'
[1.394s] reading manifest file 'launch_pal.egg-info/SOURCES.txt'
[1.394s] writing manifest file 'launch_pal.egg-info/SOURCES.txt'
[1.396s] running build_ext
[1.396s] Creating /home/mjlinux/Downloads/book_ros2_wrs/install/launch_pal/lib/python3.10/site-packages/launch-pal.egg-link (link to .)
[1.397s] 
[1.397s] Installed /home/mjlinux/Downloads/book_ros2_wrs/build/launch_pal
[1.397s] running install_data
[1.397s] creating /home/mjlinux/Downloads/book_ros2_wrs/install/launch_pal/share/ament_index
[1.398s] creating /home/mjlinux/Downloads/book_ros2_wrs/install/launch_pal/share/ament_index/resource_index
[1.398s] creating /home/mjlinux/Downloads/book_ros2_wrs/install/launch_pal/share/ament_index/resource_index/packages
[1.398s] copying resource/launch_pal -> /home/mjlinux/Downloads/book_ros2_wrs/install/launch_pal/share/ament_index/resource_index/packages
[1.398s] copying package.xml -> /home/mjlinux/Downloads/book_ros2_wrs/install/launch_pal/share/launch_pal
[1.488s] Invoked command in '/home/mjlinux/Downloads/book_ros2_wrs/build/launch_pal' returned '0': CONDA_PROMPT_MODIFIER=(ros) PYTHONPATH=/home/mjlinux/Downloads/book_ros2_wrs/build/launch_pal/prefix_override:/home/mjlinux/Downloads/book_ros2_wrs/install/launch_pal/lib/python3.10/site-packages:${PYTHONPATH} /usr/bin/python3 setup.py develop --editable --build-directory /home/mjlinux/Downloads/book_ros2_wrs/build/launch_pal/build --no-deps install_data
