[0.398s] Invoking command in '/home/mjlinux/Downloads/book_ros2_wrs/build/launch_pal': PYTHONPATH=/home/mjlinux/Downloads/book_ros2_wrs/build/launch_pal/prefix_override:/home/mjlinux/Downloads/book_ros2_wrs/install/launch_pal/lib/python3.10/site-packages:${PYTHONPATH} /usr/bin/python3 setup.py develop --editable --build-directory /home/mjlinux/Downloads/book_ros2_wrs/build/launch_pal/build --no-deps install_data
[0.557s] running develop
[0.558s] /usr/lib/python3/dist-packages/setuptools/command/easy_install.py:158: EasyInstallDeprecationWarning: easy_install command is deprecated. Use build and pip and other standards-based tools.
[0.558s]   warnings.warn(
[0.559s] /usr/lib/python3/dist-packages/setuptools/command/install.py:34: SetuptoolsDeprecationWarning: setup.py install is deprecated. Use build and pip and other standards-based tools.
[0.559s]   warnings.warn(
[0.655s] running egg_info
[0.655s] writing launch_pal.egg-info/PKG-INFO
[0.655s] writing dependency_links to launch_pal.egg-info/dependency_links.txt
[0.656s] writing entry points to launch_pal.egg-info/entry_points.txt
[0.656s] writing requirements to launch_pal.egg-info/requires.txt
[0.659s] writing top-level names to launch_pal.egg-info/top_level.txt
[0.661s] reading manifest file 'launch_pal.egg-info/SOURCES.txt'
[0.661s] writing manifest file 'launch_pal.egg-info/SOURCES.txt'
[0.662s] running build_ext
[0.663s] Creating /home/mjlinux/Downloads/book_ros2_wrs/install/launch_pal/lib/python3.10/site-packages/launch-pal.egg-link (link to .)
[0.665s] 
[0.665s] Installed /home/mjlinux/Downloads/book_ros2_wrs/build/launch_pal
[0.665s] running install_data
[0.694s] Invoked command in '/home/mjlinux/Downloads/book_ros2_wrs/build/launch_pal' returned '0': PYTHONPATH=/home/mjlinux/Downloads/book_ros2_wrs/build/launch_pal/prefix_override:/home/mjlinux/Downloads/book_ros2_wrs/install/launch_pal/lib/python3.10/site-packages:${PYTHONPATH} /usr/bin/python3 setup.py develop --editable --build-directory /home/mjlinux/Downloads/book_ros2_wrs/build/launch_pal/build --no-deps install_data
