[0.175s] Invoking command in '/home/mjlinux/Downloads/book_ros2_wrs/build/pal_gripper_controller_configuration': CMAKE_PREFIX_PATH=${CMAKE_PREFIX_PATH}:/home/mjlinux/Downloads/book_ros2_wrs/install/launch_pal:/home/mjlinux/Downloads/book_ros2_wrs/install/br2_fsm_bumpgo_py:/opt/ros/humble /usr/bin/cmake --build /home/mjlinux/Downloads/book_ros2_wrs/build/pal_gripper_controller_configuration -- -j4 -l4
[0.226s] Invoked command in '/home/mjlinux/Downloads/book_ros2_wrs/build/pal_gripper_controller_configuration' returned '0': CMAKE_PREFIX_PATH=${CMAKE_PREFIX_PATH}:/home/mjlinux/Downloads/book_ros2_wrs/install/launch_pal:/home/mjlinux/Downloads/book_ros2_wrs/install/br2_fsm_bumpgo_py:/opt/ros/humble /usr/bin/cmake --build /home/mjlinux/Downloads/book_ros2_wrs/build/pal_gripper_controller_configuration -- -j4 -l4
[0.257s] Invoking command in '/home/mjlinux/Downloads/book_ros2_wrs/build/pal_gripper_controller_configuration': CMAKE_PREFIX_PATH=${CMAKE_PREFIX_PATH}:/home/mjlinux/Downloads/book_ros2_wrs/install/launch_pal:/home/mjlinux/Downloads/book_ros2_wrs/install/br2_fsm_bumpgo_py:/opt/ros/humble /usr/bin/cmake --install /home/mjlinux/Downloads/book_ros2_wrs/build/pal_gripper_controller_configuration
[0.265s] -- Install configuration: ""
[0.265s] -- Execute custom install script
[0.266s] -- Up-to-date symlink: /home/mjlinux/Downloads/book_ros2_wrs/install/pal_gripper_controller_configuration/share/pal_gripper_controller_configuration/config/current_limit_controllers.yaml
[0.266s] -- Up-to-date symlink: /home/mjlinux/Downloads/book_ros2_wrs/install/pal_gripper_controller_configuration/share/pal_gripper_controller_configuration/config/current_limit_controllers_left.yaml
[0.266s] -- Up-to-date symlink: /home/mjlinux/Downloads/book_ros2_wrs/install/pal_gripper_controller_configuration/share/pal_gripper_controller_configuration/config/current_limit_controllers_right.yaml
[0.266s] -- Up-to-date symlink: /home/mjlinux/Downloads/book_ros2_wrs/install/pal_gripper_controller_configuration/share/pal_gripper_controller_configuration/config/gripper_controller.yaml
[0.267s] -- Up-to-date symlink: /home/mjlinux/Downloads/book_ros2_wrs/install/pal_gripper_controller_configuration/share/pal_gripper_controller_configuration/config/joint_trajectory_controllers.yaml
[0.267s] -- Up-to-date symlink: /home/mjlinux/Downloads/book_ros2_wrs/install/pal_gripper_controller_configuration/share/pal_gripper_controller_configuration/config/pids.yaml
[0.267s] -- Up-to-date symlink: /home/mjlinux/Downloads/book_ros2_wrs/install/pal_gripper_controller_configuration/share/pal_gripper_controller_configuration/launch/current_limit_controllers.launch
[0.267s] -- Up-to-date symlink: /home/mjlinux/Downloads/book_ros2_wrs/install/pal_gripper_controller_configuration/share/pal_gripper_controller_configuration/launch/gripper_controller.launch
[0.267s] -- Up-to-date symlink: /home/mjlinux/Downloads/book_ros2_wrs/install/pal_gripper_controller_configuration/share/ament_index/resource_index/package_run_dependencies/pal_gripper_controller_configuration
[0.268s] -- Up-to-date symlink: /home/mjlinux/Downloads/book_ros2_wrs/install/pal_gripper_controller_configuration/share/ament_index/resource_index/parent_prefix_path/pal_gripper_controller_configuration
[0.268s] -- Up-to-date symlink: /home/mjlinux/Downloads/book_ros2_wrs/install/pal_gripper_controller_configuration/share/pal_gripper_controller_configuration/environment/ament_prefix_path.sh
[0.268s] -- Up-to-date symlink: /home/mjlinux/Downloads/book_ros2_wrs/install/pal_gripper_controller_configuration/share/pal_gripper_controller_configuration/environment/ament_prefix_path.dsv
[0.268s] -- Up-to-date symlink: /home/mjlinux/Downloads/book_ros2_wrs/install/pal_gripper_controller_configuration/share/pal_gripper_controller_configuration/environment/path.sh
[0.268s] -- Up-to-date symlink: /home/mjlinux/Downloads/book_ros2_wrs/install/pal_gripper_controller_configuration/share/pal_gripper_controller_configuration/environment/path.dsv
[0.269s] -- Up-to-date symlink: /home/mjlinux/Downloads/book_ros2_wrs/install/pal_gripper_controller_configuration/share/pal_gripper_controller_configuration/local_setup.bash
[0.269s] -- Up-to-date symlink: /home/mjlinux/Downloads/book_ros2_wrs/install/pal_gripper_controller_configuration/share/pal_gripper_controller_configuration/local_setup.sh
[0.269s] -- Up-to-date symlink: /home/mjlinux/Downloads/book_ros2_wrs/install/pal_gripper_controller_configuration/share/pal_gripper_controller_configuration/local_setup.zsh
[0.269s] -- Up-to-date symlink: /home/mjlinux/Downloads/book_ros2_wrs/install/pal_gripper_controller_configuration/share/pal_gripper_controller_configuration/local_setup.dsv
[0.270s] -- Symlinking: /home/mjlinux/Downloads/book_ros2_wrs/install/pal_gripper_controller_configuration/share/pal_gripper_controller_configuration/package.dsv
[0.282s] -- Up-to-date symlink: /home/mjlinux/Downloads/book_ros2_wrs/install/pal_gripper_controller_configuration/share/ament_index/resource_index/packages/pal_gripper_controller_configuration
[0.282s] -- Up-to-date symlink: /home/mjlinux/Downloads/book_ros2_wrs/install/pal_gripper_controller_configuration/share/pal_gripper_controller_configuration/cmake/pal_gripper_controller_configurationConfig.cmake
[0.282s] -- Up-to-date symlink: /home/mjlinux/Downloads/book_ros2_wrs/install/pal_gripper_controller_configuration/share/pal_gripper_controller_configuration/cmake/pal_gripper_controller_configurationConfig-version.cmake
[0.282s] -- Up-to-date symlink: /home/mjlinux/Downloads/book_ros2_wrs/install/pal_gripper_controller_configuration/share/pal_gripper_controller_configuration/package.xml
[0.296s] Invoked command in '/home/mjlinux/Downloads/book_ros2_wrs/build/pal_gripper_controller_configuration' returned '0': CMAKE_PREFIX_PATH=${CMAKE_PREFIX_PATH}:/home/mjlinux/Downloads/book_ros2_wrs/install/launch_pal:/home/mjlinux/Downloads/book_ros2_wrs/install/br2_fsm_bumpgo_py:/opt/ros/humble /usr/bin/cmake --install /home/mjlinux/Downloads/book_ros2_wrs/build/pal_gripper_controller_configuration
