[0.362s] Invoking command in '/home/mjlinux/Downloads/book_ros2_wrs/build/pal_gripper_controller_configuration': CMAKE_PREFIX_PATH=${CMAKE_PREFIX_PATH}:/home/mjlinux/Downloads/book_ros2_wrs/install/launch_pal:/home/mjlinux/Downloads/book_ros2_wrs/install/br2_fsm_bumpgo_py:/opt/ros/humble CONDA_PROMPT_MODIFIER=(ros) /usr/bin/cmake /home/mjlinux/Downloads/book_ros2_wrs/ThirdParty/pal_gripper/pal_gripper_controller_configuration -DAMENT_CMAKE_SYMLINK_INSTALL=1 -DCMAKE_INSTALL_PREFIX=/home/mjlinux/Downloads/book_ros2_wrs/install/pal_gripper_controller_configuration
[0.825s] -- The C compiler identification is GNU 11.4.0
[1.007s] -- The CXX compiler identification is GNU 11.4.0
[1.038s] -- Detecting C compiler ABI info
[1.192s] -- Detecting C compiler ABI info - done
[1.201s] -- Check for working C compiler: /usr/bin/cc - skipped
[1.202s] -- Detecting C compile features
[1.204s] -- Detecting C compile features - done
[1.210s] -- Detecting CXX compiler ABI info
[1.334s] -- Detecting CXX compiler ABI info - done
[1.342s] -- Check for working CXX compiler: /usr/bin/c++ - skipped
[1.343s] -- Detecting CXX compile features
[1.344s] -- Detecting CXX compile features - done
[1.351s] -- Found ament_cmake_auto: 1.3.5 (/opt/ros/humble/share/ament_cmake_auto/cmake)
[1.909s] -- Found Python3: /usr/bin/python3.10 (found version "3.10.12") found components: Interpreter 
[2.082s] -- Override CMake install command with custom implementation using symlinks instead of copying resources
[2.211s] -- Found ament_lint_auto: 0.12.7 (/opt/ros/humble/share/ament_lint_auto/cmake)
[2.339s] -- Added test 'copyright' to check source files copyright and LICENSE
[2.342s] -- Added test 'flake8' to check Python code syntax and style conventions
[2.347s] -- Added test 'lint_cmake' to check CMake code style
[2.356s] -- Added test 'pep257' to check Python code against some of the docstring style conventions in PEP 257
[2.357s] -- Added test 'xmllint' to check XML markup files
[2.365s] -- Configuring done
[2.369s] -- Generating done
[2.370s] -- Build files have been written to: /home/mjlinux/Downloads/book_ros2_wrs/build/pal_gripper_controller_configuration
[2.392s] Invoked command in '/home/mjlinux/Downloads/book_ros2_wrs/build/pal_gripper_controller_configuration' returned '0': CMAKE_PREFIX_PATH=${CMAKE_PREFIX_PATH}:/home/mjlinux/Downloads/book_ros2_wrs/install/launch_pal:/home/mjlinux/Downloads/book_ros2_wrs/install/br2_fsm_bumpgo_py:/opt/ros/humble CONDA_PROMPT_MODIFIER=(ros) /usr/bin/cmake /home/mjlinux/Downloads/book_ros2_wrs/ThirdParty/pal_gripper/pal_gripper_controller_configuration -DAMENT_CMAKE_SYMLINK_INSTALL=1 -DCMAKE_INSTALL_PREFIX=/home/mjlinux/Downloads/book_ros2_wrs/install/pal_gripper_controller_configuration
[2.393s] Invoking command in '/home/mjlinux/Downloads/book_ros2_wrs/build/pal_gripper_controller_configuration': CMAKE_PREFIX_PATH=${CMAKE_PREFIX_PATH}:/home/mjlinux/Downloads/book_ros2_wrs/install/launch_pal:/home/mjlinux/Downloads/book_ros2_wrs/install/br2_fsm_bumpgo_py:/opt/ros/humble CONDA_PROMPT_MODIFIER=(ros) /usr/bin/cmake --build /home/mjlinux/Downloads/book_ros2_wrs/build/pal_gripper_controller_configuration -- -j4 -l4
[2.492s] Invoked command in '/home/mjlinux/Downloads/book_ros2_wrs/build/pal_gripper_controller_configuration' returned '0': CMAKE_PREFIX_PATH=${CMAKE_PREFIX_PATH}:/home/mjlinux/Downloads/book_ros2_wrs/install/launch_pal:/home/mjlinux/Downloads/book_ros2_wrs/install/br2_fsm_bumpgo_py:/opt/ros/humble CONDA_PROMPT_MODIFIER=(ros) /usr/bin/cmake --build /home/mjlinux/Downloads/book_ros2_wrs/build/pal_gripper_controller_configuration -- -j4 -l4
[2.628s] Invoking command in '/home/mjlinux/Downloads/book_ros2_wrs/build/pal_gripper_controller_configuration': CMAKE_PREFIX_PATH=${CMAKE_PREFIX_PATH}:/home/mjlinux/Downloads/book_ros2_wrs/install/launch_pal:/home/mjlinux/Downloads/book_ros2_wrs/install/br2_fsm_bumpgo_py:/opt/ros/humble CONDA_PROMPT_MODIFIER=(ros) /usr/bin/cmake --install /home/mjlinux/Downloads/book_ros2_wrs/build/pal_gripper_controller_configuration
[2.648s] -- Install configuration: ""
[2.648s] -- Execute custom install script
[2.648s] -- Symlinking: /home/mjlinux/Downloads/book_ros2_wrs/install/pal_gripper_controller_configuration/share/pal_gripper_controller_configuration/config/current_limit_controllers.yaml
[2.668s] -- Symlinking: /home/mjlinux/Downloads/book_ros2_wrs/install/pal_gripper_controller_configuration/share/pal_gripper_controller_configuration/config/current_limit_controllers_left.yaml
[2.703s] -- Symlinking: /home/mjlinux/Downloads/book_ros2_wrs/install/pal_gripper_controller_configuration/share/pal_gripper_controller_configuration/config/current_limit_controllers_right.yaml
[2.719s] -- Symlinking: /home/mjlinux/Downloads/book_ros2_wrs/install/pal_gripper_controller_configuration/share/pal_gripper_controller_configuration/config/gripper_controller.yaml
[2.746s] -- Symlinking: /home/mjlinux/Downloads/book_ros2_wrs/install/pal_gripper_controller_configuration/share/pal_gripper_controller_configuration/config/joint_trajectory_controllers.yaml
[2.755s] -- Symlinking: /home/mjlinux/Downloads/book_ros2_wrs/install/pal_gripper_controller_configuration/share/pal_gripper_controller_configuration/config/pids.yaml
[2.773s] -- Symlinking: /home/mjlinux/Downloads/book_ros2_wrs/install/pal_gripper_controller_configuration/share/pal_gripper_controller_configuration/launch/current_limit_controllers.launch
[2.783s] -- Symlinking: /home/mjlinux/Downloads/book_ros2_wrs/install/pal_gripper_controller_configuration/share/pal_gripper_controller_configuration/launch/gripper_controller.launch
[2.809s] -- Symlinking: /home/mjlinux/Downloads/book_ros2_wrs/install/pal_gripper_controller_configuration/share/ament_index/resource_index/package_run_dependencies/pal_gripper_controller_configuration
[2.849s] -- Symlinking: /home/mjlinux/Downloads/book_ros2_wrs/install/pal_gripper_controller_configuration/share/ament_index/resource_index/parent_prefix_path/pal_gripper_controller_configuration
[2.869s] -- Symlinking: /home/mjlinux/Downloads/book_ros2_wrs/install/pal_gripper_controller_configuration/share/pal_gripper_controller_configuration/environment/ament_prefix_path.sh
[2.885s] -- Symlinking: /home/mjlinux/Downloads/book_ros2_wrs/install/pal_gripper_controller_configuration/share/pal_gripper_controller_configuration/environment/ament_prefix_path.dsv
[2.897s] -- Symlinking: /home/mjlinux/Downloads/book_ros2_wrs/install/pal_gripper_controller_configuration/share/pal_gripper_controller_configuration/environment/path.sh
[2.913s] -- Symlinking: /home/mjlinux/Downloads/book_ros2_wrs/install/pal_gripper_controller_configuration/share/pal_gripper_controller_configuration/environment/path.dsv
[2.935s] -- Symlinking: /home/mjlinux/Downloads/book_ros2_wrs/install/pal_gripper_controller_configuration/share/pal_gripper_controller_configuration/local_setup.bash
[2.943s] -- Symlinking: /home/mjlinux/Downloads/book_ros2_wrs/install/pal_gripper_controller_configuration/share/pal_gripper_controller_configuration/local_setup.sh
[2.960s] -- Symlinking: /home/mjlinux/Downloads/book_ros2_wrs/install/pal_gripper_controller_configuration/share/pal_gripper_controller_configuration/local_setup.zsh
[2.974s] -- Symlinking: /home/mjlinux/Downloads/book_ros2_wrs/install/pal_gripper_controller_configuration/share/pal_gripper_controller_configuration/local_setup.dsv
[2.990s] -- Symlinking: /home/mjlinux/Downloads/book_ros2_wrs/install/pal_gripper_controller_configuration/share/pal_gripper_controller_configuration/package.dsv
[3.013s] -- Symlinking: /home/mjlinux/Downloads/book_ros2_wrs/install/pal_gripper_controller_configuration/share/ament_index/resource_index/packages/pal_gripper_controller_configuration
[3.026s] -- Symlinking: /home/mjlinux/Downloads/book_ros2_wrs/install/pal_gripper_controller_configuration/share/pal_gripper_controller_configuration/cmake/pal_gripper_controller_configurationConfig.cmake
[3.037s] -- Symlinking: /home/mjlinux/Downloads/book_ros2_wrs/install/pal_gripper_controller_configuration/share/pal_gripper_controller_configuration/cmake/pal_gripper_controller_configurationConfig-version.cmake
[3.048s] -- Symlinking: /home/mjlinux/Downloads/book_ros2_wrs/install/pal_gripper_controller_configuration/share/pal_gripper_controller_configuration/package.xml
[3.064s] Invoked command in '/home/mjlinux/Downloads/book_ros2_wrs/build/pal_gripper_controller_configuration' returned '0': CMAKE_PREFIX_PATH=${CMAKE_PREFIX_PATH}:/home/mjlinux/Downloads/book_ros2_wrs/install/launch_pal:/home/mjlinux/Downloads/book_ros2_wrs/install/br2_fsm_bumpgo_py:/opt/ros/humble CONDA_PROMPT_MODIFIER=(ros) /usr/bin/cmake --install /home/mjlinux/Downloads/book_ros2_wrs/build/pal_gripper_controller_configuration
