[0.011s] Invoking command in '/home/mjlinux/Downloads/book_ros2_wrs/build/br2_tf2_detector': CMAKE_PREFIX_PATH=/opt/ros/humble /usr/bin/cmake --build /home/mjlinux/Downloads/book_ros2_wrs/build/br2_tf2_detector -- -j4 -l4
[0.079s] [ 50%] Built target br2_tf2_detector
[0.129s] [ 75%] Built target detector
[0.133s] [100%] Built target detector_improved
[0.145s] Invoked command in '/home/mjlinux/Downloads/book_ros2_wrs/build/br2_tf2_detector' returned '0': CMAKE_PREFIX_PATH=/opt/ros/humble /usr/bin/cmake --build /home/mjlinux/Downloads/book_ros2_wrs/build/br2_tf2_detector -- -j4 -l4
[0.192s] Invoking command in '/home/mjlinux/Downloads/book_ros2_wrs/build/br2_tf2_detector': CMAKE_PREFIX_PATH=/opt/ros/humble /usr/bin/cmake --install /home/mjlinux/Downloads/book_ros2_wrs/build/br2_tf2_detector
[0.209s] -- Install configuration: ""
[0.210s] -- Execute custom install script
[0.210s] -- Up-to-date symlink: /home/mjlinux/Downloads/book_ros2_wrs/install/br2_tf2_detector/lib/libbr2_tf2_detector.so
[0.210s] -- Up-to-date symlink: /home/mjlinux/Downloads/book_ros2_wrs/install/br2_tf2_detector/lib/br2_tf2_detector/detector
[0.210s] -- Up-to-date symlink: /home/mjlinux/Downloads/book_ros2_wrs/install/br2_tf2_detector/lib/br2_tf2_detector/detector_improved
[0.210s] -- Up-to-date symlink: /home/mjlinux/Downloads/book_ros2_wrs/install/br2_tf2_detector/share/br2_tf2_detector/launch/detector_basic.launch.py
[0.210s] -- Up-to-date symlink: /home/mjlinux/Downloads/book_ros2_wrs/install/br2_tf2_detector/share/br2_tf2_detector/launch/detector_improved.launch.py
[0.211s] -- Up-to-date symlink: /home/mjlinux/Downloads/book_ros2_wrs/install/br2_tf2_detector/share/ament_index/resource_index/package_run_dependencies/br2_tf2_detector
[0.211s] -- Up-to-date symlink: /home/mjlinux/Downloads/book_ros2_wrs/install/br2_tf2_detector/share/ament_index/resource_index/parent_prefix_path/br2_tf2_detector
[0.211s] -- Up-to-date symlink: /home/mjlinux/Downloads/book_ros2_wrs/install/br2_tf2_detector/share/br2_tf2_detector/environment/ament_prefix_path.sh
[0.211s] -- Up-to-date symlink: /home/mjlinux/Downloads/book_ros2_wrs/install/br2_tf2_detector/share/br2_tf2_detector/environment/ament_prefix_path.dsv
[0.211s] -- Up-to-date symlink: /home/mjlinux/Downloads/book_ros2_wrs/install/br2_tf2_detector/share/br2_tf2_detector/environment/path.sh
[0.211s] -- Up-to-date symlink: /home/mjlinux/Downloads/book_ros2_wrs/install/br2_tf2_detector/share/br2_tf2_detector/environment/path.dsv
[0.211s] -- Up-to-date symlink: /home/mjlinux/Downloads/book_ros2_wrs/install/br2_tf2_detector/share/br2_tf2_detector/local_setup.bash
[0.211s] -- Up-to-date symlink: /home/mjlinux/Downloads/book_ros2_wrs/install/br2_tf2_detector/share/br2_tf2_detector/local_setup.sh
[0.211s] -- Up-to-date symlink: /home/mjlinux/Downloads/book_ros2_wrs/install/br2_tf2_detector/share/br2_tf2_detector/local_setup.zsh
[0.212s] -- Up-to-date symlink: /home/mjlinux/Downloads/book_ros2_wrs/install/br2_tf2_detector/share/br2_tf2_detector/local_setup.dsv
[0.212s] -- Symlinking: /home/mjlinux/Downloads/book_ros2_wrs/install/br2_tf2_detector/share/br2_tf2_detector/package.dsv
[0.232s] -- Up-to-date symlink: /home/mjlinux/Downloads/book_ros2_wrs/install/br2_tf2_detector/share/ament_index/resource_index/packages/br2_tf2_detector
[0.232s] -- Up-to-date symlink: /home/mjlinux/Downloads/book_ros2_wrs/install/br2_tf2_detector/share/br2_tf2_detector/cmake/br2_tf2_detectorConfig.cmake
[0.232s] -- Up-to-date symlink: /home/mjlinux/Downloads/book_ros2_wrs/install/br2_tf2_detector/share/br2_tf2_detector/cmake/br2_tf2_detectorConfig-version.cmake
[0.233s] -- Up-to-date symlink: /home/mjlinux/Downloads/book_ros2_wrs/install/br2_tf2_detector/share/br2_tf2_detector/package.xml
[0.234s] Invoked command in '/home/mjlinux/Downloads/book_ros2_wrs/build/br2_tf2_detector' returned '0': CMAKE_PREFIX_PATH=/opt/ros/humble /usr/bin/cmake --install /home/mjlinux/Downloads/book_ros2_wrs/build/br2_tf2_detector
