[0.008s] Invoking command in '/home/mjlinux/Downloads/book_ros2_wrs/build/pmb2_description': AMENT_PREFIX_PATH=/home/mjlinux/Downloads/book_ros2_wrs/install/urdf_test:/home/mjlinux/Downloads/book_ros2_wrs/install/pmb2_controller_configuration:/home/mjlinux/Downloads/book_ros2_wrs/install/launch_pal:${AMENT_PREFIX_PATH} CMAKE_PREFIX_PATH=/home/mjlinux/Downloads/book_ros2_wrs/install/urdf_test:/home/mjlinux/Downloads/book_ros2_wrs/install/pmb2_controller_configuration:/opt/ros/humble PYTHONPATH=/home/mjlinux/Downloads/book_ros2_wrs/install/urdf_test/local/lib/python3.10/dist-packages:/home/mjlinux/Downloads/book_ros2_wrs/build/launch_pal:/home/mjlinux/Downloads/book_ros2_wrs/install/launch_pal/lib/python3.10/site-packages:${PYTHONPATH} /usr/bin/cmake /home/mjlinux/Downloads/book_ros2_wrs/ThirdParty/pmb2_robot/pmb2_description -DAMENT_CMAKE_SYMLINK_INSTALL=1 -DCMAKE_INSTALL_PREFIX=/home/mjlinux/Downloads/book_ros2_wrs/install/pmb2_description
[0.082s] -- The C compiler identification is GNU 11.4.0
[0.141s] -- The CXX compiler identification is GNU 11.4.0
[0.147s] -- Detecting C compiler ABI info
[0.234s] -- Detecting C compiler ABI info - done
[0.238s] -- Check for working C compiler: /usr/bin/cc - skipped
[0.238s] -- Detecting C compile features
[0.239s] -- Detecting C compile features - done
[0.241s] -- Detecting CXX compiler ABI info
[0.342s] -- Detecting CXX compiler ABI info - done
[0.348s] -- Check for working CXX compiler: /usr/bin/c++ - skipped
[0.348s] -- Detecting CXX compile features
[0.348s] -- Detecting CXX compile features - done
[0.350s] -- Found ament_cmake_auto: 1.3.5 (/opt/ros/humble/share/ament_cmake_auto/cmake)
[0.502s] -- Found Python3: /usr/bin/python3.10 (found version "3.10.12") found components: Interpreter 
[0.542s] -- Override CMake install command with custom implementation using symlinks instead of copying resources
[0.621s] -- Found ament_lint_auto: 0.12.7 (/opt/ros/humble/share/ament_lint_auto/cmake)
[0.641s] -- Found python_cmake_module: 0.10.0 (/opt/ros/humble/share/python_cmake_module/cmake)
[0.675s] -- Found PythonInterp: /usr/bin/python3 (found suitable version "3.10.12", minimum required is "3.6") 
[0.686s] -- Found PythonLibs: /usr/lib/aarch64-linux-gnu/libpython3.10.so (found suitable version "3.10.12", minimum required is "3.5") 
[0.686s] -- Using PYTHON_EXECUTABLE: /usr/bin/python3
[0.686s] -- Using PYTHON_INCLUDE_DIRS: /usr/include/python3.10
[0.686s] -- Using PYTHON_LIBRARIES: /usr/lib/aarch64-linux-gnu/libpython3.10.so
[0.714s] -- Found PythonExtra: .so  
[0.737s] -- Added test 'copyright' to check source files copyright and LICENSE
[0.742s] -- Added test 'flake8' to check Python code syntax and style conventions
[0.743s] -- Added test 'lint_cmake' to check CMake code style
[0.744s] -- Added test 'pep257' to check Python code against some of the docstring style conventions in PEP 257
[0.747s] -- Added test 'xmllint' to check XML markup files
[0.748s] -- Configuring done
[0.750s] -- Generating done
[0.751s] -- Build files have been written to: /home/mjlinux/Downloads/book_ros2_wrs/build/pmb2_description
[0.756s] Invoked command in '/home/mjlinux/Downloads/book_ros2_wrs/build/pmb2_description' returned '0': AMENT_PREFIX_PATH=/home/mjlinux/Downloads/book_ros2_wrs/install/urdf_test:/home/mjlinux/Downloads/book_ros2_wrs/install/pmb2_controller_configuration:/home/mjlinux/Downloads/book_ros2_wrs/install/launch_pal:${AMENT_PREFIX_PATH} CMAKE_PREFIX_PATH=/home/mjlinux/Downloads/book_ros2_wrs/install/urdf_test:/home/mjlinux/Downloads/book_ros2_wrs/install/pmb2_controller_configuration:/opt/ros/humble PYTHONPATH=/home/mjlinux/Downloads/book_ros2_wrs/install/urdf_test/local/lib/python3.10/dist-packages:/home/mjlinux/Downloads/book_ros2_wrs/build/launch_pal:/home/mjlinux/Downloads/book_ros2_wrs/install/launch_pal/lib/python3.10/site-packages:${PYTHONPATH} /usr/bin/cmake /home/mjlinux/Downloads/book_ros2_wrs/ThirdParty/pmb2_robot/pmb2_description -DAMENT_CMAKE_SYMLINK_INSTALL=1 -DCMAKE_INSTALL_PREFIX=/home/mjlinux/Downloads/book_ros2_wrs/install/pmb2_description
[0.756s] Invoking command in '/home/mjlinux/Downloads/book_ros2_wrs/build/pmb2_description': AMENT_PREFIX_PATH=/home/mjlinux/Downloads/book_ros2_wrs/install/urdf_test:/home/mjlinux/Downloads/book_ros2_wrs/install/pmb2_controller_configuration:/home/mjlinux/Downloads/book_ros2_wrs/install/launch_pal:${AMENT_PREFIX_PATH} CMAKE_PREFIX_PATH=/home/mjlinux/Downloads/book_ros2_wrs/install/urdf_test:/home/mjlinux/Downloads/book_ros2_wrs/install/pmb2_controller_configuration:/opt/ros/humble PYTHONPATH=/home/mjlinux/Downloads/book_ros2_wrs/install/urdf_test/local/lib/python3.10/dist-packages:/home/mjlinux/Downloads/book_ros2_wrs/build/launch_pal:/home/mjlinux/Downloads/book_ros2_wrs/install/launch_pal/lib/python3.10/site-packages:${PYTHONPATH} /usr/bin/cmake --build /home/mjlinux/Downloads/book_ros2_wrs/build/pmb2_description -- -j4 -l4
[0.820s] Built target ament_cmake_python_symlink_pmb2_description
[0.980s] running egg_info
[0.980s] creating pmb2_description.egg-info
[0.980s] writing pmb2_description.egg-info/PKG-INFO
[0.980s] writing dependency_links to pmb2_description.egg-info/dependency_links.txt
[0.980s] writing top-level names to pmb2_description.egg-info/top_level.txt
[0.980s] writing manifest file 'pmb2_description.egg-info/SOURCES.txt'
[0.981s] reading manifest file 'pmb2_description.egg-info/SOURCES.txt'
[0.982s] writing manifest file 'pmb2_description.egg-info/SOURCES.txt'
[1.014s] Built target ament_cmake_python_build_pmb2_description_egg
[1.024s] Invoked command in '/home/mjlinux/Downloads/book_ros2_wrs/build/pmb2_description' returned '0': AMENT_PREFIX_PATH=/home/mjlinux/Downloads/book_ros2_wrs/install/urdf_test:/home/mjlinux/Downloads/book_ros2_wrs/install/pmb2_controller_configuration:/home/mjlinux/Downloads/book_ros2_wrs/install/launch_pal:${AMENT_PREFIX_PATH} CMAKE_PREFIX_PATH=/home/mjlinux/Downloads/book_ros2_wrs/install/urdf_test:/home/mjlinux/Downloads/book_ros2_wrs/install/pmb2_controller_configuration:/opt/ros/humble PYTHONPATH=/home/mjlinux/Downloads/book_ros2_wrs/install/urdf_test/local/lib/python3.10/dist-packages:/home/mjlinux/Downloads/book_ros2_wrs/build/launch_pal:/home/mjlinux/Downloads/book_ros2_wrs/install/launch_pal/lib/python3.10/site-packages:${PYTHONPATH} /usr/bin/cmake --build /home/mjlinux/Downloads/book_ros2_wrs/build/pmb2_description -- -j4 -l4
[1.045s] Invoking command in '/home/mjlinux/Downloads/book_ros2_wrs/build/pmb2_description': AMENT_PREFIX_PATH=/home/mjlinux/Downloads/book_ros2_wrs/install/urdf_test:/home/mjlinux/Downloads/book_ros2_wrs/install/pmb2_controller_configuration:/home/mjlinux/Downloads/book_ros2_wrs/install/launch_pal:${AMENT_PREFIX_PATH} CMAKE_PREFIX_PATH=/home/mjlinux/Downloads/book_ros2_wrs/install/urdf_test:/home/mjlinux/Downloads/book_ros2_wrs/install/pmb2_controller_configuration:/opt/ros/humble PYTHONPATH=/home/mjlinux/Downloads/book_ros2_wrs/install/urdf_test/local/lib/python3.10/dist-packages:/home/mjlinux/Downloads/book_ros2_wrs/build/launch_pal:/home/mjlinux/Downloads/book_ros2_wrs/install/launch_pal/lib/python3.10/site-packages:${PYTHONPATH} /usr/bin/cmake --install /home/mjlinux/Downloads/book_ros2_wrs/build/pmb2_description
[1.053s] -- Install configuration: ""
[1.053s] -- Execute custom install script
[1.053s] -- Symlinking: /home/mjlinux/Downloads/book_ros2_wrs/install/pmb2_description/share/pmb2_description/environment/pythonpath.sh
[1.060s] -- Symlinking: /home/mjlinux/Downloads/book_ros2_wrs/install/pmb2_description/share/pmb2_description/environment/pythonpath.dsv
[1.070s] -- Symlinking: /home/mjlinux/Downloads/book_ros2_wrs/install/pmb2_description/local/lib/python3.10/dist-packages/pmb2_description-5.0.8-py3.10.egg-info/PKG-INFO
[1.077s] -- Symlinking: /home/mjlinux/Downloads/book_ros2_wrs/install/pmb2_description/local/lib/python3.10/dist-packages/pmb2_description-5.0.8-py3.10.egg-info/SOURCES.txt
[1.084s] -- Symlinking: /home/mjlinux/Downloads/book_ros2_wrs/install/pmb2_description/local/lib/python3.10/dist-packages/pmb2_description-5.0.8-py3.10.egg-info/dependency_links.txt
[1.110s] -- Symlinking: /home/mjlinux/Downloads/book_ros2_wrs/install/pmb2_description/local/lib/python3.10/dist-packages/pmb2_description-5.0.8-py3.10.egg-info/top_level.txt
[1.120s] -- Symlinking: /home/mjlinux/Downloads/book_ros2_wrs/install/pmb2_description/local/lib/python3.10/dist-packages/pmb2_description/__init__.py
[1.133s] -- Symlinking: /home/mjlinux/Downloads/book_ros2_wrs/install/pmb2_description/share/pmb2_description/config/joint_limits.yaml
[1.147s] -- Symlinking: /home/mjlinux/Downloads/book_ros2_wrs/install/pmb2_description/share/pmb2_description/gazebo/gazebo.urdf.xacro
[1.155s] -- Symlinking: /home/mjlinux/Downloads/book_ros2_wrs/install/pmb2_description/share/pmb2_description/launch/robot_state_publisher.launch.py
[1.162s] -- Symlinking: /home/mjlinux/Downloads/book_ros2_wrs/install/pmb2_description/share/pmb2_description/launch/show.launch.py
[1.169s] -- Symlinking: /home/mjlinux/Downloads/book_ros2_wrs/install/pmb2_description/share/pmb2_description/Media/materials/scripts/markers.material
[1.176s] -- Symlinking: /home/mjlinux/Downloads/book_ros2_wrs/install/pmb2_description/share/pmb2_description/Media/materials/textures/aruco-26_8cm.png
[1.184s] -- Symlinking: /home/mjlinux/Downloads/book_ros2_wrs/install/pmb2_description/share/pmb2_description/Media/materials/textures/aruco-582_8cm.png
[1.191s] -- Symlinking: /home/mjlinux/Downloads/book_ros2_wrs/install/pmb2_description/share/pmb2_description/Media/materials/textures/pal_logo_1_7cm.jpg
[1.215s] -- Symlinking: /home/mjlinux/Downloads/book_ros2_wrs/install/pmb2_description/share/pmb2_description/Media/materials/textures/pal_logo_2_7cm.jpg
[1.222s] -- Symlinking: /home/mjlinux/Downloads/book_ros2_wrs/install/pmb2_description/share/pmb2_description/Media/materials/textures/pal_logo_3_7cm.jpg
[1.231s] -- Symlinking: /home/mjlinux/Downloads/book_ros2_wrs/install/pmb2_description/share/pmb2_description/meshes/base/base.stl
[1.251s] -- Symlinking: /home/mjlinux/Downloads/book_ros2_wrs/install/pmb2_description/share/pmb2_description/meshes/base/base_collision.dae
[1.264s] -- Symlinking: /home/mjlinux/Downloads/book_ros2_wrs/install/pmb2_description/share/pmb2_description/meshes/base/base_ring.stl
[1.272s] -- Symlinking: /home/mjlinux/Downloads/book_ros2_wrs/install/pmb2_description/share/pmb2_description/meshes/base/high_resolution/base.stl
[1.279s] -- Symlinking: /home/mjlinux/Downloads/book_ros2_wrs/install/pmb2_description/share/pmb2_description/meshes/base/high_resolution/base_collision.stl
[1.290s] -- Symlinking: /home/mjlinux/Downloads/book_ros2_wrs/install/pmb2_description/share/pmb2_description/meshes/cameras_add_on/cameras_add_on.stl
[1.312s] -- Symlinking: /home/mjlinux/Downloads/book_ros2_wrs/install/pmb2_description/share/pmb2_description/meshes/cameras_add_on/cameras_add_on_collision.stl
[1.319s] -- Symlinking: /home/mjlinux/Downloads/book_ros2_wrs/install/pmb2_description/share/pmb2_description/meshes/dock/dock.stl
[1.327s] -- Symlinking: /home/mjlinux/Downloads/book_ros2_wrs/install/pmb2_description/share/pmb2_description/meshes/dock/dock_collision.stl
[1.335s] -- Symlinking: /home/mjlinux/Downloads/book_ros2_wrs/install/pmb2_description/share/pmb2_description/meshes/objects/antenna.stl
[1.342s] -- Symlinking: /home/mjlinux/Downloads/book_ros2_wrs/install/pmb2_description/share/pmb2_description/meshes/objects/cover.stl
[1.357s] -- Symlinking: /home/mjlinux/Downloads/book_ros2_wrs/install/pmb2_description/share/pmb2_description/meshes/objects/high_resolution/cover.stl
[1.365s] -- Symlinking: /home/mjlinux/Downloads/book_ros2_wrs/install/pmb2_description/share/pmb2_description/meshes/sensors/bumper.stl
[1.372s] -- Symlinking: /home/mjlinux/Downloads/book_ros2_wrs/install/pmb2_description/share/pmb2_description/meshes/sensors/bumper_collision.stl
[1.380s] -- Symlinking: /home/mjlinux/Downloads/book_ros2_wrs/install/pmb2_description/share/pmb2_description/meshes/sensors/elp_camera.stl
[1.387s] -- Symlinking: /home/mjlinux/Downloads/book_ros2_wrs/install/pmb2_description/share/pmb2_description/meshes/sensors/high_resolution/bumper.stl
[1.395s] -- Symlinking: /home/mjlinux/Downloads/book_ros2_wrs/install/pmb2_description/share/pmb2_description/meshes/sensors/high_resolution/hokuyo_urg_04lx_ug01.stl
[1.417s] -- Symlinking: /home/mjlinux/Downloads/book_ros2_wrs/install/pmb2_description/share/pmb2_description/meshes/sensors/high_resolution/sick_tim551.stl
[1.424s] -- Symlinking: /home/mjlinux/Downloads/book_ros2_wrs/install/pmb2_description/share/pmb2_description/meshes/sensors/high_resolution/srf05.stl
[1.432s] -- Symlinking: /home/mjlinux/Downloads/book_ros2_wrs/install/pmb2_description/share/pmb2_description/meshes/sensors/high_resolution/xtion_pro_live.stl
[1.439s] -- Symlinking: /home/mjlinux/Downloads/book_ros2_wrs/install/pmb2_description/share/pmb2_description/meshes/sensors/hokuyo_urg_04lx_ug01.stl
[1.447s] -- Symlinking: /home/mjlinux/Downloads/book_ros2_wrs/install/pmb2_description/share/pmb2_description/meshes/sensors/sick_tim551.stl
[1.454s] -- Symlinking: /home/mjlinux/Downloads/book_ros2_wrs/install/pmb2_description/share/pmb2_description/meshes/sensors/srf05.stl
[1.461s] -- Symlinking: /home/mjlinux/Downloads/book_ros2_wrs/install/pmb2_description/share/pmb2_description/meshes/sensors/structure_sensor.stl
[1.469s] -- Symlinking: /home/mjlinux/Downloads/book_ros2_wrs/install/pmb2_description/share/pmb2_description/meshes/sensors/xtion_pro_live.dae
[1.477s] -- Symlinking: /home/mjlinux/Downloads/book_ros2_wrs/install/pmb2_description/share/pmb2_description/meshes/wheels/caster_1.stl
[1.484s] -- Symlinking: /home/mjlinux/Downloads/book_ros2_wrs/install/pmb2_description/share/pmb2_description/meshes/wheels/caster_2.stl
[1.493s] -- Symlinking: /home/mjlinux/Downloads/book_ros2_wrs/install/pmb2_description/share/pmb2_description/meshes/wheels/high_resolution/caster_1.stl
[1.520s] -- Symlinking: /home/mjlinux/Downloads/book_ros2_wrs/install/pmb2_description/share/pmb2_description/meshes/wheels/high_resolution/caster_2.stl
[1.526s] -- Symlinking: /home/mjlinux/Downloads/book_ros2_wrs/install/pmb2_description/share/pmb2_description/meshes/wheels/high_resolution/wheel.stl
[1.533s] -- Symlinking: /home/mjlinux/Downloads/book_ros2_wrs/install/pmb2_description/share/pmb2_description/meshes/wheels/wheel.stl
[1.541s] -- Symlinking: /home/mjlinux/Downloads/book_ros2_wrs/install/pmb2_description/share/pmb2_description/robots/pmb2.urdf.xacro
[1.549s] -- Symlinking: /home/mjlinux/Downloads/book_ros2_wrs/install/pmb2_description/share/pmb2_description/ros2_control/ros2_control.urdf.xacro
[1.559s] -- Symlinking: /home/mjlinux/Downloads/book_ros2_wrs/install/pmb2_description/share/pmb2_description/urdf/base/base.urdf.xacro
[1.568s] -- Symlinking: /home/mjlinux/Downloads/book_ros2_wrs/install/pmb2_description/share/pmb2_description/urdf/base/base_sensors.urdf.xacro
[1.576s] -- Symlinking: /home/mjlinux/Downloads/book_ros2_wrs/install/pmb2_description/share/pmb2_description/urdf/base/footprint.yaml
[1.600s] -- Symlinking: /home/mjlinux/Downloads/book_ros2_wrs/install/pmb2_description/share/pmb2_description/urdf/cameras_add_on/cameras_add_on.urdf.xacro
[1.608s] -- Symlinking: /home/mjlinux/Downloads/book_ros2_wrs/install/pmb2_description/share/pmb2_description/urdf/deg_to_rad.xacro
[1.615s] -- Symlinking: /home/mjlinux/Downloads/book_ros2_wrs/install/pmb2_description/share/pmb2_description/urdf/dock/dock.urdf.xacro
[1.623s] -- Symlinking: /home/mjlinux/Downloads/book_ros2_wrs/install/pmb2_description/share/pmb2_description/urdf/materials.urdf.xacro
[1.631s] -- Symlinking: /home/mjlinux/Downloads/book_ros2_wrs/install/pmb2_description/share/pmb2_description/urdf/objects/antenna.urdf.xacro
[1.639s] -- Symlinking: /home/mjlinux/Downloads/book_ros2_wrs/install/pmb2_description/share/pmb2_description/urdf/objects/cover.urdf.xacro
[1.647s] -- Symlinking: /home/mjlinux/Downloads/book_ros2_wrs/install/pmb2_description/share/pmb2_description/urdf/sensors/bumper.gazebo.xacro
[1.654s] -- Symlinking: /home/mjlinux/Downloads/book_ros2_wrs/install/pmb2_description/share/pmb2_description/urdf/sensors/bumper.urdf.xacro
[1.662s] -- Symlinking: /home/mjlinux/Downloads/book_ros2_wrs/install/pmb2_description/share/pmb2_description/urdf/sensors/courier.urdf.xacro
[1.670s] -- Symlinking: /home/mjlinux/Downloads/book_ros2_wrs/install/pmb2_description/share/pmb2_description/urdf/sensors/elp_rgb.gazebo.xacro
[1.677s] -- Symlinking: /home/mjlinux/Downloads/book_ros2_wrs/install/pmb2_description/share/pmb2_description/urdf/sensors/elp_rgb.urdf.xacro
[1.685s] -- Symlinking: /home/mjlinux/Downloads/book_ros2_wrs/install/pmb2_description/share/pmb2_description/urdf/sensors/hokuyo_urg_04lx_ug01_laser.gazebo.xacro
[1.692s] -- Symlinking: /home/mjlinux/Downloads/book_ros2_wrs/install/pmb2_description/share/pmb2_description/urdf/sensors/hokuyo_urg_04lx_ug01_laser.urdf.xacro
[1.712s] -- Symlinking: /home/mjlinux/Downloads/book_ros2_wrs/install/pmb2_description/share/pmb2_description/urdf/sensors/imu.urdf.xacro
[1.720s] -- Symlinking: /home/mjlinux/Downloads/book_ros2_wrs/install/pmb2_description/share/pmb2_description/urdf/sensors/microphone.urdf.xacro
[1.731s] -- Symlinking: /home/mjlinux/Downloads/book_ros2_wrs/install/pmb2_description/share/pmb2_description/urdf/sensors/range.gazebo.xacro
[1.739s] -- Symlinking: /home/mjlinux/Downloads/book_ros2_wrs/install/pmb2_description/share/pmb2_description/urdf/sensors/range.urdf.xacro
[1.746s] -- Symlinking: /home/mjlinux/Downloads/book_ros2_wrs/install/pmb2_description/share/pmb2_description/urdf/sensors/sensors.ros2_control.xacro
[1.754s] -- Symlinking: /home/mjlinux/Downloads/book_ros2_wrs/install/pmb2_description/share/pmb2_description/urdf/sensors/sick_tim551_laser.gazebo.xacro
[1.761s] -- Symlinking: /home/mjlinux/Downloads/book_ros2_wrs/install/pmb2_description/share/pmb2_description/urdf/sensors/sick_tim551_laser.urdf.xacro
[1.768s] -- Symlinking: /home/mjlinux/Downloads/book_ros2_wrs/install/pmb2_description/share/pmb2_description/urdf/sensors/sick_tim561_laser.gazebo.xacro
[1.775s] -- Symlinking: /home/mjlinux/Downloads/book_ros2_wrs/install/pmb2_description/share/pmb2_description/urdf/sensors/sick_tim561_laser.urdf.xacro
[1.783s] -- Symlinking: /home/mjlinux/Downloads/book_ros2_wrs/install/pmb2_description/share/pmb2_description/urdf/sensors/sick_tim571_laser.gazebo.xacro
[1.790s] -- Symlinking: /home/mjlinux/Downloads/book_ros2_wrs/install/pmb2_description/share/pmb2_description/urdf/sensors/sick_tim571_laser.urdf.xacro
[1.815s] -- Symlinking: /home/mjlinux/Downloads/book_ros2_wrs/install/pmb2_description/share/pmb2_description/urdf/sensors/structure_sensor.gazebo.xacro
[1.820s] -- Symlinking: /home/mjlinux/Downloads/book_ros2_wrs/install/pmb2_description/share/pmb2_description/urdf/sensors/structure_sensor.urdf.xacro
[1.827s] -- Symlinking: /home/mjlinux/Downloads/book_ros2_wrs/install/pmb2_description/share/pmb2_description/urdf/wheels/caster.gazebo.xacro
[1.834s] -- Symlinking: /home/mjlinux/Downloads/book_ros2_wrs/install/pmb2_description/share/pmb2_description/urdf/wheels/caster.urdf.xacro
[1.841s] -- Symlinking: /home/mjlinux/Downloads/book_ros2_wrs/install/pmb2_description/share/pmb2_description/urdf/wheels/wheel.gazebo.xacro
[1.849s] -- Symlinking: /home/mjlinux/Downloads/book_ros2_wrs/install/pmb2_description/share/pmb2_description/urdf/wheels/wheel.ros2_control.xacro
[1.857s] -- Symlinking: /home/mjlinux/Downloads/book_ros2_wrs/install/pmb2_description/share/pmb2_description/urdf/wheels/wheel.urdf.xacro
[1.865s] -- Symlinking: /home/mjlinux/Downloads/book_ros2_wrs/install/pmb2_description/share/ament_index/resource_index/package_run_dependencies/pmb2_description
[1.872s] -- Symlinking: /home/mjlinux/Downloads/book_ros2_wrs/install/pmb2_description/share/ament_index/resource_index/parent_prefix_path/pmb2_description
[1.880s] -- Symlinking: /home/mjlinux/Downloads/book_ros2_wrs/install/pmb2_description/share/pmb2_description/environment/ament_prefix_path.sh
[1.887s] -- Symlinking: /home/mjlinux/Downloads/book_ros2_wrs/install/pmb2_description/share/pmb2_description/environment/ament_prefix_path.dsv
[1.912s] -- Symlinking: /home/mjlinux/Downloads/book_ros2_wrs/install/pmb2_description/share/pmb2_description/environment/path.sh
[1.918s] -- Symlinking: /home/mjlinux/Downloads/book_ros2_wrs/install/pmb2_description/share/pmb2_description/environment/path.dsv
[1.923s] -- Symlinking: /home/mjlinux/Downloads/book_ros2_wrs/install/pmb2_description/share/pmb2_description/local_setup.bash
[1.931s] -- Symlinking: /home/mjlinux/Downloads/book_ros2_wrs/install/pmb2_description/share/pmb2_description/local_setup.sh
[1.938s] -- Symlinking: /home/mjlinux/Downloads/book_ros2_wrs/install/pmb2_description/share/pmb2_description/local_setup.zsh
[1.946s] -- Symlinking: /home/mjlinux/Downloads/book_ros2_wrs/install/pmb2_description/share/pmb2_description/local_setup.dsv
[1.953s] -- Symlinking: /home/mjlinux/Downloads/book_ros2_wrs/install/pmb2_description/share/pmb2_description/package.dsv
[1.961s] -- Symlinking: /home/mjlinux/Downloads/book_ros2_wrs/install/pmb2_description/share/ament_index/resource_index/packages/pmb2_description
[1.969s] -- Symlinking: /home/mjlinux/Downloads/book_ros2_wrs/install/pmb2_description/share/pmb2_description/cmake/pmb2_descriptionConfig.cmake
[1.976s] -- Symlinking: /home/mjlinux/Downloads/book_ros2_wrs/install/pmb2_description/share/pmb2_description/cmake/pmb2_descriptionConfig-version.cmake
[1.983s] -- Symlinking: /home/mjlinux/Downloads/book_ros2_wrs/install/pmb2_description/share/pmb2_description/package.xml
[2.028s] Listing '/home/mjlinux/Downloads/book_ros2_wrs/install/pmb2_description/local/lib/python3.10/dist-packages/pmb2_description'...
[2.028s] Compiling '/home/mjlinux/Downloads/book_ros2_wrs/install/pmb2_description/local/lib/python3.10/dist-packages/pmb2_description/__init__.py'...
[2.038s] Invoked command in '/home/mjlinux/Downloads/book_ros2_wrs/build/pmb2_description' returned '0': AMENT_PREFIX_PATH=/home/mjlinux/Downloads/book_ros2_wrs/install/urdf_test:/home/mjlinux/Downloads/book_ros2_wrs/install/pmb2_controller_configuration:/home/mjlinux/Downloads/book_ros2_wrs/install/launch_pal:${AMENT_PREFIX_PATH} CMAKE_PREFIX_PATH=/home/mjlinux/Downloads/book_ros2_wrs/install/urdf_test:/home/mjlinux/Downloads/book_ros2_wrs/install/pmb2_controller_configuration:/opt/ros/humble PYTHONPATH=/home/mjlinux/Downloads/book_ros2_wrs/install/urdf_test/local/lib/python3.10/dist-packages:/home/mjlinux/Downloads/book_ros2_wrs/build/launch_pal:/home/mjlinux/Downloads/book_ros2_wrs/install/launch_pal/lib/python3.10/site-packages:${PYTHONPATH} /usr/bin/cmake --install /home/mjlinux/Downloads/book_ros2_wrs/build/pmb2_description
