[0.012s] Invoking command in '/home/mjlinux/Downloads/book_ros2_wrs/build/pmb2_2dnav': AMENT_PREFIX_PATH=/home/mjlinux/Downloads/book_ros2_wrs/install/pmb2_maps:/home/mjlinux/Downloads/book_ros2_wrs/install/pmb2_laser_sensors:${AMENT_PREFIX_PATH} CMAKE_PREFIX_PATH=/home/mjlinux/Downloads/book_ros2_wrs/install/pmb2_maps:/home/mjlinux/Downloads/book_ros2_wrs/install/pmb2_laser_sensors:/opt/ros/humble /usr/bin/cmake --build /home/mjlinux/Downloads/book_ros2_wrs/build/pmb2_2dnav -- -j4 -l4
[0.066s] Invoked command in '/home/mjlinux/Downloads/book_ros2_wrs/build/pmb2_2dnav' returned '0': AMENT_PREFIX_PATH=/home/mjlinux/Downloads/book_ros2_wrs/install/pmb2_maps:/home/mjlinux/Downloads/book_ros2_wrs/install/pmb2_laser_sensors:${AMENT_PREFIX_PATH} CMAKE_PREFIX_PATH=/home/mjlinux/Downloads/book_ros2_wrs/install/pmb2_maps:/home/mjlinux/Downloads/book_ros2_wrs/install/pmb2_laser_sensors:/opt/ros/humble /usr/bin/cmake --build /home/mjlinux/Downloads/book_ros2_wrs/build/pmb2_2dnav -- -j4 -l4
[0.087s] Invoking command in '/home/mjlinux/Downloads/book_ros2_wrs/build/pmb2_2dnav': AMENT_PREFIX_PATH=/home/mjlinux/Downloads/book_ros2_wrs/install/pmb2_maps:/home/mjlinux/Downloads/book_ros2_wrs/install/pmb2_laser_sensors:${AMENT_PREFIX_PATH} CMAKE_PREFIX_PATH=/home/mjlinux/Downloads/book_ros2_wrs/install/pmb2_maps:/home/mjlinux/Downloads/book_ros2_wrs/install/pmb2_laser_sensors:/opt/ros/humble /usr/bin/cmake --install /home/mjlinux/Downloads/book_ros2_wrs/build/pmb2_2dnav
[0.094s] -- Install configuration: ""
[0.094s] -- Execute custom install script
[0.094s] -- Up-to-date symlink: /home/mjlinux/Downloads/book_ros2_wrs/install/pmb2_2dnav/lib/pmb2_2dnav/record_mapping.sh
[0.094s] -- Up-to-date symlink: /home/mjlinux/Downloads/book_ros2_wrs/install/pmb2_2dnav/lib/pmb2_2dnav/record_move_base.sh
[0.095s] -- Up-to-date symlink: /home/mjlinux/Downloads/book_ros2_wrs/install/pmb2_2dnav/lib/pmb2_2dnav/record_odom.sh
[0.095s] -- Up-to-date symlink: /home/mjlinux/Downloads/book_ros2_wrs/install/pmb2_2dnav/lib/pmb2_2dnav/record_patrol.sh
[0.095s] -- Up-to-date symlink: /home/mjlinux/Downloads/book_ros2_wrs/install/pmb2_2dnav/lib/pmb2_2dnav/record_rgbd.sh
[0.095s] -- Up-to-date symlink: /home/mjlinux/Downloads/book_ros2_wrs/install/pmb2_2dnav/share/pmb2_2dnav/config/rviz/advanced_navigation.rviz
[0.095s] -- Up-to-date symlink: /home/mjlinux/Downloads/book_ros2_wrs/install/pmb2_2dnav/share/pmb2_2dnav/config/rviz/navigation.rviz
[0.095s] -- Up-to-date symlink: /home/mjlinux/Downloads/book_ros2_wrs/install/pmb2_2dnav/share/pmb2_2dnav/launch/pmb2_nav_bringup.launch.py
[0.095s] -- Up-to-date symlink: /home/mjlinux/Downloads/book_ros2_wrs/install/pmb2_2dnav/share/pmb2_2dnav/launch/pmb2_sim_nav_bringup.launch.py
[0.096s] -- Up-to-date symlink: /home/mjlinux/Downloads/book_ros2_wrs/install/pmb2_2dnav/share/pmb2_2dnav/params/pmb2_nav.yaml
[0.096s] -- Up-to-date symlink: /home/mjlinux/Downloads/book_ros2_wrs/install/pmb2_2dnav/share/pmb2_2dnav/params/pmb2_remappings.yaml
[0.096s] -- Up-to-date symlink: /home/mjlinux/Downloads/book_ros2_wrs/install/pmb2_2dnav/share/ament_index/resource_index/package_run_dependencies/pmb2_2dnav
[0.096s] -- Up-to-date symlink: /home/mjlinux/Downloads/book_ros2_wrs/install/pmb2_2dnav/share/ament_index/resource_index/parent_prefix_path/pmb2_2dnav
[0.096s] -- Up-to-date symlink: /home/mjlinux/Downloads/book_ros2_wrs/install/pmb2_2dnav/share/pmb2_2dnav/environment/ament_prefix_path.sh
[0.096s] -- Up-to-date symlink: /home/mjlinux/Downloads/book_ros2_wrs/install/pmb2_2dnav/share/pmb2_2dnav/environment/ament_prefix_path.dsv
[0.096s] -- Up-to-date symlink: /home/mjlinux/Downloads/book_ros2_wrs/install/pmb2_2dnav/share/pmb2_2dnav/environment/path.sh
[0.096s] -- Up-to-date symlink: /home/mjlinux/Downloads/book_ros2_wrs/install/pmb2_2dnav/share/pmb2_2dnav/environment/path.dsv
[0.096s] -- Up-to-date symlink: /home/mjlinux/Downloads/book_ros2_wrs/install/pmb2_2dnav/share/pmb2_2dnav/local_setup.bash
[0.096s] -- Up-to-date symlink: /home/mjlinux/Downloads/book_ros2_wrs/install/pmb2_2dnav/share/pmb2_2dnav/local_setup.sh
[0.096s] -- Up-to-date symlink: /home/mjlinux/Downloads/book_ros2_wrs/install/pmb2_2dnav/share/pmb2_2dnav/local_setup.zsh
[0.097s] -- Up-to-date symlink: /home/mjlinux/Downloads/book_ros2_wrs/install/pmb2_2dnav/share/pmb2_2dnav/local_setup.dsv
[0.097s] -- Symlinking: /home/mjlinux/Downloads/book_ros2_wrs/install/pmb2_2dnav/share/pmb2_2dnav/package.dsv
[0.107s] -- Up-to-date symlink: /home/mjlinux/Downloads/book_ros2_wrs/install/pmb2_2dnav/share/ament_index/resource_index/packages/pmb2_2dnav
[0.107s] -- Up-to-date symlink: /home/mjlinux/Downloads/book_ros2_wrs/install/pmb2_2dnav/share/pmb2_2dnav/cmake/pmb2_2dnavConfig.cmake
[0.107s] -- Up-to-date symlink: /home/mjlinux/Downloads/book_ros2_wrs/install/pmb2_2dnav/share/pmb2_2dnav/cmake/pmb2_2dnavConfig-version.cmake
[0.107s] -- Up-to-date symlink: /home/mjlinux/Downloads/book_ros2_wrs/install/pmb2_2dnav/share/pmb2_2dnav/package.xml
[0.114s] Invoked command in '/home/mjlinux/Downloads/book_ros2_wrs/build/pmb2_2dnav' returned '0': AMENT_PREFIX_PATH=/home/mjlinux/Downloads/book_ros2_wrs/install/pmb2_maps:/home/mjlinux/Downloads/book_ros2_wrs/install/pmb2_laser_sensors:${AMENT_PREFIX_PATH} CMAKE_PREFIX_PATH=/home/mjlinux/Downloads/book_ros2_wrs/install/pmb2_maps:/home/mjlinux/Downloads/book_ros2_wrs/install/pmb2_laser_sensors:/opt/ros/humble /usr/bin/cmake --install /home/mjlinux/Downloads/book_ros2_wrs/build/pmb2_2dnav
