[0.043s] Invoking command in '/home/mjlinux/Downloads/book_ros2_wrs/build/hey5_description': CMAKE_PREFIX_PATH=${CMAKE_PREFIX_PATH}:/home/mjlinux/Downloads/book_ros2_wrs/install/launch_pal:/home/mjlinux/Downloads/book_ros2_wrs/install/br2_fsm_bumpgo_py:/opt/ros/humble CONDA_PROMPT_MODIFIER=(ros) /usr/bin/cmake /home/mjlinux/Downloads/book_ros2_wrs/ThirdParty/hey5_description -DAMENT_CMAKE_SYMLINK_INSTALL=1 -DCMAKE_INSTALL_PREFIX=/home/mjlinux/Downloads/book_ros2_wrs/install/hey5_description
[0.265s] -- The C compiler identification is GNU 11.4.0
[0.389s] -- The CXX compiler identification is GNU 11.4.0
[0.403s] -- Detecting C compiler ABI info
[0.606s] -- Detecting C compiler ABI info - done
[0.615s] -- Check for working C compiler: /usr/bin/cc - skipped
[0.615s] -- Detecting C compile features
[0.616s] -- Detecting C compile features - done
[0.624s] -- Detecting CXX compiler ABI info
[0.789s] -- Detecting CXX compiler ABI info - done
[0.800s] -- Check for working CXX compiler: /usr/bin/c++ - skipped
[0.800s] -- Detecting CXX compile features
[0.801s] -- Detecting CXX compile features - done
[0.805s] -- Found ament_cmake_auto: 1.3.5 (/opt/ros/humble/share/ament_cmake_auto/cmake)
[1.117s] -- Found Python3: /usr/bin/python3.10 (found version "3.10.12") found components: Interpreter 
[1.198s] -- Override CMake install command with custom implementation using symlinks instead of copying resources
[1.247s] -- Found ament_lint_auto: 0.12.7 (/opt/ros/humble/share/ament_lint_auto/cmake)
[1.369s] -- Added test 'copyright' to check source files copyright and LICENSE
[1.378s] -- Added test 'lint_cmake' to check CMake code style
[1.385s] -- Added test 'xmllint' to check XML markup files
[1.389s] -- Configuring done
[1.405s] -- Generating done
[1.412s] -- Build files have been written to: /home/mjlinux/Downloads/book_ros2_wrs/build/hey5_description
[1.422s] Invoked command in '/home/mjlinux/Downloads/book_ros2_wrs/build/hey5_description' returned '0': CMAKE_PREFIX_PATH=${CMAKE_PREFIX_PATH}:/home/mjlinux/Downloads/book_ros2_wrs/install/launch_pal:/home/mjlinux/Downloads/book_ros2_wrs/install/br2_fsm_bumpgo_py:/opt/ros/humble CONDA_PROMPT_MODIFIER=(ros) /usr/bin/cmake /home/mjlinux/Downloads/book_ros2_wrs/ThirdParty/hey5_description -DAMENT_CMAKE_SYMLINK_INSTALL=1 -DCMAKE_INSTALL_PREFIX=/home/mjlinux/Downloads/book_ros2_wrs/install/hey5_description
[1.423s] Invoking command in '/home/mjlinux/Downloads/book_ros2_wrs/build/hey5_description': CMAKE_PREFIX_PATH=${CMAKE_PREFIX_PATH}:/home/mjlinux/Downloads/book_ros2_wrs/install/launch_pal:/home/mjlinux/Downloads/book_ros2_wrs/install/br2_fsm_bumpgo_py:/opt/ros/humble CONDA_PROMPT_MODIFIER=(ros) /usr/bin/cmake --build /home/mjlinux/Downloads/book_ros2_wrs/build/hey5_description -- -j4 -l4
[1.472s] Invoked command in '/home/mjlinux/Downloads/book_ros2_wrs/build/hey5_description' returned '0': CMAKE_PREFIX_PATH=${CMAKE_PREFIX_PATH}:/home/mjlinux/Downloads/book_ros2_wrs/install/launch_pal:/home/mjlinux/Downloads/book_ros2_wrs/install/br2_fsm_bumpgo_py:/opt/ros/humble CONDA_PROMPT_MODIFIER=(ros) /usr/bin/cmake --build /home/mjlinux/Downloads/book_ros2_wrs/build/hey5_description -- -j4 -l4
[1.517s] Invoking command in '/home/mjlinux/Downloads/book_ros2_wrs/build/hey5_description': CMAKE_PREFIX_PATH=${CMAKE_PREFIX_PATH}:/home/mjlinux/Downloads/book_ros2_wrs/install/launch_pal:/home/mjlinux/Downloads/book_ros2_wrs/install/br2_fsm_bumpgo_py:/opt/ros/humble CONDA_PROMPT_MODIFIER=(ros) /usr/bin/cmake --install /home/mjlinux/Downloads/book_ros2_wrs/build/hey5_description
[1.529s] -- Install configuration: ""
[1.531s] -- Execute custom install script
[1.532s] -- Symlinking: /home/mjlinux/Downloads/book_ros2_wrs/install/hey5_description/share/hey5_description/config/two_hands.rviz
[1.536s] -- Symlinking: /home/mjlinux/Downloads/book_ros2_wrs/install/hey5_description/share/hey5_description/gazebo/gazebo.urdf.xacro
[1.543s] -- Symlinking: /home/mjlinux/Downloads/book_ros2_wrs/install/hey5_description/share/hey5_description/launch/hey5_kinematics_test.launch
[1.561s] -- Symlinking: /home/mjlinux/Downloads/book_ros2_wrs/install/hey5_description/share/hey5_description/meshes/finger_abd_collision.stl
[1.566s] -- Symlinking: /home/mjlinux/Downloads/book_ros2_wrs/install/hey5_description/share/hey5_description/meshes/finger_flex_collision.stl
[1.579s] -- Symlinking: /home/mjlinux/Downloads/book_ros2_wrs/install/hey5_description/share/hey5_description/meshes/finger_flex_tip_collision.stl
[1.602s] -- Symlinking: /home/mjlinux/Downloads/book_ros2_wrs/install/hey5_description/share/hey5_description/meshes/palm.stl
[1.603s] -- Symlinking: /home/mjlinux/Downloads/book_ros2_wrs/install/hey5_description/share/hey5_description/meshes/palm_collision.stl
[1.664s] -- Symlinking: /home/mjlinux/Downloads/book_ros2_wrs/install/hey5_description/share/hey5_description/meshes/thumb_abd_collision.stl
[1.704s] -- Symlinking: /home/mjlinux/Downloads/book_ros2_wrs/install/hey5_description/share/hey5_description/robots/hey5_test.urdf.xacro
[1.741s] -- Symlinking: /home/mjlinux/Downloads/book_ros2_wrs/install/hey5_description/share/hey5_description/urdf/actuators.urdf.xacro
[1.779s] -- Symlinking: /home/mjlinux/Downloads/book_ros2_wrs/install/hey5_description/share/hey5_description/urdf/deg_to_rad.urdf.xacro
[1.820s] -- Symlinking: /home/mjlinux/Downloads/book_ros2_wrs/install/hey5_description/share/hey5_description/urdf/fingers.urdf.xacro
[1.842s] -- Symlinking: /home/mjlinux/Downloads/book_ros2_wrs/install/hey5_description/share/hey5_description/urdf/hey5.ros2_control.xacro
[1.880s] -- Symlinking: /home/mjlinux/Downloads/book_ros2_wrs/install/hey5_description/share/hey5_description/urdf/hey5.transmission.xacro
[1.912s] -- Symlinking: /home/mjlinux/Downloads/book_ros2_wrs/install/hey5_description/share/hey5_description/urdf/hey5_hand.urdf.xacro
[1.951s] -- Symlinking: /home/mjlinux/Downloads/book_ros2_wrs/install/hey5_description/share/hey5_description/urdf/materials.urdf.xacro
[1.969s] -- Symlinking: /home/mjlinux/Downloads/book_ros2_wrs/install/hey5_description/share/hey5_description/urdf/palm.urdf.xacro
[2.014s] -- Symlinking: /home/mjlinux/Downloads/book_ros2_wrs/install/hey5_description/share/hey5_description/urdf/transmissions.urdf.xacro
[2.043s] -- Symlinking: /home/mjlinux/Downloads/book_ros2_wrs/install/hey5_description/share/ament_index/resource_index/package_run_dependencies/hey5_description
[2.056s] -- Symlinking: /home/mjlinux/Downloads/book_ros2_wrs/install/hey5_description/share/ament_index/resource_index/parent_prefix_path/hey5_description
[2.082s] -- Symlinking: /home/mjlinux/Downloads/book_ros2_wrs/install/hey5_description/share/hey5_description/environment/ament_prefix_path.sh
[2.089s] -- Symlinking: /home/mjlinux/Downloads/book_ros2_wrs/install/hey5_description/share/hey5_description/environment/ament_prefix_path.dsv
[2.125s] -- Symlinking: /home/mjlinux/Downloads/book_ros2_wrs/install/hey5_description/share/hey5_description/environment/path.sh
[2.161s] -- Symlinking: /home/mjlinux/Downloads/book_ros2_wrs/install/hey5_description/share/hey5_description/environment/path.dsv
[2.175s] -- Symlinking: /home/mjlinux/Downloads/book_ros2_wrs/install/hey5_description/share/hey5_description/local_setup.bash
[2.185s] -- Symlinking: /home/mjlinux/Downloads/book_ros2_wrs/install/hey5_description/share/hey5_description/local_setup.sh
[2.193s] -- Symlinking: /home/mjlinux/Downloads/book_ros2_wrs/install/hey5_description/share/hey5_description/local_setup.zsh
[2.218s] -- Symlinking: /home/mjlinux/Downloads/book_ros2_wrs/install/hey5_description/share/hey5_description/local_setup.dsv
[2.233s] -- Symlinking: /home/mjlinux/Downloads/book_ros2_wrs/install/hey5_description/share/hey5_description/package.dsv
[2.250s] -- Symlinking: /home/mjlinux/Downloads/book_ros2_wrs/install/hey5_description/share/ament_index/resource_index/packages/hey5_description
[2.265s] -- Symlinking: /home/mjlinux/Downloads/book_ros2_wrs/install/hey5_description/share/hey5_description/cmake/hey5_descriptionConfig.cmake
[2.281s] -- Symlinking: /home/mjlinux/Downloads/book_ros2_wrs/install/hey5_description/share/hey5_description/cmake/hey5_descriptionConfig-version.cmake
[2.295s] -- Symlinking: /home/mjlinux/Downloads/book_ros2_wrs/install/hey5_description/share/hey5_description/package.xml
[2.318s] Invoked command in '/home/mjlinux/Downloads/book_ros2_wrs/build/hey5_description' returned '0': CMAKE_PREFIX_PATH=${CMAKE_PREFIX_PATH}:/home/mjlinux/Downloads/book_ros2_wrs/install/launch_pal:/home/mjlinux/Downloads/book_ros2_wrs/install/br2_fsm_bumpgo_py:/opt/ros/humble CONDA_PROMPT_MODIFIER=(ros) /usr/bin/cmake --install /home/mjlinux/Downloads/book_ros2_wrs/build/hey5_description
