[0.029s] Invoking command in '/home/mjlinux/Downloads/book_ros2_wrs/build/pmb2_2dnav': AMENT_PREFIX_PATH=/home/mjlinux/Downloads/book_ros2_wrs/install/pmb2_maps:/home/mjlinux/Downloads/book_ros2_wrs/install/pmb2_laser_sensors:${AMENT_PREFIX_PATH} CMAKE_PREFIX_PATH=/home/mjlinux/Downloads/book_ros2_wrs/install/pmb2_maps:/home/mjlinux/Downloads/book_ros2_wrs/install/pmb2_laser_sensors:/opt/ros/humble /usr/bin/cmake /home/mjlinux/Downloads/book_ros2_wrs/ThirdParty/pmb2_navigation/pmb2_2dnav -DAMENT_CMAKE_SYMLINK_INSTALL=1 -DCMAKE_INSTALL_PREFIX=/home/mjlinux/Downloads/book_ros2_wrs/install/pmb2_2dnav
[0.078s] -- The C compiler identification is GNU 11.4.0
[0.148s] -- The CXX compiler identification is GNU 11.4.0
[0.156s] -- Detecting C compiler ABI info
[0.238s] -- Detecting C compiler ABI info - done
[0.244s] -- Check for working C compiler: /usr/bin/cc - skipped
[0.244s] -- Detecting C compile features
[0.245s] -- Detecting C compile features - done
[0.247s] -- Detecting CXX compiler ABI info
[0.339s] -- Detecting CXX compiler ABI info - done
[0.345s] -- Check for working CXX compiler: /usr/bin/c++ - skipped
[0.345s] -- Detecting CXX compile features
[0.345s] -- Detecting CXX compile features - done
[0.347s] -- Found ament_cmake_auto: 1.3.5 (/opt/ros/humble/share/ament_cmake_auto/cmake)
[0.501s] -- Found Python3: /usr/bin/python3.10 (found version "3.10.12") found components: Interpreter 
[0.558s] -- Override CMake install command with custom implementation using symlinks instead of copying resources
[0.632s] -- Found ament_lint_auto: 0.12.7 (/opt/ros/humble/share/ament_lint_auto/cmake)
[0.647s] -- Added test 'copyright' to check source files copyright and LICENSE
[0.648s] -- Added test 'flake8' to check Python code syntax and style conventions
[0.648s] -- Added test 'lint_cmake' to check CMake code style
[0.649s] -- Added test 'pep257' to check Python code against some of the docstring style conventions in PEP 257
[0.649s] -- Added test 'xmllint' to check XML markup files
[0.650s] -- Configuring done
[0.652s] -- Generating done
[0.653s] -- Build files have been written to: /home/mjlinux/Downloads/book_ros2_wrs/build/pmb2_2dnav
[0.657s] Invoked command in '/home/mjlinux/Downloads/book_ros2_wrs/build/pmb2_2dnav' returned '0': AMENT_PREFIX_PATH=/home/mjlinux/Downloads/book_ros2_wrs/install/pmb2_maps:/home/mjlinux/Downloads/book_ros2_wrs/install/pmb2_laser_sensors:${AMENT_PREFIX_PATH} CMAKE_PREFIX_PATH=/home/mjlinux/Downloads/book_ros2_wrs/install/pmb2_maps:/home/mjlinux/Downloads/book_ros2_wrs/install/pmb2_laser_sensors:/opt/ros/humble /usr/bin/cmake /home/mjlinux/Downloads/book_ros2_wrs/ThirdParty/pmb2_navigation/pmb2_2dnav -DAMENT_CMAKE_SYMLINK_INSTALL=1 -DCMAKE_INSTALL_PREFIX=/home/mjlinux/Downloads/book_ros2_wrs/install/pmb2_2dnav
[0.657s] Invoking command in '/home/mjlinux/Downloads/book_ros2_wrs/build/pmb2_2dnav': AMENT_PREFIX_PATH=/home/mjlinux/Downloads/book_ros2_wrs/install/pmb2_maps:/home/mjlinux/Downloads/book_ros2_wrs/install/pmb2_laser_sensors:${AMENT_PREFIX_PATH} CMAKE_PREFIX_PATH=/home/mjlinux/Downloads/book_ros2_wrs/install/pmb2_maps:/home/mjlinux/Downloads/book_ros2_wrs/install/pmb2_laser_sensors:/opt/ros/humble /usr/bin/cmake --build /home/mjlinux/Downloads/book_ros2_wrs/build/pmb2_2dnav -- -j4 -l4
[0.698s] Invoked command in '/home/mjlinux/Downloads/book_ros2_wrs/build/pmb2_2dnav' returned '0': AMENT_PREFIX_PATH=/home/mjlinux/Downloads/book_ros2_wrs/install/pmb2_maps:/home/mjlinux/Downloads/book_ros2_wrs/install/pmb2_laser_sensors:${AMENT_PREFIX_PATH} CMAKE_PREFIX_PATH=/home/mjlinux/Downloads/book_ros2_wrs/install/pmb2_maps:/home/mjlinux/Downloads/book_ros2_wrs/install/pmb2_laser_sensors:/opt/ros/humble /usr/bin/cmake --build /home/mjlinux/Downloads/book_ros2_wrs/build/pmb2_2dnav -- -j4 -l4
[0.733s] Invoking command in '/home/mjlinux/Downloads/book_ros2_wrs/build/pmb2_2dnav': AMENT_PREFIX_PATH=/home/mjlinux/Downloads/book_ros2_wrs/install/pmb2_maps:/home/mjlinux/Downloads/book_ros2_wrs/install/pmb2_laser_sensors:${AMENT_PREFIX_PATH} CMAKE_PREFIX_PATH=/home/mjlinux/Downloads/book_ros2_wrs/install/pmb2_maps:/home/mjlinux/Downloads/book_ros2_wrs/install/pmb2_laser_sensors:/opt/ros/humble /usr/bin/cmake --install /home/mjlinux/Downloads/book_ros2_wrs/build/pmb2_2dnav
[0.740s] -- Install configuration: ""
[0.740s] -- Execute custom install script
[0.740s] -- Symlinking: /home/mjlinux/Downloads/book_ros2_wrs/install/pmb2_2dnav/lib/pmb2_2dnav/record_mapping.sh
[0.748s] -- Symlinking: /home/mjlinux/Downloads/book_ros2_wrs/install/pmb2_2dnav/lib/pmb2_2dnav/record_move_base.sh
[0.762s] -- Symlinking: /home/mjlinux/Downloads/book_ros2_wrs/install/pmb2_2dnav/lib/pmb2_2dnav/record_odom.sh
[0.770s] -- Symlinking: /home/mjlinux/Downloads/book_ros2_wrs/install/pmb2_2dnav/lib/pmb2_2dnav/record_patrol.sh
[0.778s] -- Symlinking: /home/mjlinux/Downloads/book_ros2_wrs/install/pmb2_2dnav/lib/pmb2_2dnav/record_rgbd.sh
[0.786s] -- Symlinking: /home/mjlinux/Downloads/book_ros2_wrs/install/pmb2_2dnav/share/pmb2_2dnav/config/rviz/advanced_navigation.rviz
[0.794s] -- Symlinking: /home/mjlinux/Downloads/book_ros2_wrs/install/pmb2_2dnav/share/pmb2_2dnav/config/rviz/navigation.rviz
[0.801s] -- Symlinking: /home/mjlinux/Downloads/book_ros2_wrs/install/pmb2_2dnav/share/pmb2_2dnav/launch/pmb2_nav_bringup.launch.py
[0.809s] -- Symlinking: /home/mjlinux/Downloads/book_ros2_wrs/install/pmb2_2dnav/share/pmb2_2dnav/launch/pmb2_sim_nav_bringup.launch.py
[0.834s] -- Symlinking: /home/mjlinux/Downloads/book_ros2_wrs/install/pmb2_2dnav/share/pmb2_2dnav/params/pmb2_nav.yaml
[0.843s] -- Symlinking: /home/mjlinux/Downloads/book_ros2_wrs/install/pmb2_2dnav/share/pmb2_2dnav/params/pmb2_remappings.yaml
[0.853s] -- Symlinking: /home/mjlinux/Downloads/book_ros2_wrs/install/pmb2_2dnav/share/ament_index/resource_index/package_run_dependencies/pmb2_2dnav
[0.860s] -- Symlinking: /home/mjlinux/Downloads/book_ros2_wrs/install/pmb2_2dnav/share/ament_index/resource_index/parent_prefix_path/pmb2_2dnav
[0.870s] -- Symlinking: /home/mjlinux/Downloads/book_ros2_wrs/install/pmb2_2dnav/share/pmb2_2dnav/environment/ament_prefix_path.sh
[0.883s] -- Symlinking: /home/mjlinux/Downloads/book_ros2_wrs/install/pmb2_2dnav/share/pmb2_2dnav/environment/ament_prefix_path.dsv
[0.890s] -- Symlinking: /home/mjlinux/Downloads/book_ros2_wrs/install/pmb2_2dnav/share/pmb2_2dnav/environment/path.sh
[0.898s] -- Symlinking: /home/mjlinux/Downloads/book_ros2_wrs/install/pmb2_2dnav/share/pmb2_2dnav/environment/path.dsv
[0.905s] -- Symlinking: /home/mjlinux/Downloads/book_ros2_wrs/install/pmb2_2dnav/share/pmb2_2dnav/local_setup.bash
[0.929s] -- Symlinking: /home/mjlinux/Downloads/book_ros2_wrs/install/pmb2_2dnav/share/pmb2_2dnav/local_setup.sh
[0.938s] -- Symlinking: /home/mjlinux/Downloads/book_ros2_wrs/install/pmb2_2dnav/share/pmb2_2dnav/local_setup.zsh
[0.946s] -- Symlinking: /home/mjlinux/Downloads/book_ros2_wrs/install/pmb2_2dnav/share/pmb2_2dnav/local_setup.dsv
[0.954s] -- Symlinking: /home/mjlinux/Downloads/book_ros2_wrs/install/pmb2_2dnav/share/pmb2_2dnav/package.dsv
[0.965s] -- Symlinking: /home/mjlinux/Downloads/book_ros2_wrs/install/pmb2_2dnav/share/ament_index/resource_index/packages/pmb2_2dnav
[0.973s] -- Symlinking: /home/mjlinux/Downloads/book_ros2_wrs/install/pmb2_2dnav/share/pmb2_2dnav/cmake/pmb2_2dnavConfig.cmake
[0.980s] -- Symlinking: /home/mjlinux/Downloads/book_ros2_wrs/install/pmb2_2dnav/share/pmb2_2dnav/cmake/pmb2_2dnavConfig-version.cmake
[0.988s] -- Symlinking: /home/mjlinux/Downloads/book_ros2_wrs/install/pmb2_2dnav/share/pmb2_2dnav/package.xml
[1.001s] Invoked command in '/home/mjlinux/Downloads/book_ros2_wrs/build/pmb2_2dnav' returned '0': AMENT_PREFIX_PATH=/home/mjlinux/Downloads/book_ros2_wrs/install/pmb2_maps:/home/mjlinux/Downloads/book_ros2_wrs/install/pmb2_laser_sensors:${AMENT_PREFIX_PATH} CMAKE_PREFIX_PATH=/home/mjlinux/Downloads/book_ros2_wrs/install/pmb2_maps:/home/mjlinux/Downloads/book_ros2_wrs/install/pmb2_laser_sensors:/opt/ros/humble /usr/bin/cmake --install /home/mjlinux/Downloads/book_ros2_wrs/build/pmb2_2dnav
