[0.024s] Invoking command in '/home/mjlinux/Downloads/book_ros2_wrs/build/groot': CMAKE_PREFIX_PATH=${CMAKE_PREFIX_PATH}:/home/mjlinux/Downloads/book_ros2_wrs/install/launch_pal:/home/mjlinux/Downloads/book_ros2_wrs/install/br2_fsm_bumpgo_py:/opt/ros/humble /usr/bin/cmake --build /home/mjlinux/Downloads/book_ros2_wrs/build/groot -- -j4 -l4
[0.130s] [  1%] [34m[1mAutomatic MOC and UIC for target QtNodeEditor[0m
[0.148s] [  1%] Built target QtNodeEditor_autogen
[0.189s] [ 57%] Built target QtNodeEditor
[0.229s] [ 58%] [34m[1mAutomatic MOC and UIC for target behavior_tree_editor[0m
[0.297s] [ 58%] Built target behavior_tree_editor_autogen
[0.357s] [ 74%] Built target behavior_tree_editor
[0.391s] [ 75%] [34m[1mAutomatic MOC and UIC for target Groot[0m
[0.392s] [ 75%] [34m[1mAutomatic MOC and UIC for target editor_test[0m
[0.436s] [ 75%] Built target editor_test_autogen
[0.440s] [ 76%] [34m[1mAutomatic MOC and UIC for target replay_test[0m
[0.444s] [ 76%] Built target Groot_autogen
[0.474s] [ 76%] Built target replay_test_autogen
[0.479s] [ 82%] Built target Groot
[0.483s] [ 91%] Built target editor_test
[0.503s] [100%] Built target replay_test
[0.556s] Invoked command in '/home/mjlinux/Downloads/book_ros2_wrs/build/groot' returned '0': CMAKE_PREFIX_PATH=${CMAKE_PREFIX_PATH}:/home/mjlinux/Downloads/book_ros2_wrs/install/launch_pal:/home/mjlinux/Downloads/book_ros2_wrs/install/br2_fsm_bumpgo_py:/opt/ros/humble /usr/bin/cmake --build /home/mjlinux/Downloads/book_ros2_wrs/build/groot -- -j4 -l4
[0.660s] Invoking command in '/home/mjlinux/Downloads/book_ros2_wrs/build/groot': CMAKE_PREFIX_PATH=${CMAKE_PREFIX_PATH}:/home/mjlinux/Downloads/book_ros2_wrs/install/launch_pal:/home/mjlinux/Downloads/book_ros2_wrs/install/br2_fsm_bumpgo_py:/opt/ros/humble /usr/bin/cmake --install /home/mjlinux/Downloads/book_ros2_wrs/build/groot
[0.670s] -- Install configuration: ""
[0.670s] -- Execute custom install script
[0.670s] -- Up-to-date symlink: /home/mjlinux/Downloads/book_ros2_wrs/install/groot/lib/libbehavior_tree_editor.so
[0.670s] -- Up-to-date symlink: /home/mjlinux/Downloads/book_ros2_wrs/install/groot/lib/groot/Groot
[0.670s] -- Up-to-date symlink: /home/mjlinux/Downloads/book_ros2_wrs/install/groot/share/groot/environment/library_path.sh
[0.670s] -- Up-to-date symlink: /home/mjlinux/Downloads/book_ros2_wrs/install/groot/share/groot/environment/library_path.dsv
[0.670s] -- Up-to-date symlink: /home/mjlinux/Downloads/book_ros2_wrs/install/groot/share/ament_index/resource_index/package_run_dependencies/groot
[0.670s] -- Up-to-date symlink: /home/mjlinux/Downloads/book_ros2_wrs/install/groot/share/ament_index/resource_index/parent_prefix_path/groot
[0.670s] -- Up-to-date symlink: /home/mjlinux/Downloads/book_ros2_wrs/install/groot/share/groot/environment/ament_prefix_path.sh
[0.671s] -- Up-to-date symlink: /home/mjlinux/Downloads/book_ros2_wrs/install/groot/share/groot/environment/ament_prefix_path.dsv
[0.671s] -- Up-to-date symlink: /home/mjlinux/Downloads/book_ros2_wrs/install/groot/share/groot/environment/path.sh
[0.671s] -- Up-to-date symlink: /home/mjlinux/Downloads/book_ros2_wrs/install/groot/share/groot/environment/path.dsv
[0.671s] -- Up-to-date symlink: /home/mjlinux/Downloads/book_ros2_wrs/install/groot/share/groot/local_setup.bash
[0.671s] -- Up-to-date symlink: /home/mjlinux/Downloads/book_ros2_wrs/install/groot/share/groot/local_setup.sh
[0.671s] -- Up-to-date symlink: /home/mjlinux/Downloads/book_ros2_wrs/install/groot/share/groot/local_setup.zsh
[0.671s] -- Up-to-date symlink: /home/mjlinux/Downloads/book_ros2_wrs/install/groot/share/groot/local_setup.dsv
[0.672s] -- Up-to-date symlink: /home/mjlinux/Downloads/book_ros2_wrs/install/groot/share/groot/package.dsv
[0.672s] -- Up-to-date symlink: /home/mjlinux/Downloads/book_ros2_wrs/install/groot/share/ament_index/resource_index/packages/groot
[0.672s] -- Up-to-date symlink: /home/mjlinux/Downloads/book_ros2_wrs/install/groot/share/groot/cmake/ament_cmake_export_include_directories-extras.cmake
[0.672s] -- Up-to-date symlink: /home/mjlinux/Downloads/book_ros2_wrs/install/groot/share/groot/cmake/ament_cmake_export_dependencies-extras.cmake
[0.672s] -- Up-to-date symlink: /home/mjlinux/Downloads/book_ros2_wrs/install/groot/share/groot/cmake/ament_cmake_export_libraries-extras.cmake
[0.672s] -- Up-to-date symlink: /home/mjlinux/Downloads/book_ros2_wrs/install/groot/share/groot/cmake/grootConfig.cmake
[0.672s] -- Up-to-date symlink: /home/mjlinux/Downloads/book_ros2_wrs/install/groot/share/groot/cmake/grootConfig-version.cmake
[0.672s] -- Up-to-date symlink: /home/mjlinux/Downloads/book_ros2_wrs/install/groot/share/groot/package.xml
[0.695s] Invoked command in '/home/mjlinux/Downloads/book_ros2_wrs/build/groot' returned '0': CMAKE_PREFIX_PATH=${CMAKE_PREFIX_PATH}:/home/mjlinux/Downloads/book_ros2_wrs/install/launch_pal:/home/mjlinux/Downloads/book_ros2_wrs/install/br2_fsm_bumpgo_py:/opt/ros/humble /usr/bin/cmake --install /home/mjlinux/Downloads/book_ros2_wrs/build/groot
