-- The C compiler identification is GNU 11.4.0
-- The CXX compiler identification is GNU 11.4.0
-- Detecting C compiler ABI info
-- Detecting C compiler ABI info - done
-- Check for working C compiler: /usr/bin/cc - skipped
-- Detecting C compile features
-- Detecting C compile features - done
-- Detecting CXX compiler ABI info
-- Detecting CXX compiler ABI info - done
-- Check for working CXX compiler: /usr/bin/c++ - skipped
-- Detecting CXX compile features
-- Detecting CXX compile features - done
-- Using CATKIN_DEVEL_PREFIX: /home/mjlinux/Downloads/book_ros2_wrs/build/catkin/devel
-- Using CMAKE_PREFIX_PATH: /home/mjlinux/Downloads/book_ros2_wrs/install/vision_msgs_rviz_plugins;/home/mjlinux/Downloads/book_ros2_wrs/install/br2_tracking;/home/mjlinux/Downloads/book_ros2_wrs/install/vision_msgs;/home/mjlinux/Downloads/book_ros2_wrs/install/urdf_test;/home/mjlinux/Downloads/book_ros2_wrs/install/tiago_simulation;/home/mjlinux/Downloads/book_ros2_wrs/install/tiago_robot;/home/mjlinux/Downloads/book_ros2_wrs/install/tiago_navigation;/home/mjlinux/Downloads/book_ros2_wrs/install/tiago_gazebo;/home/mjlinux/Downloads/book_ros2_wrs/install/tiago_moveit_config;/home/mjlinux/Downloads/book_ros2_wrs/install/tiago_laser_sensors;/home/mjlinux/Downloads/book_ros2_wrs/install/tiago_bringup;/home/mjlinux/Downloads/book_ros2_wrs/install/tiago_description;/home/mjlinux/Downloads/book_ros2_wrs/install/tiago_controller_configuration;/home/mjlinux/Downloads/book_ros2_wrs/install/tiago_2dnav;/home/mjlinux/Downloads/book_ros2_wrs/install/pmb2_robot;/home/mjlinux/Downloads/book_ros2_wrs/install/pmb2_navigation;/home/mjlinux/Downloads/book_ros2_wrs/install/pmb2_2dnav;/home/mjlinux/Downloads/book_ros2_wrs/install/pmb2_maps;/home/mjlinux/Downloads/book_ros2_wrs/install/pmb2_laser_sensors;/home/mjlinux/Downloads/book_ros2_wrs/install/pmb2_bringup;/home/mjlinux/Downloads/book_ros2_wrs/install/pmb2_description;/home/mjlinux/Downloads/book_ros2_wrs/install/pmb2_controller_configuration;/home/mjlinux/Downloads/book_ros2_wrs/install/pal_gripper;/home/mjlinux/Downloads/book_ros2_wrs/install/pal_gripper_description;/home/mjlinux/Downloads/book_ros2_wrs/install/pal_gripper_controller_configuration;/home/mjlinux/Downloads/book_ros2_wrs/install/pal_gazebo_worlds;/home/mjlinux/Downloads/book_ros2_wrs/install/hey5_description;/home/mjlinux/Downloads/book_ros2_wrs/install/groot;/home/mjlinux/Downloads/book_ros2_wrs/install/br2_vff_avoidance;/home/mjlinux/Downloads/book_ros2_wrs/install/br2_tracking_msgs;/home/mjlinux/Downloads/book_ros2_wrs/install/br2_tiago;/home/mjlinux/Downloads/book_ros2_wrs/install/br2_tf2_detector;/home/mjlinux/Downloads/book_ros2_wrs/install/br2_navigation;/home/mjlinux/Downloads/book_ros2_wrs/install/br2_fsm_bumpgo_cpp;/home/mjlinux/Downloads/book_ros2_wrs/install/br2_bt_patrolling;/home/mjlinux/Downloads/book_ros2_wrs/install/br2_bt_bumpgo;/home/mjlinux/Downloads/book_ros2_wrs/install/br2_basics
-- Override CMake install command with custom implementation using symlinks instead of copying resources
-- Found PythonInterp: /usr/bin/python3 (found suitable version "3.10.12", minimum required is "3") 
-- Using PYTHON_EXECUTABLE: /usr/bin/python3
-- Using Debian Python package layout
-- Using empy: /usr/bin/empy
-- Using CATKIN_ENABLE_TESTING: ON
-- Call enable_testing()
-- Using CATKIN_TEST_RESULTS_DIR: /home/mjlinux/Downloads/book_ros2_wrs/build/catkin/test_results
-- Forcing gtest/gmock from source, though one was otherwise available.
-- Found gtest sources under '/usr/src/googletest': gtests will be built
-- Found gmock sources under '/usr/src/googletest': gmock will be built
-- Found Python: /usr/bin/python3.10 (found version "3.10.12") found components: Interpreter 
-- Found Threads: TRUE  
-- nosetests not found, Python tests can not be run (try installing package 'python3-nose')
-- catkin 0.8.10
-- BUILD_SHARED_LIBS is on
-- skipping nosetests(test/local_tests) in project 'catkin'
-- skipping nosetests(test/unit_tests) in project 'catkin'
-- Configuring done
-- Generating done
-- Build files have been written to: /home/mjlinux/Downloads/book_ros2_wrs/build/catkin
Built target tests
-- Install configuration: ""
-- Execute custom install script
-- Symlinking: /home/mjlinux/Downloads/book_ros2_wrs/install/catkin/lib/pkgconfig/catkin.pc
-- Symlinking: /home/mjlinux/Downloads/book_ros2_wrs/install/catkin/share/catkin/cmake/catkinConfig.cmake
-- Symlinking: /home/mjlinux/Downloads/book_ros2_wrs/install/catkin/share/catkin/cmake/catkinConfig-version.cmake
-- Symlinking: /home/mjlinux/Downloads/book_ros2_wrs/install/catkin/share/catkin/package.xml
-- Symlinking: /home/mjlinux/Downloads/book_ros2_wrs/install/catkin/share/catkin/LICENSE
-- Up-to-date: /home/mjlinux/Downloads/book_ros2_wrs/install/catkin/share/catkin/cmake
-- Installing: /home/mjlinux/Downloads/book_ros2_wrs/install/catkin/share/catkin/cmake/empy.cmake
-- Installing: /home/mjlinux/Downloads/book_ros2_wrs/install/catkin/share/catkin/cmake/string_starts_with.cmake
-- Installing: /home/mjlinux/Downloads/book_ros2_wrs/install/catkin/share/catkin/cmake/list_append_deduplicate.cmake
-- Installing: /home/mjlinux/Downloads/book_ros2_wrs/install/catkin/share/catkin/cmake/debug_message.cmake
-- Installing: /home/mjlinux/Downloads/book_ros2_wrs/install/catkin/share/catkin/cmake/stamp.cmake
-- Installing: /home/mjlinux/Downloads/book_ros2_wrs/install/catkin/share/catkin/cmake/test
-- Installing: /home/mjlinux/Downloads/book_ros2_wrs/install/catkin/share/catkin/cmake/test/download_checkmd5.py
-- Installing: /home/mjlinux/Downloads/book_ros2_wrs/install/catkin/share/catkin/cmake/test/nosetests.cmake
-- Installing: /home/mjlinux/Downloads/book_ros2_wrs/install/catkin/share/catkin/cmake/test/catkin_download_test_data.cmake
-- Installing: /home/mjlinux/Downloads/book_ros2_wrs/install/catkin/share/catkin/cmake/test/run_tests.py
-- Installing: /home/mjlinux/Downloads/book_ros2_wrs/install/catkin/share/catkin/cmake/test/remove_test_results.py
-- Installing: /home/mjlinux/Downloads/book_ros2_wrs/install/catkin/share/catkin/cmake/test/tests.cmake
-- Installing: /home/mjlinux/Downloads/book_ros2_wrs/install/catkin/share/catkin/cmake/test/gtest.cmake
-- Installing: /home/mjlinux/Downloads/book_ros2_wrs/install/catkin/share/catkin/cmake/atomic_configure_file.cmake
-- Installing: /home/mjlinux/Downloads/book_ros2_wrs/install/catkin/share/catkin/cmake/env-hooks
-- Installing: /home/mjlinux/Downloads/book_ros2_wrs/install/catkin/share/catkin/cmake/env-hooks/05.catkin_make.bash
-- Installing: /home/mjlinux/Downloads/book_ros2_wrs/install/catkin/share/catkin/cmake/env-hooks/05.catkin_make_isolated.bash
-- Installing: /home/mjlinux/Downloads/book_ros2_wrs/install/catkin/share/catkin/cmake/list_append_unique.cmake
-- Installing: /home/mjlinux/Downloads/book_ros2_wrs/install/catkin/share/catkin/cmake/tools
-- Installing: /home/mjlinux/Downloads/book_ros2_wrs/install/catkin/share/catkin/cmake/tools/doxygen.cmake
-- Installing: /home/mjlinux/Downloads/book_ros2_wrs/install/catkin/share/catkin/cmake/tools/bz2.cmake
-- Installing: /home/mjlinux/Downloads/book_ros2_wrs/install/catkin/share/catkin/cmake/tools/rt.cmake
-- Installing: /home/mjlinux/Downloads/book_ros2_wrs/install/catkin/share/catkin/cmake/tools/threads.cmake
-- Installing: /home/mjlinux/Downloads/book_ros2_wrs/install/catkin/share/catkin/cmake/tools/libraries.cmake
-- Installing: /home/mjlinux/Downloads/book_ros2_wrs/install/catkin/share/catkin/cmake/catkin_workspace.cmake
-- Installing: /home/mjlinux/Downloads/book_ros2_wrs/install/catkin/share/catkin/cmake/catkin_download.cmake
-- Installing: /home/mjlinux/Downloads/book_ros2_wrs/install/catkin/share/catkin/cmake/catkin_metapackage.cmake
-- Installing: /home/mjlinux/Downloads/book_ros2_wrs/install/catkin/share/catkin/cmake/toplevel.cmake
-- Installing: /home/mjlinux/Downloads/book_ros2_wrs/install/catkin/share/catkin/cmake/interrogate_setup_dot_py.py
-- Installing: /home/mjlinux/Downloads/book_ros2_wrs/install/catkin/share/catkin/cmake/em
-- Installing: /home/mjlinux/Downloads/book_ros2_wrs/install/catkin/share/catkin/cmake/em/pkg.pc.em
-- Installing: /home/mjlinux/Downloads/book_ros2_wrs/install/catkin/share/catkin/cmake/em/order_packages.cmake.em
-- Installing: /home/mjlinux/Downloads/book_ros2_wrs/install/catkin/share/catkin/cmake/assert.cmake
-- Installing: /home/mjlinux/Downloads/book_ros2_wrs/install/catkin/share/catkin/cmake/custom_install.cmake
-- Installing: /home/mjlinux/Downloads/book_ros2_wrs/install/catkin/share/catkin/cmake/templates
-- Installing: /home/mjlinux/Downloads/book_ros2_wrs/install/catkin/share/catkin/cmake/templates/local_setup.sh.in
-- Installing: /home/mjlinux/Downloads/book_ros2_wrs/install/catkin/share/catkin/cmake/templates/local_setup.bat.in
-- Installing: /home/mjlinux/Downloads/book_ros2_wrs/install/catkin/share/catkin/cmake/templates/env.sh.in
-- Installing: /home/mjlinux/Downloads/book_ros2_wrs/install/catkin/share/catkin/cmake/templates/python_win32_wrapper.cpp.in
-- Installing: /home/mjlinux/Downloads/book_ros2_wrs/install/catkin/share/catkin/cmake/templates/pkgConfig-version.cmake.in
-- Installing: /home/mjlinux/Downloads/book_ros2_wrs/install/catkin/share/catkin/cmake/templates/python_distutils_install.bat.in
-- Installing: /home/mjlinux/Downloads/book_ros2_wrs/install/catkin/share/catkin/cmake/templates/_setup_util.py.in
-- Installing: /home/mjlinux/Downloads/book_ros2_wrs/install/catkin/share/catkin/cmake/templates/setup.sh.in
-- Installing: /home/mjlinux/Downloads/book_ros2_wrs/install/catkin/share/catkin/cmake/templates/pkg.context.pc.in
-- Installing: /home/mjlinux/Downloads/book_ros2_wrs/install/catkin/share/catkin/cmake/templates/setup.zsh.in
-- Installing: /home/mjlinux/Downloads/book_ros2_wrs/install/catkin/share/catkin/cmake/templates/relay.py.in
-- Installing: /home/mjlinux/Downloads/book_ros2_wrs/install/catkin/share/catkin/cmake/templates/python_distutils_install.sh.in
-- Installing: /home/mjlinux/Downloads/book_ros2_wrs/install/catkin/share/catkin/cmake/templates/rosinstall.in
-- Installing: /home/mjlinux/Downloads/book_ros2_wrs/install/catkin/share/catkin/cmake/templates/local_setup.bash.in
-- Installing: /home/mjlinux/Downloads/book_ros2_wrs/install/catkin/share/catkin/cmake/templates/setup.bash.in
-- Installing: /home/mjlinux/Downloads/book_ros2_wrs/install/catkin/share/catkin/cmake/templates/safe_execute_install.cmake.in
-- Installing: /home/mjlinux/Downloads/book_ros2_wrs/install/catkin/share/catkin/cmake/templates/cfg-extras.context.py.in
-- Installing: /home/mjlinux/Downloads/book_ros2_wrs/install/catkin/share/catkin/cmake/templates/Doxyfile.in
-- Installing: /home/mjlinux/Downloads/book_ros2_wrs/install/catkin/share/catkin/cmake/templates/setup.fish.in
-- Installing: /home/mjlinux/Downloads/book_ros2_wrs/install/catkin/share/catkin/cmake/templates/script.bat.in
-- Installing: /home/mjlinux/Downloads/book_ros2_wrs/install/catkin/share/catkin/cmake/templates/script.in
-- Installing: /home/mjlinux/Downloads/book_ros2_wrs/install/catkin/share/catkin/cmake/templates/pkgConfig.cmake.in
-- Installing: /home/mjlinux/Downloads/book_ros2_wrs/install/catkin/share/catkin/cmake/templates/script.py.in
-- Installing: /home/mjlinux/Downloads/book_ros2_wrs/install/catkin/share/catkin/cmake/templates/script.sh.in
-- Installing: /home/mjlinux/Downloads/book_ros2_wrs/install/catkin/share/catkin/cmake/templates/generate_cached_setup.py.in
-- Installing: /home/mjlinux/Downloads/book_ros2_wrs/install/catkin/share/catkin/cmake/templates/order_packages.context.py.in
-- Installing: /home/mjlinux/Downloads/book_ros2_wrs/install/catkin/share/catkin/cmake/templates/script.bash.in
-- Installing: /home/mjlinux/Downloads/book_ros2_wrs/install/catkin/share/catkin/cmake/templates/env.bat.in
-- Installing: /home/mjlinux/Downloads/book_ros2_wrs/install/catkin/share/catkin/cmake/templates/env-hook.context.py.in
-- Installing: /home/mjlinux/Downloads/book_ros2_wrs/install/catkin/share/catkin/cmake/templates/setup.bat.in
-- Installing: /home/mjlinux/Downloads/book_ros2_wrs/install/catkin/share/catkin/cmake/templates/__init__.py.in
-- Installing: /home/mjlinux/Downloads/book_ros2_wrs/install/catkin/share/catkin/cmake/templates/local_setup.zsh.in
-- Installing: /home/mjlinux/Downloads/book_ros2_wrs/install/catkin/share/catkin/cmake/templates/local_setup.fish.in
-- Installing: /home/mjlinux/Downloads/book_ros2_wrs/install/catkin/share/catkin/cmake/platform
-- Installing: /home/mjlinux/Downloads/book_ros2_wrs/install/catkin/share/catkin/cmake/platform/lsb.cmake
-- Installing: /home/mjlinux/Downloads/book_ros2_wrs/install/catkin/share/catkin/cmake/platform/windows.cmake
-- Installing: /home/mjlinux/Downloads/book_ros2_wrs/install/catkin/share/catkin/cmake/platform/ubuntu.cmake
-- Installing: /home/mjlinux/Downloads/book_ros2_wrs/install/catkin/share/catkin/cmake/find_program_required.cmake
-- Installing: /home/mjlinux/Downloads/book_ros2_wrs/install/catkin/share/catkin/cmake/catkin_package_xml.cmake
-- Installing: /home/mjlinux/Downloads/book_ros2_wrs/install/catkin/share/catkin/cmake/catkin_package.cmake
-- Installing: /home/mjlinux/Downloads/book_ros2_wrs/install/catkin/share/catkin/cmake/catkin_symlink_install.cmake
-- Installing: /home/mjlinux/Downloads/book_ros2_wrs/install/catkin/share/catkin/cmake/catkin_install_python.cmake
-- Installing: /home/mjlinux/Downloads/book_ros2_wrs/install/catkin/share/catkin/cmake/all.cmake
-- Installing: /home/mjlinux/Downloads/book_ros2_wrs/install/catkin/share/catkin/cmake/catkin_add_env_hooks.cmake
-- Installing: /home/mjlinux/Downloads/book_ros2_wrs/install/catkin/share/catkin/cmake/safe_execute_process.cmake
-- Installing: /home/mjlinux/Downloads/book_ros2_wrs/install/catkin/share/catkin/cmake/order_paths.py
-- Installing: /home/mjlinux/Downloads/book_ros2_wrs/install/catkin/share/catkin/cmake/parse_package_xml.py
-- Installing: /home/mjlinux/Downloads/book_ros2_wrs/install/catkin/share/catkin/cmake/list_insert_in_workspace_order.cmake
-- Installing: /home/mjlinux/Downloads/book_ros2_wrs/install/catkin/share/catkin/cmake/em_expand.cmake
-- Installing: /home/mjlinux/Downloads/book_ros2_wrs/install/catkin/share/catkin/cmake/symlink_install
-- Installing: /home/mjlinux/Downloads/book_ros2_wrs/install/catkin/share/catkin/cmake/symlink_install/catkin_symlink_install_programs.cmake
-- Installing: /home/mjlinux/Downloads/book_ros2_wrs/install/catkin/share/catkin/cmake/symlink_install/install.cmake
-- Installing: /home/mjlinux/Downloads/book_ros2_wrs/install/catkin/share/catkin/cmake/symlink_install/catkin_install_logic.cmake
-- Installing: /home/mjlinux/Downloads/book_ros2_wrs/install/catkin/share/catkin/cmake/symlink_install/catkin_symlink_install_targets.cmake
-- Installing: /home/mjlinux/Downloads/book_ros2_wrs/install/catkin/share/catkin/cmake/symlink_install/catkin_symlink_install.cmake.in
-- Installing: /home/mjlinux/Downloads/book_ros2_wrs/install/catkin/share/catkin/cmake/symlink_install/catkin_symlink_install_files.cmake
-- Installing: /home/mjlinux/Downloads/book_ros2_wrs/install/catkin/share/catkin/cmake/symlink_install/catkin_symlink_install_directory.cmake
-- Installing: /home/mjlinux/Downloads/book_ros2_wrs/install/catkin/share/catkin/cmake/symlink_install/catkin_symlink_install_append_install_code.cmake
-- Installing: /home/mjlinux/Downloads/book_ros2_wrs/install/catkin/share/catkin/cmake/catkin_python_setup.cmake
-- Installing: /home/mjlinux/Downloads/book_ros2_wrs/install/catkin/share/catkin/cmake/shell.cmake
-- Installing: /home/mjlinux/Downloads/book_ros2_wrs/install/catkin/share/catkin/cmake/catkin_destinations.cmake
-- Installing: /home/mjlinux/Downloads/book_ros2_wrs/install/catkin/share/catkin/cmake/legacy.cmake
-- Installing: /home/mjlinux/Downloads/book_ros2_wrs/install/catkin/share/catkin/cmake/python.cmake
-- Installing: /home/mjlinux/Downloads/book_ros2_wrs/install/catkin/share/catkin/cmake/catkin_libraries.cmake
-- Installing: /home/mjlinux/Downloads/book_ros2_wrs/install/catkin/share/catkin/cmake/catkin_generate_environment.cmake
+ cd /home/mjlinux/Downloads/book_ros2_wrs/catkin
+ mkdir -p /home/mjlinux/Downloads/book_ros2_wrs/install/catkin/lib/python3/dist-packages
+ /usr/bin/env PYTHONPATH=/home/mjlinux/Downloads/book_ros2_wrs/install/catkin/lib/python3/dist-packages:/home/mjlinux/Downloads/book_ros2_wrs/build/catkin/lib/python3/dist-packages:/home/mjlinux/Downloads/book_ros2_wrs/install/vision_msgs/local/lib/python3.10/dist-packages:/home/mjlinux/Downloads/book_ros2_wrs/install/urdf_test/local/lib/python3.10/dist-packages:/home/mjlinux/Downloads/book_ros2_wrs/install/tiago_description/local/lib/python3.10/dist-packages:/home/mjlinux/Downloads/book_ros2_wrs/install/pmb2_description/local/lib/python3.10/dist-packages:/home/mjlinux/Downloads/book_ros2_wrs/build/launch_pal:/home/mjlinux/Downloads/book_ros2_wrs/install/launch_pal/lib/python3.10/site-packages:/home/mjlinux/Downloads/book_ros2_wrs/install/br2_tracking_msgs/local/lib/python3.10/dist-packages:/home/mjlinux/Downloads/book_ros2_wrs/build/br2_fsm_bumpgo_py:/home/mjlinux/Downloads/book_ros2_wrs/install/br2_fsm_bumpgo_py/lib/python3.10/site-packages:/opt/ros/humble/lib/python3.10/site-packages:/opt/ros/humble/local/lib/python3.10/dist-packages CATKIN_BINARY_DIR=/home/mjlinux/Downloads/book_ros2_wrs/build/catkin /usr/bin/python3 /home/mjlinux/Downloads/book_ros2_wrs/catkin/setup.py egg_info --egg-base /home/mjlinux/Downloads/book_ros2_wrs/build/catkin build --build-base /home/mjlinux/Downloads/book_ros2_wrs/build/catkin install --root=/ --install-layout=deb --prefix=/home/mjlinux/Downloads/book_ros2_wrs/install/catkin --install-scripts=/home/mjlinux/Downloads/book_ros2_wrs/install/catkin/bin
running egg_info
creating /home/mjlinux/Downloads/book_ros2_wrs/build/catkin/catkin.egg-info
writing /home/mjlinux/Downloads/book_ros2_wrs/build/catkin/catkin.egg-info/PKG-INFO
writing dependency_links to /home/mjlinux/Downloads/book_ros2_wrs/build/catkin/catkin.egg-info/dependency_links.txt
writing top-level names to /home/mjlinux/Downloads/book_ros2_wrs/build/catkin/catkin.egg-info/top_level.txt
writing manifest file '/home/mjlinux/Downloads/book_ros2_wrs/build/catkin/catkin.egg-info/SOURCES.txt'
reading manifest file '/home/mjlinux/Downloads/book_ros2_wrs/build/catkin/catkin.egg-info/SOURCES.txt'
adding license file 'LICENSE'
writing manifest file '/home/mjlinux/Downloads/book_ros2_wrs/build/catkin/catkin.egg-info/SOURCES.txt'
running build
running build_py
creating /home/mjlinux/Downloads/book_ros2_wrs/build/catkin/lib
creating /home/mjlinux/Downloads/book_ros2_wrs/build/catkin/lib/catkin
copying python/catkin/builder.py -> /home/mjlinux/Downloads/book_ros2_wrs/build/catkin/lib/catkin
copying python/catkin/package_version.py -> /home/mjlinux/Downloads/book_ros2_wrs/build/catkin/lib/catkin
copying python/catkin/cmake.py -> /home/mjlinux/Downloads/book_ros2_wrs/build/catkin/lib/catkin
copying python/catkin/environment_cache.py -> /home/mjlinux/Downloads/book_ros2_wrs/build/catkin/lib/catkin
copying python/catkin/workspace_vcs.py -> /home/mjlinux/Downloads/book_ros2_wrs/build/catkin/lib/catkin
copying python/catkin/workspace.py -> /home/mjlinux/Downloads/book_ros2_wrs/build/catkin/lib/catkin
copying python/catkin/terminal_color.py -> /home/mjlinux/Downloads/book_ros2_wrs/build/catkin/lib/catkin
copying python/catkin/find_in_workspaces.py -> /home/mjlinux/Downloads/book_ros2_wrs/build/catkin/lib/catkin
copying python/catkin/tidy_xml.py -> /home/mjlinux/Downloads/book_ros2_wrs/build/catkin/lib/catkin
copying python/catkin/__init__.py -> /home/mjlinux/Downloads/book_ros2_wrs/build/catkin/lib/catkin
copying python/catkin/init_workspace.py -> /home/mjlinux/Downloads/book_ros2_wrs/build/catkin/lib/catkin
copying python/catkin/test_results.py -> /home/mjlinux/Downloads/book_ros2_wrs/build/catkin/lib/catkin
running build_scripts
creating /home/mjlinux/Downloads/book_ros2_wrs/build/catkin/scripts-3.10
copying and adjusting bin/catkin_find -> /home/mjlinux/Downloads/book_ros2_wrs/build/catkin/scripts-3.10
copying and adjusting bin/catkin_init_workspace -> /home/mjlinux/Downloads/book_ros2_wrs/build/catkin/scripts-3.10
copying and adjusting bin/catkin_make -> /home/mjlinux/Downloads/book_ros2_wrs/build/catkin/scripts-3.10
copying and adjusting bin/catkin_make_isolated -> /home/mjlinux/Downloads/book_ros2_wrs/build/catkin/scripts-3.10
copying and adjusting bin/catkin_test_results -> /home/mjlinux/Downloads/book_ros2_wrs/build/catkin/scripts-3.10
copying and adjusting bin/catkin_topological_order -> /home/mjlinux/Downloads/book_ros2_wrs/build/catkin/scripts-3.10
changing mode of /home/mjlinux/Downloads/book_ros2_wrs/build/catkin/scripts-3.10/catkin_find from 664 to 775
changing mode of /home/mjlinux/Downloads/book_ros2_wrs/build/catkin/scripts-3.10/catkin_init_workspace from 664 to 775
changing mode of /home/mjlinux/Downloads/book_ros2_wrs/build/catkin/scripts-3.10/catkin_make from 664 to 775
changing mode of /home/mjlinux/Downloads/book_ros2_wrs/build/catkin/scripts-3.10/catkin_make_isolated from 664 to 775
changing mode of /home/mjlinux/Downloads/book_ros2_wrs/build/catkin/scripts-3.10/catkin_test_results from 664 to 775
changing mode of /home/mjlinux/Downloads/book_ros2_wrs/build/catkin/scripts-3.10/catkin_topological_order from 664 to 775
running install
running install_lib
creating /home/mjlinux/Downloads/book_ros2_wrs/install/catkin/lib/python3/dist-packages/catkin
copying /home/mjlinux/Downloads/book_ros2_wrs/build/catkin/lib/catkin/builder.py -> /home/mjlinux/Downloads/book_ros2_wrs/install/catkin/lib/python3/dist-packages/catkin
copying /home/mjlinux/Downloads/book_ros2_wrs/build/catkin/lib/catkin/package_version.py -> /home/mjlinux/Downloads/book_ros2_wrs/install/catkin/lib/python3/dist-packages/catkin
copying /home/mjlinux/Downloads/book_ros2_wrs/build/catkin/lib/catkin/cmake.py -> /home/mjlinux/Downloads/book_ros2_wrs/install/catkin/lib/python3/dist-packages/catkin
copying /home/mjlinux/Downloads/book_ros2_wrs/build/catkin/lib/catkin/environment_cache.py -> /home/mjlinux/Downloads/book_ros2_wrs/install/catkin/lib/python3/dist-packages/catkin
copying /home/mjlinux/Downloads/book_ros2_wrs/build/catkin/lib/catkin/workspace_vcs.py -> /home/mjlinux/Downloads/book_ros2_wrs/install/catkin/lib/python3/dist-packages/catkin
copying /home/mjlinux/Downloads/book_ros2_wrs/build/catkin/lib/catkin/workspace.py -> /home/mjlinux/Downloads/book_ros2_wrs/install/catkin/lib/python3/dist-packages/catkin
copying /home/mjlinux/Downloads/book_ros2_wrs/build/catkin/lib/catkin/terminal_color.py -> /home/mjlinux/Downloads/book_ros2_wrs/install/catkin/lib/python3/dist-packages/catkin
copying /home/mjlinux/Downloads/book_ros2_wrs/build/catkin/lib/catkin/find_in_workspaces.py -> /home/mjlinux/Downloads/book_ros2_wrs/install/catkin/lib/python3/dist-packages/catkin
copying /home/mjlinux/Downloads/book_ros2_wrs/build/catkin/lib/catkin/tidy_xml.py -> /home/mjlinux/Downloads/book_ros2_wrs/install/catkin/lib/python3/dist-packages/catkin
copying /home/mjlinux/Downloads/book_ros2_wrs/build/catkin/lib/catkin/__init__.py -> /home/mjlinux/Downloads/book_ros2_wrs/install/catkin/lib/python3/dist-packages/catkin
copying /home/mjlinux/Downloads/book_ros2_wrs/build/catkin/lib/catkin/init_workspace.py -> /home/mjlinux/Downloads/book_ros2_wrs/install/catkin/lib/python3/dist-packages/catkin
copying /home/mjlinux/Downloads/book_ros2_wrs/build/catkin/lib/catkin/test_results.py -> /home/mjlinux/Downloads/book_ros2_wrs/install/catkin/lib/python3/dist-packages/catkin
byte-compiling /home/mjlinux/Downloads/book_ros2_wrs/install/catkin/lib/python3/dist-packages/catkin/builder.py to builder.cpython-310.pyc
byte-compiling /home/mjlinux/Downloads/book_ros2_wrs/install/catkin/lib/python3/dist-packages/catkin/package_version.py to package_version.cpython-310.pyc
byte-compiling /home/mjlinux/Downloads/book_ros2_wrs/install/catkin/lib/python3/dist-packages/catkin/cmake.py to cmake.cpython-310.pyc
byte-compiling /home/mjlinux/Downloads/book_ros2_wrs/install/catkin/lib/python3/dist-packages/catkin/environment_cache.py to environment_cache.cpython-310.pyc
byte-compiling /home/mjlinux/Downloads/book_ros2_wrs/install/catkin/lib/python3/dist-packages/catkin/workspace_vcs.py to workspace_vcs.cpython-310.pyc
byte-compiling /home/mjlinux/Downloads/book_ros2_wrs/install/catkin/lib/python3/dist-packages/catkin/workspace.py to workspace.cpython-310.pyc
byte-compiling /home/mjlinux/Downloads/book_ros2_wrs/install/catkin/lib/python3/dist-packages/catkin/terminal_color.py to terminal_color.cpython-310.pyc
byte-compiling /home/mjlinux/Downloads/book_ros2_wrs/install/catkin/lib/python3/dist-packages/catkin/find_in_workspaces.py to find_in_workspaces.cpython-310.pyc
byte-compiling /home/mjlinux/Downloads/book_ros2_wrs/install/catkin/lib/python3/dist-packages/catkin/tidy_xml.py to tidy_xml.cpython-310.pyc
byte-compiling /home/mjlinux/Downloads/book_ros2_wrs/install/catkin/lib/python3/dist-packages/catkin/__init__.py to __init__.cpython-310.pyc
byte-compiling /home/mjlinux/Downloads/book_ros2_wrs/install/catkin/lib/python3/dist-packages/catkin/init_workspace.py to init_workspace.cpython-310.pyc
byte-compiling /home/mjlinux/Downloads/book_ros2_wrs/install/catkin/lib/python3/dist-packages/catkin/test_results.py to test_results.cpython-310.pyc
running install_egg_info
Copying /home/mjlinux/Downloads/book_ros2_wrs/build/catkin/catkin.egg-info to /home/mjlinux/Downloads/book_ros2_wrs/install/catkin/lib/python3/dist-packages/catkin-0.8.10.egg-info
Skipping SOURCES.txt
running install_scripts
creating /home/mjlinux/Downloads/book_ros2_wrs/install/catkin/bin
copying /home/mjlinux/Downloads/book_ros2_wrs/build/catkin/scripts-3.10/catkin_topological_order -> /home/mjlinux/Downloads/book_ros2_wrs/install/catkin/bin
copying /home/mjlinux/Downloads/book_ros2_wrs/build/catkin/scripts-3.10/catkin_find -> /home/mjlinux/Downloads/book_ros2_wrs/install/catkin/bin
copying /home/mjlinux/Downloads/book_ros2_wrs/build/catkin/scripts-3.10/catkin_make_isolated -> /home/mjlinux/Downloads/book_ros2_wrs/install/catkin/bin
copying /home/mjlinux/Downloads/book_ros2_wrs/build/catkin/scripts-3.10/catkin_test_results -> /home/mjlinux/Downloads/book_ros2_wrs/install/catkin/bin
copying /home/mjlinux/Downloads/book_ros2_wrs/build/catkin/scripts-3.10/catkin_make -> /home/mjlinux/Downloads/book_ros2_wrs/install/catkin/bin
copying /home/mjlinux/Downloads/book_ros2_wrs/build/catkin/scripts-3.10/catkin_init_workspace -> /home/mjlinux/Downloads/book_ros2_wrs/install/catkin/bin
changing mode of /home/mjlinux/Downloads/book_ros2_wrs/install/catkin/bin/catkin_topological_order to 775
changing mode of /home/mjlinux/Downloads/book_ros2_wrs/install/catkin/bin/catkin_find to 775
changing mode of /home/mjlinux/Downloads/book_ros2_wrs/install/catkin/bin/catkin_make_isolated to 775
changing mode of /home/mjlinux/Downloads/book_ros2_wrs/install/catkin/bin/catkin_test_results to 775
changing mode of /home/mjlinux/Downloads/book_ros2_wrs/install/catkin/bin/catkin_make to 775
changing mode of /home/mjlinux/Downloads/book_ros2_wrs/install/catkin/bin/catkin_init_workspace to 775
