[0.032s] Invoking command in '/home/mjlinux/Downloads/book_ros2_wrs/build/br2_bt_bumpgo': CMAKE_PREFIX_PATH=${CMAKE_PREFIX_PATH}:/home/mjlinux/Downloads/book_ros2_wrs/install/launch_pal:/home/mjlinux/Downloads/book_ros2_wrs/install/br2_fsm_bumpgo_py:/opt/ros/humble CONDA_PROMPT_MODIFIER=(ros) /usr/bin/cmake /home/mjlinux/Downloads/book_ros2_wrs/book_ros2/br2_bt_bumpgo -DAMENT_CMAKE_SYMLINK_INSTALL=1 -DCMAKE_INSTALL_PREFIX=/home/mjlinux/Downloads/book_ros2_wrs/install/br2_bt_bumpgo
[0.279s] -- The C compiler identification is GNU 11.4.0
[0.408s] -- The CXX compiler identification is GNU 11.4.0
[0.426s] -- Detecting C compiler ABI info
[0.692s] -- Detecting C compiler ABI info - done
[0.706s] -- Check for working C compiler: /usr/bin/cc - skipped
[0.706s] -- Detecting C compile features
[0.707s] -- Detecting C compile features - done
[0.718s] -- Detecting CXX compiler ABI info
[0.871s] -- Detecting CXX compiler ABI info - done
[0.880s] -- Check for working CXX compiler: /usr/bin/c++ - skipped
[0.880s] -- Detecting CXX compile features
[0.884s] -- Detecting CXX compile features - done
[0.890s] -- Found ament_cmake: 1.3.5 (/opt/ros/humble/share/ament_cmake/cmake)
[1.223s] -- Found Python3: /usr/bin/python3.10 (found version "3.10.12") found components: Interpreter 
[1.277s] -- Override CMake install command with custom implementation using symlinks instead of copying resources
[1.306s] -- Found rclcpp: 16.0.5 (/opt/ros/humble/share/rclcpp/cmake)
[1.357s] -- Found rosidl_generator_c: 3.1.5 (/opt/ros/humble/share/rosidl_generator_c/cmake)
[1.363s] -- Found rosidl_adapter: 3.1.5 (/opt/ros/humble/share/rosidl_adapter/cmake)
[1.372s] -- Found rosidl_generator_cpp: 3.1.5 (/opt/ros/humble/share/rosidl_generator_cpp/cmake)
[1.397s] -- Using all available rosidl_typesupport_c: rosidl_typesupport_fastrtps_c;rosidl_typesupport_introspection_c
[1.418s] -- Using all available rosidl_typesupport_cpp: rosidl_typesupport_fastrtps_cpp;rosidl_typesupport_introspection_cpp
[1.545s] -- Found rmw_implementation_cmake: 6.1.1 (/opt/ros/humble/share/rmw_implementation_cmake/cmake)
[1.558s] -- Found rmw_fastrtps_cpp: 6.2.3 (/opt/ros/humble/share/rmw_fastrtps_cpp/cmake)
[1.901s] -- Found OpenSSL: /usr/lib/aarch64-linux-gnu/libcrypto.so (found version "3.0.2")  
[2.007s] -- Found FastRTPS: /opt/ros/humble/include  
[2.162s] -- Using RMW implementation 'rmw_fastrtps_cpp' as default
[2.207s] -- Looking for pthread.h
[2.475s] -- Looking for pthread.h - found
[2.476s] -- Performing Test CMAKE_HAVE_LIBC_PTHREAD
[2.875s] -- Performing Test CMAKE_HAVE_LIBC_PTHREAD - Success
[2.876s] -- Found Threads: TRUE  
[3.400s] -- Found sensor_msgs: 4.2.3 (/opt/ros/humble/share/sensor_msgs/cmake)
[3.708s] -- Found ZMQ: /usr/lib/aarch64-linux-gnu/libzmq.so  
[3.708s] -- ZeroMQ found.
[3.757s] -- Found ament_lint_auto: 0.12.7 (/opt/ros/humble/share/ament_lint_auto/cmake)
[4.130s] -- Found gtest sources under '/opt/ros/humble/src/gtest_vendor': C++ tests using 'Google Test' will be built
[4.150s] -- Added test 'copyright' to check source files copyright and LICENSE
[4.151s] -- Added test 'cppcheck' to perform static code analysis on C / C++ code
[4.152s] -- Configured cppcheck include dirs: /home/mjlinux/Downloads/book_ros2_wrs/book_ros2/br2_bt_bumpgo/include
[4.152s] -- Configured cppcheck exclude dirs and/or files: 
[4.153s] -- Added test 'cpplint' to check C / C++ code against the Google style
[4.153s] -- Configured cpplint exclude dirs and/or files: 
[4.154s] -- Added test 'lint_cmake' to check CMake code style
[4.155s] -- Added test 'uncrustify' to check C / C++ code style
[4.157s] -- Configured uncrustify additional arguments: 
[4.161s] -- Added test 'xmllint' to check XML markup files
[4.174s] -- Configuring done
[4.233s] -- Generating done
[4.235s] -- Build files have been written to: /home/mjlinux/Downloads/book_ros2_wrs/build/br2_bt_bumpgo
[4.262s] Invoked command in '/home/mjlinux/Downloads/book_ros2_wrs/build/br2_bt_bumpgo' returned '0': CMAKE_PREFIX_PATH=${CMAKE_PREFIX_PATH}:/home/mjlinux/Downloads/book_ros2_wrs/install/launch_pal:/home/mjlinux/Downloads/book_ros2_wrs/install/br2_fsm_bumpgo_py:/opt/ros/humble CONDA_PROMPT_MODIFIER=(ros) /usr/bin/cmake /home/mjlinux/Downloads/book_ros2_wrs/book_ros2/br2_bt_bumpgo -DAMENT_CMAKE_SYMLINK_INSTALL=1 -DCMAKE_INSTALL_PREFIX=/home/mjlinux/Downloads/book_ros2_wrs/install/br2_bt_bumpgo
[4.263s] Invoking command in '/home/mjlinux/Downloads/book_ros2_wrs/build/br2_bt_bumpgo': CMAKE_PREFIX_PATH=${CMAKE_PREFIX_PATH}:/home/mjlinux/Downloads/book_ros2_wrs/install/launch_pal:/home/mjlinux/Downloads/book_ros2_wrs/install/br2_fsm_bumpgo_py:/opt/ros/humble CONDA_PROMPT_MODIFIER=(ros) /usr/bin/cmake --build /home/mjlinux/Downloads/book_ros2_wrs/build/br2_bt_bumpgo -- -j4 -l4
[4.562s] [  5%] [32mBuilding CXX object CMakeFiles/br2_forward_bt_node.dir/src/br2_bt_bumpgo/Forward.cpp.o[0m
[4.588s] [ 11%] [32mBuilding CXX object CMakeFiles/br2_back_bt_node.dir/src/br2_bt_bumpgo/Back.cpp.o[0m
[4.646s] [ 16%] [32mBuilding CXX object CMakeFiles/br2_is_obstacle_bt_node.dir/src/br2_bt_bumpgo/IsObstacle.cpp.o[0m
[4.646s] [ 22%] [32mBuilding CXX object CMakeFiles/br2_turn_bt_node.dir/src/br2_bt_bumpgo/Turn.cpp.o[0m
[28.323s] [ 27%] [32m[1mLinking CXX shared library libbr2_turn_bt_node.so[0m
[29.475s] [ 27%] Built target br2_turn_bt_node
[42.906s] [ 33%] [32m[1mLinking CXX shared library libbr2_back_bt_node.so[0m
[43.538s] [ 33%] Built target br2_back_bt_node
[48.366s] [ 38%] [32m[1mLinking CXX shared library libbr2_forward_bt_node.so[0m
[48.813s] [ 38%] Built target br2_forward_bt_node
[60.354s] [ 44%] [32m[1mLinking CXX shared library libbr2_is_obstacle_bt_node.so[0m
[60.989s] [ 44%] Built target br2_is_obstacle_bt_node
[61.044s] [ 50%] [32mBuilding CXX object gtest/CMakeFiles/gtest.dir/src/gtest-all.cc.o[0m
[64.446s] [ 55%] [32m[1mLinking CXX static library libgtest.a[0m
[64.776s] [ 55%] Built target gtest
[64.806s] [ 61%] [32mBuilding CXX object tests/CMakeFiles/bt_forward.dir/bt_forward_main.cpp.o[0m
[67.926s] [ 66%] [32m[1mLinking CXX executable bt_forward[0m
[68.137s] [ 66%] Built target bt_forward
[68.176s] [ 72%] [32mBuilding CXX object gtest/CMakeFiles/gtest_main.dir/src/gtest_main.cc.o[0m
[68.868s] [ 77%] [32m[1mLinking CXX static library libgtest_main.a[0m
[68.972s] [ 77%] Built target gtest_main
[69.004s] [ 83%] [32mBuilding CXX object CMakeFiles/bt_bumpgo.dir/src/bt_bumpgo_main.cpp.o[0m
[72.103s] [ 88%] [32m[1mLinking CXX executable bt_bumpgo[0m
[72.225s] [ 88%] Built target bt_bumpgo
[72.275s] [ 94%] [32mBuilding CXX object tests/CMakeFiles/bt_action_test.dir/bt_action_test.cpp.o[0m
[79.014s] [100%] [32m[1mLinking CXX executable bt_action_test[0m
[79.482s] [100%] Built target bt_action_test
