[0.406s] Invoking command in '/home/mjlinux/Downloads/book_ros2_wrs/build/launch_pal': PYTHONPATH=/home/mjlinux/Downloads/book_ros2_wrs/build/launch_pal/prefix_override:/home/mjlinux/Downloads/book_ros2_wrs/install/launch_pal/lib/python3.10/site-packages:${PYTHONPATH} /usr/bin/python3 setup.py develop --editable --build-directory /home/mjlinux/Downloads/book_ros2_wrs/build/launch_pal/build --no-deps install_data
[0.571s] running develop
[0.571s] /usr/lib/python3/dist-packages/setuptools/command/easy_install.py:158: EasyInstallDeprecationWarning: easy_install command is deprecated. Use build and pip and other standards-based tools.
[0.571s]   warnings.warn(
[0.572s] /usr/lib/python3/dist-packages/setuptools/command/install.py:34: SetuptoolsDeprecationWarning: setup.py install is deprecated. Use build and pip and other standards-based tools.
[0.572s]   warnings.warn(
[0.674s] running egg_info
[0.675s] creating launch_pal.egg-info
[0.675s] writing launch_pal.egg-info/PKG-INFO
[0.675s] writing dependency_links to launch_pal.egg-info/dependency_links.txt
[0.675s] writing entry points to launch_pal.egg-info/entry_points.txt
[0.675s] writing requirements to launch_pal.egg-info/requires.txt
[0.675s] writing top-level names to launch_pal.egg-info/top_level.txt
[0.676s] writing manifest file 'launch_pal.egg-info/SOURCES.txt'
[0.676s] reading manifest file 'launch_pal.egg-info/SOURCES.txt'
[0.677s] writing manifest file 'launch_pal.egg-info/SOURCES.txt'
[0.678s] running build_ext
[0.678s] Creating /home/mjlinux/Downloads/book_ros2_wrs/install/launch_pal/lib/python3.10/site-packages/launch-pal.egg-link (link to .)
[0.679s] 
[0.679s] Installed /home/mjlinux/Downloads/book_ros2_wrs/build/launch_pal
[0.679s] running install_data
[0.679s] creating /home/mjlinux/Downloads/book_ros2_wrs/install/launch_pal/share/ament_index
[0.679s] creating /home/mjlinux/Downloads/book_ros2_wrs/install/launch_pal/share/ament_index/resource_index
[0.679s] creating /home/mjlinux/Downloads/book_ros2_wrs/install/launch_pal/share/ament_index/resource_index/packages
[0.679s] copying resource/launch_pal -> /home/mjlinux/Downloads/book_ros2_wrs/install/launch_pal/share/ament_index/resource_index/packages
[0.679s] copying package.xml -> /home/mjlinux/Downloads/book_ros2_wrs/install/launch_pal/share/launch_pal
[0.705s] Invoked command in '/home/mjlinux/Downloads/book_ros2_wrs/build/launch_pal' returned '0': PYTHONPATH=/home/mjlinux/Downloads/book_ros2_wrs/build/launch_pal/prefix_override:/home/mjlinux/Downloads/book_ros2_wrs/install/launch_pal/lib/python3.10/site-packages:${PYTHONPATH} /usr/bin/python3 setup.py develop --editable --build-directory /home/mjlinux/Downloads/book_ros2_wrs/build/launch_pal/build --no-deps install_data
