[0.007s] Invoking command in '/home/mjlinux/Downloads/book_ros2_wrs/build/vision_msgs_rviz_plugins': AMENT_PREFIX_PATH=/home/mjlinux/Downloads/book_ros2_wrs/install/vision_msgs:${AMENT_PREFIX_PATH} CMAKE_PREFIX_PATH=/home/mjlinux/Downloads/book_ros2_wrs/install/vision_msgs:/opt/ros/humble LD_LIBRARY_PATH=/home/mjlinux/Downloads/book_ros2_wrs/install/vision_msgs/lib:${LD_LIBRARY_PATH} PYTHONPATH=/home/mjlinux/Downloads/book_ros2_wrs/install/vision_msgs/local/lib/python3.10/dist-packages:${PYTHONPATH} /usr/bin/cmake /home/mjlinux/Downloads/book_ros2_wrs/vision_msgs/vision_msgs_rviz_plugins -DAMENT_CMAKE_SYMLINK_INSTALL=1 -DCMAKE_INSTALL_PREFIX=/home/mjlinux/Downloads/book_ros2_wrs/install/vision_msgs_rviz_plugins
[0.057s] -- The C compiler identification is GNU 11.4.0
[0.096s] -- The CXX compiler identification is GNU 11.4.0
[0.101s] -- Detecting C compiler ABI info
[0.159s] -- Detecting C compiler ABI info - done
[0.164s] -- Check for working C compiler: /usr/bin/cc - skipped
[0.165s] -- Detecting C compile features
[0.165s] -- Detecting C compile features - done
[0.167s] -- Detecting CXX compiler ABI info
[0.226s] -- Detecting CXX compiler ABI info - done
[0.232s] -- Check for working CXX compiler: /usr/bin/c++ - skipped
[0.232s] -- Detecting CXX compile features
[0.232s] -- Detecting CXX compile features - done
[0.247s] -- Found yaml_cpp_vendor: 8.0.2 (/opt/ros/humble/share/yaml_cpp_vendor/cmake)
[0.250s] -- Found ament_cmake: 1.3.5 (/opt/ros/humble/share/ament_cmake/cmake)
[0.358s] -- Found Python3: /usr/bin/python3.10 (found version "3.10.12") found components: Interpreter 
[0.398s] -- Override CMake install command with custom implementation using symlinks instead of copying resources
[0.415s] -- Found rcpputils: 2.4.1 (/opt/ros/humble/share/rcpputils/cmake)
[0.421s] -- Found rclcpp: 16.0.5 (/opt/ros/humble/share/rclcpp/cmake)
[0.443s] -- Found rosidl_generator_c: 3.1.5 (/opt/ros/humble/share/rosidl_generator_c/cmake)
[0.446s] -- Found rosidl_adapter: 3.1.5 (/opt/ros/humble/share/rosidl_adapter/cmake)
[0.452s] -- Found rosidl_generator_cpp: 3.1.5 (/opt/ros/humble/share/rosidl_generator_cpp/cmake)
[0.464s] -- Using all available rosidl_typesupport_c: rosidl_typesupport_fastrtps_c;rosidl_typesupport_introspection_c
[0.476s] -- Using all available rosidl_typesupport_cpp: rosidl_typesupport_fastrtps_cpp;rosidl_typesupport_introspection_cpp
[0.530s] -- Found rmw_implementation_cmake: 6.1.1 (/opt/ros/humble/share/rmw_implementation_cmake/cmake)
[0.531s] -- Found rmw_fastrtps_cpp: 6.2.3 (/opt/ros/humble/share/rmw_fastrtps_cpp/cmake)
[0.608s] -- Found OpenSSL: /usr/lib/aarch64-linux-gnu/libcrypto.so (found version "3.0.2")  
[0.628s] -- Found FastRTPS: /opt/ros/humble/include  
[0.669s] -- Using RMW implementation 'rmw_fastrtps_cpp' as default
[0.676s] -- Looking for pthread.h
[0.730s] -- Looking for pthread.h - found
[0.731s] -- Performing Test CMAKE_HAVE_LIBC_PTHREAD
[0.801s] -- Performing Test CMAKE_HAVE_LIBC_PTHREAD - Success
[0.801s] -- Found Threads: TRUE  
[0.922s] -- Found rclpy: 3.3.9 (/opt/ros/humble/share/rclpy/cmake)
[0.924s] -- Found pluginlib: 5.1.0 (/opt/ros/humble/share/pluginlib/cmake)
[0.948s] -- Found rviz_common: 11.2.7 (/opt/ros/humble/share/rviz_common/cmake)
[0.969s] -- Setting OGRE_DIR to: '/opt/ros/humble/share/rviz_ogre_vendor/cmake/../../../opt/rviz_ogre_vendor/lib/OGRE/cmake'
[0.971s] -- Found OGRE
[0.971s] --   static     : OFF
[0.971s] --   components : HLMS;MeshLodGenerator;Overlay;Paging;Property;RTShaderSystem;Terrain;Volume
[0.971s] --   plugins    : Plugin_BSPSceneManager;Plugin_OctreeSceneManager;Plugin_PCZSceneManager;Plugin_ParticleFX;RenderSystem_GL;RenderSystem_GL3Plus;Codec_STBI
[0.971s] --   media      : /opt/ros/humble/opt/rviz_ogre_vendor/share/OGRE/Media
[0.972s] -- OGRE_LIBRARIES: OgreHLMS;OgreMeshLodGenerator;OgreOverlay;OgrePaging;OgreProperty;OgreRTShaderSystem;OgreTerrain;OgreVolume;OgreMain
[0.972s] -- OGRE_LIBRARY_DIRS: /opt/ros/humble/opt/rviz_ogre_vendor/lib
[0.972s] -- OGRE_PLUGINS: Plugin_BSPSceneManager;Plugin_OctreeSceneManager;Plugin_PCZSceneManager;Plugin_ParticleFX;RenderSystem_GL;RenderSystem_GL3Plus;Codec_STBI
[0.972s] -- OGRE_PLUGIN_DIR: /opt/ros/humble/opt/rviz_ogre_vendor/lib/OGRE
[0.972s] -- rviz_ogre_vendor::OgreOverlay for IMPORTED_LOCATION_RELEASE: /opt/ros/humble/opt/rviz_ogre_vendor/lib/libOgreOverlay.so
[0.972s] -- rviz_ogre_vendor::OgreOverlay for IMPORTED_LOCATION_DEBUG: /opt/ros/humble/opt/rviz_ogre_vendor/lib/libOgreOverlay.so
[0.972s] -- rviz_ogre_vendor::OgreMain for IMPORTED_LOCATION_RELEASE: /opt/ros/humble/opt/rviz_ogre_vendor/lib/libOgreMain.so
[0.972s] -- rviz_ogre_vendor::OgreMain for IMPORTED_LOCATION_DEBUG: /opt/ros/humble/opt/rviz_ogre_vendor/lib/libOgreMain.so
[0.973s] -- Could not find freeimage library
[0.993s] -- Found ZLIB: /usr/lib/aarch64-linux-gnu/libz.so (found version "1.2.11") 
[0.997s] -- Found OpenGL: /usr/lib/aarch64-linux-gnu/libOpenGL.so   
[1.078s] -- Found X11: /usr/include   
[1.078s] -- Looking for XOpenDisplay in /usr/lib/aarch64-linux-gnu/libX11.so;/usr/lib/aarch64-linux-gnu/libXext.so
[1.142s] -- Looking for XOpenDisplay in /usr/lib/aarch64-linux-gnu/libX11.so;/usr/lib/aarch64-linux-gnu/libXext.so - found
[1.142s] -- Looking for gethostbyname
[1.204s] -- Looking for gethostbyname - found
[1.204s] -- Looking for connect
[1.328s] -- Looking for connect - found
[1.328s] -- Looking for remove
[1.557s] -- Looking for remove - found
[1.557s] -- Looking for shmat
[1.852s] -- Looking for shmat - found
[1.853s] -- Looking for IceConnectionNumber in ICE
[2.121s] -- Looking for IceConnectionNumber in ICE - found
[2.121s] -- rviz_ogre_vendor::RenderSystem_GL for IMPORTED_LOCATION_RELEASE: _render_system_gl_static_library_abs-NOTFOUND
[2.121s] -- rviz_ogre_vendor::RenderSystem_GL for IMPORTED_LOCATION_DEBUG: _render_system_gl_static_library_abs-NOTFOUND
[2.587s] -- library: /usr/lib/aarch64-linux-gnu/libcurl.so
[2.902s] -- Found Eigen3: TRUE (found version "3.4.0") 
[2.902s] -- Ensuring Eigen3 include directory is part of orocos-kdl CMake target
[3.469s] -- Found rviz_default_plugins: 11.2.7 (/opt/ros/humble/share/rviz_default_plugins/cmake)
[4.249s] -- Found vision_msgs: 4.1.0 (/home/mjlinux/Downloads/book_ros2_wrs/install/vision_msgs/share/vision_msgs/cmake)
[4.330s] -- Found ament_lint_auto: 0.12.7 (/opt/ros/humble/share/ament_lint_auto/cmake)
[4.424s] -- Added test 'copyright' to check source files copyright and LICENSE
[4.429s] -- Added test 'cppcheck' to perform static code analysis on C / C++ code
[4.429s] -- Configured cppcheck include dirs: $<BUILD_INTERFACE:/home/mjlinux/Downloads/book_ros2_wrs/vision_msgs/vision_msgs_rviz_plugins/include>
[4.429s] -- Configured cppcheck exclude dirs and/or files: 
[4.431s] -- Added test 'cpplint' to check C / C++ code against the Google style
[4.431s] -- Configured cpplint exclude dirs and/or files: 
[4.432s] -- Added test 'flake8' to check Python code syntax and style conventions
[4.432s] -- Added test 'lint_cmake' to check CMake code style
[4.432s] -- Added test 'pep257' to check Python code against some of the docstring style conventions in PEP 257
[4.434s] -- Added test 'uncrustify' to check C / C++ code style
[4.435s] -- Configured uncrustify additional arguments: 
[4.436s] -- Added test 'xmllint' to check XML markup files
[4.440s] -- Configuring done
[4.521s] -- Generating done
[4.523s] -- Build files have been written to: /home/mjlinux/Downloads/book_ros2_wrs/build/vision_msgs_rviz_plugins
[4.536s] Invoked command in '/home/mjlinux/Downloads/book_ros2_wrs/build/vision_msgs_rviz_plugins' returned '0': AMENT_PREFIX_PATH=/home/mjlinux/Downloads/book_ros2_wrs/install/vision_msgs:${AMENT_PREFIX_PATH} CMAKE_PREFIX_PATH=/home/mjlinux/Downloads/book_ros2_wrs/install/vision_msgs:/opt/ros/humble LD_LIBRARY_PATH=/home/mjlinux/Downloads/book_ros2_wrs/install/vision_msgs/lib:${LD_LIBRARY_PATH} PYTHONPATH=/home/mjlinux/Downloads/book_ros2_wrs/install/vision_msgs/local/lib/python3.10/dist-packages:${PYTHONPATH} /usr/bin/cmake /home/mjlinux/Downloads/book_ros2_wrs/vision_msgs/vision_msgs_rviz_plugins -DAMENT_CMAKE_SYMLINK_INSTALL=1 -DCMAKE_INSTALL_PREFIX=/home/mjlinux/Downloads/book_ros2_wrs/install/vision_msgs_rviz_plugins
[4.539s] Invoking command in '/home/mjlinux/Downloads/book_ros2_wrs/build/vision_msgs_rviz_plugins': AMENT_PREFIX_PATH=/home/mjlinux/Downloads/book_ros2_wrs/install/vision_msgs:${AMENT_PREFIX_PATH} CMAKE_PREFIX_PATH=/home/mjlinux/Downloads/book_ros2_wrs/install/vision_msgs:/opt/ros/humble LD_LIBRARY_PATH=/home/mjlinux/Downloads/book_ros2_wrs/install/vision_msgs/lib:${LD_LIBRARY_PATH} PYTHONPATH=/home/mjlinux/Downloads/book_ros2_wrs/install/vision_msgs/local/lib/python3.10/dist-packages:${PYTHONPATH} /usr/bin/cmake --build /home/mjlinux/Downloads/book_ros2_wrs/build/vision_msgs_rviz_plugins -- -j4 -l4
[4.647s] [  6%] [34m[1mAutomatic MOC for target vision_msgs_rviz_plugins[0m
[4.703s] [  6%] Built target vision_msgs_rviz_plugins_autogen
[4.717s] [ 20%] [34m[1mGenerating include/vision_msgs_rviz_plugins/moc_detection_3d_array.cpp[0m
[4.717s] [ 20%] [34m[1mGenerating include/vision_msgs_rviz_plugins/moc_bounding_box_3d_array.cpp[0m
[4.725s] [ 33%] [34m[1mGenerating include/vision_msgs_rviz_plugins/moc_bounding_box_3d.cpp[0m
[4.725s] [ 33%] [34m[1mGenerating include/vision_msgs_rviz_plugins/moc_detection_3d.cpp[0m
[4.751s] [ 46%] [32mBuilding CXX object CMakeFiles/vision_msgs_rviz_plugins.dir/vision_msgs_rviz_plugins_autogen/mocs_compilation.cpp.o[0m
[4.751s] [ 46%] [32mBuilding CXX object CMakeFiles/vision_msgs_rviz_plugins.dir/include/vision_msgs_rviz_plugins/moc_detection_3d.cpp.o[0m
[4.772s] [ 53%] [32mBuilding CXX object CMakeFiles/vision_msgs_rviz_plugins.dir/include/vision_msgs_rviz_plugins/moc_detection_3d_array.cpp.o[0m
[4.774s] [ 60%] [32mBuilding CXX object CMakeFiles/vision_msgs_rviz_plugins.dir/include/vision_msgs_rviz_plugins/moc_bounding_box_3d.cpp.o[0m
[4.831s] [ 66%] [32mBuilding CXX object CMakeFiles/vision_msgs_rviz_plugins.dir/include/vision_msgs_rviz_plugins/moc_bounding_box_3d_array.cpp.o[0m
[56.055s] [ 73%] [32mBuilding CXX object CMakeFiles/vision_msgs_rviz_plugins.dir/src/bounding_box_3d.cpp.o[0m
[65.954s] [ 80%] [32mBuilding CXX object CMakeFiles/vision_msgs_rviz_plugins.dir/src/bounding_box_3d_array.cpp.o[0m
[74.060s] [ 86%] [32mBuilding CXX object CMakeFiles/vision_msgs_rviz_plugins.dir/src/detection_3d.cpp.o[0m
[82.772s] [ 93%] [32mBuilding CXX object CMakeFiles/vision_msgs_rviz_plugins.dir/src/detection_3d_array.cpp.o[0m
[90.040s] [100%] [32m[1mLinking CXX shared library libvision_msgs_rviz_plugins.so[0m
[93.368s] [100%] Built target vision_msgs_rviz_plugins
[93.399s] Invoked command in '/home/mjlinux/Downloads/book_ros2_wrs/build/vision_msgs_rviz_plugins' returned '0': AMENT_PREFIX_PATH=/home/mjlinux/Downloads/book_ros2_wrs/install/vision_msgs:${AMENT_PREFIX_PATH} CMAKE_PREFIX_PATH=/home/mjlinux/Downloads/book_ros2_wrs/install/vision_msgs:/opt/ros/humble LD_LIBRARY_PATH=/home/mjlinux/Downloads/book_ros2_wrs/install/vision_msgs/lib:${LD_LIBRARY_PATH} PYTHONPATH=/home/mjlinux/Downloads/book_ros2_wrs/install/vision_msgs/local/lib/python3.10/dist-packages:${PYTHONPATH} /usr/bin/cmake --build /home/mjlinux/Downloads/book_ros2_wrs/build/vision_msgs_rviz_plugins -- -j4 -l4
[93.452s] Invoking command in '/home/mjlinux/Downloads/book_ros2_wrs/build/vision_msgs_rviz_plugins': AMENT_PREFIX_PATH=/home/mjlinux/Downloads/book_ros2_wrs/install/vision_msgs:${AMENT_PREFIX_PATH} CMAKE_PREFIX_PATH=/home/mjlinux/Downloads/book_ros2_wrs/install/vision_msgs:/opt/ros/humble LD_LIBRARY_PATH=/home/mjlinux/Downloads/book_ros2_wrs/install/vision_msgs/lib:${LD_LIBRARY_PATH} PYTHONPATH=/home/mjlinux/Downloads/book_ros2_wrs/install/vision_msgs/local/lib/python3.10/dist-packages:${PYTHONPATH} /usr/bin/cmake --install /home/mjlinux/Downloads/book_ros2_wrs/build/vision_msgs_rviz_plugins
[93.459s] -- Install configuration: ""
[93.460s] -- Execute custom install script
[93.461s] -- Symlinking: /home/mjlinux/Downloads/book_ros2_wrs/install/vision_msgs_rviz_plugins/share/vision_msgs_rviz_plugins//plugins_description.xml
[93.468s] -- Symlinking: /home/mjlinux/Downloads/book_ros2_wrs/install/vision_msgs_rviz_plugins/share/vision_msgs_rviz_plugins/environment/library_path.sh
[93.475s] -- Symlinking: /home/mjlinux/Downloads/book_ros2_wrs/install/vision_msgs_rviz_plugins/share/vision_msgs_rviz_plugins/environment/library_path.dsv
[93.483s] -- Symlinking: /home/mjlinux/Downloads/book_ros2_wrs/install/vision_msgs_rviz_plugins/include/vision_msgs_rviz_plugins/vision_msgs_rviz_plugins/bounding_box_3d.hpp
[93.489s] -- Symlinking: /home/mjlinux/Downloads/book_ros2_wrs/install/vision_msgs_rviz_plugins/include/vision_msgs_rviz_plugins/vision_msgs_rviz_plugins/bounding_box_3d_array.hpp
[93.495s] -- Symlinking: /home/mjlinux/Downloads/book_ros2_wrs/install/vision_msgs_rviz_plugins/include/vision_msgs_rviz_plugins/vision_msgs_rviz_plugins/bounding_box_3d_common.hpp
[93.502s] -- Symlinking: /home/mjlinux/Downloads/book_ros2_wrs/install/vision_msgs_rviz_plugins/include/vision_msgs_rviz_plugins/vision_msgs_rviz_plugins/detection_3d.hpp
[93.510s] -- Symlinking: /home/mjlinux/Downloads/book_ros2_wrs/install/vision_msgs_rviz_plugins/include/vision_msgs_rviz_plugins/vision_msgs_rviz_plugins/detection_3d_array.hpp
[93.527s] -- Symlinking: /home/mjlinux/Downloads/book_ros2_wrs/install/vision_msgs_rviz_plugins/include/vision_msgs_rviz_plugins/vision_msgs_rviz_plugins/detection_3d_common.hpp
[93.534s] -- Symlinking: /home/mjlinux/Downloads/book_ros2_wrs/install/vision_msgs_rviz_plugins/include/vision_msgs_rviz_plugins/vision_msgs_rviz_plugins/visibility_control.hpp
[93.543s] -- Symlinking: /home/mjlinux/Downloads/book_ros2_wrs/install/vision_msgs_rviz_plugins/share/vision_msgs_rviz_plugins/launch/test_all.launch.py
[93.550s] -- Symlinking: /home/mjlinux/Downloads/book_ros2_wrs/install/vision_msgs_rviz_plugins/share/vision_msgs_rviz_plugins/conf/conf.rviz
[93.557s] -- Symlinking: /home/mjlinux/Downloads/book_ros2_wrs/install/vision_msgs_rviz_plugins/share/vision_msgs_rviz_plugins/conf/example.yaml
[93.565s] -- Symlinking: /home/mjlinux/Downloads/book_ros2_wrs/install/vision_msgs_rviz_plugins/share/vision_msgs_rviz_plugins/icons/classes/BoundingBox3D.png
[93.571s] -- Symlinking: /home/mjlinux/Downloads/book_ros2_wrs/install/vision_msgs_rviz_plugins/share/vision_msgs_rviz_plugins/icons/classes/BoundingBox3DArray.png
[93.578s] -- Symlinking: /home/mjlinux/Downloads/book_ros2_wrs/install/vision_msgs_rviz_plugins/share/vision_msgs_rviz_plugins/icons/classes/Detection3D.png
[93.585s] -- Symlinking: /home/mjlinux/Downloads/book_ros2_wrs/install/vision_msgs_rviz_plugins/share/vision_msgs_rviz_plugins/icons/classes/Detection3DArray.png
[93.592s] -- Symlinking: /home/mjlinux/Downloads/book_ros2_wrs/install/vision_msgs_rviz_plugins/lib/vision_msgs_rviz_plugins/Detection3DArray.py
[93.598s] -- Symlinking: /home/mjlinux/Downloads/book_ros2_wrs/install/vision_msgs_rviz_plugins/lib/vision_msgs_rviz_plugins/Detection3D.py
[93.606s] -- Symlinking: /home/mjlinux/Downloads/book_ros2_wrs/install/vision_msgs_rviz_plugins/lib/vision_msgs_rviz_plugins/BoundingBox3D.py
[93.624s] -- Symlinking: /home/mjlinux/Downloads/book_ros2_wrs/install/vision_msgs_rviz_plugins/lib/vision_msgs_rviz_plugins/BoundingBox3DArray.py
[93.632s] -- Symlinking: /home/mjlinux/Downloads/book_ros2_wrs/install/vision_msgs_rviz_plugins/share/ament_index/resource_index/package_run_dependencies/vision_msgs_rviz_plugins
[93.640s] -- Symlinking: /home/mjlinux/Downloads/book_ros2_wrs/install/vision_msgs_rviz_plugins/share/ament_index/resource_index/parent_prefix_path/vision_msgs_rviz_plugins
[93.647s] -- Symlinking: /home/mjlinux/Downloads/book_ros2_wrs/install/vision_msgs_rviz_plugins/share/vision_msgs_rviz_plugins/environment/ament_prefix_path.sh
[93.654s] -- Symlinking: /home/mjlinux/Downloads/book_ros2_wrs/install/vision_msgs_rviz_plugins/share/vision_msgs_rviz_plugins/environment/ament_prefix_path.dsv
[93.660s] -- Symlinking: /home/mjlinux/Downloads/book_ros2_wrs/install/vision_msgs_rviz_plugins/share/vision_msgs_rviz_plugins/environment/path.sh
[93.667s] -- Symlinking: /home/mjlinux/Downloads/book_ros2_wrs/install/vision_msgs_rviz_plugins/share/vision_msgs_rviz_plugins/environment/path.dsv
[93.674s] -- Symlinking: /home/mjlinux/Downloads/book_ros2_wrs/install/vision_msgs_rviz_plugins/share/vision_msgs_rviz_plugins/local_setup.bash
[93.680s] -- Symlinking: /home/mjlinux/Downloads/book_ros2_wrs/install/vision_msgs_rviz_plugins/share/vision_msgs_rviz_plugins/local_setup.sh
[93.687s] -- Symlinking: /home/mjlinux/Downloads/book_ros2_wrs/install/vision_msgs_rviz_plugins/share/vision_msgs_rviz_plugins/local_setup.zsh
[93.694s] -- Symlinking: /home/mjlinux/Downloads/book_ros2_wrs/install/vision_msgs_rviz_plugins/share/vision_msgs_rviz_plugins/local_setup.dsv
[93.700s] -- Symlinking: /home/mjlinux/Downloads/book_ros2_wrs/install/vision_msgs_rviz_plugins/share/vision_msgs_rviz_plugins/package.dsv
[93.721s] -- Symlinking: /home/mjlinux/Downloads/book_ros2_wrs/install/vision_msgs_rviz_plugins/share/ament_index/resource_index/packages/vision_msgs_rviz_plugins
[93.729s] -- Symlinking: /home/mjlinux/Downloads/book_ros2_wrs/install/vision_msgs_rviz_plugins/share/ament_index/resource_index/rviz_common__pluginlib__plugin/vision_msgs_rviz_plugins
[93.737s] -- Symlinking: /home/mjlinux/Downloads/book_ros2_wrs/install/vision_msgs_rviz_plugins/share/vision_msgs_rviz_plugins/cmake/ament_cmake_export_include_directories-extras.cmake
[93.744s] -- Symlinking: /home/mjlinux/Downloads/book_ros2_wrs/install/vision_msgs_rviz_plugins/share/vision_msgs_rviz_plugins/cmake/ament_cmake_export_targets-extras.cmake
[93.751s] -- Symlinking: /home/mjlinux/Downloads/book_ros2_wrs/install/vision_msgs_rviz_plugins/share/vision_msgs_rviz_plugins/cmake/ament_cmake_export_dependencies-extras.cmake
[93.758s] -- Symlinking: /home/mjlinux/Downloads/book_ros2_wrs/install/vision_msgs_rviz_plugins/share/vision_msgs_rviz_plugins/cmake/vision_msgs_rviz_pluginsConfig.cmake
[93.765s] -- Symlinking: /home/mjlinux/Downloads/book_ros2_wrs/install/vision_msgs_rviz_plugins/share/vision_msgs_rviz_plugins/cmake/vision_msgs_rviz_pluginsConfig-version.cmake
[93.772s] -- Symlinking: /home/mjlinux/Downloads/book_ros2_wrs/install/vision_msgs_rviz_plugins/share/vision_msgs_rviz_plugins/package.xml
[93.779s] -- Installing: /home/mjlinux/Downloads/book_ros2_wrs/install/vision_msgs_rviz_plugins/lib/libvision_msgs_rviz_plugins.so
[93.788s] -- Set runtime path of "/home/mjlinux/Downloads/book_ros2_wrs/install/vision_msgs_rviz_plugins/lib/libvision_msgs_rviz_plugins.so" to ""
[93.788s] -- Installing: /home/mjlinux/Downloads/book_ros2_wrs/install/vision_msgs_rviz_plugins/share/vision_msgs_rviz_plugins/cmake/vision_msgs_rviz_pluginsExport.cmake
[93.789s] -- Installing: /home/mjlinux/Downloads/book_ros2_wrs/install/vision_msgs_rviz_plugins/share/vision_msgs_rviz_plugins/cmake/vision_msgs_rviz_pluginsExport-noconfig.cmake
[93.792s] Invoked command in '/home/mjlinux/Downloads/book_ros2_wrs/build/vision_msgs_rviz_plugins' returned '0': AMENT_PREFIX_PATH=/home/mjlinux/Downloads/book_ros2_wrs/install/vision_msgs:${AMENT_PREFIX_PATH} CMAKE_PREFIX_PATH=/home/mjlinux/Downloads/book_ros2_wrs/install/vision_msgs:/opt/ros/humble LD_LIBRARY_PATH=/home/mjlinux/Downloads/book_ros2_wrs/install/vision_msgs/lib:${LD_LIBRARY_PATH} PYTHONPATH=/home/mjlinux/Downloads/book_ros2_wrs/install/vision_msgs/local/lib/python3.10/dist-packages:${PYTHONPATH} /usr/bin/cmake --install /home/mjlinux/Downloads/book_ros2_wrs/build/vision_msgs_rviz_plugins
