[0.005s] Invoking command in '/home/mjlinux/Downloads/book_ros2_wrs/build/pal_gripper_description': AMENT_PREFIX_PATH=/home/mjlinux/Downloads/book_ros2_wrs/install/urdf_test:${AMENT_PREFIX_PATH} CMAKE_PREFIX_PATH=/home/mjlinux/Downloads/book_ros2_wrs/install/urdf_test:/opt/ros/humble PYTHONPATH=/home/mjlinux/Downloads/book_ros2_wrs/install/urdf_test/local/lib/python3.10/dist-packages:${PYTHONPATH} /usr/bin/cmake /home/mjlinux/Downloads/book_ros2_wrs/ThirdParty/pal_gripper/pal_gripper_description -DAMENT_CMAKE_SYMLINK_INSTALL=1 -DCMAKE_INSTALL_PREFIX=/home/mjlinux/Downloads/book_ros2_wrs/install/pal_gripper_description
[0.072s] -- The C compiler identification is GNU 11.4.0
[0.117s] -- The CXX compiler identification is GNU 11.4.0
[0.123s] -- Detecting C compiler ABI info
[0.193s] -- Detecting C compiler ABI info - done
[0.199s] -- Check for working C compiler: /usr/bin/cc - skipped
[0.199s] -- Detecting C compile features
[0.200s] -- Detecting C compile features - done
[0.203s] -- Detecting CXX compiler ABI info
[0.296s] -- Detecting CXX compiler ABI info - done
[0.301s] -- Check for working CXX compiler: /usr/bin/c++ - skipped
[0.301s] -- Detecting CXX compile features
[0.302s] -- Detecting CXX compile features - done
[0.303s] -- Found ament_cmake_auto: 1.3.5 (/opt/ros/humble/share/ament_cmake_auto/cmake)
[0.467s] -- Found Python3: /usr/bin/python3.10 (found version "3.10.12") found components: Interpreter 
[0.527s] -- Override CMake install command with custom implementation using symlinks instead of copying resources
[0.559s] -- Found xacro: 2.0.8 (/opt/ros/humble/share/xacro/cmake)
[0.609s] -- Found ament_lint_auto: 0.12.7 (/opt/ros/humble/share/ament_lint_auto/cmake)
[0.626s] -- Added test 'copyright' to check source files copyright and LICENSE
[0.629s] -- Added test 'lint_cmake' to check CMake code style
[0.630s] -- Added test 'xmllint' to check XML markup files
[0.632s] -- Configuring done
[0.634s] -- Generating done
[0.634s] -- Build files have been written to: /home/mjlinux/Downloads/book_ros2_wrs/build/pal_gripper_description
[0.639s] Invoked command in '/home/mjlinux/Downloads/book_ros2_wrs/build/pal_gripper_description' returned '0': AMENT_PREFIX_PATH=/home/mjlinux/Downloads/book_ros2_wrs/install/urdf_test:${AMENT_PREFIX_PATH} CMAKE_PREFIX_PATH=/home/mjlinux/Downloads/book_ros2_wrs/install/urdf_test:/opt/ros/humble PYTHONPATH=/home/mjlinux/Downloads/book_ros2_wrs/install/urdf_test/local/lib/python3.10/dist-packages:${PYTHONPATH} /usr/bin/cmake /home/mjlinux/Downloads/book_ros2_wrs/ThirdParty/pal_gripper/pal_gripper_description -DAMENT_CMAKE_SYMLINK_INSTALL=1 -DCMAKE_INSTALL_PREFIX=/home/mjlinux/Downloads/book_ros2_wrs/install/pal_gripper_description
[0.639s] Invoking command in '/home/mjlinux/Downloads/book_ros2_wrs/build/pal_gripper_description': AMENT_PREFIX_PATH=/home/mjlinux/Downloads/book_ros2_wrs/install/urdf_test:${AMENT_PREFIX_PATH} CMAKE_PREFIX_PATH=/home/mjlinux/Downloads/book_ros2_wrs/install/urdf_test:/opt/ros/humble PYTHONPATH=/home/mjlinux/Downloads/book_ros2_wrs/install/urdf_test/local/lib/python3.10/dist-packages:${PYTHONPATH} /usr/bin/cmake --build /home/mjlinux/Downloads/book_ros2_wrs/build/pal_gripper_description -- -j4 -l4
[0.690s] Invoked command in '/home/mjlinux/Downloads/book_ros2_wrs/build/pal_gripper_description' returned '0': AMENT_PREFIX_PATH=/home/mjlinux/Downloads/book_ros2_wrs/install/urdf_test:${AMENT_PREFIX_PATH} CMAKE_PREFIX_PATH=/home/mjlinux/Downloads/book_ros2_wrs/install/urdf_test:/opt/ros/humble PYTHONPATH=/home/mjlinux/Downloads/book_ros2_wrs/install/urdf_test/local/lib/python3.10/dist-packages:${PYTHONPATH} /usr/bin/cmake --build /home/mjlinux/Downloads/book_ros2_wrs/build/pal_gripper_description -- -j4 -l4
[0.710s] Invoking command in '/home/mjlinux/Downloads/book_ros2_wrs/build/pal_gripper_description': AMENT_PREFIX_PATH=/home/mjlinux/Downloads/book_ros2_wrs/install/urdf_test:${AMENT_PREFIX_PATH} CMAKE_PREFIX_PATH=/home/mjlinux/Downloads/book_ros2_wrs/install/urdf_test:/opt/ros/humble PYTHONPATH=/home/mjlinux/Downloads/book_ros2_wrs/install/urdf_test/local/lib/python3.10/dist-packages:${PYTHONPATH} /usr/bin/cmake --install /home/mjlinux/Downloads/book_ros2_wrs/build/pal_gripper_description
[0.717s] -- Install configuration: ""
[0.717s] -- Execute custom install script
[0.718s] -- Symlinking: /home/mjlinux/Downloads/book_ros2_wrs/install/pal_gripper_description/share/pal_gripper_description/gazebo/gazebo.urdf.xacro
[0.726s] -- Symlinking: /home/mjlinux/Downloads/book_ros2_wrs/install/pal_gripper_description/share/pal_gripper_description/meshes/gripper_finger_link.stl
[0.734s] -- Symlinking: /home/mjlinux/Downloads/book_ros2_wrs/install/pal_gripper_description/share/pal_gripper_description/meshes/gripper_finger_link_collision.stl
[0.758s] -- Symlinking: /home/mjlinux/Downloads/book_ros2_wrs/install/pal_gripper_description/share/pal_gripper_description/meshes/gripper_link.stl
[0.766s] -- Symlinking: /home/mjlinux/Downloads/book_ros2_wrs/install/pal_gripper_description/share/pal_gripper_description/meshes/gripper_link_collision.stl
[0.773s] -- Symlinking: /home/mjlinux/Downloads/book_ros2_wrs/install/pal_gripper_description/share/pal_gripper_description/robots/gripper_test.urdf.xacro
[0.781s] -- Symlinking: /home/mjlinux/Downloads/book_ros2_wrs/install/pal_gripper_description/share/pal_gripper_description/robots/upload.launch
[0.788s] -- Symlinking: /home/mjlinux/Downloads/book_ros2_wrs/install/pal_gripper_description/share/pal_gripper_description/robots/upload_gripper.launch
[0.796s] -- Symlinking: /home/mjlinux/Downloads/book_ros2_wrs/install/pal_gripper_description/share/pal_gripper_description/urdf/deg_to_rad.urdf.xacro
[0.803s] -- Symlinking: /home/mjlinux/Downloads/book_ros2_wrs/install/pal_gripper_description/share/pal_gripper_description/urdf/gripper.gazebo.xacro
[0.810s] -- Symlinking: /home/mjlinux/Downloads/book_ros2_wrs/install/pal_gripper_description/share/pal_gripper_description/urdf/gripper.ros2_control.xacro
[0.818s] -- Symlinking: /home/mjlinux/Downloads/book_ros2_wrs/install/pal_gripper_description/share/pal_gripper_description/urdf/gripper.transmission.xacro
[0.825s] -- Symlinking: /home/mjlinux/Downloads/book_ros2_wrs/install/pal_gripper_description/share/pal_gripper_description/urdf/gripper.urdf.xacro
[0.852s] -- Symlinking: /home/mjlinux/Downloads/book_ros2_wrs/install/pal_gripper_description/share/pal_gripper_description/urdf/materials.urdf.xacro
[0.858s] -- Symlinking: /home/mjlinux/Downloads/book_ros2_wrs/install/pal_gripper_description/share/ament_index/resource_index/package_run_dependencies/pal_gripper_description
[0.865s] -- Symlinking: /home/mjlinux/Downloads/book_ros2_wrs/install/pal_gripper_description/share/ament_index/resource_index/parent_prefix_path/pal_gripper_description
[0.873s] -- Symlinking: /home/mjlinux/Downloads/book_ros2_wrs/install/pal_gripper_description/share/pal_gripper_description/environment/ament_prefix_path.sh
[0.880s] -- Symlinking: /home/mjlinux/Downloads/book_ros2_wrs/install/pal_gripper_description/share/pal_gripper_description/environment/ament_prefix_path.dsv
[0.887s] -- Symlinking: /home/mjlinux/Downloads/book_ros2_wrs/install/pal_gripper_description/share/pal_gripper_description/environment/path.sh
[0.894s] -- Symlinking: /home/mjlinux/Downloads/book_ros2_wrs/install/pal_gripper_description/share/pal_gripper_description/environment/path.dsv
[0.902s] -- Symlinking: /home/mjlinux/Downloads/book_ros2_wrs/install/pal_gripper_description/share/pal_gripper_description/local_setup.bash
[0.909s] -- Symlinking: /home/mjlinux/Downloads/book_ros2_wrs/install/pal_gripper_description/share/pal_gripper_description/local_setup.sh
[0.917s] -- Symlinking: /home/mjlinux/Downloads/book_ros2_wrs/install/pal_gripper_description/share/pal_gripper_description/local_setup.zsh
[0.925s] -- Symlinking: /home/mjlinux/Downloads/book_ros2_wrs/install/pal_gripper_description/share/pal_gripper_description/local_setup.dsv
[0.932s] -- Symlinking: /home/mjlinux/Downloads/book_ros2_wrs/install/pal_gripper_description/share/pal_gripper_description/package.dsv
[0.955s] -- Symlinking: /home/mjlinux/Downloads/book_ros2_wrs/install/pal_gripper_description/share/ament_index/resource_index/packages/pal_gripper_description
[0.962s] -- Symlinking: /home/mjlinux/Downloads/book_ros2_wrs/install/pal_gripper_description/share/pal_gripper_description/cmake/ament_cmake_export_dependencies-extras.cmake
[0.973s] -- Symlinking: /home/mjlinux/Downloads/book_ros2_wrs/install/pal_gripper_description/share/pal_gripper_description/cmake/pal_gripper_descriptionConfig.cmake
[0.981s] -- Symlinking: /home/mjlinux/Downloads/book_ros2_wrs/install/pal_gripper_description/share/pal_gripper_description/cmake/pal_gripper_descriptionConfig-version.cmake
[0.989s] -- Symlinking: /home/mjlinux/Downloads/book_ros2_wrs/install/pal_gripper_description/share/pal_gripper_description/package.xml
[0.999s] Invoked command in '/home/mjlinux/Downloads/book_ros2_wrs/build/pal_gripper_description' returned '0': AMENT_PREFIX_PATH=/home/mjlinux/Downloads/book_ros2_wrs/install/urdf_test:${AMENT_PREFIX_PATH} CMAKE_PREFIX_PATH=/home/mjlinux/Downloads/book_ros2_wrs/install/urdf_test:/opt/ros/humble PYTHONPATH=/home/mjlinux/Downloads/book_ros2_wrs/install/urdf_test/local/lib/python3.10/dist-packages:${PYTHONPATH} /usr/bin/cmake --install /home/mjlinux/Downloads/book_ros2_wrs/build/pal_gripper_description
