[0.066s] Invoking command in '/home/mjlinux/Downloads/book_ros2_wrs/build/tiago_moveit_config': AMENT_PREFIX_PATH=/home/mjlinux/Downloads/book_ros2_wrs/install/tiago_description:/home/mjlinux/Downloads/book_ros2_wrs/install/tiago_controller_configuration:/home/mjlinux/Downloads/book_ros2_wrs/install/pmb2_description:/home/mjlinux/Downloads/book_ros2_wrs/install/pal_gripper_description:/home/mjlinux/Downloads/book_ros2_wrs/install/pmb2_controller_configuration:/home/mjlinux/Downloads/book_ros2_wrs/install/pal_gripper_controller_configuration:/home/mjlinux/Downloads/book_ros2_wrs/install/launch_pal:/home/mjlinux/Downloads/book_ros2_wrs/install/hey5_description:${AMENT_PREFIX_PATH} CMAKE_PREFIX_PATH=/home/mjlinux/Downloads/book_ros2_wrs/install/tiago_description:/home/mjlinux/Downloads/book_ros2_wrs/install/tiago_controller_configuration:/home/mjlinux/Downloads/book_ros2_wrs/install/pmb2_description:/home/mjlinux/Downloads/book_ros2_wrs/install/pal_gripper_description:/home/mjlinux/Downloads/book_ros2_wrs/install/pmb2_controller_configuration:/home/mjlinux/Downloads/book_ros2_wrs/install/pal_gripper_controller_configuration:/home/mjlinux/Downloads/book_ros2_wrs/install/hey5_description:/opt/ros/humble PYTHONPATH=/home/mjlinux/Downloads/book_ros2_wrs/install/tiago_description/local/lib/python3.10/dist-packages:/home/mjlinux/Downloads/book_ros2_wrs/install/pmb2_description/local/lib/python3.10/dist-packages:/home/mjlinux/Downloads/book_ros2_wrs/build/launch_pal:/home/mjlinux/Downloads/book_ros2_wrs/install/launch_pal/lib/python3.10/site-packages:${PYTHONPATH} /usr/bin/cmake /home/mjlinux/Downloads/book_ros2_wrs/ThirdParty/tiago_moveit_config -DAMENT_CMAKE_SYMLINK_INSTALL=1 -DCMAKE_INSTALL_PREFIX=/home/mjlinux/Downloads/book_ros2_wrs/install/tiago_moveit_config
[0.118s] -- The C compiler identification is GNU 11.4.0
[0.206s] -- The CXX compiler identification is GNU 11.4.0
[0.224s] -- Detecting C compiler ABI info
[0.427s] -- Detecting C compiler ABI info - done
[0.433s] -- Check for working C compiler: /usr/bin/cc - skipped
[0.433s] -- Detecting C compile features
[0.433s] -- Detecting C compile features - done
[0.436s] -- Detecting CXX compiler ABI info
[0.875s] -- Detecting CXX compiler ABI info - done
[0.883s] -- Check for working CXX compiler: /usr/bin/c++ - skipped
[0.883s] -- Detecting CXX compile features
[0.884s] -- Detecting CXX compile features - done
[0.886s] -- Found ament_cmake: 1.3.5 (/opt/ros/humble/share/ament_cmake/cmake)
[1.426s] -- Found Python3: /usr/bin/python3.10 (found version "3.10.12") found components: Interpreter 
[1.512s] -- Override CMake install command with custom implementation using symlinks instead of copying resources
[1.541s] -- Found ament_lint_auto: 0.12.7 (/opt/ros/humble/share/ament_lint_auto/cmake)
[1.691s] -- Added test 'copyright' to check source files copyright and LICENSE
[1.701s] -- Added test 'flake8' to check Python code syntax and style conventions
[1.702s] -- Added test 'lint_cmake' to check CMake code style
[1.703s] -- Added test 'pep257' to check Python code against some of the docstring style conventions in PEP 257
[1.706s] -- Added test 'xmllint' to check XML markup files
[1.707s] -- Configuring done
[1.710s] -- Generating done
[1.711s] -- Build files have been written to: /home/mjlinux/Downloads/book_ros2_wrs/build/tiago_moveit_config
[1.718s] Invoked command in '/home/mjlinux/Downloads/book_ros2_wrs/build/tiago_moveit_config' returned '0': AMENT_PREFIX_PATH=/home/mjlinux/Downloads/book_ros2_wrs/install/tiago_description:/home/mjlinux/Downloads/book_ros2_wrs/install/tiago_controller_configuration:/home/mjlinux/Downloads/book_ros2_wrs/install/pmb2_description:/home/mjlinux/Downloads/book_ros2_wrs/install/pal_gripper_description:/home/mjlinux/Downloads/book_ros2_wrs/install/pmb2_controller_configuration:/home/mjlinux/Downloads/book_ros2_wrs/install/pal_gripper_controller_configuration:/home/mjlinux/Downloads/book_ros2_wrs/install/launch_pal:/home/mjlinux/Downloads/book_ros2_wrs/install/hey5_description:${AMENT_PREFIX_PATH} CMAKE_PREFIX_PATH=/home/mjlinux/Downloads/book_ros2_wrs/install/tiago_description:/home/mjlinux/Downloads/book_ros2_wrs/install/tiago_controller_configuration:/home/mjlinux/Downloads/book_ros2_wrs/install/pmb2_description:/home/mjlinux/Downloads/book_ros2_wrs/install/pal_gripper_description:/home/mjlinux/Downloads/book_ros2_wrs/install/pmb2_controller_configuration:/home/mjlinux/Downloads/book_ros2_wrs/install/pal_gripper_controller_configuration:/home/mjlinux/Downloads/book_ros2_wrs/install/hey5_description:/opt/ros/humble PYTHONPATH=/home/mjlinux/Downloads/book_ros2_wrs/install/tiago_description/local/lib/python3.10/dist-packages:/home/mjlinux/Downloads/book_ros2_wrs/install/pmb2_description/local/lib/python3.10/dist-packages:/home/mjlinux/Downloads/book_ros2_wrs/build/launch_pal:/home/mjlinux/Downloads/book_ros2_wrs/install/launch_pal/lib/python3.10/site-packages:${PYTHONPATH} /usr/bin/cmake /home/mjlinux/Downloads/book_ros2_wrs/ThirdParty/tiago_moveit_config -DAMENT_CMAKE_SYMLINK_INSTALL=1 -DCMAKE_INSTALL_PREFIX=/home/mjlinux/Downloads/book_ros2_wrs/install/tiago_moveit_config
[1.719s] Invoking command in '/home/mjlinux/Downloads/book_ros2_wrs/build/tiago_moveit_config': AMENT_PREFIX_PATH=/home/mjlinux/Downloads/book_ros2_wrs/install/tiago_description:/home/mjlinux/Downloads/book_ros2_wrs/install/tiago_controller_configuration:/home/mjlinux/Downloads/book_ros2_wrs/install/pmb2_description:/home/mjlinux/Downloads/book_ros2_wrs/install/pal_gripper_description:/home/mjlinux/Downloads/book_ros2_wrs/install/pmb2_controller_configuration:/home/mjlinux/Downloads/book_ros2_wrs/install/pal_gripper_controller_configuration:/home/mjlinux/Downloads/book_ros2_wrs/install/launch_pal:/home/mjlinux/Downloads/book_ros2_wrs/install/hey5_description:${AMENT_PREFIX_PATH} CMAKE_PREFIX_PATH=/home/mjlinux/Downloads/book_ros2_wrs/install/tiago_description:/home/mjlinux/Downloads/book_ros2_wrs/install/tiago_controller_configuration:/home/mjlinux/Downloads/book_ros2_wrs/install/pmb2_description:/home/mjlinux/Downloads/book_ros2_wrs/install/pal_gripper_description:/home/mjlinux/Downloads/book_ros2_wrs/install/pmb2_controller_configuration:/home/mjlinux/Downloads/book_ros2_wrs/install/pal_gripper_controller_configuration:/home/mjlinux/Downloads/book_ros2_wrs/install/hey5_description:/opt/ros/humble PYTHONPATH=/home/mjlinux/Downloads/book_ros2_wrs/install/tiago_description/local/lib/python3.10/dist-packages:/home/mjlinux/Downloads/book_ros2_wrs/install/pmb2_description/local/lib/python3.10/dist-packages:/home/mjlinux/Downloads/book_ros2_wrs/build/launch_pal:/home/mjlinux/Downloads/book_ros2_wrs/install/launch_pal/lib/python3.10/site-packages:${PYTHONPATH} /usr/bin/cmake --build /home/mjlinux/Downloads/book_ros2_wrs/build/tiago_moveit_config -- -j4 -l4
[1.786s] Invoked command in '/home/mjlinux/Downloads/book_ros2_wrs/build/tiago_moveit_config' returned '0': AMENT_PREFIX_PATH=/home/mjlinux/Downloads/book_ros2_wrs/install/tiago_description:/home/mjlinux/Downloads/book_ros2_wrs/install/tiago_controller_configuration:/home/mjlinux/Downloads/book_ros2_wrs/install/pmb2_description:/home/mjlinux/Downloads/book_ros2_wrs/install/pal_gripper_description:/home/mjlinux/Downloads/book_ros2_wrs/install/pmb2_controller_configuration:/home/mjlinux/Downloads/book_ros2_wrs/install/pal_gripper_controller_configuration:/home/mjlinux/Downloads/book_ros2_wrs/install/launch_pal:/home/mjlinux/Downloads/book_ros2_wrs/install/hey5_description:${AMENT_PREFIX_PATH} CMAKE_PREFIX_PATH=/home/mjlinux/Downloads/book_ros2_wrs/install/tiago_description:/home/mjlinux/Downloads/book_ros2_wrs/install/tiago_controller_configuration:/home/mjlinux/Downloads/book_ros2_wrs/install/pmb2_description:/home/mjlinux/Downloads/book_ros2_wrs/install/pal_gripper_description:/home/mjlinux/Downloads/book_ros2_wrs/install/pmb2_controller_configuration:/home/mjlinux/Downloads/book_ros2_wrs/install/pal_gripper_controller_configuration:/home/mjlinux/Downloads/book_ros2_wrs/install/hey5_description:/opt/ros/humble PYTHONPATH=/home/mjlinux/Downloads/book_ros2_wrs/install/tiago_description/local/lib/python3.10/dist-packages:/home/mjlinux/Downloads/book_ros2_wrs/install/pmb2_description/local/lib/python3.10/dist-packages:/home/mjlinux/Downloads/book_ros2_wrs/build/launch_pal:/home/mjlinux/Downloads/book_ros2_wrs/install/launch_pal/lib/python3.10/site-packages:${PYTHONPATH} /usr/bin/cmake --build /home/mjlinux/Downloads/book_ros2_wrs/build/tiago_moveit_config -- -j4 -l4
[1.836s] Invoking command in '/home/mjlinux/Downloads/book_ros2_wrs/build/tiago_moveit_config': AMENT_PREFIX_PATH=/home/mjlinux/Downloads/book_ros2_wrs/install/tiago_description:/home/mjlinux/Downloads/book_ros2_wrs/install/tiago_controller_configuration:/home/mjlinux/Downloads/book_ros2_wrs/install/pmb2_description:/home/mjlinux/Downloads/book_ros2_wrs/install/pal_gripper_description:/home/mjlinux/Downloads/book_ros2_wrs/install/pmb2_controller_configuration:/home/mjlinux/Downloads/book_ros2_wrs/install/pal_gripper_controller_configuration:/home/mjlinux/Downloads/book_ros2_wrs/install/launch_pal:/home/mjlinux/Downloads/book_ros2_wrs/install/hey5_description:${AMENT_PREFIX_PATH} CMAKE_PREFIX_PATH=/home/mjlinux/Downloads/book_ros2_wrs/install/tiago_description:/home/mjlinux/Downloads/book_ros2_wrs/install/tiago_controller_configuration:/home/mjlinux/Downloads/book_ros2_wrs/install/pmb2_description:/home/mjlinux/Downloads/book_ros2_wrs/install/pal_gripper_description:/home/mjlinux/Downloads/book_ros2_wrs/install/pmb2_controller_configuration:/home/mjlinux/Downloads/book_ros2_wrs/install/pal_gripper_controller_configuration:/home/mjlinux/Downloads/book_ros2_wrs/install/hey5_description:/opt/ros/humble PYTHONPATH=/home/mjlinux/Downloads/book_ros2_wrs/install/tiago_description/local/lib/python3.10/dist-packages:/home/mjlinux/Downloads/book_ros2_wrs/install/pmb2_description/local/lib/python3.10/dist-packages:/home/mjlinux/Downloads/book_ros2_wrs/build/launch_pal:/home/mjlinux/Downloads/book_ros2_wrs/install/launch_pal/lib/python3.10/site-packages:${PYTHONPATH} /usr/bin/cmake --install /home/mjlinux/Downloads/book_ros2_wrs/build/tiago_moveit_config
[1.845s] -- Install configuration: ""
[1.845s] -- Execute custom install script
[1.845s] -- Symlinking: /home/mjlinux/Downloads/book_ros2_wrs/install/tiago_moveit_config/share/ament_index/resource_index/package_run_dependencies/tiago_moveit_config
[1.917s] -- Symlinking: /home/mjlinux/Downloads/book_ros2_wrs/install/tiago_moveit_config/share/ament_index/resource_index/parent_prefix_path/tiago_moveit_config
[1.936s] -- Symlinking: /home/mjlinux/Downloads/book_ros2_wrs/install/tiago_moveit_config/share/tiago_moveit_config/environment/ament_prefix_path.sh
[1.949s] -- Symlinking: /home/mjlinux/Downloads/book_ros2_wrs/install/tiago_moveit_config/share/tiago_moveit_config/environment/ament_prefix_path.dsv
[1.996s] -- Symlinking: /home/mjlinux/Downloads/book_ros2_wrs/install/tiago_moveit_config/share/tiago_moveit_config/environment/path.sh
[2.005s] -- Symlinking: /home/mjlinux/Downloads/book_ros2_wrs/install/tiago_moveit_config/share/tiago_moveit_config/environment/path.dsv
[2.072s] -- Symlinking: /home/mjlinux/Downloads/book_ros2_wrs/install/tiago_moveit_config/share/tiago_moveit_config/local_setup.bash
[2.115s] -- Symlinking: /home/mjlinux/Downloads/book_ros2_wrs/install/tiago_moveit_config/share/tiago_moveit_config/local_setup.sh
[2.207s] -- Symlinking: /home/mjlinux/Downloads/book_ros2_wrs/install/tiago_moveit_config/share/tiago_moveit_config/local_setup.zsh
[2.235s] -- Symlinking: /home/mjlinux/Downloads/book_ros2_wrs/install/tiago_moveit_config/share/tiago_moveit_config/local_setup.dsv
[2.278s] -- Symlinking: /home/mjlinux/Downloads/book_ros2_wrs/install/tiago_moveit_config/share/tiago_moveit_config/package.dsv
[2.286s] -- Symlinking: /home/mjlinux/Downloads/book_ros2_wrs/install/tiago_moveit_config/share/ament_index/resource_index/packages/tiago_moveit_config
[2.332s] -- Symlinking: /home/mjlinux/Downloads/book_ros2_wrs/install/tiago_moveit_config/share/tiago_moveit_config/cmake/tiago_moveit_configConfig.cmake
[2.385s] -- Symlinking: /home/mjlinux/Downloads/book_ros2_wrs/install/tiago_moveit_config/share/tiago_moveit_config/cmake/tiago_moveit_configConfig-version.cmake
[2.427s] -- Symlinking: /home/mjlinux/Downloads/book_ros2_wrs/install/tiago_moveit_config/share/tiago_moveit_config/package.xml
[2.504s] -- Symlinking: /home/mjlinux/Downloads/book_ros2_wrs/install/tiago_moveit_config/share/tiago_moveit_config/launch/move_group.launch.py
[2.581s] -- Symlinking: /home/mjlinux/Downloads/book_ros2_wrs/install/tiago_moveit_config/share/tiago_moveit_config/launch/moveit_rviz.launch.py
[2.616s] -- Symlinking: /home/mjlinux/Downloads/book_ros2_wrs/install/tiago_moveit_config/share/tiago_moveit_config/config/controllers/controllers.yaml.em
[2.677s] -- Symlinking: /home/mjlinux/Downloads/book_ros2_wrs/install/tiago_moveit_config/share/tiago_moveit_config/config/controllers/controllers_no-arm.yaml
[2.712s] -- Symlinking: /home/mjlinux/Downloads/book_ros2_wrs/install/tiago_moveit_config/share/tiago_moveit_config/config/controllers/controllers_no-end-effector.yaml
[2.743s] -- Symlinking: /home/mjlinux/Downloads/book_ros2_wrs/install/tiago_moveit_config/share/tiago_moveit_config/config/controllers/controllers_no-end-effector_schunk-ft.yaml
[2.791s] -- Symlinking: /home/mjlinux/Downloads/book_ros2_wrs/install/tiago_moveit_config/share/tiago_moveit_config/config/controllers/controllers_pal-gripper.yaml
[2.817s] -- Symlinking: /home/mjlinux/Downloads/book_ros2_wrs/install/tiago_moveit_config/share/tiago_moveit_config/config/controllers/controllers_pal-gripper_schunk-ft.yaml
[2.847s] -- Symlinking: /home/mjlinux/Downloads/book_ros2_wrs/install/tiago_moveit_config/share/tiago_moveit_config/config/controllers/controllers_pal-hey5.yaml
[2.908s] -- Symlinking: /home/mjlinux/Downloads/book_ros2_wrs/install/tiago_moveit_config/share/tiago_moveit_config/config/controllers/controllers_pal-hey5_schunk-ft.yaml
[2.984s] -- Symlinking: /home/mjlinux/Downloads/book_ros2_wrs/install/tiago_moveit_config/share/tiago_moveit_config/config/fake_controllers/fake_controllers.yaml.em
[2.993s] -- Symlinking: /home/mjlinux/Downloads/book_ros2_wrs/install/tiago_moveit_config/share/tiago_moveit_config/config/fake_controllers/fake_controllers_no-arm.yaml
[3.002s] -- Symlinking: /home/mjlinux/Downloads/book_ros2_wrs/install/tiago_moveit_config/share/tiago_moveit_config/config/fake_controllers/fake_controllers_no-end-effector.yaml
[3.017s] -- Symlinking: /home/mjlinux/Downloads/book_ros2_wrs/install/tiago_moveit_config/share/tiago_moveit_config/config/fake_controllers/fake_controllers_no-end-effector_schunk-ft.yaml
[3.028s] -- Symlinking: /home/mjlinux/Downloads/book_ros2_wrs/install/tiago_moveit_config/share/tiago_moveit_config/config/fake_controllers/fake_controllers_pal-gripper.yaml
[3.037s] -- Symlinking: /home/mjlinux/Downloads/book_ros2_wrs/install/tiago_moveit_config/share/tiago_moveit_config/config/fake_controllers/fake_controllers_pal-gripper_schunk-ft.yaml
[3.053s] -- Symlinking: /home/mjlinux/Downloads/book_ros2_wrs/install/tiago_moveit_config/share/tiago_moveit_config/config/fake_controllers/fake_controllers_pal-hey5.yaml
[3.093s] -- Symlinking: /home/mjlinux/Downloads/book_ros2_wrs/install/tiago_moveit_config/share/tiago_moveit_config/config/fake_controllers/fake_controllers_pal-hey5_schunk-ft.yaml
[3.102s] -- Symlinking: /home/mjlinux/Downloads/book_ros2_wrs/install/tiago_moveit_config/share/tiago_moveit_config/config/joint_limits.yaml
[3.111s] -- Symlinking: /home/mjlinux/Downloads/book_ros2_wrs/install/tiago_moveit_config/share/tiago_moveit_config/config/kinematics_kdl.yaml
[3.119s] -- Symlinking: /home/mjlinux/Downloads/book_ros2_wrs/install/tiago_moveit_config/share/tiago_moveit_config/config/kinematics_trac_ik.yaml
[3.128s] -- Symlinking: /home/mjlinux/Downloads/book_ros2_wrs/install/tiago_moveit_config/share/tiago_moveit_config/config/ompl_planning.yaml
[3.138s] -- Symlinking: /home/mjlinux/Downloads/book_ros2_wrs/install/tiago_moveit_config/share/tiago_moveit_config/config/pilz_cartesian_limits.yaml
[3.147s] -- Symlinking: /home/mjlinux/Downloads/book_ros2_wrs/install/tiago_moveit_config/share/tiago_moveit_config/config/rviz/moveit.rviz
[3.166s] -- Symlinking: /home/mjlinux/Downloads/book_ros2_wrs/install/tiago_moveit_config/share/tiago_moveit_config/config/sensors_rgbd.yaml
[3.194s] -- Symlinking: /home/mjlinux/Downloads/book_ros2_wrs/install/tiago_moveit_config/share/tiago_moveit_config/config/srdf/tiago.srdf.em
[3.202s] -- Symlinking: /home/mjlinux/Downloads/book_ros2_wrs/install/tiago_moveit_config/share/tiago_moveit_config/config/srdf/tiago_no-arm.srdf
[3.211s] -- Symlinking: /home/mjlinux/Downloads/book_ros2_wrs/install/tiago_moveit_config/share/tiago_moveit_config/config/srdf/tiago_no-end-effector.srdf
[3.220s] -- Symlinking: /home/mjlinux/Downloads/book_ros2_wrs/install/tiago_moveit_config/share/tiago_moveit_config/config/srdf/tiago_no-end-effector_schunk-ft.srdf
[3.230s] -- Symlinking: /home/mjlinux/Downloads/book_ros2_wrs/install/tiago_moveit_config/share/tiago_moveit_config/config/srdf/tiago_pal-gripper.srdf
[3.240s] -- Symlinking: /home/mjlinux/Downloads/book_ros2_wrs/install/tiago_moveit_config/share/tiago_moveit_config/config/srdf/tiago_pal-gripper_schunk-ft.srdf
[3.249s] -- Symlinking: /home/mjlinux/Downloads/book_ros2_wrs/install/tiago_moveit_config/share/tiago_moveit_config/config/srdf/tiago_pal-hey5.srdf
[3.279s] -- Symlinking: /home/mjlinux/Downloads/book_ros2_wrs/install/tiago_moveit_config/share/tiago_moveit_config/config/srdf/tiago_pal-hey5_schunk-ft.srdf
[3.296s] Invoked command in '/home/mjlinux/Downloads/book_ros2_wrs/build/tiago_moveit_config' returned '0': AMENT_PREFIX_PATH=/home/mjlinux/Downloads/book_ros2_wrs/install/tiago_description:/home/mjlinux/Downloads/book_ros2_wrs/install/tiago_controller_configuration:/home/mjlinux/Downloads/book_ros2_wrs/install/pmb2_description:/home/mjlinux/Downloads/book_ros2_wrs/install/pal_gripper_description:/home/mjlinux/Downloads/book_ros2_wrs/install/pmb2_controller_configuration:/home/mjlinux/Downloads/book_ros2_wrs/install/pal_gripper_controller_configuration:/home/mjlinux/Downloads/book_ros2_wrs/install/launch_pal:/home/mjlinux/Downloads/book_ros2_wrs/install/hey5_description:${AMENT_PREFIX_PATH} CMAKE_PREFIX_PATH=/home/mjlinux/Downloads/book_ros2_wrs/install/tiago_description:/home/mjlinux/Downloads/book_ros2_wrs/install/tiago_controller_configuration:/home/mjlinux/Downloads/book_ros2_wrs/install/pmb2_description:/home/mjlinux/Downloads/book_ros2_wrs/install/pal_gripper_description:/home/mjlinux/Downloads/book_ros2_wrs/install/pmb2_controller_configuration:/home/mjlinux/Downloads/book_ros2_wrs/install/pal_gripper_controller_configuration:/home/mjlinux/Downloads/book_ros2_wrs/install/hey5_description:/opt/ros/humble PYTHONPATH=/home/mjlinux/Downloads/book_ros2_wrs/install/tiago_description/local/lib/python3.10/dist-packages:/home/mjlinux/Downloads/book_ros2_wrs/install/pmb2_description/local/lib/python3.10/dist-packages:/home/mjlinux/Downloads/book_ros2_wrs/build/launch_pal:/home/mjlinux/Downloads/book_ros2_wrs/install/launch_pal/lib/python3.10/site-packages:${PYTHONPATH} /usr/bin/cmake --install /home/mjlinux/Downloads/book_ros2_wrs/build/tiago_moveit_config
