[0.052s] Invoking command in '/home/mjlinux/Downloads/book_ros2_wrs/build/br2_bt_bumpgo': CMAKE_PREFIX_PATH=${CMAKE_PREFIX_PATH}:/home/mjlinux/Downloads/book_ros2_wrs/install/launch_pal:/home/mjlinux/Downloads/book_ros2_wrs/install/br2_fsm_bumpgo_py:/opt/ros/humble /usr/bin/cmake --build /home/mjlinux/Downloads/book_ros2_wrs/build/br2_bt_bumpgo -- -j4 -l4
[0.201s] [ 11%] Built target br2_forward_bt_node
[0.238s] [ 22%] Built target br2_turn_bt_node
[0.240s] [ 33%] Built target br2_back_bt_node
[0.255s] [ 44%] Built target br2_is_obstacle_bt_node
[0.270s] [ 55%] Built target gtest_main
[0.290s] [ 66%] Built target bt_bumpgo
[0.290s] [ 77%] Built target bt_forward
[0.293s] [ 88%] Built target gtest
[0.341s] [100%] Built target bt_action_test
[0.355s] Invoked command in '/home/mjlinux/Downloads/book_ros2_wrs/build/br2_bt_bumpgo' returned '0': CMAKE_PREFIX_PATH=${CMAKE_PREFIX_PATH}:/home/mjlinux/Downloads/book_ros2_wrs/install/launch_pal:/home/mjlinux/Downloads/book_ros2_wrs/install/br2_fsm_bumpgo_py:/opt/ros/humble /usr/bin/cmake --build /home/mjlinux/Downloads/book_ros2_wrs/build/br2_bt_bumpgo -- -j4 -l4
[0.475s] Invoking command in '/home/mjlinux/Downloads/book_ros2_wrs/build/br2_bt_bumpgo': CMAKE_PREFIX_PATH=${CMAKE_PREFIX_PATH}:/home/mjlinux/Downloads/book_ros2_wrs/install/launch_pal:/home/mjlinux/Downloads/book_ros2_wrs/install/br2_fsm_bumpgo_py:/opt/ros/humble /usr/bin/cmake --install /home/mjlinux/Downloads/book_ros2_wrs/build/br2_bt_bumpgo
[0.482s] -- Install configuration: ""
[0.483s] -- Execute custom install script
[0.483s] -- Up-to-date symlink: /home/mjlinux/Downloads/book_ros2_wrs/install/br2_bt_bumpgo/lib/libbr2_forward_bt_node.so
[0.483s] -- Up-to-date symlink: /home/mjlinux/Downloads/book_ros2_wrs/install/br2_bt_bumpgo/lib/libbr2_back_bt_node.so
[0.483s] -- Up-to-date symlink: /home/mjlinux/Downloads/book_ros2_wrs/install/br2_bt_bumpgo/lib/libbr2_turn_bt_node.so
[0.483s] -- Up-to-date symlink: /home/mjlinux/Downloads/book_ros2_wrs/install/br2_bt_bumpgo/lib/libbr2_is_obstacle_bt_node.so
[0.484s] -- Up-to-date symlink: /home/mjlinux/Downloads/book_ros2_wrs/install/br2_bt_bumpgo/lib/br2_bt_bumpgo/bt_bumpgo
[0.484s] -- Up-to-date symlink: /home/mjlinux/Downloads/book_ros2_wrs/install/br2_bt_bumpgo/include//br2_bt_bumpgo/Back.hpp
[0.484s] -- Up-to-date symlink: /home/mjlinux/Downloads/book_ros2_wrs/install/br2_bt_bumpgo/include//br2_bt_bumpgo/Forward.hpp
[0.484s] -- Up-to-date symlink: /home/mjlinux/Downloads/book_ros2_wrs/install/br2_bt_bumpgo/include//br2_bt_bumpgo/IsObstacle.hpp
[0.484s] -- Up-to-date symlink: /home/mjlinux/Downloads/book_ros2_wrs/install/br2_bt_bumpgo/include//br2_bt_bumpgo/Turn.hpp
[0.484s] -- Up-to-date symlink: /home/mjlinux/Downloads/book_ros2_wrs/install/br2_bt_bumpgo/share/br2_bt_bumpgo/behavior_tree_xml/bumpgo.xml
[0.484s] -- Up-to-date symlink: /home/mjlinux/Downloads/book_ros2_wrs/install/br2_bt_bumpgo/lib/br2_bt_bumpgo/bt_forward
[0.498s] -- Up-to-date symlink: /home/mjlinux/Downloads/book_ros2_wrs/install/br2_bt_bumpgo/share/ament_index/resource_index/package_run_dependencies/br2_bt_bumpgo
[0.499s] -- Up-to-date symlink: /home/mjlinux/Downloads/book_ros2_wrs/install/br2_bt_bumpgo/share/ament_index/resource_index/parent_prefix_path/br2_bt_bumpgo
[0.499s] -- Up-to-date symlink: /home/mjlinux/Downloads/book_ros2_wrs/install/br2_bt_bumpgo/share/br2_bt_bumpgo/environment/ament_prefix_path.sh
[0.499s] -- Up-to-date symlink: /home/mjlinux/Downloads/book_ros2_wrs/install/br2_bt_bumpgo/share/br2_bt_bumpgo/environment/ament_prefix_path.dsv
[0.499s] -- Up-to-date symlink: /home/mjlinux/Downloads/book_ros2_wrs/install/br2_bt_bumpgo/share/br2_bt_bumpgo/environment/path.sh
[0.499s] -- Up-to-date symlink: /home/mjlinux/Downloads/book_ros2_wrs/install/br2_bt_bumpgo/share/br2_bt_bumpgo/environment/path.dsv
[0.500s] -- Up-to-date symlink: /home/mjlinux/Downloads/book_ros2_wrs/install/br2_bt_bumpgo/share/br2_bt_bumpgo/local_setup.bash
[0.500s] -- Up-to-date symlink: /home/mjlinux/Downloads/book_ros2_wrs/install/br2_bt_bumpgo/share/br2_bt_bumpgo/local_setup.sh
[0.500s] -- Up-to-date symlink: /home/mjlinux/Downloads/book_ros2_wrs/install/br2_bt_bumpgo/share/br2_bt_bumpgo/local_setup.zsh
[0.500s] -- Up-to-date symlink: /home/mjlinux/Downloads/book_ros2_wrs/install/br2_bt_bumpgo/share/br2_bt_bumpgo/local_setup.dsv
[0.500s] -- Symlinking: /home/mjlinux/Downloads/book_ros2_wrs/install/br2_bt_bumpgo/share/br2_bt_bumpgo/package.dsv
[0.510s] -- Up-to-date symlink: /home/mjlinux/Downloads/book_ros2_wrs/install/br2_bt_bumpgo/share/ament_index/resource_index/packages/br2_bt_bumpgo
[0.510s] -- Up-to-date symlink: /home/mjlinux/Downloads/book_ros2_wrs/install/br2_bt_bumpgo/share/br2_bt_bumpgo/cmake/ament_cmake_export_include_directories-extras.cmake
[0.510s] -- Up-to-date symlink: /home/mjlinux/Downloads/book_ros2_wrs/install/br2_bt_bumpgo/share/br2_bt_bumpgo/cmake/ament_cmake_export_dependencies-extras.cmake
[0.510s] -- Up-to-date symlink: /home/mjlinux/Downloads/book_ros2_wrs/install/br2_bt_bumpgo/share/br2_bt_bumpgo/cmake/br2_bt_bumpgoConfig.cmake
[0.510s] -- Up-to-date symlink: /home/mjlinux/Downloads/book_ros2_wrs/install/br2_bt_bumpgo/share/br2_bt_bumpgo/cmake/br2_bt_bumpgoConfig-version.cmake
[0.510s] -- Up-to-date symlink: /home/mjlinux/Downloads/book_ros2_wrs/install/br2_bt_bumpgo/share/br2_bt_bumpgo/package.xml
[0.516s] Invoked command in '/home/mjlinux/Downloads/book_ros2_wrs/build/br2_bt_bumpgo' returned '0': CMAKE_PREFIX_PATH=${CMAKE_PREFIX_PATH}:/home/mjlinux/Downloads/book_ros2_wrs/install/launch_pal:/home/mjlinux/Downloads/book_ros2_wrs/install/br2_fsm_bumpgo_py:/opt/ros/humble /usr/bin/cmake --install /home/mjlinux/Downloads/book_ros2_wrs/build/br2_bt_bumpgo
