[0.022s] Invoking command in '/home/mjlinux/Downloads/book_ros2_wrs/build/pal_gazebo_worlds': CMAKE_PREFIX_PATH=${CMAKE_PREFIX_PATH}:/home/mjlinux/Downloads/book_ros2_wrs/install/launch_pal:/home/mjlinux/Downloads/book_ros2_wrs/install/br2_fsm_bumpgo_py:/opt/ros/humble CONDA_PROMPT_MODIFIER=(ros) /usr/bin/cmake /home/mjlinux/Downloads/book_ros2_wrs/ThirdParty/pal_gazebo_worlds -DAMENT_CMAKE_SYMLINK_INSTALL=1 -DCMAKE_INSTALL_PREFIX=/home/mjlinux/Downloads/book_ros2_wrs/install/pal_gazebo_worlds
[0.232s] -- The C compiler identification is GNU 11.4.0
[0.348s] -- The CXX compiler identification is GNU 11.4.0
[0.357s] -- Detecting C compiler ABI info
[0.510s] -- Detecting C compiler ABI info - done
[0.510s] -- Check for working C compiler: /usr/bin/cc - skipped
[0.510s] -- Detecting C compile features
[0.511s] -- Detecting C compile features - done
[0.514s] -- Detecting CXX compiler ABI info
[0.684s] -- Detecting CXX compiler ABI info - done
[0.695s] -- Check for working CXX compiler: /usr/bin/c++ - skipped
[0.700s] -- Detecting CXX compile features
[0.700s] -- Detecting CXX compile features - done
[0.700s] -- Found ament_cmake_auto: 1.3.5 (/opt/ros/humble/share/ament_cmake_auto/cmake)
[1.004s] -- Found Python3: /usr/bin/python3.10 (found version "3.10.12") found components: Interpreter 
[1.087s] -- Override CMake install command with custom implementation using symlinks instead of copying resources
[1.174s] -- Found ament_lint_auto: 0.12.7 (/opt/ros/humble/share/ament_lint_auto/cmake)
[1.272s] -- Added test 'copyright' to check source files copyright and LICENSE
[1.339s] -- Added test 'flake8' to check Python code syntax and style conventions
[1.345s] -- Added test 'lint_cmake' to check CMake code style
[1.349s] -- Added test 'pep257' to check Python code against some of the docstring style conventions in PEP 257
[1.385s] -- Added test 'xmllint' to check XML markup files
[1.393s] -- Configuring done
[1.404s] -- Generating done
[1.404s] -- Build files have been written to: /home/mjlinux/Downloads/book_ros2_wrs/build/pal_gazebo_worlds
[1.411s] Invoked command in '/home/mjlinux/Downloads/book_ros2_wrs/build/pal_gazebo_worlds' returned '0': CMAKE_PREFIX_PATH=${CMAKE_PREFIX_PATH}:/home/mjlinux/Downloads/book_ros2_wrs/install/launch_pal:/home/mjlinux/Downloads/book_ros2_wrs/install/br2_fsm_bumpgo_py:/opt/ros/humble CONDA_PROMPT_MODIFIER=(ros) /usr/bin/cmake /home/mjlinux/Downloads/book_ros2_wrs/ThirdParty/pal_gazebo_worlds -DAMENT_CMAKE_SYMLINK_INSTALL=1 -DCMAKE_INSTALL_PREFIX=/home/mjlinux/Downloads/book_ros2_wrs/install/pal_gazebo_worlds
[1.417s] Invoking command in '/home/mjlinux/Downloads/book_ros2_wrs/build/pal_gazebo_worlds': CMAKE_PREFIX_PATH=${CMAKE_PREFIX_PATH}:/home/mjlinux/Downloads/book_ros2_wrs/install/launch_pal:/home/mjlinux/Downloads/book_ros2_wrs/install/br2_fsm_bumpgo_py:/opt/ros/humble CONDA_PROMPT_MODIFIER=(ros) /usr/bin/cmake --build /home/mjlinux/Downloads/book_ros2_wrs/build/pal_gazebo_worlds -- -j4 -l4
[1.505s] Invoked command in '/home/mjlinux/Downloads/book_ros2_wrs/build/pal_gazebo_worlds' returned '0': CMAKE_PREFIX_PATH=${CMAKE_PREFIX_PATH}:/home/mjlinux/Downloads/book_ros2_wrs/install/launch_pal:/home/mjlinux/Downloads/book_ros2_wrs/install/br2_fsm_bumpgo_py:/opt/ros/humble CONDA_PROMPT_MODIFIER=(ros) /usr/bin/cmake --build /home/mjlinux/Downloads/book_ros2_wrs/build/pal_gazebo_worlds -- -j4 -l4
[1.640s] Invoking command in '/home/mjlinux/Downloads/book_ros2_wrs/build/pal_gazebo_worlds': CMAKE_PREFIX_PATH=${CMAKE_PREFIX_PATH}:/home/mjlinux/Downloads/book_ros2_wrs/install/launch_pal:/home/mjlinux/Downloads/book_ros2_wrs/install/br2_fsm_bumpgo_py:/opt/ros/humble CONDA_PROMPT_MODIFIER=(ros) /usr/bin/cmake --install /home/mjlinux/Downloads/book_ros2_wrs/build/pal_gazebo_worlds
[1.656s] -- Install configuration: ""
[1.656s] -- Execute custom install script
[1.658s] -- Symlinking: /home/mjlinux/Downloads/book_ros2_wrs/install/pal_gazebo_worlds/share/pal_gazebo_worlds/config/gazebo_params.yaml
[1.670s] -- Symlinking: /home/mjlinux/Downloads/book_ros2_wrs/install/pal_gazebo_worlds/share/pal_gazebo_worlds/launch/pal_gazebo.launch.py
[1.711s] -- Symlinking: /home/mjlinux/Downloads/book_ros2_wrs/install/pal_gazebo_worlds/share/pal_gazebo_worlds/models/arm_chair/arm_chair.sdf
[1.724s] -- Symlinking: /home/mjlinux/Downloads/book_ros2_wrs/install/pal_gazebo_worlds/share/pal_gazebo_worlds/models/arm_chair/meshes/arm_chair.stl
[1.738s] -- Symlinking: /home/mjlinux/Downloads/book_ros2_wrs/install/pal_gazebo_worlds/share/pal_gazebo_worlds/models/arm_chair/model.config
[1.750s] -- Symlinking: /home/mjlinux/Downloads/book_ros2_wrs/install/pal_gazebo_worlds/share/pal_gazebo_worlds/models/aruco_board/aruco_board.sdf
[1.765s] -- Symlinking: /home/mjlinux/Downloads/book_ros2_wrs/install/pal_gazebo_worlds/share/pal_gazebo_worlds/models/aruco_board/material/scripts/aruco_board.material
[1.788s] -- Symlinking: /home/mjlinux/Downloads/book_ros2_wrs/install/pal_gazebo_worlds/share/pal_gazebo_worlds/models/aruco_board/material/textures/aruco_board.png
[1.810s] -- Symlinking: /home/mjlinux/Downloads/book_ros2_wrs/install/pal_gazebo_worlds/share/pal_gazebo_worlds/models/aruco_board/model.config
[1.828s] -- Symlinking: /home/mjlinux/Downloads/book_ros2_wrs/install/pal_gazebo_worlds/share/pal_gazebo_worlds/models/aruco_cube/aruco_cube.sdf
[1.855s] -- Symlinking: /home/mjlinux/Downloads/book_ros2_wrs/install/pal_gazebo_worlds/share/pal_gazebo_worlds/models/aruco_cube/meshes/aruco_cube_5cm.dae
[1.889s] -- Symlinking: /home/mjlinux/Downloads/book_ros2_wrs/install/pal_gazebo_worlds/share/pal_gazebo_worlds/models/aruco_cube/meshes/aruco_cube_6cm.dae
[1.904s] -- Symlinking: /home/mjlinux/Downloads/book_ros2_wrs/install/pal_gazebo_worlds/share/pal_gazebo_worlds/models/aruco_cube/meshes/aruco_cube_8cm.dae
[1.934s] -- Symlinking: /home/mjlinux/Downloads/book_ros2_wrs/install/pal_gazebo_worlds/share/pal_gazebo_worlds/models/aruco_cube/meshes/marker582.png
[1.977s] -- Symlinking: /home/mjlinux/Downloads/book_ros2_wrs/install/pal_gazebo_worlds/share/pal_gazebo_worlds/models/aruco_cube/meshes/marker582_small_margin.png
[2.002s] -- Symlinking: /home/mjlinux/Downloads/book_ros2_wrs/install/pal_gazebo_worlds/share/pal_gazebo_worlds/models/aruco_cube/model.config
[2.019s] -- Symlinking: /home/mjlinux/Downloads/book_ros2_wrs/install/pal_gazebo_worlds/share/pal_gazebo_worlds/models/aruco_marker_250_6x6_1/aruco_marker_250_6x6.sdf
[2.030s] -- Symlinking: /home/mjlinux/Downloads/book_ros2_wrs/install/pal_gazebo_worlds/share/pal_gazebo_worlds/models/aruco_marker_250_6x6_1/material/scripts/aruco_marker_250_6x6.material
[2.041s] -- Symlinking: /home/mjlinux/Downloads/book_ros2_wrs/install/pal_gazebo_worlds/share/pal_gazebo_worlds/models/aruco_marker_250_6x6_1/material/textures/Aruco_6x6_250_0.png
[2.056s] -- Symlinking: /home/mjlinux/Downloads/book_ros2_wrs/install/pal_gazebo_worlds/share/pal_gazebo_worlds/models/aruco_marker_250_6x6_1/model.config
[2.068s] -- Symlinking: /home/mjlinux/Downloads/book_ros2_wrs/install/pal_gazebo_worlds/share/pal_gazebo_worlds/models/aruco_marker_250_6x6_2/aruco_marker_250_6x6.sdf
[2.127s] -- Symlinking: /home/mjlinux/Downloads/book_ros2_wrs/install/pal_gazebo_worlds/share/pal_gazebo_worlds/models/aruco_marker_250_6x6_2/material/scripts/aruco_marker_250_6x6.material
[2.181s] -- Symlinking: /home/mjlinux/Downloads/book_ros2_wrs/install/pal_gazebo_worlds/share/pal_gazebo_worlds/models/aruco_marker_250_6x6_2/material/textures/Aruco_6x6_250_1.png
[2.183s] -- Symlinking: /home/mjlinux/Downloads/book_ros2_wrs/install/pal_gazebo_worlds/share/pal_gazebo_worlds/models/aruco_marker_250_6x6_2/model.config
[2.193s] -- Symlinking: /home/mjlinux/Downloads/book_ros2_wrs/install/pal_gazebo_worlds/share/pal_gazebo_worlds/models/aruco_marker_250_6x6_3/aruco_marker_250_6x6.sdf
[2.208s] -- Symlinking: /home/mjlinux/Downloads/book_ros2_wrs/install/pal_gazebo_worlds/share/pal_gazebo_worlds/models/aruco_marker_250_6x6_3/material/scripts/aruco_marker_250_6x6.material
[2.225s] -- Symlinking: /home/mjlinux/Downloads/book_ros2_wrs/install/pal_gazebo_worlds/share/pal_gazebo_worlds/models/aruco_marker_250_6x6_3/material/textures/Aruco_6x6_250_2.png
[2.252s] -- Symlinking: /home/mjlinux/Downloads/book_ros2_wrs/install/pal_gazebo_worlds/share/pal_gazebo_worlds/models/aruco_marker_250_6x6_3/model.config
[2.269s] -- Symlinking: /home/mjlinux/Downloads/book_ros2_wrs/install/pal_gazebo_worlds/share/pal_gazebo_worlds/models/aruco_marker_250_6x6_4/aruco_marker_250_6x6.sdf
[2.284s] -- Symlinking: /home/mjlinux/Downloads/book_ros2_wrs/install/pal_gazebo_worlds/share/pal_gazebo_worlds/models/aruco_marker_250_6x6_4/material/scripts/aruco_marker_250_6x6.material
[2.302s] -- Symlinking: /home/mjlinux/Downloads/book_ros2_wrs/install/pal_gazebo_worlds/share/pal_gazebo_worlds/models/aruco_marker_250_6x6_4/material/textures/Aruco_6x6_250_3.png
[2.328s] -- Symlinking: /home/mjlinux/Downloads/book_ros2_wrs/install/pal_gazebo_worlds/share/pal_gazebo_worlds/models/aruco_marker_250_6x6_4/model.config
[2.373s] -- Symlinking: /home/mjlinux/Downloads/book_ros2_wrs/install/pal_gazebo_worlds/share/pal_gazebo_worlds/models/aruco_marker_6cm_238/aruco_marker_6cm.sdf
[2.411s] -- Symlinking: /home/mjlinux/Downloads/book_ros2_wrs/install/pal_gazebo_worlds/share/pal_gazebo_worlds/models/aruco_marker_6cm_238/material/scripts/aruco_marker_original.material
[2.416s] -- Symlinking: /home/mjlinux/Downloads/book_ros2_wrs/install/pal_gazebo_worlds/share/pal_gazebo_worlds/models/aruco_marker_6cm_238/material/textures/Aruco_6cm_238.png
[2.435s] -- Symlinking: /home/mjlinux/Downloads/book_ros2_wrs/install/pal_gazebo_worlds/share/pal_gazebo_worlds/models/aruco_marker_6cm_238/model.config
[2.445s] -- Symlinking: /home/mjlinux/Downloads/book_ros2_wrs/install/pal_gazebo_worlds/share/pal_gazebo_worlds/models/aruco_marker_6cm_26/aruco_marker_6cm.sdf
[2.464s] -- Symlinking: /home/mjlinux/Downloads/book_ros2_wrs/install/pal_gazebo_worlds/share/pal_gazebo_worlds/models/aruco_marker_6cm_26/material/scripts/aruco_marker_original.material
[2.478s] -- Symlinking: /home/mjlinux/Downloads/book_ros2_wrs/install/pal_gazebo_worlds/share/pal_gazebo_worlds/models/aruco_marker_6cm_26/material/textures/Aruco_6cm_26.png
[2.492s] -- Symlinking: /home/mjlinux/Downloads/book_ros2_wrs/install/pal_gazebo_worlds/share/pal_gazebo_worlds/models/aruco_marker_6cm_26/model.config
[2.515s] -- Symlinking: /home/mjlinux/Downloads/book_ros2_wrs/install/pal_gazebo_worlds/share/pal_gazebo_worlds/models/aruco_marker_6cm_582/aruco_marker_6cm.sdf
[2.525s] -- Symlinking: /home/mjlinux/Downloads/book_ros2_wrs/install/pal_gazebo_worlds/share/pal_gazebo_worlds/models/aruco_marker_6cm_582/material/scripts/aruco_marker_original.material
[2.534s] -- Symlinking: /home/mjlinux/Downloads/book_ros2_wrs/install/pal_gazebo_worlds/share/pal_gazebo_worlds/models/aruco_marker_6cm_582/material/textures/Aruco_6cm_582.png
[2.554s] -- Symlinking: /home/mjlinux/Downloads/book_ros2_wrs/install/pal_gazebo_worlds/share/pal_gazebo_worlds/models/aruco_marker_6cm_582/model.config
[2.620s] -- Symlinking: /home/mjlinux/Downloads/book_ros2_wrs/install/pal_gazebo_worlds/share/pal_gazebo_worlds/models/aruco_marker_6cm_63/aruco_marker_6cm.sdf
[2.638s] -- Symlinking: /home/mjlinux/Downloads/book_ros2_wrs/install/pal_gazebo_worlds/share/pal_gazebo_worlds/models/aruco_marker_6cm_63/material/scripts/aruco_marker_original.material
[2.669s] -- Symlinking: /home/mjlinux/Downloads/book_ros2_wrs/install/pal_gazebo_worlds/share/pal_gazebo_worlds/models/aruco_marker_6cm_63/material/textures/Aruco_6cm_63.png
[2.705s] -- Symlinking: /home/mjlinux/Downloads/book_ros2_wrs/install/pal_gazebo_worlds/share/pal_gazebo_worlds/models/aruco_marker_6cm_63/model.config
[2.732s] -- Symlinking: /home/mjlinux/Downloads/book_ros2_wrs/install/pal_gazebo_worlds/share/pal_gazebo_worlds/models/aruco_marker_9cm_238/aruco_marker_9cm.sdf
[2.760s] -- Symlinking: /home/mjlinux/Downloads/book_ros2_wrs/install/pal_gazebo_worlds/share/pal_gazebo_worlds/models/aruco_marker_9cm_238/material/scripts/aruco_marker_original.material
[2.770s] -- Symlinking: /home/mjlinux/Downloads/book_ros2_wrs/install/pal_gazebo_worlds/share/pal_gazebo_worlds/models/aruco_marker_9cm_238/material/textures/Aruco_9cm_238.png
[2.783s] -- Symlinking: /home/mjlinux/Downloads/book_ros2_wrs/install/pal_gazebo_worlds/share/pal_gazebo_worlds/models/aruco_marker_9cm_238/model.config
[2.793s] -- Symlinking: /home/mjlinux/Downloads/book_ros2_wrs/install/pal_gazebo_worlds/share/pal_gazebo_worlds/models/aruco_marker_9cm_26/aruco_marker_9cm.sdf
[2.807s] -- Symlinking: /home/mjlinux/Downloads/book_ros2_wrs/install/pal_gazebo_worlds/share/pal_gazebo_worlds/models/aruco_marker_9cm_26/material/scripts/aruco_marker_original.material
[2.832s] -- Symlinking: /home/mjlinux/Downloads/book_ros2_wrs/install/pal_gazebo_worlds/share/pal_gazebo_worlds/models/aruco_marker_9cm_26/material/textures/Aruco_9cm_26.png
[2.845s] -- Symlinking: /home/mjlinux/Downloads/book_ros2_wrs/install/pal_gazebo_worlds/share/pal_gazebo_worlds/models/aruco_marker_9cm_26/model.config
[2.859s] -- Symlinking: /home/mjlinux/Downloads/book_ros2_wrs/install/pal_gazebo_worlds/share/pal_gazebo_worlds/models/aruco_marker_9cm_582/aruco_marker_9cm.sdf
[2.871s] -- Symlinking: /home/mjlinux/Downloads/book_ros2_wrs/install/pal_gazebo_worlds/share/pal_gazebo_worlds/models/aruco_marker_9cm_582/material/scripts/aruco_marker_original.material
[2.883s] -- Symlinking: /home/mjlinux/Downloads/book_ros2_wrs/install/pal_gazebo_worlds/share/pal_gazebo_worlds/models/aruco_marker_9cm_582/material/textures/Aruco_9cm_582.png
[2.895s] -- Symlinking: /home/mjlinux/Downloads/book_ros2_wrs/install/pal_gazebo_worlds/share/pal_gazebo_worlds/models/aruco_marker_9cm_582/model.config
[2.910s] -- Symlinking: /home/mjlinux/Downloads/book_ros2_wrs/install/pal_gazebo_worlds/share/pal_gazebo_worlds/models/aruco_marker_9cm_63/aruco_marker_9cm.sdf
[2.926s] -- Symlinking: /home/mjlinux/Downloads/book_ros2_wrs/install/pal_gazebo_worlds/share/pal_gazebo_worlds/models/aruco_marker_9cm_63/material/scripts/aruco_marker_original.material
[2.953s] -- Symlinking: /home/mjlinux/Downloads/book_ros2_wrs/install/pal_gazebo_worlds/share/pal_gazebo_worlds/models/aruco_marker_9cm_63/material/textures/Aruco_9cm_63.png
[2.965s] -- Symlinking: /home/mjlinux/Downloads/book_ros2_wrs/install/pal_gazebo_worlds/share/pal_gazebo_worlds/models/aruco_marker_9cm_63/model.config
[2.983s] -- Symlinking: /home/mjlinux/Downloads/book_ros2_wrs/install/pal_gazebo_worlds/share/pal_gazebo_worlds/models/aruco_marker_original_238/aruco_marker_original.sdf
[3.019s] -- Symlinking: /home/mjlinux/Downloads/book_ros2_wrs/install/pal_gazebo_worlds/share/pal_gazebo_worlds/models/aruco_marker_original_238/material/scripts/aruco_marker_original.material
[3.037s] -- Symlinking: /home/mjlinux/Downloads/book_ros2_wrs/install/pal_gazebo_worlds/share/pal_gazebo_worlds/models/aruco_marker_original_238/material/textures/Aruco_original_238.png
[3.043s] -- Symlinking: /home/mjlinux/Downloads/book_ros2_wrs/install/pal_gazebo_worlds/share/pal_gazebo_worlds/models/aruco_marker_original_238/model.config
[3.061s] -- Symlinking: /home/mjlinux/Downloads/book_ros2_wrs/install/pal_gazebo_worlds/share/pal_gazebo_worlds/models/aruco_marker_original_26/aruco_marker_original.sdf
[3.095s] -- Symlinking: /home/mjlinux/Downloads/book_ros2_wrs/install/pal_gazebo_worlds/share/pal_gazebo_worlds/models/aruco_marker_original_26/material/scripts/aruco_marker_original.material
[3.120s] -- Symlinking: /home/mjlinux/Downloads/book_ros2_wrs/install/pal_gazebo_worlds/share/pal_gazebo_worlds/models/aruco_marker_original_26/material/textures/Aruco_original_26.png
[3.155s] -- Symlinking: /home/mjlinux/Downloads/book_ros2_wrs/install/pal_gazebo_worlds/share/pal_gazebo_worlds/models/aruco_marker_original_26/model.config
[3.168s] -- Symlinking: /home/mjlinux/Downloads/book_ros2_wrs/install/pal_gazebo_worlds/share/pal_gazebo_worlds/models/aruco_marker_original_582/aruco_marker_original.sdf
[3.193s] -- Symlinking: /home/mjlinux/Downloads/book_ros2_wrs/install/pal_gazebo_worlds/share/pal_gazebo_worlds/models/aruco_marker_original_582/material/scripts/aruco_marker_original.material
[3.204s] -- Symlinking: /home/mjlinux/Downloads/book_ros2_wrs/install/pal_gazebo_worlds/share/pal_gazebo_worlds/models/aruco_marker_original_582/material/textures/Aruco_original_582.png
[3.217s] -- Symlinking: /home/mjlinux/Downloads/book_ros2_wrs/install/pal_gazebo_worlds/share/pal_gazebo_worlds/models/aruco_marker_original_582/model.config
[3.231s] -- Symlinking: /home/mjlinux/Downloads/book_ros2_wrs/install/pal_gazebo_worlds/share/pal_gazebo_worlds/models/aruco_marker_original_63/aruco_marker_original.sdf
[3.271s] -- Symlinking: /home/mjlinux/Downloads/book_ros2_wrs/install/pal_gazebo_worlds/share/pal_gazebo_worlds/models/aruco_marker_original_63/material/scripts/aruco_marker_original.material
[3.285s] -- Symlinking: /home/mjlinux/Downloads/book_ros2_wrs/install/pal_gazebo_worlds/share/pal_gazebo_worlds/models/aruco_marker_original_63/material/textures/Aruco_original_63.png
[3.300s] -- Symlinking: /home/mjlinux/Downloads/book_ros2_wrs/install/pal_gazebo_worlds/share/pal_gazebo_worlds/models/aruco_marker_original_63/model.config
[3.317s] -- Symlinking: /home/mjlinux/Downloads/book_ros2_wrs/install/pal_gazebo_worlds/share/pal_gazebo_worlds/models/bauman/README
[3.330s] -- Symlinking: /home/mjlinux/Downloads/book_ros2_wrs/install/pal_gazebo_worlds/share/pal_gazebo_worlds/models/bauman/bauman_walls.png
[3.343s] -- Symlinking: /home/mjlinux/Downloads/book_ros2_wrs/install/pal_gazebo_worlds/share/pal_gazebo_worlds/models/bauman/model.config
[3.352s] -- Symlinking: /home/mjlinux/Downloads/book_ros2_wrs/install/pal_gazebo_worlds/share/pal_gazebo_worlds/models/bauman/model.sdf
[3.362s] -- Symlinking: /home/mjlinux/Downloads/book_ros2_wrs/install/pal_gazebo_worlds/share/pal_gazebo_worlds/models/bench/bench.sdf
[3.377s] -- Symlinking: /home/mjlinux/Downloads/book_ros2_wrs/install/pal_gazebo_worlds/share/pal_gazebo_worlds/models/bench/meshes/bench.stl
[3.388s] -- Symlinking: /home/mjlinux/Downloads/book_ros2_wrs/install/pal_gazebo_worlds/share/pal_gazebo_worlds/models/bench/model.config
[3.411s] -- Symlinking: /home/mjlinux/Downloads/book_ros2_wrs/install/pal_gazebo_worlds/share/pal_gazebo_worlds/models/bifrutas_tropical_can/bifrutas_tropical_can.sdf
[3.427s] -- Symlinking: /home/mjlinux/Downloads/book_ros2_wrs/install/pal_gazebo_worlds/share/pal_gazebo_worlds/models/bifrutas_tropical_can/material/scripts/bifrutas_tropical_can.material
[3.439s] -- Symlinking: /home/mjlinux/Downloads/book_ros2_wrs/install/pal_gazebo_worlds/share/pal_gazebo_worlds/models/bifrutas_tropical_can/material/textures/bifrutas_tropical_can.jpg
[3.459s] -- Symlinking: /home/mjlinux/Downloads/book_ros2_wrs/install/pal_gazebo_worlds/share/pal_gazebo_worlds/models/bifrutas_tropical_can/model.config
[3.470s] -- Symlinking: /home/mjlinux/Downloads/book_ros2_wrs/install/pal_gazebo_worlds/share/pal_gazebo_worlds/models/biscuits_pack/biscuits_pack.sdf
[3.479s] -- Symlinking: /home/mjlinux/Downloads/book_ros2_wrs/install/pal_gazebo_worlds/share/pal_gazebo_worlds/models/biscuits_pack/material/scripts/pringles.material
[3.502s] -- Symlinking: /home/mjlinux/Downloads/book_ros2_wrs/install/pal_gazebo_worlds/share/pal_gazebo_worlds/models/biscuits_pack/material/textures/biscuits_pack.jpg
[3.524s] -- Symlinking: /home/mjlinux/Downloads/book_ros2_wrs/install/pal_gazebo_worlds/share/pal_gazebo_worlds/models/biscuits_pack/model.config
[3.558s] -- Symlinking: /home/mjlinux/Downloads/book_ros2_wrs/install/pal_gazebo_worlds/share/pal_gazebo_worlds/models/box_with_handles/box_with_handles.sdf
[3.567s] -- Symlinking: /home/mjlinux/Downloads/book_ros2_wrs/install/pal_gazebo_worlds/share/pal_gazebo_worlds/models/box_with_handles/material/scripts/aruco_marker_original.material
[3.579s] -- Symlinking: /home/mjlinux/Downloads/book_ros2_wrs/install/pal_gazebo_worlds/share/pal_gazebo_worlds/models/box_with_handles/material/textures/Aruco_original_582.png
[3.597s] -- Symlinking: /home/mjlinux/Downloads/book_ros2_wrs/install/pal_gazebo_worlds/share/pal_gazebo_worlds/models/box_with_handles/model.config
[3.611s] -- Symlinking: /home/mjlinux/Downloads/book_ros2_wrs/install/pal_gazebo_worlds/share/pal_gazebo_worlds/models/brick_box_3x1x3/materials/scripts/brick_box.material
[3.623s] -- Symlinking: /home/mjlinux/Downloads/book_ros2_wrs/install/pal_gazebo_worlds/share/pal_gazebo_worlds/models/brick_box_3x1x3/materials/textures/simple_box.png
[3.631s] -- Symlinking: /home/mjlinux/Downloads/book_ros2_wrs/install/pal_gazebo_worlds/share/pal_gazebo_worlds/models/brick_box_3x1x3/meshes/simple_box.dae
[3.640s] -- Symlinking: /home/mjlinux/Downloads/book_ros2_wrs/install/pal_gazebo_worlds/share/pal_gazebo_worlds/models/brick_box_3x1x3/model-1_3.sdf
[3.650s] -- Symlinking: /home/mjlinux/Downloads/book_ros2_wrs/install/pal_gazebo_worlds/share/pal_gazebo_worlds/models/brick_box_3x1x3/model-1_4.sdf
[3.694s] -- Symlinking: /home/mjlinux/Downloads/book_ros2_wrs/install/pal_gazebo_worlds/share/pal_gazebo_worlds/models/brick_box_3x1x3/model.config
[3.694s] -- Symlinking: /home/mjlinux/Downloads/book_ros2_wrs/install/pal_gazebo_worlds/share/pal_gazebo_worlds/models/brick_box_3x1x3/model.sdf
[3.704s] -- Symlinking: /home/mjlinux/Downloads/book_ros2_wrs/install/pal_gazebo_worlds/share/pal_gazebo_worlds/models/citizen_extras_female_02/images/_01_-_Default1noCulling.JPG
[3.793s] -- Symlinking: /home/mjlinux/Downloads/book_ros2_wrs/install/pal_gazebo_worlds/share/pal_gazebo_worlds/models/citizen_extras_female_02/images/_02_-_Default1noCulling.JPG
[3.808s] -- Symlinking: /home/mjlinux/Downloads/book_ros2_wrs/install/pal_gazebo_worlds/share/pal_gazebo_worlds/models/citizen_extras_female_02/images/_03_-_Default1noCulling.JPG
[3.831s] -- Symlinking: /home/mjlinux/Downloads/book_ros2_wrs/install/pal_gazebo_worlds/share/pal_gazebo_worlds/models/citizen_extras_female_02/meshes/mesh.dae
[3.844s] -- Symlinking: /home/mjlinux/Downloads/book_ros2_wrs/install/pal_gazebo_worlds/share/pal_gazebo_worlds/models/citizen_extras_female_02/model.config
[3.860s] -- Symlinking: /home/mjlinux/Downloads/book_ros2_wrs/install/pal_gazebo_worlds/share/pal_gazebo_worlds/models/citizen_extras_female_02/model.sdf
[3.874s] -- Symlinking: /home/mjlinux/Downloads/book_ros2_wrs/install/pal_gazebo_worlds/share/pal_gazebo_worlds/models/citizen_extras_female_03/images/Material__1noCulling.JPG
[3.885s] -- Symlinking: /home/mjlinux/Downloads/book_ros2_wrs/install/pal_gazebo_worlds/share/pal_gazebo_worlds/models/citizen_extras_female_03/images/Material__2noCulling.JPG
[3.905s] -- Symlinking: /home/mjlinux/Downloads/book_ros2_wrs/install/pal_gazebo_worlds/share/pal_gazebo_worlds/models/citizen_extras_female_03/images/_03_-_Default1noCulling.JPG
[3.920s] -- Symlinking: /home/mjlinux/Downloads/book_ros2_wrs/install/pal_gazebo_worlds/share/pal_gazebo_worlds/models/citizen_extras_female_03/meshes/mesh.dae
[3.931s] -- Symlinking: /home/mjlinux/Downloads/book_ros2_wrs/install/pal_gazebo_worlds/share/pal_gazebo_worlds/models/citizen_extras_female_03/model.config
[3.948s] -- Symlinking: /home/mjlinux/Downloads/book_ros2_wrs/install/pal_gazebo_worlds/share/pal_gazebo_worlds/models/citizen_extras_female_03/model.sdf
[3.962s] -- Symlinking: /home/mjlinux/Downloads/book_ros2_wrs/install/pal_gazebo_worlds/share/pal_gazebo_worlds/models/citizen_extras_male_03/images/Material__1noCulling.JPG
[3.970s] -- Symlinking: /home/mjlinux/Downloads/book_ros2_wrs/install/pal_gazebo_worlds/share/pal_gazebo_worlds/models/citizen_extras_male_03/images/hair1noCulling.JPG
[3.983s] -- Symlinking: /home/mjlinux/Downloads/book_ros2_wrs/install/pal_gazebo_worlds/share/pal_gazebo_worlds/models/citizen_extras_male_03/images/hrad1noCulling.JPG
[4.006s] -- Symlinking: /home/mjlinux/Downloads/book_ros2_wrs/install/pal_gazebo_worlds/share/pal_gazebo_worlds/models/citizen_extras_male_03/meshes/mesh.dae
[4.029s] -- Symlinking: /home/mjlinux/Downloads/book_ros2_wrs/install/pal_gazebo_worlds/share/pal_gazebo_worlds/models/citizen_extras_male_03/model.config
[4.043s] -- Symlinking: /home/mjlinux/Downloads/book_ros2_wrs/install/pal_gazebo_worlds/share/pal_gazebo_worlds/models/citizen_extras_male_03/model.sdf
[4.053s] -- Symlinking: /home/mjlinux/Downloads/book_ros2_wrs/install/pal_gazebo_worlds/share/pal_gazebo_worlds/models/closet/closet.sdf
[4.073s] -- Symlinking: /home/mjlinux/Downloads/book_ros2_wrs/install/pal_gazebo_worlds/share/pal_gazebo_worlds/models/closet/meshes/closet.stl
[4.097s] -- Symlinking: /home/mjlinux/Downloads/book_ros2_wrs/install/pal_gazebo_worlds/share/pal_gazebo_worlds/models/closet/model.config
[4.121s] -- Symlinking: /home/mjlinux/Downloads/book_ros2_wrs/install/pal_gazebo_worlds/share/pal_gazebo_worlds/models/cocacola/cocacola.sdf
[4.126s] -- Symlinking: /home/mjlinux/Downloads/book_ros2_wrs/install/pal_gazebo_worlds/share/pal_gazebo_worlds/models/cocacola/material/scripts/cocacola.material
[4.135s] -- Symlinking: /home/mjlinux/Downloads/book_ros2_wrs/install/pal_gazebo_worlds/share/pal_gazebo_worlds/models/cocacola/material/textures/cocacola.jpg
[4.144s] -- Symlinking: /home/mjlinux/Downloads/book_ros2_wrs/install/pal_gazebo_worlds/share/pal_gazebo_worlds/models/cocacola/model.config
[4.156s] -- Symlinking: /home/mjlinux/Downloads/book_ros2_wrs/install/pal_gazebo_worlds/share/pal_gazebo_worlds/models/coke_can_slim/coke_can_slim.sdf
[4.172s] -- Symlinking: /home/mjlinux/Downloads/book_ros2_wrs/install/pal_gazebo_worlds/share/pal_gazebo_worlds/models/coke_can_slim/material/scripts/coke_can_slim.material
[4.187s] -- Symlinking: /home/mjlinux/Downloads/book_ros2_wrs/install/pal_gazebo_worlds/share/pal_gazebo_worlds/models/coke_can_slim/material/textures/coke_can_slim.jpg
[4.204s] -- Symlinking: /home/mjlinux/Downloads/book_ros2_wrs/install/pal_gazebo_worlds/share/pal_gazebo_worlds/models/coke_can_slim/model.config
[4.213s] -- Symlinking: /home/mjlinux/Downloads/book_ros2_wrs/install/pal_gazebo_worlds/share/pal_gazebo_worlds/models/database.config
[4.225s] -- Symlinking: /home/mjlinux/Downloads/book_ros2_wrs/install/pal_gazebo_worlds/share/pal_gazebo_worlds/models/dining_chair/dining_chair.sdf
[4.233s] -- Symlinking: /home/mjlinux/Downloads/book_ros2_wrs/install/pal_gazebo_worlds/share/pal_gazebo_worlds/models/dining_chair/meshes/dining_chair.stl
[4.243s] -- Symlinking: /home/mjlinux/Downloads/book_ros2_wrs/install/pal_gazebo_worlds/share/pal_gazebo_worlds/models/dining_chair/model.config
[4.252s] -- Symlinking: /home/mjlinux/Downloads/book_ros2_wrs/install/pal_gazebo_worlds/share/pal_gazebo_worlds/models/dock1/dock1.sdf
[4.263s] -- Symlinking: /home/mjlinux/Downloads/book_ros2_wrs/install/pal_gazebo_worlds/share/pal_gazebo_worlds/models/dock1/meshes/dock1.dae
[4.271s] -- Symlinking: /home/mjlinux/Downloads/book_ros2_wrs/install/pal_gazebo_worlds/share/pal_gazebo_worlds/models/dock1/model.config
[4.292s] -- Symlinking: /home/mjlinux/Downloads/book_ros2_wrs/install/pal_gazebo_worlds/share/pal_gazebo_worlds/models/door_obstacle/door_obstacle.sdf
[4.312s] -- Symlinking: /home/mjlinux/Downloads/book_ros2_wrs/install/pal_gazebo_worlds/share/pal_gazebo_worlds/models/door_obstacle/model.config
[4.324s] -- Symlinking: /home/mjlinux/Downloads/book_ros2_wrs/install/pal_gazebo_worlds/share/pal_gazebo_worlds/models/floor_lamp/floor_lamp.sdf
[4.332s] -- Symlinking: /home/mjlinux/Downloads/book_ros2_wrs/install/pal_gazebo_worlds/share/pal_gazebo_worlds/models/floor_lamp/meshes/floor_lamp.stl
[4.340s] -- Symlinking: /home/mjlinux/Downloads/book_ros2_wrs/install/pal_gazebo_worlds/share/pal_gazebo_worlds/models/floor_lamp/model.config
[4.348s] -- Symlinking: /home/mjlinux/Downloads/book_ros2_wrs/install/pal_gazebo_worlds/share/pal_gazebo_worlds/models/goetz_sofa/goetz_sofa.sdf
[4.358s] -- Symlinking: /home/mjlinux/Downloads/book_ros2_wrs/install/pal_gazebo_worlds/share/pal_gazebo_worlds/models/goetz_sofa/materials/textures/texture0.jpg
[4.372s] -- Symlinking: /home/mjlinux/Downloads/book_ros2_wrs/install/pal_gazebo_worlds/share/pal_gazebo_worlds/models/goetz_sofa/meshes/goetz_sofa.dae
[4.380s] -- Symlinking: /home/mjlinux/Downloads/book_ros2_wrs/install/pal_gazebo_worlds/share/pal_gazebo_worlds/models/goetz_sofa/model.config
[4.388s] -- Symlinking: /home/mjlinux/Downloads/book_ros2_wrs/install/pal_gazebo_worlds/share/pal_gazebo_worlds/models/green_ball/materials/scripts/ball.material
[4.421s] -- Symlinking: /home/mjlinux/Downloads/book_ros2_wrs/install/pal_gazebo_worlds/share/pal_gazebo_worlds/models/green_ball/model.config
[4.433s] -- Symlinking: /home/mjlinux/Downloads/book_ros2_wrs/install/pal_gazebo_worlds/share/pal_gazebo_worlds/models/green_ball/model.sdf
[4.445s] -- Symlinking: /home/mjlinux/Downloads/book_ros2_wrs/install/pal_gazebo_worlds/share/pal_gazebo_worlds/models/green_cube/green_cube.sdf
[4.453s] -- Symlinking: /home/mjlinux/Downloads/book_ros2_wrs/install/pal_gazebo_worlds/share/pal_gazebo_worlds/models/green_cube/model.config
[4.490s] -- Symlinking: /home/mjlinux/Downloads/book_ros2_wrs/install/pal_gazebo_worlds/share/pal_gazebo_worlds/models/green_rectangle/green_rectangle.sdf
[4.505s] -- Symlinking: /home/mjlinux/Downloads/book_ros2_wrs/install/pal_gazebo_worlds/share/pal_gazebo_worlds/models/green_rectangle/model.config
[4.552s] -- Symlinking: /home/mjlinux/Downloads/book_ros2_wrs/install/pal_gazebo_worlds/share/pal_gazebo_worlds/models/ground_plane/model-1_2.sdf
[4.593s] -- Symlinking: /home/mjlinux/Downloads/book_ros2_wrs/install/pal_gazebo_worlds/share/pal_gazebo_worlds/models/ground_plane/model-1_3.sdf
[4.635s] -- Symlinking: /home/mjlinux/Downloads/book_ros2_wrs/install/pal_gazebo_worlds/share/pal_gazebo_worlds/models/ground_plane/model-1_4.sdf
[4.660s] -- Symlinking: /home/mjlinux/Downloads/book_ros2_wrs/install/pal_gazebo_worlds/share/pal_gazebo_worlds/models/ground_plane/model.config
[4.688s] -- Symlinking: /home/mjlinux/Downloads/book_ros2_wrs/install/pal_gazebo_worlds/share/pal_gazebo_worlds/models/ground_plane/model.sdf
[4.710s] -- Symlinking: /home/mjlinux/Downloads/book_ros2_wrs/install/pal_gazebo_worlds/share/pal_gazebo_worlds/models/hospital_flat_map/hospital_flat_map.sdf
[4.726s] -- Symlinking: /home/mjlinux/Downloads/book_ros2_wrs/install/pal_gazebo_worlds/share/pal_gazebo_worlds/models/hospital_flat_map/meshes/hospital_flat_map.stl
[4.739s] -- Symlinking: /home/mjlinux/Downloads/book_ros2_wrs/install/pal_gazebo_worlds/share/pal_gazebo_worlds/models/hospital_flat_map/model.config
[4.761s] -- Symlinking: /home/mjlinux/Downloads/book_ros2_wrs/install/pal_gazebo_worlds/share/pal_gazebo_worlds/models/hospital_map/hospital_map.sdf
[4.765s] -- Symlinking: /home/mjlinux/Downloads/book_ros2_wrs/install/pal_gazebo_worlds/share/pal_gazebo_worlds/models/hospital_map/meshes/g1.stl
[4.773s] -- Symlinking: /home/mjlinux/Downloads/book_ros2_wrs/install/pal_gazebo_worlds/share/pal_gazebo_worlds/models/hospital_map/meshes/g2.stl
[4.800s] -- Symlinking: /home/mjlinux/Downloads/book_ros2_wrs/install/pal_gazebo_worlds/share/pal_gazebo_worlds/models/hospital_map/meshes/g3.stl
[4.814s] -- Symlinking: /home/mjlinux/Downloads/book_ros2_wrs/install/pal_gazebo_worlds/share/pal_gazebo_worlds/models/hospital_map/meshes/g4.stl
[4.827s] -- Symlinking: /home/mjlinux/Downloads/book_ros2_wrs/install/pal_gazebo_worlds/share/pal_gazebo_worlds/models/hospital_map/meshes/g5.stl
[4.836s] -- Symlinking: /home/mjlinux/Downloads/book_ros2_wrs/install/pal_gazebo_worlds/share/pal_gazebo_worlds/models/hospital_map/meshes/g6.stl
[4.850s] -- Symlinking: /home/mjlinux/Downloads/book_ros2_wrs/install/pal_gazebo_worlds/share/pal_gazebo_worlds/models/hospital_map/meshes/g7.stl
[4.863s] -- Symlinking: /home/mjlinux/Downloads/book_ros2_wrs/install/pal_gazebo_worlds/share/pal_gazebo_worlds/models/hospital_map/meshes/gr1.stl
[4.879s] -- Symlinking: /home/mjlinux/Downloads/book_ros2_wrs/install/pal_gazebo_worlds/share/pal_gazebo_worlds/models/hospital_map/meshes/gr2.stl
[4.896s] -- Symlinking: /home/mjlinux/Downloads/book_ros2_wrs/install/pal_gazebo_worlds/share/pal_gazebo_worlds/models/hospital_map/meshes/gr3.stl
[4.913s] -- Symlinking: /home/mjlinux/Downloads/book_ros2_wrs/install/pal_gazebo_worlds/share/pal_gazebo_worlds/models/hospital_map/meshes/gr4.stl
[4.938s] -- Symlinking: /home/mjlinux/Downloads/book_ros2_wrs/install/pal_gazebo_worlds/share/pal_gazebo_worlds/models/hospital_map/meshes/gr5.stl
[4.964s] -- Symlinking: /home/mjlinux/Downloads/book_ros2_wrs/install/pal_gazebo_worlds/share/pal_gazebo_worlds/models/hospital_map/meshes/gr6.stl
[4.985s] -- Symlinking: /home/mjlinux/Downloads/book_ros2_wrs/install/pal_gazebo_worlds/share/pal_gazebo_worlds/models/hospital_map/meshes/hospital_map.stl
[5.024s] -- Symlinking: /home/mjlinux/Downloads/book_ros2_wrs/install/pal_gazebo_worlds/share/pal_gazebo_worlds/models/hospital_map/meshes/w1.stl
[5.086s] -- Symlinking: /home/mjlinux/Downloads/book_ros2_wrs/install/pal_gazebo_worlds/share/pal_gazebo_worlds/models/hospital_map/meshes/w2.stl
[5.121s] -- Symlinking: /home/mjlinux/Downloads/book_ros2_wrs/install/pal_gazebo_worlds/share/pal_gazebo_worlds/models/hospital_map/meshes/w3.stl
[5.141s] -- Symlinking: /home/mjlinux/Downloads/book_ros2_wrs/install/pal_gazebo_worlds/share/pal_gazebo_worlds/models/hospital_map/meshes/w4.stl
[5.169s] -- Symlinking: /home/mjlinux/Downloads/book_ros2_wrs/install/pal_gazebo_worlds/share/pal_gazebo_worlds/models/hospital_map/meshes/w5.stl
[5.189s] -- Symlinking: /home/mjlinux/Downloads/book_ros2_wrs/install/pal_gazebo_worlds/share/pal_gazebo_worlds/models/hospital_map/meshes/w6.stl
[5.203s] -- Symlinking: /home/mjlinux/Downloads/book_ros2_wrs/install/pal_gazebo_worlds/share/pal_gazebo_worlds/models/hospital_map/meshes/w7.stl
[5.215s] -- Symlinking: /home/mjlinux/Downloads/book_ros2_wrs/install/pal_gazebo_worlds/share/pal_gazebo_worlds/models/hospital_map/meshes/wr1.stl
[5.250s] -- Symlinking: /home/mjlinux/Downloads/book_ros2_wrs/install/pal_gazebo_worlds/share/pal_gazebo_worlds/models/hospital_map/meshes/wr2.stl
[5.272s] -- Symlinking: /home/mjlinux/Downloads/book_ros2_wrs/install/pal_gazebo_worlds/share/pal_gazebo_worlds/models/hospital_map/meshes/wr3.stl
[5.297s] -- Symlinking: /home/mjlinux/Downloads/book_ros2_wrs/install/pal_gazebo_worlds/share/pal_gazebo_worlds/models/hospital_map/meshes/wr4.stl
[5.332s] -- Symlinking: /home/mjlinux/Downloads/book_ros2_wrs/install/pal_gazebo_worlds/share/pal_gazebo_worlds/models/hospital_map/meshes/wr5.stl
[5.345s] -- Symlinking: /home/mjlinux/Downloads/book_ros2_wrs/install/pal_gazebo_worlds/share/pal_gazebo_worlds/models/hospital_map/meshes/wr6.stl
[5.370s] -- Symlinking: /home/mjlinux/Downloads/book_ros2_wrs/install/pal_gazebo_worlds/share/pal_gazebo_worlds/models/hospital_map/model.config
[5.388s] -- Symlinking: /home/mjlinux/Downloads/book_ros2_wrs/install/pal_gazebo_worlds/share/pal_gazebo_worlds/models/ideal_sun/model.config
[5.419s] -- Symlinking: /home/mjlinux/Downloads/book_ros2_wrs/install/pal_gazebo_worlds/share/pal_gazebo_worlds/models/ideal_sun/model.sdf
[5.431s] -- Symlinking: /home/mjlinux/Downloads/book_ros2_wrs/install/pal_gazebo_worlds/share/pal_gazebo_worlds/models/ikea_ektorp_chair/meshes/IKE06001.JPG
[5.461s] -- Symlinking: /home/mjlinux/Downloads/book_ros2_wrs/install/pal_gazebo_worlds/share/pal_gazebo_worlds/models/ikea_ektorp_chair/meshes/mesh.dae
[5.471s] -- Symlinking: /home/mjlinux/Downloads/book_ros2_wrs/install/pal_gazebo_worlds/share/pal_gazebo_worlds/models/ikea_ektorp_chair/model.config
[5.525s] -- Symlinking: /home/mjlinux/Downloads/book_ros2_wrs/install/pal_gazebo_worlds/share/pal_gazebo_worlds/models/ikea_ektorp_chair/model.sdf
[5.549s] -- Symlinking: /home/mjlinux/Downloads/book_ros2_wrs/install/pal_gazebo_worlds/share/pal_gazebo_worlds/models/ikea_folke_chair/meshes/mesh.dae
[5.576s] -- Symlinking: /home/mjlinux/Downloads/book_ros2_wrs/install/pal_gazebo_worlds/share/pal_gazebo_worlds/models/ikea_folke_chair/meshes/notexture.png
[5.638s] -- Symlinking: /home/mjlinux/Downloads/book_ros2_wrs/install/pal_gazebo_worlds/share/pal_gazebo_worlds/models/ikea_folke_chair/meshes/texture.png
[5.663s] -- Symlinking: /home/mjlinux/Downloads/book_ros2_wrs/install/pal_gazebo_worlds/share/pal_gazebo_worlds/models/ikea_folke_chair/model.config
[5.690s] -- Symlinking: /home/mjlinux/Downloads/book_ros2_wrs/install/pal_gazebo_worlds/share/pal_gazebo_worlds/models/ikea_folke_chair/model.sdf
[5.712s] -- Symlinking: /home/mjlinux/Downloads/book_ros2_wrs/install/pal_gazebo_worlds/share/pal_gazebo_worlds/models/ikea_harry_chair/meshes/body.png
[5.729s] -- Symlinking: /home/mjlinux/Downloads/book_ros2_wrs/install/pal_gazebo_worlds/share/pal_gazebo_worlds/models/ikea_harry_chair/meshes/legs.png
[5.734s] -- Symlinking: /home/mjlinux/Downloads/book_ros2_wrs/install/pal_gazebo_worlds/share/pal_gazebo_worlds/models/ikea_harry_chair/meshes/mesh.dae
[5.753s] -- Symlinking: /home/mjlinux/Downloads/book_ros2_wrs/install/pal_gazebo_worlds/share/pal_gazebo_worlds/models/ikea_harry_chair/model.config
[5.791s] -- Symlinking: /home/mjlinux/Downloads/book_ros2_wrs/install/pal_gazebo_worlds/share/pal_gazebo_worlds/models/ikea_harry_chair/model.sdf
[5.809s] -- Symlinking: /home/mjlinux/Downloads/book_ros2_wrs/install/pal_gazebo_worlds/share/pal_gazebo_worlds/models/ikea_stefan_chair/meshes/mesh.dae
[5.870s] -- Symlinking: /home/mjlinux/Downloads/book_ros2_wrs/install/pal_gazebo_worlds/share/pal_gazebo_worlds/models/ikea_stefan_chair/model.config
[5.906s] -- Symlinking: /home/mjlinux/Downloads/book_ros2_wrs/install/pal_gazebo_worlds/share/pal_gazebo_worlds/models/ikea_stefan_chair/model.sdf
[5.916s] -- Symlinking: /home/mjlinux/Downloads/book_ros2_wrs/install/pal_gazebo_worlds/share/pal_gazebo_worlds/models/ikea_urban_chair/meshes/mesh.dae
[5.927s] -- Symlinking: /home/mjlinux/Downloads/book_ros2_wrs/install/pal_gazebo_worlds/share/pal_gazebo_worlds/models/ikea_urban_chair/meshes/notexture.png
[5.964s] -- Symlinking: /home/mjlinux/Downloads/book_ros2_wrs/install/pal_gazebo_worlds/share/pal_gazebo_worlds/models/ikea_urban_chair/model.config
[5.974s] -- Symlinking: /home/mjlinux/Downloads/book_ros2_wrs/install/pal_gazebo_worlds/share/pal_gazebo_worlds/models/ikea_urban_chair/model.sdf
[5.988s] -- Symlinking: /home/mjlinux/Downloads/book_ros2_wrs/install/pal_gazebo_worlds/share/pal_gazebo_worlds/models/kitchen_chair/kitchen_chair.sdf
[6.001s] -- Symlinking: /home/mjlinux/Downloads/book_ros2_wrs/install/pal_gazebo_worlds/share/pal_gazebo_worlds/models/kitchen_chair/meshes/kitchen_chair.stl
[6.010s] -- Symlinking: /home/mjlinux/Downloads/book_ros2_wrs/install/pal_gazebo_worlds/share/pal_gazebo_worlds/models/kitchen_chair/model.config
[6.033s] -- Symlinking: /home/mjlinux/Downloads/book_ros2_wrs/install/pal_gazebo_worlds/share/pal_gazebo_worlds/models/kitchen_table/kitchen_table.sdf
[6.039s] -- Symlinking: /home/mjlinux/Downloads/book_ros2_wrs/install/pal_gazebo_worlds/share/pal_gazebo_worlds/models/kitchen_table/meshes/kitchen_table.stl
[6.057s] -- Symlinking: /home/mjlinux/Downloads/book_ros2_wrs/install/pal_gazebo_worlds/share/pal_gazebo_worlds/models/kitchen_table/model.config
[6.067s] -- Symlinking: /home/mjlinux/Downloads/book_ros2_wrs/install/pal_gazebo_worlds/share/pal_gazebo_worlds/models/lamp/lamp.sdf
[6.081s] -- Symlinking: /home/mjlinux/Downloads/book_ros2_wrs/install/pal_gazebo_worlds/share/pal_gazebo_worlds/models/lamp/meshes/lamp.stl
[6.091s] -- Symlinking: /home/mjlinux/Downloads/book_ros2_wrs/install/pal_gazebo_worlds/share/pal_gazebo_worlds/models/lamp/model.config
[6.101s] -- Symlinking: /home/mjlinux/Downloads/book_ros2_wrs/install/pal_gazebo_worlds/share/pal_gazebo_worlds/models/macrolink_small_table/model.config
[6.108s] -- Symlinking: /home/mjlinux/Downloads/book_ros2_wrs/install/pal_gazebo_worlds/share/pal_gazebo_worlds/models/macrolink_small_table/table.sdf
[6.129s] -- Symlinking: /home/mjlinux/Downloads/book_ros2_wrs/install/pal_gazebo_worlds/share/pal_gazebo_worlds/models/macrolink_table/model.config
[6.151s] -- Symlinking: /home/mjlinux/Downloads/book_ros2_wrs/install/pal_gazebo_worlds/share/pal_gazebo_worlds/models/macrolink_table/table.sdf
[6.160s] -- Symlinking: /home/mjlinux/Downloads/book_ros2_wrs/install/pal_gazebo_worlds/share/pal_gazebo_worlds/models/marker26_8cm/marker26_8cm.sdf
[6.168s] -- Symlinking: /home/mjlinux/Downloads/book_ros2_wrs/install/pal_gazebo_worlds/share/pal_gazebo_worlds/models/marker26_8cm/material/scripts/marker26_8cm.material
[6.179s] -- Symlinking: /home/mjlinux/Downloads/book_ros2_wrs/install/pal_gazebo_worlds/share/pal_gazebo_worlds/models/marker26_8cm/material/textures/aruco-26_8cm.png
[6.189s] -- Symlinking: /home/mjlinux/Downloads/book_ros2_wrs/install/pal_gazebo_worlds/share/pal_gazebo_worlds/models/marker26_8cm/model.config
[6.197s] -- Symlinking: /home/mjlinux/Downloads/book_ros2_wrs/install/pal_gazebo_worlds/share/pal_gazebo_worlds/models/pal_poster/material/scripts/pal_poster.material
[6.205s] -- Symlinking: /home/mjlinux/Downloads/book_ros2_wrs/install/pal_gazebo_worlds/share/pal_gazebo_worlds/models/pal_poster/material/textures/pal_poster.jpg
[6.212s] -- Symlinking: /home/mjlinux/Downloads/book_ros2_wrs/install/pal_gazebo_worlds/share/pal_gazebo_worlds/models/pal_poster/model.config
[6.222s] -- Symlinking: /home/mjlinux/Downloads/book_ros2_wrs/install/pal_gazebo_worlds/share/pal_gazebo_worlds/models/pal_poster/pal_poster.sdf
[6.236s] -- Symlinking: /home/mjlinux/Downloads/book_ros2_wrs/install/pal_gazebo_worlds/share/pal_gazebo_worlds/models/pal_textured_object/material/scripts/pal_textured_object.material
[6.253s] -- Symlinking: /home/mjlinux/Downloads/book_ros2_wrs/install/pal_gazebo_worlds/share/pal_gazebo_worlds/models/pal_textured_object/material/textures/pal_textured_object.png
[6.268s] -- Symlinking: /home/mjlinux/Downloads/book_ros2_wrs/install/pal_gazebo_worlds/share/pal_gazebo_worlds/models/pal_textured_object/model.config
[6.284s] -- Symlinking: /home/mjlinux/Downloads/book_ros2_wrs/install/pal_gazebo_worlds/share/pal_gazebo_worlds/models/pal_textured_object/pal_textured_object.sdf
[6.298s] -- Symlinking: /home/mjlinux/Downloads/book_ros2_wrs/install/pal_gazebo_worlds/share/pal_gazebo_worlds/models/pringles/material/scripts/pringles.material
[6.306s] -- Symlinking: /home/mjlinux/Downloads/book_ros2_wrs/install/pal_gazebo_worlds/share/pal_gazebo_worlds/models/pringles/material/textures/pringles.jpg
[6.315s] -- Symlinking: /home/mjlinux/Downloads/book_ros2_wrs/install/pal_gazebo_worlds/share/pal_gazebo_worlds/models/pringles/model.config
[6.322s] -- Symlinking: /home/mjlinux/Downloads/book_ros2_wrs/install/pal_gazebo_worlds/share/pal_gazebo_worlds/models/pringles/pringles.sdf
[6.332s] -- Symlinking: /home/mjlinux/Downloads/book_ros2_wrs/install/pal_gazebo_worlds/share/pal_gazebo_worlds/models/pringles2/material/scripts/pringles2.material
[6.345s] -- Symlinking: /home/mjlinux/Downloads/book_ros2_wrs/install/pal_gazebo_worlds/share/pal_gazebo_worlds/models/pringles2/material/textures/pringles2.jpg
[6.364s] -- Symlinking: /home/mjlinux/Downloads/book_ros2_wrs/install/pal_gazebo_worlds/share/pal_gazebo_worlds/models/pringles2/model.config
[6.401s] -- Symlinking: /home/mjlinux/Downloads/book_ros2_wrs/install/pal_gazebo_worlds/share/pal_gazebo_worlds/models/pringles2/pringles2.sdf
[6.401s] -- Symlinking: /home/mjlinux/Downloads/book_ros2_wrs/install/pal_gazebo_worlds/share/pal_gazebo_worlds/models/reemc_bookshelf/bookshelf.sdf
[6.439s] -- Symlinking: /home/mjlinux/Downloads/book_ros2_wrs/install/pal_gazebo_worlds/share/pal_gazebo_worlds/models/reemc_bookshelf/model.config
[6.456s] -- Symlinking: /home/mjlinux/Downloads/book_ros2_wrs/install/pal_gazebo_worlds/share/pal_gazebo_worlds/models/reemc_cabinet/cabinet.sdf
[6.482s] -- Symlinking: /home/mjlinux/Downloads/book_ros2_wrs/install/pal_gazebo_worlds/share/pal_gazebo_worlds/models/reemc_cabinet/model.config
[6.506s] -- Symlinking: /home/mjlinux/Downloads/book_ros2_wrs/install/pal_gazebo_worlds/share/pal_gazebo_worlds/models/reemc_table/model.config
[6.518s] -- Symlinking: /home/mjlinux/Downloads/book_ros2_wrs/install/pal_gazebo_worlds/share/pal_gazebo_worlds/models/reemc_table/table.sdf
[6.528s] -- Symlinking: /home/mjlinux/Downloads/book_ros2_wrs/install/pal_gazebo_worlds/share/pal_gazebo_worlds/models/reemc_textured_object/meshes/mesh.dae
[6.560s] -- Symlinking: /home/mjlinux/Downloads/book_ros2_wrs/install/pal_gazebo_worlds/share/pal_gazebo_worlds/models/reemc_textured_object/meshes/texture.jpg
[6.586s] -- Symlinking: /home/mjlinux/Downloads/book_ros2_wrs/install/pal_gazebo_worlds/share/pal_gazebo_worlds/models/reemc_textured_object/model.config
[6.599s] -- Symlinking: /home/mjlinux/Downloads/book_ros2_wrs/install/pal_gazebo_worlds/share/pal_gazebo_worlds/models/reemc_textured_object/model.sdf
[6.613s] -- Symlinking: /home/mjlinux/Downloads/book_ros2_wrs/install/pal_gazebo_worlds/share/pal_gazebo_worlds/models/reemc_textured_object_nograv/model.config
[6.627s] -- Symlinking: /home/mjlinux/Downloads/book_ros2_wrs/install/pal_gazebo_worlds/share/pal_gazebo_worlds/models/reemc_textured_object_nograv/model.sdf
[6.643s] -- Symlinking: /home/mjlinux/Downloads/book_ros2_wrs/install/pal_gazebo_worlds/share/pal_gazebo_worlds/models/reemc_walls/model.config
[6.655s] -- Symlinking: /home/mjlinux/Downloads/book_ros2_wrs/install/pal_gazebo_worlds/share/pal_gazebo_worlds/models/reemc_walls/walls.sdf
[6.689s] -- Symlinking: /home/mjlinux/Downloads/book_ros2_wrs/install/pal_gazebo_worlds/share/pal_gazebo_worlds/models/reviews_table/meshes/reviews_table.stl
[6.698s] -- Symlinking: /home/mjlinux/Downloads/book_ros2_wrs/install/pal_gazebo_worlds/share/pal_gazebo_worlds/models/reviews_table/model.config
[6.707s] -- Symlinking: /home/mjlinux/Downloads/book_ros2_wrs/install/pal_gazebo_worlds/share/pal_gazebo_worlds/models/reviews_table/reviews_table.sdf
[6.715s] -- Symlinking: /home/mjlinux/Downloads/book_ros2_wrs/install/pal_gazebo_worlds/share/pal_gazebo_worlds/models/robocup_walls_70cm_doors/house_walls.sdf
[6.723s] -- Symlinking: /home/mjlinux/Downloads/book_ros2_wrs/install/pal_gazebo_worlds/share/pal_gazebo_worlds/models/robocup_walls_70cm_doors/meshes/robocup_house.stl
[6.740s] -- Symlinking: /home/mjlinux/Downloads/book_ros2_wrs/install/pal_gazebo_worlds/share/pal_gazebo_worlds/models/robocup_walls_70cm_doors/model.config
[6.763s] -- Symlinking: /home/mjlinux/Downloads/book_ros2_wrs/install/pal_gazebo_worlds/share/pal_gazebo_worlds/models/rockin_camp/README
[6.778s] -- Symlinking: /home/mjlinux/Downloads/book_ros2_wrs/install/pal_gazebo_worlds/share/pal_gazebo_worlds/models/rockin_camp/model.config
[6.787s] -- Symlinking: /home/mjlinux/Downloads/book_ros2_wrs/install/pal_gazebo_worlds/share/pal_gazebo_worlds/models/rockin_camp/model.sdf
[6.799s] -- Symlinking: /home/mjlinux/Downloads/book_ros2_wrs/install/pal_gazebo_worlds/share/pal_gazebo_worlds/models/rockin_camp/rockin_camp.png
[6.807s] -- Symlinking: /home/mjlinux/Downloads/book_ros2_wrs/install/pal_gazebo_worlds/share/pal_gazebo_worlds/models/sideboard/meshes/sideboard.stl
[6.816s] -- Symlinking: /home/mjlinux/Downloads/book_ros2_wrs/install/pal_gazebo_worlds/share/pal_gazebo_worlds/models/sideboard/model.config
[6.826s] -- Symlinking: /home/mjlinux/Downloads/book_ros2_wrs/install/pal_gazebo_worlds/share/pal_gazebo_worlds/models/sideboard/sideboard.sdf
[6.834s] -- Symlinking: /home/mjlinux/Downloads/book_ros2_wrs/install/pal_gazebo_worlds/share/pal_gazebo_worlds/models/slippery_patch/material/scripts/slippery_patch.material
[6.847s] -- Symlinking: /home/mjlinux/Downloads/book_ros2_wrs/install/pal_gazebo_worlds/share/pal_gazebo_worlds/models/slippery_patch/material/textures/slippery_patch.jpg
[6.861s] -- Symlinking: /home/mjlinux/Downloads/book_ros2_wrs/install/pal_gazebo_worlds/share/pal_gazebo_worlds/models/slippery_patch/model.config
[6.886s] -- Symlinking: /home/mjlinux/Downloads/book_ros2_wrs/install/pal_gazebo_worlds/share/pal_gazebo_worlds/models/slippery_patch/slippery_patch.sdf
[6.892s] -- Symlinking: /home/mjlinux/Downloads/book_ros2_wrs/install/pal_gazebo_worlds/share/pal_gazebo_worlds/models/small_cylinder/model.config
[6.907s] -- Symlinking: /home/mjlinux/Downloads/book_ros2_wrs/install/pal_gazebo_worlds/share/pal_gazebo_worlds/models/small_cylinder/small_cylinder.sdf
[6.913s] -- Symlinking: /home/mjlinux/Downloads/book_ros2_wrs/install/pal_gazebo_worlds/share/pal_gazebo_worlds/models/sofa/meshes/sofa.stl
[6.925s] -- Symlinking: /home/mjlinux/Downloads/book_ros2_wrs/install/pal_gazebo_worlds/share/pal_gazebo_worlds/models/sofa/model.config
[6.931s] -- Symlinking: /home/mjlinux/Downloads/book_ros2_wrs/install/pal_gazebo_worlds/share/pal_gazebo_worlds/models/sofa/sofa.sdf
[6.941s] -- Symlinking: /home/mjlinux/Downloads/book_ros2_wrs/install/pal_gazebo_worlds/share/pal_gazebo_worlds/models/sprite/material/scripts/sprite.material
[6.970s] -- Symlinking: /home/mjlinux/Downloads/book_ros2_wrs/install/pal_gazebo_worlds/share/pal_gazebo_worlds/models/sprite/material/textures/sprite.jpg
[7.001s] -- Symlinking: /home/mjlinux/Downloads/book_ros2_wrs/install/pal_gazebo_worlds/share/pal_gazebo_worlds/models/sprite/model.config
[7.017s] -- Symlinking: /home/mjlinux/Downloads/book_ros2_wrs/install/pal_gazebo_worlds/share/pal_gazebo_worlds/models/sprite/sprite.sdf
[7.033s] -- Symlinking: /home/mjlinux/Downloads/book_ros2_wrs/install/pal_gazebo_worlds/share/pal_gazebo_worlds/models/sun/model-1_2.sdf
[7.048s] -- Symlinking: /home/mjlinux/Downloads/book_ros2_wrs/install/pal_gazebo_worlds/share/pal_gazebo_worlds/models/sun/model-1_3.sdf
[7.066s] -- Symlinking: /home/mjlinux/Downloads/book_ros2_wrs/install/pal_gazebo_worlds/share/pal_gazebo_worlds/models/sun/model-1_4.sdf
[7.078s] -- Symlinking: /home/mjlinux/Downloads/book_ros2_wrs/install/pal_gazebo_worlds/share/pal_gazebo_worlds/models/sun/model.config
[7.088s] -- Symlinking: /home/mjlinux/Downloads/book_ros2_wrs/install/pal_gazebo_worlds/share/pal_gazebo_worlds/models/sun/model.sdf
[7.096s] -- Symlinking: /home/mjlinux/Downloads/book_ros2_wrs/install/pal_gazebo_worlds/share/pal_gazebo_worlds/models/table_0m8/model.config
[7.123s] -- Symlinking: /home/mjlinux/Downloads/book_ros2_wrs/install/pal_gazebo_worlds/share/pal_gazebo_worlds/models/table_0m8/table.sdf
[7.137s] -- Symlinking: /home/mjlinux/Downloads/book_ros2_wrs/install/pal_gazebo_worlds/share/pal_gazebo_worlds/models/table_1m/model.config
[7.149s] -- Symlinking: /home/mjlinux/Downloads/book_ros2_wrs/install/pal_gazebo_worlds/share/pal_gazebo_worlds/models/table_1m/table_1m.sdf
[7.169s] -- Symlinking: /home/mjlinux/Downloads/book_ros2_wrs/install/pal_gazebo_worlds/share/pal_gazebo_worlds/models/test2/meshes/test2.dae
[7.186s] -- Symlinking: /home/mjlinux/Downloads/book_ros2_wrs/install/pal_gazebo_worlds/share/pal_gazebo_worlds/models/test2/model.config
[7.205s] -- Symlinking: /home/mjlinux/Downloads/book_ros2_wrs/install/pal_gazebo_worlds/share/pal_gazebo_worlds/models/test2/test2.sdf
[7.211s] -- Symlinking: /home/mjlinux/Downloads/book_ros2_wrs/install/pal_gazebo_worlds/share/pal_gazebo_worlds/models/testing_room/README
[7.219s] -- Symlinking: /home/mjlinux/Downloads/book_ros2_wrs/install/pal_gazebo_worlds/share/pal_gazebo_worlds/models/testing_room/model.config
[7.229s] -- Symlinking: /home/mjlinux/Downloads/book_ros2_wrs/install/pal_gazebo_worlds/share/pal_gazebo_worlds/models/testing_room/model.sdf
[7.237s] -- Symlinking: /home/mjlinux/Downloads/book_ros2_wrs/install/pal_gazebo_worlds/share/pal_gazebo_worlds/models/testing_room/testing_room.png
[7.264s] -- Symlinking: /home/mjlinux/Downloads/book_ros2_wrs/install/pal_gazebo_worlds/share/pal_gazebo_worlds/models/tv/meshes/tv.stl
[7.285s] -- Symlinking: /home/mjlinux/Downloads/book_ros2_wrs/install/pal_gazebo_worlds/share/pal_gazebo_worlds/models/tv/model.config
[7.293s] -- Symlinking: /home/mjlinux/Downloads/book_ros2_wrs/install/pal_gazebo_worlds/share/pal_gazebo_worlds/models/tv/tv.sdf
[7.303s] -- Symlinking: /home/mjlinux/Downloads/book_ros2_wrs/install/pal_gazebo_worlds/share/pal_gazebo_worlds/models/wall_with_reem_photo/material/scripts/ball.material
[7.334s] -- Symlinking: /home/mjlinux/Downloads/book_ros2_wrs/install/pal_gazebo_worlds/share/pal_gazebo_worlds/models/wall_with_reem_photo/material/scripts/wallWithREEMphoto.material
[7.365s] -- Symlinking: /home/mjlinux/Downloads/book_ros2_wrs/install/pal_gazebo_worlds/share/pal_gazebo_worlds/models/wall_with_reem_photo/material/textures/REEM_photo0.jpg
[7.365s] -- Symlinking: /home/mjlinux/Downloads/book_ros2_wrs/install/pal_gazebo_worlds/share/pal_gazebo_worlds/models/wall_with_reem_photo/model.config
[7.396s] -- Symlinking: /home/mjlinux/Downloads/book_ros2_wrs/install/pal_gazebo_worlds/share/pal_gazebo_worlds/models/wall_with_reem_photo/model.sdf
[7.433s] -- Symlinking: /home/mjlinux/Downloads/book_ros2_wrs/install/pal_gazebo_worlds/share/pal_gazebo_worlds/models/wardrobe/meshes/wardrobe.stl
[7.483s] -- Symlinking: /home/mjlinux/Downloads/book_ros2_wrs/install/pal_gazebo_worlds/share/pal_gazebo_worlds/models/wardrobe/model.config
[7.499s] -- Symlinking: /home/mjlinux/Downloads/book_ros2_wrs/install/pal_gazebo_worlds/share/pal_gazebo_worlds/models/wardrobe/wardrobe.sdf
[7.516s] -- Symlinking: /home/mjlinux/Downloads/book_ros2_wrs/install/pal_gazebo_worlds/share/pal_gazebo_worlds/models/willowgarage/materials/textures/Carpet_Berber_Pattern_Gray_.png
[7.530s] -- Symlinking: /home/mjlinux/Downloads/book_ros2_wrs/install/pal_gazebo_worlds/share/pal_gazebo_worlds/models/willowgarage/materials/textures/Stone_Brushed_Khaki_.png
[7.543s] -- Symlinking: /home/mjlinux/Downloads/book_ros2_wrs/install/pal_gazebo_worlds/share/pal_gazebo_worlds/models/willowgarage/materials/textures/Wood_Bamboo_Medium_.png
[7.552s] -- Symlinking: /home/mjlinux/Downloads/book_ros2_wrs/install/pal_gazebo_worlds/share/pal_gazebo_worlds/models/willowgarage/materials/textures/Wood_Cherry_Original_.png
[7.562s] -- Symlinking: /home/mjlinux/Downloads/book_ros2_wrs/install/pal_gazebo_worlds/share/pal_gazebo_worlds/models/willowgarage/materials/textures/__Wood_Bamboo_Medium_1.png
[7.574s] -- Symlinking: /home/mjlinux/Downloads/book_ros2_wrs/install/pal_gazebo_worlds/share/pal_gazebo_worlds/models/willowgarage/materials/textures/__auto_12.png
[7.604s] -- Symlinking: /home/mjlinux/Downloads/book_ros2_wrs/install/pal_gazebo_worlds/share/pal_gazebo_worlds/models/willowgarage/materials/textures/__auto_2.png
[7.619s] -- Symlinking: /home/mjlinux/Downloads/book_ros2_wrs/install/pal_gazebo_worlds/share/pal_gazebo_worlds/models/willowgarage/meshes/willowgarage_collision.dae
[7.659s] -- Symlinking: /home/mjlinux/Downloads/book_ros2_wrs/install/pal_gazebo_worlds/share/pal_gazebo_worlds/models/willowgarage/meshes/willowgarage_visual.dae
[7.676s] -- Symlinking: /home/mjlinux/Downloads/book_ros2_wrs/install/pal_gazebo_worlds/share/pal_gazebo_worlds/worlds/aruco.world
[7.689s] -- Symlinking: /home/mjlinux/Downloads/book_ros2_wrs/install/pal_gazebo_worlds/share/pal_gazebo_worlds/worlds/ball.world
[7.703s] -- Symlinking: /home/mjlinux/Downloads/book_ros2_wrs/install/pal_gazebo_worlds/share/pal_gazebo_worlds/worlds/cabinet_grasping.world
[7.712s] -- Symlinking: /home/mjlinux/Downloads/book_ros2_wrs/install/pal_gazebo_worlds/share/pal_gazebo_worlds/worlds/calibration_room.world
[7.725s] -- Symlinking: /home/mjlinux/Downloads/book_ros2_wrs/install/pal_gazebo_worlds/share/pal_gazebo_worlds/worlds/chairs.world
[7.734s] -- Symlinking: /home/mjlinux/Downloads/book_ros2_wrs/install/pal_gazebo_worlds/share/pal_gazebo_worlds/worlds/corridor_110cm.world
[7.741s] -- Symlinking: /home/mjlinux/Downloads/book_ros2_wrs/install/pal_gazebo_worlds/share/pal_gazebo_worlds/worlds/corridor_60cm.world
[7.753s] -- Symlinking: /home/mjlinux/Downloads/book_ros2_wrs/install/pal_gazebo_worlds/share/pal_gazebo_worlds/worlds/corridor_70cm.world
[7.759s] -- Symlinking: /home/mjlinux/Downloads/book_ros2_wrs/install/pal_gazebo_worlds/share/pal_gazebo_worlds/worlds/corridor_85cm.world
[7.768s] -- Symlinking: /home/mjlinux/Downloads/book_ros2_wrs/install/pal_gazebo_worlds/share/pal_gazebo_worlds/worlds/dock_and_aruco.world
[7.776s] -- Symlinking: /home/mjlinux/Downloads/book_ros2_wrs/install/pal_gazebo_worlds/share/pal_gazebo_worlds/worlds/dock_station.world
[7.790s] -- Symlinking: /home/mjlinux/Downloads/book_ros2_wrs/install/pal_gazebo_worlds/share/pal_gazebo_worlds/worlds/docker_chair.world
[7.802s] -- Symlinking: /home/mjlinux/Downloads/book_ros2_wrs/install/pal_gazebo_worlds/share/pal_gazebo_worlds/worlds/door_obstacle.world
[7.811s] -- Symlinking: /home/mjlinux/Downloads/book_ros2_wrs/install/pal_gazebo_worlds/share/pal_gazebo_worlds/worlds/empty.world
[7.819s] -- Symlinking: /home/mjlinux/Downloads/book_ros2_wrs/install/pal_gazebo_worlds/share/pal_gazebo_worlds/worlds/empty_room.world
[7.831s] -- Symlinking: /home/mjlinux/Downloads/book_ros2_wrs/install/pal_gazebo_worlds/share/pal_gazebo_worlds/worlds/factory.world
[7.839s] -- Symlinking: /home/mjlinux/Downloads/book_ros2_wrs/install/pal_gazebo_worlds/share/pal_gazebo_worlds/worlds/featured.world
[7.846s] -- Symlinking: /home/mjlinux/Downloads/book_ros2_wrs/install/pal_gazebo_worlds/share/pal_gazebo_worlds/worlds/footstep_obstacle.world
[7.852s] -- Symlinking: /home/mjlinux/Downloads/book_ros2_wrs/install/pal_gazebo_worlds/share/pal_gazebo_worlds/worlds/hit_table.world
[7.860s] -- Symlinking: /home/mjlinux/Downloads/book_ros2_wrs/install/pal_gazebo_worlds/share/pal_gazebo_worlds/worlds/home.world
[7.871s] -- Symlinking: /home/mjlinux/Downloads/book_ros2_wrs/install/pal_gazebo_worlds/share/pal_gazebo_worlds/worlds/hospital.world
[7.884s] -- Symlinking: /home/mjlinux/Downloads/book_ros2_wrs/install/pal_gazebo_worlds/share/pal_gazebo_worlds/worlds/hospital_flat.world
[7.896s] -- Symlinking: /home/mjlinux/Downloads/book_ros2_wrs/install/pal_gazebo_worlds/share/pal_gazebo_worlds/worlds/look_to_point.world
[7.904s] -- Symlinking: /home/mjlinux/Downloads/book_ros2_wrs/install/pal_gazebo_worlds/share/pal_gazebo_worlds/worlds/low_sun_empty.world
[7.911s] -- Symlinking: /home/mjlinux/Downloads/book_ros2_wrs/install/pal_gazebo_worlds/share/pal_gazebo_worlds/worlds/memmo_simple.world
[7.919s] -- Symlinking: /home/mjlinux/Downloads/book_ros2_wrs/install/pal_gazebo_worlds/share/pal_gazebo_worlds/worlds/narrow_passage.world
[7.928s] -- Symlinking: /home/mjlinux/Downloads/book_ros2_wrs/install/pal_gazebo_worlds/share/pal_gazebo_worlds/worlds/objects_on_table.world
[7.938s] -- Symlinking: /home/mjlinux/Downloads/book_ros2_wrs/install/pal_gazebo_worlds/share/pal_gazebo_worlds/worlds/pal_office.world
[7.946s] -- Symlinking: /home/mjlinux/Downloads/book_ros2_wrs/install/pal_gazebo_worlds/share/pal_gazebo_worlds/worlds/pal_textured_object.world
[7.954s] -- Symlinking: /home/mjlinux/Downloads/book_ros2_wrs/install/pal_gazebo_worlds/share/pal_gazebo_worlds/worlds/passage_110cm.world
[7.961s] -- Symlinking: /home/mjlinux/Downloads/book_ros2_wrs/install/pal_gazebo_worlds/share/pal_gazebo_worlds/worlds/passage_60cm.world
[7.969s] -- Symlinking: /home/mjlinux/Downloads/book_ros2_wrs/install/pal_gazebo_worlds/share/pal_gazebo_worlds/worlds/passage_70cm.world
[7.979s] -- Symlinking: /home/mjlinux/Downloads/book_ros2_wrs/install/pal_gazebo_worlds/share/pal_gazebo_worlds/worlds/pg_demo.world
[7.991s] -- Symlinking: /home/mjlinux/Downloads/book_ros2_wrs/install/pal_gazebo_worlds/share/pal_gazebo_worlds/worlds/pick.world
[8.003s] -- Symlinking: /home/mjlinux/Downloads/book_ros2_wrs/install/pal_gazebo_worlds/share/pal_gazebo_worlds/worlds/pick_place_cabinet.world
[8.011s] -- Symlinking: /home/mjlinux/Downloads/book_ros2_wrs/install/pal_gazebo_worlds/share/pal_gazebo_worlds/worlds/pick_place_close_demo.world
[8.020s] -- Symlinking: /home/mjlinux/Downloads/book_ros2_wrs/install/pal_gazebo_worlds/share/pal_gazebo_worlds/worlds/pick_place_demo.world
[8.028s] -- Symlinking: /home/mjlinux/Downloads/book_ros2_wrs/install/pal_gazebo_worlds/share/pal_gazebo_worlds/worlds/reemc.world
[8.039s] -- Symlinking: /home/mjlinux/Downloads/book_ros2_wrs/install/pal_gazebo_worlds/share/pal_gazebo_worlds/worlds/reemc_indoor.world
[8.053s] -- Symlinking: /home/mjlinux/Downloads/book_ros2_wrs/install/pal_gazebo_worlds/share/pal_gazebo_worlds/worlds/simple_office.world
[8.067s] -- Symlinking: /home/mjlinux/Downloads/book_ros2_wrs/install/pal_gazebo_worlds/share/pal_gazebo_worlds/worlds/simple_office_with_people.world
[8.079s] -- Symlinking: /home/mjlinux/Downloads/book_ros2_wrs/install/pal_gazebo_worlds/share/pal_gazebo_worlds/worlds/simple_ramp.world
[8.097s] -- Symlinking: /home/mjlinux/Downloads/book_ros2_wrs/install/pal_gazebo_worlds/share/pal_gazebo_worlds/worlds/small_factory.world
[8.112s] -- Symlinking: /home/mjlinux/Downloads/book_ros2_wrs/install/pal_gazebo_worlds/share/pal_gazebo_worlds/worlds/small_office.world
[8.128s] -- Symlinking: /home/mjlinux/Downloads/book_ros2_wrs/install/pal_gazebo_worlds/share/pal_gazebo_worlds/worlds/small_office_door_obstacle.world
[8.147s] -- Symlinking: /home/mjlinux/Downloads/book_ros2_wrs/install/pal_gazebo_worlds/share/pal_gazebo_worlds/worlds/small_office_inventory.world
[8.158s] -- Symlinking: /home/mjlinux/Downloads/book_ros2_wrs/install/pal_gazebo_worlds/share/pal_gazebo_worlds/worlds/small_textured_office.world
[8.167s] -- Symlinking: /home/mjlinux/Downloads/book_ros2_wrs/install/pal_gazebo_worlds/share/pal_gazebo_worlds/worlds/socmcs.world
[8.182s] -- Symlinking: /home/mjlinux/Downloads/book_ros2_wrs/install/pal_gazebo_worlds/share/pal_gazebo_worlds/worlds/stairs.world
[8.197s] -- Symlinking: /home/mjlinux/Downloads/book_ros2_wrs/install/pal_gazebo_worlds/share/pal_gazebo_worlds/worlds/stamping_demo.world
[8.206s] -- Symlinking: /home/mjlinux/Downloads/book_ros2_wrs/install/pal_gazebo_worlds/share/pal_gazebo_worlds/worlds/t_shaped.world
[8.215s] -- Symlinking: /home/mjlinux/Downloads/book_ros2_wrs/install/pal_gazebo_worlds/share/pal_gazebo_worlds/worlds/tabletop_cube.world
[8.223s] -- Symlinking: /home/mjlinux/Downloads/book_ros2_wrs/install/pal_gazebo_worlds/share/pal_gazebo_worlds/worlds/tabletop_cylinder.world
[8.242s] -- Symlinking: /home/mjlinux/Downloads/book_ros2_wrs/install/pal_gazebo_worlds/share/pal_gazebo_worlds/worlds/tutorial_office.world
[8.250s] -- Symlinking: /home/mjlinux/Downloads/book_ros2_wrs/install/pal_gazebo_worlds/share/pal_gazebo_worlds/worlds/voronoi_graph.world
[8.261s] -- Symlinking: /home/mjlinux/Downloads/book_ros2_wrs/install/pal_gazebo_worlds/share/pal_gazebo_worlds/worlds/willow_garage.world
[8.271s] -- Symlinking: /home/mjlinux/Downloads/book_ros2_wrs/install/pal_gazebo_worlds/share/pal_gazebo_worlds/worlds/world_wall_REEM_photo.world
[8.289s] -- Symlinking: /home/mjlinux/Downloads/book_ros2_wrs/install/pal_gazebo_worlds/share/pal_gazebo_worlds/urdf/chessboard/chessboard.gazebo.xacro
[8.297s] -- Symlinking: /home/mjlinux/Downloads/book_ros2_wrs/install/pal_gazebo_worlds/share/pal_gazebo_worlds/urdf/chessboard/chessboard.urdf.xacro
[8.311s] -- Symlinking: /home/mjlinux/Downloads/book_ros2_wrs/install/pal_gazebo_worlds/share/pal_gazebo_worlds/urdf/chessboard/chessboard_example.urdf.xacro
[8.325s] -- Symlinking: /home/mjlinux/Downloads/book_ros2_wrs/install/pal_gazebo_worlds/share/pal_gazebo_worlds/urdf/simple_box.urdf
[8.335s] -- Symlinking: /home/mjlinux/Downloads/book_ros2_wrs/install/pal_gazebo_worlds/share/pal_gazebo_worlds/meshes/chessboard/chessboard.dae
[8.355s] -- Symlinking: /home/mjlinux/Downloads/book_ros2_wrs/install/pal_gazebo_worlds/share/pal_gazebo_worlds/meshes/chessboard/chessboard.png
[8.367s] -- Symlinking: /home/mjlinux/Downloads/book_ros2_wrs/install/pal_gazebo_worlds/share/ament_index/resource_index/package_run_dependencies/pal_gazebo_worlds
[8.374s] -- Symlinking: /home/mjlinux/Downloads/book_ros2_wrs/install/pal_gazebo_worlds/share/ament_index/resource_index/parent_prefix_path/pal_gazebo_worlds
[8.389s] -- Symlinking: /home/mjlinux/Downloads/book_ros2_wrs/install/pal_gazebo_worlds/share/pal_gazebo_worlds/environment/ament_prefix_path.sh
[8.391s] -- Symlinking: /home/mjlinux/Downloads/book_ros2_wrs/install/pal_gazebo_worlds/share/pal_gazebo_worlds/environment/ament_prefix_path.dsv
[8.403s] -- Symlinking: /home/mjlinux/Downloads/book_ros2_wrs/install/pal_gazebo_worlds/share/pal_gazebo_worlds/environment/path.sh
[8.414s] -- Symlinking: /home/mjlinux/Downloads/book_ros2_wrs/install/pal_gazebo_worlds/share/pal_gazebo_worlds/environment/path.dsv
[8.423s] -- Symlinking: /home/mjlinux/Downloads/book_ros2_wrs/install/pal_gazebo_worlds/share/pal_gazebo_worlds/local_setup.bash
[8.434s] -- Symlinking: /home/mjlinux/Downloads/book_ros2_wrs/install/pal_gazebo_worlds/share/pal_gazebo_worlds/local_setup.sh
[8.447s] -- Symlinking: /home/mjlinux/Downloads/book_ros2_wrs/install/pal_gazebo_worlds/share/pal_gazebo_worlds/local_setup.zsh
[8.455s] -- Symlinking: /home/mjlinux/Downloads/book_ros2_wrs/install/pal_gazebo_worlds/share/pal_gazebo_worlds/local_setup.dsv
[8.466s] -- Symlinking: /home/mjlinux/Downloads/book_ros2_wrs/install/pal_gazebo_worlds/share/pal_gazebo_worlds/package.dsv
[8.479s] -- Symlinking: /home/mjlinux/Downloads/book_ros2_wrs/install/pal_gazebo_worlds/share/ament_index/resource_index/packages/pal_gazebo_worlds
[8.491s] -- Symlinking: /home/mjlinux/Downloads/book_ros2_wrs/install/pal_gazebo_worlds/share/pal_gazebo_worlds/cmake/pal_gazebo_worldsConfig.cmake
[8.498s] -- Symlinking: /home/mjlinux/Downloads/book_ros2_wrs/install/pal_gazebo_worlds/share/pal_gazebo_worlds/cmake/pal_gazebo_worldsConfig-version.cmake
[8.506s] -- Symlinking: /home/mjlinux/Downloads/book_ros2_wrs/install/pal_gazebo_worlds/share/pal_gazebo_worlds/package.xml
