-- Using CATKIN_DEVEL_PREFIX: /home/mjlinux/Downloads/book_ros2_wrs/build/std_msgs/devel
-- Using CMAKE_PREFIX_PATH: /home/mjlinux/Downloads/book_ros2_wrs/install/catkin;/home/mjlinux/Downloads/book_ros2_wrs/install/vision_msgs_rviz_plugins;/home/mjlinux/Downloads/book_ros2_wrs/install/br2_tracking;/home/mjlinux/Downloads/book_ros2_wrs/install/vision_msgs;/home/mjlinux/Downloads/book_ros2_wrs/install/urdf_test;/home/mjlinux/Downloads/book_ros2_wrs/install/tiago_simulation;/home/mjlinux/Downloads/book_ros2_wrs/install/tiago_robot;/home/mjlinux/Downloads/book_ros2_wrs/install/tiago_navigation;/home/mjlinux/Downloads/book_ros2_wrs/install/tiago_gazebo;/home/mjlinux/Downloads/book_ros2_wrs/install/tiago_moveit_config;/home/mjlinux/Downloads/book_ros2_wrs/install/tiago_laser_sensors;/home/mjlinux/Downloads/book_ros2_wrs/install/tiago_bringup;/home/mjlinux/Downloads/book_ros2_wrs/install/tiago_description;/home/mjlinux/Downloads/book_ros2_wrs/install/tiago_controller_configuration;/home/mjlinux/Downloads/book_ros2_wrs/install/tiago_2dnav;/home/mjlinux/Downloads/book_ros2_wrs/install/pmb2_robot;/home/mjlinux/Downloads/book_ros2_wrs/install/pmb2_navigation;/home/mjlinux/Downloads/book_ros2_wrs/install/pmb2_2dnav;/home/mjlinux/Downloads/book_ros2_wrs/install/pmb2_maps;/home/mjlinux/Downloads/book_ros2_wrs/install/pmb2_laser_sensors;/home/mjlinux/Downloads/book_ros2_wrs/install/pmb2_bringup;/home/mjlinux/Downloads/book_ros2_wrs/install/pmb2_description;/home/mjlinux/Downloads/book_ros2_wrs/install/pmb2_controller_configuration;/home/mjlinux/Downloads/book_ros2_wrs/install/pal_gripper;/home/mjlinux/Downloads/book_ros2_wrs/install/pal_gripper_description;/home/mjlinux/Downloads/book_ros2_wrs/install/pal_gripper_controller_configuration;/home/mjlinux/Downloads/book_ros2_wrs/install/pal_gazebo_worlds;/home/mjlinux/Downloads/book_ros2_wrs/install/hey5_description;/home/mjlinux/Downloads/book_ros2_wrs/install/groot;/home/mjlinux/Downloads/book_ros2_wrs/install/br2_vff_avoidance;/home/mjlinux/Downloads/book_ros2_wrs/install/br2_tracking_msgs;/home/mjlinux/Downloads/book_ros2_wrs/install/br2_tiago;/home/mjlinux/Downloads/book_ros2_wrs/install/br2_tf2_detector;/home/mjlinux/Downloads/book_ros2_wrs/install/br2_navigation;/home/mjlinux/Downloads/book_ros2_wrs/install/br2_fsm_bumpgo_cpp;/home/mjlinux/Downloads/book_ros2_wrs/install/br2_bt_patrolling;/home/mjlinux/Downloads/book_ros2_wrs/install/br2_bt_bumpgo;/home/mjlinux/Downloads/book_ros2_wrs/install/br2_basics
-- This workspace overlays: /home/mjlinux/Downloads/book_ros2_wrs/install/catkin
-- Override CMake install command with custom implementation using symlinks instead of copying resources
-- Found PythonInterp: /usr/bin/python3 (found suitable version "3.10.12", minimum required is "3") 
-- Using PYTHON_EXECUTABLE: /usr/bin/python3
-- Using Debian Python package layout
-- Using empy: /usr/bin/empy
-- Using CATKIN_ENABLE_TESTING: ON
-- Call enable_testing()
-- Using CATKIN_TEST_RESULTS_DIR: /home/mjlinux/Downloads/book_ros2_wrs/build/std_msgs/test_results
-- Forcing gtest/gmock from source, though one was otherwise available.
-- Found gtest sources under '/usr/src/googletest': gtests will be built
-- Found gmock sources under '/usr/src/googletest': gmock will be built
-- Found Python: /usr/bin/python3.10 (found version "3.10.12") found components: Interpreter 
-- Found Threads: TRUE  
-- nosetests not found, Python tests can not be run (try installing package 'python3-nose')
-- catkin 0.8.10
-- BUILD_SHARED_LIBS is on
[31mCMake Error at /home/mjlinux/Downloads/book_ros2_wrs/install/catkin/share/catkin/cmake/catkinConfig.cmake:83 (find_package):
  Could not find a package configuration file provided by
  "message_generation" with any of the following names:

    message_generationConfig.cmake
    message_generation-config.cmake

  Add the installation prefix of "message_generation" to CMAKE_PREFIX_PATH or
  set "message_generation_DIR" to a directory containing one of the above
  files.  If "message_generation" provides a separate development package or
  SDK, be sure it has been installed.
Call Stack (most recent call first):
  CMakeLists.txt:4 (find_package)

[0m
-- Could NOT find message_generation (missing: message_generation_DIR)
-- Could not find the required component 'message_generation'. The following CMake error indicates that you either need to install the package with the same name or change your environment so that it can be found.
-- Configuring incomplete, errors occurred!
See also "/home/mjlinux/Downloads/book_ros2_wrs/build/std_msgs/CMakeFiles/CMakeOutput.log".
