[0.294s] DEBUG:colcon:Command line arguments: ['/usr/bin/colcon', 'list', '-p', '--base-paths', '/home/mjlinux/Downloads/book_ros2_wrs']
[0.294s] DEBUG:colcon:Parsed command line arguments: Namespace(log_base=None, log_level=None, verb_name='list', build_base='build', ignore_user_meta=False, metas=['./colcon.meta'], base_paths=['/home/mjlinux/Downloads/book_ros2_wrs'], packages_ignore=None, packages_ignore_regex=None, paths=None, packages_up_to=None, packages_up_to_regex=None, packages_above=None, packages_above_and_dependencies=None, packages_above_depth=None, packages_select_by_dep=None, packages_skip_by_dep=None, packages_skip_up_to=None, packages_select_build_failed=False, packages_skip_build_finished=False, packages_select_test_failures=False, packages_skip_test_passed=False, packages_select=None, packages_skip=None, packages_select_regex=None, packages_skip_regex=None, packages_start=None, packages_end=None, allow_overriding=[], topological_order=False, names_only=False, paths_only=True, topological_graph=False, topological_graph_dot=False, topological_graph_density=False, topological_graph_legend=False, topological_graph_dot_cluster=False, topological_graph_dot_include_skipped=False, verb_parser=<colcon_defaults.argument_parser.defaults.DefaultArgumentsDecorator object at 0xffff83096ec0>, verb_extension=<colcon_package_information.verb.list.ListVerb object at 0xffff8304c9d0>, main=<bound method ListVerb.main of <colcon_package_information.verb.list.ListVerb object at 0xffff8304c9d0>>)
[0.325s] Level 1:colcon.colcon_core.package_discovery:discover_packages(colcon_meta) check parameters
[0.325s] Level 1:colcon.colcon_core.package_discovery:discover_packages(recursive) check parameters
[0.325s] Level 1:colcon.colcon_core.package_discovery:discover_packages(ignore) check parameters
[0.325s] Level 1:colcon.colcon_core.package_discovery:discover_packages(path) check parameters
[0.325s] Level 1:colcon.colcon_core.package_discovery:discover_packages(recursive) discover
[0.325s] INFO:colcon.colcon_core.package_discovery:Crawling recursively for packages in '/home/mjlinux/Downloads/book_ros2_wrs'
[0.325s] Level 1:colcon.colcon_core.package_identification:_identify(/home/mjlinux/Downloads/book_ros2_wrs) by extensions ['ignore', 'ignore_ament_install']
[0.326s] Level 1:colcon.colcon_core.package_identification:_identify(/home/mjlinux/Downloads/book_ros2_wrs) by extension 'ignore'
[0.326s] Level 1:colcon.colcon_core.package_identification:_identify(/home/mjlinux/Downloads/book_ros2_wrs) by extension 'ignore_ament_install'
[0.326s] Level 1:colcon.colcon_core.package_identification:_identify(/home/mjlinux/Downloads/book_ros2_wrs) by extensions ['colcon_pkg']
[0.326s] Level 1:colcon.colcon_core.package_identification:_identify(/home/mjlinux/Downloads/book_ros2_wrs) by extension 'colcon_pkg'
[0.326s] Level 1:colcon.colcon_core.package_identification:_identify(/home/mjlinux/Downloads/book_ros2_wrs) by extensions ['colcon_meta']
[0.326s] Level 1:colcon.colcon_core.package_identification:_identify(/home/mjlinux/Downloads/book_ros2_wrs) by extension 'colcon_meta'
[0.326s] Level 1:colcon.colcon_core.package_identification:_identify(/home/mjlinux/Downloads/book_ros2_wrs) by extensions ['ros']
[0.326s] Level 1:colcon.colcon_core.package_identification:_identify(/home/mjlinux/Downloads/book_ros2_wrs) by extension 'ros'
[0.342s] Level 1:colcon.colcon_core.package_identification:_identify(/home/mjlinux/Downloads/book_ros2_wrs) by extensions ['cmake', 'python']
[0.343s] Level 1:colcon.colcon_core.package_identification:_identify(/home/mjlinux/Downloads/book_ros2_wrs) by extension 'cmake'
[0.343s] Level 1:colcon.colcon_core.package_identification:_identify(/home/mjlinux/Downloads/book_ros2_wrs) by extension 'python'
[0.343s] Level 1:colcon.colcon_core.package_identification:_identify(/home/mjlinux/Downloads/book_ros2_wrs) by extensions ['python_setup_py']
[0.343s] Level 1:colcon.colcon_core.package_identification:_identify(/home/mjlinux/Downloads/book_ros2_wrs) by extension 'python_setup_py'
[0.344s] Level 1:colcon.colcon_core.package_identification:_identify(/home/mjlinux/Downloads/book_ros2_wrs/ThirdParty) by extensions ['ignore', 'ignore_ament_install']
[0.344s] Level 1:colcon.colcon_core.package_identification:_identify(/home/mjlinux/Downloads/book_ros2_wrs/ThirdParty) by extension 'ignore'
[0.344s] Level 1:colcon.colcon_core.package_identification:_identify(/home/mjlinux/Downloads/book_ros2_wrs/ThirdParty) by extension 'ignore_ament_install'
[0.345s] Level 1:colcon.colcon_core.package_identification:_identify(/home/mjlinux/Downloads/book_ros2_wrs/ThirdParty) by extensions ['colcon_pkg']
[0.345s] Level 1:colcon.colcon_core.package_identification:_identify(/home/mjlinux/Downloads/book_ros2_wrs/ThirdParty) by extension 'colcon_pkg'
[0.345s] Level 1:colcon.colcon_core.package_identification:_identify(/home/mjlinux/Downloads/book_ros2_wrs/ThirdParty) by extensions ['colcon_meta']
[0.345s] Level 1:colcon.colcon_core.package_identification:_identify(/home/mjlinux/Downloads/book_ros2_wrs/ThirdParty) by extension 'colcon_meta'
[0.345s] Level 1:colcon.colcon_core.package_identification:_identify(/home/mjlinux/Downloads/book_ros2_wrs/ThirdParty) by extensions ['ros']
[0.346s] Level 1:colcon.colcon_core.package_identification:_identify(/home/mjlinux/Downloads/book_ros2_wrs/ThirdParty) by extension 'ros'
[0.346s] Level 1:colcon.colcon_core.package_identification:_identify(/home/mjlinux/Downloads/book_ros2_wrs/ThirdParty) by extensions ['cmake', 'python']
[0.346s] Level 1:colcon.colcon_core.package_identification:_identify(/home/mjlinux/Downloads/book_ros2_wrs/ThirdParty) by extension 'cmake'
[0.346s] Level 1:colcon.colcon_core.package_identification:_identify(/home/mjlinux/Downloads/book_ros2_wrs/ThirdParty) by extension 'python'
[0.346s] Level 1:colcon.colcon_core.package_identification:_identify(/home/mjlinux/Downloads/book_ros2_wrs/ThirdParty) by extensions ['python_setup_py']
[0.346s] Level 1:colcon.colcon_core.package_identification:_identify(/home/mjlinux/Downloads/book_ros2_wrs/ThirdParty) by extension 'python_setup_py'
[0.346s] Level 1:colcon.colcon_core.package_identification:_identify(/home/mjlinux/Downloads/book_ros2_wrs/ThirdParty/Groot) by extensions ['ignore', 'ignore_ament_install']
[0.347s] Level 1:colcon.colcon_core.package_identification:_identify(/home/mjlinux/Downloads/book_ros2_wrs/ThirdParty/Groot) by extension 'ignore'
[0.347s] Level 1:colcon.colcon_core.package_identification:_identify(/home/mjlinux/Downloads/book_ros2_wrs/ThirdParty/Groot) by extension 'ignore_ament_install'
[0.347s] Level 1:colcon.colcon_core.package_identification:_identify(/home/mjlinux/Downloads/book_ros2_wrs/ThirdParty/Groot) by extensions ['colcon_pkg']
[0.347s] Level 1:colcon.colcon_core.package_identification:_identify(/home/mjlinux/Downloads/book_ros2_wrs/ThirdParty/Groot) by extension 'colcon_pkg'
[0.347s] Level 1:colcon.colcon_core.package_identification:_identify(/home/mjlinux/Downloads/book_ros2_wrs/ThirdParty/Groot) by extensions ['colcon_meta']
[0.347s] Level 1:colcon.colcon_core.package_identification:_identify(/home/mjlinux/Downloads/book_ros2_wrs/ThirdParty/Groot) by extension 'colcon_meta'
[0.347s] Level 1:colcon.colcon_core.package_identification:_identify(/home/mjlinux/Downloads/book_ros2_wrs/ThirdParty/Groot) by extensions ['ros']
[0.347s] Level 1:colcon.colcon_core.package_identification:_identify(/home/mjlinux/Downloads/book_ros2_wrs/ThirdParty/Groot) by extension 'ros'
[0.351s] DEBUG:colcon.colcon_core.package_identification:Package '/home/mjlinux/Downloads/book_ros2_wrs/ThirdParty/Groot' with type 'ros.ament_cmake' and name 'groot'
[0.352s] Level 1:colcon.colcon_core.package_identification:_identify(/home/mjlinux/Downloads/book_ros2_wrs/ThirdParty/hey5_description) by extensions ['ignore', 'ignore_ament_install']
[0.352s] Level 1:colcon.colcon_core.package_identification:_identify(/home/mjlinux/Downloads/book_ros2_wrs/ThirdParty/hey5_description) by extension 'ignore'
[0.352s] Level 1:colcon.colcon_core.package_identification:_identify(/home/mjlinux/Downloads/book_ros2_wrs/ThirdParty/hey5_description) by extension 'ignore_ament_install'
[0.352s] Level 1:colcon.colcon_core.package_identification:_identify(/home/mjlinux/Downloads/book_ros2_wrs/ThirdParty/hey5_description) by extensions ['colcon_pkg']
[0.352s] Level 1:colcon.colcon_core.package_identification:_identify(/home/mjlinux/Downloads/book_ros2_wrs/ThirdParty/hey5_description) by extension 'colcon_pkg'
[0.352s] Level 1:colcon.colcon_core.package_identification:_identify(/home/mjlinux/Downloads/book_ros2_wrs/ThirdParty/hey5_description) by extensions ['colcon_meta']
[0.352s] Level 1:colcon.colcon_core.package_identification:_identify(/home/mjlinux/Downloads/book_ros2_wrs/ThirdParty/hey5_description) by extension 'colcon_meta'
[0.352s] Level 1:colcon.colcon_core.package_identification:_identify(/home/mjlinux/Downloads/book_ros2_wrs/ThirdParty/hey5_description) by extensions ['ros']
[0.352s] Level 1:colcon.colcon_core.package_identification:_identify(/home/mjlinux/Downloads/book_ros2_wrs/ThirdParty/hey5_description) by extension 'ros'
[0.353s] DEBUG:colcon.colcon_core.package_identification:Package '/home/mjlinux/Downloads/book_ros2_wrs/ThirdParty/hey5_description' with type 'ros.ament_cmake' and name 'hey5_description'
[0.354s] Level 1:colcon.colcon_core.package_identification:_identify(/home/mjlinux/Downloads/book_ros2_wrs/ThirdParty/launch_pal) by extensions ['ignore', 'ignore_ament_install']
[0.354s] Level 1:colcon.colcon_core.package_identification:_identify(/home/mjlinux/Downloads/book_ros2_wrs/ThirdParty/launch_pal) by extension 'ignore'
[0.354s] Level 1:colcon.colcon_core.package_identification:_identify(/home/mjlinux/Downloads/book_ros2_wrs/ThirdParty/launch_pal) by extension 'ignore_ament_install'
[0.354s] Level 1:colcon.colcon_core.package_identification:_identify(/home/mjlinux/Downloads/book_ros2_wrs/ThirdParty/launch_pal) by extensions ['colcon_pkg']
[0.354s] Level 1:colcon.colcon_core.package_identification:_identify(/home/mjlinux/Downloads/book_ros2_wrs/ThirdParty/launch_pal) by extension 'colcon_pkg'
[0.354s] Level 1:colcon.colcon_core.package_identification:_identify(/home/mjlinux/Downloads/book_ros2_wrs/ThirdParty/launch_pal) by extensions ['colcon_meta']
[0.354s] Level 1:colcon.colcon_core.package_identification:_identify(/home/mjlinux/Downloads/book_ros2_wrs/ThirdParty/launch_pal) by extension 'colcon_meta'
[0.354s] Level 1:colcon.colcon_core.package_identification:_identify(/home/mjlinux/Downloads/book_ros2_wrs/ThirdParty/launch_pal) by extensions ['ros']
[0.354s] Level 1:colcon.colcon_core.package_identification:_identify(/home/mjlinux/Downloads/book_ros2_wrs/ThirdParty/launch_pal) by extension 'ros'
[0.356s] DEBUG:colcon.colcon_core.package_identification:Package '/home/mjlinux/Downloads/book_ros2_wrs/ThirdParty/launch_pal' with type 'ros.ament_python' and name 'launch_pal'
[0.356s] Level 1:colcon.colcon_core.package_identification:_identify(/home/mjlinux/Downloads/book_ros2_wrs/ThirdParty/pal_gazebo_worlds) by extensions ['ignore', 'ignore_ament_install']
[0.356s] Level 1:colcon.colcon_core.package_identification:_identify(/home/mjlinux/Downloads/book_ros2_wrs/ThirdParty/pal_gazebo_worlds) by extension 'ignore'
[0.356s] Level 1:colcon.colcon_core.package_identification:_identify(/home/mjlinux/Downloads/book_ros2_wrs/ThirdParty/pal_gazebo_worlds) by extension 'ignore_ament_install'
[0.356s] Level 1:colcon.colcon_core.package_identification:_identify(/home/mjlinux/Downloads/book_ros2_wrs/ThirdParty/pal_gazebo_worlds) by extensions ['colcon_pkg']
[0.356s] Level 1:colcon.colcon_core.package_identification:_identify(/home/mjlinux/Downloads/book_ros2_wrs/ThirdParty/pal_gazebo_worlds) by extension 'colcon_pkg'
[0.357s] Level 1:colcon.colcon_core.package_identification:_identify(/home/mjlinux/Downloads/book_ros2_wrs/ThirdParty/pal_gazebo_worlds) by extensions ['colcon_meta']
[0.357s] Level 1:colcon.colcon_core.package_identification:_identify(/home/mjlinux/Downloads/book_ros2_wrs/ThirdParty/pal_gazebo_worlds) by extension 'colcon_meta'
[0.357s] Level 1:colcon.colcon_core.package_identification:_identify(/home/mjlinux/Downloads/book_ros2_wrs/ThirdParty/pal_gazebo_worlds) by extensions ['ros']
[0.357s] Level 1:colcon.colcon_core.package_identification:_identify(/home/mjlinux/Downloads/book_ros2_wrs/ThirdParty/pal_gazebo_worlds) by extension 'ros'
[0.358s] DEBUG:colcon.colcon_core.package_identification:Package '/home/mjlinux/Downloads/book_ros2_wrs/ThirdParty/pal_gazebo_worlds' with type 'ros.ament_cmake' and name 'pal_gazebo_worlds'
[0.358s] Level 1:colcon.colcon_core.package_identification:_identify(/home/mjlinux/Downloads/book_ros2_wrs/ThirdParty/pal_gripper) by extensions ['ignore', 'ignore_ament_install']
[0.359s] Level 1:colcon.colcon_core.package_identification:_identify(/home/mjlinux/Downloads/book_ros2_wrs/ThirdParty/pal_gripper) by extension 'ignore'
[0.359s] Level 1:colcon.colcon_core.package_identification:_identify(/home/mjlinux/Downloads/book_ros2_wrs/ThirdParty/pal_gripper) by extension 'ignore_ament_install'
[0.359s] Level 1:colcon.colcon_core.package_identification:_identify(/home/mjlinux/Downloads/book_ros2_wrs/ThirdParty/pal_gripper) by extensions ['colcon_pkg']
[0.359s] Level 1:colcon.colcon_core.package_identification:_identify(/home/mjlinux/Downloads/book_ros2_wrs/ThirdParty/pal_gripper) by extension 'colcon_pkg'
[0.359s] Level 1:colcon.colcon_core.package_identification:_identify(/home/mjlinux/Downloads/book_ros2_wrs/ThirdParty/pal_gripper) by extensions ['colcon_meta']
[0.359s] Level 1:colcon.colcon_core.package_identification:_identify(/home/mjlinux/Downloads/book_ros2_wrs/ThirdParty/pal_gripper) by extension 'colcon_meta'
[0.359s] Level 1:colcon.colcon_core.package_identification:_identify(/home/mjlinux/Downloads/book_ros2_wrs/ThirdParty/pal_gripper) by extensions ['ros']
[0.359s] Level 1:colcon.colcon_core.package_identification:_identify(/home/mjlinux/Downloads/book_ros2_wrs/ThirdParty/pal_gripper) by extension 'ros'
[0.359s] Level 1:colcon.colcon_core.package_identification:_identify(/home/mjlinux/Downloads/book_ros2_wrs/ThirdParty/pal_gripper) by extensions ['cmake', 'python']
[0.360s] Level 1:colcon.colcon_core.package_identification:_identify(/home/mjlinux/Downloads/book_ros2_wrs/ThirdParty/pal_gripper) by extension 'cmake'
[0.360s] Level 1:colcon.colcon_core.package_identification:_identify(/home/mjlinux/Downloads/book_ros2_wrs/ThirdParty/pal_gripper) by extension 'python'
[0.360s] Level 1:colcon.colcon_core.package_identification:_identify(/home/mjlinux/Downloads/book_ros2_wrs/ThirdParty/pal_gripper) by extensions ['python_setup_py']
[0.360s] Level 1:colcon.colcon_core.package_identification:_identify(/home/mjlinux/Downloads/book_ros2_wrs/ThirdParty/pal_gripper) by extension 'python_setup_py'
[0.360s] Level 1:colcon.colcon_core.package_identification:_identify(/home/mjlinux/Downloads/book_ros2_wrs/ThirdParty/pal_gripper/pal_gripper) by extensions ['ignore', 'ignore_ament_install']
[0.360s] Level 1:colcon.colcon_core.package_identification:_identify(/home/mjlinux/Downloads/book_ros2_wrs/ThirdParty/pal_gripper/pal_gripper) by extension 'ignore'
[0.360s] Level 1:colcon.colcon_core.package_identification:_identify(/home/mjlinux/Downloads/book_ros2_wrs/ThirdParty/pal_gripper/pal_gripper) by extension 'ignore_ament_install'
[0.360s] Level 1:colcon.colcon_core.package_identification:_identify(/home/mjlinux/Downloads/book_ros2_wrs/ThirdParty/pal_gripper/pal_gripper) by extensions ['colcon_pkg']
[0.360s] Level 1:colcon.colcon_core.package_identification:_identify(/home/mjlinux/Downloads/book_ros2_wrs/ThirdParty/pal_gripper/pal_gripper) by extension 'colcon_pkg'
[0.360s] Level 1:colcon.colcon_core.package_identification:_identify(/home/mjlinux/Downloads/book_ros2_wrs/ThirdParty/pal_gripper/pal_gripper) by extensions ['colcon_meta']
[0.361s] Level 1:colcon.colcon_core.package_identification:_identify(/home/mjlinux/Downloads/book_ros2_wrs/ThirdParty/pal_gripper/pal_gripper) by extension 'colcon_meta'
[0.361s] Level 1:colcon.colcon_core.package_identification:_identify(/home/mjlinux/Downloads/book_ros2_wrs/ThirdParty/pal_gripper/pal_gripper) by extensions ['ros']
[0.361s] Level 1:colcon.colcon_core.package_identification:_identify(/home/mjlinux/Downloads/book_ros2_wrs/ThirdParty/pal_gripper/pal_gripper) by extension 'ros'
[0.362s] DEBUG:colcon.colcon_core.package_identification:Package '/home/mjlinux/Downloads/book_ros2_wrs/ThirdParty/pal_gripper/pal_gripper' with type 'ros.ament_cmake' and name 'pal_gripper'
[0.363s] Level 1:colcon.colcon_core.package_identification:_identify(/home/mjlinux/Downloads/book_ros2_wrs/ThirdParty/pal_gripper/pal_gripper_controller_configuration) by extensions ['ignore', 'ignore_ament_install']
[0.363s] Level 1:colcon.colcon_core.package_identification:_identify(/home/mjlinux/Downloads/book_ros2_wrs/ThirdParty/pal_gripper/pal_gripper_controller_configuration) by extension 'ignore'
[0.363s] Level 1:colcon.colcon_core.package_identification:_identify(/home/mjlinux/Downloads/book_ros2_wrs/ThirdParty/pal_gripper/pal_gripper_controller_configuration) by extension 'ignore_ament_install'
[0.363s] Level 1:colcon.colcon_core.package_identification:_identify(/home/mjlinux/Downloads/book_ros2_wrs/ThirdParty/pal_gripper/pal_gripper_controller_configuration) by extensions ['colcon_pkg']
[0.363s] Level 1:colcon.colcon_core.package_identification:_identify(/home/mjlinux/Downloads/book_ros2_wrs/ThirdParty/pal_gripper/pal_gripper_controller_configuration) by extension 'colcon_pkg'
[0.364s] Level 1:colcon.colcon_core.package_identification:_identify(/home/mjlinux/Downloads/book_ros2_wrs/ThirdParty/pal_gripper/pal_gripper_controller_configuration) by extensions ['colcon_meta']
[0.364s] Level 1:colcon.colcon_core.package_identification:_identify(/home/mjlinux/Downloads/book_ros2_wrs/ThirdParty/pal_gripper/pal_gripper_controller_configuration) by extension 'colcon_meta'
[0.364s] Level 1:colcon.colcon_core.package_identification:_identify(/home/mjlinux/Downloads/book_ros2_wrs/ThirdParty/pal_gripper/pal_gripper_controller_configuration) by extensions ['ros']
[0.364s] Level 1:colcon.colcon_core.package_identification:_identify(/home/mjlinux/Downloads/book_ros2_wrs/ThirdParty/pal_gripper/pal_gripper_controller_configuration) by extension 'ros'
[0.365s] DEBUG:colcon.colcon_core.package_identification:Package '/home/mjlinux/Downloads/book_ros2_wrs/ThirdParty/pal_gripper/pal_gripper_controller_configuration' with type 'ros.ament_cmake' and name 'pal_gripper_controller_configuration'
[0.366s] Level 1:colcon.colcon_core.package_identification:_identify(/home/mjlinux/Downloads/book_ros2_wrs/ThirdParty/pal_gripper/pal_gripper_controller_configuration_gazebo) by extensions ['ignore', 'ignore_ament_install']
[0.366s] Level 1:colcon.colcon_core.package_identification:_identify(/home/mjlinux/Downloads/book_ros2_wrs/ThirdParty/pal_gripper/pal_gripper_controller_configuration_gazebo) by extension 'ignore'
[0.366s] Level 1:colcon.colcon_core.package_identification:_identify(/home/mjlinux/Downloads/book_ros2_wrs/ThirdParty/pal_gripper/pal_gripper_controller_configuration_gazebo) ignored
[0.368s] Level 1:colcon.colcon_core.package_identification:_identify(/home/mjlinux/Downloads/book_ros2_wrs/ThirdParty/pal_gripper/pal_gripper_description) by extensions ['ignore', 'ignore_ament_install']
[0.368s] Level 1:colcon.colcon_core.package_identification:_identify(/home/mjlinux/Downloads/book_ros2_wrs/ThirdParty/pal_gripper/pal_gripper_description) by extension 'ignore'
[0.368s] Level 1:colcon.colcon_core.package_identification:_identify(/home/mjlinux/Downloads/book_ros2_wrs/ThirdParty/pal_gripper/pal_gripper_description) by extension 'ignore_ament_install'
[0.368s] Level 1:colcon.colcon_core.package_identification:_identify(/home/mjlinux/Downloads/book_ros2_wrs/ThirdParty/pal_gripper/pal_gripper_description) by extensions ['colcon_pkg']
[0.368s] Level 1:colcon.colcon_core.package_identification:_identify(/home/mjlinux/Downloads/book_ros2_wrs/ThirdParty/pal_gripper/pal_gripper_description) by extension 'colcon_pkg'
[0.368s] Level 1:colcon.colcon_core.package_identification:_identify(/home/mjlinux/Downloads/book_ros2_wrs/ThirdParty/pal_gripper/pal_gripper_description) by extensions ['colcon_meta']
[0.368s] Level 1:colcon.colcon_core.package_identification:_identify(/home/mjlinux/Downloads/book_ros2_wrs/ThirdParty/pal_gripper/pal_gripper_description) by extension 'colcon_meta'
[0.368s] Level 1:colcon.colcon_core.package_identification:_identify(/home/mjlinux/Downloads/book_ros2_wrs/ThirdParty/pal_gripper/pal_gripper_description) by extensions ['ros']
[0.369s] Level 1:colcon.colcon_core.package_identification:_identify(/home/mjlinux/Downloads/book_ros2_wrs/ThirdParty/pal_gripper/pal_gripper_description) by extension 'ros'
[0.370s] DEBUG:colcon.colcon_core.package_identification:Package '/home/mjlinux/Downloads/book_ros2_wrs/ThirdParty/pal_gripper/pal_gripper_description' with type 'ros.ament_cmake' and name 'pal_gripper_description'
[0.370s] Level 1:colcon.colcon_core.package_identification:_identify(/home/mjlinux/Downloads/book_ros2_wrs/ThirdParty/pal_gripper/pal_gripper_gazebo) by extensions ['ignore', 'ignore_ament_install']
[0.371s] Level 1:colcon.colcon_core.package_identification:_identify(/home/mjlinux/Downloads/book_ros2_wrs/ThirdParty/pal_gripper/pal_gripper_gazebo) by extension 'ignore'
[0.371s] Level 1:colcon.colcon_core.package_identification:_identify(/home/mjlinux/Downloads/book_ros2_wrs/ThirdParty/pal_gripper/pal_gripper_gazebo) ignored
[0.371s] Level 1:colcon.colcon_core.package_identification:_identify(/home/mjlinux/Downloads/book_ros2_wrs/ThirdParty/pal_gripper/pal_parallel_gripper_wrapper) by extensions ['ignore', 'ignore_ament_install']
[0.372s] Level 1:colcon.colcon_core.package_identification:_identify(/home/mjlinux/Downloads/book_ros2_wrs/ThirdParty/pal_gripper/pal_parallel_gripper_wrapper) by extension 'ignore'
[0.372s] Level 1:colcon.colcon_core.package_identification:_identify(/home/mjlinux/Downloads/book_ros2_wrs/ThirdParty/pal_gripper/pal_parallel_gripper_wrapper) ignored
[0.372s] Level 1:colcon.colcon_core.package_identification:_identify(/home/mjlinux/Downloads/book_ros2_wrs/ThirdParty/pmb2_navigation) by extensions ['ignore', 'ignore_ament_install']
[0.372s] Level 1:colcon.colcon_core.package_identification:_identify(/home/mjlinux/Downloads/book_ros2_wrs/ThirdParty/pmb2_navigation) by extension 'ignore'
[0.372s] Level 1:colcon.colcon_core.package_identification:_identify(/home/mjlinux/Downloads/book_ros2_wrs/ThirdParty/pmb2_navigation) by extension 'ignore_ament_install'
[0.372s] Level 1:colcon.colcon_core.package_identification:_identify(/home/mjlinux/Downloads/book_ros2_wrs/ThirdParty/pmb2_navigation) by extensions ['colcon_pkg']
[0.373s] Level 1:colcon.colcon_core.package_identification:_identify(/home/mjlinux/Downloads/book_ros2_wrs/ThirdParty/pmb2_navigation) by extension 'colcon_pkg'
[0.373s] Level 1:colcon.colcon_core.package_identification:_identify(/home/mjlinux/Downloads/book_ros2_wrs/ThirdParty/pmb2_navigation) by extensions ['colcon_meta']
[0.373s] Level 1:colcon.colcon_core.package_identification:_identify(/home/mjlinux/Downloads/book_ros2_wrs/ThirdParty/pmb2_navigation) by extension 'colcon_meta'
[0.373s] Level 1:colcon.colcon_core.package_identification:_identify(/home/mjlinux/Downloads/book_ros2_wrs/ThirdParty/pmb2_navigation) by extensions ['ros']
[0.373s] Level 1:colcon.colcon_core.package_identification:_identify(/home/mjlinux/Downloads/book_ros2_wrs/ThirdParty/pmb2_navigation) by extension 'ros'
[0.373s] Level 1:colcon.colcon_core.package_identification:_identify(/home/mjlinux/Downloads/book_ros2_wrs/ThirdParty/pmb2_navigation) by extensions ['cmake', 'python']
[0.373s] Level 1:colcon.colcon_core.package_identification:_identify(/home/mjlinux/Downloads/book_ros2_wrs/ThirdParty/pmb2_navigation) by extension 'cmake'
[0.373s] Level 1:colcon.colcon_core.package_identification:_identify(/home/mjlinux/Downloads/book_ros2_wrs/ThirdParty/pmb2_navigation) by extension 'python'
[0.374s] Level 1:colcon.colcon_core.package_identification:_identify(/home/mjlinux/Downloads/book_ros2_wrs/ThirdParty/pmb2_navigation) by extensions ['python_setup_py']
[0.374s] Level 1:colcon.colcon_core.package_identification:_identify(/home/mjlinux/Downloads/book_ros2_wrs/ThirdParty/pmb2_navigation) by extension 'python_setup_py'
[0.374s] Level 1:colcon.colcon_core.package_identification:_identify(/home/mjlinux/Downloads/book_ros2_wrs/ThirdParty/pmb2_navigation/pmb2_2dnav) by extensions ['ignore', 'ignore_ament_install']
[0.374s] Level 1:colcon.colcon_core.package_identification:_identify(/home/mjlinux/Downloads/book_ros2_wrs/ThirdParty/pmb2_navigation/pmb2_2dnav) by extension 'ignore'
[0.374s] Level 1:colcon.colcon_core.package_identification:_identify(/home/mjlinux/Downloads/book_ros2_wrs/ThirdParty/pmb2_navigation/pmb2_2dnav) by extension 'ignore_ament_install'
[0.374s] Level 1:colcon.colcon_core.package_identification:_identify(/home/mjlinux/Downloads/book_ros2_wrs/ThirdParty/pmb2_navigation/pmb2_2dnav) by extensions ['colcon_pkg']
[0.374s] Level 1:colcon.colcon_core.package_identification:_identify(/home/mjlinux/Downloads/book_ros2_wrs/ThirdParty/pmb2_navigation/pmb2_2dnav) by extension 'colcon_pkg'
[0.375s] Level 1:colcon.colcon_core.package_identification:_identify(/home/mjlinux/Downloads/book_ros2_wrs/ThirdParty/pmb2_navigation/pmb2_2dnav) by extensions ['colcon_meta']
[0.375s] Level 1:colcon.colcon_core.package_identification:_identify(/home/mjlinux/Downloads/book_ros2_wrs/ThirdParty/pmb2_navigation/pmb2_2dnav) by extension 'colcon_meta'
[0.375s] Level 1:colcon.colcon_core.package_identification:_identify(/home/mjlinux/Downloads/book_ros2_wrs/ThirdParty/pmb2_navigation/pmb2_2dnav) by extensions ['ros']
[0.375s] Level 1:colcon.colcon_core.package_identification:_identify(/home/mjlinux/Downloads/book_ros2_wrs/ThirdParty/pmb2_navigation/pmb2_2dnav) by extension 'ros'
[0.379s] DEBUG:colcon.colcon_core.package_identification:Package '/home/mjlinux/Downloads/book_ros2_wrs/ThirdParty/pmb2_navigation/pmb2_2dnav' with type 'ros.ament_cmake' and name 'pmb2_2dnav'
[0.380s] Level 1:colcon.colcon_core.package_identification:_identify(/home/mjlinux/Downloads/book_ros2_wrs/ThirdParty/pmb2_navigation/pmb2_laser_sensors) by extensions ['ignore', 'ignore_ament_install']
[0.380s] Level 1:colcon.colcon_core.package_identification:_identify(/home/mjlinux/Downloads/book_ros2_wrs/ThirdParty/pmb2_navigation/pmb2_laser_sensors) by extension 'ignore'
[0.380s] Level 1:colcon.colcon_core.package_identification:_identify(/home/mjlinux/Downloads/book_ros2_wrs/ThirdParty/pmb2_navigation/pmb2_laser_sensors) by extension 'ignore_ament_install'
[0.381s] Level 1:colcon.colcon_core.package_identification:_identify(/home/mjlinux/Downloads/book_ros2_wrs/ThirdParty/pmb2_navigation/pmb2_laser_sensors) by extensions ['colcon_pkg']
[0.381s] Level 1:colcon.colcon_core.package_identification:_identify(/home/mjlinux/Downloads/book_ros2_wrs/ThirdParty/pmb2_navigation/pmb2_laser_sensors) by extension 'colcon_pkg'
[0.381s] Level 1:colcon.colcon_core.package_identification:_identify(/home/mjlinux/Downloads/book_ros2_wrs/ThirdParty/pmb2_navigation/pmb2_laser_sensors) by extensions ['colcon_meta']
[0.381s] Level 1:colcon.colcon_core.package_identification:_identify(/home/mjlinux/Downloads/book_ros2_wrs/ThirdParty/pmb2_navigation/pmb2_laser_sensors) by extension 'colcon_meta'
[0.381s] Level 1:colcon.colcon_core.package_identification:_identify(/home/mjlinux/Downloads/book_ros2_wrs/ThirdParty/pmb2_navigation/pmb2_laser_sensors) by extensions ['ros']
[0.381s] Level 1:colcon.colcon_core.package_identification:_identify(/home/mjlinux/Downloads/book_ros2_wrs/ThirdParty/pmb2_navigation/pmb2_laser_sensors) by extension 'ros'
[0.383s] DEBUG:colcon.colcon_core.package_identification:Package '/home/mjlinux/Downloads/book_ros2_wrs/ThirdParty/pmb2_navigation/pmb2_laser_sensors' with type 'ros.ament_cmake' and name 'pmb2_laser_sensors'
[0.384s] Level 1:colcon.colcon_core.package_identification:_identify(/home/mjlinux/Downloads/book_ros2_wrs/ThirdParty/pmb2_navigation/pmb2_maps) by extensions ['ignore', 'ignore_ament_install']
[0.384s] Level 1:colcon.colcon_core.package_identification:_identify(/home/mjlinux/Downloads/book_ros2_wrs/ThirdParty/pmb2_navigation/pmb2_maps) by extension 'ignore'
[0.384s] Level 1:colcon.colcon_core.package_identification:_identify(/home/mjlinux/Downloads/book_ros2_wrs/ThirdParty/pmb2_navigation/pmb2_maps) by extension 'ignore_ament_install'
[0.385s] Level 1:colcon.colcon_core.package_identification:_identify(/home/mjlinux/Downloads/book_ros2_wrs/ThirdParty/pmb2_navigation/pmb2_maps) by extensions ['colcon_pkg']
[0.385s] Level 1:colcon.colcon_core.package_identification:_identify(/home/mjlinux/Downloads/book_ros2_wrs/ThirdParty/pmb2_navigation/pmb2_maps) by extension 'colcon_pkg'
[0.385s] Level 1:colcon.colcon_core.package_identification:_identify(/home/mjlinux/Downloads/book_ros2_wrs/ThirdParty/pmb2_navigation/pmb2_maps) by extensions ['colcon_meta']
[0.385s] Level 1:colcon.colcon_core.package_identification:_identify(/home/mjlinux/Downloads/book_ros2_wrs/ThirdParty/pmb2_navigation/pmb2_maps) by extension 'colcon_meta'
[0.385s] Level 1:colcon.colcon_core.package_identification:_identify(/home/mjlinux/Downloads/book_ros2_wrs/ThirdParty/pmb2_navigation/pmb2_maps) by extensions ['ros']
[0.385s] Level 1:colcon.colcon_core.package_identification:_identify(/home/mjlinux/Downloads/book_ros2_wrs/ThirdParty/pmb2_navigation/pmb2_maps) by extension 'ros'
[0.387s] DEBUG:colcon.colcon_core.package_identification:Package '/home/mjlinux/Downloads/book_ros2_wrs/ThirdParty/pmb2_navigation/pmb2_maps' with type 'ros.ament_cmake' and name 'pmb2_maps'
[0.387s] Level 1:colcon.colcon_core.package_identification:_identify(/home/mjlinux/Downloads/book_ros2_wrs/ThirdParty/pmb2_navigation/pmb2_navigation) by extensions ['ignore', 'ignore_ament_install']
[0.387s] Level 1:colcon.colcon_core.package_identification:_identify(/home/mjlinux/Downloads/book_ros2_wrs/ThirdParty/pmb2_navigation/pmb2_navigation) by extension 'ignore'
[0.387s] Level 1:colcon.colcon_core.package_identification:_identify(/home/mjlinux/Downloads/book_ros2_wrs/ThirdParty/pmb2_navigation/pmb2_navigation) by extension 'ignore_ament_install'
[0.387s] Level 1:colcon.colcon_core.package_identification:_identify(/home/mjlinux/Downloads/book_ros2_wrs/ThirdParty/pmb2_navigation/pmb2_navigation) by extensions ['colcon_pkg']
[0.387s] Level 1:colcon.colcon_core.package_identification:_identify(/home/mjlinux/Downloads/book_ros2_wrs/ThirdParty/pmb2_navigation/pmb2_navigation) by extension 'colcon_pkg'
[0.388s] Level 1:colcon.colcon_core.package_identification:_identify(/home/mjlinux/Downloads/book_ros2_wrs/ThirdParty/pmb2_navigation/pmb2_navigation) by extensions ['colcon_meta']
[0.388s] Level 1:colcon.colcon_core.package_identification:_identify(/home/mjlinux/Downloads/book_ros2_wrs/ThirdParty/pmb2_navigation/pmb2_navigation) by extension 'colcon_meta'
[0.388s] Level 1:colcon.colcon_core.package_identification:_identify(/home/mjlinux/Downloads/book_ros2_wrs/ThirdParty/pmb2_navigation/pmb2_navigation) by extensions ['ros']
[0.388s] Level 1:colcon.colcon_core.package_identification:_identify(/home/mjlinux/Downloads/book_ros2_wrs/ThirdParty/pmb2_navigation/pmb2_navigation) by extension 'ros'
[0.389s] DEBUG:colcon.colcon_core.package_identification:Package '/home/mjlinux/Downloads/book_ros2_wrs/ThirdParty/pmb2_navigation/pmb2_navigation' with type 'ros.ament_cmake' and name 'pmb2_navigation'
[0.390s] Level 1:colcon.colcon_core.package_identification:_identify(/home/mjlinux/Downloads/book_ros2_wrs/ThirdParty/pmb2_navigation/pmb2_rgbd_sensors) by extensions ['ignore', 'ignore_ament_install']
[0.390s] Level 1:colcon.colcon_core.package_identification:_identify(/home/mjlinux/Downloads/book_ros2_wrs/ThirdParty/pmb2_navigation/pmb2_rgbd_sensors) by extension 'ignore'
[0.390s] Level 1:colcon.colcon_core.package_identification:_identify(/home/mjlinux/Downloads/book_ros2_wrs/ThirdParty/pmb2_navigation/pmb2_rgbd_sensors) ignored
[0.390s] Level 1:colcon.colcon_core.package_identification:_identify(/home/mjlinux/Downloads/book_ros2_wrs/ThirdParty/pmb2_robot) by extensions ['ignore', 'ignore_ament_install']
[0.391s] Level 1:colcon.colcon_core.package_identification:_identify(/home/mjlinux/Downloads/book_ros2_wrs/ThirdParty/pmb2_robot) by extension 'ignore'
[0.391s] Level 1:colcon.colcon_core.package_identification:_identify(/home/mjlinux/Downloads/book_ros2_wrs/ThirdParty/pmb2_robot) by extension 'ignore_ament_install'
[0.391s] Level 1:colcon.colcon_core.package_identification:_identify(/home/mjlinux/Downloads/book_ros2_wrs/ThirdParty/pmb2_robot) by extensions ['colcon_pkg']
[0.391s] Level 1:colcon.colcon_core.package_identification:_identify(/home/mjlinux/Downloads/book_ros2_wrs/ThirdParty/pmb2_robot) by extension 'colcon_pkg'
[0.391s] Level 1:colcon.colcon_core.package_identification:_identify(/home/mjlinux/Downloads/book_ros2_wrs/ThirdParty/pmb2_robot) by extensions ['colcon_meta']
[0.391s] Level 1:colcon.colcon_core.package_identification:_identify(/home/mjlinux/Downloads/book_ros2_wrs/ThirdParty/pmb2_robot) by extension 'colcon_meta'
[0.392s] Level 1:colcon.colcon_core.package_identification:_identify(/home/mjlinux/Downloads/book_ros2_wrs/ThirdParty/pmb2_robot) by extensions ['ros']
[0.393s] Level 1:colcon.colcon_core.package_identification:_identify(/home/mjlinux/Downloads/book_ros2_wrs/ThirdParty/pmb2_robot) by extension 'ros'
[0.394s] Level 1:colcon.colcon_core.package_identification:_identify(/home/mjlinux/Downloads/book_ros2_wrs/ThirdParty/pmb2_robot) by extensions ['cmake', 'python']
[0.394s] Level 1:colcon.colcon_core.package_identification:_identify(/home/mjlinux/Downloads/book_ros2_wrs/ThirdParty/pmb2_robot) by extension 'cmake'
[0.394s] Level 1:colcon.colcon_core.package_identification:_identify(/home/mjlinux/Downloads/book_ros2_wrs/ThirdParty/pmb2_robot) by extension 'python'
[0.394s] Level 1:colcon.colcon_core.package_identification:_identify(/home/mjlinux/Downloads/book_ros2_wrs/ThirdParty/pmb2_robot) by extensions ['python_setup_py']
[0.394s] Level 1:colcon.colcon_core.package_identification:_identify(/home/mjlinux/Downloads/book_ros2_wrs/ThirdParty/pmb2_robot) by extension 'python_setup_py'
[0.396s] Level 1:colcon.colcon_core.package_identification:_identify(/home/mjlinux/Downloads/book_ros2_wrs/ThirdParty/pmb2_robot/pmb2_bringup) by extensions ['ignore', 'ignore_ament_install']
[0.396s] Level 1:colcon.colcon_core.package_identification:_identify(/home/mjlinux/Downloads/book_ros2_wrs/ThirdParty/pmb2_robot/pmb2_bringup) by extension 'ignore'
[0.396s] Level 1:colcon.colcon_core.package_identification:_identify(/home/mjlinux/Downloads/book_ros2_wrs/ThirdParty/pmb2_robot/pmb2_bringup) by extension 'ignore_ament_install'
[0.396s] Level 1:colcon.colcon_core.package_identification:_identify(/home/mjlinux/Downloads/book_ros2_wrs/ThirdParty/pmb2_robot/pmb2_bringup) by extensions ['colcon_pkg']
[0.396s] Level 1:colcon.colcon_core.package_identification:_identify(/home/mjlinux/Downloads/book_ros2_wrs/ThirdParty/pmb2_robot/pmb2_bringup) by extension 'colcon_pkg'
[0.397s] Level 1:colcon.colcon_core.package_identification:_identify(/home/mjlinux/Downloads/book_ros2_wrs/ThirdParty/pmb2_robot/pmb2_bringup) by extensions ['colcon_meta']
[0.397s] Level 1:colcon.colcon_core.package_identification:_identify(/home/mjlinux/Downloads/book_ros2_wrs/ThirdParty/pmb2_robot/pmb2_bringup) by extension 'colcon_meta'
[0.398s] Level 1:colcon.colcon_core.package_identification:_identify(/home/mjlinux/Downloads/book_ros2_wrs/ThirdParty/pmb2_robot/pmb2_bringup) by extensions ['ros']
[0.398s] Level 1:colcon.colcon_core.package_identification:_identify(/home/mjlinux/Downloads/book_ros2_wrs/ThirdParty/pmb2_robot/pmb2_bringup) by extension 'ros'
[0.400s] DEBUG:colcon.colcon_core.package_identification:Package '/home/mjlinux/Downloads/book_ros2_wrs/ThirdParty/pmb2_robot/pmb2_bringup' with type 'ros.ament_cmake' and name 'pmb2_bringup'
[0.401s] Level 1:colcon.colcon_core.package_identification:_identify(/home/mjlinux/Downloads/book_ros2_wrs/ThirdParty/pmb2_robot/pmb2_controller_configuration) by extensions ['ignore', 'ignore_ament_install']
[0.402s] Level 1:colcon.colcon_core.package_identification:_identify(/home/mjlinux/Downloads/book_ros2_wrs/ThirdParty/pmb2_robot/pmb2_controller_configuration) by extension 'ignore'
[0.402s] Level 1:colcon.colcon_core.package_identification:_identify(/home/mjlinux/Downloads/book_ros2_wrs/ThirdParty/pmb2_robot/pmb2_controller_configuration) by extension 'ignore_ament_install'
[0.402s] Level 1:colcon.colcon_core.package_identification:_identify(/home/mjlinux/Downloads/book_ros2_wrs/ThirdParty/pmb2_robot/pmb2_controller_configuration) by extensions ['colcon_pkg']
[0.402s] Level 1:colcon.colcon_core.package_identification:_identify(/home/mjlinux/Downloads/book_ros2_wrs/ThirdParty/pmb2_robot/pmb2_controller_configuration) by extension 'colcon_pkg'
[0.402s] Level 1:colcon.colcon_core.package_identification:_identify(/home/mjlinux/Downloads/book_ros2_wrs/ThirdParty/pmb2_robot/pmb2_controller_configuration) by extensions ['colcon_meta']
[0.402s] Level 1:colcon.colcon_core.package_identification:_identify(/home/mjlinux/Downloads/book_ros2_wrs/ThirdParty/pmb2_robot/pmb2_controller_configuration) by extension 'colcon_meta'
[0.402s] Level 1:colcon.colcon_core.package_identification:_identify(/home/mjlinux/Downloads/book_ros2_wrs/ThirdParty/pmb2_robot/pmb2_controller_configuration) by extensions ['ros']
[0.402s] Level 1:colcon.colcon_core.package_identification:_identify(/home/mjlinux/Downloads/book_ros2_wrs/ThirdParty/pmb2_robot/pmb2_controller_configuration) by extension 'ros'
[0.404s] DEBUG:colcon.colcon_core.package_identification:Package '/home/mjlinux/Downloads/book_ros2_wrs/ThirdParty/pmb2_robot/pmb2_controller_configuration' with type 'ros.ament_cmake' and name 'pmb2_controller_configuration'
[0.404s] Level 1:colcon.colcon_core.package_identification:_identify(/home/mjlinux/Downloads/book_ros2_wrs/ThirdParty/pmb2_robot/pmb2_description) by extensions ['ignore', 'ignore_ament_install']
[0.404s] Level 1:colcon.colcon_core.package_identification:_identify(/home/mjlinux/Downloads/book_ros2_wrs/ThirdParty/pmb2_robot/pmb2_description) by extension 'ignore'
[0.405s] Level 1:colcon.colcon_core.package_identification:_identify(/home/mjlinux/Downloads/book_ros2_wrs/ThirdParty/pmb2_robot/pmb2_description) by extension 'ignore_ament_install'
[0.405s] Level 1:colcon.colcon_core.package_identification:_identify(/home/mjlinux/Downloads/book_ros2_wrs/ThirdParty/pmb2_robot/pmb2_description) by extensions ['colcon_pkg']
[0.405s] Level 1:colcon.colcon_core.package_identification:_identify(/home/mjlinux/Downloads/book_ros2_wrs/ThirdParty/pmb2_robot/pmb2_description) by extension 'colcon_pkg'
[0.405s] Level 1:colcon.colcon_core.package_identification:_identify(/home/mjlinux/Downloads/book_ros2_wrs/ThirdParty/pmb2_robot/pmb2_description) by extensions ['colcon_meta']
[0.405s] Level 1:colcon.colcon_core.package_identification:_identify(/home/mjlinux/Downloads/book_ros2_wrs/ThirdParty/pmb2_robot/pmb2_description) by extension 'colcon_meta'
[0.405s] Level 1:colcon.colcon_core.package_identification:_identify(/home/mjlinux/Downloads/book_ros2_wrs/ThirdParty/pmb2_robot/pmb2_description) by extensions ['ros']
[0.405s] Level 1:colcon.colcon_core.package_identification:_identify(/home/mjlinux/Downloads/book_ros2_wrs/ThirdParty/pmb2_robot/pmb2_description) by extension 'ros'
[0.407s] DEBUG:colcon.colcon_core.package_identification:Package '/home/mjlinux/Downloads/book_ros2_wrs/ThirdParty/pmb2_robot/pmb2_description' with type 'ros.ament_cmake' and name 'pmb2_description'
[0.409s] Level 1:colcon.colcon_core.package_identification:_identify(/home/mjlinux/Downloads/book_ros2_wrs/ThirdParty/pmb2_robot/pmb2_robot) by extensions ['ignore', 'ignore_ament_install']
[0.409s] Level 1:colcon.colcon_core.package_identification:_identify(/home/mjlinux/Downloads/book_ros2_wrs/ThirdParty/pmb2_robot/pmb2_robot) by extension 'ignore'
[0.409s] Level 1:colcon.colcon_core.package_identification:_identify(/home/mjlinux/Downloads/book_ros2_wrs/ThirdParty/pmb2_robot/pmb2_robot) by extension 'ignore_ament_install'
[0.409s] Level 1:colcon.colcon_core.package_identification:_identify(/home/mjlinux/Downloads/book_ros2_wrs/ThirdParty/pmb2_robot/pmb2_robot) by extensions ['colcon_pkg']
[0.409s] Level 1:colcon.colcon_core.package_identification:_identify(/home/mjlinux/Downloads/book_ros2_wrs/ThirdParty/pmb2_robot/pmb2_robot) by extension 'colcon_pkg'
[0.409s] Level 1:colcon.colcon_core.package_identification:_identify(/home/mjlinux/Downloads/book_ros2_wrs/ThirdParty/pmb2_robot/pmb2_robot) by extensions ['colcon_meta']
[0.409s] Level 1:colcon.colcon_core.package_identification:_identify(/home/mjlinux/Downloads/book_ros2_wrs/ThirdParty/pmb2_robot/pmb2_robot) by extension 'colcon_meta'
[0.409s] Level 1:colcon.colcon_core.package_identification:_identify(/home/mjlinux/Downloads/book_ros2_wrs/ThirdParty/pmb2_robot/pmb2_robot) by extensions ['ros']
[0.410s] Level 1:colcon.colcon_core.package_identification:_identify(/home/mjlinux/Downloads/book_ros2_wrs/ThirdParty/pmb2_robot/pmb2_robot) by extension 'ros'
[0.410s] DEBUG:colcon.colcon_core.package_identification:Package '/home/mjlinux/Downloads/book_ros2_wrs/ThirdParty/pmb2_robot/pmb2_robot' with type 'ros.ament_cmake' and name 'pmb2_robot'
[0.411s] Level 1:colcon.colcon_core.package_identification:_identify(/home/mjlinux/Downloads/book_ros2_wrs/ThirdParty/tiago_moveit_config) by extensions ['ignore', 'ignore_ament_install']
[0.411s] Level 1:colcon.colcon_core.package_identification:_identify(/home/mjlinux/Downloads/book_ros2_wrs/ThirdParty/tiago_moveit_config) by extension 'ignore'
[0.411s] Level 1:colcon.colcon_core.package_identification:_identify(/home/mjlinux/Downloads/book_ros2_wrs/ThirdParty/tiago_moveit_config) by extension 'ignore_ament_install'
[0.411s] Level 1:colcon.colcon_core.package_identification:_identify(/home/mjlinux/Downloads/book_ros2_wrs/ThirdParty/tiago_moveit_config) by extensions ['colcon_pkg']
[0.411s] Level 1:colcon.colcon_core.package_identification:_identify(/home/mjlinux/Downloads/book_ros2_wrs/ThirdParty/tiago_moveit_config) by extension 'colcon_pkg'
[0.411s] Level 1:colcon.colcon_core.package_identification:_identify(/home/mjlinux/Downloads/book_ros2_wrs/ThirdParty/tiago_moveit_config) by extensions ['colcon_meta']
[0.412s] Level 1:colcon.colcon_core.package_identification:_identify(/home/mjlinux/Downloads/book_ros2_wrs/ThirdParty/tiago_moveit_config) by extension 'colcon_meta'
[0.412s] Level 1:colcon.colcon_core.package_identification:_identify(/home/mjlinux/Downloads/book_ros2_wrs/ThirdParty/tiago_moveit_config) by extensions ['ros']
[0.412s] Level 1:colcon.colcon_core.package_identification:_identify(/home/mjlinux/Downloads/book_ros2_wrs/ThirdParty/tiago_moveit_config) by extension 'ros'
[0.413s] DEBUG:colcon.colcon_core.package_identification:Package '/home/mjlinux/Downloads/book_ros2_wrs/ThirdParty/tiago_moveit_config' with type 'ros.ament_cmake' and name 'tiago_moveit_config'
[0.413s] Level 1:colcon.colcon_core.package_identification:_identify(/home/mjlinux/Downloads/book_ros2_wrs/ThirdParty/tiago_navigation) by extensions ['ignore', 'ignore_ament_install']
[0.414s] Level 1:colcon.colcon_core.package_identification:_identify(/home/mjlinux/Downloads/book_ros2_wrs/ThirdParty/tiago_navigation) by extension 'ignore'
[0.414s] Level 1:colcon.colcon_core.package_identification:_identify(/home/mjlinux/Downloads/book_ros2_wrs/ThirdParty/tiago_navigation) by extension 'ignore_ament_install'
[0.414s] Level 1:colcon.colcon_core.package_identification:_identify(/home/mjlinux/Downloads/book_ros2_wrs/ThirdParty/tiago_navigation) by extensions ['colcon_pkg']
[0.415s] Level 1:colcon.colcon_core.package_identification:_identify(/home/mjlinux/Downloads/book_ros2_wrs/ThirdParty/tiago_navigation) by extension 'colcon_pkg'
[0.415s] Level 1:colcon.colcon_core.package_identification:_identify(/home/mjlinux/Downloads/book_ros2_wrs/ThirdParty/tiago_navigation) by extensions ['colcon_meta']
[0.415s] Level 1:colcon.colcon_core.package_identification:_identify(/home/mjlinux/Downloads/book_ros2_wrs/ThirdParty/tiago_navigation) by extension 'colcon_meta'
[0.415s] Level 1:colcon.colcon_core.package_identification:_identify(/home/mjlinux/Downloads/book_ros2_wrs/ThirdParty/tiago_navigation) by extensions ['ros']
[0.415s] Level 1:colcon.colcon_core.package_identification:_identify(/home/mjlinux/Downloads/book_ros2_wrs/ThirdParty/tiago_navigation) by extension 'ros'
[0.415s] Level 1:colcon.colcon_core.package_identification:_identify(/home/mjlinux/Downloads/book_ros2_wrs/ThirdParty/tiago_navigation) by extensions ['cmake', 'python']
[0.416s] Level 1:colcon.colcon_core.package_identification:_identify(/home/mjlinux/Downloads/book_ros2_wrs/ThirdParty/tiago_navigation) by extension 'cmake'
[0.416s] Level 1:colcon.colcon_core.package_identification:_identify(/home/mjlinux/Downloads/book_ros2_wrs/ThirdParty/tiago_navigation) by extension 'python'
[0.416s] Level 1:colcon.colcon_core.package_identification:_identify(/home/mjlinux/Downloads/book_ros2_wrs/ThirdParty/tiago_navigation) by extensions ['python_setup_py']
[0.416s] Level 1:colcon.colcon_core.package_identification:_identify(/home/mjlinux/Downloads/book_ros2_wrs/ThirdParty/tiago_navigation) by extension 'python_setup_py'
[0.416s] Level 1:colcon.colcon_core.package_identification:_identify(/home/mjlinux/Downloads/book_ros2_wrs/ThirdParty/tiago_navigation/tiago_2dnav) by extensions ['ignore', 'ignore_ament_install']
[0.416s] Level 1:colcon.colcon_core.package_identification:_identify(/home/mjlinux/Downloads/book_ros2_wrs/ThirdParty/tiago_navigation/tiago_2dnav) by extension 'ignore'
[0.416s] Level 1:colcon.colcon_core.package_identification:_identify(/home/mjlinux/Downloads/book_ros2_wrs/ThirdParty/tiago_navigation/tiago_2dnav) by extension 'ignore_ament_install'
[0.416s] Level 1:colcon.colcon_core.package_identification:_identify(/home/mjlinux/Downloads/book_ros2_wrs/ThirdParty/tiago_navigation/tiago_2dnav) by extensions ['colcon_pkg']
[0.417s] Level 1:colcon.colcon_core.package_identification:_identify(/home/mjlinux/Downloads/book_ros2_wrs/ThirdParty/tiago_navigation/tiago_2dnav) by extension 'colcon_pkg'
[0.417s] Level 1:colcon.colcon_core.package_identification:_identify(/home/mjlinux/Downloads/book_ros2_wrs/ThirdParty/tiago_navigation/tiago_2dnav) by extensions ['colcon_meta']
[0.417s] Level 1:colcon.colcon_core.package_identification:_identify(/home/mjlinux/Downloads/book_ros2_wrs/ThirdParty/tiago_navigation/tiago_2dnav) by extension 'colcon_meta'
[0.417s] Level 1:colcon.colcon_core.package_identification:_identify(/home/mjlinux/Downloads/book_ros2_wrs/ThirdParty/tiago_navigation/tiago_2dnav) by extensions ['ros']
[0.418s] Level 1:colcon.colcon_core.package_identification:_identify(/home/mjlinux/Downloads/book_ros2_wrs/ThirdParty/tiago_navigation/tiago_2dnav) by extension 'ros'
[0.419s] DEBUG:colcon.colcon_core.package_identification:Package '/home/mjlinux/Downloads/book_ros2_wrs/ThirdParty/tiago_navigation/tiago_2dnav' with type 'ros.ament_cmake' and name 'tiago_2dnav'
[0.420s] Level 1:colcon.colcon_core.package_identification:_identify(/home/mjlinux/Downloads/book_ros2_wrs/ThirdParty/tiago_navigation/tiago_laser_sensors) by extensions ['ignore', 'ignore_ament_install']
[0.421s] Level 1:colcon.colcon_core.package_identification:_identify(/home/mjlinux/Downloads/book_ros2_wrs/ThirdParty/tiago_navigation/tiago_laser_sensors) by extension 'ignore'
[0.421s] Level 1:colcon.colcon_core.package_identification:_identify(/home/mjlinux/Downloads/book_ros2_wrs/ThirdParty/tiago_navigation/tiago_laser_sensors) by extension 'ignore_ament_install'
[0.421s] Level 1:colcon.colcon_core.package_identification:_identify(/home/mjlinux/Downloads/book_ros2_wrs/ThirdParty/tiago_navigation/tiago_laser_sensors) by extensions ['colcon_pkg']
[0.421s] Level 1:colcon.colcon_core.package_identification:_identify(/home/mjlinux/Downloads/book_ros2_wrs/ThirdParty/tiago_navigation/tiago_laser_sensors) by extension 'colcon_pkg'
[0.421s] Level 1:colcon.colcon_core.package_identification:_identify(/home/mjlinux/Downloads/book_ros2_wrs/ThirdParty/tiago_navigation/tiago_laser_sensors) by extensions ['colcon_meta']
[0.421s] Level 1:colcon.colcon_core.package_identification:_identify(/home/mjlinux/Downloads/book_ros2_wrs/ThirdParty/tiago_navigation/tiago_laser_sensors) by extension 'colcon_meta'
[0.422s] Level 1:colcon.colcon_core.package_identification:_identify(/home/mjlinux/Downloads/book_ros2_wrs/ThirdParty/tiago_navigation/tiago_laser_sensors) by extensions ['ros']
[0.422s] Level 1:colcon.colcon_core.package_identification:_identify(/home/mjlinux/Downloads/book_ros2_wrs/ThirdParty/tiago_navigation/tiago_laser_sensors) by extension 'ros'
[0.424s] DEBUG:colcon.colcon_core.package_identification:Package '/home/mjlinux/Downloads/book_ros2_wrs/ThirdParty/tiago_navigation/tiago_laser_sensors' with type 'ros.ament_cmake' and name 'tiago_laser_sensors'
[0.425s] Level 1:colcon.colcon_core.package_identification:_identify(/home/mjlinux/Downloads/book_ros2_wrs/ThirdParty/tiago_navigation/tiago_navigation) by extensions ['ignore', 'ignore_ament_install']
[0.425s] Level 1:colcon.colcon_core.package_identification:_identify(/home/mjlinux/Downloads/book_ros2_wrs/ThirdParty/tiago_navigation/tiago_navigation) by extension 'ignore'
[0.425s] Level 1:colcon.colcon_core.package_identification:_identify(/home/mjlinux/Downloads/book_ros2_wrs/ThirdParty/tiago_navigation/tiago_navigation) by extension 'ignore_ament_install'
[0.425s] Level 1:colcon.colcon_core.package_identification:_identify(/home/mjlinux/Downloads/book_ros2_wrs/ThirdParty/tiago_navigation/tiago_navigation) by extensions ['colcon_pkg']
[0.425s] Level 1:colcon.colcon_core.package_identification:_identify(/home/mjlinux/Downloads/book_ros2_wrs/ThirdParty/tiago_navigation/tiago_navigation) by extension 'colcon_pkg'
[0.426s] Level 1:colcon.colcon_core.package_identification:_identify(/home/mjlinux/Downloads/book_ros2_wrs/ThirdParty/tiago_navigation/tiago_navigation) by extensions ['colcon_meta']
[0.426s] Level 1:colcon.colcon_core.package_identification:_identify(/home/mjlinux/Downloads/book_ros2_wrs/ThirdParty/tiago_navigation/tiago_navigation) by extension 'colcon_meta'
[0.426s] Level 1:colcon.colcon_core.package_identification:_identify(/home/mjlinux/Downloads/book_ros2_wrs/ThirdParty/tiago_navigation/tiago_navigation) by extensions ['ros']
[0.426s] Level 1:colcon.colcon_core.package_identification:_identify(/home/mjlinux/Downloads/book_ros2_wrs/ThirdParty/tiago_navigation/tiago_navigation) by extension 'ros'
[0.427s] DEBUG:colcon.colcon_core.package_identification:Package '/home/mjlinux/Downloads/book_ros2_wrs/ThirdParty/tiago_navigation/tiago_navigation' with type 'ros.ament_cmake' and name 'tiago_navigation'
[0.428s] Level 1:colcon.colcon_core.package_identification:_identify(/home/mjlinux/Downloads/book_ros2_wrs/ThirdParty/tiago_robot) by extensions ['ignore', 'ignore_ament_install']
[0.428s] Level 1:colcon.colcon_core.package_identification:_identify(/home/mjlinux/Downloads/book_ros2_wrs/ThirdParty/tiago_robot) by extension 'ignore'
[0.428s] Level 1:colcon.colcon_core.package_identification:_identify(/home/mjlinux/Downloads/book_ros2_wrs/ThirdParty/tiago_robot) by extension 'ignore_ament_install'
[0.429s] Level 1:colcon.colcon_core.package_identification:_identify(/home/mjlinux/Downloads/book_ros2_wrs/ThirdParty/tiago_robot) by extensions ['colcon_pkg']
[0.429s] Level 1:colcon.colcon_core.package_identification:_identify(/home/mjlinux/Downloads/book_ros2_wrs/ThirdParty/tiago_robot) by extension 'colcon_pkg'
[0.429s] Level 1:colcon.colcon_core.package_identification:_identify(/home/mjlinux/Downloads/book_ros2_wrs/ThirdParty/tiago_robot) by extensions ['colcon_meta']
[0.429s] Level 1:colcon.colcon_core.package_identification:_identify(/home/mjlinux/Downloads/book_ros2_wrs/ThirdParty/tiago_robot) by extension 'colcon_meta'
[0.429s] Level 1:colcon.colcon_core.package_identification:_identify(/home/mjlinux/Downloads/book_ros2_wrs/ThirdParty/tiago_robot) by extensions ['ros']
[0.429s] Level 1:colcon.colcon_core.package_identification:_identify(/home/mjlinux/Downloads/book_ros2_wrs/ThirdParty/tiago_robot) by extension 'ros'
[0.429s] Level 1:colcon.colcon_core.package_identification:_identify(/home/mjlinux/Downloads/book_ros2_wrs/ThirdParty/tiago_robot) by extensions ['cmake', 'python']
[0.429s] Level 1:colcon.colcon_core.package_identification:_identify(/home/mjlinux/Downloads/book_ros2_wrs/ThirdParty/tiago_robot) by extension 'cmake'
[0.429s] Level 1:colcon.colcon_core.package_identification:_identify(/home/mjlinux/Downloads/book_ros2_wrs/ThirdParty/tiago_robot) by extension 'python'
[0.430s] Level 1:colcon.colcon_core.package_identification:_identify(/home/mjlinux/Downloads/book_ros2_wrs/ThirdParty/tiago_robot) by extensions ['python_setup_py']
[0.430s] Level 1:colcon.colcon_core.package_identification:_identify(/home/mjlinux/Downloads/book_ros2_wrs/ThirdParty/tiago_robot) by extension 'python_setup_py'
[0.431s] Level 1:colcon.colcon_core.package_identification:_identify(/home/mjlinux/Downloads/book_ros2_wrs/ThirdParty/tiago_robot/tiago_bringup) by extensions ['ignore', 'ignore_ament_install']
[0.431s] Level 1:colcon.colcon_core.package_identification:_identify(/home/mjlinux/Downloads/book_ros2_wrs/ThirdParty/tiago_robot/tiago_bringup) by extension 'ignore'
[0.431s] Level 1:colcon.colcon_core.package_identification:_identify(/home/mjlinux/Downloads/book_ros2_wrs/ThirdParty/tiago_robot/tiago_bringup) by extension 'ignore_ament_install'
[0.431s] Level 1:colcon.colcon_core.package_identification:_identify(/home/mjlinux/Downloads/book_ros2_wrs/ThirdParty/tiago_robot/tiago_bringup) by extensions ['colcon_pkg']
[0.432s] Level 1:colcon.colcon_core.package_identification:_identify(/home/mjlinux/Downloads/book_ros2_wrs/ThirdParty/tiago_robot/tiago_bringup) by extension 'colcon_pkg'
[0.432s] Level 1:colcon.colcon_core.package_identification:_identify(/home/mjlinux/Downloads/book_ros2_wrs/ThirdParty/tiago_robot/tiago_bringup) by extensions ['colcon_meta']
[0.432s] Level 1:colcon.colcon_core.package_identification:_identify(/home/mjlinux/Downloads/book_ros2_wrs/ThirdParty/tiago_robot/tiago_bringup) by extension 'colcon_meta'
[0.432s] Level 1:colcon.colcon_core.package_identification:_identify(/home/mjlinux/Downloads/book_ros2_wrs/ThirdParty/tiago_robot/tiago_bringup) by extensions ['ros']
[0.433s] Level 1:colcon.colcon_core.package_identification:_identify(/home/mjlinux/Downloads/book_ros2_wrs/ThirdParty/tiago_robot/tiago_bringup) by extension 'ros'
[0.434s] DEBUG:colcon.colcon_core.package_identification:Package '/home/mjlinux/Downloads/book_ros2_wrs/ThirdParty/tiago_robot/tiago_bringup' with type 'ros.ament_cmake' and name 'tiago_bringup'
[0.435s] Level 1:colcon.colcon_core.package_identification:_identify(/home/mjlinux/Downloads/book_ros2_wrs/ThirdParty/tiago_robot/tiago_controller_configuration) by extensions ['ignore', 'ignore_ament_install']
[0.435s] Level 1:colcon.colcon_core.package_identification:_identify(/home/mjlinux/Downloads/book_ros2_wrs/ThirdParty/tiago_robot/tiago_controller_configuration) by extension 'ignore'
[0.435s] Level 1:colcon.colcon_core.package_identification:_identify(/home/mjlinux/Downloads/book_ros2_wrs/ThirdParty/tiago_robot/tiago_controller_configuration) by extension 'ignore_ament_install'
[0.435s] Level 1:colcon.colcon_core.package_identification:_identify(/home/mjlinux/Downloads/book_ros2_wrs/ThirdParty/tiago_robot/tiago_controller_configuration) by extensions ['colcon_pkg']
[0.435s] Level 1:colcon.colcon_core.package_identification:_identify(/home/mjlinux/Downloads/book_ros2_wrs/ThirdParty/tiago_robot/tiago_controller_configuration) by extension 'colcon_pkg'
[0.435s] Level 1:colcon.colcon_core.package_identification:_identify(/home/mjlinux/Downloads/book_ros2_wrs/ThirdParty/tiago_robot/tiago_controller_configuration) by extensions ['colcon_meta']
[0.435s] Level 1:colcon.colcon_core.package_identification:_identify(/home/mjlinux/Downloads/book_ros2_wrs/ThirdParty/tiago_robot/tiago_controller_configuration) by extension 'colcon_meta'
[0.435s] Level 1:colcon.colcon_core.package_identification:_identify(/home/mjlinux/Downloads/book_ros2_wrs/ThirdParty/tiago_robot/tiago_controller_configuration) by extensions ['ros']
[0.435s] Level 1:colcon.colcon_core.package_identification:_identify(/home/mjlinux/Downloads/book_ros2_wrs/ThirdParty/tiago_robot/tiago_controller_configuration) by extension 'ros'
[0.437s] DEBUG:colcon.colcon_core.package_identification:Package '/home/mjlinux/Downloads/book_ros2_wrs/ThirdParty/tiago_robot/tiago_controller_configuration' with type 'ros.ament_cmake' and name 'tiago_controller_configuration'
[0.439s] Level 1:colcon.colcon_core.package_identification:_identify(/home/mjlinux/Downloads/book_ros2_wrs/ThirdParty/tiago_robot/tiago_description) by extensions ['ignore', 'ignore_ament_install']
[0.439s] Level 1:colcon.colcon_core.package_identification:_identify(/home/mjlinux/Downloads/book_ros2_wrs/ThirdParty/tiago_robot/tiago_description) by extension 'ignore'
[0.439s] Level 1:colcon.colcon_core.package_identification:_identify(/home/mjlinux/Downloads/book_ros2_wrs/ThirdParty/tiago_robot/tiago_description) by extension 'ignore_ament_install'
[0.439s] Level 1:colcon.colcon_core.package_identification:_identify(/home/mjlinux/Downloads/book_ros2_wrs/ThirdParty/tiago_robot/tiago_description) by extensions ['colcon_pkg']
[0.439s] Level 1:colcon.colcon_core.package_identification:_identify(/home/mjlinux/Downloads/book_ros2_wrs/ThirdParty/tiago_robot/tiago_description) by extension 'colcon_pkg'
[0.439s] Level 1:colcon.colcon_core.package_identification:_identify(/home/mjlinux/Downloads/book_ros2_wrs/ThirdParty/tiago_robot/tiago_description) by extensions ['colcon_meta']
[0.439s] Level 1:colcon.colcon_core.package_identification:_identify(/home/mjlinux/Downloads/book_ros2_wrs/ThirdParty/tiago_robot/tiago_description) by extension 'colcon_meta'
[0.439s] Level 1:colcon.colcon_core.package_identification:_identify(/home/mjlinux/Downloads/book_ros2_wrs/ThirdParty/tiago_robot/tiago_description) by extensions ['ros']
[0.439s] Level 1:colcon.colcon_core.package_identification:_identify(/home/mjlinux/Downloads/book_ros2_wrs/ThirdParty/tiago_robot/tiago_description) by extension 'ros'
[0.442s] DEBUG:colcon.colcon_core.package_identification:Package '/home/mjlinux/Downloads/book_ros2_wrs/ThirdParty/tiago_robot/tiago_description' with type 'ros.ament_cmake' and name 'tiago_description'
[0.443s] Level 1:colcon.colcon_core.package_identification:_identify(/home/mjlinux/Downloads/book_ros2_wrs/ThirdParty/tiago_robot/tiago_robot) by extensions ['ignore', 'ignore_ament_install']
[0.443s] Level 1:colcon.colcon_core.package_identification:_identify(/home/mjlinux/Downloads/book_ros2_wrs/ThirdParty/tiago_robot/tiago_robot) by extension 'ignore'
[0.443s] Level 1:colcon.colcon_core.package_identification:_identify(/home/mjlinux/Downloads/book_ros2_wrs/ThirdParty/tiago_robot/tiago_robot) by extension 'ignore_ament_install'
[0.443s] Level 1:colcon.colcon_core.package_identification:_identify(/home/mjlinux/Downloads/book_ros2_wrs/ThirdParty/tiago_robot/tiago_robot) by extensions ['colcon_pkg']
[0.444s] Level 1:colcon.colcon_core.package_identification:_identify(/home/mjlinux/Downloads/book_ros2_wrs/ThirdParty/tiago_robot/tiago_robot) by extension 'colcon_pkg'
[0.444s] Level 1:colcon.colcon_core.package_identification:_identify(/home/mjlinux/Downloads/book_ros2_wrs/ThirdParty/tiago_robot/tiago_robot) by extensions ['colcon_meta']
[0.445s] Level 1:colcon.colcon_core.package_identification:_identify(/home/mjlinux/Downloads/book_ros2_wrs/ThirdParty/tiago_robot/tiago_robot) by extension 'colcon_meta'
[0.445s] Level 1:colcon.colcon_core.package_identification:_identify(/home/mjlinux/Downloads/book_ros2_wrs/ThirdParty/tiago_robot/tiago_robot) by extensions ['ros']
[0.445s] Level 1:colcon.colcon_core.package_identification:_identify(/home/mjlinux/Downloads/book_ros2_wrs/ThirdParty/tiago_robot/tiago_robot) by extension 'ros'
[0.448s] DEBUG:colcon.colcon_core.package_identification:Package '/home/mjlinux/Downloads/book_ros2_wrs/ThirdParty/tiago_robot/tiago_robot' with type 'ros.ament_cmake' and name 'tiago_robot'
[0.448s] Level 1:colcon.colcon_core.package_identification:_identify(/home/mjlinux/Downloads/book_ros2_wrs/ThirdParty/tiago_simulation) by extensions ['ignore', 'ignore_ament_install']
[0.448s] Level 1:colcon.colcon_core.package_identification:_identify(/home/mjlinux/Downloads/book_ros2_wrs/ThirdParty/tiago_simulation) by extension 'ignore'
[0.449s] Level 1:colcon.colcon_core.package_identification:_identify(/home/mjlinux/Downloads/book_ros2_wrs/ThirdParty/tiago_simulation) by extension 'ignore_ament_install'
[0.449s] Level 1:colcon.colcon_core.package_identification:_identify(/home/mjlinux/Downloads/book_ros2_wrs/ThirdParty/tiago_simulation) by extensions ['colcon_pkg']
[0.449s] Level 1:colcon.colcon_core.package_identification:_identify(/home/mjlinux/Downloads/book_ros2_wrs/ThirdParty/tiago_simulation) by extension 'colcon_pkg'
[0.449s] Level 1:colcon.colcon_core.package_identification:_identify(/home/mjlinux/Downloads/book_ros2_wrs/ThirdParty/tiago_simulation) by extensions ['colcon_meta']
[0.449s] Level 1:colcon.colcon_core.package_identification:_identify(/home/mjlinux/Downloads/book_ros2_wrs/ThirdParty/tiago_simulation) by extension 'colcon_meta'
[0.449s] Level 1:colcon.colcon_core.package_identification:_identify(/home/mjlinux/Downloads/book_ros2_wrs/ThirdParty/tiago_simulation) by extensions ['ros']
[0.450s] Level 1:colcon.colcon_core.package_identification:_identify(/home/mjlinux/Downloads/book_ros2_wrs/ThirdParty/tiago_simulation) by extension 'ros'
[0.450s] Level 1:colcon.colcon_core.package_identification:_identify(/home/mjlinux/Downloads/book_ros2_wrs/ThirdParty/tiago_simulation) by extensions ['cmake', 'python']
[0.450s] Level 1:colcon.colcon_core.package_identification:_identify(/home/mjlinux/Downloads/book_ros2_wrs/ThirdParty/tiago_simulation) by extension 'cmake'
[0.450s] Level 1:colcon.colcon_core.package_identification:_identify(/home/mjlinux/Downloads/book_ros2_wrs/ThirdParty/tiago_simulation) by extension 'python'
[0.450s] Level 1:colcon.colcon_core.package_identification:_identify(/home/mjlinux/Downloads/book_ros2_wrs/ThirdParty/tiago_simulation) by extensions ['python_setup_py']
[0.450s] Level 1:colcon.colcon_core.package_identification:_identify(/home/mjlinux/Downloads/book_ros2_wrs/ThirdParty/tiago_simulation) by extension 'python_setup_py'
[0.452s] Level 1:colcon.colcon_core.package_identification:_identify(/home/mjlinux/Downloads/book_ros2_wrs/ThirdParty/tiago_simulation/doc) by extensions ['ignore', 'ignore_ament_install']
[0.452s] Level 1:colcon.colcon_core.package_identification:_identify(/home/mjlinux/Downloads/book_ros2_wrs/ThirdParty/tiago_simulation/doc) by extension 'ignore'
[0.452s] Level 1:colcon.colcon_core.package_identification:_identify(/home/mjlinux/Downloads/book_ros2_wrs/ThirdParty/tiago_simulation/doc) by extension 'ignore_ament_install'
[0.453s] Level 1:colcon.colcon_core.package_identification:_identify(/home/mjlinux/Downloads/book_ros2_wrs/ThirdParty/tiago_simulation/doc) by extensions ['colcon_pkg']
[0.453s] Level 1:colcon.colcon_core.package_identification:_identify(/home/mjlinux/Downloads/book_ros2_wrs/ThirdParty/tiago_simulation/doc) by extension 'colcon_pkg'
[0.454s] Level 1:colcon.colcon_core.package_identification:_identify(/home/mjlinux/Downloads/book_ros2_wrs/ThirdParty/tiago_simulation/doc) by extensions ['colcon_meta']
[0.454s] Level 1:colcon.colcon_core.package_identification:_identify(/home/mjlinux/Downloads/book_ros2_wrs/ThirdParty/tiago_simulation/doc) by extension 'colcon_meta'
[0.454s] Level 1:colcon.colcon_core.package_identification:_identify(/home/mjlinux/Downloads/book_ros2_wrs/ThirdParty/tiago_simulation/doc) by extensions ['ros']
[0.455s] Level 1:colcon.colcon_core.package_identification:_identify(/home/mjlinux/Downloads/book_ros2_wrs/ThirdParty/tiago_simulation/doc) by extension 'ros'
[0.455s] Level 1:colcon.colcon_core.package_identification:_identify(/home/mjlinux/Downloads/book_ros2_wrs/ThirdParty/tiago_simulation/doc) by extensions ['cmake', 'python']
[0.456s] Level 1:colcon.colcon_core.package_identification:_identify(/home/mjlinux/Downloads/book_ros2_wrs/ThirdParty/tiago_simulation/doc) by extension 'cmake'
[0.456s] Level 1:colcon.colcon_core.package_identification:_identify(/home/mjlinux/Downloads/book_ros2_wrs/ThirdParty/tiago_simulation/doc) by extension 'python'
[0.456s] Level 1:colcon.colcon_core.package_identification:_identify(/home/mjlinux/Downloads/book_ros2_wrs/ThirdParty/tiago_simulation/doc) by extensions ['python_setup_py']
[0.457s] Level 1:colcon.colcon_core.package_identification:_identify(/home/mjlinux/Downloads/book_ros2_wrs/ThirdParty/tiago_simulation/doc) by extension 'python_setup_py'
[0.458s] Level 1:colcon.colcon_core.package_identification:_identify(/home/mjlinux/Downloads/book_ros2_wrs/ThirdParty/tiago_simulation/doc/media) by extensions ['ignore', 'ignore_ament_install']
[0.458s] Level 1:colcon.colcon_core.package_identification:_identify(/home/mjlinux/Downloads/book_ros2_wrs/ThirdParty/tiago_simulation/doc/media) by extension 'ignore'
[0.459s] Level 1:colcon.colcon_core.package_identification:_identify(/home/mjlinux/Downloads/book_ros2_wrs/ThirdParty/tiago_simulation/doc/media) by extension 'ignore_ament_install'
[0.459s] Level 1:colcon.colcon_core.package_identification:_identify(/home/mjlinux/Downloads/book_ros2_wrs/ThirdParty/tiago_simulation/doc/media) by extensions ['colcon_pkg']
[0.459s] Level 1:colcon.colcon_core.package_identification:_identify(/home/mjlinux/Downloads/book_ros2_wrs/ThirdParty/tiago_simulation/doc/media) by extension 'colcon_pkg'
[0.460s] Level 1:colcon.colcon_core.package_identification:_identify(/home/mjlinux/Downloads/book_ros2_wrs/ThirdParty/tiago_simulation/doc/media) by extensions ['colcon_meta']
[0.460s] Level 1:colcon.colcon_core.package_identification:_identify(/home/mjlinux/Downloads/book_ros2_wrs/ThirdParty/tiago_simulation/doc/media) by extension 'colcon_meta'
[0.461s] Level 1:colcon.colcon_core.package_identification:_identify(/home/mjlinux/Downloads/book_ros2_wrs/ThirdParty/tiago_simulation/doc/media) by extensions ['ros']
[0.461s] Level 1:colcon.colcon_core.package_identification:_identify(/home/mjlinux/Downloads/book_ros2_wrs/ThirdParty/tiago_simulation/doc/media) by extension 'ros'
[0.462s] Level 1:colcon.colcon_core.package_identification:_identify(/home/mjlinux/Downloads/book_ros2_wrs/ThirdParty/tiago_simulation/doc/media) by extensions ['cmake', 'python']
[0.463s] Level 1:colcon.colcon_core.package_identification:_identify(/home/mjlinux/Downloads/book_ros2_wrs/ThirdParty/tiago_simulation/doc/media) by extension 'cmake'
[0.463s] Level 1:colcon.colcon_core.package_identification:_identify(/home/mjlinux/Downloads/book_ros2_wrs/ThirdParty/tiago_simulation/doc/media) by extension 'python'
[0.464s] Level 1:colcon.colcon_core.package_identification:_identify(/home/mjlinux/Downloads/book_ros2_wrs/ThirdParty/tiago_simulation/doc/media) by extensions ['python_setup_py']
[0.464s] Level 1:colcon.colcon_core.package_identification:_identify(/home/mjlinux/Downloads/book_ros2_wrs/ThirdParty/tiago_simulation/doc/media) by extension 'python_setup_py'
[0.465s] Level 1:colcon.colcon_core.package_identification:_identify(/home/mjlinux/Downloads/book_ros2_wrs/ThirdParty/tiago_simulation/tiago_gazebo) by extensions ['ignore', 'ignore_ament_install']
[0.465s] Level 1:colcon.colcon_core.package_identification:_identify(/home/mjlinux/Downloads/book_ros2_wrs/ThirdParty/tiago_simulation/tiago_gazebo) by extension 'ignore'
[0.465s] Level 1:colcon.colcon_core.package_identification:_identify(/home/mjlinux/Downloads/book_ros2_wrs/ThirdParty/tiago_simulation/tiago_gazebo) by extension 'ignore_ament_install'
[0.466s] Level 1:colcon.colcon_core.package_identification:_identify(/home/mjlinux/Downloads/book_ros2_wrs/ThirdParty/tiago_simulation/tiago_gazebo) by extensions ['colcon_pkg']
[0.467s] Level 1:colcon.colcon_core.package_identification:_identify(/home/mjlinux/Downloads/book_ros2_wrs/ThirdParty/tiago_simulation/tiago_gazebo) by extension 'colcon_pkg'
[0.467s] Level 1:colcon.colcon_core.package_identification:_identify(/home/mjlinux/Downloads/book_ros2_wrs/ThirdParty/tiago_simulation/tiago_gazebo) by extensions ['colcon_meta']
[0.467s] Level 1:colcon.colcon_core.package_identification:_identify(/home/mjlinux/Downloads/book_ros2_wrs/ThirdParty/tiago_simulation/tiago_gazebo) by extension 'colcon_meta'
[0.467s] Level 1:colcon.colcon_core.package_identification:_identify(/home/mjlinux/Downloads/book_ros2_wrs/ThirdParty/tiago_simulation/tiago_gazebo) by extensions ['ros']
[0.468s] Level 1:colcon.colcon_core.package_identification:_identify(/home/mjlinux/Downloads/book_ros2_wrs/ThirdParty/tiago_simulation/tiago_gazebo) by extension 'ros'
[0.470s] DEBUG:colcon.colcon_core.package_identification:Package '/home/mjlinux/Downloads/book_ros2_wrs/ThirdParty/tiago_simulation/tiago_gazebo' with type 'ros.ament_cmake' and name 'tiago_gazebo'
[0.470s] Level 1:colcon.colcon_core.package_identification:_identify(/home/mjlinux/Downloads/book_ros2_wrs/ThirdParty/tiago_simulation/tiago_multi) by extensions ['ignore', 'ignore_ament_install']
[0.471s] Level 1:colcon.colcon_core.package_identification:_identify(/home/mjlinux/Downloads/book_ros2_wrs/ThirdParty/tiago_simulation/tiago_multi) by extension 'ignore'
[0.471s] Level 1:colcon.colcon_core.package_identification:_identify(/home/mjlinux/Downloads/book_ros2_wrs/ThirdParty/tiago_simulation/tiago_multi) ignored
[0.475s] Level 1:colcon.colcon_core.package_identification:_identify(/home/mjlinux/Downloads/book_ros2_wrs/ThirdParty/tiago_simulation/tiago_simulation) by extensions ['ignore', 'ignore_ament_install']
[0.475s] Level 1:colcon.colcon_core.package_identification:_identify(/home/mjlinux/Downloads/book_ros2_wrs/ThirdParty/tiago_simulation/tiago_simulation) by extension 'ignore'
[0.476s] Level 1:colcon.colcon_core.package_identification:_identify(/home/mjlinux/Downloads/book_ros2_wrs/ThirdParty/tiago_simulation/tiago_simulation) by extension 'ignore_ament_install'
[0.476s] Level 1:colcon.colcon_core.package_identification:_identify(/home/mjlinux/Downloads/book_ros2_wrs/ThirdParty/tiago_simulation/tiago_simulation) by extensions ['colcon_pkg']
[0.476s] Level 1:colcon.colcon_core.package_identification:_identify(/home/mjlinux/Downloads/book_ros2_wrs/ThirdParty/tiago_simulation/tiago_simulation) by extension 'colcon_pkg'
[0.476s] Level 1:colcon.colcon_core.package_identification:_identify(/home/mjlinux/Downloads/book_ros2_wrs/ThirdParty/tiago_simulation/tiago_simulation) by extensions ['colcon_meta']
[0.476s] Level 1:colcon.colcon_core.package_identification:_identify(/home/mjlinux/Downloads/book_ros2_wrs/ThirdParty/tiago_simulation/tiago_simulation) by extension 'colcon_meta'
[0.477s] Level 1:colcon.colcon_core.package_identification:_identify(/home/mjlinux/Downloads/book_ros2_wrs/ThirdParty/tiago_simulation/tiago_simulation) by extensions ['ros']
[0.477s] Level 1:colcon.colcon_core.package_identification:_identify(/home/mjlinux/Downloads/book_ros2_wrs/ThirdParty/tiago_simulation/tiago_simulation) by extension 'ros'
[0.487s] DEBUG:colcon.colcon_core.package_identification:Package '/home/mjlinux/Downloads/book_ros2_wrs/ThirdParty/tiago_simulation/tiago_simulation' with type 'ros.ament_cmake' and name 'tiago_simulation'
[0.488s] Level 1:colcon.colcon_core.package_identification:_identify(/home/mjlinux/Downloads/book_ros2_wrs/ThirdParty/urdf_test) by extensions ['ignore', 'ignore_ament_install']
[0.488s] Level 1:colcon.colcon_core.package_identification:_identify(/home/mjlinux/Downloads/book_ros2_wrs/ThirdParty/urdf_test) by extension 'ignore'
[0.488s] Level 1:colcon.colcon_core.package_identification:_identify(/home/mjlinux/Downloads/book_ros2_wrs/ThirdParty/urdf_test) by extension 'ignore_ament_install'
[0.488s] Level 1:colcon.colcon_core.package_identification:_identify(/home/mjlinux/Downloads/book_ros2_wrs/ThirdParty/urdf_test) by extensions ['colcon_pkg']
[0.488s] Level 1:colcon.colcon_core.package_identification:_identify(/home/mjlinux/Downloads/book_ros2_wrs/ThirdParty/urdf_test) by extension 'colcon_pkg'
[0.489s] Level 1:colcon.colcon_core.package_identification:_identify(/home/mjlinux/Downloads/book_ros2_wrs/ThirdParty/urdf_test) by extensions ['colcon_meta']
[0.490s] Level 1:colcon.colcon_core.package_identification:_identify(/home/mjlinux/Downloads/book_ros2_wrs/ThirdParty/urdf_test) by extension 'colcon_meta'
[0.490s] Level 1:colcon.colcon_core.package_identification:_identify(/home/mjlinux/Downloads/book_ros2_wrs/ThirdParty/urdf_test) by extensions ['ros']
[0.490s] Level 1:colcon.colcon_core.package_identification:_identify(/home/mjlinux/Downloads/book_ros2_wrs/ThirdParty/urdf_test) by extension 'ros'
[0.491s] DEBUG:colcon.colcon_core.package_identification:Package '/home/mjlinux/Downloads/book_ros2_wrs/ThirdParty/urdf_test' with type 'ros.ament_cmake' and name 'urdf_test'
[0.492s] Level 1:colcon.colcon_core.package_identification:_identify(/home/mjlinux/Downloads/book_ros2_wrs/book_ros2) by extensions ['ignore', 'ignore_ament_install']
[0.492s] Level 1:colcon.colcon_core.package_identification:_identify(/home/mjlinux/Downloads/book_ros2_wrs/book_ros2) by extension 'ignore'
[0.492s] Level 1:colcon.colcon_core.package_identification:_identify(/home/mjlinux/Downloads/book_ros2_wrs/book_ros2) by extension 'ignore_ament_install'
[0.492s] Level 1:colcon.colcon_core.package_identification:_identify(/home/mjlinux/Downloads/book_ros2_wrs/book_ros2) by extensions ['colcon_pkg']
[0.492s] Level 1:colcon.colcon_core.package_identification:_identify(/home/mjlinux/Downloads/book_ros2_wrs/book_ros2) by extension 'colcon_pkg'
[0.492s] Level 1:colcon.colcon_core.package_identification:_identify(/home/mjlinux/Downloads/book_ros2_wrs/book_ros2) by extensions ['colcon_meta']
[0.493s] Level 1:colcon.colcon_core.package_identification:_identify(/home/mjlinux/Downloads/book_ros2_wrs/book_ros2) by extension 'colcon_meta'
[0.493s] Level 1:colcon.colcon_core.package_identification:_identify(/home/mjlinux/Downloads/book_ros2_wrs/book_ros2) by extensions ['ros']
[0.493s] Level 1:colcon.colcon_core.package_identification:_identify(/home/mjlinux/Downloads/book_ros2_wrs/book_ros2) by extension 'ros'
[0.493s] Level 1:colcon.colcon_core.package_identification:_identify(/home/mjlinux/Downloads/book_ros2_wrs/book_ros2) by extensions ['cmake', 'python']
[0.493s] Level 1:colcon.colcon_core.package_identification:_identify(/home/mjlinux/Downloads/book_ros2_wrs/book_ros2) by extension 'cmake'
[0.493s] Level 1:colcon.colcon_core.package_identification:_identify(/home/mjlinux/Downloads/book_ros2_wrs/book_ros2) by extension 'python'
[0.494s] Level 1:colcon.colcon_core.package_identification:_identify(/home/mjlinux/Downloads/book_ros2_wrs/book_ros2) by extensions ['python_setup_py']
[0.494s] Level 1:colcon.colcon_core.package_identification:_identify(/home/mjlinux/Downloads/book_ros2_wrs/book_ros2) by extension 'python_setup_py'
[0.497s] Level 1:colcon.colcon_core.package_identification:_identify(/home/mjlinux/Downloads/book_ros2_wrs/book_ros2/br2_basics) by extensions ['ignore', 'ignore_ament_install']
[0.498s] Level 1:colcon.colcon_core.package_identification:_identify(/home/mjlinux/Downloads/book_ros2_wrs/book_ros2/br2_basics) by extension 'ignore'
[0.498s] Level 1:colcon.colcon_core.package_identification:_identify(/home/mjlinux/Downloads/book_ros2_wrs/book_ros2/br2_basics) by extension 'ignore_ament_install'
[0.498s] Level 1:colcon.colcon_core.package_identification:_identify(/home/mjlinux/Downloads/book_ros2_wrs/book_ros2/br2_basics) by extensions ['colcon_pkg']
[0.498s] Level 1:colcon.colcon_core.package_identification:_identify(/home/mjlinux/Downloads/book_ros2_wrs/book_ros2/br2_basics) by extension 'colcon_pkg'
[0.498s] Level 1:colcon.colcon_core.package_identification:_identify(/home/mjlinux/Downloads/book_ros2_wrs/book_ros2/br2_basics) by extensions ['colcon_meta']
[0.498s] Level 1:colcon.colcon_core.package_identification:_identify(/home/mjlinux/Downloads/book_ros2_wrs/book_ros2/br2_basics) by extension 'colcon_meta'
[0.501s] Level 1:colcon.colcon_core.package_identification:_identify(/home/mjlinux/Downloads/book_ros2_wrs/book_ros2/br2_basics) by extensions ['ros']
[0.502s] Level 1:colcon.colcon_core.package_identification:_identify(/home/mjlinux/Downloads/book_ros2_wrs/book_ros2/br2_basics) by extension 'ros'
[0.503s] DEBUG:colcon.colcon_core.package_identification:Package '/home/mjlinux/Downloads/book_ros2_wrs/book_ros2/br2_basics' with type 'ros.ament_cmake' and name 'br2_basics'
[0.503s] Level 1:colcon.colcon_core.package_identification:_identify(/home/mjlinux/Downloads/book_ros2_wrs/book_ros2/br2_bt_bumpgo) by extensions ['ignore', 'ignore_ament_install']
[0.503s] Level 1:colcon.colcon_core.package_identification:_identify(/home/mjlinux/Downloads/book_ros2_wrs/book_ros2/br2_bt_bumpgo) by extension 'ignore'
[0.503s] Level 1:colcon.colcon_core.package_identification:_identify(/home/mjlinux/Downloads/book_ros2_wrs/book_ros2/br2_bt_bumpgo) by extension 'ignore_ament_install'
[0.504s] Level 1:colcon.colcon_core.package_identification:_identify(/home/mjlinux/Downloads/book_ros2_wrs/book_ros2/br2_bt_bumpgo) by extensions ['colcon_pkg']
[0.504s] Level 1:colcon.colcon_core.package_identification:_identify(/home/mjlinux/Downloads/book_ros2_wrs/book_ros2/br2_bt_bumpgo) by extension 'colcon_pkg'
[0.504s] Level 1:colcon.colcon_core.package_identification:_identify(/home/mjlinux/Downloads/book_ros2_wrs/book_ros2/br2_bt_bumpgo) by extensions ['colcon_meta']
[0.504s] Level 1:colcon.colcon_core.package_identification:_identify(/home/mjlinux/Downloads/book_ros2_wrs/book_ros2/br2_bt_bumpgo) by extension 'colcon_meta'
[0.504s] Level 1:colcon.colcon_core.package_identification:_identify(/home/mjlinux/Downloads/book_ros2_wrs/book_ros2/br2_bt_bumpgo) by extensions ['ros']
[0.504s] Level 1:colcon.colcon_core.package_identification:_identify(/home/mjlinux/Downloads/book_ros2_wrs/book_ros2/br2_bt_bumpgo) by extension 'ros'
[0.506s] DEBUG:colcon.colcon_core.package_identification:Package '/home/mjlinux/Downloads/book_ros2_wrs/book_ros2/br2_bt_bumpgo' with type 'ros.ament_cmake' and name 'br2_bt_bumpgo'
[0.507s] Level 1:colcon.colcon_core.package_identification:_identify(/home/mjlinux/Downloads/book_ros2_wrs/book_ros2/br2_bt_patrolling) by extensions ['ignore', 'ignore_ament_install']
[0.507s] Level 1:colcon.colcon_core.package_identification:_identify(/home/mjlinux/Downloads/book_ros2_wrs/book_ros2/br2_bt_patrolling) by extension 'ignore'
[0.507s] Level 1:colcon.colcon_core.package_identification:_identify(/home/mjlinux/Downloads/book_ros2_wrs/book_ros2/br2_bt_patrolling) by extension 'ignore_ament_install'
[0.507s] Level 1:colcon.colcon_core.package_identification:_identify(/home/mjlinux/Downloads/book_ros2_wrs/book_ros2/br2_bt_patrolling) by extensions ['colcon_pkg']
[0.507s] Level 1:colcon.colcon_core.package_identification:_identify(/home/mjlinux/Downloads/book_ros2_wrs/book_ros2/br2_bt_patrolling) by extension 'colcon_pkg'
[0.508s] Level 1:colcon.colcon_core.package_identification:_identify(/home/mjlinux/Downloads/book_ros2_wrs/book_ros2/br2_bt_patrolling) by extensions ['colcon_meta']
[0.508s] Level 1:colcon.colcon_core.package_identification:_identify(/home/mjlinux/Downloads/book_ros2_wrs/book_ros2/br2_bt_patrolling) by extension 'colcon_meta'
[0.508s] Level 1:colcon.colcon_core.package_identification:_identify(/home/mjlinux/Downloads/book_ros2_wrs/book_ros2/br2_bt_patrolling) by extensions ['ros']
[0.508s] Level 1:colcon.colcon_core.package_identification:_identify(/home/mjlinux/Downloads/book_ros2_wrs/book_ros2/br2_bt_patrolling) by extension 'ros'
[0.518s] DEBUG:colcon.colcon_core.package_identification:Package '/home/mjlinux/Downloads/book_ros2_wrs/book_ros2/br2_bt_patrolling' with type 'ros.ament_cmake' and name 'br2_bt_patrolling'
[0.519s] Level 1:colcon.colcon_core.package_identification:_identify(/home/mjlinux/Downloads/book_ros2_wrs/book_ros2/br2_fsm_bumpgo_cpp) by extensions ['ignore', 'ignore_ament_install']
[0.520s] Level 1:colcon.colcon_core.package_identification:_identify(/home/mjlinux/Downloads/book_ros2_wrs/book_ros2/br2_fsm_bumpgo_cpp) by extension 'ignore'
[0.521s] Level 1:colcon.colcon_core.package_identification:_identify(/home/mjlinux/Downloads/book_ros2_wrs/book_ros2/br2_fsm_bumpgo_cpp) by extension 'ignore_ament_install'
[0.521s] Level 1:colcon.colcon_core.package_identification:_identify(/home/mjlinux/Downloads/book_ros2_wrs/book_ros2/br2_fsm_bumpgo_cpp) by extensions ['colcon_pkg']
[0.522s] Level 1:colcon.colcon_core.package_identification:_identify(/home/mjlinux/Downloads/book_ros2_wrs/book_ros2/br2_fsm_bumpgo_cpp) by extension 'colcon_pkg'
[0.522s] Level 1:colcon.colcon_core.package_identification:_identify(/home/mjlinux/Downloads/book_ros2_wrs/book_ros2/br2_fsm_bumpgo_cpp) by extensions ['colcon_meta']
[0.522s] Level 1:colcon.colcon_core.package_identification:_identify(/home/mjlinux/Downloads/book_ros2_wrs/book_ros2/br2_fsm_bumpgo_cpp) by extension 'colcon_meta'
[0.524s] Level 1:colcon.colcon_core.package_identification:_identify(/home/mjlinux/Downloads/book_ros2_wrs/book_ros2/br2_fsm_bumpgo_cpp) by extensions ['ros']
[0.524s] Level 1:colcon.colcon_core.package_identification:_identify(/home/mjlinux/Downloads/book_ros2_wrs/book_ros2/br2_fsm_bumpgo_cpp) by extension 'ros'
[0.529s] DEBUG:colcon.colcon_core.package_identification:Package '/home/mjlinux/Downloads/book_ros2_wrs/book_ros2/br2_fsm_bumpgo_cpp' with type 'ros.ament_cmake' and name 'br2_fsm_bumpgo_cpp'
[0.530s] Level 1:colcon.colcon_core.package_identification:_identify(/home/mjlinux/Downloads/book_ros2_wrs/book_ros2/br2_fsm_bumpgo_py) by extensions ['ignore', 'ignore_ament_install']
[0.531s] Level 1:colcon.colcon_core.package_identification:_identify(/home/mjlinux/Downloads/book_ros2_wrs/book_ros2/br2_fsm_bumpgo_py) by extension 'ignore'
[0.531s] Level 1:colcon.colcon_core.package_identification:_identify(/home/mjlinux/Downloads/book_ros2_wrs/book_ros2/br2_fsm_bumpgo_py) by extension 'ignore_ament_install'
[0.531s] Level 1:colcon.colcon_core.package_identification:_identify(/home/mjlinux/Downloads/book_ros2_wrs/book_ros2/br2_fsm_bumpgo_py) by extensions ['colcon_pkg']
[0.531s] Level 1:colcon.colcon_core.package_identification:_identify(/home/mjlinux/Downloads/book_ros2_wrs/book_ros2/br2_fsm_bumpgo_py) by extension 'colcon_pkg'
[0.531s] Level 1:colcon.colcon_core.package_identification:_identify(/home/mjlinux/Downloads/book_ros2_wrs/book_ros2/br2_fsm_bumpgo_py) by extensions ['colcon_meta']
[0.532s] Level 1:colcon.colcon_core.package_identification:_identify(/home/mjlinux/Downloads/book_ros2_wrs/book_ros2/br2_fsm_bumpgo_py) by extension 'colcon_meta'
[0.532s] Level 1:colcon.colcon_core.package_identification:_identify(/home/mjlinux/Downloads/book_ros2_wrs/book_ros2/br2_fsm_bumpgo_py) by extensions ['ros']
[0.532s] Level 1:colcon.colcon_core.package_identification:_identify(/home/mjlinux/Downloads/book_ros2_wrs/book_ros2/br2_fsm_bumpgo_py) by extension 'ros'
[0.534s] DEBUG:colcon.colcon_core.package_identification:Package '/home/mjlinux/Downloads/book_ros2_wrs/book_ros2/br2_fsm_bumpgo_py' with type 'ros.ament_python' and name 'br2_fsm_bumpgo_py'
[0.535s] Level 1:colcon.colcon_core.package_identification:_identify(/home/mjlinux/Downloads/book_ros2_wrs/book_ros2/br2_navigation) by extensions ['ignore', 'ignore_ament_install']
[0.535s] Level 1:colcon.colcon_core.package_identification:_identify(/home/mjlinux/Downloads/book_ros2_wrs/book_ros2/br2_navigation) by extension 'ignore'
[0.536s] Level 1:colcon.colcon_core.package_identification:_identify(/home/mjlinux/Downloads/book_ros2_wrs/book_ros2/br2_navigation) by extension 'ignore_ament_install'
[0.540s] Level 1:colcon.colcon_core.package_identification:_identify(/home/mjlinux/Downloads/book_ros2_wrs/book_ros2/br2_navigation) by extensions ['colcon_pkg']
[0.540s] Level 1:colcon.colcon_core.package_identification:_identify(/home/mjlinux/Downloads/book_ros2_wrs/book_ros2/br2_navigation) by extension 'colcon_pkg'
[0.540s] Level 1:colcon.colcon_core.package_identification:_identify(/home/mjlinux/Downloads/book_ros2_wrs/book_ros2/br2_navigation) by extensions ['colcon_meta']
[0.541s] Level 1:colcon.colcon_core.package_identification:_identify(/home/mjlinux/Downloads/book_ros2_wrs/book_ros2/br2_navigation) by extension 'colcon_meta'
[0.541s] Level 1:colcon.colcon_core.package_identification:_identify(/home/mjlinux/Downloads/book_ros2_wrs/book_ros2/br2_navigation) by extensions ['ros']
[0.541s] Level 1:colcon.colcon_core.package_identification:_identify(/home/mjlinux/Downloads/book_ros2_wrs/book_ros2/br2_navigation) by extension 'ros'
[0.546s] DEBUG:colcon.colcon_core.package_identification:Package '/home/mjlinux/Downloads/book_ros2_wrs/book_ros2/br2_navigation' with type 'ros.ament_cmake' and name 'br2_navigation'
[0.547s] Level 1:colcon.colcon_core.package_identification:_identify(/home/mjlinux/Downloads/book_ros2_wrs/book_ros2/br2_tf2_detector) by extensions ['ignore', 'ignore_ament_install']
[0.547s] Level 1:colcon.colcon_core.package_identification:_identify(/home/mjlinux/Downloads/book_ros2_wrs/book_ros2/br2_tf2_detector) by extension 'ignore'
[0.547s] Level 1:colcon.colcon_core.package_identification:_identify(/home/mjlinux/Downloads/book_ros2_wrs/book_ros2/br2_tf2_detector) by extension 'ignore_ament_install'
[0.547s] Level 1:colcon.colcon_core.package_identification:_identify(/home/mjlinux/Downloads/book_ros2_wrs/book_ros2/br2_tf2_detector) by extensions ['colcon_pkg']
[0.547s] Level 1:colcon.colcon_core.package_identification:_identify(/home/mjlinux/Downloads/book_ros2_wrs/book_ros2/br2_tf2_detector) by extension 'colcon_pkg'
[0.547s] Level 1:colcon.colcon_core.package_identification:_identify(/home/mjlinux/Downloads/book_ros2_wrs/book_ros2/br2_tf2_detector) by extensions ['colcon_meta']
[0.547s] Level 1:colcon.colcon_core.package_identification:_identify(/home/mjlinux/Downloads/book_ros2_wrs/book_ros2/br2_tf2_detector) by extension 'colcon_meta'
[0.548s] Level 1:colcon.colcon_core.package_identification:_identify(/home/mjlinux/Downloads/book_ros2_wrs/book_ros2/br2_tf2_detector) by extensions ['ros']
[0.548s] Level 1:colcon.colcon_core.package_identification:_identify(/home/mjlinux/Downloads/book_ros2_wrs/book_ros2/br2_tf2_detector) by extension 'ros'
[0.550s] DEBUG:colcon.colcon_core.package_identification:Package '/home/mjlinux/Downloads/book_ros2_wrs/book_ros2/br2_tf2_detector' with type 'ros.ament_cmake' and name 'br2_tf2_detector'
[0.550s] Level 1:colcon.colcon_core.package_identification:_identify(/home/mjlinux/Downloads/book_ros2_wrs/book_ros2/br2_tiago) by extensions ['ignore', 'ignore_ament_install']
[0.550s] Level 1:colcon.colcon_core.package_identification:_identify(/home/mjlinux/Downloads/book_ros2_wrs/book_ros2/br2_tiago) by extension 'ignore'
[0.550s] Level 1:colcon.colcon_core.package_identification:_identify(/home/mjlinux/Downloads/book_ros2_wrs/book_ros2/br2_tiago) by extension 'ignore_ament_install'
[0.550s] Level 1:colcon.colcon_core.package_identification:_identify(/home/mjlinux/Downloads/book_ros2_wrs/book_ros2/br2_tiago) by extensions ['colcon_pkg']
[0.550s] Level 1:colcon.colcon_core.package_identification:_identify(/home/mjlinux/Downloads/book_ros2_wrs/book_ros2/br2_tiago) by extension 'colcon_pkg'
[0.550s] Level 1:colcon.colcon_core.package_identification:_identify(/home/mjlinux/Downloads/book_ros2_wrs/book_ros2/br2_tiago) by extensions ['colcon_meta']
[0.551s] Level 1:colcon.colcon_core.package_identification:_identify(/home/mjlinux/Downloads/book_ros2_wrs/book_ros2/br2_tiago) by extension 'colcon_meta'
[0.551s] Level 1:colcon.colcon_core.package_identification:_identify(/home/mjlinux/Downloads/book_ros2_wrs/book_ros2/br2_tiago) by extensions ['ros']
[0.551s] Level 1:colcon.colcon_core.package_identification:_identify(/home/mjlinux/Downloads/book_ros2_wrs/book_ros2/br2_tiago) by extension 'ros'
[0.620s] DEBUG:colcon.colcon_core.package_identification:Package '/home/mjlinux/Downloads/book_ros2_wrs/book_ros2/br2_tiago' with type 'ros.ament_cmake' and name 'br2_tiago'
[0.634s] Level 1:colcon.colcon_core.package_identification:_identify(/home/mjlinux/Downloads/book_ros2_wrs/book_ros2/br2_tracking) by extensions ['ignore', 'ignore_ament_install']
[0.634s] Level 1:colcon.colcon_core.package_identification:_identify(/home/mjlinux/Downloads/book_ros2_wrs/book_ros2/br2_tracking) by extension 'ignore'
[0.635s] Level 1:colcon.colcon_core.package_identification:_identify(/home/mjlinux/Downloads/book_ros2_wrs/book_ros2/br2_tracking) by extension 'ignore_ament_install'
[0.635s] Level 1:colcon.colcon_core.package_identification:_identify(/home/mjlinux/Downloads/book_ros2_wrs/book_ros2/br2_tracking) by extensions ['colcon_pkg']
[0.635s] Level 1:colcon.colcon_core.package_identification:_identify(/home/mjlinux/Downloads/book_ros2_wrs/book_ros2/br2_tracking) by extension 'colcon_pkg'
[0.636s] Level 1:colcon.colcon_core.package_identification:_identify(/home/mjlinux/Downloads/book_ros2_wrs/book_ros2/br2_tracking) by extensions ['colcon_meta']
[0.636s] Level 1:colcon.colcon_core.package_identification:_identify(/home/mjlinux/Downloads/book_ros2_wrs/book_ros2/br2_tracking) by extension 'colcon_meta'
[0.637s] Level 1:colcon.colcon_core.package_identification:_identify(/home/mjlinux/Downloads/book_ros2_wrs/book_ros2/br2_tracking) by extensions ['ros']
[0.637s] Level 1:colcon.colcon_core.package_identification:_identify(/home/mjlinux/Downloads/book_ros2_wrs/book_ros2/br2_tracking) by extension 'ros'
[0.639s] DEBUG:colcon.colcon_core.package_identification:Package '/home/mjlinux/Downloads/book_ros2_wrs/book_ros2/br2_tracking' with type 'ros.ament_cmake' and name 'br2_tracking'
[0.639s] Level 1:colcon.colcon_core.package_identification:_identify(/home/mjlinux/Downloads/book_ros2_wrs/book_ros2/br2_tracking_msgs) by extensions ['ignore', 'ignore_ament_install']
[0.640s] Level 1:colcon.colcon_core.package_identification:_identify(/home/mjlinux/Downloads/book_ros2_wrs/book_ros2/br2_tracking_msgs) by extension 'ignore'
[0.640s] Level 1:colcon.colcon_core.package_identification:_identify(/home/mjlinux/Downloads/book_ros2_wrs/book_ros2/br2_tracking_msgs) by extension 'ignore_ament_install'
[0.640s] Level 1:colcon.colcon_core.package_identification:_identify(/home/mjlinux/Downloads/book_ros2_wrs/book_ros2/br2_tracking_msgs) by extensions ['colcon_pkg']
[0.640s] Level 1:colcon.colcon_core.package_identification:_identify(/home/mjlinux/Downloads/book_ros2_wrs/book_ros2/br2_tracking_msgs) by extension 'colcon_pkg'
[0.641s] Level 1:colcon.colcon_core.package_identification:_identify(/home/mjlinux/Downloads/book_ros2_wrs/book_ros2/br2_tracking_msgs) by extensions ['colcon_meta']
[0.642s] Level 1:colcon.colcon_core.package_identification:_identify(/home/mjlinux/Downloads/book_ros2_wrs/book_ros2/br2_tracking_msgs) by extension 'colcon_meta'
[0.642s] Level 1:colcon.colcon_core.package_identification:_identify(/home/mjlinux/Downloads/book_ros2_wrs/book_ros2/br2_tracking_msgs) by extensions ['ros']
[0.642s] Level 1:colcon.colcon_core.package_identification:_identify(/home/mjlinux/Downloads/book_ros2_wrs/book_ros2/br2_tracking_msgs) by extension 'ros'
[0.643s] DEBUG:colcon.colcon_core.package_identification:Package '/home/mjlinux/Downloads/book_ros2_wrs/book_ros2/br2_tracking_msgs' with type 'ros.ament_cmake' and name 'br2_tracking_msgs'
[0.644s] Level 1:colcon.colcon_core.package_identification:_identify(/home/mjlinux/Downloads/book_ros2_wrs/book_ros2/br2_vff_avoidance) by extensions ['ignore', 'ignore_ament_install']
[0.644s] Level 1:colcon.colcon_core.package_identification:_identify(/home/mjlinux/Downloads/book_ros2_wrs/book_ros2/br2_vff_avoidance) by extension 'ignore'
[0.644s] Level 1:colcon.colcon_core.package_identification:_identify(/home/mjlinux/Downloads/book_ros2_wrs/book_ros2/br2_vff_avoidance) by extension 'ignore_ament_install'
[0.644s] Level 1:colcon.colcon_core.package_identification:_identify(/home/mjlinux/Downloads/book_ros2_wrs/book_ros2/br2_vff_avoidance) by extensions ['colcon_pkg']
[0.644s] Level 1:colcon.colcon_core.package_identification:_identify(/home/mjlinux/Downloads/book_ros2_wrs/book_ros2/br2_vff_avoidance) by extension 'colcon_pkg'
[0.645s] Level 1:colcon.colcon_core.package_identification:_identify(/home/mjlinux/Downloads/book_ros2_wrs/book_ros2/br2_vff_avoidance) by extensions ['colcon_meta']
[0.645s] Level 1:colcon.colcon_core.package_identification:_identify(/home/mjlinux/Downloads/book_ros2_wrs/book_ros2/br2_vff_avoidance) by extension 'colcon_meta'
[0.645s] Level 1:colcon.colcon_core.package_identification:_identify(/home/mjlinux/Downloads/book_ros2_wrs/book_ros2/br2_vff_avoidance) by extensions ['ros']
[0.645s] Level 1:colcon.colcon_core.package_identification:_identify(/home/mjlinux/Downloads/book_ros2_wrs/book_ros2/br2_vff_avoidance) by extension 'ros'
[0.646s] DEBUG:colcon.colcon_core.package_identification:Package '/home/mjlinux/Downloads/book_ros2_wrs/book_ros2/br2_vff_avoidance' with type 'ros.ament_cmake' and name 'br2_vff_avoidance'
[0.647s] Level 1:colcon.colcon_core.package_identification:_identify(/home/mjlinux/Downloads/book_ros2_wrs/build) by extensions ['ignore', 'ignore_ament_install']
[0.647s] Level 1:colcon.colcon_core.package_identification:_identify(/home/mjlinux/Downloads/book_ros2_wrs/build) by extension 'ignore'
[0.647s] Level 1:colcon.colcon_core.package_identification:_identify(/home/mjlinux/Downloads/book_ros2_wrs/build) ignored
[0.648s] Level 1:colcon.colcon_core.package_identification:_identify(/home/mjlinux/Downloads/book_ros2_wrs/install) by extensions ['ignore', 'ignore_ament_install']
[0.648s] Level 1:colcon.colcon_core.package_identification:_identify(/home/mjlinux/Downloads/book_ros2_wrs/install) by extension 'ignore'
[0.649s] Level 1:colcon.colcon_core.package_identification:_identify(/home/mjlinux/Downloads/book_ros2_wrs/install) ignored
[0.649s] Level 1:colcon.colcon_core.package_identification:_identify(/home/mjlinux/Downloads/book_ros2_wrs/log) by extensions ['ignore', 'ignore_ament_install']
[0.649s] Level 1:colcon.colcon_core.package_identification:_identify(/home/mjlinux/Downloads/book_ros2_wrs/log) by extension 'ignore'
[0.650s] Level 1:colcon.colcon_core.package_identification:_identify(/home/mjlinux/Downloads/book_ros2_wrs/log) ignored
[0.650s] Level 1:colcon.colcon_core.package_identification:_identify(/home/mjlinux/Downloads/book_ros2_wrs/src) by extensions ['ignore', 'ignore_ament_install']
[0.650s] Level 1:colcon.colcon_core.package_identification:_identify(/home/mjlinux/Downloads/book_ros2_wrs/src) by extension 'ignore'
[0.650s] Level 1:colcon.colcon_core.package_identification:_identify(/home/mjlinux/Downloads/book_ros2_wrs/src) by extension 'ignore_ament_install'
[0.650s] Level 1:colcon.colcon_core.package_identification:_identify(/home/mjlinux/Downloads/book_ros2_wrs/src) by extensions ['colcon_pkg']
[0.650s] Level 1:colcon.colcon_core.package_identification:_identify(/home/mjlinux/Downloads/book_ros2_wrs/src) by extension 'colcon_pkg'
[0.651s] Level 1:colcon.colcon_core.package_identification:_identify(/home/mjlinux/Downloads/book_ros2_wrs/src) by extensions ['colcon_meta']
[0.651s] Level 1:colcon.colcon_core.package_identification:_identify(/home/mjlinux/Downloads/book_ros2_wrs/src) by extension 'colcon_meta'
[0.651s] Level 1:colcon.colcon_core.package_identification:_identify(/home/mjlinux/Downloads/book_ros2_wrs/src) by extensions ['ros']
[0.651s] Level 1:colcon.colcon_core.package_identification:_identify(/home/mjlinux/Downloads/book_ros2_wrs/src) by extension 'ros'
[0.651s] Level 1:colcon.colcon_core.package_identification:_identify(/home/mjlinux/Downloads/book_ros2_wrs/src) by extensions ['cmake', 'python']
[0.651s] Level 1:colcon.colcon_core.package_identification:_identify(/home/mjlinux/Downloads/book_ros2_wrs/src) by extension 'cmake'
[0.651s] Level 1:colcon.colcon_core.package_identification:_identify(/home/mjlinux/Downloads/book_ros2_wrs/src) by extension 'python'
[0.651s] Level 1:colcon.colcon_core.package_identification:_identify(/home/mjlinux/Downloads/book_ros2_wrs/src) by extensions ['python_setup_py']
[0.651s] Level 1:colcon.colcon_core.package_identification:_identify(/home/mjlinux/Downloads/book_ros2_wrs/src) by extension 'python_setup_py'
[0.652s] Level 1:colcon.colcon_core.package_identification:_identify(/home/mjlinux/Downloads/book_ros2_wrs/src/first_package) by extensions ['ignore', 'ignore_ament_install']
[0.652s] Level 1:colcon.colcon_core.package_identification:_identify(/home/mjlinux/Downloads/book_ros2_wrs/src/first_package) by extension 'ignore'
[0.652s] Level 1:colcon.colcon_core.package_identification:_identify(/home/mjlinux/Downloads/book_ros2_wrs/src/first_package) by extension 'ignore_ament_install'
[0.652s] Level 1:colcon.colcon_core.package_identification:_identify(/home/mjlinux/Downloads/book_ros2_wrs/src/first_package) by extensions ['colcon_pkg']
[0.652s] Level 1:colcon.colcon_core.package_identification:_identify(/home/mjlinux/Downloads/book_ros2_wrs/src/first_package) by extension 'colcon_pkg'
[0.652s] Level 1:colcon.colcon_core.package_identification:_identify(/home/mjlinux/Downloads/book_ros2_wrs/src/first_package) by extensions ['colcon_meta']
[0.652s] Level 1:colcon.colcon_core.package_identification:_identify(/home/mjlinux/Downloads/book_ros2_wrs/src/first_package) by extension 'colcon_meta'
[0.653s] Level 1:colcon.colcon_core.package_identification:_identify(/home/mjlinux/Downloads/book_ros2_wrs/src/first_package) by extensions ['ros']
[0.653s] Level 1:colcon.colcon_core.package_identification:_identify(/home/mjlinux/Downloads/book_ros2_wrs/src/first_package) by extension 'ros'
[0.654s] DEBUG:colcon.colcon_core.package_identification:Package '/home/mjlinux/Downloads/book_ros2_wrs/src/first_package' with type 'ros.ament_cmake' and name 'first_package'
[0.655s] Level 1:colcon.colcon_core.package_discovery:discover_packages(recursive) using defaults
