[0.005s] Invoking command in '/home/mjlinux/Downloads/book_ros2_wrs/build/pmb2_maps': CMAKE_PREFIX_PATH=/opt/ros/humble /usr/bin/cmake /home/mjlinux/Downloads/book_ros2_wrs/ThirdParty/pmb2_navigation/pmb2_maps -DAMENT_CMAKE_SYMLINK_INSTALL=1 -DCMAKE_INSTALL_PREFIX=/home/mjlinux/Downloads/book_ros2_wrs/install/pmb2_maps
[0.076s] -- The C compiler identification is GNU 11.4.0
[0.143s] -- The CXX compiler identification is GNU 11.4.0
[0.158s] -- Detecting C compiler ABI info
[0.216s] -- Detecting C compiler ABI info - done
[0.223s] -- Check for working C compiler: /usr/bin/cc - skipped
[0.223s] -- Detecting C compile features
[0.224s] -- Detecting C compile features - done
[0.226s] -- Detecting CXX compiler ABI info
[0.318s] -- Detecting CXX compiler ABI info - done
[0.323s] -- Check for working CXX compiler: /usr/bin/c++ - skipped
[0.324s] -- Detecting CXX compile features
[0.324s] -- Detecting CXX compile features - done
[0.326s] -- Found ament_cmake_auto: 1.3.5 (/opt/ros/humble/share/ament_cmake_auto/cmake)
[0.446s] -- Found Python3: /usr/bin/python3.10 (found version "3.10.12") found components: Interpreter 
[0.499s] -- Override CMake install command with custom implementation using symlinks instead of copying resources
[0.573s] -- Configuring done
[0.574s] -- Generating done
[0.575s] -- Build files have been written to: /home/mjlinux/Downloads/book_ros2_wrs/build/pmb2_maps
[0.578s] Invoked command in '/home/mjlinux/Downloads/book_ros2_wrs/build/pmb2_maps' returned '0': CMAKE_PREFIX_PATH=/opt/ros/humble /usr/bin/cmake /home/mjlinux/Downloads/book_ros2_wrs/ThirdParty/pmb2_navigation/pmb2_maps -DAMENT_CMAKE_SYMLINK_INSTALL=1 -DCMAKE_INSTALL_PREFIX=/home/mjlinux/Downloads/book_ros2_wrs/install/pmb2_maps
[0.584s] Invoking command in '/home/mjlinux/Downloads/book_ros2_wrs/build/pmb2_maps': CMAKE_PREFIX_PATH=/opt/ros/humble /usr/bin/cmake --build /home/mjlinux/Downloads/book_ros2_wrs/build/pmb2_maps -- -j4 -l4
[0.613s] Invoked command in '/home/mjlinux/Downloads/book_ros2_wrs/build/pmb2_maps' returned '0': CMAKE_PREFIX_PATH=/opt/ros/humble /usr/bin/cmake --build /home/mjlinux/Downloads/book_ros2_wrs/build/pmb2_maps -- -j4 -l4
[0.641s] Invoking command in '/home/mjlinux/Downloads/book_ros2_wrs/build/pmb2_maps': CMAKE_PREFIX_PATH=/opt/ros/humble /usr/bin/cmake --install /home/mjlinux/Downloads/book_ros2_wrs/build/pmb2_maps
[0.648s] -- Install configuration: ""
[0.649s] -- Execute custom install script
[0.649s] -- Symlinking: /home/mjlinux/Downloads/book_ros2_wrs/install/pmb2_maps/share/pmb2_maps/config/map.pgm
[0.671s] -- Symlinking: /home/mjlinux/Downloads/book_ros2_wrs/install/pmb2_maps/share/pmb2_maps/config/map.yaml
[0.679s] -- Symlinking: /home/mjlinux/Downloads/book_ros2_wrs/install/pmb2_maps/share/pmb2_maps/config/mmap.yaml
[0.686s] -- Symlinking: /home/mjlinux/Downloads/book_ros2_wrs/install/pmb2_maps/share/pmb2_maps/configurations/pal_office/map.pgm
[0.694s] -- Symlinking: /home/mjlinux/Downloads/book_ros2_wrs/install/pmb2_maps/share/pmb2_maps/configurations/pal_office/map.yaml
[0.707s] -- Symlinking: /home/mjlinux/Downloads/book_ros2_wrs/install/pmb2_maps/share/pmb2_maps/configurations/pal_office/mmap.yaml
[0.716s] -- Symlinking: /home/mjlinux/Downloads/book_ros2_wrs/install/pmb2_maps/share/pmb2_maps/configurations/small_office/map.bmp
[0.724s] -- Symlinking: /home/mjlinux/Downloads/book_ros2_wrs/install/pmb2_maps/share/pmb2_maps/configurations/small_office/map.bt
[0.730s] -- Symlinking: /home/mjlinux/Downloads/book_ros2_wrs/install/pmb2_maps/share/pmb2_maps/configurations/small_office/map.ot
[0.737s] -- Symlinking: /home/mjlinux/Downloads/book_ros2_wrs/install/pmb2_maps/share/pmb2_maps/configurations/small_office/map.pgm
[0.744s] -- Symlinking: /home/mjlinux/Downloads/book_ros2_wrs/install/pmb2_maps/share/pmb2_maps/configurations/small_office/map.yaml
[0.769s] -- Symlinking: /home/mjlinux/Downloads/book_ros2_wrs/install/pmb2_maps/share/pmb2_maps/configurations/small_office/mmap.yaml
[0.775s] -- Symlinking: /home/mjlinux/Downloads/book_ros2_wrs/install/pmb2_maps/share/pmb2_maps/configurations/small_office/transformation.yaml
[0.783s] -- Symlinking: /home/mjlinux/Downloads/book_ros2_wrs/install/pmb2_maps/share/ament_index/resource_index/package_run_dependencies/pmb2_maps
[0.791s] -- Symlinking: /home/mjlinux/Downloads/book_ros2_wrs/install/pmb2_maps/share/ament_index/resource_index/parent_prefix_path/pmb2_maps
[0.799s] -- Symlinking: /home/mjlinux/Downloads/book_ros2_wrs/install/pmb2_maps/share/pmb2_maps/environment/ament_prefix_path.sh
[0.806s] -- Symlinking: /home/mjlinux/Downloads/book_ros2_wrs/install/pmb2_maps/share/pmb2_maps/environment/ament_prefix_path.dsv
[0.814s] -- Symlinking: /home/mjlinux/Downloads/book_ros2_wrs/install/pmb2_maps/share/pmb2_maps/environment/path.sh
[0.821s] -- Symlinking: /home/mjlinux/Downloads/book_ros2_wrs/install/pmb2_maps/share/pmb2_maps/environment/path.dsv
[0.829s] -- Symlinking: /home/mjlinux/Downloads/book_ros2_wrs/install/pmb2_maps/share/pmb2_maps/local_setup.bash
[0.837s] -- Symlinking: /home/mjlinux/Downloads/book_ros2_wrs/install/pmb2_maps/share/pmb2_maps/local_setup.sh
[0.844s] -- Symlinking: /home/mjlinux/Downloads/book_ros2_wrs/install/pmb2_maps/share/pmb2_maps/local_setup.zsh
[0.870s] -- Symlinking: /home/mjlinux/Downloads/book_ros2_wrs/install/pmb2_maps/share/pmb2_maps/local_setup.dsv
[0.881s] -- Symlinking: /home/mjlinux/Downloads/book_ros2_wrs/install/pmb2_maps/share/pmb2_maps/package.dsv
[0.888s] -- Symlinking: /home/mjlinux/Downloads/book_ros2_wrs/install/pmb2_maps/share/ament_index/resource_index/packages/pmb2_maps
[0.895s] -- Symlinking: /home/mjlinux/Downloads/book_ros2_wrs/install/pmb2_maps/share/pmb2_maps/cmake/pmb2_mapsConfig.cmake
[0.903s] -- Symlinking: /home/mjlinux/Downloads/book_ros2_wrs/install/pmb2_maps/share/pmb2_maps/cmake/pmb2_mapsConfig-version.cmake
[0.911s] -- Symlinking: /home/mjlinux/Downloads/book_ros2_wrs/install/pmb2_maps/share/pmb2_maps/package.xml
[0.920s] Invoked command in '/home/mjlinux/Downloads/book_ros2_wrs/build/pmb2_maps' returned '0': CMAKE_PREFIX_PATH=/opt/ros/humble /usr/bin/cmake --install /home/mjlinux/Downloads/book_ros2_wrs/build/pmb2_maps
