-- Found ament_cmake: 1.3.5 (/opt/ros/humble/share/ament_cmake/cmake)
-- Override CMake install command with custom implementation using symlinks instead of copying resources
-- Found rclcpp: 16.0.5 (/opt/ros/humble/share/rclcpp/cmake)
-- Found rosidl_generator_c: 3.1.5 (/opt/ros/humble/share/rosidl_generator_c/cmake)
-- Found rosidl_adapter: 3.1.5 (/opt/ros/humble/share/rosidl_adapter/cmake)
-- Found rosidl_generator_cpp: 3.1.5 (/opt/ros/humble/share/rosidl_generator_cpp/cmake)
-- Using all available rosidl_typesupport_c: rosidl_typesupport_fastrtps_c;rosidl_typesupport_introspection_c
-- Using all available rosidl_typesupport_cpp: rosidl_typesupport_fastrtps_cpp;rosidl_typesupport_introspection_cpp
-- Found rmw_implementation_cmake: 6.1.1 (/opt/ros/humble/share/rmw_implementation_cmake/cmake)
-- Found rmw_fastrtps_cpp: 6.2.3 (/opt/ros/humble/share/rmw_fastrtps_cpp/cmake)
-- Using RMW implementation 'rmw_fastrtps_cpp' as default
-- Found rclcpp_lifecycle: 16.0.5 (/opt/ros/humble/share/rclcpp_lifecycle/cmake)
-- Found br2_tracking_msgs: 0.2.0 (/home/mjlinux/Downloads/book_ros2_wrs/install/br2_tracking_msgs/share/br2_tracking_msgs/cmake)
-- Found sensor_msgs: 4.2.3 (/opt/ros/humble/share/sensor_msgs/cmake)
-- Found vision_msgs: 4.1.0 (/home/mjlinux/Downloads/book_ros2_wrs/install/vision_msgs/share/vision_msgs/cmake)
-- Found control_msgs: 4.4.0 (/opt/ros/humble/share/control_msgs/cmake)
-- Found image_transport: 3.1.7 (/opt/ros/humble/share/image_transport/cmake)
-- Found cv_bridge: 3.2.1 (/opt/ros/humble/share/cv_bridge/cmake)
-- Found OpenCV: /usr (found version "4.5.4") 
-- Found ament_lint_auto: 0.12.7 (/opt/ros/humble/share/ament_lint_auto/cmake)
-- Found gtest sources under '/opt/ros/humble/src/gtest_vendor': C++ tests using 'Google Test' will be built
-- Added test 'copyright' to check source files copyright and LICENSE
-- Added test 'cppcheck' to perform static code analysis on C / C++ code
-- Configured cppcheck include dirs: /home/mjlinux/Downloads/book_ros2_wrs/book_ros2/br2_tracking/include
-- Configured cppcheck exclude dirs and/or files: 
-- Added test 'cpplint' to check C / C++ code against the Google style
-- Configured cpplint exclude dirs and/or files: 
-- Added test 'flake8' to check Python code syntax and style conventions
-- Added test 'lint_cmake' to check CMake code style
-- Added test 'pep257' to check Python code against some of the docstring style conventions in PEP 257
-- Added test 'uncrustify' to check C / C++ code style
-- Configured uncrustify additional arguments: 
-- Added test 'xmllint' to check XML markup files
-- Configuring done
-- Generating done
-- Build files have been written to: /home/mjlinux/Downloads/book_ros2_wrs/build/br2_tracking
[  7%] [32mBuilding CXX object gtest/CMakeFiles/gtest_main.dir/src/gtest_main.cc.o[0m
[ 14%] [32mBuilding CXX object gtest/CMakeFiles/gtest.dir/src/gtest-all.cc.o[0m
[ 21%] [32mBuilding CXX object CMakeFiles/br2_tracking.dir/src/br2_tracking/ObjectDetector.cpp.o[0m
[ 28%] [32mBuilding CXX object CMakeFiles/br2_tracking.dir/src/br2_tracking/HeadController.cpp.o[0m
[ 35%] [32m[1mLinking CXX static library libgtest_main.a[0m
[ 35%] Built target gtest_main
[ 42%] [32mBuilding CXX object CMakeFiles/br2_tracking.dir/src/br2_tracking/PIDController.cpp.o[0m
[ 50%] [32m[1mLinking CXX static library libgtest.a[0m
[ 50%] Built target gtest
[ 57%] [32m[1mLinking CXX shared library libbr2_tracking.so[0m
[ 57%] Built target br2_tracking
[ 64%] [32mBuilding CXX object CMakeFiles/object_detector.dir/src/object_detector_main.cpp.o[0m
[ 71%] [32m[1mLinking CXX executable object_detector[0m
[ 71%] Built target object_detector
[ 78%] [32mBuilding CXX object tests/CMakeFiles/pid_test.dir/pid_test.cpp.o[0m
[ 85%] [32m[1mLinking CXX executable pid_test[0m
[ 85%] Built target pid_test
[ 92%] [32mBuilding CXX object CMakeFiles/object_tracker.dir/src/object_tracker_main.cpp.o[0m
[100%] [32m[1mLinking CXX executable object_tracker[0m
[100%] Built target object_tracker
-- Install configuration: "Debug"
-- Execute custom install script
-- Symlinking: /home/mjlinux/Downloads/book_ros2_wrs/install/br2_tracking/lib/libbr2_tracking.so
-- Symlinking: /home/mjlinux/Downloads/book_ros2_wrs/install/br2_tracking/lib/br2_tracking/object_detector
-- Symlinking: /home/mjlinux/Downloads/book_ros2_wrs/install/br2_tracking/lib/br2_tracking/object_tracker
-- Symlinking: /home/mjlinux/Downloads/book_ros2_wrs/install/br2_tracking/include/include/br2_tracking/HeadController.hpp
-- Symlinking: /home/mjlinux/Downloads/book_ros2_wrs/install/br2_tracking/include/include/br2_tracking/ObjectDetector.hpp
-- Symlinking: /home/mjlinux/Downloads/book_ros2_wrs/install/br2_tracking/include/include/br2_tracking/PIDController.hpp
-- Symlinking: /home/mjlinux/Downloads/book_ros2_wrs/install/br2_tracking/share/br2_tracking/launch/tracking.launch.py
-- Symlinking: /home/mjlinux/Downloads/book_ros2_wrs/install/br2_tracking/share/br2_tracking/config/detector.yaml
-- Symlinking: /home/mjlinux/Downloads/book_ros2_wrs/install/br2_tracking/share/br2_tracking/environment/library_path.sh
-- Symlinking: /home/mjlinux/Downloads/book_ros2_wrs/install/br2_tracking/share/br2_tracking/environment/library_path.dsv
-- Symlinking: /home/mjlinux/Downloads/book_ros2_wrs/install/br2_tracking/share/ament_index/resource_index/package_run_dependencies/br2_tracking
-- Symlinking: /home/mjlinux/Downloads/book_ros2_wrs/install/br2_tracking/share/ament_index/resource_index/parent_prefix_path/br2_tracking
-- Symlinking: /home/mjlinux/Downloads/book_ros2_wrs/install/br2_tracking/share/br2_tracking/environment/ament_prefix_path.sh
-- Symlinking: /home/mjlinux/Downloads/book_ros2_wrs/install/br2_tracking/share/br2_tracking/environment/ament_prefix_path.dsv
-- Symlinking: /home/mjlinux/Downloads/book_ros2_wrs/install/br2_tracking/share/br2_tracking/environment/path.sh
-- Symlinking: /home/mjlinux/Downloads/book_ros2_wrs/install/br2_tracking/share/br2_tracking/environment/path.dsv
-- Symlinking: /home/mjlinux/Downloads/book_ros2_wrs/install/br2_tracking/share/br2_tracking/local_setup.bash
-- Symlinking: /home/mjlinux/Downloads/book_ros2_wrs/install/br2_tracking/share/br2_tracking/local_setup.sh
-- Symlinking: /home/mjlinux/Downloads/book_ros2_wrs/install/br2_tracking/share/br2_tracking/local_setup.zsh
-- Symlinking: /home/mjlinux/Downloads/book_ros2_wrs/install/br2_tracking/share/br2_tracking/local_setup.dsv
-- Symlinking: /home/mjlinux/Downloads/book_ros2_wrs/install/br2_tracking/share/br2_tracking/package.dsv
-- Symlinking: /home/mjlinux/Downloads/book_ros2_wrs/install/br2_tracking/share/ament_index/resource_index/packages/br2_tracking
-- Symlinking: /home/mjlinux/Downloads/book_ros2_wrs/install/br2_tracking/share/br2_tracking/cmake/ament_cmake_export_include_directories-extras.cmake
-- Symlinking: /home/mjlinux/Downloads/book_ros2_wrs/install/br2_tracking/share/br2_tracking/cmake/ament_cmake_export_libraries-extras.cmake
-- Symlinking: /home/mjlinux/Downloads/book_ros2_wrs/install/br2_tracking/share/br2_tracking/cmake/ament_cmake_export_dependencies-extras.cmake
-- Symlinking: /home/mjlinux/Downloads/book_ros2_wrs/install/br2_tracking/share/br2_tracking/cmake/br2_trackingConfig.cmake
-- Symlinking: /home/mjlinux/Downloads/book_ros2_wrs/install/br2_tracking/share/br2_tracking/cmake/br2_trackingConfig-version.cmake
-- Symlinking: /home/mjlinux/Downloads/book_ros2_wrs/install/br2_tracking/share/br2_tracking/package.xml
