[0.009s] Invoking command in '/home/mjlinux/Downloads/book_ros2_wrs/build/br2_tracking': AMENT_PREFIX_PATH=/home/mjlinux/Downloads/book_ros2_wrs/install/vision_msgs:/home/mjlinux/Downloads/book_ros2_wrs/install/br2_tracking_msgs:${AMENT_PREFIX_PATH} CMAKE_PREFIX_PATH=/home/mjlinux/Downloads/book_ros2_wrs/install/vision_msgs:/home/mjlinux/Downloads/book_ros2_wrs/install/br2_tracking_msgs:/opt/ros/humble LD_LIBRARY_PATH=/home/mjlinux/Downloads/book_ros2_wrs/install/vision_msgs/lib:/home/mjlinux/Downloads/book_ros2_wrs/install/br2_tracking_msgs/lib:${LD_LIBRARY_PATH} PYTHONPATH=/home/mjlinux/Downloads/book_ros2_wrs/install/vision_msgs/local/lib/python3.10/dist-packages:/home/mjlinux/Downloads/book_ros2_wrs/install/br2_tracking_msgs/local/lib/python3.10/dist-packages:${PYTHONPATH} /usr/bin/cmake /home/mjlinux/Downloads/book_ros2_wrs/book_ros2/br2_tracking -DAMENT_CMAKE_SYMLINK_INSTALL=1 -DCMAKE_INSTALL_PREFIX=/home/mjlinux/Downloads/book_ros2_wrs/install/br2_tracking
[0.018s] -- Found ament_cmake: 1.3.5 (/opt/ros/humble/share/ament_cmake/cmake)
[0.109s] -- Override CMake install command with custom implementation using symlinks instead of copying resources
[0.114s] -- Found rclcpp: 16.0.5 (/opt/ros/humble/share/rclcpp/cmake)
[0.135s] -- Found rosidl_generator_c: 3.1.5 (/opt/ros/humble/share/rosidl_generator_c/cmake)
[0.137s] -- Found rosidl_adapter: 3.1.5 (/opt/ros/humble/share/rosidl_adapter/cmake)
[0.141s] -- Found rosidl_generator_cpp: 3.1.5 (/opt/ros/humble/share/rosidl_generator_cpp/cmake)
[0.149s] -- Using all available rosidl_typesupport_c: rosidl_typesupport_fastrtps_c;rosidl_typesupport_introspection_c
[0.165s] -- Using all available rosidl_typesupport_cpp: rosidl_typesupport_fastrtps_cpp;rosidl_typesupport_introspection_cpp
[0.209s] -- Found rmw_implementation_cmake: 6.1.1 (/opt/ros/humble/share/rmw_implementation_cmake/cmake)
[0.210s] -- Found rmw_fastrtps_cpp: 6.2.3 (/opt/ros/humble/share/rmw_fastrtps_cpp/cmake)
[0.302s] -- Using RMW implementation 'rmw_fastrtps_cpp' as default
[0.432s] -- Found rclcpp_lifecycle: 16.0.5 (/opt/ros/humble/share/rclcpp_lifecycle/cmake)
[0.464s] -- Found br2_tracking_msgs: 0.2.0 (/home/mjlinux/Downloads/book_ros2_wrs/install/br2_tracking_msgs/share/br2_tracking_msgs/cmake)
[0.488s] -- Found sensor_msgs: 4.2.3 (/opt/ros/humble/share/sensor_msgs/cmake)
[0.595s] -- Found vision_msgs: 4.1.0 (/home/mjlinux/Downloads/book_ros2_wrs/install/vision_msgs/share/vision_msgs/cmake)
[0.658s] -- Found control_msgs: 4.4.0 (/opt/ros/humble/share/control_msgs/cmake)
[0.972s] -- Found image_transport: 3.1.7 (/opt/ros/humble/share/image_transport/cmake)
[1.010s] -- Found cv_bridge: 3.2.1 (/opt/ros/humble/share/cv_bridge/cmake)
[1.028s] -- Found OpenCV: /usr (found version "4.5.4") 
[1.044s] -- Found ament_lint_auto: 0.12.7 (/opt/ros/humble/share/ament_lint_auto/cmake)
[1.101s] -- Found gtest sources under '/opt/ros/humble/src/gtest_vendor': C++ tests using 'Google Test' will be built
[1.114s] -- Added test 'copyright' to check source files copyright and LICENSE
[1.116s] -- Added test 'cppcheck' to perform static code analysis on C / C++ code
[1.117s] -- Configured cppcheck include dirs: /home/mjlinux/Downloads/book_ros2_wrs/book_ros2/br2_tracking/include
[1.117s] -- Configured cppcheck exclude dirs and/or files: 
[1.118s] -- Added test 'cpplint' to check C / C++ code against the Google style
[1.118s] -- Configured cpplint exclude dirs and/or files: 
[1.118s] -- Added test 'flake8' to check Python code syntax and style conventions
[1.119s] -- Added test 'lint_cmake' to check CMake code style
[1.119s] -- Added test 'pep257' to check Python code against some of the docstring style conventions in PEP 257
[1.120s] -- Added test 'uncrustify' to check C / C++ code style
[1.120s] -- Configured uncrustify additional arguments: 
[1.120s] -- Added test 'xmllint' to check XML markup files
[1.122s] -- Configuring done
[1.164s] -- Generating done
[1.165s] -- Build files have been written to: /home/mjlinux/Downloads/book_ros2_wrs/build/br2_tracking
[1.172s] Invoked command in '/home/mjlinux/Downloads/book_ros2_wrs/build/br2_tracking' returned '0': AMENT_PREFIX_PATH=/home/mjlinux/Downloads/book_ros2_wrs/install/vision_msgs:/home/mjlinux/Downloads/book_ros2_wrs/install/br2_tracking_msgs:${AMENT_PREFIX_PATH} CMAKE_PREFIX_PATH=/home/mjlinux/Downloads/book_ros2_wrs/install/vision_msgs:/home/mjlinux/Downloads/book_ros2_wrs/install/br2_tracking_msgs:/opt/ros/humble LD_LIBRARY_PATH=/home/mjlinux/Downloads/book_ros2_wrs/install/vision_msgs/lib:/home/mjlinux/Downloads/book_ros2_wrs/install/br2_tracking_msgs/lib:${LD_LIBRARY_PATH} PYTHONPATH=/home/mjlinux/Downloads/book_ros2_wrs/install/vision_msgs/local/lib/python3.10/dist-packages:/home/mjlinux/Downloads/book_ros2_wrs/install/br2_tracking_msgs/local/lib/python3.10/dist-packages:${PYTHONPATH} /usr/bin/cmake /home/mjlinux/Downloads/book_ros2_wrs/book_ros2/br2_tracking -DAMENT_CMAKE_SYMLINK_INSTALL=1 -DCMAKE_INSTALL_PREFIX=/home/mjlinux/Downloads/book_ros2_wrs/install/br2_tracking
[1.173s] Invoking command in '/home/mjlinux/Downloads/book_ros2_wrs/build/br2_tracking': AMENT_PREFIX_PATH=/home/mjlinux/Downloads/book_ros2_wrs/install/vision_msgs:/home/mjlinux/Downloads/book_ros2_wrs/install/br2_tracking_msgs:${AMENT_PREFIX_PATH} CMAKE_PREFIX_PATH=/home/mjlinux/Downloads/book_ros2_wrs/install/vision_msgs:/home/mjlinux/Downloads/book_ros2_wrs/install/br2_tracking_msgs:/opt/ros/humble LD_LIBRARY_PATH=/home/mjlinux/Downloads/book_ros2_wrs/install/vision_msgs/lib:/home/mjlinux/Downloads/book_ros2_wrs/install/br2_tracking_msgs/lib:${LD_LIBRARY_PATH} PYTHONPATH=/home/mjlinux/Downloads/book_ros2_wrs/install/vision_msgs/local/lib/python3.10/dist-packages:/home/mjlinux/Downloads/book_ros2_wrs/install/br2_tracking_msgs/local/lib/python3.10/dist-packages:${PYTHONPATH} /usr/bin/cmake --build /home/mjlinux/Downloads/book_ros2_wrs/build/br2_tracking -- -j4 -l4
[1.216s] [  7%] [32mBuilding CXX object gtest/CMakeFiles/gtest_main.dir/src/gtest_main.cc.o[0m
[1.216s] [ 14%] [32mBuilding CXX object gtest/CMakeFiles/gtest.dir/src/gtest-all.cc.o[0m
[1.217s] [ 21%] [32mBuilding CXX object CMakeFiles/br2_tracking.dir/src/br2_tracking/ObjectDetector.cpp.o[0m
[1.217s] [ 28%] [32mBuilding CXX object CMakeFiles/br2_tracking.dir/src/br2_tracking/HeadController.cpp.o[0m
[2.104s] [ 35%] [32m[1mLinking CXX static library libgtest_main.a[0m
[2.204s] [ 35%] Built target gtest_main
[2.213s] [ 42%] [32mBuilding CXX object CMakeFiles/br2_tracking.dir/src/br2_tracking/PIDController.cpp.o[0m
[4.508s] [ 50%] [32m[1mLinking CXX static library libgtest.a[0m
[4.687s] [ 50%] Built target gtest
[64.431s] [ 57%] [32m[1mLinking CXX shared library libbr2_tracking.so[0m
[65.571s] [ 57%] Built target br2_tracking
[65.619s] [ 64%] [32mBuilding CXX object CMakeFiles/object_detector.dir/src/object_detector_main.cpp.o[0m
[68.555s] [ 71%] [32m[1mLinking CXX executable object_detector[0m
[69.246s] [ 71%] Built target object_detector
[69.268s] [ 78%] [32mBuilding CXX object tests/CMakeFiles/pid_test.dir/pid_test.cpp.o[0m
[70.123s] [ 85%] [32m[1mLinking CXX executable pid_test[0m
[70.749s] [ 85%] Built target pid_test
[70.770s] [ 92%] [32mBuilding CXX object CMakeFiles/object_tracker.dir/src/object_tracker_main.cpp.o[0m
[79.013s] [100%] [32m[1mLinking CXX executable object_tracker[0m
[79.923s] [100%] Built target object_tracker
[80.022s] Invoked command in '/home/mjlinux/Downloads/book_ros2_wrs/build/br2_tracking' returned '0': AMENT_PREFIX_PATH=/home/mjlinux/Downloads/book_ros2_wrs/install/vision_msgs:/home/mjlinux/Downloads/book_ros2_wrs/install/br2_tracking_msgs:${AMENT_PREFIX_PATH} CMAKE_PREFIX_PATH=/home/mjlinux/Downloads/book_ros2_wrs/install/vision_msgs:/home/mjlinux/Downloads/book_ros2_wrs/install/br2_tracking_msgs:/opt/ros/humble LD_LIBRARY_PATH=/home/mjlinux/Downloads/book_ros2_wrs/install/vision_msgs/lib:/home/mjlinux/Downloads/book_ros2_wrs/install/br2_tracking_msgs/lib:${LD_LIBRARY_PATH} PYTHONPATH=/home/mjlinux/Downloads/book_ros2_wrs/install/vision_msgs/local/lib/python3.10/dist-packages:/home/mjlinux/Downloads/book_ros2_wrs/install/br2_tracking_msgs/local/lib/python3.10/dist-packages:${PYTHONPATH} /usr/bin/cmake --build /home/mjlinux/Downloads/book_ros2_wrs/build/br2_tracking -- -j4 -l4
[80.110s] Invoking command in '/home/mjlinux/Downloads/book_ros2_wrs/build/br2_tracking': AMENT_PREFIX_PATH=/home/mjlinux/Downloads/book_ros2_wrs/install/vision_msgs:/home/mjlinux/Downloads/book_ros2_wrs/install/br2_tracking_msgs:${AMENT_PREFIX_PATH} CMAKE_PREFIX_PATH=/home/mjlinux/Downloads/book_ros2_wrs/install/vision_msgs:/home/mjlinux/Downloads/book_ros2_wrs/install/br2_tracking_msgs:/opt/ros/humble LD_LIBRARY_PATH=/home/mjlinux/Downloads/book_ros2_wrs/install/vision_msgs/lib:/home/mjlinux/Downloads/book_ros2_wrs/install/br2_tracking_msgs/lib:${LD_LIBRARY_PATH} PYTHONPATH=/home/mjlinux/Downloads/book_ros2_wrs/install/vision_msgs/local/lib/python3.10/dist-packages:/home/mjlinux/Downloads/book_ros2_wrs/install/br2_tracking_msgs/local/lib/python3.10/dist-packages:${PYTHONPATH} /usr/bin/cmake --install /home/mjlinux/Downloads/book_ros2_wrs/build/br2_tracking
[80.116s] -- Install configuration: "Debug"
[80.118s] -- Execute custom install script
[80.119s] -- Symlinking: /home/mjlinux/Downloads/book_ros2_wrs/install/br2_tracking/lib/libbr2_tracking.so
[80.127s] -- Symlinking: /home/mjlinux/Downloads/book_ros2_wrs/install/br2_tracking/lib/br2_tracking/object_detector
[80.135s] -- Symlinking: /home/mjlinux/Downloads/book_ros2_wrs/install/br2_tracking/lib/br2_tracking/object_tracker
[80.144s] -- Symlinking: /home/mjlinux/Downloads/book_ros2_wrs/install/br2_tracking/include/include/br2_tracking/HeadController.hpp
[80.152s] -- Symlinking: /home/mjlinux/Downloads/book_ros2_wrs/install/br2_tracking/include/include/br2_tracking/ObjectDetector.hpp
[80.160s] -- Symlinking: /home/mjlinux/Downloads/book_ros2_wrs/install/br2_tracking/include/include/br2_tracking/PIDController.hpp
[80.170s] -- Symlinking: /home/mjlinux/Downloads/book_ros2_wrs/install/br2_tracking/share/br2_tracking/launch/tracking.launch.py
[80.192s] -- Symlinking: /home/mjlinux/Downloads/book_ros2_wrs/install/br2_tracking/share/br2_tracking/config/detector.yaml
[80.202s] -- Symlinking: /home/mjlinux/Downloads/book_ros2_wrs/install/br2_tracking/share/br2_tracking/environment/library_path.sh
[80.210s] -- Symlinking: /home/mjlinux/Downloads/book_ros2_wrs/install/br2_tracking/share/br2_tracking/environment/library_path.dsv
[80.219s] -- Symlinking: /home/mjlinux/Downloads/book_ros2_wrs/install/br2_tracking/share/ament_index/resource_index/package_run_dependencies/br2_tracking
[80.227s] -- Symlinking: /home/mjlinux/Downloads/book_ros2_wrs/install/br2_tracking/share/ament_index/resource_index/parent_prefix_path/br2_tracking
[80.237s] -- Symlinking: /home/mjlinux/Downloads/book_ros2_wrs/install/br2_tracking/share/br2_tracking/environment/ament_prefix_path.sh
[80.245s] -- Symlinking: /home/mjlinux/Downloads/book_ros2_wrs/install/br2_tracking/share/br2_tracking/environment/ament_prefix_path.dsv
[80.253s] -- Symlinking: /home/mjlinux/Downloads/book_ros2_wrs/install/br2_tracking/share/br2_tracking/environment/path.sh
[80.260s] -- Symlinking: /home/mjlinux/Downloads/book_ros2_wrs/install/br2_tracking/share/br2_tracking/environment/path.dsv
[80.272s] -- Symlinking: /home/mjlinux/Downloads/book_ros2_wrs/install/br2_tracking/share/br2_tracking/local_setup.bash
[80.291s] -- Symlinking: /home/mjlinux/Downloads/book_ros2_wrs/install/br2_tracking/share/br2_tracking/local_setup.sh
[80.300s] -- Symlinking: /home/mjlinux/Downloads/book_ros2_wrs/install/br2_tracking/share/br2_tracking/local_setup.zsh
[80.308s] -- Symlinking: /home/mjlinux/Downloads/book_ros2_wrs/install/br2_tracking/share/br2_tracking/local_setup.dsv
[80.319s] -- Symlinking: /home/mjlinux/Downloads/book_ros2_wrs/install/br2_tracking/share/br2_tracking/package.dsv
[80.330s] -- Symlinking: /home/mjlinux/Downloads/book_ros2_wrs/install/br2_tracking/share/ament_index/resource_index/packages/br2_tracking
[80.340s] -- Symlinking: /home/mjlinux/Downloads/book_ros2_wrs/install/br2_tracking/share/br2_tracking/cmake/ament_cmake_export_include_directories-extras.cmake
[80.348s] -- Symlinking: /home/mjlinux/Downloads/book_ros2_wrs/install/br2_tracking/share/br2_tracking/cmake/ament_cmake_export_libraries-extras.cmake
[80.357s] -- Symlinking: /home/mjlinux/Downloads/book_ros2_wrs/install/br2_tracking/share/br2_tracking/cmake/ament_cmake_export_dependencies-extras.cmake
[80.371s] -- Symlinking: /home/mjlinux/Downloads/book_ros2_wrs/install/br2_tracking/share/br2_tracking/cmake/br2_trackingConfig.cmake
[80.391s] -- Symlinking: /home/mjlinux/Downloads/book_ros2_wrs/install/br2_tracking/share/br2_tracking/cmake/br2_trackingConfig-version.cmake
[80.399s] -- Symlinking: /home/mjlinux/Downloads/book_ros2_wrs/install/br2_tracking/share/br2_tracking/package.xml
[80.416s] Invoked command in '/home/mjlinux/Downloads/book_ros2_wrs/build/br2_tracking' returned '0': AMENT_PREFIX_PATH=/home/mjlinux/Downloads/book_ros2_wrs/install/vision_msgs:/home/mjlinux/Downloads/book_ros2_wrs/install/br2_tracking_msgs:${AMENT_PREFIX_PATH} CMAKE_PREFIX_PATH=/home/mjlinux/Downloads/book_ros2_wrs/install/vision_msgs:/home/mjlinux/Downloads/book_ros2_wrs/install/br2_tracking_msgs:/opt/ros/humble LD_LIBRARY_PATH=/home/mjlinux/Downloads/book_ros2_wrs/install/vision_msgs/lib:/home/mjlinux/Downloads/book_ros2_wrs/install/br2_tracking_msgs/lib:${LD_LIBRARY_PATH} PYTHONPATH=/home/mjlinux/Downloads/book_ros2_wrs/install/vision_msgs/local/lib/python3.10/dist-packages:/home/mjlinux/Downloads/book_ros2_wrs/install/br2_tracking_msgs/local/lib/python3.10/dist-packages:${PYTHONPATH} /usr/bin/cmake --install /home/mjlinux/Downloads/book_ros2_wrs/build/br2_tracking
