[0.020s] Invoking command in '/home/mjlinux/Downloads/book_ros2_wrs/build/first_package': CMAKE_PREFIX_PATH=/home/mjlinux/Downloads/book_ros2_wrs/install/vision_msgs_rviz_plugins:/home/mjlinux/Downloads/book_ros2_wrs/install/br2_tracking:/home/mjlinux/Downloads/book_ros2_wrs/install/vision_msgs:/home/mjlinux/Downloads/book_ros2_wrs/install/urdf_test:/home/mjlinux/Downloads/book_ros2_wrs/install/tiago_simulation:/home/mjlinux/Downloads/book_ros2_wrs/install/tiago_robot:/home/mjlinux/Downloads/book_ros2_wrs/install/tiago_navigation:/home/mjlinux/Downloads/book_ros2_wrs/install/tiago_gazebo:/home/mjlinux/Downloads/book_ros2_wrs/install/tiago_moveit_config:/home/mjlinux/Downloads/book_ros2_wrs/install/tiago_laser_sensors:/home/mjlinux/Downloads/book_ros2_wrs/install/tiago_bringup:/home/mjlinux/Downloads/book_ros2_wrs/install/tiago_description:/home/mjlinux/Downloads/book_ros2_wrs/install/tiago_controller_configuration:/home/mjlinux/Downloads/book_ros2_wrs/install/tiago_2dnav:/home/mjlinux/Downloads/book_ros2_wrs/install/first_package:/home/mjlinux/Downloads/book_ros2_wrs/install/br2_basics:/home/mjlinux/Downloads/book_ros2_wrs/install/pmb2_robot:/home/mjlinux/Downloads/book_ros2_wrs/install/pmb2_navigation:/home/mjlinux/Downloads/book_ros2_wrs/install/pmb2_2dnav:/home/mjlinux/Downloads/book_ros2_wrs/install/pmb2_maps:/home/mjlinux/Downloads/book_ros2_wrs/install/pmb2_laser_sensors:/home/mjlinux/Downloads/book_ros2_wrs/install/pmb2_bringup:/home/mjlinux/Downloads/book_ros2_wrs/install/pmb2_description:/home/mjlinux/Downloads/book_ros2_wrs/install/pmb2_controller_configuration:/home/mjlinux/Downloads/book_ros2_wrs/install/pal_gripper:/home/mjlinux/Downloads/book_ros2_wrs/install/pal_gripper_description:/home/mjlinux/Downloads/book_ros2_wrs/install/pal_gripper_controller_configuration:/home/mjlinux/Downloads/book_ros2_wrs/install/pal_gazebo_worlds:/home/mjlinux/Downloads/book_ros2_wrs/install/hey5_description:/home/mjlinux/Downloads/book_ros2_wrs/install/groot:/home/mjlinux/Downloads/book_ros2_wrs/install/launch_pal:/home/mjlinux/Downloads/book_ros2_wrs/install/br2_fsm_bumpgo_py:/opt/ros/humble:/home/mjlinux/Downloads/book_ros2_wrs/install/catkin:/home/mjlinux/Downloads/book_ros2_wrs/install/br2_vff_avoidance:/home/mjlinux/Downloads/book_ros2_wrs/install/br2_tracking_msgs:/home/mjlinux/Downloads/book_ros2_wrs/install/br2_tiago:/home/mjlinux/Downloads/book_ros2_wrs/install/br2_tf2_detector:/home/mjlinux/Downloads/book_ros2_wrs/install/br2_navigation:/home/mjlinux/Downloads/book_ros2_wrs/install/br2_fsm_bumpgo_cpp:/home/mjlinux/Downloads/book_ros2_wrs/install/br2_bt_patrolling:/home/mjlinux/Downloads/book_ros2_wrs/install/br2_bt_bumpgo /usr/bin/cmake --build /home/mjlinux/Downloads/book_ros2_wrs/build/first_package -- -j4 -l4
[0.088s] -- Found ament_cmake: 1.3.5 (/opt/ros/humble/share/ament_cmake/cmake)
[0.208s] -- Override CMake install command with custom implementation using symlinks instead of copying resources
[0.213s] -- Found rclcpp: 16.0.5 (/opt/ros/humble/share/rclcpp/cmake)
[0.237s] -- Found rosidl_generator_c: 3.1.5 (/opt/ros/humble/share/rosidl_generator_c/cmake)
[0.239s] -- Found rosidl_adapter: 3.1.5 (/opt/ros/humble/share/rosidl_adapter/cmake)
[0.248s] -- Found rosidl_generator_cpp: 3.1.5 (/opt/ros/humble/share/rosidl_generator_cpp/cmake)
[0.279s] -- Using all available rosidl_typesupport_c: rosidl_typesupport_fastrtps_c;rosidl_typesupport_introspection_c
[0.314s] -- Using all available rosidl_typesupport_cpp: rosidl_typesupport_fastrtps_cpp;rosidl_typesupport_introspection_cpp
[0.385s] -- Found rmw_implementation_cmake: 6.1.1 (/opt/ros/humble/share/rmw_implementation_cmake/cmake)
[0.386s] -- Found rmw_fastrtps_cpp: 6.2.3 (/opt/ros/humble/share/rmw_fastrtps_cpp/cmake)
[0.532s] -- Using RMW implementation 'rmw_fastrtps_cpp' as default
[0.707s] -- Found ament_lint_auto: 0.12.7 (/opt/ros/humble/share/ament_lint_auto/cmake)
[0.786s] -- Added test 'cppcheck' to perform static code analysis on C / C++ code
[0.786s] -- Configured cppcheck include dirs: 
[0.786s] -- Configured cppcheck exclude dirs and/or files: 
[0.786s] -- Added test 'lint_cmake' to check CMake code style
[0.787s] -- Added test 'uncrustify' to check C / C++ code style
[0.787s] -- Configured uncrustify additional arguments: 
[0.787s] -- Added test 'xmllint' to check XML markup files
[0.789s] -- Configuring done
[0.796s] -- Generating done
[0.800s] -- Build files have been written to: /home/mjlinux/Downloads/book_ros2_wrs/build/first_package
[0.830s] [ 50%] [32mBuilding CXX object CMakeFiles/simple.dir/src/simple.cpp.o[0m
[2.635s] [01m[K/home/mjlinux/Downloads/book_ros2_wrs/src/first_package/src/simple.cpp:10:13:[m[K [01;31m[Kerror: [m[Kexpected constructor, destructor, or type conversion before ‘[01m[K([m[K’ token
[2.635s]    10 | rclcpp::spin[01;31m[K([m[Knode);
[2.635s]       |             [01;31m[K^[m[K
[2.635s] [01m[K/home/mjlinux/Downloads/book_ros2_wrs/src/first_package/src/simple.cpp:12:19:[m[K [01;31m[Kerror: [m[Kexpected constructor, destructor, or type conversion before ‘[01m[K;[m[K’ token
[2.635s]    12 | rclcpp::shutdown()[01;31m[K;[m[K
[2.636s]       |                   [01;31m[K^[m[K
[2.636s] [01m[K/home/mjlinux/Downloads/book_ros2_wrs/src/first_package/src/simple.cpp:14:1:[m[K [01;31m[Kerror: [m[Kexpected unqualified-id before ‘[01m[Kreturn[m[K’
[2.636s]    14 | [01;31m[Kreturn[m[K 0;
[2.636s]       | [01;31m[K^~~~~~[m[K
[2.903s] gmake[2]: *** [CMakeFiles/simple.dir/build.make:76: CMakeFiles/simple.dir/src/simple.cpp.o] Error 1
[2.903s] gmake[1]: *** [CMakeFiles/Makefile2:137: CMakeFiles/simple.dir/all] Error 2
[2.903s] gmake: *** [Makefile:146: all] Error 2
[2.921s] Invoked command in '/home/mjlinux/Downloads/book_ros2_wrs/build/first_package' returned '2': CMAKE_PREFIX_PATH=/home/mjlinux/Downloads/book_ros2_wrs/install/vision_msgs_rviz_plugins:/home/mjlinux/Downloads/book_ros2_wrs/install/br2_tracking:/home/mjlinux/Downloads/book_ros2_wrs/install/vision_msgs:/home/mjlinux/Downloads/book_ros2_wrs/install/urdf_test:/home/mjlinux/Downloads/book_ros2_wrs/install/tiago_simulation:/home/mjlinux/Downloads/book_ros2_wrs/install/tiago_robot:/home/mjlinux/Downloads/book_ros2_wrs/install/tiago_navigation:/home/mjlinux/Downloads/book_ros2_wrs/install/tiago_gazebo:/home/mjlinux/Downloads/book_ros2_wrs/install/tiago_moveit_config:/home/mjlinux/Downloads/book_ros2_wrs/install/tiago_laser_sensors:/home/mjlinux/Downloads/book_ros2_wrs/install/tiago_bringup:/home/mjlinux/Downloads/book_ros2_wrs/install/tiago_description:/home/mjlinux/Downloads/book_ros2_wrs/install/tiago_controller_configuration:/home/mjlinux/Downloads/book_ros2_wrs/install/tiago_2dnav:/home/mjlinux/Downloads/book_ros2_wrs/install/first_package:/home/mjlinux/Downloads/book_ros2_wrs/install/br2_basics:/home/mjlinux/Downloads/book_ros2_wrs/install/pmb2_robot:/home/mjlinux/Downloads/book_ros2_wrs/install/pmb2_navigation:/home/mjlinux/Downloads/book_ros2_wrs/install/pmb2_2dnav:/home/mjlinux/Downloads/book_ros2_wrs/install/pmb2_maps:/home/mjlinux/Downloads/book_ros2_wrs/install/pmb2_laser_sensors:/home/mjlinux/Downloads/book_ros2_wrs/install/pmb2_bringup:/home/mjlinux/Downloads/book_ros2_wrs/install/pmb2_description:/home/mjlinux/Downloads/book_ros2_wrs/install/pmb2_controller_configuration:/home/mjlinux/Downloads/book_ros2_wrs/install/pal_gripper:/home/mjlinux/Downloads/book_ros2_wrs/install/pal_gripper_description:/home/mjlinux/Downloads/book_ros2_wrs/install/pal_gripper_controller_configuration:/home/mjlinux/Downloads/book_ros2_wrs/install/pal_gazebo_worlds:/home/mjlinux/Downloads/book_ros2_wrs/install/hey5_description:/home/mjlinux/Downloads/book_ros2_wrs/install/groot:/home/mjlinux/Downloads/book_ros2_wrs/install/launch_pal:/home/mjlinux/Downloads/book_ros2_wrs/install/br2_fsm_bumpgo_py:/opt/ros/humble:/home/mjlinux/Downloads/book_ros2_wrs/install/catkin:/home/mjlinux/Downloads/book_ros2_wrs/install/br2_vff_avoidance:/home/mjlinux/Downloads/book_ros2_wrs/install/br2_tracking_msgs:/home/mjlinux/Downloads/book_ros2_wrs/install/br2_tiago:/home/mjlinux/Downloads/book_ros2_wrs/install/br2_tf2_detector:/home/mjlinux/Downloads/book_ros2_wrs/install/br2_navigation:/home/mjlinux/Downloads/book_ros2_wrs/install/br2_fsm_bumpgo_cpp:/home/mjlinux/Downloads/book_ros2_wrs/install/br2_bt_patrolling:/home/mjlinux/Downloads/book_ros2_wrs/install/br2_bt_bumpgo /usr/bin/cmake --build /home/mjlinux/Downloads/book_ros2_wrs/build/first_package -- -j4 -l4
