[1.431s] Invoking command in '/home/mjlinux/Downloads/book_ros2_wrs/build/br2_fsm_bumpgo_py': PYTHONPATH=/home/mjlinux/Downloads/book_ros2_wrs/build/br2_fsm_bumpgo_py/prefix_override:/home/mjlinux/Downloads/book_ros2_wrs/install/br2_fsm_bumpgo_py/lib/python3.10/site-packages:${PYTHONPATH} /usr/bin/python3 setup.py develop --editable --build-directory /home/mjlinux/Downloads/book_ros2_wrs/build/br2_fsm_bumpgo_py/build --no-deps install_data
[1.611s] running develop
[1.616s] /usr/lib/python3/dist-packages/setuptools/command/easy_install.py:158: EasyInstallDeprecationWarning: easy_install command is deprecated. Use build and pip and other standards-based tools.
[1.617s]   warnings.warn(
[1.617s] /usr/lib/python3/dist-packages/setuptools/command/install.py:34: SetuptoolsDeprecationWarning: setup.py install is deprecated. Use build and pip and other standards-based tools.
[1.617s]   warnings.warn(
[1.720s] running egg_info
[1.720s] creating br2_fsm_bumpgo_py.egg-info
[1.720s] writing br2_fsm_bumpgo_py.egg-info/PKG-INFO
[1.720s] writing dependency_links to br2_fsm_bumpgo_py.egg-info/dependency_links.txt
[1.720s] writing entry points to br2_fsm_bumpgo_py.egg-info/entry_points.txt
[1.720s] writing requirements to br2_fsm_bumpgo_py.egg-info/requires.txt
[1.720s] writing top-level names to br2_fsm_bumpgo_py.egg-info/top_level.txt
[1.720s] writing manifest file 'br2_fsm_bumpgo_py.egg-info/SOURCES.txt'
[1.722s] reading manifest file 'br2_fsm_bumpgo_py.egg-info/SOURCES.txt'
[1.723s] writing manifest file 'br2_fsm_bumpgo_py.egg-info/SOURCES.txt'
[1.724s] running build_ext
[1.724s] Creating /home/mjlinux/Downloads/book_ros2_wrs/install/br2_fsm_bumpgo_py/lib/python3.10/site-packages/br2-fsm-bumpgo-py.egg-link (link to .)
[1.724s] Installing bump_go_main script to /home/mjlinux/Downloads/book_ros2_wrs/install/br2_fsm_bumpgo_py/lib/br2_fsm_bumpgo_py
[1.725s] 
[1.725s] Installed /home/mjlinux/Downloads/book_ros2_wrs/build/br2_fsm_bumpgo_py
[1.725s] running install_data
[1.725s] creating /home/mjlinux/Downloads/book_ros2_wrs/install/br2_fsm_bumpgo_py/share/ament_index
[1.725s] creating /home/mjlinux/Downloads/book_ros2_wrs/install/br2_fsm_bumpgo_py/share/ament_index/resource_index
[1.725s] creating /home/mjlinux/Downloads/book_ros2_wrs/install/br2_fsm_bumpgo_py/share/ament_index/resource_index/packages
[1.725s] copying resource/br2_fsm_bumpgo_py -> /home/mjlinux/Downloads/book_ros2_wrs/install/br2_fsm_bumpgo_py/share/ament_index/resource_index/packages
[1.725s] copying package.xml -> /home/mjlinux/Downloads/book_ros2_wrs/install/br2_fsm_bumpgo_py/share/br2_fsm_bumpgo_py
[1.725s] creating /home/mjlinux/Downloads/book_ros2_wrs/install/br2_fsm_bumpgo_py/share/br2_fsm_bumpgo_py/launch
[1.726s] copying launch/bump_and_go.launch.py -> /home/mjlinux/Downloads/book_ros2_wrs/install/br2_fsm_bumpgo_py/share/br2_fsm_bumpgo_py/launch
[1.759s] Invoked command in '/home/mjlinux/Downloads/book_ros2_wrs/build/br2_fsm_bumpgo_py' returned '0': PYTHONPATH=/home/mjlinux/Downloads/book_ros2_wrs/build/br2_fsm_bumpgo_py/prefix_override:/home/mjlinux/Downloads/book_ros2_wrs/install/br2_fsm_bumpgo_py/lib/python3.10/site-packages:${PYTHONPATH} /usr/bin/python3 setup.py develop --editable --build-directory /home/mjlinux/Downloads/book_ros2_wrs/build/br2_fsm_bumpgo_py/build --no-deps install_data
