[0.021s] Invoking command in '/home/mjlinux/Downloads/book_ros2_wrs/build/pal_gazebo_worlds': CMAKE_PREFIX_PATH=${CMAKE_PREFIX_PATH}:/home/mjlinux/Downloads/book_ros2_wrs/install/launch_pal:/home/mjlinux/Downloads/book_ros2_wrs/install/groot:/home/mjlinux/Downloads/book_ros2_wrs/install/br2_fsm_bumpgo_py:/opt/ros/humble /usr/bin/cmake --build /home/mjlinux/Downloads/book_ros2_wrs/build/pal_gazebo_worlds -- -j4 -l4
[0.069s] Invoked command in '/home/mjlinux/Downloads/book_ros2_wrs/build/pal_gazebo_worlds' returned '0': CMAKE_PREFIX_PATH=${CMAKE_PREFIX_PATH}:/home/mjlinux/Downloads/book_ros2_wrs/install/launch_pal:/home/mjlinux/Downloads/book_ros2_wrs/install/groot:/home/mjlinux/Downloads/book_ros2_wrs/install/br2_fsm_bumpgo_py:/opt/ros/humble /usr/bin/cmake --build /home/mjlinux/Downloads/book_ros2_wrs/build/pal_gazebo_worlds -- -j4 -l4
[0.090s] Invoking command in '/home/mjlinux/Downloads/book_ros2_wrs/build/pal_gazebo_worlds': CMAKE_PREFIX_PATH=${CMAKE_PREFIX_PATH}:/home/mjlinux/Downloads/book_ros2_wrs/install/launch_pal:/home/mjlinux/Downloads/book_ros2_wrs/install/groot:/home/mjlinux/Downloads/book_ros2_wrs/install/br2_fsm_bumpgo_py:/opt/ros/humble /usr/bin/cmake --install /home/mjlinux/Downloads/book_ros2_wrs/build/pal_gazebo_worlds
[0.097s] -- Install configuration: ""
[0.098s] -- Execute custom install script
[0.104s] -- Up-to-date symlink: /home/mjlinux/Downloads/book_ros2_wrs/install/pal_gazebo_worlds/share/pal_gazebo_worlds/config/gazebo_params.yaml
[0.106s] -- Up-to-date symlink: /home/mjlinux/Downloads/book_ros2_wrs/install/pal_gazebo_worlds/share/pal_gazebo_worlds/launch/pal_gazebo.launch.py
[0.167s] -- Up-to-date symlink: /home/mjlinux/Downloads/book_ros2_wrs/install/pal_gazebo_worlds/share/pal_gazebo_worlds/models/arm_chair/arm_chair.sdf
[0.167s] -- Up-to-date symlink: /home/mjlinux/Downloads/book_ros2_wrs/install/pal_gazebo_worlds/share/pal_gazebo_worlds/models/arm_chair/meshes/arm_chair.stl
[0.168s] -- Up-to-date symlink: /home/mjlinux/Downloads/book_ros2_wrs/install/pal_gazebo_worlds/share/pal_gazebo_worlds/models/arm_chair/model.config
[0.168s] -- Up-to-date symlink: /home/mjlinux/Downloads/book_ros2_wrs/install/pal_gazebo_worlds/share/pal_gazebo_worlds/models/aruco_board/aruco_board.sdf
[0.168s] -- Up-to-date symlink: /home/mjlinux/Downloads/book_ros2_wrs/install/pal_gazebo_worlds/share/pal_gazebo_worlds/models/aruco_board/material/scripts/aruco_board.material
[0.168s] -- Up-to-date symlink: /home/mjlinux/Downloads/book_ros2_wrs/install/pal_gazebo_worlds/share/pal_gazebo_worlds/models/aruco_board/material/textures/aruco_board.png
[0.168s] -- Up-to-date symlink: /home/mjlinux/Downloads/book_ros2_wrs/install/pal_gazebo_worlds/share/pal_gazebo_worlds/models/aruco_board/model.config
[0.169s] -- Up-to-date symlink: /home/mjlinux/Downloads/book_ros2_wrs/install/pal_gazebo_worlds/share/pal_gazebo_worlds/models/aruco_cube/aruco_cube.sdf
[0.169s] -- Up-to-date symlink: /home/mjlinux/Downloads/book_ros2_wrs/install/pal_gazebo_worlds/share/pal_gazebo_worlds/models/aruco_cube/meshes/aruco_cube_5cm.dae
[0.169s] -- Up-to-date symlink: /home/mjlinux/Downloads/book_ros2_wrs/install/pal_gazebo_worlds/share/pal_gazebo_worlds/models/aruco_cube/meshes/aruco_cube_6cm.dae
[0.169s] -- Up-to-date symlink: /home/mjlinux/Downloads/book_ros2_wrs/install/pal_gazebo_worlds/share/pal_gazebo_worlds/models/aruco_cube/meshes/aruco_cube_8cm.dae
[0.170s] -- Up-to-date symlink: /home/mjlinux/Downloads/book_ros2_wrs/install/pal_gazebo_worlds/share/pal_gazebo_worlds/models/aruco_cube/meshes/marker582.png
[0.170s] -- Up-to-date symlink: /home/mjlinux/Downloads/book_ros2_wrs/install/pal_gazebo_worlds/share/pal_gazebo_worlds/models/aruco_cube/meshes/marker582_small_margin.png
[0.171s] -- Up-to-date symlink: /home/mjlinux/Downloads/book_ros2_wrs/install/pal_gazebo_worlds/share/pal_gazebo_worlds/models/aruco_cube/model.config
[0.171s] -- Up-to-date symlink: /home/mjlinux/Downloads/book_ros2_wrs/install/pal_gazebo_worlds/share/pal_gazebo_worlds/models/aruco_marker_250_6x6_1/aruco_marker_250_6x6.sdf
[0.173s] -- Up-to-date symlink: /home/mjlinux/Downloads/book_ros2_wrs/install/pal_gazebo_worlds/share/pal_gazebo_worlds/models/aruco_marker_250_6x6_1/material/scripts/aruco_marker_250_6x6.material
[0.173s] -- Up-to-date symlink: /home/mjlinux/Downloads/book_ros2_wrs/install/pal_gazebo_worlds/share/pal_gazebo_worlds/models/aruco_marker_250_6x6_1/material/textures/Aruco_6x6_250_0.png
[0.173s] -- Up-to-date symlink: /home/mjlinux/Downloads/book_ros2_wrs/install/pal_gazebo_worlds/share/pal_gazebo_worlds/models/aruco_marker_250_6x6_1/model.config
[0.173s] -- Up-to-date symlink: /home/mjlinux/Downloads/book_ros2_wrs/install/pal_gazebo_worlds/share/pal_gazebo_worlds/models/aruco_marker_250_6x6_2/aruco_marker_250_6x6.sdf
[0.173s] -- Up-to-date symlink: /home/mjlinux/Downloads/book_ros2_wrs/install/pal_gazebo_worlds/share/pal_gazebo_worlds/models/aruco_marker_250_6x6_2/material/scripts/aruco_marker_250_6x6.material
[0.174s] -- Up-to-date symlink: /home/mjlinux/Downloads/book_ros2_wrs/install/pal_gazebo_worlds/share/pal_gazebo_worlds/models/aruco_marker_250_6x6_2/material/textures/Aruco_6x6_250_1.png
[0.174s] -- Up-to-date symlink: /home/mjlinux/Downloads/book_ros2_wrs/install/pal_gazebo_worlds/share/pal_gazebo_worlds/models/aruco_marker_250_6x6_2/model.config
[0.175s] -- Up-to-date symlink: /home/mjlinux/Downloads/book_ros2_wrs/install/pal_gazebo_worlds/share/pal_gazebo_worlds/models/aruco_marker_250_6x6_3/aruco_marker_250_6x6.sdf
[0.177s] -- Up-to-date symlink: /home/mjlinux/Downloads/book_ros2_wrs/install/pal_gazebo_worlds/share/pal_gazebo_worlds/models/aruco_marker_250_6x6_3/material/scripts/aruco_marker_250_6x6.material
[0.177s] -- Up-to-date symlink: /home/mjlinux/Downloads/book_ros2_wrs/install/pal_gazebo_worlds/share/pal_gazebo_worlds/models/aruco_marker_250_6x6_3/material/textures/Aruco_6x6_250_2.png
[0.177s] -- Up-to-date symlink: /home/mjlinux/Downloads/book_ros2_wrs/install/pal_gazebo_worlds/share/pal_gazebo_worlds/models/aruco_marker_250_6x6_3/model.config
[0.177s] -- Up-to-date symlink: /home/mjlinux/Downloads/book_ros2_wrs/install/pal_gazebo_worlds/share/pal_gazebo_worlds/models/aruco_marker_250_6x6_4/aruco_marker_250_6x6.sdf
[0.177s] -- Up-to-date symlink: /home/mjlinux/Downloads/book_ros2_wrs/install/pal_gazebo_worlds/share/pal_gazebo_worlds/models/aruco_marker_250_6x6_4/material/scripts/aruco_marker_250_6x6.material
[0.177s] -- Up-to-date symlink: /home/mjlinux/Downloads/book_ros2_wrs/install/pal_gazebo_worlds/share/pal_gazebo_worlds/models/aruco_marker_250_6x6_4/material/textures/Aruco_6x6_250_3.png
[0.177s] -- Up-to-date symlink: /home/mjlinux/Downloads/book_ros2_wrs/install/pal_gazebo_worlds/share/pal_gazebo_worlds/models/aruco_marker_250_6x6_4/model.config
[0.177s] -- Up-to-date symlink: /home/mjlinux/Downloads/book_ros2_wrs/install/pal_gazebo_worlds/share/pal_gazebo_worlds/models/aruco_marker_6cm_238/aruco_marker_6cm.sdf
[0.178s] -- Up-to-date symlink: /home/mjlinux/Downloads/book_ros2_wrs/install/pal_gazebo_worlds/share/pal_gazebo_worlds/models/aruco_marker_6cm_238/material/scripts/aruco_marker_original.material
[0.178s] -- Up-to-date symlink: /home/mjlinux/Downloads/book_ros2_wrs/install/pal_gazebo_worlds/share/pal_gazebo_worlds/models/aruco_marker_6cm_238/material/textures/Aruco_6cm_238.png
[0.178s] -- Up-to-date symlink: /home/mjlinux/Downloads/book_ros2_wrs/install/pal_gazebo_worlds/share/pal_gazebo_worlds/models/aruco_marker_6cm_238/model.config
[0.178s] -- Up-to-date symlink: /home/mjlinux/Downloads/book_ros2_wrs/install/pal_gazebo_worlds/share/pal_gazebo_worlds/models/aruco_marker_6cm_26/aruco_marker_6cm.sdf
[0.179s] -- Up-to-date symlink: /home/mjlinux/Downloads/book_ros2_wrs/install/pal_gazebo_worlds/share/pal_gazebo_worlds/models/aruco_marker_6cm_26/material/scripts/aruco_marker_original.material
[0.179s] -- Up-to-date symlink: /home/mjlinux/Downloads/book_ros2_wrs/install/pal_gazebo_worlds/share/pal_gazebo_worlds/models/aruco_marker_6cm_26/material/textures/Aruco_6cm_26.png
[0.179s] -- Up-to-date symlink: /home/mjlinux/Downloads/book_ros2_wrs/install/pal_gazebo_worlds/share/pal_gazebo_worlds/models/aruco_marker_6cm_26/model.config
[0.180s] -- Up-to-date symlink: /home/mjlinux/Downloads/book_ros2_wrs/install/pal_gazebo_worlds/share/pal_gazebo_worlds/models/aruco_marker_6cm_582/aruco_marker_6cm.sdf
[0.185s] -- Up-to-date symlink: /home/mjlinux/Downloads/book_ros2_wrs/install/pal_gazebo_worlds/share/pal_gazebo_worlds/models/aruco_marker_6cm_582/material/scripts/aruco_marker_original.material
[0.185s] -- Up-to-date symlink: /home/mjlinux/Downloads/book_ros2_wrs/install/pal_gazebo_worlds/share/pal_gazebo_worlds/models/aruco_marker_6cm_582/material/textures/Aruco_6cm_582.png
[0.185s] -- Up-to-date symlink: /home/mjlinux/Downloads/book_ros2_wrs/install/pal_gazebo_worlds/share/pal_gazebo_worlds/models/aruco_marker_6cm_582/model.config
[0.185s] -- Up-to-date symlink: /home/mjlinux/Downloads/book_ros2_wrs/install/pal_gazebo_worlds/share/pal_gazebo_worlds/models/aruco_marker_6cm_63/aruco_marker_6cm.sdf
[0.186s] -- Up-to-date symlink: /home/mjlinux/Downloads/book_ros2_wrs/install/pal_gazebo_worlds/share/pal_gazebo_worlds/models/aruco_marker_6cm_63/material/scripts/aruco_marker_original.material
[0.192s] -- Up-to-date symlink: /home/mjlinux/Downloads/book_ros2_wrs/install/pal_gazebo_worlds/share/pal_gazebo_worlds/models/aruco_marker_6cm_63/material/textures/Aruco_6cm_63.png
[0.192s] -- Up-to-date symlink: /home/mjlinux/Downloads/book_ros2_wrs/install/pal_gazebo_worlds/share/pal_gazebo_worlds/models/aruco_marker_6cm_63/model.config
[0.192s] -- Up-to-date symlink: /home/mjlinux/Downloads/book_ros2_wrs/install/pal_gazebo_worlds/share/pal_gazebo_worlds/models/aruco_marker_9cm_238/aruco_marker_9cm.sdf
[0.192s] -- Up-to-date symlink: /home/mjlinux/Downloads/book_ros2_wrs/install/pal_gazebo_worlds/share/pal_gazebo_worlds/models/aruco_marker_9cm_238/material/scripts/aruco_marker_original.material
[0.192s] -- Up-to-date symlink: /home/mjlinux/Downloads/book_ros2_wrs/install/pal_gazebo_worlds/share/pal_gazebo_worlds/models/aruco_marker_9cm_238/material/textures/Aruco_9cm_238.png
[0.192s] -- Up-to-date symlink: /home/mjlinux/Downloads/book_ros2_wrs/install/pal_gazebo_worlds/share/pal_gazebo_worlds/models/aruco_marker_9cm_238/model.config
[0.192s] -- Up-to-date symlink: /home/mjlinux/Downloads/book_ros2_wrs/install/pal_gazebo_worlds/share/pal_gazebo_worlds/models/aruco_marker_9cm_26/aruco_marker_9cm.sdf
[0.193s] -- Up-to-date symlink: /home/mjlinux/Downloads/book_ros2_wrs/install/pal_gazebo_worlds/share/pal_gazebo_worlds/models/aruco_marker_9cm_26/material/scripts/aruco_marker_original.material
[0.193s] -- Up-to-date symlink: /home/mjlinux/Downloads/book_ros2_wrs/install/pal_gazebo_worlds/share/pal_gazebo_worlds/models/aruco_marker_9cm_26/material/textures/Aruco_9cm_26.png
[0.193s] -- Up-to-date symlink: /home/mjlinux/Downloads/book_ros2_wrs/install/pal_gazebo_worlds/share/pal_gazebo_worlds/models/aruco_marker_9cm_26/model.config
[0.193s] -- Up-to-date symlink: /home/mjlinux/Downloads/book_ros2_wrs/install/pal_gazebo_worlds/share/pal_gazebo_worlds/models/aruco_marker_9cm_582/aruco_marker_9cm.sdf
[0.193s] -- Up-to-date symlink: /home/mjlinux/Downloads/book_ros2_wrs/install/pal_gazebo_worlds/share/pal_gazebo_worlds/models/aruco_marker_9cm_582/material/scripts/aruco_marker_original.material
[0.194s] -- Up-to-date symlink: /home/mjlinux/Downloads/book_ros2_wrs/install/pal_gazebo_worlds/share/pal_gazebo_worlds/models/aruco_marker_9cm_582/material/textures/Aruco_9cm_582.png
[0.195s] -- Up-to-date symlink: /home/mjlinux/Downloads/book_ros2_wrs/install/pal_gazebo_worlds/share/pal_gazebo_worlds/models/aruco_marker_9cm_582/model.config
[0.195s] -- Up-to-date symlink: /home/mjlinux/Downloads/book_ros2_wrs/install/pal_gazebo_worlds/share/pal_gazebo_worlds/models/aruco_marker_9cm_63/aruco_marker_9cm.sdf
[0.196s] -- Up-to-date symlink: /home/mjlinux/Downloads/book_ros2_wrs/install/pal_gazebo_worlds/share/pal_gazebo_worlds/models/aruco_marker_9cm_63/material/scripts/aruco_marker_original.material
[0.197s] -- Up-to-date symlink: /home/mjlinux/Downloads/book_ros2_wrs/install/pal_gazebo_worlds/share/pal_gazebo_worlds/models/aruco_marker_9cm_63/material/textures/Aruco_9cm_63.png
[0.197s] -- Up-to-date symlink: /home/mjlinux/Downloads/book_ros2_wrs/install/pal_gazebo_worlds/share/pal_gazebo_worlds/models/aruco_marker_9cm_63/model.config
[0.198s] -- Up-to-date symlink: /home/mjlinux/Downloads/book_ros2_wrs/install/pal_gazebo_worlds/share/pal_gazebo_worlds/models/aruco_marker_original_238/aruco_marker_original.sdf
[0.199s] -- Up-to-date symlink: /home/mjlinux/Downloads/book_ros2_wrs/install/pal_gazebo_worlds/share/pal_gazebo_worlds/models/aruco_marker_original_238/material/scripts/aruco_marker_original.material
[0.200s] -- Up-to-date symlink: /home/mjlinux/Downloads/book_ros2_wrs/install/pal_gazebo_worlds/share/pal_gazebo_worlds/models/aruco_marker_original_238/material/textures/Aruco_original_238.png
[0.200s] -- Up-to-date symlink: /home/mjlinux/Downloads/book_ros2_wrs/install/pal_gazebo_worlds/share/pal_gazebo_worlds/models/aruco_marker_original_238/model.config
[0.200s] -- Up-to-date symlink: /home/mjlinux/Downloads/book_ros2_wrs/install/pal_gazebo_worlds/share/pal_gazebo_worlds/models/aruco_marker_original_26/aruco_marker_original.sdf
[0.200s] -- Up-to-date symlink: /home/mjlinux/Downloads/book_ros2_wrs/install/pal_gazebo_worlds/share/pal_gazebo_worlds/models/aruco_marker_original_26/material/scripts/aruco_marker_original.material
[0.202s] -- Up-to-date symlink: /home/mjlinux/Downloads/book_ros2_wrs/install/pal_gazebo_worlds/share/pal_gazebo_worlds/models/aruco_marker_original_26/material/textures/Aruco_original_26.png
[0.202s] -- Up-to-date symlink: /home/mjlinux/Downloads/book_ros2_wrs/install/pal_gazebo_worlds/share/pal_gazebo_worlds/models/aruco_marker_original_26/model.config
[0.203s] -- Up-to-date symlink: /home/mjlinux/Downloads/book_ros2_wrs/install/pal_gazebo_worlds/share/pal_gazebo_worlds/models/aruco_marker_original_582/aruco_marker_original.sdf
[0.203s] -- Up-to-date symlink: /home/mjlinux/Downloads/book_ros2_wrs/install/pal_gazebo_worlds/share/pal_gazebo_worlds/models/aruco_marker_original_582/material/scripts/aruco_marker_original.material
[0.203s] -- Up-to-date symlink: /home/mjlinux/Downloads/book_ros2_wrs/install/pal_gazebo_worlds/share/pal_gazebo_worlds/models/aruco_marker_original_582/material/textures/Aruco_original_582.png
[0.204s] -- Up-to-date symlink: /home/mjlinux/Downloads/book_ros2_wrs/install/pal_gazebo_worlds/share/pal_gazebo_worlds/models/aruco_marker_original_582/model.config
[0.204s] -- Up-to-date symlink: /home/mjlinux/Downloads/book_ros2_wrs/install/pal_gazebo_worlds/share/pal_gazebo_worlds/models/aruco_marker_original_63/aruco_marker_original.sdf
[0.204s] -- Up-to-date symlink: /home/mjlinux/Downloads/book_ros2_wrs/install/pal_gazebo_worlds/share/pal_gazebo_worlds/models/aruco_marker_original_63/material/scripts/aruco_marker_original.material
[0.205s] -- Up-to-date symlink: /home/mjlinux/Downloads/book_ros2_wrs/install/pal_gazebo_worlds/share/pal_gazebo_worlds/models/aruco_marker_original_63/material/textures/Aruco_original_63.png
[0.206s] -- Up-to-date symlink: /home/mjlinux/Downloads/book_ros2_wrs/install/pal_gazebo_worlds/share/pal_gazebo_worlds/models/aruco_marker_original_63/model.config
[0.206s] -- Up-to-date symlink: /home/mjlinux/Downloads/book_ros2_wrs/install/pal_gazebo_worlds/share/pal_gazebo_worlds/models/bauman/README
[0.207s] -- Up-to-date symlink: /home/mjlinux/Downloads/book_ros2_wrs/install/pal_gazebo_worlds/share/pal_gazebo_worlds/models/bauman/bauman_walls.png
[0.216s] -- Up-to-date symlink: /home/mjlinux/Downloads/book_ros2_wrs/install/pal_gazebo_worlds/share/pal_gazebo_worlds/models/bauman/model.config
[0.216s] -- Up-to-date symlink: /home/mjlinux/Downloads/book_ros2_wrs/install/pal_gazebo_worlds/share/pal_gazebo_worlds/models/bauman/model.sdf
[0.216s] -- Up-to-date symlink: /home/mjlinux/Downloads/book_ros2_wrs/install/pal_gazebo_worlds/share/pal_gazebo_worlds/models/bench/bench.sdf
[0.217s] -- Up-to-date symlink: /home/mjlinux/Downloads/book_ros2_wrs/install/pal_gazebo_worlds/share/pal_gazebo_worlds/models/bench/meshes/bench.stl
[0.217s] -- Up-to-date symlink: /home/mjlinux/Downloads/book_ros2_wrs/install/pal_gazebo_worlds/share/pal_gazebo_worlds/models/bench/model.config
[0.217s] -- Up-to-date symlink: /home/mjlinux/Downloads/book_ros2_wrs/install/pal_gazebo_worlds/share/pal_gazebo_worlds/models/bifrutas_tropical_can/bifrutas_tropical_can.sdf
[0.218s] -- Up-to-date symlink: /home/mjlinux/Downloads/book_ros2_wrs/install/pal_gazebo_worlds/share/pal_gazebo_worlds/models/bifrutas_tropical_can/material/scripts/bifrutas_tropical_can.material
[0.219s] -- Up-to-date symlink: /home/mjlinux/Downloads/book_ros2_wrs/install/pal_gazebo_worlds/share/pal_gazebo_worlds/models/bifrutas_tropical_can/material/textures/bifrutas_tropical_can.jpg
[0.219s] -- Up-to-date symlink: /home/mjlinux/Downloads/book_ros2_wrs/install/pal_gazebo_worlds/share/pal_gazebo_worlds/models/bifrutas_tropical_can/model.config
[0.220s] -- Up-to-date symlink: /home/mjlinux/Downloads/book_ros2_wrs/install/pal_gazebo_worlds/share/pal_gazebo_worlds/models/biscuits_pack/biscuits_pack.sdf
[0.220s] -- Up-to-date symlink: /home/mjlinux/Downloads/book_ros2_wrs/install/pal_gazebo_worlds/share/pal_gazebo_worlds/models/biscuits_pack/material/scripts/pringles.material
[0.221s] -- Up-to-date symlink: /home/mjlinux/Downloads/book_ros2_wrs/install/pal_gazebo_worlds/share/pal_gazebo_worlds/models/biscuits_pack/material/textures/biscuits_pack.jpg
[0.221s] -- Up-to-date symlink: /home/mjlinux/Downloads/book_ros2_wrs/install/pal_gazebo_worlds/share/pal_gazebo_worlds/models/biscuits_pack/model.config
[0.222s] -- Up-to-date symlink: /home/mjlinux/Downloads/book_ros2_wrs/install/pal_gazebo_worlds/share/pal_gazebo_worlds/models/box_with_handles/box_with_handles.sdf
[0.222s] -- Up-to-date symlink: /home/mjlinux/Downloads/book_ros2_wrs/install/pal_gazebo_worlds/share/pal_gazebo_worlds/models/box_with_handles/material/scripts/aruco_marker_original.material
[0.223s] -- Up-to-date symlink: /home/mjlinux/Downloads/book_ros2_wrs/install/pal_gazebo_worlds/share/pal_gazebo_worlds/models/box_with_handles/material/textures/Aruco_original_582.png
[0.223s] -- Up-to-date symlink: /home/mjlinux/Downloads/book_ros2_wrs/install/pal_gazebo_worlds/share/pal_gazebo_worlds/models/box_with_handles/model.config
[0.223s] -- Up-to-date symlink: /home/mjlinux/Downloads/book_ros2_wrs/install/pal_gazebo_worlds/share/pal_gazebo_worlds/models/brick_box_3x1x3/materials/scripts/brick_box.material
[0.224s] -- Up-to-date symlink: /home/mjlinux/Downloads/book_ros2_wrs/install/pal_gazebo_worlds/share/pal_gazebo_worlds/models/brick_box_3x1x3/materials/textures/simple_box.png
[0.224s] -- Up-to-date symlink: /home/mjlinux/Downloads/book_ros2_wrs/install/pal_gazebo_worlds/share/pal_gazebo_worlds/models/brick_box_3x1x3/meshes/simple_box.dae
[0.225s] -- Up-to-date symlink: /home/mjlinux/Downloads/book_ros2_wrs/install/pal_gazebo_worlds/share/pal_gazebo_worlds/models/brick_box_3x1x3/model-1_3.sdf
[0.225s] -- Up-to-date symlink: /home/mjlinux/Downloads/book_ros2_wrs/install/pal_gazebo_worlds/share/pal_gazebo_worlds/models/brick_box_3x1x3/model-1_4.sdf
[0.226s] -- Up-to-date symlink: /home/mjlinux/Downloads/book_ros2_wrs/install/pal_gazebo_worlds/share/pal_gazebo_worlds/models/brick_box_3x1x3/model.config
[0.226s] -- Up-to-date symlink: /home/mjlinux/Downloads/book_ros2_wrs/install/pal_gazebo_worlds/share/pal_gazebo_worlds/models/brick_box_3x1x3/model.sdf
[0.227s] -- Up-to-date symlink: /home/mjlinux/Downloads/book_ros2_wrs/install/pal_gazebo_worlds/share/pal_gazebo_worlds/models/citizen_extras_female_02/images/_01_-_Default1noCulling.JPG
[0.227s] -- Up-to-date symlink: /home/mjlinux/Downloads/book_ros2_wrs/install/pal_gazebo_worlds/share/pal_gazebo_worlds/models/citizen_extras_female_02/images/_02_-_Default1noCulling.JPG
[0.228s] -- Up-to-date symlink: /home/mjlinux/Downloads/book_ros2_wrs/install/pal_gazebo_worlds/share/pal_gazebo_worlds/models/citizen_extras_female_02/images/_03_-_Default1noCulling.JPG
[0.228s] -- Up-to-date symlink: /home/mjlinux/Downloads/book_ros2_wrs/install/pal_gazebo_worlds/share/pal_gazebo_worlds/models/citizen_extras_female_02/meshes/mesh.dae
[0.229s] -- Up-to-date symlink: /home/mjlinux/Downloads/book_ros2_wrs/install/pal_gazebo_worlds/share/pal_gazebo_worlds/models/citizen_extras_female_02/model.config
[0.229s] -- Up-to-date symlink: /home/mjlinux/Downloads/book_ros2_wrs/install/pal_gazebo_worlds/share/pal_gazebo_worlds/models/citizen_extras_female_02/model.sdf
[0.230s] -- Up-to-date symlink: /home/mjlinux/Downloads/book_ros2_wrs/install/pal_gazebo_worlds/share/pal_gazebo_worlds/models/citizen_extras_female_03/images/Material__1noCulling.JPG
[0.230s] -- Up-to-date symlink: /home/mjlinux/Downloads/book_ros2_wrs/install/pal_gazebo_worlds/share/pal_gazebo_worlds/models/citizen_extras_female_03/images/Material__2noCulling.JPG
[0.231s] -- Up-to-date symlink: /home/mjlinux/Downloads/book_ros2_wrs/install/pal_gazebo_worlds/share/pal_gazebo_worlds/models/citizen_extras_female_03/images/_03_-_Default1noCulling.JPG
[0.231s] -- Up-to-date symlink: /home/mjlinux/Downloads/book_ros2_wrs/install/pal_gazebo_worlds/share/pal_gazebo_worlds/models/citizen_extras_female_03/meshes/mesh.dae
[0.231s] -- Up-to-date symlink: /home/mjlinux/Downloads/book_ros2_wrs/install/pal_gazebo_worlds/share/pal_gazebo_worlds/models/citizen_extras_female_03/model.config
[0.231s] -- Up-to-date symlink: /home/mjlinux/Downloads/book_ros2_wrs/install/pal_gazebo_worlds/share/pal_gazebo_worlds/models/citizen_extras_female_03/model.sdf
[0.232s] -- Up-to-date symlink: /home/mjlinux/Downloads/book_ros2_wrs/install/pal_gazebo_worlds/share/pal_gazebo_worlds/models/citizen_extras_male_03/images/Material__1noCulling.JPG
[0.232s] -- Up-to-date symlink: /home/mjlinux/Downloads/book_ros2_wrs/install/pal_gazebo_worlds/share/pal_gazebo_worlds/models/citizen_extras_male_03/images/hair1noCulling.JPG
[0.232s] -- Up-to-date symlink: /home/mjlinux/Downloads/book_ros2_wrs/install/pal_gazebo_worlds/share/pal_gazebo_worlds/models/citizen_extras_male_03/images/hrad1noCulling.JPG
[0.233s] -- Up-to-date symlink: /home/mjlinux/Downloads/book_ros2_wrs/install/pal_gazebo_worlds/share/pal_gazebo_worlds/models/citizen_extras_male_03/meshes/mesh.dae
[0.234s] -- Up-to-date symlink: /home/mjlinux/Downloads/book_ros2_wrs/install/pal_gazebo_worlds/share/pal_gazebo_worlds/models/citizen_extras_male_03/model.config
[0.234s] -- Up-to-date symlink: /home/mjlinux/Downloads/book_ros2_wrs/install/pal_gazebo_worlds/share/pal_gazebo_worlds/models/citizen_extras_male_03/model.sdf
[0.235s] -- Up-to-date symlink: /home/mjlinux/Downloads/book_ros2_wrs/install/pal_gazebo_worlds/share/pal_gazebo_worlds/models/closet/closet.sdf
[0.235s] -- Up-to-date symlink: /home/mjlinux/Downloads/book_ros2_wrs/install/pal_gazebo_worlds/share/pal_gazebo_worlds/models/closet/meshes/closet.stl
[0.235s] -- Up-to-date symlink: /home/mjlinux/Downloads/book_ros2_wrs/install/pal_gazebo_worlds/share/pal_gazebo_worlds/models/closet/model.config
[0.236s] -- Up-to-date symlink: /home/mjlinux/Downloads/book_ros2_wrs/install/pal_gazebo_worlds/share/pal_gazebo_worlds/models/cocacola/cocacola.sdf
[0.236s] -- Up-to-date symlink: /home/mjlinux/Downloads/book_ros2_wrs/install/pal_gazebo_worlds/share/pal_gazebo_worlds/models/cocacola/material/scripts/cocacola.material
[0.237s] -- Up-to-date symlink: /home/mjlinux/Downloads/book_ros2_wrs/install/pal_gazebo_worlds/share/pal_gazebo_worlds/models/cocacola/material/textures/cocacola.jpg
[0.237s] -- Up-to-date symlink: /home/mjlinux/Downloads/book_ros2_wrs/install/pal_gazebo_worlds/share/pal_gazebo_worlds/models/cocacola/model.config
[0.237s] -- Up-to-date symlink: /home/mjlinux/Downloads/book_ros2_wrs/install/pal_gazebo_worlds/share/pal_gazebo_worlds/models/coke_can_slim/coke_can_slim.sdf
[0.238s] -- Up-to-date symlink: /home/mjlinux/Downloads/book_ros2_wrs/install/pal_gazebo_worlds/share/pal_gazebo_worlds/models/coke_can_slim/material/scripts/coke_can_slim.material
[0.239s] -- Up-to-date symlink: /home/mjlinux/Downloads/book_ros2_wrs/install/pal_gazebo_worlds/share/pal_gazebo_worlds/models/coke_can_slim/material/textures/coke_can_slim.jpg
[0.239s] -- Up-to-date symlink: /home/mjlinux/Downloads/book_ros2_wrs/install/pal_gazebo_worlds/share/pal_gazebo_worlds/models/coke_can_slim/model.config
[0.239s] -- Up-to-date symlink: /home/mjlinux/Downloads/book_ros2_wrs/install/pal_gazebo_worlds/share/pal_gazebo_worlds/models/database.config
[0.240s] -- Up-to-date symlink: /home/mjlinux/Downloads/book_ros2_wrs/install/pal_gazebo_worlds/share/pal_gazebo_worlds/models/dining_chair/dining_chair.sdf
[0.240s] -- Up-to-date symlink: /home/mjlinux/Downloads/book_ros2_wrs/install/pal_gazebo_worlds/share/pal_gazebo_worlds/models/dining_chair/meshes/dining_chair.stl
[0.241s] -- Up-to-date symlink: /home/mjlinux/Downloads/book_ros2_wrs/install/pal_gazebo_worlds/share/pal_gazebo_worlds/models/dining_chair/model.config
[0.241s] -- Up-to-date symlink: /home/mjlinux/Downloads/book_ros2_wrs/install/pal_gazebo_worlds/share/pal_gazebo_worlds/models/dock1/dock1.sdf
[0.241s] -- Up-to-date symlink: /home/mjlinux/Downloads/book_ros2_wrs/install/pal_gazebo_worlds/share/pal_gazebo_worlds/models/dock1/meshes/dock1.dae
[0.242s] -- Up-to-date symlink: /home/mjlinux/Downloads/book_ros2_wrs/install/pal_gazebo_worlds/share/pal_gazebo_worlds/models/dock1/model.config
[0.242s] -- Up-to-date symlink: /home/mjlinux/Downloads/book_ros2_wrs/install/pal_gazebo_worlds/share/pal_gazebo_worlds/models/door_obstacle/door_obstacle.sdf
[0.242s] -- Up-to-date symlink: /home/mjlinux/Downloads/book_ros2_wrs/install/pal_gazebo_worlds/share/pal_gazebo_worlds/models/door_obstacle/model.config
[0.243s] -- Up-to-date symlink: /home/mjlinux/Downloads/book_ros2_wrs/install/pal_gazebo_worlds/share/pal_gazebo_worlds/models/floor_lamp/floor_lamp.sdf
[0.243s] -- Up-to-date symlink: /home/mjlinux/Downloads/book_ros2_wrs/install/pal_gazebo_worlds/share/pal_gazebo_worlds/models/floor_lamp/meshes/floor_lamp.stl
[0.243s] -- Up-to-date symlink: /home/mjlinux/Downloads/book_ros2_wrs/install/pal_gazebo_worlds/share/pal_gazebo_worlds/models/floor_lamp/model.config
[0.244s] -- Up-to-date symlink: /home/mjlinux/Downloads/book_ros2_wrs/install/pal_gazebo_worlds/share/pal_gazebo_worlds/models/goetz_sofa/goetz_sofa.sdf
[0.244s] -- Up-to-date symlink: /home/mjlinux/Downloads/book_ros2_wrs/install/pal_gazebo_worlds/share/pal_gazebo_worlds/models/goetz_sofa/materials/textures/texture0.jpg
[0.245s] -- Up-to-date symlink: /home/mjlinux/Downloads/book_ros2_wrs/install/pal_gazebo_worlds/share/pal_gazebo_worlds/models/goetz_sofa/meshes/goetz_sofa.dae
[0.246s] -- Up-to-date symlink: /home/mjlinux/Downloads/book_ros2_wrs/install/pal_gazebo_worlds/share/pal_gazebo_worlds/models/goetz_sofa/model.config
[0.246s] -- Up-to-date symlink: /home/mjlinux/Downloads/book_ros2_wrs/install/pal_gazebo_worlds/share/pal_gazebo_worlds/models/green_ball/materials/scripts/ball.material
[0.246s] -- Up-to-date symlink: /home/mjlinux/Downloads/book_ros2_wrs/install/pal_gazebo_worlds/share/pal_gazebo_worlds/models/green_ball/model.config
[0.247s] -- Up-to-date symlink: /home/mjlinux/Downloads/book_ros2_wrs/install/pal_gazebo_worlds/share/pal_gazebo_worlds/models/green_ball/model.sdf
[0.247s] -- Up-to-date symlink: /home/mjlinux/Downloads/book_ros2_wrs/install/pal_gazebo_worlds/share/pal_gazebo_worlds/models/green_cube/green_cube.sdf
[0.247s] -- Up-to-date symlink: /home/mjlinux/Downloads/book_ros2_wrs/install/pal_gazebo_worlds/share/pal_gazebo_worlds/models/green_cube/model.config
[0.248s] -- Up-to-date symlink: /home/mjlinux/Downloads/book_ros2_wrs/install/pal_gazebo_worlds/share/pal_gazebo_worlds/models/green_rectangle/green_rectangle.sdf
[0.248s] -- Up-to-date symlink: /home/mjlinux/Downloads/book_ros2_wrs/install/pal_gazebo_worlds/share/pal_gazebo_worlds/models/green_rectangle/model.config
[0.248s] -- Up-to-date symlink: /home/mjlinux/Downloads/book_ros2_wrs/install/pal_gazebo_worlds/share/pal_gazebo_worlds/models/ground_plane/model-1_2.sdf
[0.249s] -- Up-to-date symlink: /home/mjlinux/Downloads/book_ros2_wrs/install/pal_gazebo_worlds/share/pal_gazebo_worlds/models/ground_plane/model-1_3.sdf
[0.249s] -- Up-to-date symlink: /home/mjlinux/Downloads/book_ros2_wrs/install/pal_gazebo_worlds/share/pal_gazebo_worlds/models/ground_plane/model-1_4.sdf
[0.250s] -- Up-to-date symlink: /home/mjlinux/Downloads/book_ros2_wrs/install/pal_gazebo_worlds/share/pal_gazebo_worlds/models/ground_plane/model.config
[0.250s] -- Up-to-date symlink: /home/mjlinux/Downloads/book_ros2_wrs/install/pal_gazebo_worlds/share/pal_gazebo_worlds/models/ground_plane/model.sdf
[0.251s] -- Up-to-date symlink: /home/mjlinux/Downloads/book_ros2_wrs/install/pal_gazebo_worlds/share/pal_gazebo_worlds/models/hospital_flat_map/hospital_flat_map.sdf
[0.251s] -- Up-to-date symlink: /home/mjlinux/Downloads/book_ros2_wrs/install/pal_gazebo_worlds/share/pal_gazebo_worlds/models/hospital_flat_map/meshes/hospital_flat_map.stl
[0.252s] -- Up-to-date symlink: /home/mjlinux/Downloads/book_ros2_wrs/install/pal_gazebo_worlds/share/pal_gazebo_worlds/models/hospital_flat_map/model.config
[0.252s] -- Up-to-date symlink: /home/mjlinux/Downloads/book_ros2_wrs/install/pal_gazebo_worlds/share/pal_gazebo_worlds/models/hospital_map/hospital_map.sdf
[0.253s] -- Up-to-date symlink: /home/mjlinux/Downloads/book_ros2_wrs/install/pal_gazebo_worlds/share/pal_gazebo_worlds/models/hospital_map/meshes/g1.stl
[0.254s] -- Up-to-date symlink: /home/mjlinux/Downloads/book_ros2_wrs/install/pal_gazebo_worlds/share/pal_gazebo_worlds/models/hospital_map/meshes/g2.stl
[0.254s] -- Up-to-date symlink: /home/mjlinux/Downloads/book_ros2_wrs/install/pal_gazebo_worlds/share/pal_gazebo_worlds/models/hospital_map/meshes/g3.stl
[0.254s] -- Up-to-date symlink: /home/mjlinux/Downloads/book_ros2_wrs/install/pal_gazebo_worlds/share/pal_gazebo_worlds/models/hospital_map/meshes/g4.stl
[0.255s] -- Up-to-date symlink: /home/mjlinux/Downloads/book_ros2_wrs/install/pal_gazebo_worlds/share/pal_gazebo_worlds/models/hospital_map/meshes/g5.stl
[0.255s] -- Up-to-date symlink: /home/mjlinux/Downloads/book_ros2_wrs/install/pal_gazebo_worlds/share/pal_gazebo_worlds/models/hospital_map/meshes/g6.stl
[0.255s] -- Up-to-date symlink: /home/mjlinux/Downloads/book_ros2_wrs/install/pal_gazebo_worlds/share/pal_gazebo_worlds/models/hospital_map/meshes/g7.stl
[0.255s] -- Up-to-date symlink: /home/mjlinux/Downloads/book_ros2_wrs/install/pal_gazebo_worlds/share/pal_gazebo_worlds/models/hospital_map/meshes/gr1.stl
[0.256s] -- Up-to-date symlink: /home/mjlinux/Downloads/book_ros2_wrs/install/pal_gazebo_worlds/share/pal_gazebo_worlds/models/hospital_map/meshes/gr2.stl
[0.256s] -- Up-to-date symlink: /home/mjlinux/Downloads/book_ros2_wrs/install/pal_gazebo_worlds/share/pal_gazebo_worlds/models/hospital_map/meshes/gr3.stl
[0.256s] -- Up-to-date symlink: /home/mjlinux/Downloads/book_ros2_wrs/install/pal_gazebo_worlds/share/pal_gazebo_worlds/models/hospital_map/meshes/gr4.stl
[0.257s] -- Up-to-date symlink: /home/mjlinux/Downloads/book_ros2_wrs/install/pal_gazebo_worlds/share/pal_gazebo_worlds/models/hospital_map/meshes/gr5.stl
[0.257s] -- Up-to-date symlink: /home/mjlinux/Downloads/book_ros2_wrs/install/pal_gazebo_worlds/share/pal_gazebo_worlds/models/hospital_map/meshes/gr6.stl
[0.257s] -- Up-to-date symlink: /home/mjlinux/Downloads/book_ros2_wrs/install/pal_gazebo_worlds/share/pal_gazebo_worlds/models/hospital_map/meshes/hospital_map.stl
[0.258s] -- Up-to-date symlink: /home/mjlinux/Downloads/book_ros2_wrs/install/pal_gazebo_worlds/share/pal_gazebo_worlds/models/hospital_map/meshes/w1.stl
[0.258s] -- Up-to-date symlink: /home/mjlinux/Downloads/book_ros2_wrs/install/pal_gazebo_worlds/share/pal_gazebo_worlds/models/hospital_map/meshes/w2.stl
[0.259s] -- Up-to-date symlink: /home/mjlinux/Downloads/book_ros2_wrs/install/pal_gazebo_worlds/share/pal_gazebo_worlds/models/hospital_map/meshes/w3.stl
[0.260s] -- Up-to-date symlink: /home/mjlinux/Downloads/book_ros2_wrs/install/pal_gazebo_worlds/share/pal_gazebo_worlds/models/hospital_map/meshes/w4.stl
[0.260s] -- Up-to-date symlink: /home/mjlinux/Downloads/book_ros2_wrs/install/pal_gazebo_worlds/share/pal_gazebo_worlds/models/hospital_map/meshes/w5.stl
[0.260s] -- Up-to-date symlink: /home/mjlinux/Downloads/book_ros2_wrs/install/pal_gazebo_worlds/share/pal_gazebo_worlds/models/hospital_map/meshes/w6.stl
[0.260s] -- Up-to-date symlink: /home/mjlinux/Downloads/book_ros2_wrs/install/pal_gazebo_worlds/share/pal_gazebo_worlds/models/hospital_map/meshes/w7.stl
[0.261s] -- Up-to-date symlink: /home/mjlinux/Downloads/book_ros2_wrs/install/pal_gazebo_worlds/share/pal_gazebo_worlds/models/hospital_map/meshes/wr1.stl
[0.261s] -- Up-to-date symlink: /home/mjlinux/Downloads/book_ros2_wrs/install/pal_gazebo_worlds/share/pal_gazebo_worlds/models/hospital_map/meshes/wr2.stl
[0.262s] -- Up-to-date symlink: /home/mjlinux/Downloads/book_ros2_wrs/install/pal_gazebo_worlds/share/pal_gazebo_worlds/models/hospital_map/meshes/wr3.stl
[0.262s] -- Up-to-date symlink: /home/mjlinux/Downloads/book_ros2_wrs/install/pal_gazebo_worlds/share/pal_gazebo_worlds/models/hospital_map/meshes/wr4.stl
[0.263s] -- Up-to-date symlink: /home/mjlinux/Downloads/book_ros2_wrs/install/pal_gazebo_worlds/share/pal_gazebo_worlds/models/hospital_map/meshes/wr5.stl
[0.263s] -- Up-to-date symlink: /home/mjlinux/Downloads/book_ros2_wrs/install/pal_gazebo_worlds/share/pal_gazebo_worlds/models/hospital_map/meshes/wr6.stl
[0.263s] -- Up-to-date symlink: /home/mjlinux/Downloads/book_ros2_wrs/install/pal_gazebo_worlds/share/pal_gazebo_worlds/models/hospital_map/model.config
[0.264s] -- Up-to-date symlink: /home/mjlinux/Downloads/book_ros2_wrs/install/pal_gazebo_worlds/share/pal_gazebo_worlds/models/ideal_sun/model.config
[0.265s] -- Up-to-date symlink: /home/mjlinux/Downloads/book_ros2_wrs/install/pal_gazebo_worlds/share/pal_gazebo_worlds/models/ideal_sun/model.sdf
[0.266s] -- Up-to-date symlink: /home/mjlinux/Downloads/book_ros2_wrs/install/pal_gazebo_worlds/share/pal_gazebo_worlds/models/ikea_ektorp_chair/meshes/IKE06001.JPG
[0.267s] -- Up-to-date symlink: /home/mjlinux/Downloads/book_ros2_wrs/install/pal_gazebo_worlds/share/pal_gazebo_worlds/models/ikea_ektorp_chair/meshes/mesh.dae
[0.267s] -- Up-to-date symlink: /home/mjlinux/Downloads/book_ros2_wrs/install/pal_gazebo_worlds/share/pal_gazebo_worlds/models/ikea_ektorp_chair/model.config
[0.268s] -- Up-to-date symlink: /home/mjlinux/Downloads/book_ros2_wrs/install/pal_gazebo_worlds/share/pal_gazebo_worlds/models/ikea_ektorp_chair/model.sdf
[0.268s] -- Up-to-date symlink: /home/mjlinux/Downloads/book_ros2_wrs/install/pal_gazebo_worlds/share/pal_gazebo_worlds/models/ikea_folke_chair/meshes/mesh.dae
[0.269s] -- Up-to-date symlink: /home/mjlinux/Downloads/book_ros2_wrs/install/pal_gazebo_worlds/share/pal_gazebo_worlds/models/ikea_folke_chair/meshes/notexture.png
[0.269s] -- Up-to-date symlink: /home/mjlinux/Downloads/book_ros2_wrs/install/pal_gazebo_worlds/share/pal_gazebo_worlds/models/ikea_folke_chair/meshes/texture.png
[0.270s] -- Up-to-date symlink: /home/mjlinux/Downloads/book_ros2_wrs/install/pal_gazebo_worlds/share/pal_gazebo_worlds/models/ikea_folke_chair/model.config
[0.270s] -- Up-to-date symlink: /home/mjlinux/Downloads/book_ros2_wrs/install/pal_gazebo_worlds/share/pal_gazebo_worlds/models/ikea_folke_chair/model.sdf
[0.272s] -- Up-to-date symlink: /home/mjlinux/Downloads/book_ros2_wrs/install/pal_gazebo_worlds/share/pal_gazebo_worlds/models/ikea_harry_chair/meshes/body.png
[0.272s] -- Up-to-date symlink: /home/mjlinux/Downloads/book_ros2_wrs/install/pal_gazebo_worlds/share/pal_gazebo_worlds/models/ikea_harry_chair/meshes/legs.png
[0.273s] -- Up-to-date symlink: /home/mjlinux/Downloads/book_ros2_wrs/install/pal_gazebo_worlds/share/pal_gazebo_worlds/models/ikea_harry_chair/meshes/mesh.dae
[0.273s] -- Up-to-date symlink: /home/mjlinux/Downloads/book_ros2_wrs/install/pal_gazebo_worlds/share/pal_gazebo_worlds/models/ikea_harry_chair/model.config
[0.274s] -- Up-to-date symlink: /home/mjlinux/Downloads/book_ros2_wrs/install/pal_gazebo_worlds/share/pal_gazebo_worlds/models/ikea_harry_chair/model.sdf
[0.275s] -- Up-to-date symlink: /home/mjlinux/Downloads/book_ros2_wrs/install/pal_gazebo_worlds/share/pal_gazebo_worlds/models/ikea_stefan_chair/meshes/mesh.dae
[0.275s] -- Up-to-date symlink: /home/mjlinux/Downloads/book_ros2_wrs/install/pal_gazebo_worlds/share/pal_gazebo_worlds/models/ikea_stefan_chair/model.config
[0.275s] -- Up-to-date symlink: /home/mjlinux/Downloads/book_ros2_wrs/install/pal_gazebo_worlds/share/pal_gazebo_worlds/models/ikea_stefan_chair/model.sdf
[0.276s] -- Up-to-date symlink: /home/mjlinux/Downloads/book_ros2_wrs/install/pal_gazebo_worlds/share/pal_gazebo_worlds/models/ikea_urban_chair/meshes/mesh.dae
[0.277s] -- Up-to-date symlink: /home/mjlinux/Downloads/book_ros2_wrs/install/pal_gazebo_worlds/share/pal_gazebo_worlds/models/ikea_urban_chair/meshes/notexture.png
[0.277s] -- Up-to-date symlink: /home/mjlinux/Downloads/book_ros2_wrs/install/pal_gazebo_worlds/share/pal_gazebo_worlds/models/ikea_urban_chair/model.config
[0.278s] -- Up-to-date symlink: /home/mjlinux/Downloads/book_ros2_wrs/install/pal_gazebo_worlds/share/pal_gazebo_worlds/models/ikea_urban_chair/model.sdf
[0.279s] -- Up-to-date symlink: /home/mjlinux/Downloads/book_ros2_wrs/install/pal_gazebo_worlds/share/pal_gazebo_worlds/models/kitchen_chair/kitchen_chair.sdf
[0.280s] -- Up-to-date symlink: /home/mjlinux/Downloads/book_ros2_wrs/install/pal_gazebo_worlds/share/pal_gazebo_worlds/models/kitchen_chair/meshes/kitchen_chair.stl
[0.280s] -- Up-to-date symlink: /home/mjlinux/Downloads/book_ros2_wrs/install/pal_gazebo_worlds/share/pal_gazebo_worlds/models/kitchen_chair/model.config
[0.281s] -- Up-to-date symlink: /home/mjlinux/Downloads/book_ros2_wrs/install/pal_gazebo_worlds/share/pal_gazebo_worlds/models/kitchen_table/kitchen_table.sdf
[0.281s] -- Up-to-date symlink: /home/mjlinux/Downloads/book_ros2_wrs/install/pal_gazebo_worlds/share/pal_gazebo_worlds/models/kitchen_table/meshes/kitchen_table.stl
[0.282s] -- Up-to-date symlink: /home/mjlinux/Downloads/book_ros2_wrs/install/pal_gazebo_worlds/share/pal_gazebo_worlds/models/kitchen_table/model.config
[0.282s] -- Up-to-date symlink: /home/mjlinux/Downloads/book_ros2_wrs/install/pal_gazebo_worlds/share/pal_gazebo_worlds/models/lamp/lamp.sdf
[0.283s] -- Up-to-date symlink: /home/mjlinux/Downloads/book_ros2_wrs/install/pal_gazebo_worlds/share/pal_gazebo_worlds/models/lamp/meshes/lamp.stl
[0.284s] -- Up-to-date symlink: /home/mjlinux/Downloads/book_ros2_wrs/install/pal_gazebo_worlds/share/pal_gazebo_worlds/models/lamp/model.config
[0.284s] -- Up-to-date symlink: /home/mjlinux/Downloads/book_ros2_wrs/install/pal_gazebo_worlds/share/pal_gazebo_worlds/models/macrolink_small_table/model.config
[0.285s] -- Up-to-date symlink: /home/mjlinux/Downloads/book_ros2_wrs/install/pal_gazebo_worlds/share/pal_gazebo_worlds/models/macrolink_small_table/table.sdf
[0.287s] -- Up-to-date symlink: /home/mjlinux/Downloads/book_ros2_wrs/install/pal_gazebo_worlds/share/pal_gazebo_worlds/models/macrolink_table/model.config
[0.287s] -- Up-to-date symlink: /home/mjlinux/Downloads/book_ros2_wrs/install/pal_gazebo_worlds/share/pal_gazebo_worlds/models/macrolink_table/table.sdf
[0.288s] -- Up-to-date symlink: /home/mjlinux/Downloads/book_ros2_wrs/install/pal_gazebo_worlds/share/pal_gazebo_worlds/models/marker26_8cm/marker26_8cm.sdf
[0.293s] -- Up-to-date symlink: /home/mjlinux/Downloads/book_ros2_wrs/install/pal_gazebo_worlds/share/pal_gazebo_worlds/models/marker26_8cm/material/scripts/marker26_8cm.material
[0.293s] -- Up-to-date symlink: /home/mjlinux/Downloads/book_ros2_wrs/install/pal_gazebo_worlds/share/pal_gazebo_worlds/models/marker26_8cm/material/textures/aruco-26_8cm.png
[0.294s] -- Up-to-date symlink: /home/mjlinux/Downloads/book_ros2_wrs/install/pal_gazebo_worlds/share/pal_gazebo_worlds/models/marker26_8cm/model.config
[0.295s] -- Up-to-date symlink: /home/mjlinux/Downloads/book_ros2_wrs/install/pal_gazebo_worlds/share/pal_gazebo_worlds/models/pal_poster/material/scripts/pal_poster.material
[0.295s] -- Up-to-date symlink: /home/mjlinux/Downloads/book_ros2_wrs/install/pal_gazebo_worlds/share/pal_gazebo_worlds/models/pal_poster/material/textures/pal_poster.jpg
[0.296s] -- Up-to-date symlink: /home/mjlinux/Downloads/book_ros2_wrs/install/pal_gazebo_worlds/share/pal_gazebo_worlds/models/pal_poster/model.config
[0.296s] -- Up-to-date symlink: /home/mjlinux/Downloads/book_ros2_wrs/install/pal_gazebo_worlds/share/pal_gazebo_worlds/models/pal_poster/pal_poster.sdf
[0.297s] -- Up-to-date symlink: /home/mjlinux/Downloads/book_ros2_wrs/install/pal_gazebo_worlds/share/pal_gazebo_worlds/models/pal_textured_object/material/scripts/pal_textured_object.material
[0.298s] -- Up-to-date symlink: /home/mjlinux/Downloads/book_ros2_wrs/install/pal_gazebo_worlds/share/pal_gazebo_worlds/models/pal_textured_object/material/textures/pal_textured_object.png
[0.299s] -- Up-to-date symlink: /home/mjlinux/Downloads/book_ros2_wrs/install/pal_gazebo_worlds/share/pal_gazebo_worlds/models/pal_textured_object/model.config
[0.299s] -- Up-to-date symlink: /home/mjlinux/Downloads/book_ros2_wrs/install/pal_gazebo_worlds/share/pal_gazebo_worlds/models/pal_textured_object/pal_textured_object.sdf
[0.306s] -- Up-to-date symlink: /home/mjlinux/Downloads/book_ros2_wrs/install/pal_gazebo_worlds/share/pal_gazebo_worlds/models/pringles/material/scripts/pringles.material
[0.306s] -- Up-to-date symlink: /home/mjlinux/Downloads/book_ros2_wrs/install/pal_gazebo_worlds/share/pal_gazebo_worlds/models/pringles/material/textures/pringles.jpg
[0.307s] -- Up-to-date symlink: /home/mjlinux/Downloads/book_ros2_wrs/install/pal_gazebo_worlds/share/pal_gazebo_worlds/models/pringles/model.config
[0.308s] -- Up-to-date symlink: /home/mjlinux/Downloads/book_ros2_wrs/install/pal_gazebo_worlds/share/pal_gazebo_worlds/models/pringles/pringles.sdf
[0.308s] -- Up-to-date symlink: /home/mjlinux/Downloads/book_ros2_wrs/install/pal_gazebo_worlds/share/pal_gazebo_worlds/models/pringles2/material/scripts/pringles2.material
[0.309s] -- Up-to-date symlink: /home/mjlinux/Downloads/book_ros2_wrs/install/pal_gazebo_worlds/share/pal_gazebo_worlds/models/pringles2/material/textures/pringles2.jpg
[0.310s] -- Up-to-date symlink: /home/mjlinux/Downloads/book_ros2_wrs/install/pal_gazebo_worlds/share/pal_gazebo_worlds/models/pringles2/model.config
[0.310s] -- Up-to-date symlink: /home/mjlinux/Downloads/book_ros2_wrs/install/pal_gazebo_worlds/share/pal_gazebo_worlds/models/pringles2/pringles2.sdf
[0.311s] -- Up-to-date symlink: /home/mjlinux/Downloads/book_ros2_wrs/install/pal_gazebo_worlds/share/pal_gazebo_worlds/models/reemc_bookshelf/bookshelf.sdf
[0.311s] -- Up-to-date symlink: /home/mjlinux/Downloads/book_ros2_wrs/install/pal_gazebo_worlds/share/pal_gazebo_worlds/models/reemc_bookshelf/model.config
[0.312s] -- Up-to-date symlink: /home/mjlinux/Downloads/book_ros2_wrs/install/pal_gazebo_worlds/share/pal_gazebo_worlds/models/reemc_cabinet/cabinet.sdf
[0.312s] -- Up-to-date symlink: /home/mjlinux/Downloads/book_ros2_wrs/install/pal_gazebo_worlds/share/pal_gazebo_worlds/models/reemc_cabinet/model.config
[0.313s] -- Up-to-date symlink: /home/mjlinux/Downloads/book_ros2_wrs/install/pal_gazebo_worlds/share/pal_gazebo_worlds/models/reemc_table/model.config
[0.313s] -- Up-to-date symlink: /home/mjlinux/Downloads/book_ros2_wrs/install/pal_gazebo_worlds/share/pal_gazebo_worlds/models/reemc_table/table.sdf
[0.315s] -- Up-to-date symlink: /home/mjlinux/Downloads/book_ros2_wrs/install/pal_gazebo_worlds/share/pal_gazebo_worlds/models/reemc_textured_object/meshes/mesh.dae
[0.315s] -- Up-to-date symlink: /home/mjlinux/Downloads/book_ros2_wrs/install/pal_gazebo_worlds/share/pal_gazebo_worlds/models/reemc_textured_object/meshes/texture.jpg
[0.323s] -- Up-to-date symlink: /home/mjlinux/Downloads/book_ros2_wrs/install/pal_gazebo_worlds/share/pal_gazebo_worlds/models/reemc_textured_object/model.config
[0.324s] -- Up-to-date symlink: /home/mjlinux/Downloads/book_ros2_wrs/install/pal_gazebo_worlds/share/pal_gazebo_worlds/models/reemc_textured_object/model.sdf
[0.326s] -- Up-to-date symlink: /home/mjlinux/Downloads/book_ros2_wrs/install/pal_gazebo_worlds/share/pal_gazebo_worlds/models/reemc_textured_object_nograv/model.config
[0.326s] -- Up-to-date symlink: /home/mjlinux/Downloads/book_ros2_wrs/install/pal_gazebo_worlds/share/pal_gazebo_worlds/models/reemc_textured_object_nograv/model.sdf
[0.326s] -- Up-to-date symlink: /home/mjlinux/Downloads/book_ros2_wrs/install/pal_gazebo_worlds/share/pal_gazebo_worlds/models/reemc_walls/model.config
[0.327s] -- Up-to-date symlink: /home/mjlinux/Downloads/book_ros2_wrs/install/pal_gazebo_worlds/share/pal_gazebo_worlds/models/reemc_walls/walls.sdf
[0.327s] -- Up-to-date symlink: /home/mjlinux/Downloads/book_ros2_wrs/install/pal_gazebo_worlds/share/pal_gazebo_worlds/models/reviews_table/meshes/reviews_table.stl
[0.328s] -- Up-to-date symlink: /home/mjlinux/Downloads/book_ros2_wrs/install/pal_gazebo_worlds/share/pal_gazebo_worlds/models/reviews_table/model.config
[0.328s] -- Up-to-date symlink: /home/mjlinux/Downloads/book_ros2_wrs/install/pal_gazebo_worlds/share/pal_gazebo_worlds/models/reviews_table/reviews_table.sdf
[0.329s] -- Up-to-date symlink: /home/mjlinux/Downloads/book_ros2_wrs/install/pal_gazebo_worlds/share/pal_gazebo_worlds/models/robocup_walls_70cm_doors/house_walls.sdf
[0.329s] -- Up-to-date symlink: /home/mjlinux/Downloads/book_ros2_wrs/install/pal_gazebo_worlds/share/pal_gazebo_worlds/models/robocup_walls_70cm_doors/meshes/robocup_house.stl
[0.330s] -- Up-to-date symlink: /home/mjlinux/Downloads/book_ros2_wrs/install/pal_gazebo_worlds/share/pal_gazebo_worlds/models/robocup_walls_70cm_doors/model.config
[0.330s] -- Up-to-date symlink: /home/mjlinux/Downloads/book_ros2_wrs/install/pal_gazebo_worlds/share/pal_gazebo_worlds/models/rockin_camp/README
[0.330s] -- Up-to-date symlink: /home/mjlinux/Downloads/book_ros2_wrs/install/pal_gazebo_worlds/share/pal_gazebo_worlds/models/rockin_camp/model.config
[0.331s] -- Up-to-date symlink: /home/mjlinux/Downloads/book_ros2_wrs/install/pal_gazebo_worlds/share/pal_gazebo_worlds/models/rockin_camp/model.sdf
[0.332s] -- Up-to-date symlink: /home/mjlinux/Downloads/book_ros2_wrs/install/pal_gazebo_worlds/share/pal_gazebo_worlds/models/rockin_camp/rockin_camp.png
[0.332s] -- Up-to-date symlink: /home/mjlinux/Downloads/book_ros2_wrs/install/pal_gazebo_worlds/share/pal_gazebo_worlds/models/sideboard/meshes/sideboard.stl
[0.333s] -- Up-to-date symlink: /home/mjlinux/Downloads/book_ros2_wrs/install/pal_gazebo_worlds/share/pal_gazebo_worlds/models/sideboard/model.config
[0.333s] -- Up-to-date symlink: /home/mjlinux/Downloads/book_ros2_wrs/install/pal_gazebo_worlds/share/pal_gazebo_worlds/models/sideboard/sideboard.sdf
[0.335s] -- Up-to-date symlink: /home/mjlinux/Downloads/book_ros2_wrs/install/pal_gazebo_worlds/share/pal_gazebo_worlds/models/slippery_patch/material/scripts/slippery_patch.material
[0.336s] -- Up-to-date symlink: /home/mjlinux/Downloads/book_ros2_wrs/install/pal_gazebo_worlds/share/pal_gazebo_worlds/models/slippery_patch/material/textures/slippery_patch.jpg
[0.336s] -- Up-to-date symlink: /home/mjlinux/Downloads/book_ros2_wrs/install/pal_gazebo_worlds/share/pal_gazebo_worlds/models/slippery_patch/model.config
[0.336s] -- Up-to-date symlink: /home/mjlinux/Downloads/book_ros2_wrs/install/pal_gazebo_worlds/share/pal_gazebo_worlds/models/slippery_patch/slippery_patch.sdf
[0.337s] -- Up-to-date symlink: /home/mjlinux/Downloads/book_ros2_wrs/install/pal_gazebo_worlds/share/pal_gazebo_worlds/models/small_cylinder/model.config
[0.338s] -- Up-to-date symlink: /home/mjlinux/Downloads/book_ros2_wrs/install/pal_gazebo_worlds/share/pal_gazebo_worlds/models/small_cylinder/small_cylinder.sdf
[0.339s] -- Up-to-date symlink: /home/mjlinux/Downloads/book_ros2_wrs/install/pal_gazebo_worlds/share/pal_gazebo_worlds/models/sofa/meshes/sofa.stl
[0.339s] -- Up-to-date symlink: /home/mjlinux/Downloads/book_ros2_wrs/install/pal_gazebo_worlds/share/pal_gazebo_worlds/models/sofa/model.config
[0.339s] -- Up-to-date symlink: /home/mjlinux/Downloads/book_ros2_wrs/install/pal_gazebo_worlds/share/pal_gazebo_worlds/models/sofa/sofa.sdf
[0.340s] -- Up-to-date symlink: /home/mjlinux/Downloads/book_ros2_wrs/install/pal_gazebo_worlds/share/pal_gazebo_worlds/models/sprite/material/scripts/sprite.material
[0.341s] -- Up-to-date symlink: /home/mjlinux/Downloads/book_ros2_wrs/install/pal_gazebo_worlds/share/pal_gazebo_worlds/models/sprite/material/textures/sprite.jpg
[0.341s] -- Up-to-date symlink: /home/mjlinux/Downloads/book_ros2_wrs/install/pal_gazebo_worlds/share/pal_gazebo_worlds/models/sprite/model.config
[0.342s] -- Up-to-date symlink: /home/mjlinux/Downloads/book_ros2_wrs/install/pal_gazebo_worlds/share/pal_gazebo_worlds/models/sprite/sprite.sdf
[0.343s] -- Up-to-date symlink: /home/mjlinux/Downloads/book_ros2_wrs/install/pal_gazebo_worlds/share/pal_gazebo_worlds/models/sun/model-1_2.sdf
[0.343s] -- Up-to-date symlink: /home/mjlinux/Downloads/book_ros2_wrs/install/pal_gazebo_worlds/share/pal_gazebo_worlds/models/sun/model-1_3.sdf
[0.344s] -- Up-to-date symlink: /home/mjlinux/Downloads/book_ros2_wrs/install/pal_gazebo_worlds/share/pal_gazebo_worlds/models/sun/model-1_4.sdf
[0.344s] -- Up-to-date symlink: /home/mjlinux/Downloads/book_ros2_wrs/install/pal_gazebo_worlds/share/pal_gazebo_worlds/models/sun/model.config
[0.344s] -- Up-to-date symlink: /home/mjlinux/Downloads/book_ros2_wrs/install/pal_gazebo_worlds/share/pal_gazebo_worlds/models/sun/model.sdf
[0.345s] -- Up-to-date symlink: /home/mjlinux/Downloads/book_ros2_wrs/install/pal_gazebo_worlds/share/pal_gazebo_worlds/models/table_0m8/model.config
[0.345s] -- Up-to-date symlink: /home/mjlinux/Downloads/book_ros2_wrs/install/pal_gazebo_worlds/share/pal_gazebo_worlds/models/table_0m8/table.sdf
[0.346s] -- Up-to-date symlink: /home/mjlinux/Downloads/book_ros2_wrs/install/pal_gazebo_worlds/share/pal_gazebo_worlds/models/table_1m/model.config
[0.346s] -- Up-to-date symlink: /home/mjlinux/Downloads/book_ros2_wrs/install/pal_gazebo_worlds/share/pal_gazebo_worlds/models/table_1m/table_1m.sdf
[0.348s] -- Up-to-date symlink: /home/mjlinux/Downloads/book_ros2_wrs/install/pal_gazebo_worlds/share/pal_gazebo_worlds/models/test2/meshes/test2.dae
[0.348s] -- Up-to-date symlink: /home/mjlinux/Downloads/book_ros2_wrs/install/pal_gazebo_worlds/share/pal_gazebo_worlds/models/test2/model.config
[0.348s] -- Up-to-date symlink: /home/mjlinux/Downloads/book_ros2_wrs/install/pal_gazebo_worlds/share/pal_gazebo_worlds/models/test2/test2.sdf
[0.349s] -- Up-to-date symlink: /home/mjlinux/Downloads/book_ros2_wrs/install/pal_gazebo_worlds/share/pal_gazebo_worlds/models/testing_room/README
[0.349s] -- Up-to-date symlink: /home/mjlinux/Downloads/book_ros2_wrs/install/pal_gazebo_worlds/share/pal_gazebo_worlds/models/testing_room/model.config
[0.349s] -- Up-to-date symlink: /home/mjlinux/Downloads/book_ros2_wrs/install/pal_gazebo_worlds/share/pal_gazebo_worlds/models/testing_room/model.sdf
[0.350s] -- Up-to-date symlink: /home/mjlinux/Downloads/book_ros2_wrs/install/pal_gazebo_worlds/share/pal_gazebo_worlds/models/testing_room/testing_room.png
[0.351s] -- Up-to-date symlink: /home/mjlinux/Downloads/book_ros2_wrs/install/pal_gazebo_worlds/share/pal_gazebo_worlds/models/tv/meshes/tv.stl
[0.351s] -- Up-to-date symlink: /home/mjlinux/Downloads/book_ros2_wrs/install/pal_gazebo_worlds/share/pal_gazebo_worlds/models/tv/model.config
[0.352s] -- Up-to-date symlink: /home/mjlinux/Downloads/book_ros2_wrs/install/pal_gazebo_worlds/share/pal_gazebo_worlds/models/tv/tv.sdf
[0.353s] -- Up-to-date symlink: /home/mjlinux/Downloads/book_ros2_wrs/install/pal_gazebo_worlds/share/pal_gazebo_worlds/models/wall_with_reem_photo/material/scripts/ball.material
[0.354s] -- Up-to-date symlink: /home/mjlinux/Downloads/book_ros2_wrs/install/pal_gazebo_worlds/share/pal_gazebo_worlds/models/wall_with_reem_photo/material/scripts/wallWithREEMphoto.material
[0.354s] -- Up-to-date symlink: /home/mjlinux/Downloads/book_ros2_wrs/install/pal_gazebo_worlds/share/pal_gazebo_worlds/models/wall_with_reem_photo/material/textures/REEM_photo0.jpg
[0.355s] -- Up-to-date symlink: /home/mjlinux/Downloads/book_ros2_wrs/install/pal_gazebo_worlds/share/pal_gazebo_worlds/models/wall_with_reem_photo/model.config
[0.355s] -- Up-to-date symlink: /home/mjlinux/Downloads/book_ros2_wrs/install/pal_gazebo_worlds/share/pal_gazebo_worlds/models/wall_with_reem_photo/model.sdf
[0.356s] -- Up-to-date symlink: /home/mjlinux/Downloads/book_ros2_wrs/install/pal_gazebo_worlds/share/pal_gazebo_worlds/models/wardrobe/meshes/wardrobe.stl
[0.357s] -- Up-to-date symlink: /home/mjlinux/Downloads/book_ros2_wrs/install/pal_gazebo_worlds/share/pal_gazebo_worlds/models/wardrobe/model.config
[0.357s] -- Up-to-date symlink: /home/mjlinux/Downloads/book_ros2_wrs/install/pal_gazebo_worlds/share/pal_gazebo_worlds/models/wardrobe/wardrobe.sdf
[0.358s] -- Up-to-date symlink: /home/mjlinux/Downloads/book_ros2_wrs/install/pal_gazebo_worlds/share/pal_gazebo_worlds/models/willowgarage/materials/textures/Carpet_Berber_Pattern_Gray_.png
[0.359s] -- Up-to-date symlink: /home/mjlinux/Downloads/book_ros2_wrs/install/pal_gazebo_worlds/share/pal_gazebo_worlds/models/willowgarage/materials/textures/Stone_Brushed_Khaki_.png
[0.359s] -- Up-to-date symlink: /home/mjlinux/Downloads/book_ros2_wrs/install/pal_gazebo_worlds/share/pal_gazebo_worlds/models/willowgarage/materials/textures/Wood_Bamboo_Medium_.png
[0.360s] -- Up-to-date symlink: /home/mjlinux/Downloads/book_ros2_wrs/install/pal_gazebo_worlds/share/pal_gazebo_worlds/models/willowgarage/materials/textures/Wood_Cherry_Original_.png
[0.361s] -- Up-to-date symlink: /home/mjlinux/Downloads/book_ros2_wrs/install/pal_gazebo_worlds/share/pal_gazebo_worlds/models/willowgarage/materials/textures/__Wood_Bamboo_Medium_1.png
[0.361s] -- Up-to-date symlink: /home/mjlinux/Downloads/book_ros2_wrs/install/pal_gazebo_worlds/share/pal_gazebo_worlds/models/willowgarage/materials/textures/__auto_12.png
[0.362s] -- Up-to-date symlink: /home/mjlinux/Downloads/book_ros2_wrs/install/pal_gazebo_worlds/share/pal_gazebo_worlds/models/willowgarage/materials/textures/__auto_2.png
[0.363s] -- Up-to-date symlink: /home/mjlinux/Downloads/book_ros2_wrs/install/pal_gazebo_worlds/share/pal_gazebo_worlds/models/willowgarage/meshes/willowgarage_collision.dae
[0.363s] -- Up-to-date symlink: /home/mjlinux/Downloads/book_ros2_wrs/install/pal_gazebo_worlds/share/pal_gazebo_worlds/models/willowgarage/meshes/willowgarage_visual.dae
[0.365s] -- Up-to-date symlink: /home/mjlinux/Downloads/book_ros2_wrs/install/pal_gazebo_worlds/share/pal_gazebo_worlds/worlds/aruco.world
[0.365s] -- Up-to-date symlink: /home/mjlinux/Downloads/book_ros2_wrs/install/pal_gazebo_worlds/share/pal_gazebo_worlds/worlds/ball.world
[0.365s] -- Up-to-date symlink: /home/mjlinux/Downloads/book_ros2_wrs/install/pal_gazebo_worlds/share/pal_gazebo_worlds/worlds/cabinet_grasping.world
[0.366s] -- Up-to-date symlink: /home/mjlinux/Downloads/book_ros2_wrs/install/pal_gazebo_worlds/share/pal_gazebo_worlds/worlds/calibration_room.world
[0.371s] -- Up-to-date symlink: /home/mjlinux/Downloads/book_ros2_wrs/install/pal_gazebo_worlds/share/pal_gazebo_worlds/worlds/chairs.world
[0.371s] -- Up-to-date symlink: /home/mjlinux/Downloads/book_ros2_wrs/install/pal_gazebo_worlds/share/pal_gazebo_worlds/worlds/corridor_110cm.world
[0.371s] -- Up-to-date symlink: /home/mjlinux/Downloads/book_ros2_wrs/install/pal_gazebo_worlds/share/pal_gazebo_worlds/worlds/corridor_60cm.world
[0.372s] -- Up-to-date symlink: /home/mjlinux/Downloads/book_ros2_wrs/install/pal_gazebo_worlds/share/pal_gazebo_worlds/worlds/corridor_70cm.world
[0.372s] -- Up-to-date symlink: /home/mjlinux/Downloads/book_ros2_wrs/install/pal_gazebo_worlds/share/pal_gazebo_worlds/worlds/corridor_85cm.world
[0.372s] -- Up-to-date symlink: /home/mjlinux/Downloads/book_ros2_wrs/install/pal_gazebo_worlds/share/pal_gazebo_worlds/worlds/dock_and_aruco.world
[0.372s] -- Up-to-date symlink: /home/mjlinux/Downloads/book_ros2_wrs/install/pal_gazebo_worlds/share/pal_gazebo_worlds/worlds/dock_station.world
[0.372s] -- Up-to-date symlink: /home/mjlinux/Downloads/book_ros2_wrs/install/pal_gazebo_worlds/share/pal_gazebo_worlds/worlds/docker_chair.world
[0.372s] -- Up-to-date symlink: /home/mjlinux/Downloads/book_ros2_wrs/install/pal_gazebo_worlds/share/pal_gazebo_worlds/worlds/door_obstacle.world
[0.372s] -- Up-to-date symlink: /home/mjlinux/Downloads/book_ros2_wrs/install/pal_gazebo_worlds/share/pal_gazebo_worlds/worlds/empty.world
[0.372s] -- Up-to-date symlink: /home/mjlinux/Downloads/book_ros2_wrs/install/pal_gazebo_worlds/share/pal_gazebo_worlds/worlds/empty_room.world
[0.373s] -- Up-to-date symlink: /home/mjlinux/Downloads/book_ros2_wrs/install/pal_gazebo_worlds/share/pal_gazebo_worlds/worlds/factory.world
[0.374s] -- Up-to-date symlink: /home/mjlinux/Downloads/book_ros2_wrs/install/pal_gazebo_worlds/share/pal_gazebo_worlds/worlds/featured.world
[0.374s] -- Up-to-date symlink: /home/mjlinux/Downloads/book_ros2_wrs/install/pal_gazebo_worlds/share/pal_gazebo_worlds/worlds/footstep_obstacle.world
[0.374s] -- Up-to-date symlink: /home/mjlinux/Downloads/book_ros2_wrs/install/pal_gazebo_worlds/share/pal_gazebo_worlds/worlds/hit_table.world
[0.375s] -- Up-to-date symlink: /home/mjlinux/Downloads/book_ros2_wrs/install/pal_gazebo_worlds/share/pal_gazebo_worlds/worlds/home.world
[0.375s] -- Up-to-date symlink: /home/mjlinux/Downloads/book_ros2_wrs/install/pal_gazebo_worlds/share/pal_gazebo_worlds/worlds/hospital.world
[0.375s] -- Up-to-date symlink: /home/mjlinux/Downloads/book_ros2_wrs/install/pal_gazebo_worlds/share/pal_gazebo_worlds/worlds/hospital_flat.world
[0.376s] -- Up-to-date symlink: /home/mjlinux/Downloads/book_ros2_wrs/install/pal_gazebo_worlds/share/pal_gazebo_worlds/worlds/look_to_point.world
[0.376s] -- Up-to-date symlink: /home/mjlinux/Downloads/book_ros2_wrs/install/pal_gazebo_worlds/share/pal_gazebo_worlds/worlds/low_sun_empty.world
[0.376s] -- Up-to-date symlink: /home/mjlinux/Downloads/book_ros2_wrs/install/pal_gazebo_worlds/share/pal_gazebo_worlds/worlds/memmo_simple.world
[0.377s] -- Up-to-date symlink: /home/mjlinux/Downloads/book_ros2_wrs/install/pal_gazebo_worlds/share/pal_gazebo_worlds/worlds/narrow_passage.world
[0.377s] -- Up-to-date symlink: /home/mjlinux/Downloads/book_ros2_wrs/install/pal_gazebo_worlds/share/pal_gazebo_worlds/worlds/objects_on_table.world
[0.377s] -- Up-to-date symlink: /home/mjlinux/Downloads/book_ros2_wrs/install/pal_gazebo_worlds/share/pal_gazebo_worlds/worlds/pal_office.world
[0.378s] -- Up-to-date symlink: /home/mjlinux/Downloads/book_ros2_wrs/install/pal_gazebo_worlds/share/pal_gazebo_worlds/worlds/pal_textured_object.world
[0.378s] -- Up-to-date symlink: /home/mjlinux/Downloads/book_ros2_wrs/install/pal_gazebo_worlds/share/pal_gazebo_worlds/worlds/passage_110cm.world
[0.378s] -- Up-to-date symlink: /home/mjlinux/Downloads/book_ros2_wrs/install/pal_gazebo_worlds/share/pal_gazebo_worlds/worlds/passage_60cm.world
[0.379s] -- Up-to-date symlink: /home/mjlinux/Downloads/book_ros2_wrs/install/pal_gazebo_worlds/share/pal_gazebo_worlds/worlds/passage_70cm.world
[0.379s] -- Up-to-date symlink: /home/mjlinux/Downloads/book_ros2_wrs/install/pal_gazebo_worlds/share/pal_gazebo_worlds/worlds/pg_demo.world
[0.380s] -- Up-to-date symlink: /home/mjlinux/Downloads/book_ros2_wrs/install/pal_gazebo_worlds/share/pal_gazebo_worlds/worlds/pick.world
[0.380s] -- Up-to-date symlink: /home/mjlinux/Downloads/book_ros2_wrs/install/pal_gazebo_worlds/share/pal_gazebo_worlds/worlds/pick_place_cabinet.world
[0.381s] -- Up-to-date symlink: /home/mjlinux/Downloads/book_ros2_wrs/install/pal_gazebo_worlds/share/pal_gazebo_worlds/worlds/pick_place_close_demo.world
[0.381s] -- Up-to-date symlink: /home/mjlinux/Downloads/book_ros2_wrs/install/pal_gazebo_worlds/share/pal_gazebo_worlds/worlds/pick_place_demo.world
[0.381s] -- Up-to-date symlink: /home/mjlinux/Downloads/book_ros2_wrs/install/pal_gazebo_worlds/share/pal_gazebo_worlds/worlds/reemc.world
[0.382s] -- Up-to-date symlink: /home/mjlinux/Downloads/book_ros2_wrs/install/pal_gazebo_worlds/share/pal_gazebo_worlds/worlds/reemc_indoor.world
[0.382s] -- Up-to-date symlink: /home/mjlinux/Downloads/book_ros2_wrs/install/pal_gazebo_worlds/share/pal_gazebo_worlds/worlds/simple_office.world
[0.383s] -- Up-to-date symlink: /home/mjlinux/Downloads/book_ros2_wrs/install/pal_gazebo_worlds/share/pal_gazebo_worlds/worlds/simple_office_with_people.world
[0.383s] -- Up-to-date symlink: /home/mjlinux/Downloads/book_ros2_wrs/install/pal_gazebo_worlds/share/pal_gazebo_worlds/worlds/simple_ramp.world
[0.384s] -- Up-to-date symlink: /home/mjlinux/Downloads/book_ros2_wrs/install/pal_gazebo_worlds/share/pal_gazebo_worlds/worlds/small_factory.world
[0.384s] -- Up-to-date symlink: /home/mjlinux/Downloads/book_ros2_wrs/install/pal_gazebo_worlds/share/pal_gazebo_worlds/worlds/small_office.world
[0.384s] -- Up-to-date symlink: /home/mjlinux/Downloads/book_ros2_wrs/install/pal_gazebo_worlds/share/pal_gazebo_worlds/worlds/small_office_door_obstacle.world
[0.385s] -- Up-to-date symlink: /home/mjlinux/Downloads/book_ros2_wrs/install/pal_gazebo_worlds/share/pal_gazebo_worlds/worlds/small_office_inventory.world
[0.385s] -- Up-to-date symlink: /home/mjlinux/Downloads/book_ros2_wrs/install/pal_gazebo_worlds/share/pal_gazebo_worlds/worlds/small_textured_office.world
[0.385s] -- Up-to-date symlink: /home/mjlinux/Downloads/book_ros2_wrs/install/pal_gazebo_worlds/share/pal_gazebo_worlds/worlds/socmcs.world
[0.386s] -- Up-to-date symlink: /home/mjlinux/Downloads/book_ros2_wrs/install/pal_gazebo_worlds/share/pal_gazebo_worlds/worlds/stairs.world
[0.386s] -- Up-to-date symlink: /home/mjlinux/Downloads/book_ros2_wrs/install/pal_gazebo_worlds/share/pal_gazebo_worlds/worlds/stamping_demo.world
[0.386s] -- Up-to-date symlink: /home/mjlinux/Downloads/book_ros2_wrs/install/pal_gazebo_worlds/share/pal_gazebo_worlds/worlds/t_shaped.world
[0.387s] -- Up-to-date symlink: /home/mjlinux/Downloads/book_ros2_wrs/install/pal_gazebo_worlds/share/pal_gazebo_worlds/worlds/tabletop_cube.world
[0.389s] -- Up-to-date symlink: /home/mjlinux/Downloads/book_ros2_wrs/install/pal_gazebo_worlds/share/pal_gazebo_worlds/worlds/tabletop_cylinder.world
[0.389s] -- Up-to-date symlink: /home/mjlinux/Downloads/book_ros2_wrs/install/pal_gazebo_worlds/share/pal_gazebo_worlds/worlds/tutorial_office.world
[0.389s] -- Up-to-date symlink: /home/mjlinux/Downloads/book_ros2_wrs/install/pal_gazebo_worlds/share/pal_gazebo_worlds/worlds/voronoi_graph.world
[0.389s] -- Up-to-date symlink: /home/mjlinux/Downloads/book_ros2_wrs/install/pal_gazebo_worlds/share/pal_gazebo_worlds/worlds/willow_garage.world
[0.389s] -- Up-to-date symlink: /home/mjlinux/Downloads/book_ros2_wrs/install/pal_gazebo_worlds/share/pal_gazebo_worlds/worlds/world_wall_REEM_photo.world
[0.392s] -- Up-to-date symlink: /home/mjlinux/Downloads/book_ros2_wrs/install/pal_gazebo_worlds/share/pal_gazebo_worlds/urdf/chessboard/chessboard.gazebo.xacro
[0.392s] -- Up-to-date symlink: /home/mjlinux/Downloads/book_ros2_wrs/install/pal_gazebo_worlds/share/pal_gazebo_worlds/urdf/chessboard/chessboard.urdf.xacro
[0.392s] -- Up-to-date symlink: /home/mjlinux/Downloads/book_ros2_wrs/install/pal_gazebo_worlds/share/pal_gazebo_worlds/urdf/chessboard/chessboard_example.urdf.xacro
[0.392s] -- Up-to-date symlink: /home/mjlinux/Downloads/book_ros2_wrs/install/pal_gazebo_worlds/share/pal_gazebo_worlds/urdf/simple_box.urdf
[0.393s] -- Up-to-date symlink: /home/mjlinux/Downloads/book_ros2_wrs/install/pal_gazebo_worlds/share/pal_gazebo_worlds/meshes/chessboard/chessboard.dae
[0.394s] -- Up-to-date symlink: /home/mjlinux/Downloads/book_ros2_wrs/install/pal_gazebo_worlds/share/pal_gazebo_worlds/meshes/chessboard/chessboard.png
[0.394s] -- Up-to-date symlink: /home/mjlinux/Downloads/book_ros2_wrs/install/pal_gazebo_worlds/share/ament_index/resource_index/package_run_dependencies/pal_gazebo_worlds
[0.395s] -- Up-to-date symlink: /home/mjlinux/Downloads/book_ros2_wrs/install/pal_gazebo_worlds/share/ament_index/resource_index/parent_prefix_path/pal_gazebo_worlds
[0.397s] -- Up-to-date symlink: /home/mjlinux/Downloads/book_ros2_wrs/install/pal_gazebo_worlds/share/pal_gazebo_worlds/environment/ament_prefix_path.sh
[0.397s] -- Up-to-date symlink: /home/mjlinux/Downloads/book_ros2_wrs/install/pal_gazebo_worlds/share/pal_gazebo_worlds/environment/ament_prefix_path.dsv
[0.400s] -- Up-to-date symlink: /home/mjlinux/Downloads/book_ros2_wrs/install/pal_gazebo_worlds/share/pal_gazebo_worlds/environment/path.sh
[0.401s] -- Up-to-date symlink: /home/mjlinux/Downloads/book_ros2_wrs/install/pal_gazebo_worlds/share/pal_gazebo_worlds/environment/path.dsv
[0.402s] -- Up-to-date symlink: /home/mjlinux/Downloads/book_ros2_wrs/install/pal_gazebo_worlds/share/pal_gazebo_worlds/local_setup.bash
[0.403s] -- Up-to-date symlink: /home/mjlinux/Downloads/book_ros2_wrs/install/pal_gazebo_worlds/share/pal_gazebo_worlds/local_setup.sh
[0.403s] -- Up-to-date symlink: /home/mjlinux/Downloads/book_ros2_wrs/install/pal_gazebo_worlds/share/pal_gazebo_worlds/local_setup.zsh
[0.403s] -- Up-to-date symlink: /home/mjlinux/Downloads/book_ros2_wrs/install/pal_gazebo_worlds/share/pal_gazebo_worlds/local_setup.dsv
[0.403s] -- Symlinking: /home/mjlinux/Downloads/book_ros2_wrs/install/pal_gazebo_worlds/share/pal_gazebo_worlds/package.dsv
[0.419s] -- Up-to-date symlink: /home/mjlinux/Downloads/book_ros2_wrs/install/pal_gazebo_worlds/share/ament_index/resource_index/packages/pal_gazebo_worlds
[0.421s] -- Up-to-date symlink: /home/mjlinux/Downloads/book_ros2_wrs/install/pal_gazebo_worlds/share/pal_gazebo_worlds/cmake/pal_gazebo_worldsConfig.cmake
[0.421s] -- Up-to-date symlink: /home/mjlinux/Downloads/book_ros2_wrs/install/pal_gazebo_worlds/share/pal_gazebo_worlds/cmake/pal_gazebo_worldsConfig-version.cmake
[0.421s] -- Up-to-date symlink: /home/mjlinux/Downloads/book_ros2_wrs/install/pal_gazebo_worlds/share/pal_gazebo_worlds/package.xml
[0.427s] Invoked command in '/home/mjlinux/Downloads/book_ros2_wrs/build/pal_gazebo_worlds' returned '0': CMAKE_PREFIX_PATH=${CMAKE_PREFIX_PATH}:/home/mjlinux/Downloads/book_ros2_wrs/install/launch_pal:/home/mjlinux/Downloads/book_ros2_wrs/install/groot:/home/mjlinux/Downloads/book_ros2_wrs/install/br2_fsm_bumpgo_py:/opt/ros/humble /usr/bin/cmake --install /home/mjlinux/Downloads/book_ros2_wrs/build/pal_gazebo_worlds
