[0.006s] Invoking command in '/home/mjlinux/Downloads/book_ros2_wrs/build/tiago_laser_sensors': AMENT_PREFIX_PATH=/home/mjlinux/Downloads/book_ros2_wrs/install/pmb2_laser_sensors:${AMENT_PREFIX_PATH} CMAKE_PREFIX_PATH=/home/mjlinux/Downloads/book_ros2_wrs/install/pmb2_laser_sensors:/opt/ros/humble /usr/bin/cmake /home/mjlinux/Downloads/book_ros2_wrs/ThirdParty/tiago_navigation/tiago_laser_sensors -DAMENT_CMAKE_SYMLINK_INSTALL=1 -DCMAKE_INSTALL_PREFIX=/home/mjlinux/Downloads/book_ros2_wrs/install/tiago_laser_sensors
[0.087s] -- The C compiler identification is GNU 11.4.0
[0.127s] -- The CXX compiler identification is GNU 11.4.0
[0.133s] -- Detecting C compiler ABI info
[0.215s] -- Detecting C compiler ABI info - done
[0.221s] -- Check for working C compiler: /usr/bin/cc - skipped
[0.222s] -- Detecting C compile features
[0.222s] -- Detecting C compile features - done
[0.224s] -- Detecting CXX compiler ABI info
[0.299s] -- Detecting CXX compiler ABI info - done
[0.305s] -- Check for working CXX compiler: /usr/bin/c++ - skipped
[0.305s] -- Detecting CXX compile features
[0.305s] -- Detecting CXX compile features - done
[0.307s] -- Found ament_cmake_auto: 1.3.5 (/opt/ros/humble/share/ament_cmake_auto/cmake)
[0.428s] -- Found Python3: /usr/bin/python3.10 (found version "3.10.12") found components: Interpreter 
[0.491s] -- Override CMake install command with custom implementation using symlinks instead of copying resources
[0.580s] -- Added test 'copyright' to check source files copyright and LICENSE
[0.581s] -- Added test 'flake8' to check Python code syntax and style conventions
[0.582s] -- Added test 'lint_cmake' to check CMake code style
[0.582s] -- Added test 'pep257' to check Python code against some of the docstring style conventions in PEP 257
[0.583s] -- Added test 'xmllint' to check XML markup files
[0.583s] -- Configuring done
[0.585s] -- Generating done
[0.586s] -- Build files have been written to: /home/mjlinux/Downloads/book_ros2_wrs/build/tiago_laser_sensors
[0.590s] Invoked command in '/home/mjlinux/Downloads/book_ros2_wrs/build/tiago_laser_sensors' returned '0': AMENT_PREFIX_PATH=/home/mjlinux/Downloads/book_ros2_wrs/install/pmb2_laser_sensors:${AMENT_PREFIX_PATH} CMAKE_PREFIX_PATH=/home/mjlinux/Downloads/book_ros2_wrs/install/pmb2_laser_sensors:/opt/ros/humble /usr/bin/cmake /home/mjlinux/Downloads/book_ros2_wrs/ThirdParty/tiago_navigation/tiago_laser_sensors -DAMENT_CMAKE_SYMLINK_INSTALL=1 -DCMAKE_INSTALL_PREFIX=/home/mjlinux/Downloads/book_ros2_wrs/install/tiago_laser_sensors
[0.591s] Invoking command in '/home/mjlinux/Downloads/book_ros2_wrs/build/tiago_laser_sensors': AMENT_PREFIX_PATH=/home/mjlinux/Downloads/book_ros2_wrs/install/pmb2_laser_sensors:${AMENT_PREFIX_PATH} CMAKE_PREFIX_PATH=/home/mjlinux/Downloads/book_ros2_wrs/install/pmb2_laser_sensors:/opt/ros/humble /usr/bin/cmake --build /home/mjlinux/Downloads/book_ros2_wrs/build/tiago_laser_sensors -- -j4 -l4
[0.624s] Invoked command in '/home/mjlinux/Downloads/book_ros2_wrs/build/tiago_laser_sensors' returned '0': AMENT_PREFIX_PATH=/home/mjlinux/Downloads/book_ros2_wrs/install/pmb2_laser_sensors:${AMENT_PREFIX_PATH} CMAKE_PREFIX_PATH=/home/mjlinux/Downloads/book_ros2_wrs/install/pmb2_laser_sensors:/opt/ros/humble /usr/bin/cmake --build /home/mjlinux/Downloads/book_ros2_wrs/build/tiago_laser_sensors -- -j4 -l4
[0.672s] Invoking command in '/home/mjlinux/Downloads/book_ros2_wrs/build/tiago_laser_sensors': AMENT_PREFIX_PATH=/home/mjlinux/Downloads/book_ros2_wrs/install/pmb2_laser_sensors:${AMENT_PREFIX_PATH} CMAKE_PREFIX_PATH=/home/mjlinux/Downloads/book_ros2_wrs/install/pmb2_laser_sensors:/opt/ros/humble /usr/bin/cmake --install /home/mjlinux/Downloads/book_ros2_wrs/build/tiago_laser_sensors
[0.679s] -- Install configuration: ""
[0.679s] -- Execute custom install script
[0.681s] -- Symlinking: /home/mjlinux/Downloads/book_ros2_wrs/install/tiago_laser_sensors/share/tiago_laser_sensors/launch/laser.launch.py
[0.689s] -- Symlinking: /home/mjlinux/Downloads/book_ros2_wrs/install/tiago_laser_sensors/share/ament_index/resource_index/package_run_dependencies/tiago_laser_sensors
[0.695s] -- Symlinking: /home/mjlinux/Downloads/book_ros2_wrs/install/tiago_laser_sensors/share/ament_index/resource_index/parent_prefix_path/tiago_laser_sensors
[0.702s] -- Symlinking: /home/mjlinux/Downloads/book_ros2_wrs/install/tiago_laser_sensors/share/tiago_laser_sensors/environment/ament_prefix_path.sh
[0.713s] -- Symlinking: /home/mjlinux/Downloads/book_ros2_wrs/install/tiago_laser_sensors/share/tiago_laser_sensors/environment/ament_prefix_path.dsv
[0.721s] -- Symlinking: /home/mjlinux/Downloads/book_ros2_wrs/install/tiago_laser_sensors/share/tiago_laser_sensors/environment/path.sh
[0.728s] -- Symlinking: /home/mjlinux/Downloads/book_ros2_wrs/install/tiago_laser_sensors/share/tiago_laser_sensors/environment/path.dsv
[0.735s] -- Symlinking: /home/mjlinux/Downloads/book_ros2_wrs/install/tiago_laser_sensors/share/tiago_laser_sensors/local_setup.bash
[0.742s] -- Symlinking: /home/mjlinux/Downloads/book_ros2_wrs/install/tiago_laser_sensors/share/tiago_laser_sensors/local_setup.sh
[0.751s] -- Symlinking: /home/mjlinux/Downloads/book_ros2_wrs/install/tiago_laser_sensors/share/tiago_laser_sensors/local_setup.zsh
[0.769s] -- Symlinking: /home/mjlinux/Downloads/book_ros2_wrs/install/tiago_laser_sensors/share/tiago_laser_sensors/local_setup.dsv
[0.776s] -- Symlinking: /home/mjlinux/Downloads/book_ros2_wrs/install/tiago_laser_sensors/share/tiago_laser_sensors/package.dsv
[0.789s] -- Symlinking: /home/mjlinux/Downloads/book_ros2_wrs/install/tiago_laser_sensors/share/ament_index/resource_index/packages/tiago_laser_sensors
[0.793s] -- Symlinking: /home/mjlinux/Downloads/book_ros2_wrs/install/tiago_laser_sensors/share/tiago_laser_sensors/cmake/tiago_laser_sensorsConfig.cmake
[0.801s] -- Symlinking: /home/mjlinux/Downloads/book_ros2_wrs/install/tiago_laser_sensors/share/tiago_laser_sensors/cmake/tiago_laser_sensorsConfig-version.cmake
[0.809s] -- Symlinking: /home/mjlinux/Downloads/book_ros2_wrs/install/tiago_laser_sensors/share/tiago_laser_sensors/package.xml
[0.822s] Invoked command in '/home/mjlinux/Downloads/book_ros2_wrs/build/tiago_laser_sensors' returned '0': AMENT_PREFIX_PATH=/home/mjlinux/Downloads/book_ros2_wrs/install/pmb2_laser_sensors:${AMENT_PREFIX_PATH} CMAKE_PREFIX_PATH=/home/mjlinux/Downloads/book_ros2_wrs/install/pmb2_laser_sensors:/opt/ros/humble /usr/bin/cmake --install /home/mjlinux/Downloads/book_ros2_wrs/build/tiago_laser_sensors
