-- The C compiler identification is GNU 11.4.0
-- The CXX compiler identification is GNU 11.4.0
-- Detecting C compiler ABI info
-- Detecting C compiler ABI info - done
-- Check for working C compiler: /usr/bin/cc - skipped
-- Detecting C compile features
-- Detecting C compile features - done
-- Detecting CXX compiler ABI info
-- Detecting CXX compiler ABI info - done
-- Check for working CXX compiler: /usr/bin/c++ - skipped
-- Detecting CXX compile features
-- Detecting CXX compile features - done
-- Found ament_cmake_auto: 1.3.5 (/opt/ros/humble/share/ament_cmake_auto/cmake)
-- Found Python3: /usr/bin/python3.10 (found version "3.10.12") found components: Interpreter 
-- Override CMake install command with custom implementation using symlinks instead of copying resources
-- Found ament_lint_auto: 0.12.7 (/opt/ros/humble/share/ament_lint_auto/cmake)
-- Added test 'copyright' to check source files copyright and LICENSE
-- Added test 'flake8' to check Python code syntax and style conventions
-- Added test 'lint_cmake' to check CMake code style
-- Added test 'pep257' to check Python code against some of the docstring style conventions in PEP 257
-- Added test 'xmllint' to check XML markup files
-- Configuring done
-- Generating done
-- Build files have been written to: /home/mjlinux/Downloads/book_ros2_wrs/build/tiago_2dnav
-- Install configuration: ""
-- Execute custom install script
-- Symlinking: /home/mjlinux/Downloads/book_ros2_wrs/install/tiago_2dnav/share/tiago_2dnav/launch/tiago_nav_bringup.launch.py
-- Symlinking: /home/mjlinux/Downloads/book_ros2_wrs/install/tiago_2dnav/share/tiago_2dnav/launch/tiago_sim_nav_bringup.launch.py
-- Symlinking: /home/mjlinux/Downloads/book_ros2_wrs/install/tiago_2dnav/share/tiago_2dnav/params/tiago_remappings.yaml
-- Symlinking: /home/mjlinux/Downloads/book_ros2_wrs/install/tiago_2dnav/share/ament_index/resource_index/package_run_dependencies/tiago_2dnav
-- Symlinking: /home/mjlinux/Downloads/book_ros2_wrs/install/tiago_2dnav/share/ament_index/resource_index/parent_prefix_path/tiago_2dnav
-- Symlinking: /home/mjlinux/Downloads/book_ros2_wrs/install/tiago_2dnav/share/tiago_2dnav/environment/ament_prefix_path.sh
-- Symlinking: /home/mjlinux/Downloads/book_ros2_wrs/install/tiago_2dnav/share/tiago_2dnav/environment/ament_prefix_path.dsv
-- Symlinking: /home/mjlinux/Downloads/book_ros2_wrs/install/tiago_2dnav/share/tiago_2dnav/environment/path.sh
-- Symlinking: /home/mjlinux/Downloads/book_ros2_wrs/install/tiago_2dnav/share/tiago_2dnav/environment/path.dsv
-- Symlinking: /home/mjlinux/Downloads/book_ros2_wrs/install/tiago_2dnav/share/tiago_2dnav/local_setup.bash
-- Symlinking: /home/mjlinux/Downloads/book_ros2_wrs/install/tiago_2dnav/share/tiago_2dnav/local_setup.sh
-- Symlinking: /home/mjlinux/Downloads/book_ros2_wrs/install/tiago_2dnav/share/tiago_2dnav/local_setup.zsh
-- Symlinking: /home/mjlinux/Downloads/book_ros2_wrs/install/tiago_2dnav/share/tiago_2dnav/local_setup.dsv
-- Symlinking: /home/mjlinux/Downloads/book_ros2_wrs/install/tiago_2dnav/share/tiago_2dnav/package.dsv
-- Symlinking: /home/mjlinux/Downloads/book_ros2_wrs/install/tiago_2dnav/share/ament_index/resource_index/packages/tiago_2dnav
-- Symlinking: /home/mjlinux/Downloads/book_ros2_wrs/install/tiago_2dnav/share/tiago_2dnav/cmake/tiago_2dnavConfig.cmake
-- Symlinking: /home/mjlinux/Downloads/book_ros2_wrs/install/tiago_2dnav/share/tiago_2dnav/cmake/tiago_2dnavConfig-version.cmake
-- Symlinking: /home/mjlinux/Downloads/book_ros2_wrs/install/tiago_2dnav/share/tiago_2dnav/package.xml
