[0.024s] Invoking command in '/home/mjlinux/Downloads/book_ros2_wrs/build/tiago_2dnav': AMENT_PREFIX_PATH=/home/mjlinux/Downloads/book_ros2_wrs/install/pmb2_2dnav:/home/mjlinux/Downloads/book_ros2_wrs/install/pmb2_maps:/home/mjlinux/Downloads/book_ros2_wrs/install/pmb2_laser_sensors:/home/mjlinux/Downloads/book_ros2_wrs/install/launch_pal:${AMENT_PREFIX_PATH} CMAKE_PREFIX_PATH=/home/mjlinux/Downloads/book_ros2_wrs/install/pmb2_2dnav:/home/mjlinux/Downloads/book_ros2_wrs/install/pmb2_maps:/home/mjlinux/Downloads/book_ros2_wrs/install/pmb2_laser_sensors:/opt/ros/humble PYTHONPATH=/home/mjlinux/Downloads/book_ros2_wrs/build/launch_pal:/home/mjlinux/Downloads/book_ros2_wrs/install/launch_pal/lib/python3.10/site-packages:${PYTHONPATH} /usr/bin/cmake /home/mjlinux/Downloads/book_ros2_wrs/ThirdParty/tiago_navigation/tiago_2dnav -DAMENT_CMAKE_SYMLINK_INSTALL=1 -DCMAKE_INSTALL_PREFIX=/home/mjlinux/Downloads/book_ros2_wrs/install/tiago_2dnav
[0.096s] -- The C compiler identification is GNU 11.4.0
[0.138s] -- The CXX compiler identification is GNU 11.4.0
[0.143s] -- Detecting C compiler ABI info
[0.227s] -- Detecting C compiler ABI info - done
[0.229s] -- Check for working C compiler: /usr/bin/cc - skipped
[0.229s] -- Detecting C compile features
[0.229s] -- Detecting C compile features - done
[0.231s] -- Detecting CXX compiler ABI info
[0.316s] -- Detecting CXX compiler ABI info - done
[0.323s] -- Check for working CXX compiler: /usr/bin/c++ - skipped
[0.324s] -- Detecting CXX compile features
[0.324s] -- Detecting CXX compile features - done
[0.326s] -- Found ament_cmake_auto: 1.3.5 (/opt/ros/humble/share/ament_cmake_auto/cmake)
[0.465s] -- Found Python3: /usr/bin/python3.10 (found version "3.10.12") found components: Interpreter 
[0.524s] -- Override CMake install command with custom implementation using symlinks instead of copying resources
[0.600s] -- Found ament_lint_auto: 0.12.7 (/opt/ros/humble/share/ament_lint_auto/cmake)
[0.631s] -- Added test 'copyright' to check source files copyright and LICENSE
[0.631s] -- Added test 'flake8' to check Python code syntax and style conventions
[0.631s] -- Added test 'lint_cmake' to check CMake code style
[0.631s] -- Added test 'pep257' to check Python code against some of the docstring style conventions in PEP 257
[0.631s] -- Added test 'xmllint' to check XML markup files
[0.631s] -- Configuring done
[0.633s] -- Generating done
[0.634s] -- Build files have been written to: /home/mjlinux/Downloads/book_ros2_wrs/build/tiago_2dnav
[0.637s] Invoked command in '/home/mjlinux/Downloads/book_ros2_wrs/build/tiago_2dnav' returned '0': AMENT_PREFIX_PATH=/home/mjlinux/Downloads/book_ros2_wrs/install/pmb2_2dnav:/home/mjlinux/Downloads/book_ros2_wrs/install/pmb2_maps:/home/mjlinux/Downloads/book_ros2_wrs/install/pmb2_laser_sensors:/home/mjlinux/Downloads/book_ros2_wrs/install/launch_pal:${AMENT_PREFIX_PATH} CMAKE_PREFIX_PATH=/home/mjlinux/Downloads/book_ros2_wrs/install/pmb2_2dnav:/home/mjlinux/Downloads/book_ros2_wrs/install/pmb2_maps:/home/mjlinux/Downloads/book_ros2_wrs/install/pmb2_laser_sensors:/opt/ros/humble PYTHONPATH=/home/mjlinux/Downloads/book_ros2_wrs/build/launch_pal:/home/mjlinux/Downloads/book_ros2_wrs/install/launch_pal/lib/python3.10/site-packages:${PYTHONPATH} /usr/bin/cmake /home/mjlinux/Downloads/book_ros2_wrs/ThirdParty/tiago_navigation/tiago_2dnav -DAMENT_CMAKE_SYMLINK_INSTALL=1 -DCMAKE_INSTALL_PREFIX=/home/mjlinux/Downloads/book_ros2_wrs/install/tiago_2dnav
[0.638s] Invoking command in '/home/mjlinux/Downloads/book_ros2_wrs/build/tiago_2dnav': AMENT_PREFIX_PATH=/home/mjlinux/Downloads/book_ros2_wrs/install/pmb2_2dnav:/home/mjlinux/Downloads/book_ros2_wrs/install/pmb2_maps:/home/mjlinux/Downloads/book_ros2_wrs/install/pmb2_laser_sensors:/home/mjlinux/Downloads/book_ros2_wrs/install/launch_pal:${AMENT_PREFIX_PATH} CMAKE_PREFIX_PATH=/home/mjlinux/Downloads/book_ros2_wrs/install/pmb2_2dnav:/home/mjlinux/Downloads/book_ros2_wrs/install/pmb2_maps:/home/mjlinux/Downloads/book_ros2_wrs/install/pmb2_laser_sensors:/opt/ros/humble PYTHONPATH=/home/mjlinux/Downloads/book_ros2_wrs/build/launch_pal:/home/mjlinux/Downloads/book_ros2_wrs/install/launch_pal/lib/python3.10/site-packages:${PYTHONPATH} /usr/bin/cmake --build /home/mjlinux/Downloads/book_ros2_wrs/build/tiago_2dnav -- -j4 -l4
[0.700s] Invoked command in '/home/mjlinux/Downloads/book_ros2_wrs/build/tiago_2dnav' returned '0': AMENT_PREFIX_PATH=/home/mjlinux/Downloads/book_ros2_wrs/install/pmb2_2dnav:/home/mjlinux/Downloads/book_ros2_wrs/install/pmb2_maps:/home/mjlinux/Downloads/book_ros2_wrs/install/pmb2_laser_sensors:/home/mjlinux/Downloads/book_ros2_wrs/install/launch_pal:${AMENT_PREFIX_PATH} CMAKE_PREFIX_PATH=/home/mjlinux/Downloads/book_ros2_wrs/install/pmb2_2dnav:/home/mjlinux/Downloads/book_ros2_wrs/install/pmb2_maps:/home/mjlinux/Downloads/book_ros2_wrs/install/pmb2_laser_sensors:/opt/ros/humble PYTHONPATH=/home/mjlinux/Downloads/book_ros2_wrs/build/launch_pal:/home/mjlinux/Downloads/book_ros2_wrs/install/launch_pal/lib/python3.10/site-packages:${PYTHONPATH} /usr/bin/cmake --build /home/mjlinux/Downloads/book_ros2_wrs/build/tiago_2dnav -- -j4 -l4
[0.726s] Invoking command in '/home/mjlinux/Downloads/book_ros2_wrs/build/tiago_2dnav': AMENT_PREFIX_PATH=/home/mjlinux/Downloads/book_ros2_wrs/install/pmb2_2dnav:/home/mjlinux/Downloads/book_ros2_wrs/install/pmb2_maps:/home/mjlinux/Downloads/book_ros2_wrs/install/pmb2_laser_sensors:/home/mjlinux/Downloads/book_ros2_wrs/install/launch_pal:${AMENT_PREFIX_PATH} CMAKE_PREFIX_PATH=/home/mjlinux/Downloads/book_ros2_wrs/install/pmb2_2dnav:/home/mjlinux/Downloads/book_ros2_wrs/install/pmb2_maps:/home/mjlinux/Downloads/book_ros2_wrs/install/pmb2_laser_sensors:/opt/ros/humble PYTHONPATH=/home/mjlinux/Downloads/book_ros2_wrs/build/launch_pal:/home/mjlinux/Downloads/book_ros2_wrs/install/launch_pal/lib/python3.10/site-packages:${PYTHONPATH} /usr/bin/cmake --install /home/mjlinux/Downloads/book_ros2_wrs/build/tiago_2dnav
[0.733s] -- Install configuration: ""
[0.733s] -- Execute custom install script
[0.733s] -- Symlinking: /home/mjlinux/Downloads/book_ros2_wrs/install/tiago_2dnav/share/tiago_2dnav/launch/tiago_nav_bringup.launch.py
[0.740s] -- Symlinking: /home/mjlinux/Downloads/book_ros2_wrs/install/tiago_2dnav/share/tiago_2dnav/launch/tiago_sim_nav_bringup.launch.py
[0.748s] -- Symlinking: /home/mjlinux/Downloads/book_ros2_wrs/install/tiago_2dnav/share/tiago_2dnav/params/tiago_remappings.yaml
[0.755s] -- Symlinking: /home/mjlinux/Downloads/book_ros2_wrs/install/tiago_2dnav/share/ament_index/resource_index/package_run_dependencies/tiago_2dnav
[0.762s] -- Symlinking: /home/mjlinux/Downloads/book_ros2_wrs/install/tiago_2dnav/share/ament_index/resource_index/parent_prefix_path/tiago_2dnav
[0.768s] -- Symlinking: /home/mjlinux/Downloads/book_ros2_wrs/install/tiago_2dnav/share/tiago_2dnav/environment/ament_prefix_path.sh
[0.776s] -- Symlinking: /home/mjlinux/Downloads/book_ros2_wrs/install/tiago_2dnav/share/tiago_2dnav/environment/ament_prefix_path.dsv
[0.801s] -- Symlinking: /home/mjlinux/Downloads/book_ros2_wrs/install/tiago_2dnav/share/tiago_2dnav/environment/path.sh
[0.807s] -- Symlinking: /home/mjlinux/Downloads/book_ros2_wrs/install/tiago_2dnav/share/tiago_2dnav/environment/path.dsv
[0.815s] -- Symlinking: /home/mjlinux/Downloads/book_ros2_wrs/install/tiago_2dnav/share/tiago_2dnav/local_setup.bash
[0.823s] -- Symlinking: /home/mjlinux/Downloads/book_ros2_wrs/install/tiago_2dnav/share/tiago_2dnav/local_setup.sh
[0.830s] -- Symlinking: /home/mjlinux/Downloads/book_ros2_wrs/install/tiago_2dnav/share/tiago_2dnav/local_setup.zsh
[0.837s] -- Symlinking: /home/mjlinux/Downloads/book_ros2_wrs/install/tiago_2dnav/share/tiago_2dnav/local_setup.dsv
[0.844s] -- Symlinking: /home/mjlinux/Downloads/book_ros2_wrs/install/tiago_2dnav/share/tiago_2dnav/package.dsv
[0.851s] -- Symlinking: /home/mjlinux/Downloads/book_ros2_wrs/install/tiago_2dnav/share/ament_index/resource_index/packages/tiago_2dnav
[0.858s] -- Symlinking: /home/mjlinux/Downloads/book_ros2_wrs/install/tiago_2dnav/share/tiago_2dnav/cmake/tiago_2dnavConfig.cmake
[0.865s] -- Symlinking: /home/mjlinux/Downloads/book_ros2_wrs/install/tiago_2dnav/share/tiago_2dnav/cmake/tiago_2dnavConfig-version.cmake
[0.873s] -- Symlinking: /home/mjlinux/Downloads/book_ros2_wrs/install/tiago_2dnav/share/tiago_2dnav/package.xml
[0.897s] Invoked command in '/home/mjlinux/Downloads/book_ros2_wrs/build/tiago_2dnav' returned '0': AMENT_PREFIX_PATH=/home/mjlinux/Downloads/book_ros2_wrs/install/pmb2_2dnav:/home/mjlinux/Downloads/book_ros2_wrs/install/pmb2_maps:/home/mjlinux/Downloads/book_ros2_wrs/install/pmb2_laser_sensors:/home/mjlinux/Downloads/book_ros2_wrs/install/launch_pal:${AMENT_PREFIX_PATH} CMAKE_PREFIX_PATH=/home/mjlinux/Downloads/book_ros2_wrs/install/pmb2_2dnav:/home/mjlinux/Downloads/book_ros2_wrs/install/pmb2_maps:/home/mjlinux/Downloads/book_ros2_wrs/install/pmb2_laser_sensors:/opt/ros/humble PYTHONPATH=/home/mjlinux/Downloads/book_ros2_wrs/build/launch_pal:/home/mjlinux/Downloads/book_ros2_wrs/install/launch_pal/lib/python3.10/site-packages:${PYTHONPATH} /usr/bin/cmake --install /home/mjlinux/Downloads/book_ros2_wrs/build/tiago_2dnav
