[0.014s] Invoking command in '/home/mjlinux/Downloads/book_ros2_wrs/build/first_package': CMAKE_PREFIX_PATH=${CMAKE_PREFIX_PATH}:/home/mjlinux/Downloads/book_ros2_wrs/install/launch_pal:/home/mjlinux/Downloads/book_ros2_wrs/install/br2_fsm_bumpgo_py:/opt/ros/humble /usr/bin/cmake /home/mjlinux/Downloads/book_ros2_wrs/src/first_package -DAMENT_CMAKE_SYMLINK_INSTALL=1 -DCMAKE_INSTALL_PREFIX=/home/mjlinux/Downloads/book_ros2_wrs/install/first_package
[0.179s] -- The C compiler identification is GNU 11.4.0
[0.289s] -- The CXX compiler identification is GNU 11.4.0
[0.332s] -- Detecting C compiler ABI info
[0.407s] -- Detecting C compiler ABI info - done
[0.413s] -- Check for working C compiler: /usr/bin/cc - skipped
[0.414s] -- Detecting C compile features
[0.414s] -- Detecting C compile features - done
[0.426s] -- Detecting CXX compiler ABI info
[0.520s] -- Detecting CXX compiler ABI info - done
[0.530s] -- Check for working CXX compiler: /usr/bin/c++ - skipped
[0.530s] -- Detecting CXX compile features
[0.531s] -- Detecting CXX compile features - done
[0.537s] -- Found ament_cmake: 1.3.5 (/opt/ros/humble/share/ament_cmake/cmake)
[0.695s] -- Found Python3: /usr/bin/python3.10 (found version "3.10.12") found components: Interpreter 
[0.768s] -- Override CMake install command with custom implementation using symlinks instead of copying resources
[0.853s] -- Found rclcpp: 16.0.5 (/opt/ros/humble/share/rclcpp/cmake)
[0.947s] -- Found rosidl_generator_c: 3.1.5 (/opt/ros/humble/share/rosidl_generator_c/cmake)
[0.957s] -- Found rosidl_adapter: 3.1.5 (/opt/ros/humble/share/rosidl_adapter/cmake)
[0.972s] -- Found rosidl_generator_cpp: 3.1.5 (/opt/ros/humble/share/rosidl_generator_cpp/cmake)
[1.000s] -- Using all available rosidl_typesupport_c: rosidl_typesupport_fastrtps_c;rosidl_typesupport_introspection_c
[1.040s] -- Using all available rosidl_typesupport_cpp: rosidl_typesupport_fastrtps_cpp;rosidl_typesupport_introspection_cpp
[1.138s] -- Found rmw_implementation_cmake: 6.1.1 (/opt/ros/humble/share/rmw_implementation_cmake/cmake)
[1.144s] -- Found rmw_fastrtps_cpp: 6.2.3 (/opt/ros/humble/share/rmw_fastrtps_cpp/cmake)
[1.248s] -- Found OpenSSL: /usr/lib/aarch64-linux-gnu/libcrypto.so (found version "3.0.2")  
[1.272s] -- Found FastRTPS: /opt/ros/humble/include  
[1.309s] -- Using RMW implementation 'rmw_fastrtps_cpp' as default
[1.330s] -- Looking for pthread.h
[1.391s] -- Looking for pthread.h - found
[1.391s] -- Performing Test CMAKE_HAVE_LIBC_PTHREAD
[1.453s] -- Performing Test CMAKE_HAVE_LIBC_PTHREAD - Success
[1.454s] -- Found Threads: TRUE  
[1.608s] [31mCMake Error at CMakeLists.txt:11 (find_package):
[1.608s]   By not providing "Findstd.cmake" in CMAKE_MODULE_PATH this project has
[1.608s]   asked CMake to find a package configuration file provided by "std", but
[1.609s]   CMake did not find one.
[1.609s] 
[1.609s]   Could not find a package configuration file provided by "std" with any of
[1.609s]   the following names:
[1.609s] 
[1.609s]     stdConfig.cmake
[1.609s]     std-config.cmake
[1.609s] 
[1.609s]   Add the installation prefix of "std" to CMAKE_PREFIX_PATH or set "std_DIR"
[1.609s]   to a directory containing one of the above files.  If "std" provides a
[1.609s]   separate development package or SDK, be sure it has been installed.
[1.609s] 
[1.609s] [0m
[1.609s] -- Configuring incomplete, errors occurred!
[1.609s] See also "/home/mjlinux/Downloads/book_ros2_wrs/build/first_package/CMakeFiles/CMakeOutput.log".
[1.614s] Invoked command in '/home/mjlinux/Downloads/book_ros2_wrs/build/first_package' returned '1': CMAKE_PREFIX_PATH=${CMAKE_PREFIX_PATH}:/home/mjlinux/Downloads/book_ros2_wrs/install/launch_pal:/home/mjlinux/Downloads/book_ros2_wrs/install/br2_fsm_bumpgo_py:/opt/ros/humble /usr/bin/cmake /home/mjlinux/Downloads/book_ros2_wrs/src/first_package -DAMENT_CMAKE_SYMLINK_INSTALL=1 -DCMAKE_INSTALL_PREFIX=/home/mjlinux/Downloads/book_ros2_wrs/install/first_package
