-- The C compiler identification is GNU 11.4.0
-- The CXX compiler identification is GNU 11.4.0
-- Detecting C compiler ABI info
-- Detecting C compiler ABI info - done
-- Check for working C compiler: /usr/bin/cc - skipped
-- Detecting C compile features
-- Detecting C compile features - done
-- Detecting CXX compiler ABI info
-- Detecting CXX compiler ABI info - done
-- Check for working CXX compiler: /usr/bin/c++ - skipped
-- Detecting CXX compile features
-- Detecting CXX compile features - done
-- Found ament_cmake_auto: 1.3.5 (/opt/ros/humble/share/ament_cmake_auto/cmake)
-- Found Python3: /usr/bin/python3.10 (found version "3.10.12") found components: Interpreter 
-- Override CMake install command with custom implementation using symlinks instead of copying resources
-- Found ament_lint_auto: 0.12.7 (/opt/ros/humble/share/ament_lint_auto/cmake)
-- Found python_cmake_module: 0.10.0 (/opt/ros/humble/share/python_cmake_module/cmake)
-- Found PythonInterp: /home/mjlinux/.conda/envs/ros/bin/python3 (found suitable version "3.8.17", minimum required is "3.6") 
-- Found PythonLibs: /home/mjlinux/.conda/envs/ros/lib/libpython3.8.so (found suitable version "3.8.17", minimum required is "3.5") 
-- Using PYTHON_EXECUTABLE: /home/mjlinux/.conda/envs/ros/bin/python3
-- Using PYTHON_INCLUDE_DIRS: /home/mjlinux/.conda/envs/ros/include/python3.8
-- Using PYTHON_LIBRARIES: /home/mjlinux/.conda/envs/ros/lib/libpython3.8.so
-- Found PythonExtra: .so  
-- Added test 'copyright' to check source files copyright and LICENSE
-- Added test 'flake8' to check Python code syntax and style conventions
-- Added test 'lint_cmake' to check CMake code style
-- Added test 'pep257' to check Python code against some of the docstring style conventions in PEP 257
-- Added test 'xmllint' to check XML markup files
-- Configuring done
-- Generating done
-- Build files have been written to: /home/mjlinux/Downloads/book_ros2_wrs/build/tiago_description
