[0.136s] Invoking command in '/home/mjlinux/Downloads/book_ros2_wrs/build/tiago_description': AMENT_PREFIX_PATH=/home/mjlinux/Downloads/book_ros2_wrs/install/launch_pal:/home/mjlinux/Downloads/book_ros2_wrs/install/vision_msgs_rviz_plugins:/home/mjlinux/Downloads/book_ros2_wrs/install/br2_tracking:/home/mjlinux/Downloads/book_ros2_wrs/install/vision_msgs:/home/mjlinux/Downloads/book_ros2_wrs/install/urdf_test:/home/mjlinux/Downloads/book_ros2_wrs/install/tiago_simulation:/home/mjlinux/Downloads/book_ros2_wrs/install/tiago_robot:/home/mjlinux/Downloads/book_ros2_wrs/install/tiago_navigation:/home/mjlinux/Downloads/book_ros2_wrs/install/tiago_gazebo:/home/mjlinux/Downloads/book_ros2_wrs/install/tiago_moveit_config:/home/mjlinux/Downloads/book_ros2_wrs/install/tiago_laser_sensors:/home/mjlinux/Downloads/book_ros2_wrs/install/tiago_bringup:/home/mjlinux/Downloads/book_ros2_wrs/install/tiago_description:/home/mjlinux/Downloads/book_ros2_wrs/install/tiago_controller_configuration:/home/mjlinux/Downloads/book_ros2_wrs/install/tiago_2dnav:/home/mjlinux/Downloads/book_ros2_wrs/install/first_package:/home/mjlinux/Downloads/book_ros2_wrs/install/br2_basics:/home/mjlinux/Downloads/book_ros2_wrs/install/pmb2_robot:/home/mjlinux/Downloads/book_ros2_wrs/install/pmb2_navigation:/home/mjlinux/Downloads/book_ros2_wrs/install/pmb2_2dnav:/home/mjlinux/Downloads/book_ros2_wrs/install/pmb2_maps:/home/mjlinux/Downloads/book_ros2_wrs/install/pmb2_laser_sensors:/home/mjlinux/Downloads/book_ros2_wrs/install/pmb2_bringup:/home/mjlinux/Downloads/book_ros2_wrs/install/pmb2_description:/home/mjlinux/Downloads/book_ros2_wrs/install/pmb2_controller_configuration:/home/mjlinux/Downloads/book_ros2_wrs/install/pal_gripper:/home/mjlinux/Downloads/book_ros2_wrs/install/pal_gripper_description:/home/mjlinux/Downloads/book_ros2_wrs/install/pal_gripper_controller_configuration:/home/mjlinux/Downloads/book_ros2_wrs/install/pal_gazebo_worlds:/home/mjlinux/Downloads/book_ros2_wrs/install/hey5_description:/home/mjlinux/Downloads/book_ros2_wrs/install/groot:/home/mjlinux/Downloads/book_ros2_wrs/install/br2_vff_avoidance:/home/mjlinux/Downloads/book_ros2_wrs/install/br2_tracking_msgs:/home/mjlinux/Downloads/book_ros2_wrs/install/br2_tiago:/home/mjlinux/Downloads/book_ros2_wrs/install/br2_tf2_detector:/home/mjlinux/Downloads/book_ros2_wrs/install/br2_navigation:/home/mjlinux/Downloads/book_ros2_wrs/install/br2_fsm_bumpgo_py:/home/mjlinux/Downloads/book_ros2_wrs/install/br2_fsm_bumpgo_cpp:/home/mjlinux/Downloads/book_ros2_wrs/install/br2_bt_patrolling:/home/mjlinux/Downloads/book_ros2_wrs/install/br2_bt_bumpgo:/opt/ros/humble CMAKE_PREFIX_PATH=/home/mjlinux/Downloads/book_ros2_wrs/install/tiago_controller_configuration:/home/mjlinux/Downloads/book_ros2_wrs/install/pmb2_description:/home/mjlinux/Downloads/book_ros2_wrs/install/pal_gripper_description:/home/mjlinux/Downloads/book_ros2_wrs/install/urdf_test:/home/mjlinux/Downloads/book_ros2_wrs/install/pmb2_controller_configuration:/home/mjlinux/Downloads/book_ros2_wrs/install/pal_gripper_controller_configuration:/home/mjlinux/Downloads/book_ros2_wrs/install/hey5_description:/home/mjlinux/Downloads/book_ros2_wrs/install/vision_msgs_rviz_plugins:/home/mjlinux/Downloads/book_ros2_wrs/install/br2_tracking:/home/mjlinux/Downloads/book_ros2_wrs/install/vision_msgs:/home/mjlinux/Downloads/book_ros2_wrs/install/tiago_simulation:/home/mjlinux/Downloads/book_ros2_wrs/install/tiago_robot:/home/mjlinux/Downloads/book_ros2_wrs/install/tiago_navigation:/home/mjlinux/Downloads/book_ros2_wrs/install/tiago_gazebo:/home/mjlinux/Downloads/book_ros2_wrs/install/tiago_moveit_config:/home/mjlinux/Downloads/book_ros2_wrs/install/tiago_laser_sensors:/home/mjlinux/Downloads/book_ros2_wrs/install/tiago_bringup:/home/mjlinux/Downloads/book_ros2_wrs/install/tiago_description:/home/mjlinux/Downloads/book_ros2_wrs/install/tiago_2dnav:/home/mjlinux/Downloads/book_ros2_wrs/install/first_package:/home/mjlinux/Downloads/book_ros2_wrs/install/br2_basics:/home/mjlinux/Downloads/book_ros2_wrs/install/pmb2_robot:/home/mjlinux/Downloads/book_ros2_wrs/install/pmb2_navigation:/home/mjlinux/Downloads/book_ros2_wrs/install/pmb2_2dnav:/home/mjlinux/Downloads/book_ros2_wrs/install/pmb2_maps:/home/mjlinux/Downloads/book_ros2_wrs/install/pmb2_laser_sensors:/home/mjlinux/Downloads/book_ros2_wrs/install/pmb2_bringup:/home/mjlinux/Downloads/book_ros2_wrs/install/pal_gripper:/home/mjlinux/Downloads/book_ros2_wrs/install/pal_gazebo_worlds:/home/mjlinux/Downloads/book_ros2_wrs/install/groot:/home/mjlinux/Downloads/book_ros2_wrs/install/catkin:/home/mjlinux/Downloads/book_ros2_wrs/install/br2_vff_avoidance:/home/mjlinux/Downloads/book_ros2_wrs/install/br2_tracking_msgs:/home/mjlinux/Downloads/book_ros2_wrs/install/br2_tiago:/home/mjlinux/Downloads/book_ros2_wrs/install/br2_tf2_detector:/home/mjlinux/Downloads/book_ros2_wrs/install/br2_navigation:/home/mjlinux/Downloads/book_ros2_wrs/install/br2_fsm_bumpgo_cpp:/home/mjlinux/Downloads/book_ros2_wrs/install/br2_bt_patrolling:/home/mjlinux/Downloads/book_ros2_wrs/install/br2_bt_bumpgo:/home/mjlinux/Downloads/book_ros2_wrs/install/launch_pal:/home/mjlinux/Downloads/book_ros2_wrs/install/br2_fsm_bumpgo_py:/opt/ros/humble CONDA_PROMPT_MODIFIER=(ros) PYTHONPATH=/home/mjlinux/Downloads/book_ros2_wrs/build/launch_pal:/home/mjlinux/Downloads/book_ros2_wrs/install/launch_pal/lib/python3.10/site-packages:/home/mjlinux/Downloads/book_ros2_wrs/install/vision_msgs/local/lib/python3.10/dist-packages:/home/mjlinux/Downloads/book_ros2_wrs/install/urdf_test/local/lib/python3.10/dist-packages:/home/mjlinux/Downloads/book_ros2_wrs/install/tiago_description/local/lib/python3.10/dist-packages:/home/mjlinux/Downloads/book_ros2_wrs/install/pmb2_description/local/lib/python3.10/dist-packages:/home/mjlinux/Downloads/book_ros2_wrs/install/catkin/lib/python3/dist-packages:/home/mjlinux/Downloads/book_ros2_wrs/install/br2_tracking_msgs/local/lib/python3.10/dist-packages:/home/mjlinux/Downloads/book_ros2_wrs/build/br2_fsm_bumpgo_py:/home/mjlinux/Downloads/book_ros2_wrs/install/br2_fsm_bumpgo_py/lib/python3.10/site-packages:/opt/ros/humble/lib/python3.10/site-packages:/opt/ros/humble/local/lib/python3.10/dist-packages /usr/bin/cmake /home/mjlinux/Downloads/book_ros2_wrs/ThirdParty/tiago_robot/tiago_description -DAMENT_CMAKE_SYMLINK_INSTALL=1 -DCMAKE_INSTALL_PREFIX=/home/mjlinux/Downloads/book_ros2_wrs/install/tiago_description
[0.214s] -- The C compiler identification is GNU 11.4.0
[0.303s] -- The CXX compiler identification is GNU 11.4.0
[0.316s] -- Detecting C compiler ABI info
[0.441s] -- Detecting C compiler ABI info - done
[0.450s] -- Check for working C compiler: /usr/bin/cc - skipped
[0.450s] -- Detecting C compile features
[0.451s] -- Detecting C compile features - done
[0.455s] -- Detecting CXX compiler ABI info
[0.562s] -- Detecting CXX compiler ABI info - done
[0.568s] -- Check for working CXX compiler: /usr/bin/c++ - skipped
[0.568s] -- Detecting CXX compile features
[0.568s] -- Detecting CXX compile features - done
[0.579s] -- Found ament_cmake_auto: 1.3.5 (/opt/ros/humble/share/ament_cmake_auto/cmake)
[0.797s] -- Found Python3: /usr/bin/python3.10 (found version "3.10.12") found components: Interpreter 
[0.859s] -- Override CMake install command with custom implementation using symlinks instead of copying resources
[0.947s] -- Found ament_lint_auto: 0.12.7 (/opt/ros/humble/share/ament_lint_auto/cmake)
[0.968s] -- Found python_cmake_module: 0.10.0 (/opt/ros/humble/share/python_cmake_module/cmake)
[1.019s] -- Found PythonInterp: /home/mjlinux/.conda/envs/ros/bin/python3 (found suitable version "3.8.17", minimum required is "3.6") 
[1.020s] -- Found PythonLibs: /home/mjlinux/.conda/envs/ros/lib/libpython3.8.so (found suitable version "3.8.17", minimum required is "3.5") 
[1.020s] -- Using PYTHON_EXECUTABLE: /home/mjlinux/.conda/envs/ros/bin/python3
[1.020s] -- Using PYTHON_INCLUDE_DIRS: /home/mjlinux/.conda/envs/ros/include/python3.8
[1.020s] -- Using PYTHON_LIBRARIES: /home/mjlinux/.conda/envs/ros/lib/libpython3.8.so
[1.058s] -- Found PythonExtra: .so  
[1.152s] -- Added test 'copyright' to check source files copyright and LICENSE
[1.159s] -- Added test 'flake8' to check Python code syntax and style conventions
[1.165s] -- Added test 'lint_cmake' to check CMake code style
[1.170s] -- Added test 'pep257' to check Python code against some of the docstring style conventions in PEP 257
[1.173s] -- Added test 'xmllint' to check XML markup files
[1.174s] -- Configuring done
[1.180s] -- Generating done
[1.183s] -- Build files have been written to: /home/mjlinux/Downloads/book_ros2_wrs/build/tiago_description
