[0.013s] Invoking command in '/home/mjlinux/Downloads/book_ros2_wrs/build/vision_msgs': CMAKE_PREFIX_PATH=/opt/ros/humble /usr/bin/cmake /home/mjlinux/Downloads/book_ros2_wrs/vision_msgs/vision_msgs -DAMENT_CMAKE_SYMLINK_INSTALL=1 -DCMAKE_INSTALL_PREFIX=/home/mjlinux/Downloads/book_ros2_wrs/install/vision_msgs
[0.103s] -- The C compiler identification is GNU 11.4.0
[0.157s] -- The CXX compiler identification is GNU 11.4.0
[0.166s] -- Detecting C compiler ABI info
[0.254s] -- Detecting C compiler ABI info - done
[0.275s] -- Check for working C compiler: /usr/bin/cc - skipped
[0.275s] -- Detecting C compile features
[0.276s] -- Detecting C compile features - done
[0.278s] -- Detecting CXX compiler ABI info
[0.399s] -- Detecting CXX compiler ABI info - done
[0.399s] -- Check for working CXX compiler: /usr/bin/c++ - skipped
[0.399s] -- Detecting CXX compile features
[0.399s] -- Detecting CXX compile features - done
[0.399s] -- Found ament_cmake: 1.3.5 (/opt/ros/humble/share/ament_cmake/cmake)
[0.537s] -- Found Python3: /usr/bin/python3.10 (found version "3.10.12") found components: Interpreter 
[0.578s] -- Override CMake install command with custom implementation using symlinks instead of copying resources
[0.621s] -- Found std_msgs: 4.2.3 (/opt/ros/humble/share/std_msgs/cmake)
[0.650s] -- Found rosidl_generator_c: 3.1.5 (/opt/ros/humble/share/rosidl_generator_c/cmake)
[0.654s] -- Found rosidl_adapter: 3.1.5 (/opt/ros/humble/share/rosidl_adapter/cmake)
[0.661s] -- Found rosidl_generator_cpp: 3.1.5 (/opt/ros/humble/share/rosidl_generator_cpp/cmake)
[0.671s] -- Using all available rosidl_typesupport_c: rosidl_typesupport_fastrtps_c;rosidl_typesupport_introspection_c
[0.691s] -- Using all available rosidl_typesupport_cpp: rosidl_typesupport_fastrtps_cpp;rosidl_typesupport_introspection_cpp
[0.742s] -- Found geometry_msgs: 4.2.3 (/opt/ros/humble/share/geometry_msgs/cmake)
[0.806s] -- Found rosidl_default_generators: 1.2.0 (/opt/ros/humble/share/rosidl_default_generators/cmake)
[1.112s] -- Found ament_cmake_cppcheck: 0.12.7 (/opt/ros/humble/share/ament_cmake_cppcheck/cmake)
[1.115s] -- Found ament_cmake_cpplint: 0.12.7 (/opt/ros/humble/share/ament_cmake_cpplint/cmake)
[1.120s] -- Found ament_cmake_uncrustify: 0.12.7 (/opt/ros/humble/share/ament_cmake_uncrustify/cmake)
[1.121s] -- Found ament_cmake_ros: 0.10.0 (/opt/ros/humble/share/ament_cmake_ros/cmake)
[1.539s] -- Using all available rosidl_typesupport_c: rosidl_typesupport_fastrtps_c;rosidl_typesupport_introspection_c
[1.656s] -- Using all available rosidl_typesupport_cpp: rosidl_typesupport_fastrtps_cpp;rosidl_typesupport_introspection_cpp
[1.680s] -- Found PythonInterp: /usr/bin/python3 (found suitable version "3.10.12", minimum required is "3.6") 
[1.682s] -- Found python_cmake_module: 0.10.0 (/opt/ros/humble/share/python_cmake_module/cmake)
[1.710s] -- Found PythonLibs: /usr/lib/aarch64-linux-gnu/libpython3.10.so (found suitable version "3.10.12", minimum required is "3.5") 
[1.710s] -- Using PYTHON_EXECUTABLE: /usr/bin/python3
[1.710s] -- Using PYTHON_INCLUDE_DIRS: /usr/include/python3.10
[1.710s] -- Using PYTHON_LIBRARIES: /usr/lib/aarch64-linux-gnu/libpython3.10.so
[1.732s] -- Found PythonExtra: .so  
[1.781s] -- Found ament_cmake_flake8: 0.12.7 (/opt/ros/humble/share/ament_cmake_flake8/cmake)
[1.792s] -- Found ament_cmake_pep257: 0.12.7 (/opt/ros/humble/share/ament_cmake_pep257/cmake)
[1.798s] -- Found ament_lint_auto: 0.12.7 (/opt/ros/humble/share/ament_lint_auto/cmake)
[1.810s] -- Found gtest sources under '/opt/ros/humble/src/gtest_vendor': C++ tests using 'Google Test' will be built
[1.812s] -- Looking for pthread.h
[1.903s] -- Looking for pthread.h - found
[1.903s] -- Performing Test CMAKE_HAVE_LIBC_PTHREAD
[1.985s] -- Performing Test CMAKE_HAVE_LIBC_PTHREAD - Success
[1.986s] -- Found Threads: TRUE  
[1.995s] -- Added test 'cppcheck' to perform static code analysis on C / C++ code
[1.995s] -- Configured cppcheck include dirs: /home/mjlinux/Downloads/book_ros2_wrs/vision_msgs/vision_msgs/include
[1.995s] -- Configured cppcheck exclude dirs and/or files: 
[1.996s] -- Added test 'cpplint' to check C / C++ code against the Google style
[1.996s] -- Configured cpplint exclude dirs and/or files: 
[1.997s] -- Added test 'uncrustify' to check C / C++ code style
[1.997s] -- Configured uncrustify additional arguments: 
[1.998s] -- Added test 'copyright' to check source files copyright and LICENSE
[1.998s] -- Added test 'lint_cmake' to check CMake code style
[1.999s] -- Added test 'xmllint' to check XML markup files
[2.002s] -- Configuring done
[2.050s] -- Generating done
[2.052s] -- Build files have been written to: /home/mjlinux/Downloads/book_ros2_wrs/build/vision_msgs
[2.065s] Invoked command in '/home/mjlinux/Downloads/book_ros2_wrs/build/vision_msgs' returned '0': CMAKE_PREFIX_PATH=/opt/ros/humble /usr/bin/cmake /home/mjlinux/Downloads/book_ros2_wrs/vision_msgs/vision_msgs -DAMENT_CMAKE_SYMLINK_INSTALL=1 -DCMAKE_INSTALL_PREFIX=/home/mjlinux/Downloads/book_ros2_wrs/install/vision_msgs
[2.067s] Invoking command in '/home/mjlinux/Downloads/book_ros2_wrs/build/vision_msgs': CMAKE_PREFIX_PATH=/opt/ros/humble /usr/bin/cmake --build /home/mjlinux/Downloads/book_ros2_wrs/build/vision_msgs -- -j4 -l4
[2.121s] [  1%] [34m[1mGenerating C code for ROS interfaces[0m
[2.139s] [  2%] [34m[1mGenerating C++ code for ROS interfaces[0m
[2.157s] [  2%] [32mBuilding CXX object gtest/CMakeFiles/gtest_main.dir/src/gtest_main.cc.o[0m
[2.161s] [  2%] Built target ament_cmake_python_symlink_vision_msgs
[2.205s] [  2%] [32mBuilding CXX object gtest/CMakeFiles/gtest.dir/src/gtest-all.cc.o[0m
[2.949s] [  3%] [32m[1mLinking CXX static library libgtest_main.a[0m
[3.128s] [  3%] Built target gtest_main
[3.456s] running egg_info
[3.456s] creating vision_msgs.egg-info
[3.456s] writing vision_msgs.egg-info/PKG-INFO
[3.456s] writing dependency_links to vision_msgs.egg-info/dependency_links.txt
[3.456s] writing top-level names to vision_msgs.egg-info/top_level.txt
[3.456s] writing manifest file 'vision_msgs.egg-info/SOURCES.txt'
[3.456s] reading manifest file 'vision_msgs.egg-info/SOURCES.txt'
[3.456s] writing manifest file 'vision_msgs.egg-info/SOURCES.txt'
[3.508s] [  3%] Built target ament_cmake_python_build_vision_msgs_egg
[4.156s] [  3%] Built target vision_msgs__cpp
[4.182s] [  4%] [34m[1mGenerating C++ type support dispatch for ROS interfaces[0m
[4.314s] [  4%] [34m[1mGenerating C++ type support for eProsima Fast-RTPS[0m
[4.352s] [  5%] [32mBuilding C object CMakeFiles/vision_msgs__rosidl_generator_c.dir/rosidl_generator_c/vision_msgs/msg/detail/bounding_box2_d__functions.c.o[0m
[4.503s] [  5%] [32mBuilding C object CMakeFiles/vision_msgs__rosidl_generator_c.dir/rosidl_generator_c/vision_msgs/msg/detail/bounding_box2_d_array__functions.c.o[0m
[4.709s] [  6%] [32mBuilding C object CMakeFiles/vision_msgs__rosidl_generator_c.dir/rosidl_generator_c/vision_msgs/msg/detail/bounding_box3_d__functions.c.o[0m
[4.778s] [  7%] [32mBuilding C object CMakeFiles/vision_msgs__rosidl_generator_c.dir/rosidl_generator_c/vision_msgs/msg/detail/bounding_box3_d_array__functions.c.o[0m
[4.839s] [  8%] [32m[1mLinking CXX static library libgtest.a[0m
[4.847s] [  8%] [32mBuilding C object CMakeFiles/vision_msgs__rosidl_generator_c.dir/rosidl_generator_c/vision_msgs/msg/detail/classification__functions.c.o[0m
[4.919s] [  9%] [32mBuilding C object CMakeFiles/vision_msgs__rosidl_generator_c.dir/rosidl_generator_c/vision_msgs/msg/detail/detection2_d_array__functions.c.o[0m
[5.046s] [  9%] Built target gtest
[5.053s] [  9%] [32mBuilding C object CMakeFiles/vision_msgs__rosidl_generator_c.dir/rosidl_generator_c/vision_msgs/msg/detail/detection2_d__functions.c.o[0m
[5.090s] [  9%] [34m[1mGenerating C++ introspection for ROS interfaces[0m
[5.143s] [ 10%] [32mBuilding C object CMakeFiles/vision_msgs__rosidl_generator_c.dir/rosidl_generator_c/vision_msgs/msg/detail/detection3_d_array__functions.c.o[0m
[5.218s] [ 11%] [32mBuilding C object CMakeFiles/vision_msgs__rosidl_generator_c.dir/rosidl_generator_c/vision_msgs/msg/detail/detection3_d__functions.c.o[0m
[5.278s] [ 11%] [32mBuilding C object CMakeFiles/vision_msgs__rosidl_generator_c.dir/rosidl_generator_c/vision_msgs/msg/detail/label_info__functions.c.o[0m
[5.291s] [ 12%] [32mBuilding CXX object CMakeFiles/vision_msgs__rosidl_typesupport_cpp.dir/rosidl_typesupport_cpp/vision_msgs/msg/bounding_box2_d__type_support.cpp.o[0m
[5.321s] [ 13%] [32mBuilding C object CMakeFiles/vision_msgs__rosidl_generator_c.dir/rosidl_generator_c/vision_msgs/msg/detail/object_hypothesis__functions.c.o[0m
[5.372s] [ 14%] [32mBuilding C object CMakeFiles/vision_msgs__rosidl_generator_c.dir/rosidl_generator_c/vision_msgs/msg/detail/object_hypothesis_with_pose__functions.c.o[0m
[5.425s] [ 14%] [32mBuilding C object CMakeFiles/vision_msgs__rosidl_generator_c.dir/rosidl_generator_c/vision_msgs/msg/detail/vision_class__functions.c.o[0m
[5.462s] [ 15%] [32mBuilding C object CMakeFiles/vision_msgs__rosidl_generator_c.dir/rosidl_generator_c/vision_msgs/msg/detail/point2_d__functions.c.o[0m
[5.497s] [ 15%] [32mBuilding CXX object CMakeFiles/vision_msgs__rosidl_typesupport_cpp.dir/rosidl_typesupport_cpp/vision_msgs/msg/bounding_box2_d_array__type_support.cpp.o[0m
[5.506s] [ 16%] [32mBuilding C object CMakeFiles/vision_msgs__rosidl_generator_c.dir/rosidl_generator_c/vision_msgs/msg/detail/pose2_d__functions.c.o[0m
[5.543s] [ 16%] [32mBuilding C object CMakeFiles/vision_msgs__rosidl_generator_c.dir/rosidl_generator_c/vision_msgs/msg/detail/vision_info__functions.c.o[0m
[5.591s] [ 17%] [32m[1mLinking C shared library libvision_msgs__rosidl_generator_c.so[0m
[5.617s] [ 18%] [32mBuilding CXX object CMakeFiles/vision_msgs__rosidl_typesupport_fastrtps_cpp.dir/rosidl_typesupport_fastrtps_cpp/vision_msgs/msg/detail/dds_fastrtps/bounding_box2_d__type_support.cpp.o[0m
[5.629s] [ 18%] Built target vision_msgs__rosidl_generator_c
[5.638s] [ 19%] [32mBuilding CXX object CMakeFiles/vision_msgs__rosidl_typesupport_cpp.dir/rosidl_typesupport_cpp/vision_msgs/msg/bounding_box3_d__type_support.cpp.o[0m
[5.672s] [ 20%] [32mBuilding CXX object CMakeFiles/vision_msgs__rosidl_typesupport_cpp.dir/rosidl_typesupport_cpp/vision_msgs/msg/bounding_box3_d_array__type_support.cpp.o[0m
[5.814s] [ 20%] [32mBuilding CXX object CMakeFiles/vision_msgs__rosidl_typesupport_cpp.dir/rosidl_typesupport_cpp/vision_msgs/msg/classification__type_support.cpp.o[0m
[5.845s] [ 21%] [32mBuilding CXX object CMakeFiles/vision_msgs__rosidl_typesupport_cpp.dir/rosidl_typesupport_cpp/vision_msgs/msg/detection2_d_array__type_support.cpp.o[0m
[5.874s] [ 21%] [32mBuilding CXX object CMakeFiles/vision_msgs__rosidl_typesupport_fastrtps_cpp.dir/rosidl_typesupport_fastrtps_cpp/vision_msgs/msg/detail/dds_fastrtps/bounding_box2_d_array__type_support.cpp.o[0m
[5.988s] [ 21%] [32mBuilding CXX object CMakeFiles/vision_msgs__rosidl_typesupport_cpp.dir/rosidl_typesupport_cpp/vision_msgs/msg/detection2_d__type_support.cpp.o[0m
[6.020s] [ 22%] [32mBuilding CXX object CMakeFiles/vision_msgs__rosidl_typesupport_cpp.dir/rosidl_typesupport_cpp/vision_msgs/msg/detection3_d_array__type_support.cpp.o[0m
[6.137s] [ 23%] [32mBuilding CXX object CMakeFiles/vision_msgs__rosidl_typesupport_introspection_cpp.dir/rosidl_typesupport_introspection_cpp/vision_msgs/msg/detail/bounding_box2_d__type_support.cpp.o[0m
[6.153s] [ 24%] [32mBuilding CXX object CMakeFiles/vision_msgs__rosidl_typesupport_cpp.dir/rosidl_typesupport_cpp/vision_msgs/msg/detection3_d__type_support.cpp.o[0m
[6.159s] [ 25%] [32mBuilding CXX object CMakeFiles/vision_msgs__rosidl_typesupport_fastrtps_cpp.dir/rosidl_typesupport_fastrtps_cpp/vision_msgs/msg/detail/dds_fastrtps/bounding_box3_d__type_support.cpp.o[0m
[6.201s] [ 25%] [32mBuilding CXX object CMakeFiles/vision_msgs__rosidl_typesupport_cpp.dir/rosidl_typesupport_cpp/vision_msgs/msg/label_info__type_support.cpp.o[0m
[6.328s] [ 26%] [32mBuilding CXX object CMakeFiles/vision_msgs__rosidl_typesupport_cpp.dir/rosidl_typesupport_cpp/vision_msgs/msg/object_hypothesis__type_support.cpp.o[0m
[6.366s] [ 27%] [32mBuilding CXX object CMakeFiles/vision_msgs__rosidl_typesupport_cpp.dir/rosidl_typesupport_cpp/vision_msgs/msg/object_hypothesis_with_pose__type_support.cpp.o[0m
[6.369s] [ 28%] [32mBuilding CXX object CMakeFiles/vision_msgs__rosidl_typesupport_introspection_cpp.dir/rosidl_typesupport_introspection_cpp/vision_msgs/msg/detail/bounding_box2_d_array__type_support.cpp.o[0m
[6.410s] [ 29%] [32mBuilding CXX object CMakeFiles/vision_msgs__rosidl_typesupport_fastrtps_cpp.dir/rosidl_typesupport_fastrtps_cpp/vision_msgs/msg/detail/dds_fastrtps/bounding_box3_d_array__type_support.cpp.o[0m
[6.499s] [ 29%] [32mBuilding CXX object CMakeFiles/vision_msgs__rosidl_typesupport_cpp.dir/rosidl_typesupport_cpp/vision_msgs/msg/vision_class__type_support.cpp.o[0m
[6.530s] [ 30%] [32mBuilding CXX object CMakeFiles/vision_msgs__rosidl_typesupport_cpp.dir/rosidl_typesupport_cpp/vision_msgs/msg/point2_d__type_support.cpp.o[0m
[6.615s] [ 30%] [32mBuilding CXX object CMakeFiles/vision_msgs__rosidl_typesupport_introspection_cpp.dir/rosidl_typesupport_introspection_cpp/vision_msgs/msg/detail/bounding_box3_d__type_support.cpp.o[0m
[6.662s] [ 31%] [32mBuilding CXX object CMakeFiles/vision_msgs__rosidl_typesupport_cpp.dir/rosidl_typesupport_cpp/vision_msgs/msg/pose2_d__type_support.cpp.o[0m
[6.681s] [ 31%] [32mBuilding CXX object CMakeFiles/vision_msgs__rosidl_typesupport_fastrtps_cpp.dir/rosidl_typesupport_fastrtps_cpp/vision_msgs/msg/detail/dds_fastrtps/classification__type_support.cpp.o[0m
[6.692s] [ 31%] [32mBuilding CXX object CMakeFiles/vision_msgs__rosidl_typesupport_cpp.dir/rosidl_typesupport_cpp/vision_msgs/msg/vision_info__type_support.cpp.o[0m
[6.830s] [ 32%] [32mBuilding CXX object CMakeFiles/vision_msgs__rosidl_typesupport_fastrtps_cpp.dir/rosidl_typesupport_fastrtps_cpp/vision_msgs/msg/detail/dds_fastrtps/detection2_d_array__type_support.cpp.o[0m
[6.842s] [ 33%] [32mBuilding CXX object CMakeFiles/vision_msgs__rosidl_typesupport_introspection_cpp.dir/rosidl_typesupport_introspection_cpp/vision_msgs/msg/detail/bounding_box3_d_array__type_support.cpp.o[0m
[6.870s] [ 34%] [32m[1mLinking CXX shared library libvision_msgs__rosidl_typesupport_cpp.so[0m
[6.912s] [ 34%] Built target vision_msgs__rosidl_typesupport_cpp
[6.922s] [ 34%] [34m[1mGenerating C type support for eProsima Fast-RTPS[0m
[6.952s] [ 35%] [32mBuilding CXX object CMakeFiles/vision_msgs__rosidl_typesupport_fastrtps_cpp.dir/rosidl_typesupport_fastrtps_cpp/vision_msgs/msg/detail/dds_fastrtps/detection2_d__type_support.cpp.o[0m
[7.104s] [ 36%] [32mBuilding CXX object CMakeFiles/vision_msgs__rosidl_typesupport_introspection_cpp.dir/rosidl_typesupport_introspection_cpp/vision_msgs/msg/detail/classification__type_support.cpp.o[0m
[7.110s] [ 36%] [32mBuilding CXX object CMakeFiles/vision_msgs__rosidl_typesupport_fastrtps_cpp.dir/rosidl_typesupport_fastrtps_cpp/vision_msgs/msg/detail/dds_fastrtps/detection3_d_array__type_support.cpp.o[0m
[7.225s] [ 37%] [32mBuilding CXX object CMakeFiles/vision_msgs__rosidl_typesupport_fastrtps_cpp.dir/rosidl_typesupport_fastrtps_cpp/vision_msgs/msg/detail/dds_fastrtps/detection3_d__type_support.cpp.o[0m
[7.355s] [ 37%] [32mBuilding CXX object CMakeFiles/vision_msgs__rosidl_typesupport_introspection_cpp.dir/rosidl_typesupport_introspection_cpp/vision_msgs/msg/detail/detection2_d_array__type_support.cpp.o[0m
[7.397s] [ 38%] [32mBuilding CXX object CMakeFiles/vision_msgs__rosidl_typesupport_fastrtps_cpp.dir/rosidl_typesupport_fastrtps_cpp/vision_msgs/msg/detail/dds_fastrtps/label_info__type_support.cpp.o[0m
[7.509s] [ 38%] [32mBuilding CXX object CMakeFiles/vision_msgs__rosidl_typesupport_fastrtps_cpp.dir/rosidl_typesupport_fastrtps_cpp/vision_msgs/msg/detail/dds_fastrtps/object_hypothesis__type_support.cpp.o[0m
[7.650s] [ 39%] [32mBuilding CXX object CMakeFiles/vision_msgs__rosidl_typesupport_introspection_cpp.dir/rosidl_typesupport_introspection_cpp/vision_msgs/msg/detail/detection2_d__type_support.cpp.o[0m
[7.660s] [ 40%] [32mBuilding CXX object CMakeFiles/vision_msgs__rosidl_typesupport_fastrtps_cpp.dir/rosidl_typesupport_fastrtps_cpp/vision_msgs/msg/detail/dds_fastrtps/object_hypothesis_with_pose__type_support.cpp.o[0m
[7.751s] [ 40%] [32mBuilding CXX object CMakeFiles/vision_msgs__rosidl_typesupport_fastrtps_cpp.dir/rosidl_typesupport_fastrtps_cpp/vision_msgs/msg/detail/dds_fastrtps/vision_class__type_support.cpp.o[0m
[7.912s] [ 41%] [32mBuilding CXX object CMakeFiles/vision_msgs__rosidl_typesupport_fastrtps_cpp.dir/rosidl_typesupport_fastrtps_cpp/vision_msgs/msg/detail/dds_fastrtps/point2_d__type_support.cpp.o[0m
[7.921s] [ 41%] [32mBuilding CXX object CMakeFiles/vision_msgs__rosidl_typesupport_introspection_cpp.dir/rosidl_typesupport_introspection_cpp/vision_msgs/msg/detail/detection3_d_array__type_support.cpp.o[0m
[7.985s] [ 42%] [32mBuilding CXX object CMakeFiles/vision_msgs__rosidl_typesupport_fastrtps_c.dir/rosidl_typesupport_fastrtps_c/vision_msgs/msg/detail/bounding_box2_d__type_support_c.cpp.o[0m
[7.997s] [ 43%] [32mBuilding CXX object CMakeFiles/vision_msgs__rosidl_typesupport_fastrtps_cpp.dir/rosidl_typesupport_fastrtps_cpp/vision_msgs/msg/detail/dds_fastrtps/pose2_d__type_support.cpp.o[0m
[8.155s] [ 43%] [32mBuilding CXX object CMakeFiles/vision_msgs__rosidl_typesupport_fastrtps_cpp.dir/rosidl_typesupport_fastrtps_cpp/vision_msgs/msg/detail/dds_fastrtps/vision_info__type_support.cpp.o[0m
[8.193s] [ 44%] [32mBuilding CXX object CMakeFiles/vision_msgs__rosidl_typesupport_fastrtps_c.dir/rosidl_typesupport_fastrtps_c/vision_msgs/msg/detail/bounding_box2_d_array__type_support_c.cpp.o[0m
[8.230s] [ 45%] [32mBuilding CXX object CMakeFiles/vision_msgs__rosidl_typesupport_introspection_cpp.dir/rosidl_typesupport_introspection_cpp/vision_msgs/msg/detail/detection3_d__type_support.cpp.o[0m
[8.243s] [ 46%] [32mBuilding CXX object CMakeFiles/vision_msgs__rosidl_typesupport_introspection_cpp.dir/rosidl_typesupport_introspection_cpp/vision_msgs/msg/detail/label_info__type_support.cpp.o[0m
[8.392s] [ 46%] [32mBuilding CXX object CMakeFiles/vision_msgs__rosidl_typesupport_fastrtps_c.dir/rosidl_typesupport_fastrtps_c/vision_msgs/msg/detail/bounding_box3_d__type_support_c.cpp.o[0m
[8.404s] [ 47%] [32m[1mLinking CXX shared library libvision_msgs__rosidl_typesupport_fastrtps_cpp.so[0m
[8.467s] [ 47%] Built target vision_msgs__rosidl_typesupport_fastrtps_cpp
[8.477s] [ 48%] [34m[1mGenerating C introspection for ROS interfaces[0m
[8.505s] [ 48%] [32mBuilding CXX object CMakeFiles/vision_msgs__rosidl_typesupport_introspection_cpp.dir/rosidl_typesupport_introspection_cpp/vision_msgs/msg/detail/object_hypothesis__type_support.cpp.o[0m
[8.507s] [ 49%] [32mBuilding CXX object CMakeFiles/vision_msgs__rosidl_typesupport_introspection_cpp.dir/rosidl_typesupport_introspection_cpp/vision_msgs/msg/detail/object_hypothesis_with_pose__type_support.cpp.o[0m
[8.598s] [ 50%] [32mBuilding CXX object CMakeFiles/vision_msgs__rosidl_typesupport_fastrtps_c.dir/rosidl_typesupport_fastrtps_c/vision_msgs/msg/detail/bounding_box3_d_array__type_support_c.cpp.o[0m
[8.735s] [ 51%] [32mBuilding CXX object CMakeFiles/vision_msgs__rosidl_typesupport_introspection_cpp.dir/rosidl_typesupport_introspection_cpp/vision_msgs/msg/detail/point2_d__type_support.cpp.o[0m
[8.735s] [ 51%] [32mBuilding CXX object CMakeFiles/vision_msgs__rosidl_typesupport_introspection_cpp.dir/rosidl_typesupport_introspection_cpp/vision_msgs/msg/detail/vision_class__type_support.cpp.o[0m
[8.801s] [ 52%] [32mBuilding CXX object CMakeFiles/vision_msgs__rosidl_typesupport_fastrtps_c.dir/rosidl_typesupport_fastrtps_c/vision_msgs/msg/detail/classification__type_support_c.cpp.o[0m
[8.957s] [ 53%] [32mBuilding CXX object CMakeFiles/vision_msgs__rosidl_typesupport_introspection_cpp.dir/rosidl_typesupport_introspection_cpp/vision_msgs/msg/detail/pose2_d__type_support.cpp.o[0m
[8.958s] [ 53%] [34m[1mGenerating C type support dispatch for ROS interfaces[0m
[9.005s] [ 53%] [32mBuilding CXX object CMakeFiles/vision_msgs__rosidl_typesupport_fastrtps_c.dir/rosidl_typesupport_fastrtps_c/vision_msgs/msg/detail/detection2_d_array__type_support_c.cpp.o[0m
[9.185s] [ 54%] [32mBuilding CXX object CMakeFiles/vision_msgs__rosidl_typesupport_introspection_cpp.dir/rosidl_typesupport_introspection_cpp/vision_msgs/msg/detail/vision_info__type_support.cpp.o[0m
[9.203s] [ 55%] [32mBuilding CXX object CMakeFiles/vision_msgs__rosidl_typesupport_fastrtps_c.dir/rosidl_typesupport_fastrtps_c/vision_msgs/msg/detail/detection2_d__type_support_c.cpp.o[0m
[9.415s] [ 55%] [32m[1mLinking CXX shared library libvision_msgs__rosidl_typesupport_introspection_cpp.so[0m
[9.416s] [ 56%] [32mBuilding CXX object CMakeFiles/vision_msgs__rosidl_typesupport_fastrtps_c.dir/rosidl_typesupport_fastrtps_c/vision_msgs/msg/detail/detection3_d_array__type_support_c.cpp.o[0m
[9.480s] [ 56%] Built target vision_msgs__rosidl_typesupport_introspection_cpp
[9.493s] [ 56%] [32mBuilding CXX object CMakeFiles/vision_msgs__rosidl_typesupport_fastrtps_c.dir/rosidl_typesupport_fastrtps_c/vision_msgs/msg/detail/detection3_d__type_support_c.cpp.o[0m
[9.539s] [ 56%] [32mBuilding C object CMakeFiles/vision_msgs__rosidl_typesupport_introspection_c.dir/rosidl_typesupport_introspection_c/vision_msgs/msg/detail/bounding_box2_d__type_support.c.o[0m
[9.570s] [ 57%] [32mBuilding C object CMakeFiles/vision_msgs__rosidl_typesupport_introspection_c.dir/rosidl_typesupport_introspection_c/vision_msgs/msg/detail/bounding_box2_d_array__type_support.c.o[0m
[9.618s] [ 58%] [32mBuilding C object CMakeFiles/vision_msgs__rosidl_typesupport_introspection_c.dir/rosidl_typesupport_introspection_c/vision_msgs/msg/detail/bounding_box3_d__type_support.c.o[0m
[9.623s] [ 59%] [32mBuilding CXX object CMakeFiles/vision_msgs__rosidl_typesupport_fastrtps_c.dir/rosidl_typesupport_fastrtps_c/vision_msgs/msg/detail/label_info__type_support_c.cpp.o[0m
[9.656s] [ 59%] [32mBuilding C object CMakeFiles/vision_msgs__rosidl_typesupport_introspection_c.dir/rosidl_typesupport_introspection_c/vision_msgs/msg/detail/bounding_box3_d_array__type_support.c.o[0m
[9.693s] [ 60%] [32mBuilding C object CMakeFiles/vision_msgs__rosidl_typesupport_introspection_c.dir/rosidl_typesupport_introspection_c/vision_msgs/msg/detail/classification__type_support.c.o[0m
[9.712s] [ 60%] [32mBuilding CXX object CMakeFiles/vision_msgs__rosidl_typesupport_fastrtps_c.dir/rosidl_typesupport_fastrtps_c/vision_msgs/msg/detail/object_hypothesis__type_support_c.cpp.o[0m
[9.716s] [ 61%] [32mBuilding CXX object CMakeFiles/vision_msgs__rosidl_typesupport_c.dir/rosidl_typesupport_c/vision_msgs/msg/bounding_box2_d__type_support.cpp.o[0m
[9.732s] [ 61%] [32mBuilding C object CMakeFiles/vision_msgs__rosidl_typesupport_introspection_c.dir/rosidl_typesupport_introspection_c/vision_msgs/msg/detail/detection2_d_array__type_support.c.o[0m
[9.744s] [ 62%] [32mBuilding CXX object CMakeFiles/vision_msgs__rosidl_typesupport_c.dir/rosidl_typesupport_c/vision_msgs/msg/bounding_box2_d_array__type_support.cpp.o[0m
[9.769s] [ 63%] [32mBuilding C object CMakeFiles/vision_msgs__rosidl_typesupport_introspection_c.dir/rosidl_typesupport_introspection_c/vision_msgs/msg/detail/detection2_d__type_support.c.o[0m
[9.779s] [ 63%] [32mBuilding CXX object CMakeFiles/vision_msgs__rosidl_typesupport_c.dir/rosidl_typesupport_c/vision_msgs/msg/bounding_box3_d__type_support.cpp.o[0m
[9.811s] [ 64%] [32mBuilding C object CMakeFiles/vision_msgs__rosidl_typesupport_introspection_c.dir/rosidl_typesupport_introspection_c/vision_msgs/msg/detail/detection3_d_array__type_support.c.o[0m
[9.822s] [ 65%] [32mBuilding CXX object CMakeFiles/vision_msgs__rosidl_typesupport_c.dir/rosidl_typesupport_c/vision_msgs/msg/bounding_box3_d_array__type_support.cpp.o[0m
[9.836s] [ 66%] [32mBuilding CXX object CMakeFiles/vision_msgs__rosidl_typesupport_fastrtps_c.dir/rosidl_typesupport_fastrtps_c/vision_msgs/msg/detail/object_hypothesis_with_pose__type_support_c.cpp.o[0m
[9.844s] [ 66%] [32mBuilding C object CMakeFiles/vision_msgs__rosidl_typesupport_introspection_c.dir/rosidl_typesupport_introspection_c/vision_msgs/msg/detail/detection3_d__type_support.c.o[0m
[9.850s] [ 66%] [32mBuilding CXX object CMakeFiles/vision_msgs__rosidl_typesupport_c.dir/rosidl_typesupport_c/vision_msgs/msg/classification__type_support.cpp.o[0m
[9.876s] [ 68%] [32mBuilding C object CMakeFiles/vision_msgs__rosidl_typesupport_introspection_c.dir/rosidl_typesupport_introspection_c/vision_msgs/msg/detail/label_info__type_support.c.o[0m
[9.876s] [ 68%] [32mBuilding CXX object CMakeFiles/vision_msgs__rosidl_typesupport_c.dir/rosidl_typesupport_c/vision_msgs/msg/detection2_d_array__type_support.cpp.o[0m
[9.909s] [ 69%] [32mBuilding CXX object CMakeFiles/vision_msgs__rosidl_typesupport_c.dir/rosidl_typesupport_c/vision_msgs/msg/detection2_d__type_support.cpp.o[0m
[9.909s] [ 70%] [32mBuilding C object CMakeFiles/vision_msgs__rosidl_typesupport_introspection_c.dir/rosidl_typesupport_introspection_c/vision_msgs/msg/detail/object_hypothesis__type_support.c.o[0m
[9.932s] [ 71%] [32mBuilding CXX object CMakeFiles/vision_msgs__rosidl_typesupport_fastrtps_c.dir/rosidl_typesupport_fastrtps_c/vision_msgs/msg/detail/vision_class__type_support_c.cpp.o[0m
[9.937s] [ 71%] [32mBuilding CXX object CMakeFiles/vision_msgs__rosidl_typesupport_c.dir/rosidl_typesupport_c/vision_msgs/msg/detection3_d_array__type_support.cpp.o[0m
[9.937s] [ 71%] [32mBuilding C object CMakeFiles/vision_msgs__rosidl_typesupport_introspection_c.dir/rosidl_typesupport_introspection_c/vision_msgs/msg/detail/object_hypothesis_with_pose__type_support.c.o[0m
[9.965s] [ 72%] [32mBuilding CXX object CMakeFiles/vision_msgs__rosidl_typesupport_c.dir/rosidl_typesupport_c/vision_msgs/msg/detection3_d__type_support.cpp.o[0m
[9.968s] [ 73%] [32mBuilding C object CMakeFiles/vision_msgs__rosidl_typesupport_introspection_c.dir/rosidl_typesupport_introspection_c/vision_msgs/msg/detail/vision_class__type_support.c.o[0m
[9.993s] [ 74%] [32mBuilding CXX object CMakeFiles/vision_msgs__rosidl_typesupport_c.dir/rosidl_typesupport_c/vision_msgs/msg/label_info__type_support.cpp.o[0m
[9.995s] [ 75%] [32mBuilding C object CMakeFiles/vision_msgs__rosidl_typesupport_introspection_c.dir/rosidl_typesupport_introspection_c/vision_msgs/msg/detail/point2_d__type_support.c.o[0m
[10.026s] [ 75%] [32mBuilding CXX object CMakeFiles/vision_msgs__rosidl_typesupport_c.dir/rosidl_typesupport_c/vision_msgs/msg/object_hypothesis__type_support.cpp.o[0m
[10.030s] [ 75%] [32mBuilding C object CMakeFiles/vision_msgs__rosidl_typesupport_introspection_c.dir/rosidl_typesupport_introspection_c/vision_msgs/msg/detail/pose2_d__type_support.c.o[0m
[10.051s] [ 75%] [32mBuilding CXX object CMakeFiles/vision_msgs__rosidl_typesupport_fastrtps_c.dir/rosidl_typesupport_fastrtps_c/vision_msgs/msg/detail/point2_d__type_support_c.cpp.o[0m
[10.053s] [ 76%] [32mBuilding CXX object CMakeFiles/vision_msgs__rosidl_typesupport_c.dir/rosidl_typesupport_c/vision_msgs/msg/object_hypothesis_with_pose__type_support.cpp.o[0m
[10.062s] [ 77%] [32mBuilding C object CMakeFiles/vision_msgs__rosidl_typesupport_introspection_c.dir/rosidl_typesupport_introspection_c/vision_msgs/msg/detail/vision_info__type_support.c.o[0m
[10.080s] [ 78%] [32mBuilding CXX object CMakeFiles/vision_msgs__rosidl_typesupport_c.dir/rosidl_typesupport_c/vision_msgs/msg/vision_class__type_support.cpp.o[0m
[10.094s] [ 78%] [32m[1mLinking C shared library libvision_msgs__rosidl_typesupport_introspection_c.so[0m
[10.111s] [ 78%] [32mBuilding CXX object CMakeFiles/vision_msgs__rosidl_typesupport_c.dir/rosidl_typesupport_c/vision_msgs/msg/point2_d__type_support.cpp.o[0m
[10.136s] [ 78%] Built target vision_msgs__rosidl_typesupport_introspection_c
[10.139s] [ 79%] [32mBuilding CXX object CMakeFiles/vision_msgs__rosidl_typesupport_c.dir/rosidl_typesupport_c/vision_msgs/msg/pose2_d__type_support.cpp.o[0m
[10.143s] [ 80%] [32mBuilding CXX object CMakeFiles/vision_msgs__rosidl_typesupport_fastrtps_c.dir/rosidl_typesupport_fastrtps_c/vision_msgs/msg/detail/pose2_d__type_support_c.cpp.o[0m
[10.144s] [ 80%] [32mBuilding CXX object CMakeFiles/vision_msgs__rosidl_typesupport_c.dir/rosidl_typesupport_c/vision_msgs/msg/vision_info__type_support.cpp.o[0m
[10.165s] [ 81%] [32mBuilding CXX object CMakeFiles/vision_msgs__rosidl_typesupport_fastrtps_c.dir/rosidl_typesupport_fastrtps_c/vision_msgs/msg/detail/vision_info__type_support_c.cpp.o[0m
[10.174s] [ 82%] [32m[1mLinking CXX shared library libvision_msgs__rosidl_typesupport_c.so[0m
[10.216s] [ 82%] Built target vision_msgs__rosidl_typesupport_c
[10.362s] [ 82%] [32m[1mLinking CXX shared library libvision_msgs__rosidl_typesupport_fastrtps_c.so[0m
[10.413s] [ 82%] Built target vision_msgs__rosidl_typesupport_fastrtps_c
[10.430s] [ 82%] Built target vision_msgs
[10.448s] [ 83%] [34m[1mGenerating Python code for ROS interfaces[0m
[10.448s] [ 83%] [32mBuilding CXX object CMakeFiles/vision_msgs_test.dir/test/main.cpp.o[0m
[10.854s] [ 84%] [32m[1mLinking CXX executable vision_msgs_test[0m
[10.950s] [ 84%] Built target vision_msgs_test
[11.920s] [ 84%] Built target vision_msgs__py
[11.938s] [ 84%] [32mBuilding C object CMakeFiles/vision_msgs__rosidl_generator_py.dir/rosidl_generator_py/vision_msgs/msg/_bounding_box2_d_s.c.o[0m
[11.938s] [ 85%] [32mBuilding C object CMakeFiles/vision_msgs__rosidl_generator_py.dir/rosidl_generator_py/vision_msgs/msg/_bounding_box3_d_s.c.o[0m
[11.938s] [ 85%] [32mBuilding C object CMakeFiles/vision_msgs__rosidl_generator_py.dir/rosidl_generator_py/vision_msgs/msg/_bounding_box3_d_array_s.c.o[0m
[11.938s] [ 86%] [32mBuilding C object CMakeFiles/vision_msgs__rosidl_generator_py.dir/rosidl_generator_py/vision_msgs/msg/_bounding_box2_d_array_s.c.o[0m
[12.037s] [ 88%] [32mBuilding C object CMakeFiles/vision_msgs__rosidl_generator_py.dir/rosidl_generator_py/vision_msgs/msg/_classification_s.c.o[0m
[12.037s] [ 88%] [32mBuilding C object CMakeFiles/vision_msgs__rosidl_generator_py.dir/rosidl_generator_py/vision_msgs/msg/_detection2_d_array_s.c.o[0m
[12.038s] [ 88%] [32mBuilding C object CMakeFiles/vision_msgs__rosidl_generator_py.dir/rosidl_generator_py/vision_msgs/msg/_detection2_d_s.c.o[0m
[12.039s] [ 89%] [32mBuilding C object CMakeFiles/vision_msgs__rosidl_generator_py.dir/rosidl_generator_py/vision_msgs/msg/_detection3_d_array_s.c.o[0m
[12.108s] [ 90%] [32mBuilding C object CMakeFiles/vision_msgs__rosidl_generator_py.dir/rosidl_generator_py/vision_msgs/msg/_detection3_d_s.c.o[0m
[12.108s] [ 90%] [32mBuilding C object CMakeFiles/vision_msgs__rosidl_generator_py.dir/rosidl_generator_py/vision_msgs/msg/_label_info_s.c.o[0m
[12.108s] [ 91%] [32mBuilding C object CMakeFiles/vision_msgs__rosidl_generator_py.dir/rosidl_generator_py/vision_msgs/msg/_object_hypothesis_s.c.o[0m
[12.112s] [ 91%] [32mBuilding C object CMakeFiles/vision_msgs__rosidl_generator_py.dir/rosidl_generator_py/vision_msgs/msg/_object_hypothesis_with_pose_s.c.o[0m
[12.184s] [ 92%] [32mBuilding C object CMakeFiles/vision_msgs__rosidl_generator_py.dir/rosidl_generator_py/vision_msgs/msg/_vision_class_s.c.o[0m
[12.190s] [ 93%] [32mBuilding C object CMakeFiles/vision_msgs__rosidl_generator_py.dir/rosidl_generator_py/vision_msgs/msg/_point2_d_s.c.o[0m
[12.191s] [ 93%] [32mBuilding C object CMakeFiles/vision_msgs__rosidl_generator_py.dir/rosidl_generator_py/vision_msgs/msg/_pose2_d_s.c.o[0m
[12.194s] [ 94%] [32mBuilding C object CMakeFiles/vision_msgs__rosidl_generator_py.dir/rosidl_generator_py/vision_msgs/msg/_vision_info_s.c.o[0m
[12.269s] [ 95%] [32m[1mLinking C shared library rosidl_generator_py/vision_msgs/libvision_msgs__rosidl_generator_py.so[0m
[12.304s] [ 95%] Built target vision_msgs__rosidl_generator_py
[12.328s] [ 96%] [32mBuilding C object CMakeFiles/vision_msgs__rosidl_typesupport_introspection_c__pyext.dir/rosidl_generator_py/vision_msgs/_vision_msgs_s.ep.rosidl_typesupport_introspection_c.c.o[0m
[12.328s] [ 98%] [32mBuilding C object CMakeFiles/vision_msgs__rosidl_typesupport_c__pyext.dir/rosidl_generator_py/vision_msgs/_vision_msgs_s.ep.rosidl_typesupport_c.c.o[0m
[12.328s] [ 97%] [32mBuilding C object CMakeFiles/vision_msgs__rosidl_typesupport_fastrtps_c__pyext.dir/rosidl_generator_py/vision_msgs/_vision_msgs_s.ep.rosidl_typesupport_fastrtps_c.c.o[0m
[12.429s] [ 99%] [32m[1mLinking C shared library rosidl_generator_py/vision_msgs/vision_msgs_s__rosidl_typesupport_c.cpython-310-aarch64-linux-gnu.so[0m
[12.429s] [100%] [32m[1mLinking C shared library rosidl_generator_py/vision_msgs/vision_msgs_s__rosidl_typesupport_introspection_c.cpython-310-aarch64-linux-gnu.so[0m
[12.429s] [ 99%] [32m[1mLinking C shared library rosidl_generator_py/vision_msgs/vision_msgs_s__rosidl_typesupport_fastrtps_c.cpython-310-aarch64-linux-gnu.so[0m
[12.461s] [100%] Built target vision_msgs__rosidl_typesupport_fastrtps_c__pyext
[12.461s] [100%] Built target vision_msgs__rosidl_typesupport_c__pyext
[12.461s] [100%] Built target vision_msgs__rosidl_typesupport_introspection_c__pyext
[12.472s] Invoked command in '/home/mjlinux/Downloads/book_ros2_wrs/build/vision_msgs' returned '0': CMAKE_PREFIX_PATH=/opt/ros/humble /usr/bin/cmake --build /home/mjlinux/Downloads/book_ros2_wrs/build/vision_msgs -- -j4 -l4
[12.770s] Invoking command in '/home/mjlinux/Downloads/book_ros2_wrs/build/vision_msgs': CMAKE_PREFIX_PATH=/opt/ros/humble /usr/bin/cmake --install /home/mjlinux/Downloads/book_ros2_wrs/build/vision_msgs
[12.779s] -- Install configuration: ""
[12.779s] -- Execute custom install script
[12.779s] -- Symlinking: /home/mjlinux/Downloads/book_ros2_wrs/install/vision_msgs/share/ament_index/resource_index/rosidl_interfaces/vision_msgs
[12.787s] -- Symlinking: /home/mjlinux/Downloads/book_ros2_wrs/install/vision_msgs/include/vision_msgs/vision_msgs/msg/bounding_box2_d.h
[12.794s] -- Symlinking: /home/mjlinux/Downloads/book_ros2_wrs/install/vision_msgs/include/vision_msgs/vision_msgs/msg/bounding_box2_d_array.h
[12.801s] -- Symlinking: /home/mjlinux/Downloads/book_ros2_wrs/install/vision_msgs/include/vision_msgs/vision_msgs/msg/bounding_box3_d.h
[12.808s] -- Symlinking: /home/mjlinux/Downloads/book_ros2_wrs/install/vision_msgs/include/vision_msgs/vision_msgs/msg/bounding_box3_d_array.h
[12.815s] -- Symlinking: /home/mjlinux/Downloads/book_ros2_wrs/install/vision_msgs/include/vision_msgs/vision_msgs/msg/classification.h
[12.828s] -- Symlinking: /home/mjlinux/Downloads/book_ros2_wrs/install/vision_msgs/include/vision_msgs/vision_msgs/msg/detail/bounding_box2_d__functions.h
[12.835s] -- Symlinking: /home/mjlinux/Downloads/book_ros2_wrs/install/vision_msgs/include/vision_msgs/vision_msgs/msg/detail/bounding_box2_d__struct.h
[12.842s] -- Symlinking: /home/mjlinux/Downloads/book_ros2_wrs/install/vision_msgs/include/vision_msgs/vision_msgs/msg/detail/bounding_box2_d__type_support.h
[12.849s] -- Symlinking: /home/mjlinux/Downloads/book_ros2_wrs/install/vision_msgs/include/vision_msgs/vision_msgs/msg/detail/bounding_box2_d_array__functions.h
[12.855s] -- Symlinking: /home/mjlinux/Downloads/book_ros2_wrs/install/vision_msgs/include/vision_msgs/vision_msgs/msg/detail/bounding_box2_d_array__struct.h
[12.862s] -- Symlinking: /home/mjlinux/Downloads/book_ros2_wrs/install/vision_msgs/include/vision_msgs/vision_msgs/msg/detail/bounding_box2_d_array__type_support.h
[12.869s] -- Symlinking: /home/mjlinux/Downloads/book_ros2_wrs/install/vision_msgs/include/vision_msgs/vision_msgs/msg/detail/bounding_box3_d__functions.h
[12.875s] -- Symlinking: /home/mjlinux/Downloads/book_ros2_wrs/install/vision_msgs/include/vision_msgs/vision_msgs/msg/detail/bounding_box3_d__struct.h
[12.882s] -- Symlinking: /home/mjlinux/Downloads/book_ros2_wrs/install/vision_msgs/include/vision_msgs/vision_msgs/msg/detail/bounding_box3_d__type_support.h
[12.888s] -- Symlinking: /home/mjlinux/Downloads/book_ros2_wrs/install/vision_msgs/include/vision_msgs/vision_msgs/msg/detail/bounding_box3_d_array__functions.h
[12.894s] -- Symlinking: /home/mjlinux/Downloads/book_ros2_wrs/install/vision_msgs/include/vision_msgs/vision_msgs/msg/detail/bounding_box3_d_array__struct.h
[12.901s] -- Symlinking: /home/mjlinux/Downloads/book_ros2_wrs/install/vision_msgs/include/vision_msgs/vision_msgs/msg/detail/bounding_box3_d_array__type_support.h
[12.908s] -- Symlinking: /home/mjlinux/Downloads/book_ros2_wrs/install/vision_msgs/include/vision_msgs/vision_msgs/msg/detail/classification__functions.h
[12.915s] -- Symlinking: /home/mjlinux/Downloads/book_ros2_wrs/install/vision_msgs/include/vision_msgs/vision_msgs/msg/detail/classification__struct.h
[12.923s] -- Symlinking: /home/mjlinux/Downloads/book_ros2_wrs/install/vision_msgs/include/vision_msgs/vision_msgs/msg/detail/classification__type_support.h
[12.931s] -- Symlinking: /home/mjlinux/Downloads/book_ros2_wrs/install/vision_msgs/include/vision_msgs/vision_msgs/msg/detail/detection2_d__functions.h
[12.937s] -- Symlinking: /home/mjlinux/Downloads/book_ros2_wrs/install/vision_msgs/include/vision_msgs/vision_msgs/msg/detail/detection2_d__struct.h
[12.944s] -- Symlinking: /home/mjlinux/Downloads/book_ros2_wrs/install/vision_msgs/include/vision_msgs/vision_msgs/msg/detail/detection2_d__type_support.h
[12.950s] -- Symlinking: /home/mjlinux/Downloads/book_ros2_wrs/install/vision_msgs/include/vision_msgs/vision_msgs/msg/detail/detection2_d_array__functions.h
[12.957s] -- Symlinking: /home/mjlinux/Downloads/book_ros2_wrs/install/vision_msgs/include/vision_msgs/vision_msgs/msg/detail/detection2_d_array__struct.h
[12.963s] -- Symlinking: /home/mjlinux/Downloads/book_ros2_wrs/install/vision_msgs/include/vision_msgs/vision_msgs/msg/detail/detection2_d_array__type_support.h
[12.970s] -- Symlinking: /home/mjlinux/Downloads/book_ros2_wrs/install/vision_msgs/include/vision_msgs/vision_msgs/msg/detail/detection3_d__functions.h
[12.976s] -- Symlinking: /home/mjlinux/Downloads/book_ros2_wrs/install/vision_msgs/include/vision_msgs/vision_msgs/msg/detail/detection3_d__struct.h
[12.983s] -- Symlinking: /home/mjlinux/Downloads/book_ros2_wrs/install/vision_msgs/include/vision_msgs/vision_msgs/msg/detail/detection3_d__type_support.h
[12.989s] -- Symlinking: /home/mjlinux/Downloads/book_ros2_wrs/install/vision_msgs/include/vision_msgs/vision_msgs/msg/detail/detection3_d_array__functions.h
[12.996s] -- Symlinking: /home/mjlinux/Downloads/book_ros2_wrs/install/vision_msgs/include/vision_msgs/vision_msgs/msg/detail/detection3_d_array__struct.h
[13.002s] -- Symlinking: /home/mjlinux/Downloads/book_ros2_wrs/install/vision_msgs/include/vision_msgs/vision_msgs/msg/detail/detection3_d_array__type_support.h
[13.009s] -- Symlinking: /home/mjlinux/Downloads/book_ros2_wrs/install/vision_msgs/include/vision_msgs/vision_msgs/msg/detail/label_info__functions.h
[13.021s] -- Symlinking: /home/mjlinux/Downloads/book_ros2_wrs/install/vision_msgs/include/vision_msgs/vision_msgs/msg/detail/label_info__struct.h
[13.029s] -- Symlinking: /home/mjlinux/Downloads/book_ros2_wrs/install/vision_msgs/include/vision_msgs/vision_msgs/msg/detail/label_info__type_support.h
[13.035s] -- Symlinking: /home/mjlinux/Downloads/book_ros2_wrs/install/vision_msgs/include/vision_msgs/vision_msgs/msg/detail/object_hypothesis__functions.h
[13.042s] -- Symlinking: /home/mjlinux/Downloads/book_ros2_wrs/install/vision_msgs/include/vision_msgs/vision_msgs/msg/detail/object_hypothesis__struct.h
[13.049s] -- Symlinking: /home/mjlinux/Downloads/book_ros2_wrs/install/vision_msgs/include/vision_msgs/vision_msgs/msg/detail/object_hypothesis__type_support.h
[13.055s] -- Symlinking: /home/mjlinux/Downloads/book_ros2_wrs/install/vision_msgs/include/vision_msgs/vision_msgs/msg/detail/object_hypothesis_with_pose__functions.h
[13.062s] -- Symlinking: /home/mjlinux/Downloads/book_ros2_wrs/install/vision_msgs/include/vision_msgs/vision_msgs/msg/detail/object_hypothesis_with_pose__struct.h
[13.068s] -- Symlinking: /home/mjlinux/Downloads/book_ros2_wrs/install/vision_msgs/include/vision_msgs/vision_msgs/msg/detail/object_hypothesis_with_pose__type_support.h
[13.075s] -- Symlinking: /home/mjlinux/Downloads/book_ros2_wrs/install/vision_msgs/include/vision_msgs/vision_msgs/msg/detail/point2_d__functions.h
[13.082s] -- Symlinking: /home/mjlinux/Downloads/book_ros2_wrs/install/vision_msgs/include/vision_msgs/vision_msgs/msg/detail/point2_d__struct.h
[13.088s] -- Symlinking: /home/mjlinux/Downloads/book_ros2_wrs/install/vision_msgs/include/vision_msgs/vision_msgs/msg/detail/point2_d__type_support.h
[13.095s] -- Symlinking: /home/mjlinux/Downloads/book_ros2_wrs/install/vision_msgs/include/vision_msgs/vision_msgs/msg/detail/pose2_d__functions.h
[13.101s] -- Symlinking: /home/mjlinux/Downloads/book_ros2_wrs/install/vision_msgs/include/vision_msgs/vision_msgs/msg/detail/pose2_d__struct.h
[13.115s] -- Symlinking: /home/mjlinux/Downloads/book_ros2_wrs/install/vision_msgs/include/vision_msgs/vision_msgs/msg/detail/pose2_d__type_support.h
[13.122s] -- Symlinking: /home/mjlinux/Downloads/book_ros2_wrs/install/vision_msgs/include/vision_msgs/vision_msgs/msg/detail/vision_class__functions.h
[13.129s] -- Symlinking: /home/mjlinux/Downloads/book_ros2_wrs/install/vision_msgs/include/vision_msgs/vision_msgs/msg/detail/vision_class__struct.h
[13.136s] -- Symlinking: /home/mjlinux/Downloads/book_ros2_wrs/install/vision_msgs/include/vision_msgs/vision_msgs/msg/detail/vision_class__type_support.h
[13.143s] -- Symlinking: /home/mjlinux/Downloads/book_ros2_wrs/install/vision_msgs/include/vision_msgs/vision_msgs/msg/detail/vision_info__functions.h
[13.150s] -- Symlinking: /home/mjlinux/Downloads/book_ros2_wrs/install/vision_msgs/include/vision_msgs/vision_msgs/msg/detail/vision_info__struct.h
[13.156s] -- Symlinking: /home/mjlinux/Downloads/book_ros2_wrs/install/vision_msgs/include/vision_msgs/vision_msgs/msg/detail/vision_info__type_support.h
[13.163s] -- Symlinking: /home/mjlinux/Downloads/book_ros2_wrs/install/vision_msgs/include/vision_msgs/vision_msgs/msg/detection2_d.h
[13.169s] -- Symlinking: /home/mjlinux/Downloads/book_ros2_wrs/install/vision_msgs/include/vision_msgs/vision_msgs/msg/detection2_d_array.h
[13.176s] -- Symlinking: /home/mjlinux/Downloads/book_ros2_wrs/install/vision_msgs/include/vision_msgs/vision_msgs/msg/detection3_d.h
[13.182s] -- Symlinking: /home/mjlinux/Downloads/book_ros2_wrs/install/vision_msgs/include/vision_msgs/vision_msgs/msg/detection3_d_array.h
[13.188s] -- Symlinking: /home/mjlinux/Downloads/book_ros2_wrs/install/vision_msgs/include/vision_msgs/vision_msgs/msg/label_info.h
[13.195s] -- Symlinking: /home/mjlinux/Downloads/book_ros2_wrs/install/vision_msgs/include/vision_msgs/vision_msgs/msg/object_hypothesis.h
[13.202s] -- Symlinking: /home/mjlinux/Downloads/book_ros2_wrs/install/vision_msgs/include/vision_msgs/vision_msgs/msg/object_hypothesis_with_pose.h
[13.209s] -- Symlinking: /home/mjlinux/Downloads/book_ros2_wrs/install/vision_msgs/include/vision_msgs/vision_msgs/msg/point2_d.h
[13.216s] -- Symlinking: /home/mjlinux/Downloads/book_ros2_wrs/install/vision_msgs/include/vision_msgs/vision_msgs/msg/pose2_d.h
[13.228s] -- Symlinking: /home/mjlinux/Downloads/book_ros2_wrs/install/vision_msgs/include/vision_msgs/vision_msgs/msg/rosidl_generator_c__visibility_control.h
[13.235s] -- Symlinking: /home/mjlinux/Downloads/book_ros2_wrs/install/vision_msgs/include/vision_msgs/vision_msgs/msg/vision_class.h
[13.241s] -- Symlinking: /home/mjlinux/Downloads/book_ros2_wrs/install/vision_msgs/include/vision_msgs/vision_msgs/msg/vision_info.h
[13.248s] -- Symlinking: /home/mjlinux/Downloads/book_ros2_wrs/install/vision_msgs/share/vision_msgs/environment/library_path.sh
[13.255s] -- Symlinking: /home/mjlinux/Downloads/book_ros2_wrs/install/vision_msgs/share/vision_msgs/environment/library_path.dsv
[13.262s] -- Symlinking: /home/mjlinux/Downloads/book_ros2_wrs/install/vision_msgs/include/vision_msgs/vision_msgs/msg/detail/bounding_box2_d__rosidl_typesupport_fastrtps_c.h
[13.268s] -- Symlinking: /home/mjlinux/Downloads/book_ros2_wrs/install/vision_msgs/include/vision_msgs/vision_msgs/msg/detail/bounding_box2_d_array__rosidl_typesupport_fastrtps_c.h
[13.275s] -- Symlinking: /home/mjlinux/Downloads/book_ros2_wrs/install/vision_msgs/include/vision_msgs/vision_msgs/msg/detail/bounding_box3_d__rosidl_typesupport_fastrtps_c.h
[13.282s] -- Symlinking: /home/mjlinux/Downloads/book_ros2_wrs/install/vision_msgs/include/vision_msgs/vision_msgs/msg/detail/bounding_box3_d_array__rosidl_typesupport_fastrtps_c.h
[13.288s] -- Symlinking: /home/mjlinux/Downloads/book_ros2_wrs/install/vision_msgs/include/vision_msgs/vision_msgs/msg/detail/classification__rosidl_typesupport_fastrtps_c.h
[13.294s] -- Symlinking: /home/mjlinux/Downloads/book_ros2_wrs/install/vision_msgs/include/vision_msgs/vision_msgs/msg/detail/detection2_d__rosidl_typesupport_fastrtps_c.h
[13.301s] -- Symlinking: /home/mjlinux/Downloads/book_ros2_wrs/install/vision_msgs/include/vision_msgs/vision_msgs/msg/detail/detection2_d_array__rosidl_typesupport_fastrtps_c.h
[13.308s] -- Symlinking: /home/mjlinux/Downloads/book_ros2_wrs/install/vision_msgs/include/vision_msgs/vision_msgs/msg/detail/detection3_d__rosidl_typesupport_fastrtps_c.h
[13.314s] -- Symlinking: /home/mjlinux/Downloads/book_ros2_wrs/install/vision_msgs/include/vision_msgs/vision_msgs/msg/detail/detection3_d_array__rosidl_typesupport_fastrtps_c.h
[13.329s] -- Symlinking: /home/mjlinux/Downloads/book_ros2_wrs/install/vision_msgs/include/vision_msgs/vision_msgs/msg/detail/label_info__rosidl_typesupport_fastrtps_c.h
[13.335s] -- Symlinking: /home/mjlinux/Downloads/book_ros2_wrs/install/vision_msgs/include/vision_msgs/vision_msgs/msg/detail/object_hypothesis__rosidl_typesupport_fastrtps_c.h
[13.342s] -- Symlinking: /home/mjlinux/Downloads/book_ros2_wrs/install/vision_msgs/include/vision_msgs/vision_msgs/msg/detail/object_hypothesis_with_pose__rosidl_typesupport_fastrtps_c.h
[13.348s] -- Symlinking: /home/mjlinux/Downloads/book_ros2_wrs/install/vision_msgs/include/vision_msgs/vision_msgs/msg/detail/point2_d__rosidl_typesupport_fastrtps_c.h
[13.355s] -- Symlinking: /home/mjlinux/Downloads/book_ros2_wrs/install/vision_msgs/include/vision_msgs/vision_msgs/msg/detail/pose2_d__rosidl_typesupport_fastrtps_c.h
[13.361s] -- Symlinking: /home/mjlinux/Downloads/book_ros2_wrs/install/vision_msgs/include/vision_msgs/vision_msgs/msg/detail/vision_class__rosidl_typesupport_fastrtps_c.h
[13.368s] -- Symlinking: /home/mjlinux/Downloads/book_ros2_wrs/install/vision_msgs/include/vision_msgs/vision_msgs/msg/detail/vision_info__rosidl_typesupport_fastrtps_c.h
[13.374s] -- Symlinking: /home/mjlinux/Downloads/book_ros2_wrs/install/vision_msgs/include/vision_msgs/vision_msgs/msg/rosidl_typesupport_fastrtps_c__visibility_control.h
[13.385s] -- Symlinking: /home/mjlinux/Downloads/book_ros2_wrs/install/vision_msgs/include/vision_msgs/vision_msgs/msg/bounding_box2_d.hpp
[13.392s] -- Symlinking: /home/mjlinux/Downloads/book_ros2_wrs/install/vision_msgs/include/vision_msgs/vision_msgs/msg/bounding_box2_d_array.hpp
[13.399s] -- Symlinking: /home/mjlinux/Downloads/book_ros2_wrs/install/vision_msgs/include/vision_msgs/vision_msgs/msg/bounding_box3_d.hpp
[13.405s] -- Symlinking: /home/mjlinux/Downloads/book_ros2_wrs/install/vision_msgs/include/vision_msgs/vision_msgs/msg/bounding_box3_d_array.hpp
[13.413s] -- Symlinking: /home/mjlinux/Downloads/book_ros2_wrs/install/vision_msgs/include/vision_msgs/vision_msgs/msg/classification.hpp
[13.425s] -- Symlinking: /home/mjlinux/Downloads/book_ros2_wrs/install/vision_msgs/include/vision_msgs/vision_msgs/msg/detail/bounding_box2_d__builder.hpp
[13.432s] -- Symlinking: /home/mjlinux/Downloads/book_ros2_wrs/install/vision_msgs/include/vision_msgs/vision_msgs/msg/detail/bounding_box2_d__struct.hpp
[13.439s] -- Symlinking: /home/mjlinux/Downloads/book_ros2_wrs/install/vision_msgs/include/vision_msgs/vision_msgs/msg/detail/bounding_box2_d__traits.hpp
[13.446s] -- Symlinking: /home/mjlinux/Downloads/book_ros2_wrs/install/vision_msgs/include/vision_msgs/vision_msgs/msg/detail/bounding_box2_d_array__builder.hpp
[13.452s] -- Symlinking: /home/mjlinux/Downloads/book_ros2_wrs/install/vision_msgs/include/vision_msgs/vision_msgs/msg/detail/bounding_box2_d_array__struct.hpp
[13.459s] -- Symlinking: /home/mjlinux/Downloads/book_ros2_wrs/install/vision_msgs/include/vision_msgs/vision_msgs/msg/detail/bounding_box2_d_array__traits.hpp
[13.466s] -- Symlinking: /home/mjlinux/Downloads/book_ros2_wrs/install/vision_msgs/include/vision_msgs/vision_msgs/msg/detail/bounding_box3_d__builder.hpp
[13.472s] -- Symlinking: /home/mjlinux/Downloads/book_ros2_wrs/install/vision_msgs/include/vision_msgs/vision_msgs/msg/detail/bounding_box3_d__struct.hpp
[13.479s] -- Symlinking: /home/mjlinux/Downloads/book_ros2_wrs/install/vision_msgs/include/vision_msgs/vision_msgs/msg/detail/bounding_box3_d__traits.hpp
[13.486s] -- Symlinking: /home/mjlinux/Downloads/book_ros2_wrs/install/vision_msgs/include/vision_msgs/vision_msgs/msg/detail/bounding_box3_d_array__builder.hpp
[13.492s] -- Symlinking: /home/mjlinux/Downloads/book_ros2_wrs/install/vision_msgs/include/vision_msgs/vision_msgs/msg/detail/bounding_box3_d_array__struct.hpp
[13.499s] -- Symlinking: /home/mjlinux/Downloads/book_ros2_wrs/install/vision_msgs/include/vision_msgs/vision_msgs/msg/detail/bounding_box3_d_array__traits.hpp
[13.505s] -- Symlinking: /home/mjlinux/Downloads/book_ros2_wrs/install/vision_msgs/include/vision_msgs/vision_msgs/msg/detail/classification__builder.hpp
[13.512s] -- Symlinking: /home/mjlinux/Downloads/book_ros2_wrs/install/vision_msgs/include/vision_msgs/vision_msgs/msg/detail/classification__struct.hpp
[13.524s] -- Symlinking: /home/mjlinux/Downloads/book_ros2_wrs/install/vision_msgs/include/vision_msgs/vision_msgs/msg/detail/classification__traits.hpp
[13.531s] -- Symlinking: /home/mjlinux/Downloads/book_ros2_wrs/install/vision_msgs/include/vision_msgs/vision_msgs/msg/detail/detection2_d__builder.hpp
[13.538s] -- Symlinking: /home/mjlinux/Downloads/book_ros2_wrs/install/vision_msgs/include/vision_msgs/vision_msgs/msg/detail/detection2_d__struct.hpp
[13.545s] -- Symlinking: /home/mjlinux/Downloads/book_ros2_wrs/install/vision_msgs/include/vision_msgs/vision_msgs/msg/detail/detection2_d__traits.hpp
[13.551s] -- Symlinking: /home/mjlinux/Downloads/book_ros2_wrs/install/vision_msgs/include/vision_msgs/vision_msgs/msg/detail/detection2_d_array__builder.hpp
[13.558s] -- Symlinking: /home/mjlinux/Downloads/book_ros2_wrs/install/vision_msgs/include/vision_msgs/vision_msgs/msg/detail/detection2_d_array__struct.hpp
[13.564s] -- Symlinking: /home/mjlinux/Downloads/book_ros2_wrs/install/vision_msgs/include/vision_msgs/vision_msgs/msg/detail/detection2_d_array__traits.hpp
[13.571s] -- Symlinking: /home/mjlinux/Downloads/book_ros2_wrs/install/vision_msgs/include/vision_msgs/vision_msgs/msg/detail/detection3_d__builder.hpp
[13.577s] -- Symlinking: /home/mjlinux/Downloads/book_ros2_wrs/install/vision_msgs/include/vision_msgs/vision_msgs/msg/detail/detection3_d__struct.hpp
[13.584s] -- Symlinking: /home/mjlinux/Downloads/book_ros2_wrs/install/vision_msgs/include/vision_msgs/vision_msgs/msg/detail/detection3_d__traits.hpp
[13.590s] -- Symlinking: /home/mjlinux/Downloads/book_ros2_wrs/install/vision_msgs/include/vision_msgs/vision_msgs/msg/detail/detection3_d_array__builder.hpp
[13.597s] -- Symlinking: /home/mjlinux/Downloads/book_ros2_wrs/install/vision_msgs/include/vision_msgs/vision_msgs/msg/detail/detection3_d_array__struct.hpp
[13.603s] -- Symlinking: /home/mjlinux/Downloads/book_ros2_wrs/install/vision_msgs/include/vision_msgs/vision_msgs/msg/detail/detection3_d_array__traits.hpp
[13.610s] -- Symlinking: /home/mjlinux/Downloads/book_ros2_wrs/install/vision_msgs/include/vision_msgs/vision_msgs/msg/detail/label_info__builder.hpp
[13.617s] -- Symlinking: /home/mjlinux/Downloads/book_ros2_wrs/install/vision_msgs/include/vision_msgs/vision_msgs/msg/detail/label_info__struct.hpp
[13.628s] -- Symlinking: /home/mjlinux/Downloads/book_ros2_wrs/install/vision_msgs/include/vision_msgs/vision_msgs/msg/detail/label_info__traits.hpp
[13.634s] -- Symlinking: /home/mjlinux/Downloads/book_ros2_wrs/install/vision_msgs/include/vision_msgs/vision_msgs/msg/detail/object_hypothesis__builder.hpp
[13.640s] -- Symlinking: /home/mjlinux/Downloads/book_ros2_wrs/install/vision_msgs/include/vision_msgs/vision_msgs/msg/detail/object_hypothesis__struct.hpp
[13.647s] -- Symlinking: /home/mjlinux/Downloads/book_ros2_wrs/install/vision_msgs/include/vision_msgs/vision_msgs/msg/detail/object_hypothesis__traits.hpp
[13.654s] -- Symlinking: /home/mjlinux/Downloads/book_ros2_wrs/install/vision_msgs/include/vision_msgs/vision_msgs/msg/detail/object_hypothesis_with_pose__builder.hpp
[13.660s] -- Symlinking: /home/mjlinux/Downloads/book_ros2_wrs/install/vision_msgs/include/vision_msgs/vision_msgs/msg/detail/object_hypothesis_with_pose__struct.hpp
[13.667s] -- Symlinking: /home/mjlinux/Downloads/book_ros2_wrs/install/vision_msgs/include/vision_msgs/vision_msgs/msg/detail/object_hypothesis_with_pose__traits.hpp
[13.673s] -- Symlinking: /home/mjlinux/Downloads/book_ros2_wrs/install/vision_msgs/include/vision_msgs/vision_msgs/msg/detail/point2_d__builder.hpp
[13.680s] -- Symlinking: /home/mjlinux/Downloads/book_ros2_wrs/install/vision_msgs/include/vision_msgs/vision_msgs/msg/detail/point2_d__struct.hpp
[13.686s] -- Symlinking: /home/mjlinux/Downloads/book_ros2_wrs/install/vision_msgs/include/vision_msgs/vision_msgs/msg/detail/point2_d__traits.hpp
[13.692s] -- Symlinking: /home/mjlinux/Downloads/book_ros2_wrs/install/vision_msgs/include/vision_msgs/vision_msgs/msg/detail/pose2_d__builder.hpp
[13.699s] -- Symlinking: /home/mjlinux/Downloads/book_ros2_wrs/install/vision_msgs/include/vision_msgs/vision_msgs/msg/detail/pose2_d__struct.hpp
[13.705s] -- Symlinking: /home/mjlinux/Downloads/book_ros2_wrs/install/vision_msgs/include/vision_msgs/vision_msgs/msg/detail/pose2_d__traits.hpp
[13.713s] -- Symlinking: /home/mjlinux/Downloads/book_ros2_wrs/install/vision_msgs/include/vision_msgs/vision_msgs/msg/detail/vision_class__builder.hpp
[13.726s] -- Symlinking: /home/mjlinux/Downloads/book_ros2_wrs/install/vision_msgs/include/vision_msgs/vision_msgs/msg/detail/vision_class__struct.hpp
[13.733s] -- Symlinking: /home/mjlinux/Downloads/book_ros2_wrs/install/vision_msgs/include/vision_msgs/vision_msgs/msg/detail/vision_class__traits.hpp
[13.740s] -- Symlinking: /home/mjlinux/Downloads/book_ros2_wrs/install/vision_msgs/include/vision_msgs/vision_msgs/msg/detail/vision_info__builder.hpp
[13.746s] -- Symlinking: /home/mjlinux/Downloads/book_ros2_wrs/install/vision_msgs/include/vision_msgs/vision_msgs/msg/detail/vision_info__struct.hpp
[13.753s] -- Symlinking: /home/mjlinux/Downloads/book_ros2_wrs/install/vision_msgs/include/vision_msgs/vision_msgs/msg/detail/vision_info__traits.hpp
[13.760s] -- Symlinking: /home/mjlinux/Downloads/book_ros2_wrs/install/vision_msgs/include/vision_msgs/vision_msgs/msg/detection2_d.hpp
[13.766s] -- Symlinking: /home/mjlinux/Downloads/book_ros2_wrs/install/vision_msgs/include/vision_msgs/vision_msgs/msg/detection2_d_array.hpp
[13.772s] -- Symlinking: /home/mjlinux/Downloads/book_ros2_wrs/install/vision_msgs/include/vision_msgs/vision_msgs/msg/detection3_d.hpp
[13.779s] -- Symlinking: /home/mjlinux/Downloads/book_ros2_wrs/install/vision_msgs/include/vision_msgs/vision_msgs/msg/detection3_d_array.hpp
[13.785s] -- Symlinking: /home/mjlinux/Downloads/book_ros2_wrs/install/vision_msgs/include/vision_msgs/vision_msgs/msg/label_info.hpp
[13.792s] -- Symlinking: /home/mjlinux/Downloads/book_ros2_wrs/install/vision_msgs/include/vision_msgs/vision_msgs/msg/object_hypothesis.hpp
[13.798s] -- Symlinking: /home/mjlinux/Downloads/book_ros2_wrs/install/vision_msgs/include/vision_msgs/vision_msgs/msg/object_hypothesis_with_pose.hpp
[13.804s] -- Symlinking: /home/mjlinux/Downloads/book_ros2_wrs/install/vision_msgs/include/vision_msgs/vision_msgs/msg/point2_d.hpp
[13.818s] -- Symlinking: /home/mjlinux/Downloads/book_ros2_wrs/install/vision_msgs/include/vision_msgs/vision_msgs/msg/pose2_d.hpp
[13.825s] -- Symlinking: /home/mjlinux/Downloads/book_ros2_wrs/install/vision_msgs/include/vision_msgs/vision_msgs/msg/vision_class.hpp
[13.832s] -- Symlinking: /home/mjlinux/Downloads/book_ros2_wrs/install/vision_msgs/include/vision_msgs/vision_msgs/msg/vision_info.hpp
[13.839s] -- Symlinking: /home/mjlinux/Downloads/book_ros2_wrs/install/vision_msgs/include/vision_msgs/vision_msgs/msg/detail/bounding_box2_d__rosidl_typesupport_fastrtps_cpp.hpp
[13.845s] -- Symlinking: /home/mjlinux/Downloads/book_ros2_wrs/install/vision_msgs/include/vision_msgs/vision_msgs/msg/detail/bounding_box2_d_array__rosidl_typesupport_fastrtps_cpp.hpp
[13.852s] -- Symlinking: /home/mjlinux/Downloads/book_ros2_wrs/install/vision_msgs/include/vision_msgs/vision_msgs/msg/detail/bounding_box3_d__rosidl_typesupport_fastrtps_cpp.hpp
[13.858s] -- Symlinking: /home/mjlinux/Downloads/book_ros2_wrs/install/vision_msgs/include/vision_msgs/vision_msgs/msg/detail/bounding_box3_d_array__rosidl_typesupport_fastrtps_cpp.hpp
[13.865s] -- Symlinking: /home/mjlinux/Downloads/book_ros2_wrs/install/vision_msgs/include/vision_msgs/vision_msgs/msg/detail/classification__rosidl_typesupport_fastrtps_cpp.hpp
[13.871s] -- Symlinking: /home/mjlinux/Downloads/book_ros2_wrs/install/vision_msgs/include/vision_msgs/vision_msgs/msg/detail/detection2_d__rosidl_typesupport_fastrtps_cpp.hpp
[13.877s] -- Symlinking: /home/mjlinux/Downloads/book_ros2_wrs/install/vision_msgs/include/vision_msgs/vision_msgs/msg/detail/detection2_d_array__rosidl_typesupport_fastrtps_cpp.hpp
[13.884s] -- Symlinking: /home/mjlinux/Downloads/book_ros2_wrs/install/vision_msgs/include/vision_msgs/vision_msgs/msg/detail/detection3_d__rosidl_typesupport_fastrtps_cpp.hpp
[13.890s] -- Symlinking: /home/mjlinux/Downloads/book_ros2_wrs/install/vision_msgs/include/vision_msgs/vision_msgs/msg/detail/detection3_d_array__rosidl_typesupport_fastrtps_cpp.hpp
[13.897s] -- Symlinking: /home/mjlinux/Downloads/book_ros2_wrs/install/vision_msgs/include/vision_msgs/vision_msgs/msg/detail/label_info__rosidl_typesupport_fastrtps_cpp.hpp
[13.904s] -- Symlinking: /home/mjlinux/Downloads/book_ros2_wrs/install/vision_msgs/include/vision_msgs/vision_msgs/msg/detail/object_hypothesis__rosidl_typesupport_fastrtps_cpp.hpp
[13.910s] -- Symlinking: /home/mjlinux/Downloads/book_ros2_wrs/install/vision_msgs/include/vision_msgs/vision_msgs/msg/detail/object_hypothesis_with_pose__rosidl_typesupport_fastrtps_cpp.hpp
[13.917s] -- Symlinking: /home/mjlinux/Downloads/book_ros2_wrs/install/vision_msgs/include/vision_msgs/vision_msgs/msg/detail/point2_d__rosidl_typesupport_fastrtps_cpp.hpp
[13.930s] -- Symlinking: /home/mjlinux/Downloads/book_ros2_wrs/install/vision_msgs/include/vision_msgs/vision_msgs/msg/detail/pose2_d__rosidl_typesupport_fastrtps_cpp.hpp
[13.937s] -- Symlinking: /home/mjlinux/Downloads/book_ros2_wrs/install/vision_msgs/include/vision_msgs/vision_msgs/msg/detail/vision_class__rosidl_typesupport_fastrtps_cpp.hpp
[13.944s] -- Symlinking: /home/mjlinux/Downloads/book_ros2_wrs/install/vision_msgs/include/vision_msgs/vision_msgs/msg/detail/vision_info__rosidl_typesupport_fastrtps_cpp.hpp
[13.951s] -- Symlinking: /home/mjlinux/Downloads/book_ros2_wrs/install/vision_msgs/include/vision_msgs/vision_msgs/msg/rosidl_typesupport_fastrtps_cpp__visibility_control.h
[13.957s] -- Symlinking: /home/mjlinux/Downloads/book_ros2_wrs/install/vision_msgs/include/vision_msgs/vision_msgs/msg/detail/bounding_box2_d__rosidl_typesupport_introspection_c.h
[13.964s] -- Symlinking: /home/mjlinux/Downloads/book_ros2_wrs/install/vision_msgs/include/vision_msgs/vision_msgs/msg/detail/bounding_box2_d_array__rosidl_typesupport_introspection_c.h
[13.972s] -- Symlinking: /home/mjlinux/Downloads/book_ros2_wrs/install/vision_msgs/include/vision_msgs/vision_msgs/msg/detail/bounding_box3_d__rosidl_typesupport_introspection_c.h
[13.980s] -- Symlinking: /home/mjlinux/Downloads/book_ros2_wrs/install/vision_msgs/include/vision_msgs/vision_msgs/msg/detail/bounding_box3_d_array__rosidl_typesupport_introspection_c.h
[13.986s] -- Symlinking: /home/mjlinux/Downloads/book_ros2_wrs/install/vision_msgs/include/vision_msgs/vision_msgs/msg/detail/classification__rosidl_typesupport_introspection_c.h
[13.993s] -- Symlinking: /home/mjlinux/Downloads/book_ros2_wrs/install/vision_msgs/include/vision_msgs/vision_msgs/msg/detail/detection2_d__rosidl_typesupport_introspection_c.h
[13.999s] -- Symlinking: /home/mjlinux/Downloads/book_ros2_wrs/install/vision_msgs/include/vision_msgs/vision_msgs/msg/detail/detection2_d_array__rosidl_typesupport_introspection_c.h
[14.006s] -- Symlinking: /home/mjlinux/Downloads/book_ros2_wrs/install/vision_msgs/include/vision_msgs/vision_msgs/msg/detail/detection3_d__rosidl_typesupport_introspection_c.h
[14.019s] -- Symlinking: /home/mjlinux/Downloads/book_ros2_wrs/install/vision_msgs/include/vision_msgs/vision_msgs/msg/detail/detection3_d_array__rosidl_typesupport_introspection_c.h
[14.027s] -- Symlinking: /home/mjlinux/Downloads/book_ros2_wrs/install/vision_msgs/include/vision_msgs/vision_msgs/msg/detail/label_info__rosidl_typesupport_introspection_c.h
[14.033s] -- Symlinking: /home/mjlinux/Downloads/book_ros2_wrs/install/vision_msgs/include/vision_msgs/vision_msgs/msg/detail/object_hypothesis__rosidl_typesupport_introspection_c.h
[14.040s] -- Symlinking: /home/mjlinux/Downloads/book_ros2_wrs/install/vision_msgs/include/vision_msgs/vision_msgs/msg/detail/object_hypothesis_with_pose__rosidl_typesupport_introspection_c.h
[14.047s] -- Symlinking: /home/mjlinux/Downloads/book_ros2_wrs/install/vision_msgs/include/vision_msgs/vision_msgs/msg/detail/point2_d__rosidl_typesupport_introspection_c.h
[14.053s] -- Symlinking: /home/mjlinux/Downloads/book_ros2_wrs/install/vision_msgs/include/vision_msgs/vision_msgs/msg/detail/pose2_d__rosidl_typesupport_introspection_c.h
[14.060s] -- Symlinking: /home/mjlinux/Downloads/book_ros2_wrs/install/vision_msgs/include/vision_msgs/vision_msgs/msg/detail/vision_class__rosidl_typesupport_introspection_c.h
[14.067s] -- Symlinking: /home/mjlinux/Downloads/book_ros2_wrs/install/vision_msgs/include/vision_msgs/vision_msgs/msg/detail/vision_info__rosidl_typesupport_introspection_c.h
[14.073s] -- Symlinking: /home/mjlinux/Downloads/book_ros2_wrs/install/vision_msgs/include/vision_msgs/vision_msgs/msg/rosidl_typesupport_introspection_c__visibility_control.h
[14.080s] -- Symlinking: /home/mjlinux/Downloads/book_ros2_wrs/install/vision_msgs/include/vision_msgs/vision_msgs/msg/detail/bounding_box2_d__rosidl_typesupport_introspection_cpp.hpp
[14.087s] -- Symlinking: /home/mjlinux/Downloads/book_ros2_wrs/install/vision_msgs/include/vision_msgs/vision_msgs/msg/detail/bounding_box2_d_array__rosidl_typesupport_introspection_cpp.hpp
[14.093s] -- Symlinking: /home/mjlinux/Downloads/book_ros2_wrs/install/vision_msgs/include/vision_msgs/vision_msgs/msg/detail/bounding_box3_d__rosidl_typesupport_introspection_cpp.hpp
[14.099s] -- Symlinking: /home/mjlinux/Downloads/book_ros2_wrs/install/vision_msgs/include/vision_msgs/vision_msgs/msg/detail/bounding_box3_d_array__rosidl_typesupport_introspection_cpp.hpp
[14.106s] -- Symlinking: /home/mjlinux/Downloads/book_ros2_wrs/install/vision_msgs/include/vision_msgs/vision_msgs/msg/detail/classification__rosidl_typesupport_introspection_cpp.hpp
[14.113s] -- Symlinking: /home/mjlinux/Downloads/book_ros2_wrs/install/vision_msgs/include/vision_msgs/vision_msgs/msg/detail/detection2_d__rosidl_typesupport_introspection_cpp.hpp
[14.119s] -- Symlinking: /home/mjlinux/Downloads/book_ros2_wrs/install/vision_msgs/include/vision_msgs/vision_msgs/msg/detail/detection2_d_array__rosidl_typesupport_introspection_cpp.hpp
[14.130s] -- Symlinking: /home/mjlinux/Downloads/book_ros2_wrs/install/vision_msgs/include/vision_msgs/vision_msgs/msg/detail/detection3_d__rosidl_typesupport_introspection_cpp.hpp
[14.138s] -- Symlinking: /home/mjlinux/Downloads/book_ros2_wrs/install/vision_msgs/include/vision_msgs/vision_msgs/msg/detail/detection3_d_array__rosidl_typesupport_introspection_cpp.hpp
[14.145s] -- Symlinking: /home/mjlinux/Downloads/book_ros2_wrs/install/vision_msgs/include/vision_msgs/vision_msgs/msg/detail/label_info__rosidl_typesupport_introspection_cpp.hpp
[14.151s] -- Symlinking: /home/mjlinux/Downloads/book_ros2_wrs/install/vision_msgs/include/vision_msgs/vision_msgs/msg/detail/object_hypothesis__rosidl_typesupport_introspection_cpp.hpp
[14.158s] -- Symlinking: /home/mjlinux/Downloads/book_ros2_wrs/install/vision_msgs/include/vision_msgs/vision_msgs/msg/detail/object_hypothesis_with_pose__rosidl_typesupport_introspection_cpp.hpp
[14.165s] -- Symlinking: /home/mjlinux/Downloads/book_ros2_wrs/install/vision_msgs/include/vision_msgs/vision_msgs/msg/detail/point2_d__rosidl_typesupport_introspection_cpp.hpp
[14.171s] -- Symlinking: /home/mjlinux/Downloads/book_ros2_wrs/install/vision_msgs/include/vision_msgs/vision_msgs/msg/detail/pose2_d__rosidl_typesupport_introspection_cpp.hpp
[14.177s] -- Symlinking: /home/mjlinux/Downloads/book_ros2_wrs/install/vision_msgs/include/vision_msgs/vision_msgs/msg/detail/vision_class__rosidl_typesupport_introspection_cpp.hpp
[14.184s] -- Symlinking: /home/mjlinux/Downloads/book_ros2_wrs/install/vision_msgs/include/vision_msgs/vision_msgs/msg/detail/vision_info__rosidl_typesupport_introspection_cpp.hpp
[14.191s] -- Symlinking: /home/mjlinux/Downloads/book_ros2_wrs/install/vision_msgs/share/vision_msgs/environment/pythonpath.sh
[14.197s] -- Symlinking: /home/mjlinux/Downloads/book_ros2_wrs/install/vision_msgs/share/vision_msgs/environment/pythonpath.dsv
[14.205s] -- Symlinking: /home/mjlinux/Downloads/book_ros2_wrs/install/vision_msgs/local/lib/python3.10/dist-packages/vision_msgs-4.1.0-py3.10.egg-info/PKG-INFO
[14.212s] -- Symlinking: /home/mjlinux/Downloads/book_ros2_wrs/install/vision_msgs/local/lib/python3.10/dist-packages/vision_msgs-4.1.0-py3.10.egg-info/SOURCES.txt
[14.224s] -- Symlinking: /home/mjlinux/Downloads/book_ros2_wrs/install/vision_msgs/local/lib/python3.10/dist-packages/vision_msgs-4.1.0-py3.10.egg-info/dependency_links.txt
[14.232s] -- Symlinking: /home/mjlinux/Downloads/book_ros2_wrs/install/vision_msgs/local/lib/python3.10/dist-packages/vision_msgs-4.1.0-py3.10.egg-info/top_level.txt
[14.239s] -- Symlinking: /home/mjlinux/Downloads/book_ros2_wrs/install/vision_msgs/local/lib/python3.10/dist-packages/vision_msgs/__init__.py
[14.245s] -- Symlinking: /home/mjlinux/Downloads/book_ros2_wrs/install/vision_msgs/local/lib/python3.10/dist-packages/vision_msgs/_vision_msgs_s.ep.rosidl_typesupport_c.c
[14.252s] -- Symlinking: /home/mjlinux/Downloads/book_ros2_wrs/install/vision_msgs/local/lib/python3.10/dist-packages/vision_msgs/_vision_msgs_s.ep.rosidl_typesupport_fastrtps_c.c
[14.259s] -- Symlinking: /home/mjlinux/Downloads/book_ros2_wrs/install/vision_msgs/local/lib/python3.10/dist-packages/vision_msgs/_vision_msgs_s.ep.rosidl_typesupport_introspection_c.c
[14.266s] -- Symlinking: /home/mjlinux/Downloads/book_ros2_wrs/install/vision_msgs/local/lib/python3.10/dist-packages/vision_msgs/libvision_msgs__rosidl_generator_py.so
[14.272s] -- Symlinking: /home/mjlinux/Downloads/book_ros2_wrs/install/vision_msgs/local/lib/python3.10/dist-packages/vision_msgs/msg/__init__.py
[14.279s] -- Symlinking: /home/mjlinux/Downloads/book_ros2_wrs/install/vision_msgs/local/lib/python3.10/dist-packages/vision_msgs/msg/_bounding_box2_d.py
[14.285s] -- Symlinking: /home/mjlinux/Downloads/book_ros2_wrs/install/vision_msgs/local/lib/python3.10/dist-packages/vision_msgs/msg/_bounding_box2_d_array.py
[14.292s] -- Symlinking: /home/mjlinux/Downloads/book_ros2_wrs/install/vision_msgs/local/lib/python3.10/dist-packages/vision_msgs/msg/_bounding_box2_d_array_s.c
[14.298s] -- Symlinking: /home/mjlinux/Downloads/book_ros2_wrs/install/vision_msgs/local/lib/python3.10/dist-packages/vision_msgs/msg/_bounding_box2_d_s.c
[14.305s] -- Symlinking: /home/mjlinux/Downloads/book_ros2_wrs/install/vision_msgs/local/lib/python3.10/dist-packages/vision_msgs/msg/_bounding_box3_d.py
[14.311s] -- Symlinking: /home/mjlinux/Downloads/book_ros2_wrs/install/vision_msgs/local/lib/python3.10/dist-packages/vision_msgs/msg/_bounding_box3_d_array.py
[14.321s] -- Symlinking: /home/mjlinux/Downloads/book_ros2_wrs/install/vision_msgs/local/lib/python3.10/dist-packages/vision_msgs/msg/_bounding_box3_d_array_s.c
[14.329s] -- Symlinking: /home/mjlinux/Downloads/book_ros2_wrs/install/vision_msgs/local/lib/python3.10/dist-packages/vision_msgs/msg/_bounding_box3_d_s.c
[14.335s] -- Symlinking: /home/mjlinux/Downloads/book_ros2_wrs/install/vision_msgs/local/lib/python3.10/dist-packages/vision_msgs/msg/_classification.py
[14.342s] -- Symlinking: /home/mjlinux/Downloads/book_ros2_wrs/install/vision_msgs/local/lib/python3.10/dist-packages/vision_msgs/msg/_classification_s.c
[14.349s] -- Symlinking: /home/mjlinux/Downloads/book_ros2_wrs/install/vision_msgs/local/lib/python3.10/dist-packages/vision_msgs/msg/_detection2_d.py
[14.355s] -- Symlinking: /home/mjlinux/Downloads/book_ros2_wrs/install/vision_msgs/local/lib/python3.10/dist-packages/vision_msgs/msg/_detection2_d_array.py
[14.362s] -- Symlinking: /home/mjlinux/Downloads/book_ros2_wrs/install/vision_msgs/local/lib/python3.10/dist-packages/vision_msgs/msg/_detection2_d_array_s.c
[14.368s] -- Symlinking: /home/mjlinux/Downloads/book_ros2_wrs/install/vision_msgs/local/lib/python3.10/dist-packages/vision_msgs/msg/_detection2_d_s.c
[14.374s] -- Symlinking: /home/mjlinux/Downloads/book_ros2_wrs/install/vision_msgs/local/lib/python3.10/dist-packages/vision_msgs/msg/_detection3_d.py
[14.381s] -- Symlinking: /home/mjlinux/Downloads/book_ros2_wrs/install/vision_msgs/local/lib/python3.10/dist-packages/vision_msgs/msg/_detection3_d_array.py
[14.387s] -- Symlinking: /home/mjlinux/Downloads/book_ros2_wrs/install/vision_msgs/local/lib/python3.10/dist-packages/vision_msgs/msg/_detection3_d_array_s.c
[14.394s] -- Symlinking: /home/mjlinux/Downloads/book_ros2_wrs/install/vision_msgs/local/lib/python3.10/dist-packages/vision_msgs/msg/_detection3_d_s.c
[14.400s] -- Symlinking: /home/mjlinux/Downloads/book_ros2_wrs/install/vision_msgs/local/lib/python3.10/dist-packages/vision_msgs/msg/_label_info.py
[14.407s] -- Symlinking: /home/mjlinux/Downloads/book_ros2_wrs/install/vision_msgs/local/lib/python3.10/dist-packages/vision_msgs/msg/_label_info_s.c
[14.414s] -- Symlinking: /home/mjlinux/Downloads/book_ros2_wrs/install/vision_msgs/local/lib/python3.10/dist-packages/vision_msgs/msg/_object_hypothesis.py
[14.421s] -- Symlinking: /home/mjlinux/Downloads/book_ros2_wrs/install/vision_msgs/local/lib/python3.10/dist-packages/vision_msgs/msg/_object_hypothesis_s.c
[14.433s] -- Symlinking: /home/mjlinux/Downloads/book_ros2_wrs/install/vision_msgs/local/lib/python3.10/dist-packages/vision_msgs/msg/_object_hypothesis_with_pose.py
[14.440s] -- Symlinking: /home/mjlinux/Downloads/book_ros2_wrs/install/vision_msgs/local/lib/python3.10/dist-packages/vision_msgs/msg/_object_hypothesis_with_pose_s.c
[14.447s] -- Symlinking: /home/mjlinux/Downloads/book_ros2_wrs/install/vision_msgs/local/lib/python3.10/dist-packages/vision_msgs/msg/_point2_d.py
[14.453s] -- Symlinking: /home/mjlinux/Downloads/book_ros2_wrs/install/vision_msgs/local/lib/python3.10/dist-packages/vision_msgs/msg/_point2_d_s.c
[14.460s] -- Symlinking: /home/mjlinux/Downloads/book_ros2_wrs/install/vision_msgs/local/lib/python3.10/dist-packages/vision_msgs/msg/_pose2_d.py
[14.467s] -- Symlinking: /home/mjlinux/Downloads/book_ros2_wrs/install/vision_msgs/local/lib/python3.10/dist-packages/vision_msgs/msg/_pose2_d_s.c
[14.473s] -- Symlinking: /home/mjlinux/Downloads/book_ros2_wrs/install/vision_msgs/local/lib/python3.10/dist-packages/vision_msgs/msg/_vision_class.py
[14.480s] -- Symlinking: /home/mjlinux/Downloads/book_ros2_wrs/install/vision_msgs/local/lib/python3.10/dist-packages/vision_msgs/msg/_vision_class_s.c
[14.487s] -- Symlinking: /home/mjlinux/Downloads/book_ros2_wrs/install/vision_msgs/local/lib/python3.10/dist-packages/vision_msgs/msg/_vision_info.py
[14.493s] -- Symlinking: /home/mjlinux/Downloads/book_ros2_wrs/install/vision_msgs/local/lib/python3.10/dist-packages/vision_msgs/msg/_vision_info_s.c
[14.500s] -- Symlinking: /home/mjlinux/Downloads/book_ros2_wrs/install/vision_msgs/local/lib/python3.10/dist-packages/vision_msgs/vision_msgs_s__rosidl_typesupport_c.cpython-310-aarch64-linux-gnu.so
[14.506s] -- Symlinking: /home/mjlinux/Downloads/book_ros2_wrs/install/vision_msgs/local/lib/python3.10/dist-packages/vision_msgs/vision_msgs_s__rosidl_typesupport_fastrtps_c.cpython-310-aarch64-linux-gnu.so
[14.514s] -- Symlinking: /home/mjlinux/Downloads/book_ros2_wrs/install/vision_msgs/local/lib/python3.10/dist-packages/vision_msgs/vision_msgs_s__rosidl_typesupport_introspection_c.cpython-310-aarch64-linux-gnu.so
[14.521s] -- Up-to-date symlink: /home/mjlinux/Downloads/book_ros2_wrs/install/vision_msgs/local/lib/python3.10/dist-packages/vision_msgs/vision_msgs_s__rosidl_typesupport_fastrtps_c.cpython-310-aarch64-linux-gnu.so
[14.521s] -- Up-to-date symlink: /home/mjlinux/Downloads/book_ros2_wrs/install/vision_msgs/local/lib/python3.10/dist-packages/vision_msgs/vision_msgs_s__rosidl_typesupport_introspection_c.cpython-310-aarch64-linux-gnu.so
[14.525s] -- Up-to-date symlink: /home/mjlinux/Downloads/book_ros2_wrs/install/vision_msgs/local/lib/python3.10/dist-packages/vision_msgs/vision_msgs_s__rosidl_typesupport_c.cpython-310-aarch64-linux-gnu.so
[14.525s] -- Symlinking: /home/mjlinux/Downloads/book_ros2_wrs/install/vision_msgs/share/vision_msgs/msg/BoundingBox2D.idl
[14.531s] -- Symlinking: /home/mjlinux/Downloads/book_ros2_wrs/install/vision_msgs/share/vision_msgs/msg/BoundingBox2DArray.idl
[14.538s] -- Symlinking: /home/mjlinux/Downloads/book_ros2_wrs/install/vision_msgs/share/vision_msgs/msg/BoundingBox3D.idl
[14.545s] -- Symlinking: /home/mjlinux/Downloads/book_ros2_wrs/install/vision_msgs/share/vision_msgs/msg/BoundingBox3DArray.idl
[14.551s] -- Symlinking: /home/mjlinux/Downloads/book_ros2_wrs/install/vision_msgs/share/vision_msgs/msg/Classification.idl
[14.558s] -- Symlinking: /home/mjlinux/Downloads/book_ros2_wrs/install/vision_msgs/share/vision_msgs/msg/Detection2DArray.idl
[14.564s] -- Symlinking: /home/mjlinux/Downloads/book_ros2_wrs/install/vision_msgs/share/vision_msgs/msg/Detection2D.idl
[14.573s] -- Symlinking: /home/mjlinux/Downloads/book_ros2_wrs/install/vision_msgs/share/vision_msgs/msg/Detection3DArray.idl
[14.580s] -- Symlinking: /home/mjlinux/Downloads/book_ros2_wrs/install/vision_msgs/share/vision_msgs/msg/Detection3D.idl
[14.587s] -- Symlinking: /home/mjlinux/Downloads/book_ros2_wrs/install/vision_msgs/share/vision_msgs/msg/LabelInfo.idl
[14.594s] -- Symlinking: /home/mjlinux/Downloads/book_ros2_wrs/install/vision_msgs/share/vision_msgs/msg/ObjectHypothesis.idl
[14.601s] -- Symlinking: /home/mjlinux/Downloads/book_ros2_wrs/install/vision_msgs/share/vision_msgs/msg/ObjectHypothesisWithPose.idl
[14.607s] -- Symlinking: /home/mjlinux/Downloads/book_ros2_wrs/install/vision_msgs/share/vision_msgs/msg/VisionClass.idl
[14.614s] -- Symlinking: /home/mjlinux/Downloads/book_ros2_wrs/install/vision_msgs/share/vision_msgs/msg/Point2D.idl
[14.621s] -- Symlinking: /home/mjlinux/Downloads/book_ros2_wrs/install/vision_msgs/share/vision_msgs/msg/Pose2D.idl
[14.627s] -- Symlinking: /home/mjlinux/Downloads/book_ros2_wrs/install/vision_msgs/share/vision_msgs/msg/VisionInfo.idl
[14.638s] -- Symlinking: /home/mjlinux/Downloads/book_ros2_wrs/install/vision_msgs/share/vision_msgs/msg/BoundingBox2D.msg
[14.645s] -- Symlinking: /home/mjlinux/Downloads/book_ros2_wrs/install/vision_msgs/share/vision_msgs/msg/BoundingBox2DArray.msg
[14.652s] -- Symlinking: /home/mjlinux/Downloads/book_ros2_wrs/install/vision_msgs/share/vision_msgs/msg/BoundingBox3D.msg
[14.658s] -- Symlinking: /home/mjlinux/Downloads/book_ros2_wrs/install/vision_msgs/share/vision_msgs/msg/BoundingBox3DArray.msg
[14.665s] -- Symlinking: /home/mjlinux/Downloads/book_ros2_wrs/install/vision_msgs/share/vision_msgs/msg/Classification.msg
[14.672s] -- Symlinking: /home/mjlinux/Downloads/book_ros2_wrs/install/vision_msgs/share/vision_msgs/msg/Detection2DArray.msg
[14.678s] -- Symlinking: /home/mjlinux/Downloads/book_ros2_wrs/install/vision_msgs/share/vision_msgs/msg/Detection2D.msg
[14.685s] -- Symlinking: /home/mjlinux/Downloads/book_ros2_wrs/install/vision_msgs/share/vision_msgs/msg/Detection3DArray.msg
[14.691s] -- Symlinking: /home/mjlinux/Downloads/book_ros2_wrs/install/vision_msgs/share/vision_msgs/msg/Detection3D.msg
[14.698s] -- Symlinking: /home/mjlinux/Downloads/book_ros2_wrs/install/vision_msgs/share/vision_msgs/msg/LabelInfo.msg
[14.705s] -- Symlinking: /home/mjlinux/Downloads/book_ros2_wrs/install/vision_msgs/share/vision_msgs/msg/ObjectHypothesis.msg
[14.711s] -- Symlinking: /home/mjlinux/Downloads/book_ros2_wrs/install/vision_msgs/share/vision_msgs/msg/ObjectHypothesisWithPose.msg
[14.718s] -- Symlinking: /home/mjlinux/Downloads/book_ros2_wrs/install/vision_msgs/share/vision_msgs/msg/VisionClass.msg
[14.725s] -- Symlinking: /home/mjlinux/Downloads/book_ros2_wrs/install/vision_msgs/share/vision_msgs/msg/Point2D.msg
[14.739s] -- Symlinking: /home/mjlinux/Downloads/book_ros2_wrs/install/vision_msgs/share/vision_msgs/msg/Pose2D.msg
[14.746s] -- Symlinking: /home/mjlinux/Downloads/book_ros2_wrs/install/vision_msgs/share/vision_msgs/msg/VisionInfo.msg
[14.753s] -- Symlinking: /home/mjlinux/Downloads/book_ros2_wrs/install/vision_msgs/include/vision_msgs/create_aabb.hpp
[14.759s] -- Symlinking: /home/mjlinux/Downloads/book_ros2_wrs/install/vision_msgs/share/ament_index/resource_index/package_run_dependencies/vision_msgs
[14.766s] -- Symlinking: /home/mjlinux/Downloads/book_ros2_wrs/install/vision_msgs/share/ament_index/resource_index/parent_prefix_path/vision_msgs
[14.772s] -- Symlinking: /home/mjlinux/Downloads/book_ros2_wrs/install/vision_msgs/share/vision_msgs/environment/ament_prefix_path.sh
[14.779s] -- Symlinking: /home/mjlinux/Downloads/book_ros2_wrs/install/vision_msgs/share/vision_msgs/environment/ament_prefix_path.dsv
[14.785s] -- Symlinking: /home/mjlinux/Downloads/book_ros2_wrs/install/vision_msgs/share/vision_msgs/environment/path.sh
[14.792s] -- Symlinking: /home/mjlinux/Downloads/book_ros2_wrs/install/vision_msgs/share/vision_msgs/environment/path.dsv
[14.798s] -- Symlinking: /home/mjlinux/Downloads/book_ros2_wrs/install/vision_msgs/share/vision_msgs/local_setup.bash
[14.805s] -- Symlinking: /home/mjlinux/Downloads/book_ros2_wrs/install/vision_msgs/share/vision_msgs/local_setup.sh
[14.811s] -- Symlinking: /home/mjlinux/Downloads/book_ros2_wrs/install/vision_msgs/share/vision_msgs/local_setup.zsh
[14.818s] -- Symlinking: /home/mjlinux/Downloads/book_ros2_wrs/install/vision_msgs/share/vision_msgs/local_setup.dsv
[14.834s] -- Symlinking: /home/mjlinux/Downloads/book_ros2_wrs/install/vision_msgs/share/vision_msgs/package.dsv
[14.841s] -- Symlinking: /home/mjlinux/Downloads/book_ros2_wrs/install/vision_msgs/share/ament_index/resource_index/packages/vision_msgs
[14.848s] -- Symlinking: /home/mjlinux/Downloads/book_ros2_wrs/install/vision_msgs/share/vision_msgs/cmake/rosidl_cmake-extras.cmake
[14.855s] -- Symlinking: /home/mjlinux/Downloads/book_ros2_wrs/install/vision_msgs/share/vision_msgs/cmake/ament_cmake_export_dependencies-extras.cmake
[14.861s] -- Symlinking: /home/mjlinux/Downloads/book_ros2_wrs/install/vision_msgs/share/vision_msgs/cmake/ament_cmake_export_include_directories-extras.cmake
[14.868s] -- Symlinking: /home/mjlinux/Downloads/book_ros2_wrs/install/vision_msgs/share/vision_msgs/cmake/ament_cmake_export_libraries-extras.cmake
[14.874s] -- Symlinking: /home/mjlinux/Downloads/book_ros2_wrs/install/vision_msgs/share/vision_msgs/cmake/ament_cmake_export_targets-extras.cmake
[14.881s] -- Symlinking: /home/mjlinux/Downloads/book_ros2_wrs/install/vision_msgs/share/vision_msgs/cmake/rosidl_cmake_export_typesupport_targets-extras.cmake
[14.887s] -- Symlinking: /home/mjlinux/Downloads/book_ros2_wrs/install/vision_msgs/share/vision_msgs/cmake/rosidl_cmake_export_typesupport_libraries-extras.cmake
[14.894s] -- Symlinking: /home/mjlinux/Downloads/book_ros2_wrs/install/vision_msgs/share/vision_msgs/cmake/vision_msgsConfig.cmake
[14.900s] -- Symlinking: /home/mjlinux/Downloads/book_ros2_wrs/install/vision_msgs/share/vision_msgs/cmake/vision_msgsConfig-version.cmake
[14.906s] -- Symlinking: /home/mjlinux/Downloads/book_ros2_wrs/install/vision_msgs/share/vision_msgs/package.xml
[14.913s] -- Installing: /home/mjlinux/Downloads/book_ros2_wrs/install/vision_msgs/lib/libvision_msgs__rosidl_generator_c.so
[14.913s] -- Set runtime path of "/home/mjlinux/Downloads/book_ros2_wrs/install/vision_msgs/lib/libvision_msgs__rosidl_generator_c.so" to ""
[14.913s] -- Installing: /home/mjlinux/Downloads/book_ros2_wrs/install/vision_msgs/lib/libvision_msgs__rosidl_typesupport_fastrtps_c.so
[14.913s] -- Set runtime path of "/home/mjlinux/Downloads/book_ros2_wrs/install/vision_msgs/lib/libvision_msgs__rosidl_typesupport_fastrtps_c.so" to ""
[14.914s] -- Installing: /home/mjlinux/Downloads/book_ros2_wrs/install/vision_msgs/lib/libvision_msgs__rosidl_typesupport_fastrtps_cpp.so
[14.914s] -- Set runtime path of "/home/mjlinux/Downloads/book_ros2_wrs/install/vision_msgs/lib/libvision_msgs__rosidl_typesupport_fastrtps_cpp.so" to ""
[14.914s] -- Installing: /home/mjlinux/Downloads/book_ros2_wrs/install/vision_msgs/lib/libvision_msgs__rosidl_typesupport_introspection_c.so
[14.914s] -- Set runtime path of "/home/mjlinux/Downloads/book_ros2_wrs/install/vision_msgs/lib/libvision_msgs__rosidl_typesupport_introspection_c.so" to ""
[14.914s] -- Installing: /home/mjlinux/Downloads/book_ros2_wrs/install/vision_msgs/lib/libvision_msgs__rosidl_typesupport_c.so
[14.915s] -- Set runtime path of "/home/mjlinux/Downloads/book_ros2_wrs/install/vision_msgs/lib/libvision_msgs__rosidl_typesupport_c.so" to ""
[14.915s] -- Installing: /home/mjlinux/Downloads/book_ros2_wrs/install/vision_msgs/lib/libvision_msgs__rosidl_typesupport_introspection_cpp.so
[14.915s] -- Set runtime path of "/home/mjlinux/Downloads/book_ros2_wrs/install/vision_msgs/lib/libvision_msgs__rosidl_typesupport_introspection_cpp.so" to ""
[14.915s] -- Installing: /home/mjlinux/Downloads/book_ros2_wrs/install/vision_msgs/lib/libvision_msgs__rosidl_typesupport_cpp.so
[14.915s] -- Set runtime path of "/home/mjlinux/Downloads/book_ros2_wrs/install/vision_msgs/lib/libvision_msgs__rosidl_typesupport_cpp.so" to ""
[14.944s] Listing '/home/mjlinux/Downloads/book_ros2_wrs/install/vision_msgs/local/lib/python3.10/dist-packages/vision_msgs'...
[14.944s] Compiling '/home/mjlinux/Downloads/book_ros2_wrs/install/vision_msgs/local/lib/python3.10/dist-packages/vision_msgs/__init__.py'...
[14.944s] Listing '/home/mjlinux/Downloads/book_ros2_wrs/install/vision_msgs/local/lib/python3.10/dist-packages/vision_msgs/msg'...
[14.944s] Compiling '/home/mjlinux/Downloads/book_ros2_wrs/install/vision_msgs/local/lib/python3.10/dist-packages/vision_msgs/msg/__init__.py'...
[14.944s] Compiling '/home/mjlinux/Downloads/book_ros2_wrs/install/vision_msgs/local/lib/python3.10/dist-packages/vision_msgs/msg/_bounding_box2_d.py'...
[14.944s] Compiling '/home/mjlinux/Downloads/book_ros2_wrs/install/vision_msgs/local/lib/python3.10/dist-packages/vision_msgs/msg/_bounding_box2_d_array.py'...
[14.945s] Compiling '/home/mjlinux/Downloads/book_ros2_wrs/install/vision_msgs/local/lib/python3.10/dist-packages/vision_msgs/msg/_bounding_box3_d.py'...
[14.945s] Compiling '/home/mjlinux/Downloads/book_ros2_wrs/install/vision_msgs/local/lib/python3.10/dist-packages/vision_msgs/msg/_bounding_box3_d_array.py'...
[14.945s] Compiling '/home/mjlinux/Downloads/book_ros2_wrs/install/vision_msgs/local/lib/python3.10/dist-packages/vision_msgs/msg/_classification.py'...
[14.945s] Compiling '/home/mjlinux/Downloads/book_ros2_wrs/install/vision_msgs/local/lib/python3.10/dist-packages/vision_msgs/msg/_detection2_d.py'...
[14.945s] Compiling '/home/mjlinux/Downloads/book_ros2_wrs/install/vision_msgs/local/lib/python3.10/dist-packages/vision_msgs/msg/_detection2_d_array.py'...
[14.945s] Compiling '/home/mjlinux/Downloads/book_ros2_wrs/install/vision_msgs/local/lib/python3.10/dist-packages/vision_msgs/msg/_detection3_d.py'...
[14.945s] Compiling '/home/mjlinux/Downloads/book_ros2_wrs/install/vision_msgs/local/lib/python3.10/dist-packages/vision_msgs/msg/_detection3_d_array.py'...
[14.945s] Compiling '/home/mjlinux/Downloads/book_ros2_wrs/install/vision_msgs/local/lib/python3.10/dist-packages/vision_msgs/msg/_label_info.py'...
[14.945s] Compiling '/home/mjlinux/Downloads/book_ros2_wrs/install/vision_msgs/local/lib/python3.10/dist-packages/vision_msgs/msg/_object_hypothesis.py'...
[14.945s] Compiling '/home/mjlinux/Downloads/book_ros2_wrs/install/vision_msgs/local/lib/python3.10/dist-packages/vision_msgs/msg/_object_hypothesis_with_pose.py'...
[14.945s] Compiling '/home/mjlinux/Downloads/book_ros2_wrs/install/vision_msgs/local/lib/python3.10/dist-packages/vision_msgs/msg/_point2_d.py'...
[14.945s] Compiling '/home/mjlinux/Downloads/book_ros2_wrs/install/vision_msgs/local/lib/python3.10/dist-packages/vision_msgs/msg/_pose2_d.py'...
[14.945s] Compiling '/home/mjlinux/Downloads/book_ros2_wrs/install/vision_msgs/local/lib/python3.10/dist-packages/vision_msgs/msg/_vision_class.py'...
[14.945s] Compiling '/home/mjlinux/Downloads/book_ros2_wrs/install/vision_msgs/local/lib/python3.10/dist-packages/vision_msgs/msg/_vision_info.py'...
[14.947s] -- Installing: /home/mjlinux/Downloads/book_ros2_wrs/install/vision_msgs/lib/libvision_msgs__rosidl_generator_py.so
[14.947s] -- Set runtime path of "/home/mjlinux/Downloads/book_ros2_wrs/install/vision_msgs/lib/libvision_msgs__rosidl_generator_py.so" to ""
[14.947s] -- Installing: /home/mjlinux/Downloads/book_ros2_wrs/install/vision_msgs/share/vision_msgs/cmake/export_vision_msgs__rosidl_generator_cExport.cmake
[14.948s] -- Installing: /home/mjlinux/Downloads/book_ros2_wrs/install/vision_msgs/share/vision_msgs/cmake/export_vision_msgs__rosidl_generator_cExport-noconfig.cmake
[14.948s] -- Installing: /home/mjlinux/Downloads/book_ros2_wrs/install/vision_msgs/share/vision_msgs/cmake/export_vision_msgs__rosidl_typesupport_fastrtps_cExport.cmake
[14.948s] -- Installing: /home/mjlinux/Downloads/book_ros2_wrs/install/vision_msgs/share/vision_msgs/cmake/export_vision_msgs__rosidl_typesupport_fastrtps_cExport-noconfig.cmake
[14.948s] -- Installing: /home/mjlinux/Downloads/book_ros2_wrs/install/vision_msgs/share/vision_msgs/cmake/export_vision_msgs__rosidl_generator_cppExport.cmake
[14.948s] -- Installing: /home/mjlinux/Downloads/book_ros2_wrs/install/vision_msgs/share/vision_msgs/cmake/export_vision_msgs__rosidl_typesupport_fastrtps_cppExport.cmake
[14.948s] -- Installing: /home/mjlinux/Downloads/book_ros2_wrs/install/vision_msgs/share/vision_msgs/cmake/export_vision_msgs__rosidl_typesupport_fastrtps_cppExport-noconfig.cmake
[14.948s] -- Installing: /home/mjlinux/Downloads/book_ros2_wrs/install/vision_msgs/share/vision_msgs/cmake/vision_msgs__rosidl_typesupport_introspection_cExport.cmake
[14.948s] -- Installing: /home/mjlinux/Downloads/book_ros2_wrs/install/vision_msgs/share/vision_msgs/cmake/vision_msgs__rosidl_typesupport_introspection_cExport-noconfig.cmake
[14.948s] -- Installing: /home/mjlinux/Downloads/book_ros2_wrs/install/vision_msgs/share/vision_msgs/cmake/vision_msgs__rosidl_typesupport_cExport.cmake
[14.948s] -- Installing: /home/mjlinux/Downloads/book_ros2_wrs/install/vision_msgs/share/vision_msgs/cmake/vision_msgs__rosidl_typesupport_cExport-noconfig.cmake
[14.948s] -- Installing: /home/mjlinux/Downloads/book_ros2_wrs/install/vision_msgs/share/vision_msgs/cmake/vision_msgs__rosidl_typesupport_introspection_cppExport.cmake
[14.949s] -- Installing: /home/mjlinux/Downloads/book_ros2_wrs/install/vision_msgs/share/vision_msgs/cmake/vision_msgs__rosidl_typesupport_introspection_cppExport-noconfig.cmake
[14.949s] -- Installing: /home/mjlinux/Downloads/book_ros2_wrs/install/vision_msgs/share/vision_msgs/cmake/vision_msgs__rosidl_typesupport_cppExport.cmake
[14.949s] -- Installing: /home/mjlinux/Downloads/book_ros2_wrs/install/vision_msgs/share/vision_msgs/cmake/vision_msgs__rosidl_typesupport_cppExport-noconfig.cmake
[14.949s] -- Installing: /home/mjlinux/Downloads/book_ros2_wrs/install/vision_msgs/share/vision_msgs/cmake/export_vision_msgs__rosidl_generator_pyExport.cmake
[14.949s] -- Installing: /home/mjlinux/Downloads/book_ros2_wrs/install/vision_msgs/share/vision_msgs/cmake/export_vision_msgs__rosidl_generator_pyExport-noconfig.cmake
[14.952s] Invoked command in '/home/mjlinux/Downloads/book_ros2_wrs/build/vision_msgs' returned '0': CMAKE_PREFIX_PATH=/opt/ros/humble /usr/bin/cmake --install /home/mjlinux/Downloads/book_ros2_wrs/build/vision_msgs
