[0.967s] Invoking command in '/home/mjlinux/Downloads/book_ros2_wrs/build/launch_pal': CONDA_PROMPT_MODIFIER=(ros) PYTHONPATH=/home/mjlinux/Downloads/book_ros2_wrs/build/launch_pal/prefix_override:/home/mjlinux/Downloads/book_ros2_wrs/install/launch_pal/lib/python3.10/site-packages:${PYTHONPATH} /usr/bin/python3 setup.py develop --editable --build-directory /home/mjlinux/Downloads/book_ros2_wrs/build/launch_pal/build --no-deps install_data
[1.310s] running develop
[1.321s] /usr/lib/python3/dist-packages/setuptools/command/easy_install.py:158: EasyInstallDeprecationWarning: easy_install command is deprecated. Use build and pip and other standards-based tools.
[1.321s]   warnings.warn(
[1.326s] /usr/lib/python3/dist-packages/setuptools/command/install.py:34: SetuptoolsDeprecationWarning: setup.py install is deprecated. Use build and pip and other standards-based tools.
[1.326s]   warnings.warn(
[1.548s] running egg_info
[1.548s] writing launch_pal.egg-info/PKG-INFO
[1.548s] writing dependency_links to launch_pal.egg-info/dependency_links.txt
[1.548s] writing entry points to launch_pal.egg-info/entry_points.txt
[1.548s] writing requirements to launch_pal.egg-info/requires.txt
[1.551s] writing top-level names to launch_pal.egg-info/top_level.txt
[1.553s] reading manifest file 'launch_pal.egg-info/SOURCES.txt'
[1.553s] writing manifest file 'launch_pal.egg-info/SOURCES.txt'
[1.553s] running build_ext
[1.553s] Creating /home/mjlinux/Downloads/book_ros2_wrs/install/launch_pal/lib/python3.10/site-packages/launch-pal.egg-link (link to .)
[1.554s] 
[1.554s] Installed /home/mjlinux/Downloads/book_ros2_wrs/build/launch_pal
[1.554s] running install_data
[1.573s] Invoked command in '/home/mjlinux/Downloads/book_ros2_wrs/build/launch_pal' returned '0': CONDA_PROMPT_MODIFIER=(ros) PYTHONPATH=/home/mjlinux/Downloads/book_ros2_wrs/build/launch_pal/prefix_override:/home/mjlinux/Downloads/book_ros2_wrs/install/launch_pal/lib/python3.10/site-packages:${PYTHONPATH} /usr/bin/python3 setup.py develop --editable --build-directory /home/mjlinux/Downloads/book_ros2_wrs/build/launch_pal/build --no-deps install_data
