[35m[1mConsolidate compiler generated dependencies of target simple[0m
[ 50%] [32mBuilding CXX object CMakeFiles/simple.dir/src/simple.cpp.o[0m
[100%] [32m[1mLinking CXX executable simple[0m
[100%] Built target simple
-- Install configuration: ""
-- Execute custom install script
-- Symlinking: /home/mjlinux/Downloads/book_ros2_wrs/install/first_package/lib/first_package/simple
-- Up-to-date symlink: /home/mjlinux/Downloads/book_ros2_wrs/install/first_package/share/ament_index/resource_index/package_run_dependencies/first_package
-- Up-to-date symlink: /home/mjlinux/Downloads/book_ros2_wrs/install/first_package/share/ament_index/resource_index/parent_prefix_path/first_package
-- Up-to-date symlink: /home/mjlinux/Downloads/book_ros2_wrs/install/first_package/share/first_package/environment/ament_prefix_path.sh
-- Up-to-date symlink: /home/mjlinux/Downloads/book_ros2_wrs/install/first_package/share/first_package/environment/ament_prefix_path.dsv
-- Up-to-date symlink: /home/mjlinux/Downloads/book_ros2_wrs/install/first_package/share/first_package/environment/path.sh
-- Up-to-date symlink: /home/mjlinux/Downloads/book_ros2_wrs/install/first_package/share/first_package/environment/path.dsv
-- Up-to-date symlink: /home/mjlinux/Downloads/book_ros2_wrs/install/first_package/share/first_package/local_setup.bash
-- Up-to-date symlink: /home/mjlinux/Downloads/book_ros2_wrs/install/first_package/share/first_package/local_setup.sh
-- Up-to-date symlink: /home/mjlinux/Downloads/book_ros2_wrs/install/first_package/share/first_package/local_setup.zsh
-- Up-to-date symlink: /home/mjlinux/Downloads/book_ros2_wrs/install/first_package/share/first_package/local_setup.dsv
-- Symlinking: /home/mjlinux/Downloads/book_ros2_wrs/install/first_package/share/first_package/package.dsv
-- Up-to-date symlink: /home/mjlinux/Downloads/book_ros2_wrs/install/first_package/share/ament_index/resource_index/packages/first_package
-- Symlinking: /home/mjlinux/Downloads/book_ros2_wrs/install/first_package/share/first_package/cmake/ament_cmake_export_dependencies-extras.cmake
-- Up-to-date symlink: /home/mjlinux/Downloads/book_ros2_wrs/install/first_package/share/first_package/cmake/first_packageConfig.cmake
-- Up-to-date symlink: /home/mjlinux/Downloads/book_ros2_wrs/install/first_package/share/first_package/cmake/first_packageConfig-version.cmake
-- Up-to-date symlink: /home/mjlinux/Downloads/book_ros2_wrs/install/first_package/share/first_package/package.xml
