[0.012s] Invoking command in '/home/mjlinux/Downloads/book_ros2_wrs/build/hey5_description': CMAKE_PREFIX_PATH=/opt/ros/humble /usr/bin/cmake /home/mjlinux/Downloads/book_ros2_wrs/ThirdParty/hey5_description -DAMENT_CMAKE_SYMLINK_INSTALL=1 -DCMAKE_INSTALL_PREFIX=/home/mjlinux/Downloads/book_ros2_wrs/install/hey5_description
[0.090s] -- The C compiler identification is GNU 11.4.0
[0.149s] -- The CXX compiler identification is GNU 11.4.0
[0.154s] -- Detecting C compiler ABI info
[0.218s] -- Detecting C compiler ABI info - done
[0.238s] -- Check for working C compiler: /usr/bin/cc - skipped
[0.238s] -- Detecting C compile features
[0.238s] -- Detecting C compile features - done
[0.240s] -- Detecting CXX compiler ABI info
[0.346s] -- Detecting CXX compiler ABI info - done
[0.351s] -- Check for working CXX compiler: /usr/bin/c++ - skipped
[0.352s] -- Detecting CXX compile features
[0.352s] -- Detecting CXX compile features - done
[0.354s] -- Found ament_cmake_auto: 1.3.5 (/opt/ros/humble/share/ament_cmake_auto/cmake)
[0.479s] -- Found Python3: /usr/bin/python3.10 (found version "3.10.12") found components: Interpreter 
[0.516s] -- Override CMake install command with custom implementation using symlinks instead of copying resources
[0.549s] -- Found ament_lint_auto: 0.12.7 (/opt/ros/humble/share/ament_lint_auto/cmake)
[0.608s] -- Added test 'copyright' to check source files copyright and LICENSE
[0.628s] -- Added test 'lint_cmake' to check CMake code style
[0.631s] -- Added test 'xmllint' to check XML markup files
[0.632s] -- Configuring done
[0.634s] -- Generating done
[0.634s] -- Build files have been written to: /home/mjlinux/Downloads/book_ros2_wrs/build/hey5_description
[0.639s] Invoked command in '/home/mjlinux/Downloads/book_ros2_wrs/build/hey5_description' returned '0': CMAKE_PREFIX_PATH=/opt/ros/humble /usr/bin/cmake /home/mjlinux/Downloads/book_ros2_wrs/ThirdParty/hey5_description -DAMENT_CMAKE_SYMLINK_INSTALL=1 -DCMAKE_INSTALL_PREFIX=/home/mjlinux/Downloads/book_ros2_wrs/install/hey5_description
[0.639s] Invoking command in '/home/mjlinux/Downloads/book_ros2_wrs/build/hey5_description': CMAKE_PREFIX_PATH=/opt/ros/humble /usr/bin/cmake --build /home/mjlinux/Downloads/book_ros2_wrs/build/hey5_description -- -j4 -l4
[0.682s] Invoked command in '/home/mjlinux/Downloads/book_ros2_wrs/build/hey5_description' returned '0': CMAKE_PREFIX_PATH=/opt/ros/humble /usr/bin/cmake --build /home/mjlinux/Downloads/book_ros2_wrs/build/hey5_description -- -j4 -l4
[0.711s] Invoking command in '/home/mjlinux/Downloads/book_ros2_wrs/build/hey5_description': CMAKE_PREFIX_PATH=/opt/ros/humble /usr/bin/cmake --install /home/mjlinux/Downloads/book_ros2_wrs/build/hey5_description
[0.735s] -- Install configuration: ""
[0.735s] -- Execute custom install script
[0.735s] -- Symlinking: /home/mjlinux/Downloads/book_ros2_wrs/install/hey5_description/share/hey5_description/config/two_hands.rviz
[0.743s] -- Symlinking: /home/mjlinux/Downloads/book_ros2_wrs/install/hey5_description/share/hey5_description/gazebo/gazebo.urdf.xacro
[0.753s] -- Symlinking: /home/mjlinux/Downloads/book_ros2_wrs/install/hey5_description/share/hey5_description/launch/hey5_kinematics_test.launch
[0.761s] -- Symlinking: /home/mjlinux/Downloads/book_ros2_wrs/install/hey5_description/share/hey5_description/meshes/finger_abd_collision.stl
[0.769s] -- Symlinking: /home/mjlinux/Downloads/book_ros2_wrs/install/hey5_description/share/hey5_description/meshes/finger_flex_collision.stl
[0.776s] -- Symlinking: /home/mjlinux/Downloads/book_ros2_wrs/install/hey5_description/share/hey5_description/meshes/finger_flex_tip_collision.stl
[0.784s] -- Symlinking: /home/mjlinux/Downloads/book_ros2_wrs/install/hey5_description/share/hey5_description/meshes/palm.stl
[0.790s] -- Symlinking: /home/mjlinux/Downloads/book_ros2_wrs/install/hey5_description/share/hey5_description/meshes/palm_collision.stl
[0.798s] -- Symlinking: /home/mjlinux/Downloads/book_ros2_wrs/install/hey5_description/share/hey5_description/meshes/thumb_abd_collision.stl
[0.806s] -- Symlinking: /home/mjlinux/Downloads/book_ros2_wrs/install/hey5_description/share/hey5_description/robots/hey5_test.urdf.xacro
[0.813s] -- Symlinking: /home/mjlinux/Downloads/book_ros2_wrs/install/hey5_description/share/hey5_description/urdf/actuators.urdf.xacro
[0.820s] -- Symlinking: /home/mjlinux/Downloads/book_ros2_wrs/install/hey5_description/share/hey5_description/urdf/deg_to_rad.urdf.xacro
[0.828s] -- Symlinking: /home/mjlinux/Downloads/book_ros2_wrs/install/hey5_description/share/hey5_description/urdf/fingers.urdf.xacro
[0.850s] -- Symlinking: /home/mjlinux/Downloads/book_ros2_wrs/install/hey5_description/share/hey5_description/urdf/hey5.ros2_control.xacro
[0.858s] -- Symlinking: /home/mjlinux/Downloads/book_ros2_wrs/install/hey5_description/share/hey5_description/urdf/hey5.transmission.xacro
[0.865s] -- Symlinking: /home/mjlinux/Downloads/book_ros2_wrs/install/hey5_description/share/hey5_description/urdf/hey5_hand.urdf.xacro
[0.873s] -- Symlinking: /home/mjlinux/Downloads/book_ros2_wrs/install/hey5_description/share/hey5_description/urdf/materials.urdf.xacro
[0.880s] -- Symlinking: /home/mjlinux/Downloads/book_ros2_wrs/install/hey5_description/share/hey5_description/urdf/palm.urdf.xacro
[0.889s] -- Symlinking: /home/mjlinux/Downloads/book_ros2_wrs/install/hey5_description/share/hey5_description/urdf/transmissions.urdf.xacro
[0.898s] -- Symlinking: /home/mjlinux/Downloads/book_ros2_wrs/install/hey5_description/share/ament_index/resource_index/package_run_dependencies/hey5_description
[0.905s] -- Symlinking: /home/mjlinux/Downloads/book_ros2_wrs/install/hey5_description/share/ament_index/resource_index/parent_prefix_path/hey5_description
[0.913s] -- Symlinking: /home/mjlinux/Downloads/book_ros2_wrs/install/hey5_description/share/hey5_description/environment/ament_prefix_path.sh
[0.941s] -- Symlinking: /home/mjlinux/Downloads/book_ros2_wrs/install/hey5_description/share/hey5_description/environment/ament_prefix_path.dsv
[0.952s] -- Symlinking: /home/mjlinux/Downloads/book_ros2_wrs/install/hey5_description/share/hey5_description/environment/path.sh
[0.960s] -- Symlinking: /home/mjlinux/Downloads/book_ros2_wrs/install/hey5_description/share/hey5_description/environment/path.dsv
[0.967s] -- Symlinking: /home/mjlinux/Downloads/book_ros2_wrs/install/hey5_description/share/hey5_description/local_setup.bash
[0.975s] -- Symlinking: /home/mjlinux/Downloads/book_ros2_wrs/install/hey5_description/share/hey5_description/local_setup.sh
[0.983s] -- Symlinking: /home/mjlinux/Downloads/book_ros2_wrs/install/hey5_description/share/hey5_description/local_setup.zsh
[0.990s] -- Symlinking: /home/mjlinux/Downloads/book_ros2_wrs/install/hey5_description/share/hey5_description/local_setup.dsv
[0.998s] -- Symlinking: /home/mjlinux/Downloads/book_ros2_wrs/install/hey5_description/share/hey5_description/package.dsv
[1.012s] -- Symlinking: /home/mjlinux/Downloads/book_ros2_wrs/install/hey5_description/share/ament_index/resource_index/packages/hey5_description
[1.015s] -- Symlinking: /home/mjlinux/Downloads/book_ros2_wrs/install/hey5_description/share/hey5_description/cmake/hey5_descriptionConfig.cmake
[1.037s] -- Symlinking: /home/mjlinux/Downloads/book_ros2_wrs/install/hey5_description/share/hey5_description/cmake/hey5_descriptionConfig-version.cmake
[1.044s] -- Symlinking: /home/mjlinux/Downloads/book_ros2_wrs/install/hey5_description/share/hey5_description/package.xml
[1.054s] Invoked command in '/home/mjlinux/Downloads/book_ros2_wrs/build/hey5_description' returned '0': CMAKE_PREFIX_PATH=/opt/ros/humble /usr/bin/cmake --install /home/mjlinux/Downloads/book_ros2_wrs/build/hey5_description
