[0.031s] Invoking command in '/home/mjlinux/Downloads/book_ros2_wrs/build/first_package': CMAKE_PREFIX_PATH=${CMAKE_PREFIX_PATH}:/home/mjlinux/Downloads/book_ros2_wrs/install/launch_pal:/home/mjlinux/Downloads/book_ros2_wrs/install/br2_fsm_bumpgo_py:/opt/ros/humble /usr/bin/cmake --build /home/mjlinux/Downloads/book_ros2_wrs/build/first_package -- -j4 -l4
[0.130s] Invoked command in '/home/mjlinux/Downloads/book_ros2_wrs/build/first_package' returned '0': CMAKE_PREFIX_PATH=${CMAKE_PREFIX_PATH}:/home/mjlinux/Downloads/book_ros2_wrs/install/launch_pal:/home/mjlinux/Downloads/book_ros2_wrs/install/br2_fsm_bumpgo_py:/opt/ros/humble /usr/bin/cmake --build /home/mjlinux/Downloads/book_ros2_wrs/build/first_package -- -j4 -l4
[0.177s] Invoking command in '/home/mjlinux/Downloads/book_ros2_wrs/build/first_package': CMAKE_PREFIX_PATH=${CMAKE_PREFIX_PATH}:/home/mjlinux/Downloads/book_ros2_wrs/install/launch_pal:/home/mjlinux/Downloads/book_ros2_wrs/install/br2_fsm_bumpgo_py:/opt/ros/humble /usr/bin/cmake --install /home/mjlinux/Downloads/book_ros2_wrs/build/first_package
[0.187s] -- Install configuration: ""
[0.187s] -- Execute custom install script
[0.187s] -- Up-to-date symlink: /home/mjlinux/Downloads/book_ros2_wrs/install/first_package/share/ament_index/resource_index/package_run_dependencies/first_package
[0.187s] -- Up-to-date symlink: /home/mjlinux/Downloads/book_ros2_wrs/install/first_package/share/ament_index/resource_index/parent_prefix_path/first_package
[0.187s] -- Up-to-date symlink: /home/mjlinux/Downloads/book_ros2_wrs/install/first_package/share/first_package/environment/ament_prefix_path.sh
[0.187s] -- Up-to-date symlink: /home/mjlinux/Downloads/book_ros2_wrs/install/first_package/share/first_package/environment/ament_prefix_path.dsv
[0.187s] -- Up-to-date symlink: /home/mjlinux/Downloads/book_ros2_wrs/install/first_package/share/first_package/environment/path.sh
[0.187s] -- Up-to-date symlink: /home/mjlinux/Downloads/book_ros2_wrs/install/first_package/share/first_package/environment/path.dsv
[0.187s] -- Up-to-date symlink: /home/mjlinux/Downloads/book_ros2_wrs/install/first_package/share/first_package/local_setup.bash
[0.187s] -- Up-to-date symlink: /home/mjlinux/Downloads/book_ros2_wrs/install/first_package/share/first_package/local_setup.sh
[0.187s] -- Up-to-date symlink: /home/mjlinux/Downloads/book_ros2_wrs/install/first_package/share/first_package/local_setup.zsh
[0.187s] -- Up-to-date symlink: /home/mjlinux/Downloads/book_ros2_wrs/install/first_package/share/first_package/local_setup.dsv
[0.188s] -- Symlinking: /home/mjlinux/Downloads/book_ros2_wrs/install/first_package/share/first_package/package.dsv
[0.213s] -- Up-to-date symlink: /home/mjlinux/Downloads/book_ros2_wrs/install/first_package/share/ament_index/resource_index/packages/first_package
[0.213s] -- Up-to-date symlink: /home/mjlinux/Downloads/book_ros2_wrs/install/first_package/share/first_package/cmake/first_packageConfig.cmake
[0.213s] -- Up-to-date symlink: /home/mjlinux/Downloads/book_ros2_wrs/install/first_package/share/first_package/cmake/first_packageConfig-version.cmake
[0.213s] -- Up-to-date symlink: /home/mjlinux/Downloads/book_ros2_wrs/install/first_package/share/first_package/package.xml
[0.215s] Invoked command in '/home/mjlinux/Downloads/book_ros2_wrs/build/first_package' returned '0': CMAKE_PREFIX_PATH=${CMAKE_PREFIX_PATH}:/home/mjlinux/Downloads/book_ros2_wrs/install/launch_pal:/home/mjlinux/Downloads/book_ros2_wrs/install/br2_fsm_bumpgo_py:/opt/ros/humble /usr/bin/cmake --install /home/mjlinux/Downloads/book_ros2_wrs/build/first_package
