[0.510s] Invoking command in '/home/mjlinux/Downloads/book_ros2_wrs/build/br2_fsm_bumpgo_py': PYTHONPATH=/home/mjlinux/Downloads/book_ros2_wrs/build/br2_fsm_bumpgo_py/prefix_override:/home/mjlinux/Downloads/book_ros2_wrs/install/br2_fsm_bumpgo_py/lib/python3.10/site-packages:${PYTHONPATH} /usr/bin/python3 setup.py develop --editable --build-directory /home/mjlinux/Downloads/book_ros2_wrs/build/br2_fsm_bumpgo_py/build --no-deps install_data
[0.700s] running develop
[0.701s] /usr/lib/python3/dist-packages/setuptools/command/easy_install.py:158: EasyInstallDeprecationWarning: easy_install command is deprecated. Use build and pip and other standards-based tools.
[0.701s]   warnings.warn(
[0.702s] /usr/lib/python3/dist-packages/setuptools/command/install.py:34: SetuptoolsDeprecationWarning: setup.py install is deprecated. Use build and pip and other standards-based tools.
[0.702s]   warnings.warn(
[0.810s] running egg_info
[0.811s] writing br2_fsm_bumpgo_py.egg-info/PKG-INFO
[0.811s] writing dependency_links to br2_fsm_bumpgo_py.egg-info/dependency_links.txt
[0.811s] writing entry points to br2_fsm_bumpgo_py.egg-info/entry_points.txt
[0.811s] writing requirements to br2_fsm_bumpgo_py.egg-info/requires.txt
[0.811s] writing top-level names to br2_fsm_bumpgo_py.egg-info/top_level.txt
[0.811s] reading manifest file 'br2_fsm_bumpgo_py.egg-info/SOURCES.txt'
[0.811s] writing manifest file 'br2_fsm_bumpgo_py.egg-info/SOURCES.txt'
[0.811s] running build_ext
[0.811s] Creating /home/mjlinux/Downloads/book_ros2_wrs/install/br2_fsm_bumpgo_py/lib/python3.10/site-packages/br2-fsm-bumpgo-py.egg-link (link to .)
[0.811s] Installing bump_go_main script to /home/mjlinux/Downloads/book_ros2_wrs/install/br2_fsm_bumpgo_py/lib/br2_fsm_bumpgo_py
[0.811s] 
[0.811s] Installed /home/mjlinux/Downloads/book_ros2_wrs/build/br2_fsm_bumpgo_py
[0.811s] running install_data
[0.878s] Invoked command in '/home/mjlinux/Downloads/book_ros2_wrs/build/br2_fsm_bumpgo_py' returned '0': PYTHONPATH=/home/mjlinux/Downloads/book_ros2_wrs/build/br2_fsm_bumpgo_py/prefix_override:/home/mjlinux/Downloads/book_ros2_wrs/install/br2_fsm_bumpgo_py/lib/python3.10/site-packages:${PYTHONPATH} /usr/bin/python3 setup.py develop --editable --build-directory /home/mjlinux/Downloads/book_ros2_wrs/build/br2_fsm_bumpgo_py/build --no-deps install_data
