[0.026s] Invoking command in '/home/mjlinux/Downloads/book_ros2_wrs/build/std_msgs': /usr/bin/cmake /home/mjlinux/Downloads/book_ros2_wrs/std_msgs -DCATKIN_INSTALL_INTO_PREFIX_ROOT=0 -DCATKIN_SYMLINK_INSTALL=ON -DCMAKE_INSTALL_PREFIX=/home/mjlinux/Downloads/book_ros2_wrs/install/std_msgs
[0.169s] -- The C compiler identification is GNU 11.4.0
[0.339s] -- The CXX compiler identification is GNU 11.4.0
[0.353s] -- Detecting C compiler ABI info
[0.415s] -- Detecting C compiler ABI info - done
[0.433s] -- Check for working C compiler: /usr/bin/cc - skipped
[0.442s] -- Detecting C compile features
[0.443s] -- Detecting C compile features - done
[0.443s] -- Detecting CXX compiler ABI info
[0.572s] -- Detecting CXX compiler ABI info - done
[0.573s] -- Check for working CXX compiler: /usr/bin/c++ - skipped
[0.574s] -- Detecting CXX compile features
[0.574s] -- Detecting CXX compile features - done
[0.585s] [31mCMake Error at CMakeLists.txt:4 (find_package):
[0.585s]   By not providing "Findcatkin.cmake" in CMAKE_MODULE_PATH this project has
[0.585s]   asked CMake to find a package configuration file provided by "catkin", but
[0.585s]   CMake did not find one.
[0.585s] 
[0.585s]   Could not find a package configuration file provided by "catkin" with any
[0.585s]   of the following names:
[0.585s] 
[0.585s]     catkinConfig.cmake
[0.585s]     catkin-config.cmake
[0.585s] 
[0.585s]   Add the installation prefix of "catkin" to CMAKE_PREFIX_PATH or set
[0.585s]   "catkin_DIR" to a directory containing one of the above files.  If "catkin"
[0.585s]   provides a separate development package or SDK, be sure it has been
[0.585s]   installed.
[0.585s] 
[0.585s] [0m
[0.586s] -- Configuring incomplete, errors occurred!
[0.586s] See also "/home/mjlinux/Downloads/book_ros2_wrs/build/std_msgs/CMakeFiles/CMakeOutput.log".
[0.594s] Invoked command in '/home/mjlinux/Downloads/book_ros2_wrs/build/std_msgs' returned '1': /usr/bin/cmake /home/mjlinux/Downloads/book_ros2_wrs/std_msgs -DCATKIN_INSTALL_INTO_PREFIX_ROOT=0 -DCATKIN_SYMLINK_INSTALL=ON -DCMAKE_INSTALL_PREFIX=/home/mjlinux/Downloads/book_ros2_wrs/install/std_msgs
