-- Found ament_cmake: 1.3.5 (/opt/ros/humble/share/ament_cmake/cmake)
-- Override CMake install command with custom implementation using symlinks instead of copying resources
-- Found rclcpp: 16.0.5 (/opt/ros/humble/share/rclcpp/cmake)
-- Found rosidl_generator_c: 3.1.5 (/opt/ros/humble/share/rosidl_generator_c/cmake)
-- Found rosidl_adapter: 3.1.5 (/opt/ros/humble/share/rosidl_adapter/cmake)
-- Found rosidl_generator_cpp: 3.1.5 (/opt/ros/humble/share/rosidl_generator_cpp/cmake)
-- Using all available rosidl_typesupport_c: rosidl_typesupport_fastrtps_c;rosidl_typesupport_introspection_c
-- Using all available rosidl_typesupport_cpp: rosidl_typesupport_fastrtps_cpp;rosidl_typesupport_introspection_cpp
-- Found rmw_implementation_cmake: 6.1.1 (/opt/ros/humble/share/rmw_implementation_cmake/cmake)
-- Found rmw_fastrtps_cpp: 6.2.3 (/opt/ros/humble/share/rmw_fastrtps_cpp/cmake)
-- Using RMW implementation 'rmw_fastrtps_cpp' as default
-- Found ament_lint_auto: 0.12.7 (/opt/ros/humble/share/ament_lint_auto/cmake)
-- Added test 'copyright' to check source files copyright and LICENSE
-- Added test 'cppcheck' to perform static code analysis on C / C++ code
-- Configured cppcheck include dirs: 
-- Configured cppcheck exclude dirs and/or files: 
-- Added test 'cpplint' to check C / C++ code against the Google style
-- Configured cpplint exclude dirs and/or files: 
-- Added test 'flake8' to check Python code syntax and style conventions
-- Added test 'lint_cmake' to check CMake code style
-- Added test 'pep257' to check Python code against some of the docstring style conventions in PEP 257
-- Added test 'uncrustify' to check C / C++ code style
-- Configured uncrustify additional arguments: 
-- Added test 'xmllint' to check XML markup files
-- Configuring done
-- Generating done
-- Build files have been written to: /home/mjlinux/Downloads/book_ros2_wrs/build/br2_basics
[35m[1mConsolidate compiler generated dependencies of target publisher[0m
[35m[1mConsolidate compiler generated dependencies of target publisher_class[0m
[35m[1mConsolidate compiler generated dependencies of target subscriber_class[0m
[ 16%] Built target publisher
[35m[1mConsolidate compiler generated dependencies of target executors[0m
[ 33%] Built target publisher_class
[35m[1mConsolidate compiler generated dependencies of target logger[0m
[ 50%] Built target subscriber_class
[35m[1mConsolidate compiler generated dependencies of target param_reader[0m
[ 66%] Built target executors
[ 83%] Built target logger
[100%] Built target param_reader
-- Install configuration: ""
-- Execute custom install script
-- Up-to-date symlink: /home/mjlinux/Downloads/book_ros2_wrs/install/br2_basics/lib/br2_basics/publisher
-- Up-to-date symlink: /home/mjlinux/Downloads/book_ros2_wrs/install/br2_basics/lib/br2_basics/publisher_class
-- Up-to-date symlink: /home/mjlinux/Downloads/book_ros2_wrs/install/br2_basics/lib/br2_basics/subscriber_class
-- Up-to-date symlink: /home/mjlinux/Downloads/book_ros2_wrs/install/br2_basics/lib/br2_basics/executors
-- Up-to-date symlink: /home/mjlinux/Downloads/book_ros2_wrs/install/br2_basics/lib/br2_basics/logger
-- Up-to-date symlink: /home/mjlinux/Downloads/book_ros2_wrs/install/br2_basics/lib/br2_basics/param_reader
-- Up-to-date symlink: /home/mjlinux/Downloads/book_ros2_wrs/install/br2_basics/share/br2_basics/launch/includer_launch.py
-- Up-to-date symlink: /home/mjlinux/Downloads/book_ros2_wrs/install/br2_basics/share/br2_basics/launch/param_node_v1_launch.py
-- Up-to-date symlink: /home/mjlinux/Downloads/book_ros2_wrs/install/br2_basics/share/br2_basics/launch/param_node_v2_launch.py
-- Up-to-date symlink: /home/mjlinux/Downloads/book_ros2_wrs/install/br2_basics/share/br2_basics/launch/pub_sub_v1_launch.py
-- Up-to-date symlink: /home/mjlinux/Downloads/book_ros2_wrs/install/br2_basics/share/br2_basics/launch/pub_sub_v2_launch.py
-- Up-to-date symlink: /home/mjlinux/Downloads/book_ros2_wrs/install/br2_basics/share/br2_basics/config/params.yaml
-- Up-to-date symlink: /home/mjlinux/Downloads/book_ros2_wrs/install/br2_basics/share/ament_index/resource_index/package_run_dependencies/br2_basics
-- Up-to-date symlink: /home/mjlinux/Downloads/book_ros2_wrs/install/br2_basics/share/ament_index/resource_index/parent_prefix_path/br2_basics
-- Up-to-date symlink: /home/mjlinux/Downloads/book_ros2_wrs/install/br2_basics/share/br2_basics/environment/ament_prefix_path.sh
-- Up-to-date symlink: /home/mjlinux/Downloads/book_ros2_wrs/install/br2_basics/share/br2_basics/environment/ament_prefix_path.dsv
-- Up-to-date symlink: /home/mjlinux/Downloads/book_ros2_wrs/install/br2_basics/share/br2_basics/environment/path.sh
-- Up-to-date symlink: /home/mjlinux/Downloads/book_ros2_wrs/install/br2_basics/share/br2_basics/environment/path.dsv
-- Up-to-date symlink: /home/mjlinux/Downloads/book_ros2_wrs/install/br2_basics/share/br2_basics/local_setup.bash
-- Up-to-date symlink: /home/mjlinux/Downloads/book_ros2_wrs/install/br2_basics/share/br2_basics/local_setup.sh
-- Up-to-date symlink: /home/mjlinux/Downloads/book_ros2_wrs/install/br2_basics/share/br2_basics/local_setup.zsh
-- Up-to-date symlink: /home/mjlinux/Downloads/book_ros2_wrs/install/br2_basics/share/br2_basics/local_setup.dsv
-- Symlinking: /home/mjlinux/Downloads/book_ros2_wrs/install/br2_basics/share/br2_basics/package.dsv
-- Up-to-date symlink: /home/mjlinux/Downloads/book_ros2_wrs/install/br2_basics/share/ament_index/resource_index/packages/br2_basics
-- Up-to-date symlink: /home/mjlinux/Downloads/book_ros2_wrs/install/br2_basics/share/br2_basics/cmake/ament_cmake_export_dependencies-extras.cmake
-- Up-to-date symlink: /home/mjlinux/Downloads/book_ros2_wrs/install/br2_basics/share/br2_basics/cmake/br2_basicsConfig.cmake
-- Up-to-date symlink: /home/mjlinux/Downloads/book_ros2_wrs/install/br2_basics/share/br2_basics/cmake/br2_basicsConfig-version.cmake
-- Up-to-date symlink: /home/mjlinux/Downloads/book_ros2_wrs/install/br2_basics/share/br2_basics/package.xml
