[0.131s] Invoking command in '/home/mjlinux/Downloads/book_ros2_wrs/build/vision_msgs': CMAKE_PREFIX_PATH=${CMAKE_PREFIX_PATH}:/home/mjlinux/Downloads/book_ros2_wrs/install/launch_pal:/home/mjlinux/Downloads/book_ros2_wrs/install/br2_fsm_bumpgo_py:/opt/ros/humble CONDA_PROMPT_MODIFIER=(ros) /usr/bin/cmake --build /home/mjlinux/Downloads/book_ros2_wrs/build/vision_msgs -- -j4 -l4
[0.316s] [  1%] Built target vision_msgs__cpp
[0.324s] [ 13%] Built target vision_msgs__rosidl_generator_c
[0.327s] [ 13%] Built target ament_cmake_python_symlink_vision_msgs
[0.372s] [ 14%] Built target gtest_main
[0.405s] [ 15%] Built target gtest
[0.491s] [ 27%] Built target vision_msgs__rosidl_typesupport_cpp
[0.509s] [ 38%] Built target vision_msgs__rosidl_typesupport_fastrtps_cpp
[0.525s] [ 49%] Built target vision_msgs__rosidl_typesupport_introspection_c
[0.535s] [ 60%] Built target vision_msgs__rosidl_typesupport_c
[0.600s] [ 71%] Built target vision_msgs__rosidl_typesupport_introspection_cpp
[0.632s] [ 82%] Built target vision_msgs__rosidl_typesupport_fastrtps_c
[0.706s] [ 82%] Built target vision_msgs
[0.799s] [ 82%] Built target vision_msgs__py
[0.799s] [ 84%] Built target vision_msgs_test
[0.874s] running egg_info
[0.876s] writing vision_msgs.egg-info/PKG-INFO
[0.876s] [ 95%] Built target vision_msgs__rosidl_generator_py
[0.876s] writing dependency_links to vision_msgs.egg-info/dependency_links.txt
[0.876s] writing top-level names to vision_msgs.egg-info/top_level.txt
[0.878s] reading manifest file 'vision_msgs.egg-info/SOURCES.txt'
[0.881s] writing manifest file 'vision_msgs.egg-info/SOURCES.txt'
[0.935s] [ 95%] Built target ament_cmake_python_build_vision_msgs_egg
[0.982s] [ 97%] Built target vision_msgs__rosidl_typesupport_fastrtps_c__pyext
[1.035s] [ 99%] Built target vision_msgs__rosidl_typesupport_introspection_c__pyext
[1.035s] [100%] Built target vision_msgs__rosidl_typesupport_c__pyext
[1.111s] Invoked command in '/home/mjlinux/Downloads/book_ros2_wrs/build/vision_msgs' returned '0': CMAKE_PREFIX_PATH=${CMAKE_PREFIX_PATH}:/home/mjlinux/Downloads/book_ros2_wrs/install/launch_pal:/home/mjlinux/Downloads/book_ros2_wrs/install/br2_fsm_bumpgo_py:/opt/ros/humble CONDA_PROMPT_MODIFIER=(ros) /usr/bin/cmake --build /home/mjlinux/Downloads/book_ros2_wrs/build/vision_msgs -- -j4 -l4
[2.937s] Invoking command in '/home/mjlinux/Downloads/book_ros2_wrs/build/vision_msgs': CMAKE_PREFIX_PATH=${CMAKE_PREFIX_PATH}:/home/mjlinux/Downloads/book_ros2_wrs/install/launch_pal:/home/mjlinux/Downloads/book_ros2_wrs/install/br2_fsm_bumpgo_py:/opt/ros/humble CONDA_PROMPT_MODIFIER=(ros) /usr/bin/cmake --install /home/mjlinux/Downloads/book_ros2_wrs/build/vision_msgs
[2.976s] -- Install configuration: ""
[2.977s] -- Execute custom install script
[2.977s] -- Up-to-date symlink: /home/mjlinux/Downloads/book_ros2_wrs/install/vision_msgs/share/ament_index/resource_index/rosidl_interfaces/vision_msgs
[2.978s] -- Up-to-date symlink: /home/mjlinux/Downloads/book_ros2_wrs/install/vision_msgs/include/vision_msgs/vision_msgs/msg/bounding_box2_d.h
[2.978s] -- Up-to-date symlink: /home/mjlinux/Downloads/book_ros2_wrs/install/vision_msgs/include/vision_msgs/vision_msgs/msg/bounding_box2_d_array.h
[2.979s] -- Up-to-date symlink: /home/mjlinux/Downloads/book_ros2_wrs/install/vision_msgs/include/vision_msgs/vision_msgs/msg/bounding_box3_d.h
[2.979s] -- Up-to-date symlink: /home/mjlinux/Downloads/book_ros2_wrs/install/vision_msgs/include/vision_msgs/vision_msgs/msg/bounding_box3_d_array.h
[2.979s] -- Up-to-date symlink: /home/mjlinux/Downloads/book_ros2_wrs/install/vision_msgs/include/vision_msgs/vision_msgs/msg/classification.h
[2.979s] -- Up-to-date symlink: /home/mjlinux/Downloads/book_ros2_wrs/install/vision_msgs/include/vision_msgs/vision_msgs/msg/detail/bounding_box2_d__functions.h
[2.979s] -- Up-to-date symlink: /home/mjlinux/Downloads/book_ros2_wrs/install/vision_msgs/include/vision_msgs/vision_msgs/msg/detail/bounding_box2_d__struct.h
[2.979s] -- Up-to-date symlink: /home/mjlinux/Downloads/book_ros2_wrs/install/vision_msgs/include/vision_msgs/vision_msgs/msg/detail/bounding_box2_d__type_support.h
[2.979s] -- Up-to-date symlink: /home/mjlinux/Downloads/book_ros2_wrs/install/vision_msgs/include/vision_msgs/vision_msgs/msg/detail/bounding_box2_d_array__functions.h
[2.979s] -- Up-to-date symlink: /home/mjlinux/Downloads/book_ros2_wrs/install/vision_msgs/include/vision_msgs/vision_msgs/msg/detail/bounding_box2_d_array__struct.h
[2.980s] -- Up-to-date symlink: /home/mjlinux/Downloads/book_ros2_wrs/install/vision_msgs/include/vision_msgs/vision_msgs/msg/detail/bounding_box2_d_array__type_support.h
[2.980s] -- Up-to-date symlink: /home/mjlinux/Downloads/book_ros2_wrs/install/vision_msgs/include/vision_msgs/vision_msgs/msg/detail/bounding_box3_d__functions.h
[2.980s] -- Up-to-date symlink: /home/mjlinux/Downloads/book_ros2_wrs/install/vision_msgs/include/vision_msgs/vision_msgs/msg/detail/bounding_box3_d__struct.h
[2.980s] -- Up-to-date symlink: /home/mjlinux/Downloads/book_ros2_wrs/install/vision_msgs/include/vision_msgs/vision_msgs/msg/detail/bounding_box3_d__type_support.h
[2.980s] -- Up-to-date symlink: /home/mjlinux/Downloads/book_ros2_wrs/install/vision_msgs/include/vision_msgs/vision_msgs/msg/detail/bounding_box3_d_array__functions.h
[2.980s] -- Up-to-date symlink: /home/mjlinux/Downloads/book_ros2_wrs/install/vision_msgs/include/vision_msgs/vision_msgs/msg/detail/bounding_box3_d_array__struct.h
[2.980s] -- Up-to-date symlink: /home/mjlinux/Downloads/book_ros2_wrs/install/vision_msgs/include/vision_msgs/vision_msgs/msg/detail/bounding_box3_d_array__type_support.h
[2.980s] -- Up-to-date symlink: /home/mjlinux/Downloads/book_ros2_wrs/install/vision_msgs/include/vision_msgs/vision_msgs/msg/detail/classification__functions.h
[2.980s] -- Up-to-date symlink: /home/mjlinux/Downloads/book_ros2_wrs/install/vision_msgs/include/vision_msgs/vision_msgs/msg/detail/classification__struct.h
[2.981s] -- Up-to-date symlink: /home/mjlinux/Downloads/book_ros2_wrs/install/vision_msgs/include/vision_msgs/vision_msgs/msg/detail/classification__type_support.h
[2.981s] -- Up-to-date symlink: /home/mjlinux/Downloads/book_ros2_wrs/install/vision_msgs/include/vision_msgs/vision_msgs/msg/detail/detection2_d__functions.h
[2.981s] -- Up-to-date symlink: /home/mjlinux/Downloads/book_ros2_wrs/install/vision_msgs/include/vision_msgs/vision_msgs/msg/detail/detection2_d__struct.h
[2.981s] -- Up-to-date symlink: /home/mjlinux/Downloads/book_ros2_wrs/install/vision_msgs/include/vision_msgs/vision_msgs/msg/detail/detection2_d__type_support.h
[2.981s] -- Up-to-date symlink: /home/mjlinux/Downloads/book_ros2_wrs/install/vision_msgs/include/vision_msgs/vision_msgs/msg/detail/detection2_d_array__functions.h
[2.981s] -- Up-to-date symlink: /home/mjlinux/Downloads/book_ros2_wrs/install/vision_msgs/include/vision_msgs/vision_msgs/msg/detail/detection2_d_array__struct.h
[2.981s] -- Up-to-date symlink: /home/mjlinux/Downloads/book_ros2_wrs/install/vision_msgs/include/vision_msgs/vision_msgs/msg/detail/detection2_d_array__type_support.h
[2.981s] -- Up-to-date symlink: /home/mjlinux/Downloads/book_ros2_wrs/install/vision_msgs/include/vision_msgs/vision_msgs/msg/detail/detection3_d__functions.h
[2.981s] -- Up-to-date symlink: /home/mjlinux/Downloads/book_ros2_wrs/install/vision_msgs/include/vision_msgs/vision_msgs/msg/detail/detection3_d__struct.h
[2.982s] -- Up-to-date symlink: /home/mjlinux/Downloads/book_ros2_wrs/install/vision_msgs/include/vision_msgs/vision_msgs/msg/detail/detection3_d__type_support.h
[2.982s] -- Up-to-date symlink: /home/mjlinux/Downloads/book_ros2_wrs/install/vision_msgs/include/vision_msgs/vision_msgs/msg/detail/detection3_d_array__functions.h
[2.982s] -- Up-to-date symlink: /home/mjlinux/Downloads/book_ros2_wrs/install/vision_msgs/include/vision_msgs/vision_msgs/msg/detail/detection3_d_array__struct.h
[2.982s] -- Up-to-date symlink: /home/mjlinux/Downloads/book_ros2_wrs/install/vision_msgs/include/vision_msgs/vision_msgs/msg/detail/detection3_d_array__type_support.h
[2.982s] -- Up-to-date symlink: /home/mjlinux/Downloads/book_ros2_wrs/install/vision_msgs/include/vision_msgs/vision_msgs/msg/detail/label_info__functions.h
[2.982s] -- Up-to-date symlink: /home/mjlinux/Downloads/book_ros2_wrs/install/vision_msgs/include/vision_msgs/vision_msgs/msg/detail/label_info__struct.h
[2.982s] -- Up-to-date symlink: /home/mjlinux/Downloads/book_ros2_wrs/install/vision_msgs/include/vision_msgs/vision_msgs/msg/detail/label_info__type_support.h
[2.982s] -- Up-to-date symlink: /home/mjlinux/Downloads/book_ros2_wrs/install/vision_msgs/include/vision_msgs/vision_msgs/msg/detail/object_hypothesis__functions.h
[2.983s] -- Up-to-date symlink: /home/mjlinux/Downloads/book_ros2_wrs/install/vision_msgs/include/vision_msgs/vision_msgs/msg/detail/object_hypothesis__struct.h
[2.983s] -- Up-to-date symlink: /home/mjlinux/Downloads/book_ros2_wrs/install/vision_msgs/include/vision_msgs/vision_msgs/msg/detail/object_hypothesis__type_support.h
[2.983s] -- Up-to-date symlink: /home/mjlinux/Downloads/book_ros2_wrs/install/vision_msgs/include/vision_msgs/vision_msgs/msg/detail/object_hypothesis_with_pose__functions.h
[2.983s] -- Up-to-date symlink: /home/mjlinux/Downloads/book_ros2_wrs/install/vision_msgs/include/vision_msgs/vision_msgs/msg/detail/object_hypothesis_with_pose__struct.h
[2.983s] -- Up-to-date symlink: /home/mjlinux/Downloads/book_ros2_wrs/install/vision_msgs/include/vision_msgs/vision_msgs/msg/detail/object_hypothesis_with_pose__type_support.h
[2.983s] -- Up-to-date symlink: /home/mjlinux/Downloads/book_ros2_wrs/install/vision_msgs/include/vision_msgs/vision_msgs/msg/detail/point2_d__functions.h
[2.983s] -- Up-to-date symlink: /home/mjlinux/Downloads/book_ros2_wrs/install/vision_msgs/include/vision_msgs/vision_msgs/msg/detail/point2_d__struct.h
[2.984s] -- Up-to-date symlink: /home/mjlinux/Downloads/book_ros2_wrs/install/vision_msgs/include/vision_msgs/vision_msgs/msg/detail/point2_d__type_support.h
[2.984s] -- Up-to-date symlink: /home/mjlinux/Downloads/book_ros2_wrs/install/vision_msgs/include/vision_msgs/vision_msgs/msg/detail/pose2_d__functions.h
[2.984s] -- Up-to-date symlink: /home/mjlinux/Downloads/book_ros2_wrs/install/vision_msgs/include/vision_msgs/vision_msgs/msg/detail/pose2_d__struct.h
[2.984s] -- Up-to-date symlink: /home/mjlinux/Downloads/book_ros2_wrs/install/vision_msgs/include/vision_msgs/vision_msgs/msg/detail/pose2_d__type_support.h
[2.984s] -- Up-to-date symlink: /home/mjlinux/Downloads/book_ros2_wrs/install/vision_msgs/include/vision_msgs/vision_msgs/msg/detail/vision_class__functions.h
[2.984s] -- Up-to-date symlink: /home/mjlinux/Downloads/book_ros2_wrs/install/vision_msgs/include/vision_msgs/vision_msgs/msg/detail/vision_class__struct.h
[2.984s] -- Up-to-date symlink: /home/mjlinux/Downloads/book_ros2_wrs/install/vision_msgs/include/vision_msgs/vision_msgs/msg/detail/vision_class__type_support.h
[2.985s] -- Up-to-date symlink: /home/mjlinux/Downloads/book_ros2_wrs/install/vision_msgs/include/vision_msgs/vision_msgs/msg/detail/vision_info__functions.h
[2.985s] -- Up-to-date symlink: /home/mjlinux/Downloads/book_ros2_wrs/install/vision_msgs/include/vision_msgs/vision_msgs/msg/detail/vision_info__struct.h
[2.985s] -- Up-to-date symlink: /home/mjlinux/Downloads/book_ros2_wrs/install/vision_msgs/include/vision_msgs/vision_msgs/msg/detail/vision_info__type_support.h
[2.985s] -- Up-to-date symlink: /home/mjlinux/Downloads/book_ros2_wrs/install/vision_msgs/include/vision_msgs/vision_msgs/msg/detection2_d.h
[2.985s] -- Up-to-date symlink: /home/mjlinux/Downloads/book_ros2_wrs/install/vision_msgs/include/vision_msgs/vision_msgs/msg/detection2_d_array.h
[2.985s] -- Up-to-date symlink: /home/mjlinux/Downloads/book_ros2_wrs/install/vision_msgs/include/vision_msgs/vision_msgs/msg/detection3_d.h
[2.985s] -- Up-to-date symlink: /home/mjlinux/Downloads/book_ros2_wrs/install/vision_msgs/include/vision_msgs/vision_msgs/msg/detection3_d_array.h
[2.985s] -- Up-to-date symlink: /home/mjlinux/Downloads/book_ros2_wrs/install/vision_msgs/include/vision_msgs/vision_msgs/msg/label_info.h
[2.985s] -- Up-to-date symlink: /home/mjlinux/Downloads/book_ros2_wrs/install/vision_msgs/include/vision_msgs/vision_msgs/msg/object_hypothesis.h
[2.986s] -- Up-to-date symlink: /home/mjlinux/Downloads/book_ros2_wrs/install/vision_msgs/include/vision_msgs/vision_msgs/msg/object_hypothesis_with_pose.h
[2.986s] -- Up-to-date symlink: /home/mjlinux/Downloads/book_ros2_wrs/install/vision_msgs/include/vision_msgs/vision_msgs/msg/point2_d.h
[2.986s] -- Up-to-date symlink: /home/mjlinux/Downloads/book_ros2_wrs/install/vision_msgs/include/vision_msgs/vision_msgs/msg/pose2_d.h
[2.986s] -- Up-to-date symlink: /home/mjlinux/Downloads/book_ros2_wrs/install/vision_msgs/include/vision_msgs/vision_msgs/msg/rosidl_generator_c__visibility_control.h
[2.986s] -- Up-to-date symlink: /home/mjlinux/Downloads/book_ros2_wrs/install/vision_msgs/include/vision_msgs/vision_msgs/msg/vision_class.h
[2.986s] -- Up-to-date symlink: /home/mjlinux/Downloads/book_ros2_wrs/install/vision_msgs/include/vision_msgs/vision_msgs/msg/vision_info.h
[2.986s] -- Up-to-date symlink: /home/mjlinux/Downloads/book_ros2_wrs/install/vision_msgs/share/vision_msgs/environment/library_path.sh
[2.987s] -- Up-to-date symlink: /home/mjlinux/Downloads/book_ros2_wrs/install/vision_msgs/share/vision_msgs/environment/library_path.dsv
[2.987s] -- Up-to-date symlink: /home/mjlinux/Downloads/book_ros2_wrs/install/vision_msgs/include/vision_msgs/vision_msgs/msg/detail/bounding_box2_d__rosidl_typesupport_fastrtps_c.h
[2.987s] -- Up-to-date symlink: /home/mjlinux/Downloads/book_ros2_wrs/install/vision_msgs/include/vision_msgs/vision_msgs/msg/detail/bounding_box2_d_array__rosidl_typesupport_fastrtps_c.h
[2.987s] -- Up-to-date symlink: /home/mjlinux/Downloads/book_ros2_wrs/install/vision_msgs/include/vision_msgs/vision_msgs/msg/detail/bounding_box3_d__rosidl_typesupport_fastrtps_c.h
[2.988s] -- Up-to-date symlink: /home/mjlinux/Downloads/book_ros2_wrs/install/vision_msgs/include/vision_msgs/vision_msgs/msg/detail/bounding_box3_d_array__rosidl_typesupport_fastrtps_c.h
[2.988s] -- Up-to-date symlink: /home/mjlinux/Downloads/book_ros2_wrs/install/vision_msgs/include/vision_msgs/vision_msgs/msg/detail/classification__rosidl_typesupport_fastrtps_c.h
[2.988s] -- Up-to-date symlink: /home/mjlinux/Downloads/book_ros2_wrs/install/vision_msgs/include/vision_msgs/vision_msgs/msg/detail/detection2_d__rosidl_typesupport_fastrtps_c.h
[2.988s] -- Up-to-date symlink: /home/mjlinux/Downloads/book_ros2_wrs/install/vision_msgs/include/vision_msgs/vision_msgs/msg/detail/detection2_d_array__rosidl_typesupport_fastrtps_c.h
[2.988s] -- Up-to-date symlink: /home/mjlinux/Downloads/book_ros2_wrs/install/vision_msgs/include/vision_msgs/vision_msgs/msg/detail/detection3_d__rosidl_typesupport_fastrtps_c.h
[2.988s] -- Up-to-date symlink: /home/mjlinux/Downloads/book_ros2_wrs/install/vision_msgs/include/vision_msgs/vision_msgs/msg/detail/detection3_d_array__rosidl_typesupport_fastrtps_c.h
[2.988s] -- Up-to-date symlink: /home/mjlinux/Downloads/book_ros2_wrs/install/vision_msgs/include/vision_msgs/vision_msgs/msg/detail/label_info__rosidl_typesupport_fastrtps_c.h
[2.988s] -- Up-to-date symlink: /home/mjlinux/Downloads/book_ros2_wrs/install/vision_msgs/include/vision_msgs/vision_msgs/msg/detail/object_hypothesis__rosidl_typesupport_fastrtps_c.h
[2.989s] -- Up-to-date symlink: /home/mjlinux/Downloads/book_ros2_wrs/install/vision_msgs/include/vision_msgs/vision_msgs/msg/detail/object_hypothesis_with_pose__rosidl_typesupport_fastrtps_c.h
[2.989s] -- Up-to-date symlink: /home/mjlinux/Downloads/book_ros2_wrs/install/vision_msgs/include/vision_msgs/vision_msgs/msg/detail/point2_d__rosidl_typesupport_fastrtps_c.h
[2.989s] -- Up-to-date symlink: /home/mjlinux/Downloads/book_ros2_wrs/install/vision_msgs/include/vision_msgs/vision_msgs/msg/detail/pose2_d__rosidl_typesupport_fastrtps_c.h
[2.989s] -- Up-to-date symlink: /home/mjlinux/Downloads/book_ros2_wrs/install/vision_msgs/include/vision_msgs/vision_msgs/msg/detail/vision_class__rosidl_typesupport_fastrtps_c.h
[2.989s] -- Up-to-date symlink: /home/mjlinux/Downloads/book_ros2_wrs/install/vision_msgs/include/vision_msgs/vision_msgs/msg/detail/vision_info__rosidl_typesupport_fastrtps_c.h
[2.989s] -- Up-to-date symlink: /home/mjlinux/Downloads/book_ros2_wrs/install/vision_msgs/include/vision_msgs/vision_msgs/msg/rosidl_typesupport_fastrtps_c__visibility_control.h
[2.990s] -- Up-to-date symlink: /home/mjlinux/Downloads/book_ros2_wrs/install/vision_msgs/include/vision_msgs/vision_msgs/msg/bounding_box2_d.hpp
[2.990s] -- Up-to-date symlink: /home/mjlinux/Downloads/book_ros2_wrs/install/vision_msgs/include/vision_msgs/vision_msgs/msg/bounding_box2_d_array.hpp
[2.990s] -- Up-to-date symlink: /home/mjlinux/Downloads/book_ros2_wrs/install/vision_msgs/include/vision_msgs/vision_msgs/msg/bounding_box3_d.hpp
[2.990s] -- Up-to-date symlink: /home/mjlinux/Downloads/book_ros2_wrs/install/vision_msgs/include/vision_msgs/vision_msgs/msg/bounding_box3_d_array.hpp
[2.990s] -- Up-to-date symlink: /home/mjlinux/Downloads/book_ros2_wrs/install/vision_msgs/include/vision_msgs/vision_msgs/msg/classification.hpp
[2.990s] -- Up-to-date symlink: /home/mjlinux/Downloads/book_ros2_wrs/install/vision_msgs/include/vision_msgs/vision_msgs/msg/detail/bounding_box2_d__builder.hpp
[2.991s] -- Up-to-date symlink: /home/mjlinux/Downloads/book_ros2_wrs/install/vision_msgs/include/vision_msgs/vision_msgs/msg/detail/bounding_box2_d__struct.hpp
[2.991s] -- Up-to-date symlink: /home/mjlinux/Downloads/book_ros2_wrs/install/vision_msgs/include/vision_msgs/vision_msgs/msg/detail/bounding_box2_d__traits.hpp
[2.991s] -- Up-to-date symlink: /home/mjlinux/Downloads/book_ros2_wrs/install/vision_msgs/include/vision_msgs/vision_msgs/msg/detail/bounding_box2_d_array__builder.hpp
[2.991s] -- Up-to-date symlink: /home/mjlinux/Downloads/book_ros2_wrs/install/vision_msgs/include/vision_msgs/vision_msgs/msg/detail/bounding_box2_d_array__struct.hpp
[2.991s] -- Up-to-date symlink: /home/mjlinux/Downloads/book_ros2_wrs/install/vision_msgs/include/vision_msgs/vision_msgs/msg/detail/bounding_box2_d_array__traits.hpp
[2.991s] -- Up-to-date symlink: /home/mjlinux/Downloads/book_ros2_wrs/install/vision_msgs/include/vision_msgs/vision_msgs/msg/detail/bounding_box3_d__builder.hpp
[2.991s] -- Up-to-date symlink: /home/mjlinux/Downloads/book_ros2_wrs/install/vision_msgs/include/vision_msgs/vision_msgs/msg/detail/bounding_box3_d__struct.hpp
[2.991s] -- Up-to-date symlink: /home/mjlinux/Downloads/book_ros2_wrs/install/vision_msgs/include/vision_msgs/vision_msgs/msg/detail/bounding_box3_d__traits.hpp
[2.992s] -- Up-to-date symlink: /home/mjlinux/Downloads/book_ros2_wrs/install/vision_msgs/include/vision_msgs/vision_msgs/msg/detail/bounding_box3_d_array__builder.hpp
[2.992s] -- Up-to-date symlink: /home/mjlinux/Downloads/book_ros2_wrs/install/vision_msgs/include/vision_msgs/vision_msgs/msg/detail/bounding_box3_d_array__struct.hpp
[2.992s] -- Up-to-date symlink: /home/mjlinux/Downloads/book_ros2_wrs/install/vision_msgs/include/vision_msgs/vision_msgs/msg/detail/bounding_box3_d_array__traits.hpp
[2.992s] -- Up-to-date symlink: /home/mjlinux/Downloads/book_ros2_wrs/install/vision_msgs/include/vision_msgs/vision_msgs/msg/detail/classification__builder.hpp
[2.992s] -- Up-to-date symlink: /home/mjlinux/Downloads/book_ros2_wrs/install/vision_msgs/include/vision_msgs/vision_msgs/msg/detail/classification__struct.hpp
[2.992s] -- Up-to-date symlink: /home/mjlinux/Downloads/book_ros2_wrs/install/vision_msgs/include/vision_msgs/vision_msgs/msg/detail/classification__traits.hpp
[2.992s] -- Up-to-date symlink: /home/mjlinux/Downloads/book_ros2_wrs/install/vision_msgs/include/vision_msgs/vision_msgs/msg/detail/detection2_d__builder.hpp
[2.992s] -- Up-to-date symlink: /home/mjlinux/Downloads/book_ros2_wrs/install/vision_msgs/include/vision_msgs/vision_msgs/msg/detail/detection2_d__struct.hpp
[2.992s] -- Up-to-date symlink: /home/mjlinux/Downloads/book_ros2_wrs/install/vision_msgs/include/vision_msgs/vision_msgs/msg/detail/detection2_d__traits.hpp
[2.993s] -- Up-to-date symlink: /home/mjlinux/Downloads/book_ros2_wrs/install/vision_msgs/include/vision_msgs/vision_msgs/msg/detail/detection2_d_array__builder.hpp
[2.993s] -- Up-to-date symlink: /home/mjlinux/Downloads/book_ros2_wrs/install/vision_msgs/include/vision_msgs/vision_msgs/msg/detail/detection2_d_array__struct.hpp
[2.993s] -- Up-to-date symlink: /home/mjlinux/Downloads/book_ros2_wrs/install/vision_msgs/include/vision_msgs/vision_msgs/msg/detail/detection2_d_array__traits.hpp
[2.993s] -- Up-to-date symlink: /home/mjlinux/Downloads/book_ros2_wrs/install/vision_msgs/include/vision_msgs/vision_msgs/msg/detail/detection3_d__builder.hpp
[2.993s] -- Up-to-date symlink: /home/mjlinux/Downloads/book_ros2_wrs/install/vision_msgs/include/vision_msgs/vision_msgs/msg/detail/detection3_d__struct.hpp
[2.993s] -- Up-to-date symlink: /home/mjlinux/Downloads/book_ros2_wrs/install/vision_msgs/include/vision_msgs/vision_msgs/msg/detail/detection3_d__traits.hpp
[2.993s] -- Up-to-date symlink: /home/mjlinux/Downloads/book_ros2_wrs/install/vision_msgs/include/vision_msgs/vision_msgs/msg/detail/detection3_d_array__builder.hpp
[2.993s] -- Up-to-date symlink: /home/mjlinux/Downloads/book_ros2_wrs/install/vision_msgs/include/vision_msgs/vision_msgs/msg/detail/detection3_d_array__struct.hpp
[2.994s] -- Up-to-date symlink: /home/mjlinux/Downloads/book_ros2_wrs/install/vision_msgs/include/vision_msgs/vision_msgs/msg/detail/detection3_d_array__traits.hpp
[2.994s] -- Up-to-date symlink: /home/mjlinux/Downloads/book_ros2_wrs/install/vision_msgs/include/vision_msgs/vision_msgs/msg/detail/label_info__builder.hpp
[2.994s] -- Up-to-date symlink: /home/mjlinux/Downloads/book_ros2_wrs/install/vision_msgs/include/vision_msgs/vision_msgs/msg/detail/label_info__struct.hpp
[2.994s] -- Up-to-date symlink: /home/mjlinux/Downloads/book_ros2_wrs/install/vision_msgs/include/vision_msgs/vision_msgs/msg/detail/label_info__traits.hpp
[2.994s] -- Up-to-date symlink: /home/mjlinux/Downloads/book_ros2_wrs/install/vision_msgs/include/vision_msgs/vision_msgs/msg/detail/object_hypothesis__builder.hpp
[2.994s] -- Up-to-date symlink: /home/mjlinux/Downloads/book_ros2_wrs/install/vision_msgs/include/vision_msgs/vision_msgs/msg/detail/object_hypothesis__struct.hpp
[2.994s] -- Up-to-date symlink: /home/mjlinux/Downloads/book_ros2_wrs/install/vision_msgs/include/vision_msgs/vision_msgs/msg/detail/object_hypothesis__traits.hpp
[2.995s] -- Up-to-date symlink: /home/mjlinux/Downloads/book_ros2_wrs/install/vision_msgs/include/vision_msgs/vision_msgs/msg/detail/object_hypothesis_with_pose__builder.hpp
[2.995s] -- Up-to-date symlink: /home/mjlinux/Downloads/book_ros2_wrs/install/vision_msgs/include/vision_msgs/vision_msgs/msg/detail/object_hypothesis_with_pose__struct.hpp
[2.995s] -- Up-to-date symlink: /home/mjlinux/Downloads/book_ros2_wrs/install/vision_msgs/include/vision_msgs/vision_msgs/msg/detail/object_hypothesis_with_pose__traits.hpp
[2.998s] -- Up-to-date symlink: /home/mjlinux/Downloads/book_ros2_wrs/install/vision_msgs/include/vision_msgs/vision_msgs/msg/detail/point2_d__builder.hpp
[2.999s] -- Up-to-date symlink: /home/mjlinux/Downloads/book_ros2_wrs/install/vision_msgs/include/vision_msgs/vision_msgs/msg/detail/point2_d__struct.hpp
[2.999s] -- Up-to-date symlink: /home/mjlinux/Downloads/book_ros2_wrs/install/vision_msgs/include/vision_msgs/vision_msgs/msg/detail/point2_d__traits.hpp
[2.999s] -- Up-to-date symlink: /home/mjlinux/Downloads/book_ros2_wrs/install/vision_msgs/include/vision_msgs/vision_msgs/msg/detail/pose2_d__builder.hpp
[2.999s] -- Up-to-date symlink: /home/mjlinux/Downloads/book_ros2_wrs/install/vision_msgs/include/vision_msgs/vision_msgs/msg/detail/pose2_d__struct.hpp
[2.999s] -- Up-to-date symlink: /home/mjlinux/Downloads/book_ros2_wrs/install/vision_msgs/include/vision_msgs/vision_msgs/msg/detail/pose2_d__traits.hpp
[2.999s] -- Up-to-date symlink: /home/mjlinux/Downloads/book_ros2_wrs/install/vision_msgs/include/vision_msgs/vision_msgs/msg/detail/vision_class__builder.hpp
[3.000s] -- Up-to-date symlink: /home/mjlinux/Downloads/book_ros2_wrs/install/vision_msgs/include/vision_msgs/vision_msgs/msg/detail/vision_class__struct.hpp
[3.000s] -- Up-to-date symlink: /home/mjlinux/Downloads/book_ros2_wrs/install/vision_msgs/include/vision_msgs/vision_msgs/msg/detail/vision_class__traits.hpp
[3.000s] -- Up-to-date symlink: /home/mjlinux/Downloads/book_ros2_wrs/install/vision_msgs/include/vision_msgs/vision_msgs/msg/detail/vision_info__builder.hpp
[3.000s] -- Up-to-date symlink: /home/mjlinux/Downloads/book_ros2_wrs/install/vision_msgs/include/vision_msgs/vision_msgs/msg/detail/vision_info__struct.hpp
[3.000s] -- Up-to-date symlink: /home/mjlinux/Downloads/book_ros2_wrs/install/vision_msgs/include/vision_msgs/vision_msgs/msg/detail/vision_info__traits.hpp
[3.000s] -- Up-to-date symlink: /home/mjlinux/Downloads/book_ros2_wrs/install/vision_msgs/include/vision_msgs/vision_msgs/msg/detection2_d.hpp
[3.000s] -- Up-to-date symlink: /home/mjlinux/Downloads/book_ros2_wrs/install/vision_msgs/include/vision_msgs/vision_msgs/msg/detection2_d_array.hpp
[3.000s] -- Up-to-date symlink: /home/mjlinux/Downloads/book_ros2_wrs/install/vision_msgs/include/vision_msgs/vision_msgs/msg/detection3_d.hpp
[3.000s] -- Up-to-date symlink: /home/mjlinux/Downloads/book_ros2_wrs/install/vision_msgs/include/vision_msgs/vision_msgs/msg/detection3_d_array.hpp
[3.001s] -- Up-to-date symlink: /home/mjlinux/Downloads/book_ros2_wrs/install/vision_msgs/include/vision_msgs/vision_msgs/msg/label_info.hpp
[3.001s] -- Up-to-date symlink: /home/mjlinux/Downloads/book_ros2_wrs/install/vision_msgs/include/vision_msgs/vision_msgs/msg/object_hypothesis.hpp
[3.001s] -- Up-to-date symlink: /home/mjlinux/Downloads/book_ros2_wrs/install/vision_msgs/include/vision_msgs/vision_msgs/msg/object_hypothesis_with_pose.hpp
[3.001s] -- Up-to-date symlink: /home/mjlinux/Downloads/book_ros2_wrs/install/vision_msgs/include/vision_msgs/vision_msgs/msg/point2_d.hpp
[3.001s] -- Up-to-date symlink: /home/mjlinux/Downloads/book_ros2_wrs/install/vision_msgs/include/vision_msgs/vision_msgs/msg/pose2_d.hpp
[3.001s] -- Up-to-date symlink: /home/mjlinux/Downloads/book_ros2_wrs/install/vision_msgs/include/vision_msgs/vision_msgs/msg/vision_class.hpp
[3.001s] -- Up-to-date symlink: /home/mjlinux/Downloads/book_ros2_wrs/install/vision_msgs/include/vision_msgs/vision_msgs/msg/vision_info.hpp
[3.002s] -- Up-to-date symlink: /home/mjlinux/Downloads/book_ros2_wrs/install/vision_msgs/include/vision_msgs/vision_msgs/msg/detail/bounding_box2_d__rosidl_typesupport_fastrtps_cpp.hpp
[3.002s] -- Up-to-date symlink: /home/mjlinux/Downloads/book_ros2_wrs/install/vision_msgs/include/vision_msgs/vision_msgs/msg/detail/bounding_box2_d_array__rosidl_typesupport_fastrtps_cpp.hpp
[3.002s] -- Up-to-date symlink: /home/mjlinux/Downloads/book_ros2_wrs/install/vision_msgs/include/vision_msgs/vision_msgs/msg/detail/bounding_box3_d__rosidl_typesupport_fastrtps_cpp.hpp
[3.002s] -- Up-to-date symlink: /home/mjlinux/Downloads/book_ros2_wrs/install/vision_msgs/include/vision_msgs/vision_msgs/msg/detail/bounding_box3_d_array__rosidl_typesupport_fastrtps_cpp.hpp
[3.002s] -- Up-to-date symlink: /home/mjlinux/Downloads/book_ros2_wrs/install/vision_msgs/include/vision_msgs/vision_msgs/msg/detail/classification__rosidl_typesupport_fastrtps_cpp.hpp
[3.003s] -- Up-to-date symlink: /home/mjlinux/Downloads/book_ros2_wrs/install/vision_msgs/include/vision_msgs/vision_msgs/msg/detail/detection2_d__rosidl_typesupport_fastrtps_cpp.hpp
[3.003s] -- Up-to-date symlink: /home/mjlinux/Downloads/book_ros2_wrs/install/vision_msgs/include/vision_msgs/vision_msgs/msg/detail/detection2_d_array__rosidl_typesupport_fastrtps_cpp.hpp
[3.003s] -- Up-to-date symlink: /home/mjlinux/Downloads/book_ros2_wrs/install/vision_msgs/include/vision_msgs/vision_msgs/msg/detail/detection3_d__rosidl_typesupport_fastrtps_cpp.hpp
[3.003s] -- Up-to-date symlink: /home/mjlinux/Downloads/book_ros2_wrs/install/vision_msgs/include/vision_msgs/vision_msgs/msg/detail/detection3_d_array__rosidl_typesupport_fastrtps_cpp.hpp
[3.003s] -- Up-to-date symlink: /home/mjlinux/Downloads/book_ros2_wrs/install/vision_msgs/include/vision_msgs/vision_msgs/msg/detail/label_info__rosidl_typesupport_fastrtps_cpp.hpp
[3.003s] -- Up-to-date symlink: /home/mjlinux/Downloads/book_ros2_wrs/install/vision_msgs/include/vision_msgs/vision_msgs/msg/detail/object_hypothesis__rosidl_typesupport_fastrtps_cpp.hpp
[3.003s] -- Up-to-date symlink: /home/mjlinux/Downloads/book_ros2_wrs/install/vision_msgs/include/vision_msgs/vision_msgs/msg/detail/object_hypothesis_with_pose__rosidl_typesupport_fastrtps_cpp.hpp
[3.003s] -- Up-to-date symlink: /home/mjlinux/Downloads/book_ros2_wrs/install/vision_msgs/include/vision_msgs/vision_msgs/msg/detail/point2_d__rosidl_typesupport_fastrtps_cpp.hpp
[3.004s] -- Up-to-date symlink: /home/mjlinux/Downloads/book_ros2_wrs/install/vision_msgs/include/vision_msgs/vision_msgs/msg/detail/pose2_d__rosidl_typesupport_fastrtps_cpp.hpp
[3.004s] -- Up-to-date symlink: /home/mjlinux/Downloads/book_ros2_wrs/install/vision_msgs/include/vision_msgs/vision_msgs/msg/detail/vision_class__rosidl_typesupport_fastrtps_cpp.hpp
[3.004s] -- Up-to-date symlink: /home/mjlinux/Downloads/book_ros2_wrs/install/vision_msgs/include/vision_msgs/vision_msgs/msg/detail/vision_info__rosidl_typesupport_fastrtps_cpp.hpp
[3.004s] -- Up-to-date symlink: /home/mjlinux/Downloads/book_ros2_wrs/install/vision_msgs/include/vision_msgs/vision_msgs/msg/rosidl_typesupport_fastrtps_cpp__visibility_control.h
[3.011s] -- Up-to-date symlink: /home/mjlinux/Downloads/book_ros2_wrs/install/vision_msgs/include/vision_msgs/vision_msgs/msg/detail/bounding_box2_d__rosidl_typesupport_introspection_c.h
[3.011s] -- Up-to-date symlink: /home/mjlinux/Downloads/book_ros2_wrs/install/vision_msgs/include/vision_msgs/vision_msgs/msg/detail/bounding_box2_d_array__rosidl_typesupport_introspection_c.h
[3.011s] -- Up-to-date symlink: /home/mjlinux/Downloads/book_ros2_wrs/install/vision_msgs/include/vision_msgs/vision_msgs/msg/detail/bounding_box3_d__rosidl_typesupport_introspection_c.h
[3.011s] -- Up-to-date symlink: /home/mjlinux/Downloads/book_ros2_wrs/install/vision_msgs/include/vision_msgs/vision_msgs/msg/detail/bounding_box3_d_array__rosidl_typesupport_introspection_c.h
[3.011s] -- Up-to-date symlink: /home/mjlinux/Downloads/book_ros2_wrs/install/vision_msgs/include/vision_msgs/vision_msgs/msg/detail/classification__rosidl_typesupport_introspection_c.h
[3.011s] -- Up-to-date symlink: /home/mjlinux/Downloads/book_ros2_wrs/install/vision_msgs/include/vision_msgs/vision_msgs/msg/detail/detection2_d__rosidl_typesupport_introspection_c.h
[3.012s] -- Up-to-date symlink: /home/mjlinux/Downloads/book_ros2_wrs/install/vision_msgs/include/vision_msgs/vision_msgs/msg/detail/detection2_d_array__rosidl_typesupport_introspection_c.h
[3.012s] -- Up-to-date symlink: /home/mjlinux/Downloads/book_ros2_wrs/install/vision_msgs/include/vision_msgs/vision_msgs/msg/detail/detection3_d__rosidl_typesupport_introspection_c.h
[3.012s] -- Up-to-date symlink: /home/mjlinux/Downloads/book_ros2_wrs/install/vision_msgs/include/vision_msgs/vision_msgs/msg/detail/detection3_d_array__rosidl_typesupport_introspection_c.h
[3.012s] -- Up-to-date symlink: /home/mjlinux/Downloads/book_ros2_wrs/install/vision_msgs/include/vision_msgs/vision_msgs/msg/detail/label_info__rosidl_typesupport_introspection_c.h
[3.012s] -- Up-to-date symlink: /home/mjlinux/Downloads/book_ros2_wrs/install/vision_msgs/include/vision_msgs/vision_msgs/msg/detail/object_hypothesis__rosidl_typesupport_introspection_c.h
[3.012s] -- Up-to-date symlink: /home/mjlinux/Downloads/book_ros2_wrs/install/vision_msgs/include/vision_msgs/vision_msgs/msg/detail/object_hypothesis_with_pose__rosidl_typesupport_introspection_c.h
[3.012s] -- Up-to-date symlink: /home/mjlinux/Downloads/book_ros2_wrs/install/vision_msgs/include/vision_msgs/vision_msgs/msg/detail/point2_d__rosidl_typesupport_introspection_c.h
[3.012s] -- Up-to-date symlink: /home/mjlinux/Downloads/book_ros2_wrs/install/vision_msgs/include/vision_msgs/vision_msgs/msg/detail/pose2_d__rosidl_typesupport_introspection_c.h
[3.013s] -- Up-to-date symlink: /home/mjlinux/Downloads/book_ros2_wrs/install/vision_msgs/include/vision_msgs/vision_msgs/msg/detail/vision_class__rosidl_typesupport_introspection_c.h
[3.013s] -- Up-to-date symlink: /home/mjlinux/Downloads/book_ros2_wrs/install/vision_msgs/include/vision_msgs/vision_msgs/msg/detail/vision_info__rosidl_typesupport_introspection_c.h
[3.013s] -- Up-to-date symlink: /home/mjlinux/Downloads/book_ros2_wrs/install/vision_msgs/include/vision_msgs/vision_msgs/msg/rosidl_typesupport_introspection_c__visibility_control.h
[3.013s] -- Up-to-date symlink: /home/mjlinux/Downloads/book_ros2_wrs/install/vision_msgs/include/vision_msgs/vision_msgs/msg/detail/bounding_box2_d__rosidl_typesupport_introspection_cpp.hpp
[3.014s] -- Up-to-date symlink: /home/mjlinux/Downloads/book_ros2_wrs/install/vision_msgs/include/vision_msgs/vision_msgs/msg/detail/bounding_box2_d_array__rosidl_typesupport_introspection_cpp.hpp
[3.014s] -- Up-to-date symlink: /home/mjlinux/Downloads/book_ros2_wrs/install/vision_msgs/include/vision_msgs/vision_msgs/msg/detail/bounding_box3_d__rosidl_typesupport_introspection_cpp.hpp
[3.014s] -- Up-to-date symlink: /home/mjlinux/Downloads/book_ros2_wrs/install/vision_msgs/include/vision_msgs/vision_msgs/msg/detail/bounding_box3_d_array__rosidl_typesupport_introspection_cpp.hpp
[3.014s] -- Up-to-date symlink: /home/mjlinux/Downloads/book_ros2_wrs/install/vision_msgs/include/vision_msgs/vision_msgs/msg/detail/classification__rosidl_typesupport_introspection_cpp.hpp
[3.014s] -- Up-to-date symlink: /home/mjlinux/Downloads/book_ros2_wrs/install/vision_msgs/include/vision_msgs/vision_msgs/msg/detail/detection2_d__rosidl_typesupport_introspection_cpp.hpp
[3.015s] -- Up-to-date symlink: /home/mjlinux/Downloads/book_ros2_wrs/install/vision_msgs/include/vision_msgs/vision_msgs/msg/detail/detection2_d_array__rosidl_typesupport_introspection_cpp.hpp
[3.015s] -- Up-to-date symlink: /home/mjlinux/Downloads/book_ros2_wrs/install/vision_msgs/include/vision_msgs/vision_msgs/msg/detail/detection3_d__rosidl_typesupport_introspection_cpp.hpp
[3.015s] -- Up-to-date symlink: /home/mjlinux/Downloads/book_ros2_wrs/install/vision_msgs/include/vision_msgs/vision_msgs/msg/detail/detection3_d_array__rosidl_typesupport_introspection_cpp.hpp
[3.015s] -- Up-to-date symlink: /home/mjlinux/Downloads/book_ros2_wrs/install/vision_msgs/include/vision_msgs/vision_msgs/msg/detail/label_info__rosidl_typesupport_introspection_cpp.hpp
[3.015s] -- Up-to-date symlink: /home/mjlinux/Downloads/book_ros2_wrs/install/vision_msgs/include/vision_msgs/vision_msgs/msg/detail/object_hypothesis__rosidl_typesupport_introspection_cpp.hpp
[3.015s] -- Up-to-date symlink: /home/mjlinux/Downloads/book_ros2_wrs/install/vision_msgs/include/vision_msgs/vision_msgs/msg/detail/object_hypothesis_with_pose__rosidl_typesupport_introspection_cpp.hpp
[3.015s] -- Up-to-date symlink: /home/mjlinux/Downloads/book_ros2_wrs/install/vision_msgs/include/vision_msgs/vision_msgs/msg/detail/point2_d__rosidl_typesupport_introspection_cpp.hpp
[3.015s] -- Up-to-date symlink: /home/mjlinux/Downloads/book_ros2_wrs/install/vision_msgs/include/vision_msgs/vision_msgs/msg/detail/pose2_d__rosidl_typesupport_introspection_cpp.hpp
[3.017s] -- Up-to-date symlink: /home/mjlinux/Downloads/book_ros2_wrs/install/vision_msgs/include/vision_msgs/vision_msgs/msg/detail/vision_class__rosidl_typesupport_introspection_cpp.hpp
[3.017s] -- Up-to-date symlink: /home/mjlinux/Downloads/book_ros2_wrs/install/vision_msgs/include/vision_msgs/vision_msgs/msg/detail/vision_info__rosidl_typesupport_introspection_cpp.hpp
[3.017s] -- Up-to-date symlink: /home/mjlinux/Downloads/book_ros2_wrs/install/vision_msgs/share/vision_msgs/environment/pythonpath.sh
[3.018s] -- Up-to-date symlink: /home/mjlinux/Downloads/book_ros2_wrs/install/vision_msgs/share/vision_msgs/environment/pythonpath.dsv
[3.019s] -- Up-to-date symlink: /home/mjlinux/Downloads/book_ros2_wrs/install/vision_msgs/local/lib/python3.10/dist-packages/vision_msgs-4.1.0-py3.10.egg-info/PKG-INFO
[3.019s] -- Up-to-date symlink: /home/mjlinux/Downloads/book_ros2_wrs/install/vision_msgs/local/lib/python3.10/dist-packages/vision_msgs-4.1.0-py3.10.egg-info/SOURCES.txt
[3.019s] -- Up-to-date symlink: /home/mjlinux/Downloads/book_ros2_wrs/install/vision_msgs/local/lib/python3.10/dist-packages/vision_msgs-4.1.0-py3.10.egg-info/dependency_links.txt
[3.019s] -- Up-to-date symlink: /home/mjlinux/Downloads/book_ros2_wrs/install/vision_msgs/local/lib/python3.10/dist-packages/vision_msgs-4.1.0-py3.10.egg-info/top_level.txt
[3.020s] -- Up-to-date symlink: /home/mjlinux/Downloads/book_ros2_wrs/install/vision_msgs/local/lib/python3.10/dist-packages/vision_msgs/__init__.py
[3.020s] -- Up-to-date symlink: /home/mjlinux/Downloads/book_ros2_wrs/install/vision_msgs/local/lib/python3.10/dist-packages/vision_msgs/_vision_msgs_s.ep.rosidl_typesupport_c.c
[3.020s] -- Up-to-date symlink: /home/mjlinux/Downloads/book_ros2_wrs/install/vision_msgs/local/lib/python3.10/dist-packages/vision_msgs/_vision_msgs_s.ep.rosidl_typesupport_fastrtps_c.c
[3.020s] -- Up-to-date symlink: /home/mjlinux/Downloads/book_ros2_wrs/install/vision_msgs/local/lib/python3.10/dist-packages/vision_msgs/_vision_msgs_s.ep.rosidl_typesupport_introspection_c.c
[3.020s] -- Up-to-date symlink: /home/mjlinux/Downloads/book_ros2_wrs/install/vision_msgs/local/lib/python3.10/dist-packages/vision_msgs/libvision_msgs__rosidl_generator_py.so
[3.020s] -- Up-to-date symlink: /home/mjlinux/Downloads/book_ros2_wrs/install/vision_msgs/local/lib/python3.10/dist-packages/vision_msgs/msg/__init__.py
[3.021s] -- Up-to-date symlink: /home/mjlinux/Downloads/book_ros2_wrs/install/vision_msgs/local/lib/python3.10/dist-packages/vision_msgs/msg/_bounding_box2_d.py
[3.021s] -- Up-to-date symlink: /home/mjlinux/Downloads/book_ros2_wrs/install/vision_msgs/local/lib/python3.10/dist-packages/vision_msgs/msg/_bounding_box2_d_array.py
[3.021s] -- Up-to-date symlink: /home/mjlinux/Downloads/book_ros2_wrs/install/vision_msgs/local/lib/python3.10/dist-packages/vision_msgs/msg/_bounding_box2_d_array_s.c
[3.021s] -- Up-to-date symlink: /home/mjlinux/Downloads/book_ros2_wrs/install/vision_msgs/local/lib/python3.10/dist-packages/vision_msgs/msg/_bounding_box2_d_s.c
[3.022s] -- Up-to-date symlink: /home/mjlinux/Downloads/book_ros2_wrs/install/vision_msgs/local/lib/python3.10/dist-packages/vision_msgs/msg/_bounding_box3_d.py
[3.026s] -- Up-to-date symlink: /home/mjlinux/Downloads/book_ros2_wrs/install/vision_msgs/local/lib/python3.10/dist-packages/vision_msgs/msg/_bounding_box3_d_array.py
[3.027s] -- Up-to-date symlink: /home/mjlinux/Downloads/book_ros2_wrs/install/vision_msgs/local/lib/python3.10/dist-packages/vision_msgs/msg/_bounding_box3_d_array_s.c
[3.028s] -- Up-to-date symlink: /home/mjlinux/Downloads/book_ros2_wrs/install/vision_msgs/local/lib/python3.10/dist-packages/vision_msgs/msg/_bounding_box3_d_s.c
[3.029s] -- Up-to-date symlink: /home/mjlinux/Downloads/book_ros2_wrs/install/vision_msgs/local/lib/python3.10/dist-packages/vision_msgs/msg/_classification.py
[3.029s] -- Up-to-date symlink: /home/mjlinux/Downloads/book_ros2_wrs/install/vision_msgs/local/lib/python3.10/dist-packages/vision_msgs/msg/_classification_s.c
[3.029s] -- Up-to-date symlink: /home/mjlinux/Downloads/book_ros2_wrs/install/vision_msgs/local/lib/python3.10/dist-packages/vision_msgs/msg/_detection2_d.py
[3.029s] -- Up-to-date symlink: /home/mjlinux/Downloads/book_ros2_wrs/install/vision_msgs/local/lib/python3.10/dist-packages/vision_msgs/msg/_detection2_d_array.py
[3.029s] -- Up-to-date symlink: /home/mjlinux/Downloads/book_ros2_wrs/install/vision_msgs/local/lib/python3.10/dist-packages/vision_msgs/msg/_detection2_d_array_s.c
[3.029s] -- Up-to-date symlink: /home/mjlinux/Downloads/book_ros2_wrs/install/vision_msgs/local/lib/python3.10/dist-packages/vision_msgs/msg/_detection2_d_s.c
[3.030s] -- Up-to-date symlink: /home/mjlinux/Downloads/book_ros2_wrs/install/vision_msgs/local/lib/python3.10/dist-packages/vision_msgs/msg/_detection3_d.py
[3.030s] -- Up-to-date symlink: /home/mjlinux/Downloads/book_ros2_wrs/install/vision_msgs/local/lib/python3.10/dist-packages/vision_msgs/msg/_detection3_d_array.py
[3.030s] -- Up-to-date symlink: /home/mjlinux/Downloads/book_ros2_wrs/install/vision_msgs/local/lib/python3.10/dist-packages/vision_msgs/msg/_detection3_d_array_s.c
[3.030s] -- Up-to-date symlink: /home/mjlinux/Downloads/book_ros2_wrs/install/vision_msgs/local/lib/python3.10/dist-packages/vision_msgs/msg/_detection3_d_s.c
[3.030s] -- Up-to-date symlink: /home/mjlinux/Downloads/book_ros2_wrs/install/vision_msgs/local/lib/python3.10/dist-packages/vision_msgs/msg/_label_info.py
[3.030s] -- Up-to-date symlink: /home/mjlinux/Downloads/book_ros2_wrs/install/vision_msgs/local/lib/python3.10/dist-packages/vision_msgs/msg/_label_info_s.c
[3.030s] -- Up-to-date symlink: /home/mjlinux/Downloads/book_ros2_wrs/install/vision_msgs/local/lib/python3.10/dist-packages/vision_msgs/msg/_object_hypothesis.py
[3.030s] -- Up-to-date symlink: /home/mjlinux/Downloads/book_ros2_wrs/install/vision_msgs/local/lib/python3.10/dist-packages/vision_msgs/msg/_object_hypothesis_s.c
[3.031s] -- Up-to-date symlink: /home/mjlinux/Downloads/book_ros2_wrs/install/vision_msgs/local/lib/python3.10/dist-packages/vision_msgs/msg/_object_hypothesis_with_pose.py
[3.031s] -- Up-to-date symlink: /home/mjlinux/Downloads/book_ros2_wrs/install/vision_msgs/local/lib/python3.10/dist-packages/vision_msgs/msg/_object_hypothesis_with_pose_s.c
[3.031s] -- Up-to-date symlink: /home/mjlinux/Downloads/book_ros2_wrs/install/vision_msgs/local/lib/python3.10/dist-packages/vision_msgs/msg/_point2_d.py
[3.031s] -- Up-to-date symlink: /home/mjlinux/Downloads/book_ros2_wrs/install/vision_msgs/local/lib/python3.10/dist-packages/vision_msgs/msg/_point2_d_s.c
[3.031s] -- Up-to-date symlink: /home/mjlinux/Downloads/book_ros2_wrs/install/vision_msgs/local/lib/python3.10/dist-packages/vision_msgs/msg/_pose2_d.py
[3.032s] -- Up-to-date symlink: /home/mjlinux/Downloads/book_ros2_wrs/install/vision_msgs/local/lib/python3.10/dist-packages/vision_msgs/msg/_pose2_d_s.c
[3.032s] -- Up-to-date symlink: /home/mjlinux/Downloads/book_ros2_wrs/install/vision_msgs/local/lib/python3.10/dist-packages/vision_msgs/msg/_vision_class.py
[3.032s] -- Up-to-date symlink: /home/mjlinux/Downloads/book_ros2_wrs/install/vision_msgs/local/lib/python3.10/dist-packages/vision_msgs/msg/_vision_class_s.c
[3.032s] -- Up-to-date symlink: /home/mjlinux/Downloads/book_ros2_wrs/install/vision_msgs/local/lib/python3.10/dist-packages/vision_msgs/msg/_vision_info.py
[3.032s] -- Up-to-date symlink: /home/mjlinux/Downloads/book_ros2_wrs/install/vision_msgs/local/lib/python3.10/dist-packages/vision_msgs/msg/_vision_info_s.c
[3.032s] -- Up-to-date symlink: /home/mjlinux/Downloads/book_ros2_wrs/install/vision_msgs/local/lib/python3.10/dist-packages/vision_msgs/vision_msgs_s__rosidl_typesupport_c.cpython-310-aarch64-linux-gnu.so
[3.032s] -- Up-to-date symlink: /home/mjlinux/Downloads/book_ros2_wrs/install/vision_msgs/local/lib/python3.10/dist-packages/vision_msgs/vision_msgs_s__rosidl_typesupport_fastrtps_c.cpython-310-aarch64-linux-gnu.so
[3.032s] -- Up-to-date symlink: /home/mjlinux/Downloads/book_ros2_wrs/install/vision_msgs/local/lib/python3.10/dist-packages/vision_msgs/vision_msgs_s__rosidl_typesupport_introspection_c.cpython-310-aarch64-linux-gnu.so
[3.033s] -- Up-to-date symlink: /home/mjlinux/Downloads/book_ros2_wrs/install/vision_msgs/local/lib/python3.10/dist-packages/vision_msgs/vision_msgs_s__rosidl_typesupport_fastrtps_c.cpython-310-aarch64-linux-gnu.so
[3.042s] -- Up-to-date symlink: /home/mjlinux/Downloads/book_ros2_wrs/install/vision_msgs/local/lib/python3.10/dist-packages/vision_msgs/vision_msgs_s__rosidl_typesupport_introspection_c.cpython-310-aarch64-linux-gnu.so
[3.042s] -- Up-to-date symlink: /home/mjlinux/Downloads/book_ros2_wrs/install/vision_msgs/local/lib/python3.10/dist-packages/vision_msgs/vision_msgs_s__rosidl_typesupport_c.cpython-310-aarch64-linux-gnu.so
[3.043s] -- Up-to-date symlink: /home/mjlinux/Downloads/book_ros2_wrs/install/vision_msgs/share/vision_msgs/msg/BoundingBox2D.idl
[3.043s] -- Up-to-date symlink: /home/mjlinux/Downloads/book_ros2_wrs/install/vision_msgs/share/vision_msgs/msg/BoundingBox2DArray.idl
[3.043s] -- Up-to-date symlink: /home/mjlinux/Downloads/book_ros2_wrs/install/vision_msgs/share/vision_msgs/msg/BoundingBox3D.idl
[3.043s] -- Up-to-date symlink: /home/mjlinux/Downloads/book_ros2_wrs/install/vision_msgs/share/vision_msgs/msg/BoundingBox3DArray.idl
[3.043s] -- Up-to-date symlink: /home/mjlinux/Downloads/book_ros2_wrs/install/vision_msgs/share/vision_msgs/msg/Classification.idl
[3.043s] -- Up-to-date symlink: /home/mjlinux/Downloads/book_ros2_wrs/install/vision_msgs/share/vision_msgs/msg/Detection2DArray.idl
[3.043s] -- Up-to-date symlink: /home/mjlinux/Downloads/book_ros2_wrs/install/vision_msgs/share/vision_msgs/msg/Detection2D.idl
[3.044s] -- Up-to-date symlink: /home/mjlinux/Downloads/book_ros2_wrs/install/vision_msgs/share/vision_msgs/msg/Detection3DArray.idl
[3.044s] -- Up-to-date symlink: /home/mjlinux/Downloads/book_ros2_wrs/install/vision_msgs/share/vision_msgs/msg/Detection3D.idl
[3.044s] -- Up-to-date symlink: /home/mjlinux/Downloads/book_ros2_wrs/install/vision_msgs/share/vision_msgs/msg/LabelInfo.idl
[3.044s] -- Up-to-date symlink: /home/mjlinux/Downloads/book_ros2_wrs/install/vision_msgs/share/vision_msgs/msg/ObjectHypothesis.idl
[3.044s] -- Up-to-date symlink: /home/mjlinux/Downloads/book_ros2_wrs/install/vision_msgs/share/vision_msgs/msg/ObjectHypothesisWithPose.idl
[3.044s] -- Up-to-date symlink: /home/mjlinux/Downloads/book_ros2_wrs/install/vision_msgs/share/vision_msgs/msg/VisionClass.idl
[3.045s] -- Up-to-date symlink: /home/mjlinux/Downloads/book_ros2_wrs/install/vision_msgs/share/vision_msgs/msg/Point2D.idl
[3.045s] -- Up-to-date symlink: /home/mjlinux/Downloads/book_ros2_wrs/install/vision_msgs/share/vision_msgs/msg/Pose2D.idl
[3.045s] -- Up-to-date symlink: /home/mjlinux/Downloads/book_ros2_wrs/install/vision_msgs/share/vision_msgs/msg/VisionInfo.idl
[3.045s] -- Up-to-date symlink: /home/mjlinux/Downloads/book_ros2_wrs/install/vision_msgs/share/vision_msgs/msg/BoundingBox2D.msg
[3.045s] -- Up-to-date symlink: /home/mjlinux/Downloads/book_ros2_wrs/install/vision_msgs/share/vision_msgs/msg/BoundingBox2DArray.msg
[3.045s] -- Up-to-date symlink: /home/mjlinux/Downloads/book_ros2_wrs/install/vision_msgs/share/vision_msgs/msg/BoundingBox3D.msg
[3.046s] -- Up-to-date symlink: /home/mjlinux/Downloads/book_ros2_wrs/install/vision_msgs/share/vision_msgs/msg/BoundingBox3DArray.msg
[3.046s] -- Up-to-date symlink: /home/mjlinux/Downloads/book_ros2_wrs/install/vision_msgs/share/vision_msgs/msg/Classification.msg
[3.046s] -- Up-to-date symlink: /home/mjlinux/Downloads/book_ros2_wrs/install/vision_msgs/share/vision_msgs/msg/Detection2DArray.msg
[3.046s] -- Up-to-date symlink: /home/mjlinux/Downloads/book_ros2_wrs/install/vision_msgs/share/vision_msgs/msg/Detection2D.msg
[3.046s] -- Up-to-date symlink: /home/mjlinux/Downloads/book_ros2_wrs/install/vision_msgs/share/vision_msgs/msg/Detection3DArray.msg
[3.047s] -- Up-to-date symlink: /home/mjlinux/Downloads/book_ros2_wrs/install/vision_msgs/share/vision_msgs/msg/Detection3D.msg
[3.047s] -- Up-to-date symlink: /home/mjlinux/Downloads/book_ros2_wrs/install/vision_msgs/share/vision_msgs/msg/LabelInfo.msg
[3.047s] -- Up-to-date symlink: /home/mjlinux/Downloads/book_ros2_wrs/install/vision_msgs/share/vision_msgs/msg/ObjectHypothesis.msg
[3.047s] -- Up-to-date symlink: /home/mjlinux/Downloads/book_ros2_wrs/install/vision_msgs/share/vision_msgs/msg/ObjectHypothesisWithPose.msg
[3.047s] -- Up-to-date symlink: /home/mjlinux/Downloads/book_ros2_wrs/install/vision_msgs/share/vision_msgs/msg/VisionClass.msg
[3.048s] -- Up-to-date symlink: /home/mjlinux/Downloads/book_ros2_wrs/install/vision_msgs/share/vision_msgs/msg/Point2D.msg
[3.049s] -- Up-to-date symlink: /home/mjlinux/Downloads/book_ros2_wrs/install/vision_msgs/share/vision_msgs/msg/Pose2D.msg
[3.051s] -- Up-to-date symlink: /home/mjlinux/Downloads/book_ros2_wrs/install/vision_msgs/share/vision_msgs/msg/VisionInfo.msg
[3.051s] -- Up-to-date symlink: /home/mjlinux/Downloads/book_ros2_wrs/install/vision_msgs/include/vision_msgs/create_aabb.hpp
[3.051s] -- Up-to-date symlink: /home/mjlinux/Downloads/book_ros2_wrs/install/vision_msgs/share/ament_index/resource_index/package_run_dependencies/vision_msgs
[3.051s] -- Up-to-date symlink: /home/mjlinux/Downloads/book_ros2_wrs/install/vision_msgs/share/ament_index/resource_index/parent_prefix_path/vision_msgs
[3.051s] -- Up-to-date symlink: /home/mjlinux/Downloads/book_ros2_wrs/install/vision_msgs/share/vision_msgs/environment/ament_prefix_path.sh
[3.051s] -- Up-to-date symlink: /home/mjlinux/Downloads/book_ros2_wrs/install/vision_msgs/share/vision_msgs/environment/ament_prefix_path.dsv
[3.051s] -- Up-to-date symlink: /home/mjlinux/Downloads/book_ros2_wrs/install/vision_msgs/share/vision_msgs/environment/path.sh
[3.052s] -- Up-to-date symlink: /home/mjlinux/Downloads/book_ros2_wrs/install/vision_msgs/share/vision_msgs/environment/path.dsv
[3.052s] -- Up-to-date symlink: /home/mjlinux/Downloads/book_ros2_wrs/install/vision_msgs/share/vision_msgs/local_setup.bash
[3.052s] -- Up-to-date symlink: /home/mjlinux/Downloads/book_ros2_wrs/install/vision_msgs/share/vision_msgs/local_setup.sh
[3.052s] -- Up-to-date symlink: /home/mjlinux/Downloads/book_ros2_wrs/install/vision_msgs/share/vision_msgs/local_setup.zsh
[3.052s] -- Up-to-date symlink: /home/mjlinux/Downloads/book_ros2_wrs/install/vision_msgs/share/vision_msgs/local_setup.dsv
[3.052s] -- Symlinking: /home/mjlinux/Downloads/book_ros2_wrs/install/vision_msgs/share/vision_msgs/package.dsv
[3.077s] -- Up-to-date symlink: /home/mjlinux/Downloads/book_ros2_wrs/install/vision_msgs/share/ament_index/resource_index/packages/vision_msgs
[3.077s] -- Up-to-date symlink: /home/mjlinux/Downloads/book_ros2_wrs/install/vision_msgs/share/vision_msgs/cmake/rosidl_cmake-extras.cmake
[3.077s] -- Up-to-date symlink: /home/mjlinux/Downloads/book_ros2_wrs/install/vision_msgs/share/vision_msgs/cmake/ament_cmake_export_dependencies-extras.cmake
[3.077s] -- Up-to-date symlink: /home/mjlinux/Downloads/book_ros2_wrs/install/vision_msgs/share/vision_msgs/cmake/ament_cmake_export_include_directories-extras.cmake
[3.077s] -- Up-to-date symlink: /home/mjlinux/Downloads/book_ros2_wrs/install/vision_msgs/share/vision_msgs/cmake/ament_cmake_export_libraries-extras.cmake
[3.078s] -- Up-to-date symlink: /home/mjlinux/Downloads/book_ros2_wrs/install/vision_msgs/share/vision_msgs/cmake/ament_cmake_export_targets-extras.cmake
[3.078s] -- Up-to-date symlink: /home/mjlinux/Downloads/book_ros2_wrs/install/vision_msgs/share/vision_msgs/cmake/rosidl_cmake_export_typesupport_targets-extras.cmake
[3.078s] -- Up-to-date symlink: /home/mjlinux/Downloads/book_ros2_wrs/install/vision_msgs/share/vision_msgs/cmake/rosidl_cmake_export_typesupport_libraries-extras.cmake
[3.078s] -- Up-to-date symlink: /home/mjlinux/Downloads/book_ros2_wrs/install/vision_msgs/share/vision_msgs/cmake/vision_msgsConfig.cmake
[3.078s] -- Up-to-date symlink: /home/mjlinux/Downloads/book_ros2_wrs/install/vision_msgs/share/vision_msgs/cmake/vision_msgsConfig-version.cmake
[3.078s] -- Up-to-date symlink: /home/mjlinux/Downloads/book_ros2_wrs/install/vision_msgs/share/vision_msgs/package.xml
[3.078s] -- Up-to-date: /home/mjlinux/Downloads/book_ros2_wrs/install/vision_msgs/lib/libvision_msgs__rosidl_generator_c.so
[3.078s] -- Up-to-date: /home/mjlinux/Downloads/book_ros2_wrs/install/vision_msgs/lib/libvision_msgs__rosidl_typesupport_fastrtps_c.so
[3.078s] -- Up-to-date: /home/mjlinux/Downloads/book_ros2_wrs/install/vision_msgs/lib/libvision_msgs__rosidl_typesupport_fastrtps_cpp.so
[3.078s] -- Up-to-date: /home/mjlinux/Downloads/book_ros2_wrs/install/vision_msgs/lib/libvision_msgs__rosidl_typesupport_introspection_c.so
[3.078s] -- Up-to-date: /home/mjlinux/Downloads/book_ros2_wrs/install/vision_msgs/lib/libvision_msgs__rosidl_typesupport_c.so
[3.078s] -- Up-to-date: /home/mjlinux/Downloads/book_ros2_wrs/install/vision_msgs/lib/libvision_msgs__rosidl_typesupport_introspection_cpp.so
[3.078s] -- Up-to-date: /home/mjlinux/Downloads/book_ros2_wrs/install/vision_msgs/lib/libvision_msgs__rosidl_typesupport_cpp.so
[3.145s] Listing '/home/mjlinux/Downloads/book_ros2_wrs/install/vision_msgs/local/lib/python3.10/dist-packages/vision_msgs'...
[3.145s] Listing '/home/mjlinux/Downloads/book_ros2_wrs/install/vision_msgs/local/lib/python3.10/dist-packages/vision_msgs/msg'...
[3.162s] -- Up-to-date: /home/mjlinux/Downloads/book_ros2_wrs/install/vision_msgs/lib/libvision_msgs__rosidl_generator_py.so
[3.162s] -- Up-to-date: /home/mjlinux/Downloads/book_ros2_wrs/install/vision_msgs/share/vision_msgs/cmake/export_vision_msgs__rosidl_generator_cExport.cmake
[3.162s] -- Up-to-date: /home/mjlinux/Downloads/book_ros2_wrs/install/vision_msgs/share/vision_msgs/cmake/export_vision_msgs__rosidl_generator_cExport-noconfig.cmake
[3.162s] -- Up-to-date: /home/mjlinux/Downloads/book_ros2_wrs/install/vision_msgs/share/vision_msgs/cmake/export_vision_msgs__rosidl_typesupport_fastrtps_cExport.cmake
[3.162s] -- Up-to-date: /home/mjlinux/Downloads/book_ros2_wrs/install/vision_msgs/share/vision_msgs/cmake/export_vision_msgs__rosidl_typesupport_fastrtps_cExport-noconfig.cmake
[3.162s] -- Up-to-date: /home/mjlinux/Downloads/book_ros2_wrs/install/vision_msgs/share/vision_msgs/cmake/export_vision_msgs__rosidl_generator_cppExport.cmake
[3.162s] -- Up-to-date: /home/mjlinux/Downloads/book_ros2_wrs/install/vision_msgs/share/vision_msgs/cmake/export_vision_msgs__rosidl_typesupport_fastrtps_cppExport.cmake
[3.166s] -- Up-to-date: /home/mjlinux/Downloads/book_ros2_wrs/install/vision_msgs/share/vision_msgs/cmake/export_vision_msgs__rosidl_typesupport_fastrtps_cppExport-noconfig.cmake
[3.166s] -- Up-to-date: /home/mjlinux/Downloads/book_ros2_wrs/install/vision_msgs/share/vision_msgs/cmake/vision_msgs__rosidl_typesupport_introspection_cExport.cmake
[3.166s] -- Up-to-date: /home/mjlinux/Downloads/book_ros2_wrs/install/vision_msgs/share/vision_msgs/cmake/vision_msgs__rosidl_typesupport_introspection_cExport-noconfig.cmake
[3.166s] -- Up-to-date: /home/mjlinux/Downloads/book_ros2_wrs/install/vision_msgs/share/vision_msgs/cmake/vision_msgs__rosidl_typesupport_cExport.cmake
[3.166s] -- Up-to-date: /home/mjlinux/Downloads/book_ros2_wrs/install/vision_msgs/share/vision_msgs/cmake/vision_msgs__rosidl_typesupport_cExport-noconfig.cmake
[3.166s] -- Up-to-date: /home/mjlinux/Downloads/book_ros2_wrs/install/vision_msgs/share/vision_msgs/cmake/vision_msgs__rosidl_typesupport_introspection_cppExport.cmake
[3.166s] -- Up-to-date: /home/mjlinux/Downloads/book_ros2_wrs/install/vision_msgs/share/vision_msgs/cmake/vision_msgs__rosidl_typesupport_introspection_cppExport-noconfig.cmake
[3.166s] -- Up-to-date: /home/mjlinux/Downloads/book_ros2_wrs/install/vision_msgs/share/vision_msgs/cmake/vision_msgs__rosidl_typesupport_cppExport.cmake
[3.166s] -- Up-to-date: /home/mjlinux/Downloads/book_ros2_wrs/install/vision_msgs/share/vision_msgs/cmake/vision_msgs__rosidl_typesupport_cppExport-noconfig.cmake
[3.167s] -- Up-to-date: /home/mjlinux/Downloads/book_ros2_wrs/install/vision_msgs/share/vision_msgs/cmake/export_vision_msgs__rosidl_generator_pyExport.cmake
[3.167s] -- Up-to-date: /home/mjlinux/Downloads/book_ros2_wrs/install/vision_msgs/share/vision_msgs/cmake/export_vision_msgs__rosidl_generator_pyExport-noconfig.cmake
[3.211s] Invoked command in '/home/mjlinux/Downloads/book_ros2_wrs/build/vision_msgs' returned '0': CMAKE_PREFIX_PATH=${CMAKE_PREFIX_PATH}:/home/mjlinux/Downloads/book_ros2_wrs/install/launch_pal:/home/mjlinux/Downloads/book_ros2_wrs/install/br2_fsm_bumpgo_py:/opt/ros/humble CONDA_PROMPT_MODIFIER=(ros) /usr/bin/cmake --install /home/mjlinux/Downloads/book_ros2_wrs/build/vision_msgs
