[0.505s] Invoking command in '/home/mjlinux/Downloads/book_ros2_wrs/build/br2_fsm_bumpgo_py': PYTHONPATH=/home/mjlinux/Downloads/book_ros2_wrs/build/br2_fsm_bumpgo_py/prefix_override:/home/mjlinux/Downloads/book_ros2_wrs/install/br2_fsm_bumpgo_py/lib/python3.10/site-packages:${PYTHONPATH} /usr/bin/python3 setup.py develop --editable --build-directory /home/mjlinux/Downloads/book_ros2_wrs/build/br2_fsm_bumpgo_py/build --no-deps install_data
[0.716s] running develop
[0.716s] /usr/lib/python3/dist-packages/setuptools/command/easy_install.py:158: EasyInstallDeprecationWarning: easy_install command is deprecated. Use build and pip and other standards-based tools.
[0.716s]   warnings.warn(
[0.717s] /usr/lib/python3/dist-packages/setuptools/command/install.py:34: SetuptoolsDeprecationWarning: setup.py install is deprecated. Use build and pip and other standards-based tools.
[0.717s]   warnings.warn(
[0.854s] running egg_info
[0.854s] writing br2_fsm_bumpgo_py.egg-info/PKG-INFO
[0.854s] writing dependency_links to br2_fsm_bumpgo_py.egg-info/dependency_links.txt
[0.854s] writing entry points to br2_fsm_bumpgo_py.egg-info/entry_points.txt
[0.855s] writing requirements to br2_fsm_bumpgo_py.egg-info/requires.txt
[0.855s] writing top-level names to br2_fsm_bumpgo_py.egg-info/top_level.txt
[0.856s] reading manifest file 'br2_fsm_bumpgo_py.egg-info/SOURCES.txt'
[0.857s] writing manifest file 'br2_fsm_bumpgo_py.egg-info/SOURCES.txt'
[0.857s] running build_ext
[0.858s] Creating /home/mjlinux/Downloads/book_ros2_wrs/install/br2_fsm_bumpgo_py/lib/python3.10/site-packages/br2-fsm-bumpgo-py.egg-link (link to .)
[0.858s] Installing bump_go_main script to /home/mjlinux/Downloads/book_ros2_wrs/install/br2_fsm_bumpgo_py/lib/br2_fsm_bumpgo_py
[0.858s] 
[0.858s] Installed /home/mjlinux/Downloads/book_ros2_wrs/build/br2_fsm_bumpgo_py
[0.858s] running install_data
[0.888s] Invoked command in '/home/mjlinux/Downloads/book_ros2_wrs/build/br2_fsm_bumpgo_py' returned '0': PYTHONPATH=/home/mjlinux/Downloads/book_ros2_wrs/build/br2_fsm_bumpgo_py/prefix_override:/home/mjlinux/Downloads/book_ros2_wrs/install/br2_fsm_bumpgo_py/lib/python3.10/site-packages:${PYTHONPATH} /usr/bin/python3 setup.py develop --editable --build-directory /home/mjlinux/Downloads/book_ros2_wrs/build/br2_fsm_bumpgo_py/build --no-deps install_data
