[0.074s] Invoking command in '/home/mjlinux/Downloads/book_ros2_wrs/build/pmb2_maps': CMAKE_PREFIX_PATH=${CMAKE_PREFIX_PATH}:/home/mjlinux/Downloads/book_ros2_wrs/install/launch_pal:/home/mjlinux/Downloads/book_ros2_wrs/install/br2_fsm_bumpgo_py:/opt/ros/humble CONDA_PROMPT_MODIFIER=(ros) /usr/bin/cmake /home/mjlinux/Downloads/book_ros2_wrs/ThirdParty/pmb2_navigation/pmb2_maps -DAMENT_CMAKE_SYMLINK_INSTALL=1 -DCMAKE_INSTALL_PREFIX=/home/mjlinux/Downloads/book_ros2_wrs/install/pmb2_maps
[0.344s] -- The C compiler identification is GNU 11.4.0
[0.480s] -- The CXX compiler identification is GNU 11.4.0
[0.488s] -- Detecting C compiler ABI info
[0.597s] -- Detecting C compiler ABI info - done
[0.605s] -- Check for working C compiler: /usr/bin/cc - skipped
[0.605s] -- Detecting C compile features
[0.605s] -- Detecting C compile features - done
[0.607s] -- Detecting CXX compiler ABI info
[0.801s] -- Detecting CXX compiler ABI info - done
[0.802s] -- Check for working CXX compiler: /usr/bin/c++ - skipped
[0.816s] -- Detecting CXX compile features
[0.816s] -- Detecting CXX compile features - done
[0.820s] -- Found ament_cmake_auto: 1.3.5 (/opt/ros/humble/share/ament_cmake_auto/cmake)
[1.170s] -- Found Python3: /usr/bin/python3.10 (found version "3.10.12") found components: Interpreter 
[1.247s] -- Override CMake install command with custom implementation using symlinks instead of copying resources
[1.366s] -- Configuring done
[1.369s] -- Generating done
[1.371s] -- Build files have been written to: /home/mjlinux/Downloads/book_ros2_wrs/build/pmb2_maps
[1.388s] Invoked command in '/home/mjlinux/Downloads/book_ros2_wrs/build/pmb2_maps' returned '0': CMAKE_PREFIX_PATH=${CMAKE_PREFIX_PATH}:/home/mjlinux/Downloads/book_ros2_wrs/install/launch_pal:/home/mjlinux/Downloads/book_ros2_wrs/install/br2_fsm_bumpgo_py:/opt/ros/humble CONDA_PROMPT_MODIFIER=(ros) /usr/bin/cmake /home/mjlinux/Downloads/book_ros2_wrs/ThirdParty/pmb2_navigation/pmb2_maps -DAMENT_CMAKE_SYMLINK_INSTALL=1 -DCMAKE_INSTALL_PREFIX=/home/mjlinux/Downloads/book_ros2_wrs/install/pmb2_maps
[1.390s] Invoking command in '/home/mjlinux/Downloads/book_ros2_wrs/build/pmb2_maps': CMAKE_PREFIX_PATH=${CMAKE_PREFIX_PATH}:/home/mjlinux/Downloads/book_ros2_wrs/install/launch_pal:/home/mjlinux/Downloads/book_ros2_wrs/install/br2_fsm_bumpgo_py:/opt/ros/humble CONDA_PROMPT_MODIFIER=(ros) /usr/bin/cmake --build /home/mjlinux/Downloads/book_ros2_wrs/build/pmb2_maps -- -j4 -l4
[1.487s] Invoked command in '/home/mjlinux/Downloads/book_ros2_wrs/build/pmb2_maps' returned '0': CMAKE_PREFIX_PATH=${CMAKE_PREFIX_PATH}:/home/mjlinux/Downloads/book_ros2_wrs/install/launch_pal:/home/mjlinux/Downloads/book_ros2_wrs/install/br2_fsm_bumpgo_py:/opt/ros/humble CONDA_PROMPT_MODIFIER=(ros) /usr/bin/cmake --build /home/mjlinux/Downloads/book_ros2_wrs/build/pmb2_maps -- -j4 -l4
[1.541s] Invoking command in '/home/mjlinux/Downloads/book_ros2_wrs/build/pmb2_maps': CMAKE_PREFIX_PATH=${CMAKE_PREFIX_PATH}:/home/mjlinux/Downloads/book_ros2_wrs/install/launch_pal:/home/mjlinux/Downloads/book_ros2_wrs/install/br2_fsm_bumpgo_py:/opt/ros/humble CONDA_PROMPT_MODIFIER=(ros) /usr/bin/cmake --install /home/mjlinux/Downloads/book_ros2_wrs/build/pmb2_maps
[1.550s] -- Install configuration: ""
[1.550s] -- Execute custom install script
[1.560s] -- Symlinking: /home/mjlinux/Downloads/book_ros2_wrs/install/pmb2_maps/share/pmb2_maps/config/map.pgm
[1.576s] -- Symlinking: /home/mjlinux/Downloads/book_ros2_wrs/install/pmb2_maps/share/pmb2_maps/config/map.yaml
[1.598s] -- Symlinking: /home/mjlinux/Downloads/book_ros2_wrs/install/pmb2_maps/share/pmb2_maps/config/mmap.yaml
[1.616s] -- Symlinking: /home/mjlinux/Downloads/book_ros2_wrs/install/pmb2_maps/share/pmb2_maps/configurations/pal_office/map.pgm
[1.628s] -- Symlinking: /home/mjlinux/Downloads/book_ros2_wrs/install/pmb2_maps/share/pmb2_maps/configurations/pal_office/map.yaml
[1.655s] -- Symlinking: /home/mjlinux/Downloads/book_ros2_wrs/install/pmb2_maps/share/pmb2_maps/configurations/pal_office/mmap.yaml
[1.675s] -- Symlinking: /home/mjlinux/Downloads/book_ros2_wrs/install/pmb2_maps/share/pmb2_maps/configurations/small_office/map.bmp
[1.706s] -- Symlinking: /home/mjlinux/Downloads/book_ros2_wrs/install/pmb2_maps/share/pmb2_maps/configurations/small_office/map.bt
[1.729s] -- Symlinking: /home/mjlinux/Downloads/book_ros2_wrs/install/pmb2_maps/share/pmb2_maps/configurations/small_office/map.ot
[1.748s] -- Symlinking: /home/mjlinux/Downloads/book_ros2_wrs/install/pmb2_maps/share/pmb2_maps/configurations/small_office/map.pgm
[1.783s] -- Symlinking: /home/mjlinux/Downloads/book_ros2_wrs/install/pmb2_maps/share/pmb2_maps/configurations/small_office/map.yaml
[1.818s] -- Symlinking: /home/mjlinux/Downloads/book_ros2_wrs/install/pmb2_maps/share/pmb2_maps/configurations/small_office/mmap.yaml
[1.843s] -- Symlinking: /home/mjlinux/Downloads/book_ros2_wrs/install/pmb2_maps/share/pmb2_maps/configurations/small_office/transformation.yaml
[1.870s] -- Symlinking: /home/mjlinux/Downloads/book_ros2_wrs/install/pmb2_maps/share/ament_index/resource_index/package_run_dependencies/pmb2_maps
[1.888s] -- Symlinking: /home/mjlinux/Downloads/book_ros2_wrs/install/pmb2_maps/share/ament_index/resource_index/parent_prefix_path/pmb2_maps
[1.913s] -- Symlinking: /home/mjlinux/Downloads/book_ros2_wrs/install/pmb2_maps/share/pmb2_maps/environment/ament_prefix_path.sh
[1.926s] -- Symlinking: /home/mjlinux/Downloads/book_ros2_wrs/install/pmb2_maps/share/pmb2_maps/environment/ament_prefix_path.dsv
[1.929s] -- Symlinking: /home/mjlinux/Downloads/book_ros2_wrs/install/pmb2_maps/share/pmb2_maps/environment/path.sh
[1.938s] -- Symlinking: /home/mjlinux/Downloads/book_ros2_wrs/install/pmb2_maps/share/pmb2_maps/environment/path.dsv
[1.960s] -- Symlinking: /home/mjlinux/Downloads/book_ros2_wrs/install/pmb2_maps/share/pmb2_maps/local_setup.bash
[1.972s] -- Symlinking: /home/mjlinux/Downloads/book_ros2_wrs/install/pmb2_maps/share/pmb2_maps/local_setup.sh
[1.999s] -- Symlinking: /home/mjlinux/Downloads/book_ros2_wrs/install/pmb2_maps/share/pmb2_maps/local_setup.zsh
[2.026s] -- Symlinking: /home/mjlinux/Downloads/book_ros2_wrs/install/pmb2_maps/share/pmb2_maps/local_setup.dsv
[2.042s] -- Symlinking: /home/mjlinux/Downloads/book_ros2_wrs/install/pmb2_maps/share/pmb2_maps/package.dsv
[2.064s] -- Symlinking: /home/mjlinux/Downloads/book_ros2_wrs/install/pmb2_maps/share/ament_index/resource_index/packages/pmb2_maps
[2.081s] -- Symlinking: /home/mjlinux/Downloads/book_ros2_wrs/install/pmb2_maps/share/pmb2_maps/cmake/pmb2_mapsConfig.cmake
[2.097s] -- Symlinking: /home/mjlinux/Downloads/book_ros2_wrs/install/pmb2_maps/share/pmb2_maps/cmake/pmb2_mapsConfig-version.cmake
[2.122s] -- Symlinking: /home/mjlinux/Downloads/book_ros2_wrs/install/pmb2_maps/share/pmb2_maps/package.xml
[2.167s] Invoked command in '/home/mjlinux/Downloads/book_ros2_wrs/build/pmb2_maps' returned '0': CMAKE_PREFIX_PATH=${CMAKE_PREFIX_PATH}:/home/mjlinux/Downloads/book_ros2_wrs/install/launch_pal:/home/mjlinux/Downloads/book_ros2_wrs/install/br2_fsm_bumpgo_py:/opt/ros/humble CONDA_PROMPT_MODIFIER=(ros) /usr/bin/cmake --install /home/mjlinux/Downloads/book_ros2_wrs/build/pmb2_maps
