[0.179s] Invoking command in '/home/mjlinux/Downloads/book_ros2_wrs/build/pmb2_laser_sensors': CMAKE_PREFIX_PATH=/opt/ros/humble /usr/bin/cmake /home/mjlinux/Downloads/book_ros2_wrs/ThirdParty/pmb2_navigation/pmb2_laser_sensors -DAMENT_CMAKE_SYMLINK_INSTALL=1 -DCMAKE_INSTALL_PREFIX=/home/mjlinux/Downloads/book_ros2_wrs/install/pmb2_laser_sensors
[0.299s] -- The C compiler identification is GNU 11.4.0
[0.412s] -- The CXX compiler identification is GNU 11.4.0
[0.432s] -- Detecting C compiler ABI info
[0.498s] -- Detecting C compiler ABI info - done
[0.508s] -- Check for working C compiler: /usr/bin/cc - skipped
[0.508s] -- Detecting C compile features
[0.508s] -- Detecting C compile features - done
[0.515s] -- Detecting CXX compiler ABI info
[0.608s] -- Detecting CXX compiler ABI info - done
[0.608s] -- Check for working CXX compiler: /usr/bin/c++ - skipped
[0.609s] -- Detecting CXX compile features
[0.609s] -- Detecting CXX compile features - done
[0.612s] -- Found ament_cmake_auto: 1.3.5 (/opt/ros/humble/share/ament_cmake_auto/cmake)
[0.778s] -- Found Python3: /usr/bin/python3.10 (found version "3.10.12") found components: Interpreter 
[0.840s] -- Override CMake install command with custom implementation using symlinks instead of copying resources
[0.947s] -- Added test 'copyright' to check source files copyright and LICENSE
[0.948s] -- Added test 'flake8' to check Python code syntax and style conventions
[0.948s] -- Added test 'lint_cmake' to check CMake code style
[0.949s] -- Added test 'pep257' to check Python code against some of the docstring style conventions in PEP 257
[0.949s] -- Added test 'xmllint' to check XML markup files
[0.950s] -- Configuring done
[0.952s] -- Generating done
[0.954s] -- Build files have been written to: /home/mjlinux/Downloads/book_ros2_wrs/build/pmb2_laser_sensors
[0.956s] Invoked command in '/home/mjlinux/Downloads/book_ros2_wrs/build/pmb2_laser_sensors' returned '0': CMAKE_PREFIX_PATH=/opt/ros/humble /usr/bin/cmake /home/mjlinux/Downloads/book_ros2_wrs/ThirdParty/pmb2_navigation/pmb2_laser_sensors -DAMENT_CMAKE_SYMLINK_INSTALL=1 -DCMAKE_INSTALL_PREFIX=/home/mjlinux/Downloads/book_ros2_wrs/install/pmb2_laser_sensors
[0.956s] Invoking command in '/home/mjlinux/Downloads/book_ros2_wrs/build/pmb2_laser_sensors': CMAKE_PREFIX_PATH=/opt/ros/humble /usr/bin/cmake --build /home/mjlinux/Downloads/book_ros2_wrs/build/pmb2_laser_sensors -- -j4 -l4
[0.991s] Invoked command in '/home/mjlinux/Downloads/book_ros2_wrs/build/pmb2_laser_sensors' returned '0': CMAKE_PREFIX_PATH=/opt/ros/humble /usr/bin/cmake --build /home/mjlinux/Downloads/book_ros2_wrs/build/pmb2_laser_sensors -- -j4 -l4
[1.040s] Invoking command in '/home/mjlinux/Downloads/book_ros2_wrs/build/pmb2_laser_sensors': CMAKE_PREFIX_PATH=/opt/ros/humble /usr/bin/cmake --install /home/mjlinux/Downloads/book_ros2_wrs/build/pmb2_laser_sensors
[1.048s] -- Install configuration: ""
[1.048s] -- Execute custom install script
[1.049s] -- Symlinking: /home/mjlinux/Downloads/book_ros2_wrs/install/pmb2_laser_sensors/share/pmb2_laser_sensors/config/sick-551_filter.yaml
[1.056s] -- Symlinking: /home/mjlinux/Downloads/book_ros2_wrs/install/pmb2_laser_sensors/share/pmb2_laser_sensors/config/sick-561_filter.yaml
[1.064s] -- Symlinking: /home/mjlinux/Downloads/book_ros2_wrs/install/pmb2_laser_sensors/share/pmb2_laser_sensors/config/sick-571_filter.yaml
[1.071s] -- Symlinking: /home/mjlinux/Downloads/book_ros2_wrs/install/pmb2_laser_sensors/share/pmb2_laser_sensors/config/sick_tim551_laser.yaml
[1.079s] -- Symlinking: /home/mjlinux/Downloads/book_ros2_wrs/install/pmb2_laser_sensors/share/pmb2_laser_sensors/config/sick_tim561_laser.yaml
[1.086s] -- Symlinking: /home/mjlinux/Downloads/book_ros2_wrs/install/pmb2_laser_sensors/share/pmb2_laser_sensors/config/sick_tim571_laser.yaml
[1.094s] -- Symlinking: /home/mjlinux/Downloads/book_ros2_wrs/install/pmb2_laser_sensors/share/pmb2_laser_sensors/launch/laser.launch.py
[1.101s] -- Symlinking: /home/mjlinux/Downloads/book_ros2_wrs/install/pmb2_laser_sensors/share/pmb2_laser_sensors/launch/laser_filters.launch.py
[1.109s] -- Symlinking: /home/mjlinux/Downloads/book_ros2_wrs/install/pmb2_laser_sensors/share/pmb2_laser_sensors/launch/sick-551_laser.launch.py
[1.136s] -- Symlinking: /home/mjlinux/Downloads/book_ros2_wrs/install/pmb2_laser_sensors/share/pmb2_laser_sensors/launch/sick-561_laser.launch.py
[1.146s] -- Symlinking: /home/mjlinux/Downloads/book_ros2_wrs/install/pmb2_laser_sensors/share/pmb2_laser_sensors/launch/sick-571_laser.launch.py
[1.153s] -- Symlinking: /home/mjlinux/Downloads/book_ros2_wrs/install/pmb2_laser_sensors/share/ament_index/resource_index/package_run_dependencies/pmb2_laser_sensors
[1.161s] -- Symlinking: /home/mjlinux/Downloads/book_ros2_wrs/install/pmb2_laser_sensors/share/ament_index/resource_index/parent_prefix_path/pmb2_laser_sensors
[1.169s] -- Symlinking: /home/mjlinux/Downloads/book_ros2_wrs/install/pmb2_laser_sensors/share/pmb2_laser_sensors/environment/ament_prefix_path.sh
[1.178s] -- Symlinking: /home/mjlinux/Downloads/book_ros2_wrs/install/pmb2_laser_sensors/share/pmb2_laser_sensors/environment/ament_prefix_path.dsv
[1.185s] -- Symlinking: /home/mjlinux/Downloads/book_ros2_wrs/install/pmb2_laser_sensors/share/pmb2_laser_sensors/environment/path.sh
[1.192s] -- Symlinking: /home/mjlinux/Downloads/book_ros2_wrs/install/pmb2_laser_sensors/share/pmb2_laser_sensors/environment/path.dsv
[1.200s] -- Symlinking: /home/mjlinux/Downloads/book_ros2_wrs/install/pmb2_laser_sensors/share/pmb2_laser_sensors/local_setup.bash
[1.208s] -- Symlinking: /home/mjlinux/Downloads/book_ros2_wrs/install/pmb2_laser_sensors/share/pmb2_laser_sensors/local_setup.sh
[1.215s] -- Symlinking: /home/mjlinux/Downloads/book_ros2_wrs/install/pmb2_laser_sensors/share/pmb2_laser_sensors/local_setup.zsh
[1.237s] -- Symlinking: /home/mjlinux/Downloads/book_ros2_wrs/install/pmb2_laser_sensors/share/pmb2_laser_sensors/local_setup.dsv
[1.244s] -- Symlinking: /home/mjlinux/Downloads/book_ros2_wrs/install/pmb2_laser_sensors/share/pmb2_laser_sensors/package.dsv
[1.254s] -- Symlinking: /home/mjlinux/Downloads/book_ros2_wrs/install/pmb2_laser_sensors/share/ament_index/resource_index/packages/pmb2_laser_sensors
[1.260s] -- Symlinking: /home/mjlinux/Downloads/book_ros2_wrs/install/pmb2_laser_sensors/share/pmb2_laser_sensors/cmake/pmb2_laser_sensorsConfig.cmake
[1.268s] -- Symlinking: /home/mjlinux/Downloads/book_ros2_wrs/install/pmb2_laser_sensors/share/pmb2_laser_sensors/cmake/pmb2_laser_sensorsConfig-version.cmake
[1.275s] -- Symlinking: /home/mjlinux/Downloads/book_ros2_wrs/install/pmb2_laser_sensors/share/pmb2_laser_sensors/package.xml
[1.306s] Invoked command in '/home/mjlinux/Downloads/book_ros2_wrs/build/pmb2_laser_sensors' returned '0': CMAKE_PREFIX_PATH=/opt/ros/humble /usr/bin/cmake --install /home/mjlinux/Downloads/book_ros2_wrs/build/pmb2_laser_sensors
