[0.182s] Invoking command in '/home/mjlinux/Downloads/book_ros2_wrs/build/pmb2_controller_configuration': CMAKE_PREFIX_PATH=/opt/ros/humble /usr/bin/cmake /home/mjlinux/Downloads/book_ros2_wrs/ThirdParty/pmb2_robot/pmb2_controller_configuration -DAMENT_CMAKE_SYMLINK_INSTALL=1 -DCMAKE_INSTALL_PREFIX=/home/mjlinux/Downloads/book_ros2_wrs/install/pmb2_controller_configuration
[0.304s] -- The C compiler identification is GNU 11.4.0
[0.418s] -- The CXX compiler identification is GNU 11.4.0
[0.446s] -- Detecting C compiler ABI info
[0.502s] -- Detecting C compiler ABI info - done
[0.511s] -- Check for working C compiler: /usr/bin/cc - skipped
[0.514s] -- Detecting C compile features
[0.515s] -- Detecting C compile features - done
[0.521s] -- Detecting CXX compiler ABI info
[0.609s] -- Detecting CXX compiler ABI info - done
[0.614s] -- Check for working CXX compiler: /usr/bin/c++ - skipped
[0.615s] -- Detecting CXX compile features
[0.615s] -- Detecting CXX compile features - done
[0.618s] -- Found ament_cmake_auto: 1.3.5 (/opt/ros/humble/share/ament_cmake_auto/cmake)
[0.793s] -- Found Python3: /usr/bin/python3.10 (found version "3.10.12") found components: Interpreter 
[0.858s] -- Override CMake install command with custom implementation using symlinks instead of copying resources
[0.913s] -- Found ament_lint_auto: 0.12.7 (/opt/ros/humble/share/ament_lint_auto/cmake)
[0.947s] -- Added test 'copyright' to check source files copyright and LICENSE
[0.949s] -- Added test 'flake8' to check Python code syntax and style conventions
[0.949s] -- Added test 'lint_cmake' to check CMake code style
[0.950s] -- Added test 'pep257' to check Python code against some of the docstring style conventions in PEP 257
[0.951s] -- Added test 'xmllint' to check XML markup files
[0.952s] -- Configuring done
[0.953s] -- Generating done
[0.954s] -- Build files have been written to: /home/mjlinux/Downloads/book_ros2_wrs/build/pmb2_controller_configuration
[0.959s] Invoked command in '/home/mjlinux/Downloads/book_ros2_wrs/build/pmb2_controller_configuration' returned '0': CMAKE_PREFIX_PATH=/opt/ros/humble /usr/bin/cmake /home/mjlinux/Downloads/book_ros2_wrs/ThirdParty/pmb2_robot/pmb2_controller_configuration -DAMENT_CMAKE_SYMLINK_INSTALL=1 -DCMAKE_INSTALL_PREFIX=/home/mjlinux/Downloads/book_ros2_wrs/install/pmb2_controller_configuration
[0.960s] Invoking command in '/home/mjlinux/Downloads/book_ros2_wrs/build/pmb2_controller_configuration': CMAKE_PREFIX_PATH=/opt/ros/humble /usr/bin/cmake --build /home/mjlinux/Downloads/book_ros2_wrs/build/pmb2_controller_configuration -- -j4 -l4
[0.993s] Invoked command in '/home/mjlinux/Downloads/book_ros2_wrs/build/pmb2_controller_configuration' returned '0': CMAKE_PREFIX_PATH=/opt/ros/humble /usr/bin/cmake --build /home/mjlinux/Downloads/book_ros2_wrs/build/pmb2_controller_configuration -- -j4 -l4
[1.050s] Invoking command in '/home/mjlinux/Downloads/book_ros2_wrs/build/pmb2_controller_configuration': CMAKE_PREFIX_PATH=/opt/ros/humble /usr/bin/cmake --install /home/mjlinux/Downloads/book_ros2_wrs/build/pmb2_controller_configuration
[1.064s] -- Install configuration: ""
[1.064s] -- Execute custom install script
[1.064s] -- Symlinking: /home/mjlinux/Downloads/book_ros2_wrs/install/pmb2_controller_configuration/share/pmb2_controller_configuration/config/gazebo_controller_manager_cfg.yaml
[1.064s] -- Symlinking: /home/mjlinux/Downloads/book_ros2_wrs/install/pmb2_controller_configuration/share/pmb2_controller_configuration/config/joint_state_broadcaster.yaml
[1.072s] -- Symlinking: /home/mjlinux/Downloads/book_ros2_wrs/install/pmb2_controller_configuration/share/pmb2_controller_configuration/config/mobile_base_controller.yaml
[1.080s] -- Symlinking: /home/mjlinux/Downloads/book_ros2_wrs/install/pmb2_controller_configuration/share/pmb2_controller_configuration/launch/default_controllers.launch.py
[1.087s] -- Symlinking: /home/mjlinux/Downloads/book_ros2_wrs/install/pmb2_controller_configuration/share/pmb2_controller_configuration/launch/joint_state_broadcaster.launch.py
[1.094s] -- Symlinking: /home/mjlinux/Downloads/book_ros2_wrs/install/pmb2_controller_configuration/share/pmb2_controller_configuration/launch/mobile_base_controller.launch.py
[1.101s] -- Symlinking: /home/mjlinux/Downloads/book_ros2_wrs/install/pmb2_controller_configuration/share/ament_index/resource_index/package_run_dependencies/pmb2_controller_configuration
[1.108s] -- Symlinking: /home/mjlinux/Downloads/book_ros2_wrs/install/pmb2_controller_configuration/share/ament_index/resource_index/parent_prefix_path/pmb2_controller_configuration
[1.115s] -- Symlinking: /home/mjlinux/Downloads/book_ros2_wrs/install/pmb2_controller_configuration/share/pmb2_controller_configuration/environment/ament_prefix_path.sh
[1.142s] -- Symlinking: /home/mjlinux/Downloads/book_ros2_wrs/install/pmb2_controller_configuration/share/pmb2_controller_configuration/environment/ament_prefix_path.dsv
[1.147s] -- Symlinking: /home/mjlinux/Downloads/book_ros2_wrs/install/pmb2_controller_configuration/share/pmb2_controller_configuration/environment/path.sh
[1.155s] -- Symlinking: /home/mjlinux/Downloads/book_ros2_wrs/install/pmb2_controller_configuration/share/pmb2_controller_configuration/environment/path.dsv
[1.162s] -- Symlinking: /home/mjlinux/Downloads/book_ros2_wrs/install/pmb2_controller_configuration/share/pmb2_controller_configuration/local_setup.bash
[1.169s] -- Symlinking: /home/mjlinux/Downloads/book_ros2_wrs/install/pmb2_controller_configuration/share/pmb2_controller_configuration/local_setup.sh
[1.177s] -- Symlinking: /home/mjlinux/Downloads/book_ros2_wrs/install/pmb2_controller_configuration/share/pmb2_controller_configuration/local_setup.zsh
[1.184s] -- Symlinking: /home/mjlinux/Downloads/book_ros2_wrs/install/pmb2_controller_configuration/share/pmb2_controller_configuration/local_setup.dsv
[1.191s] -- Symlinking: /home/mjlinux/Downloads/book_ros2_wrs/install/pmb2_controller_configuration/share/pmb2_controller_configuration/package.dsv
[1.198s] -- Symlinking: /home/mjlinux/Downloads/book_ros2_wrs/install/pmb2_controller_configuration/share/ament_index/resource_index/packages/pmb2_controller_configuration
[1.206s] -- Symlinking: /home/mjlinux/Downloads/book_ros2_wrs/install/pmb2_controller_configuration/share/pmb2_controller_configuration/cmake/pmb2_controller_configurationConfig.cmake
[1.214s] -- Symlinking: /home/mjlinux/Downloads/book_ros2_wrs/install/pmb2_controller_configuration/share/pmb2_controller_configuration/cmake/pmb2_controller_configurationConfig-version.cmake
[1.221s] -- Symlinking: /home/mjlinux/Downloads/book_ros2_wrs/install/pmb2_controller_configuration/share/pmb2_controller_configuration/package.xml
[1.250s] Invoked command in '/home/mjlinux/Downloads/book_ros2_wrs/build/pmb2_controller_configuration' returned '0': CMAKE_PREFIX_PATH=/opt/ros/humble /usr/bin/cmake --install /home/mjlinux/Downloads/book_ros2_wrs/build/pmb2_controller_configuration
