[0.028s] Invoking command in '/home/mjlinux/Downloads/book_ros2_wrs/build/br2_vff_avoidance': CMAKE_PREFIX_PATH=${CMAKE_PREFIX_PATH}:/home/mjlinux/Downloads/book_ros2_wrs/install/launch_pal:/home/mjlinux/Downloads/book_ros2_wrs/install/br2_fsm_bumpgo_py:/opt/ros/humble /usr/bin/cmake --build /home/mjlinux/Downloads/book_ros2_wrs/build/br2_vff_avoidance -- -j4 -l4
[0.104s] [ 20%] Built target br2_vff_avoidance
[0.105s] [ 40%] Built target gtest_main
[0.117s] [ 60%] Built target gtest
[0.142s] [ 80%] Built target avoidance_vff
[0.163s] [100%] Built target vff_test
[0.175s] Invoked command in '/home/mjlinux/Downloads/book_ros2_wrs/build/br2_vff_avoidance' returned '0': CMAKE_PREFIX_PATH=${CMAKE_PREFIX_PATH}:/home/mjlinux/Downloads/book_ros2_wrs/install/launch_pal:/home/mjlinux/Downloads/book_ros2_wrs/install/br2_fsm_bumpgo_py:/opt/ros/humble /usr/bin/cmake --build /home/mjlinux/Downloads/book_ros2_wrs/build/br2_vff_avoidance -- -j4 -l4
[0.234s] Invoking command in '/home/mjlinux/Downloads/book_ros2_wrs/build/br2_vff_avoidance': CMAKE_PREFIX_PATH=${CMAKE_PREFIX_PATH}:/home/mjlinux/Downloads/book_ros2_wrs/install/launch_pal:/home/mjlinux/Downloads/book_ros2_wrs/install/br2_fsm_bumpgo_py:/opt/ros/humble /usr/bin/cmake --install /home/mjlinux/Downloads/book_ros2_wrs/build/br2_vff_avoidance
[0.244s] -- Install configuration: "Debug"
[0.245s] -- Execute custom install script
[0.245s] -- Up-to-date symlink: /home/mjlinux/Downloads/book_ros2_wrs/install/br2_vff_avoidance/lib/libbr2_vff_avoidance.so
[0.246s] -- Up-to-date symlink: /home/mjlinux/Downloads/book_ros2_wrs/install/br2_vff_avoidance/lib/br2_vff_avoidance/avoidance_vff
[0.246s] -- Up-to-date symlink: /home/mjlinux/Downloads/book_ros2_wrs/install/br2_vff_avoidance/share/br2_vff_avoidance/launch/avoidance_vff.launch.py
[0.246s] -- Up-to-date symlink: /home/mjlinux/Downloads/book_ros2_wrs/install/br2_vff_avoidance/share/ament_index/resource_index/package_run_dependencies/br2_vff_avoidance
[0.246s] -- Up-to-date symlink: /home/mjlinux/Downloads/book_ros2_wrs/install/br2_vff_avoidance/share/ament_index/resource_index/parent_prefix_path/br2_vff_avoidance
[0.246s] -- Up-to-date symlink: /home/mjlinux/Downloads/book_ros2_wrs/install/br2_vff_avoidance/share/br2_vff_avoidance/environment/ament_prefix_path.sh
[0.246s] -- Up-to-date symlink: /home/mjlinux/Downloads/book_ros2_wrs/install/br2_vff_avoidance/share/br2_vff_avoidance/environment/ament_prefix_path.dsv
[0.246s] -- Up-to-date symlink: /home/mjlinux/Downloads/book_ros2_wrs/install/br2_vff_avoidance/share/br2_vff_avoidance/environment/path.sh
[0.246s] -- Up-to-date symlink: /home/mjlinux/Downloads/book_ros2_wrs/install/br2_vff_avoidance/share/br2_vff_avoidance/environment/path.dsv
[0.246s] -- Up-to-date symlink: /home/mjlinux/Downloads/book_ros2_wrs/install/br2_vff_avoidance/share/br2_vff_avoidance/local_setup.bash
[0.247s] -- Up-to-date symlink: /home/mjlinux/Downloads/book_ros2_wrs/install/br2_vff_avoidance/share/br2_vff_avoidance/local_setup.sh
[0.247s] -- Up-to-date symlink: /home/mjlinux/Downloads/book_ros2_wrs/install/br2_vff_avoidance/share/br2_vff_avoidance/local_setup.zsh
[0.247s] -- Up-to-date symlink: /home/mjlinux/Downloads/book_ros2_wrs/install/br2_vff_avoidance/share/br2_vff_avoidance/local_setup.dsv
[0.247s] -- Symlinking: /home/mjlinux/Downloads/book_ros2_wrs/install/br2_vff_avoidance/share/br2_vff_avoidance/package.dsv
[0.256s] -- Up-to-date symlink: /home/mjlinux/Downloads/book_ros2_wrs/install/br2_vff_avoidance/share/ament_index/resource_index/packages/br2_vff_avoidance
[0.256s] -- Up-to-date symlink: /home/mjlinux/Downloads/book_ros2_wrs/install/br2_vff_avoidance/share/br2_vff_avoidance/cmake/ament_cmake_export_dependencies-extras.cmake
[0.256s] -- Up-to-date symlink: /home/mjlinux/Downloads/book_ros2_wrs/install/br2_vff_avoidance/share/br2_vff_avoidance/cmake/br2_vff_avoidanceConfig.cmake
[0.256s] -- Up-to-date symlink: /home/mjlinux/Downloads/book_ros2_wrs/install/br2_vff_avoidance/share/br2_vff_avoidance/cmake/br2_vff_avoidanceConfig-version.cmake
[0.256s] -- Up-to-date symlink: /home/mjlinux/Downloads/book_ros2_wrs/install/br2_vff_avoidance/share/br2_vff_avoidance/package.xml
[0.261s] Invoked command in '/home/mjlinux/Downloads/book_ros2_wrs/build/br2_vff_avoidance' returned '0': CMAKE_PREFIX_PATH=${CMAKE_PREFIX_PATH}:/home/mjlinux/Downloads/book_ros2_wrs/install/launch_pal:/home/mjlinux/Downloads/book_ros2_wrs/install/br2_fsm_bumpgo_py:/opt/ros/humble /usr/bin/cmake --install /home/mjlinux/Downloads/book_ros2_wrs/build/br2_vff_avoidance
