[0.018s] Invoking command in '/home/mjlinux/Downloads/book_ros2_wrs/build/br2_tracking_msgs': CMAKE_PREFIX_PATH=/opt/ros/humble /usr/bin/cmake /home/mjlinux/Downloads/book_ros2_wrs/book_ros2/br2_tracking_msgs -DAMENT_CMAKE_SYMLINK_INSTALL=1 -DCMAKE_INSTALL_PREFIX=/home/mjlinux/Downloads/book_ros2_wrs/install/br2_tracking_msgs
[0.096s] -- The C compiler identification is GNU 11.4.0
[0.157s] -- The CXX compiler identification is GNU 11.4.0
[0.164s] -- Detecting C compiler ABI info
[0.247s] -- Detecting C compiler ABI info - done
[0.254s] -- Check for working C compiler: /usr/bin/cc - skipped
[0.255s] -- Detecting C compile features
[0.255s] -- Detecting C compile features - done
[0.258s] -- Detecting CXX compiler ABI info
[0.340s] -- Detecting CXX compiler ABI info - done
[0.349s] -- Check for working CXX compiler: /usr/bin/c++ - skipped
[0.349s] -- Detecting CXX compile features
[0.349s] -- Detecting CXX compile features - done
[0.351s] -- Found ament_cmake: 1.3.5 (/opt/ros/humble/share/ament_cmake/cmake)
[0.483s] -- Found Python3: /usr/bin/python3.10 (found version "3.10.12") found components: Interpreter 
[0.544s] -- Override CMake install command with custom implementation using symlinks instead of copying resources
[0.567s] -- Found builtin_interfaces: 1.2.1 (/opt/ros/humble/share/builtin_interfaces/cmake)
[0.590s] -- Found rosidl_generator_c: 3.1.5 (/opt/ros/humble/share/rosidl_generator_c/cmake)
[0.595s] -- Found rosidl_adapter: 3.1.5 (/opt/ros/humble/share/rosidl_adapter/cmake)
[0.623s] -- Found rosidl_generator_cpp: 3.1.5 (/opt/ros/humble/share/rosidl_generator_cpp/cmake)
[0.632s] -- Using all available rosidl_typesupport_c: rosidl_typesupport_fastrtps_c;rosidl_typesupport_introspection_c
[0.647s] -- Using all available rosidl_typesupport_cpp: rosidl_typesupport_fastrtps_cpp;rosidl_typesupport_introspection_cpp
[0.663s] -- Found rosidl_default_generators: 1.2.0 (/opt/ros/humble/share/rosidl_default_generators/cmake)
[0.874s] -- Found ament_cmake_ros: 0.10.0 (/opt/ros/humble/share/ament_cmake_ros/cmake)
[1.152s] -- Using all available rosidl_typesupport_c: rosidl_typesupport_fastrtps_c;rosidl_typesupport_introspection_c
[1.267s] -- Using all available rosidl_typesupport_cpp: rosidl_typesupport_fastrtps_cpp;rosidl_typesupport_introspection_cpp
[1.283s] -- Found PythonInterp: /usr/bin/python3 (found suitable version "3.10.12", minimum required is "3.6") 
[1.284s] -- Found python_cmake_module: 0.10.0 (/opt/ros/humble/share/python_cmake_module/cmake)
[1.329s] -- Found PythonLibs: /usr/lib/aarch64-linux-gnu/libpython3.10.so (found suitable version "3.10.12", minimum required is "3.5") 
[1.329s] -- Using PYTHON_EXECUTABLE: /usr/bin/python3
[1.329s] -- Using PYTHON_INCLUDE_DIRS: /usr/include/python3.10
[1.329s] -- Using PYTHON_LIBRARIES: /usr/lib/aarch64-linux-gnu/libpython3.10.so
[1.344s] -- Found PythonExtra: .so  
[1.380s] -- Configuring done
[1.399s] -- Generating done
[1.401s] -- Build files have been written to: /home/mjlinux/Downloads/book_ros2_wrs/build/br2_tracking_msgs
[1.405s] Invoked command in '/home/mjlinux/Downloads/book_ros2_wrs/build/br2_tracking_msgs' returned '0': CMAKE_PREFIX_PATH=/opt/ros/humble /usr/bin/cmake /home/mjlinux/Downloads/book_ros2_wrs/book_ros2/br2_tracking_msgs -DAMENT_CMAKE_SYMLINK_INSTALL=1 -DCMAKE_INSTALL_PREFIX=/home/mjlinux/Downloads/book_ros2_wrs/install/br2_tracking_msgs
[1.412s] Invoking command in '/home/mjlinux/Downloads/book_ros2_wrs/build/br2_tracking_msgs': CMAKE_PREFIX_PATH=/opt/ros/humble /usr/bin/cmake --build /home/mjlinux/Downloads/book_ros2_wrs/build/br2_tracking_msgs -- -j4 -l4
[1.469s] [  3%] [34m[1mGenerating C code for ROS interfaces[0m
[1.494s] [  3%] Built target ament_cmake_python_symlink_br2_tracking_msgs
[1.530s] [  6%] [34m[1mGenerating C++ code for ROS interfaces[0m
[1.712s] [  6%] Built target br2_tracking_msgs__cpp
[1.736s] [  9%] [34m[1mGenerating C++ type support for eProsima Fast-RTPS[0m
[1.744s] [ 12%] [34m[1mGenerating C++ type support dispatch for ROS interfaces[0m
[1.750s] running egg_info
[1.751s] creating br2_tracking_msgs.egg-info
[1.751s] writing br2_tracking_msgs.egg-info/PKG-INFO
[1.751s] writing dependency_links to br2_tracking_msgs.egg-info/dependency_links.txt
[1.751s] writing top-level names to br2_tracking_msgs.egg-info/top_level.txt
[1.752s] writing manifest file 'br2_tracking_msgs.egg-info/SOURCES.txt'
[1.753s] reading manifest file 'br2_tracking_msgs.egg-info/SOURCES.txt'
[1.753s] writing manifest file 'br2_tracking_msgs.egg-info/SOURCES.txt'
[1.786s] [ 12%] Built target ament_cmake_python_build_br2_tracking_msgs_egg
[1.805s] [ 16%] [34m[1mGenerating C++ introspection for ROS interfaces[0m
[1.899s] [ 19%] [32mBuilding C object CMakeFiles/br2_tracking_msgs__rosidl_generator_c.dir/rosidl_generator_c/br2_tracking_msgs/msg/detail/pan_tilt_command__functions.c.o[0m
[2.049s] [ 22%] [32mBuilding CXX object CMakeFiles/br2_tracking_msgs__rosidl_typesupport_cpp.dir/rosidl_typesupport_cpp/br2_tracking_msgs/msg/pan_tilt_command__type_support.cpp.o[0m
[2.049s] [ 25%] [32m[1mLinking C shared library libbr2_tracking_msgs__rosidl_generator_c.so[0m
[2.055s] [ 29%] [32mBuilding CXX object CMakeFiles/br2_tracking_msgs__rosidl_typesupport_fastrtps_cpp.dir/rosidl_typesupport_fastrtps_cpp/br2_tracking_msgs/msg/detail/dds_fastrtps/pan_tilt_command__type_support.cpp.o[0m
[2.107s] [ 29%] Built target br2_tracking_msgs__rosidl_generator_c
[2.135s] [ 32%] [34m[1mGenerating C type support for eProsima Fast-RTPS[0m
[2.170s] [ 35%] [32mBuilding CXX object CMakeFiles/br2_tracking_msgs__rosidl_typesupport_introspection_cpp.dir/rosidl_typesupport_introspection_cpp/br2_tracking_msgs/msg/detail/pan_tilt_command__type_support.cpp.o[0m
[2.374s] [ 38%] [32mBuilding CXX object CMakeFiles/br2_tracking_msgs__rosidl_typesupport_fastrtps_c.dir/rosidl_typesupport_fastrtps_c/br2_tracking_msgs/msg/detail/pan_tilt_command__type_support_c.cpp.o[0m
[2.461s] [ 41%] [32m[1mLinking CXX shared library libbr2_tracking_msgs__rosidl_typesupport_cpp.so[0m
[2.564s] [ 45%] [32m[1mLinking CXX shared library libbr2_tracking_msgs__rosidl_typesupport_fastrtps_cpp.so[0m
[2.567s] [ 45%] Built target br2_tracking_msgs__rosidl_typesupport_cpp
[2.575s] [ 48%] [32m[1mLinking CXX shared library libbr2_tracking_msgs__rosidl_typesupport_introspection_cpp.so[0m
[2.583s] [ 51%] [34m[1mGenerating C introspection for ROS interfaces[0m
[2.653s] [ 51%] Built target br2_tracking_msgs__rosidl_typesupport_introspection_cpp
[2.676s] [ 54%] [34m[1mGenerating C type support dispatch for ROS interfaces[0m
[2.680s] [ 54%] Built target br2_tracking_msgs__rosidl_typesupport_fastrtps_cpp
[2.750s] [ 58%] [32m[1mLinking CXX shared library libbr2_tracking_msgs__rosidl_typesupport_fastrtps_c.so[0m
[2.834s] [ 61%] [32mBuilding C object CMakeFiles/br2_tracking_msgs__rosidl_typesupport_introspection_c.dir/rosidl_typesupport_introspection_c/br2_tracking_msgs/msg/detail/pan_tilt_command__type_support.c.o[0m
[2.838s] [ 61%] Built target br2_tracking_msgs__rosidl_typesupport_fastrtps_c
[2.881s] [ 64%] [32m[1mLinking C shared library libbr2_tracking_msgs__rosidl_typesupport_introspection_c.so[0m
[2.907s] [ 67%] [32mBuilding CXX object CMakeFiles/br2_tracking_msgs__rosidl_typesupport_c.dir/rosidl_typesupport_c/br2_tracking_msgs/msg/pan_tilt_command__type_support.cpp.o[0m
[2.937s] [ 67%] Built target br2_tracking_msgs__rosidl_typesupport_introspection_c
[2.965s] [ 70%] [32m[1mLinking CXX shared library libbr2_tracking_msgs__rosidl_typesupport_c.so[0m
[2.995s] [ 70%] Built target br2_tracking_msgs__rosidl_typesupport_c
[3.013s] [ 70%] Built target br2_tracking_msgs
[3.046s] [ 74%] [34m[1mGenerating Python code for ROS interfaces[0m
[3.298s] [ 74%] Built target br2_tracking_msgs__py
[3.317s] [ 77%] [32mBuilding C object CMakeFiles/br2_tracking_msgs__rosidl_generator_py.dir/rosidl_generator_py/br2_tracking_msgs/msg/_pan_tilt_command_s.c.o[0m
[3.482s] [ 80%] [32m[1mLinking C shared library rosidl_generator_py/br2_tracking_msgs/libbr2_tracking_msgs__rosidl_generator_py.so[0m
[3.513s] [ 80%] Built target br2_tracking_msgs__rosidl_generator_py
[3.552s] [ 83%] [32mBuilding C object CMakeFiles/br2_tracking_msgs__rosidl_typesupport_introspection_c__pyext.dir/rosidl_generator_py/br2_tracking_msgs/_br2_tracking_msgs_s.ep.rosidl_typesupport_introspection_c.c.o[0m
[3.553s] [ 87%] [32mBuilding C object CMakeFiles/br2_tracking_msgs__rosidl_typesupport_c__pyext.dir/rosidl_generator_py/br2_tracking_msgs/_br2_tracking_msgs_s.ep.rosidl_typesupport_c.c.o[0m
[3.576s] [ 90%] [32mBuilding C object CMakeFiles/br2_tracking_msgs__rosidl_typesupport_fastrtps_c__pyext.dir/rosidl_generator_py/br2_tracking_msgs/_br2_tracking_msgs_s.ep.rosidl_typesupport_fastrtps_c.c.o[0m
[3.641s] [ 93%] [32m[1mLinking C shared library rosidl_generator_py/br2_tracking_msgs/br2_tracking_msgs_s__rosidl_typesupport_introspection_c.cpython-310-aarch64-linux-gnu.so[0m
[3.659s] [ 96%] [32m[1mLinking C shared library rosidl_generator_py/br2_tracking_msgs/br2_tracking_msgs_s__rosidl_typesupport_c.cpython-310-aarch64-linux-gnu.so[0m
[3.677s] [100%] [32m[1mLinking C shared library rosidl_generator_py/br2_tracking_msgs/br2_tracking_msgs_s__rosidl_typesupport_fastrtps_c.cpython-310-aarch64-linux-gnu.so[0m
[3.691s] [100%] Built target br2_tracking_msgs__rosidl_typesupport_introspection_c__pyext
[3.694s] [100%] Built target br2_tracking_msgs__rosidl_typesupport_c__pyext
[3.716s] [100%] Built target br2_tracking_msgs__rosidl_typesupport_fastrtps_c__pyext
[3.736s] Invoked command in '/home/mjlinux/Downloads/book_ros2_wrs/build/br2_tracking_msgs' returned '0': CMAKE_PREFIX_PATH=/opt/ros/humble /usr/bin/cmake --build /home/mjlinux/Downloads/book_ros2_wrs/build/br2_tracking_msgs -- -j4 -l4
[3.809s] Invoking command in '/home/mjlinux/Downloads/book_ros2_wrs/build/br2_tracking_msgs': CMAKE_PREFIX_PATH=/opt/ros/humble /usr/bin/cmake --install /home/mjlinux/Downloads/book_ros2_wrs/build/br2_tracking_msgs
[3.817s] -- Install configuration: ""
[3.817s] -- Execute custom install script
[3.818s] -- Symlinking: /home/mjlinux/Downloads/book_ros2_wrs/install/br2_tracking_msgs/share/ament_index/resource_index/rosidl_interfaces/br2_tracking_msgs
[3.842s] -- Symlinking: /home/mjlinux/Downloads/book_ros2_wrs/install/br2_tracking_msgs/include/br2_tracking_msgs/br2_tracking_msgs/msg/detail/pan_tilt_command__functions.h
[3.850s] -- Symlinking: /home/mjlinux/Downloads/book_ros2_wrs/install/br2_tracking_msgs/include/br2_tracking_msgs/br2_tracking_msgs/msg/detail/pan_tilt_command__struct.h
[3.857s] -- Symlinking: /home/mjlinux/Downloads/book_ros2_wrs/install/br2_tracking_msgs/include/br2_tracking_msgs/br2_tracking_msgs/msg/detail/pan_tilt_command__type_support.h
[3.864s] -- Symlinking: /home/mjlinux/Downloads/book_ros2_wrs/install/br2_tracking_msgs/include/br2_tracking_msgs/br2_tracking_msgs/msg/pan_tilt_command.h
[3.872s] -- Symlinking: /home/mjlinux/Downloads/book_ros2_wrs/install/br2_tracking_msgs/include/br2_tracking_msgs/br2_tracking_msgs/msg/rosidl_generator_c__visibility_control.h
[3.880s] -- Symlinking: /home/mjlinux/Downloads/book_ros2_wrs/install/br2_tracking_msgs/share/br2_tracking_msgs/environment/library_path.sh
[3.891s] -- Symlinking: /home/mjlinux/Downloads/book_ros2_wrs/install/br2_tracking_msgs/share/br2_tracking_msgs/environment/library_path.dsv
[3.898s] -- Symlinking: /home/mjlinux/Downloads/book_ros2_wrs/install/br2_tracking_msgs/include/br2_tracking_msgs/br2_tracking_msgs/msg/detail/pan_tilt_command__rosidl_typesupport_fastrtps_c.h
[3.905s] -- Symlinking: /home/mjlinux/Downloads/book_ros2_wrs/install/br2_tracking_msgs/include/br2_tracking_msgs/br2_tracking_msgs/msg/rosidl_typesupport_fastrtps_c__visibility_control.h
[3.930s] -- Symlinking: /home/mjlinux/Downloads/book_ros2_wrs/install/br2_tracking_msgs/include/br2_tracking_msgs/br2_tracking_msgs/msg/detail/pan_tilt_command__builder.hpp
[3.939s] -- Symlinking: /home/mjlinux/Downloads/book_ros2_wrs/install/br2_tracking_msgs/include/br2_tracking_msgs/br2_tracking_msgs/msg/detail/pan_tilt_command__struct.hpp
[3.947s] -- Symlinking: /home/mjlinux/Downloads/book_ros2_wrs/install/br2_tracking_msgs/include/br2_tracking_msgs/br2_tracking_msgs/msg/detail/pan_tilt_command__traits.hpp
[3.954s] -- Symlinking: /home/mjlinux/Downloads/book_ros2_wrs/install/br2_tracking_msgs/include/br2_tracking_msgs/br2_tracking_msgs/msg/pan_tilt_command.hpp
[3.962s] -- Symlinking: /home/mjlinux/Downloads/book_ros2_wrs/install/br2_tracking_msgs/include/br2_tracking_msgs/br2_tracking_msgs/msg/detail/pan_tilt_command__rosidl_typesupport_fastrtps_cpp.hpp
[3.969s] -- Symlinking: /home/mjlinux/Downloads/book_ros2_wrs/install/br2_tracking_msgs/include/br2_tracking_msgs/br2_tracking_msgs/msg/rosidl_typesupport_fastrtps_cpp__visibility_control.h
[3.976s] -- Symlinking: /home/mjlinux/Downloads/book_ros2_wrs/install/br2_tracking_msgs/include/br2_tracking_msgs/br2_tracking_msgs/msg/detail/pan_tilt_command__rosidl_typesupport_introspection_c.h
[3.984s] -- Symlinking: /home/mjlinux/Downloads/book_ros2_wrs/install/br2_tracking_msgs/include/br2_tracking_msgs/br2_tracking_msgs/msg/rosidl_typesupport_introspection_c__visibility_control.h
[3.992s] -- Symlinking: /home/mjlinux/Downloads/book_ros2_wrs/install/br2_tracking_msgs/include/br2_tracking_msgs/br2_tracking_msgs/msg/detail/pan_tilt_command__rosidl_typesupport_introspection_cpp.hpp
[3.998s] -- Symlinking: /home/mjlinux/Downloads/book_ros2_wrs/install/br2_tracking_msgs/share/br2_tracking_msgs/environment/pythonpath.sh
[4.006s] -- Symlinking: /home/mjlinux/Downloads/book_ros2_wrs/install/br2_tracking_msgs/share/br2_tracking_msgs/environment/pythonpath.dsv
[4.037s] -- Symlinking: /home/mjlinux/Downloads/book_ros2_wrs/install/br2_tracking_msgs/local/lib/python3.10/dist-packages/br2_tracking_msgs-0.2.0-py3.10.egg-info/PKG-INFO
[4.045s] -- Symlinking: /home/mjlinux/Downloads/book_ros2_wrs/install/br2_tracking_msgs/local/lib/python3.10/dist-packages/br2_tracking_msgs-0.2.0-py3.10.egg-info/SOURCES.txt
[4.052s] -- Symlinking: /home/mjlinux/Downloads/book_ros2_wrs/install/br2_tracking_msgs/local/lib/python3.10/dist-packages/br2_tracking_msgs-0.2.0-py3.10.egg-info/dependency_links.txt
[4.059s] -- Symlinking: /home/mjlinux/Downloads/book_ros2_wrs/install/br2_tracking_msgs/local/lib/python3.10/dist-packages/br2_tracking_msgs-0.2.0-py3.10.egg-info/top_level.txt
[4.067s] -- Symlinking: /home/mjlinux/Downloads/book_ros2_wrs/install/br2_tracking_msgs/local/lib/python3.10/dist-packages/br2_tracking_msgs/__init__.py
[4.075s] -- Symlinking: /home/mjlinux/Downloads/book_ros2_wrs/install/br2_tracking_msgs/local/lib/python3.10/dist-packages/br2_tracking_msgs/_br2_tracking_msgs_s.ep.rosidl_typesupport_c.c
[4.082s] -- Symlinking: /home/mjlinux/Downloads/book_ros2_wrs/install/br2_tracking_msgs/local/lib/python3.10/dist-packages/br2_tracking_msgs/_br2_tracking_msgs_s.ep.rosidl_typesupport_fastrtps_c.c
[4.089s] -- Symlinking: /home/mjlinux/Downloads/book_ros2_wrs/install/br2_tracking_msgs/local/lib/python3.10/dist-packages/br2_tracking_msgs/_br2_tracking_msgs_s.ep.rosidl_typesupport_introspection_c.c
[4.101s] -- Symlinking: /home/mjlinux/Downloads/book_ros2_wrs/install/br2_tracking_msgs/local/lib/python3.10/dist-packages/br2_tracking_msgs/br2_tracking_msgs_s__rosidl_typesupport_c.cpython-310-aarch64-linux-gnu.so
[4.109s] -- Symlinking: /home/mjlinux/Downloads/book_ros2_wrs/install/br2_tracking_msgs/local/lib/python3.10/dist-packages/br2_tracking_msgs/br2_tracking_msgs_s__rosidl_typesupport_fastrtps_c.cpython-310-aarch64-linux-gnu.so
[4.116s] -- Symlinking: /home/mjlinux/Downloads/book_ros2_wrs/install/br2_tracking_msgs/local/lib/python3.10/dist-packages/br2_tracking_msgs/br2_tracking_msgs_s__rosidl_typesupport_introspection_c.cpython-310-aarch64-linux-gnu.so
[4.135s] -- Symlinking: /home/mjlinux/Downloads/book_ros2_wrs/install/br2_tracking_msgs/local/lib/python3.10/dist-packages/br2_tracking_msgs/libbr2_tracking_msgs__rosidl_generator_py.so
[4.147s] -- Symlinking: /home/mjlinux/Downloads/book_ros2_wrs/install/br2_tracking_msgs/local/lib/python3.10/dist-packages/br2_tracking_msgs/msg/__init__.py
[4.154s] -- Symlinking: /home/mjlinux/Downloads/book_ros2_wrs/install/br2_tracking_msgs/local/lib/python3.10/dist-packages/br2_tracking_msgs/msg/_pan_tilt_command.py
[4.162s] -- Symlinking: /home/mjlinux/Downloads/book_ros2_wrs/install/br2_tracking_msgs/local/lib/python3.10/dist-packages/br2_tracking_msgs/msg/_pan_tilt_command_s.c
[4.170s] -- Up-to-date symlink: /home/mjlinux/Downloads/book_ros2_wrs/install/br2_tracking_msgs/local/lib/python3.10/dist-packages/br2_tracking_msgs/br2_tracking_msgs_s__rosidl_typesupport_fastrtps_c.cpython-310-aarch64-linux-gnu.so
[4.170s] -- Up-to-date symlink: /home/mjlinux/Downloads/book_ros2_wrs/install/br2_tracking_msgs/local/lib/python3.10/dist-packages/br2_tracking_msgs/br2_tracking_msgs_s__rosidl_typesupport_introspection_c.cpython-310-aarch64-linux-gnu.so
[4.170s] -- Up-to-date symlink: /home/mjlinux/Downloads/book_ros2_wrs/install/br2_tracking_msgs/local/lib/python3.10/dist-packages/br2_tracking_msgs/br2_tracking_msgs_s__rosidl_typesupport_c.cpython-310-aarch64-linux-gnu.so
[4.170s] -- Symlinking: /home/mjlinux/Downloads/book_ros2_wrs/install/br2_tracking_msgs/share/br2_tracking_msgs/msg/PanTiltCommand.idl
[4.177s] -- Symlinking: /home/mjlinux/Downloads/book_ros2_wrs/install/br2_tracking_msgs/share/br2_tracking_msgs/msg/PanTiltCommand.msg
[4.185s] -- Symlinking: /home/mjlinux/Downloads/book_ros2_wrs/install/br2_tracking_msgs/share/ament_index/resource_index/package_run_dependencies/br2_tracking_msgs
[4.192s] -- Symlinking: /home/mjlinux/Downloads/book_ros2_wrs/install/br2_tracking_msgs/share/ament_index/resource_index/parent_prefix_path/br2_tracking_msgs
[4.200s] -- Symlinking: /home/mjlinux/Downloads/book_ros2_wrs/install/br2_tracking_msgs/share/br2_tracking_msgs/environment/ament_prefix_path.sh
[4.208s] -- Symlinking: /home/mjlinux/Downloads/book_ros2_wrs/install/br2_tracking_msgs/share/br2_tracking_msgs/environment/ament_prefix_path.dsv
[4.217s] -- Symlinking: /home/mjlinux/Downloads/book_ros2_wrs/install/br2_tracking_msgs/share/br2_tracking_msgs/environment/path.sh
[4.251s] -- Symlinking: /home/mjlinux/Downloads/book_ros2_wrs/install/br2_tracking_msgs/share/br2_tracking_msgs/environment/path.dsv
[4.258s] -- Symlinking: /home/mjlinux/Downloads/book_ros2_wrs/install/br2_tracking_msgs/share/br2_tracking_msgs/local_setup.bash
[4.266s] -- Symlinking: /home/mjlinux/Downloads/book_ros2_wrs/install/br2_tracking_msgs/share/br2_tracking_msgs/local_setup.sh
[4.273s] -- Symlinking: /home/mjlinux/Downloads/book_ros2_wrs/install/br2_tracking_msgs/share/br2_tracking_msgs/local_setup.zsh
[4.281s] -- Symlinking: /home/mjlinux/Downloads/book_ros2_wrs/install/br2_tracking_msgs/share/br2_tracking_msgs/local_setup.dsv
[4.294s] -- Symlinking: /home/mjlinux/Downloads/book_ros2_wrs/install/br2_tracking_msgs/share/br2_tracking_msgs/package.dsv
[4.297s] -- Symlinking: /home/mjlinux/Downloads/book_ros2_wrs/install/br2_tracking_msgs/share/ament_index/resource_index/packages/br2_tracking_msgs
[4.304s] -- Symlinking: /home/mjlinux/Downloads/book_ros2_wrs/install/br2_tracking_msgs/share/br2_tracking_msgs/cmake/rosidl_cmake-extras.cmake
[4.312s] -- Symlinking: /home/mjlinux/Downloads/book_ros2_wrs/install/br2_tracking_msgs/share/br2_tracking_msgs/cmake/ament_cmake_export_dependencies-extras.cmake
[4.334s] -- Symlinking: /home/mjlinux/Downloads/book_ros2_wrs/install/br2_tracking_msgs/share/br2_tracking_msgs/cmake/ament_cmake_export_include_directories-extras.cmake
[4.341s] -- Symlinking: /home/mjlinux/Downloads/book_ros2_wrs/install/br2_tracking_msgs/share/br2_tracking_msgs/cmake/ament_cmake_export_libraries-extras.cmake
[4.349s] -- Symlinking: /home/mjlinux/Downloads/book_ros2_wrs/install/br2_tracking_msgs/share/br2_tracking_msgs/cmake/ament_cmake_export_targets-extras.cmake
[4.360s] -- Symlinking: /home/mjlinux/Downloads/book_ros2_wrs/install/br2_tracking_msgs/share/br2_tracking_msgs/cmake/rosidl_cmake_export_typesupport_targets-extras.cmake
[4.376s] -- Symlinking: /home/mjlinux/Downloads/book_ros2_wrs/install/br2_tracking_msgs/share/br2_tracking_msgs/cmake/rosidl_cmake_export_typesupport_libraries-extras.cmake
[4.391s] -- Symlinking: /home/mjlinux/Downloads/book_ros2_wrs/install/br2_tracking_msgs/share/br2_tracking_msgs/cmake/br2_tracking_msgsConfig.cmake
[4.399s] -- Symlinking: /home/mjlinux/Downloads/book_ros2_wrs/install/br2_tracking_msgs/share/br2_tracking_msgs/cmake/br2_tracking_msgsConfig-version.cmake
[4.406s] -- Symlinking: /home/mjlinux/Downloads/book_ros2_wrs/install/br2_tracking_msgs/share/br2_tracking_msgs/package.xml
[4.415s] -- Installing: /home/mjlinux/Downloads/book_ros2_wrs/install/br2_tracking_msgs/lib/libbr2_tracking_msgs__rosidl_generator_c.so
[4.415s] -- Set runtime path of "/home/mjlinux/Downloads/book_ros2_wrs/install/br2_tracking_msgs/lib/libbr2_tracking_msgs__rosidl_generator_c.so" to ""
[4.415s] -- Installing: /home/mjlinux/Downloads/book_ros2_wrs/install/br2_tracking_msgs/lib/libbr2_tracking_msgs__rosidl_typesupport_fastrtps_c.so
[4.415s] -- Set runtime path of "/home/mjlinux/Downloads/book_ros2_wrs/install/br2_tracking_msgs/lib/libbr2_tracking_msgs__rosidl_typesupport_fastrtps_c.so" to ""
[4.415s] -- Installing: /home/mjlinux/Downloads/book_ros2_wrs/install/br2_tracking_msgs/lib/libbr2_tracking_msgs__rosidl_typesupport_fastrtps_cpp.so
[4.415s] -- Set runtime path of "/home/mjlinux/Downloads/book_ros2_wrs/install/br2_tracking_msgs/lib/libbr2_tracking_msgs__rosidl_typesupport_fastrtps_cpp.so" to ""
[4.415s] -- Installing: /home/mjlinux/Downloads/book_ros2_wrs/install/br2_tracking_msgs/lib/libbr2_tracking_msgs__rosidl_typesupport_introspection_c.so
[4.415s] -- Set runtime path of "/home/mjlinux/Downloads/book_ros2_wrs/install/br2_tracking_msgs/lib/libbr2_tracking_msgs__rosidl_typesupport_introspection_c.so" to ""
[4.415s] -- Installing: /home/mjlinux/Downloads/book_ros2_wrs/install/br2_tracking_msgs/lib/libbr2_tracking_msgs__rosidl_typesupport_c.so
[4.415s] -- Set runtime path of "/home/mjlinux/Downloads/book_ros2_wrs/install/br2_tracking_msgs/lib/libbr2_tracking_msgs__rosidl_typesupport_c.so" to ""
[4.415s] -- Installing: /home/mjlinux/Downloads/book_ros2_wrs/install/br2_tracking_msgs/lib/libbr2_tracking_msgs__rosidl_typesupport_introspection_cpp.so
[4.415s] -- Set runtime path of "/home/mjlinux/Downloads/book_ros2_wrs/install/br2_tracking_msgs/lib/libbr2_tracking_msgs__rosidl_typesupport_introspection_cpp.so" to ""
[4.415s] -- Installing: /home/mjlinux/Downloads/book_ros2_wrs/install/br2_tracking_msgs/lib/libbr2_tracking_msgs__rosidl_typesupport_cpp.so
[4.415s] -- Set runtime path of "/home/mjlinux/Downloads/book_ros2_wrs/install/br2_tracking_msgs/lib/libbr2_tracking_msgs__rosidl_typesupport_cpp.so" to ""
[4.455s] Listing '/home/mjlinux/Downloads/book_ros2_wrs/install/br2_tracking_msgs/local/lib/python3.10/dist-packages/br2_tracking_msgs'...
[4.455s] Compiling '/home/mjlinux/Downloads/book_ros2_wrs/install/br2_tracking_msgs/local/lib/python3.10/dist-packages/br2_tracking_msgs/__init__.py'...
[4.455s] Listing '/home/mjlinux/Downloads/book_ros2_wrs/install/br2_tracking_msgs/local/lib/python3.10/dist-packages/br2_tracking_msgs/msg'...
[4.455s] Compiling '/home/mjlinux/Downloads/book_ros2_wrs/install/br2_tracking_msgs/local/lib/python3.10/dist-packages/br2_tracking_msgs/msg/__init__.py'...
[4.455s] Compiling '/home/mjlinux/Downloads/book_ros2_wrs/install/br2_tracking_msgs/local/lib/python3.10/dist-packages/br2_tracking_msgs/msg/_pan_tilt_command.py'...
[4.459s] -- Installing: /home/mjlinux/Downloads/book_ros2_wrs/install/br2_tracking_msgs/lib/libbr2_tracking_msgs__rosidl_generator_py.so
[4.460s] -- Set runtime path of "/home/mjlinux/Downloads/book_ros2_wrs/install/br2_tracking_msgs/lib/libbr2_tracking_msgs__rosidl_generator_py.so" to ""
[4.460s] -- Installing: /home/mjlinux/Downloads/book_ros2_wrs/install/br2_tracking_msgs/share/br2_tracking_msgs/cmake/export_br2_tracking_msgs__rosidl_generator_cExport.cmake
[4.460s] -- Installing: /home/mjlinux/Downloads/book_ros2_wrs/install/br2_tracking_msgs/share/br2_tracking_msgs/cmake/export_br2_tracking_msgs__rosidl_generator_cExport-noconfig.cmake
[4.460s] -- Installing: /home/mjlinux/Downloads/book_ros2_wrs/install/br2_tracking_msgs/share/br2_tracking_msgs/cmake/export_br2_tracking_msgs__rosidl_typesupport_fastrtps_cExport.cmake
[4.460s] -- Installing: /home/mjlinux/Downloads/book_ros2_wrs/install/br2_tracking_msgs/share/br2_tracking_msgs/cmake/export_br2_tracking_msgs__rosidl_typesupport_fastrtps_cExport-noconfig.cmake
[4.460s] -- Installing: /home/mjlinux/Downloads/book_ros2_wrs/install/br2_tracking_msgs/share/br2_tracking_msgs/cmake/export_br2_tracking_msgs__rosidl_generator_cppExport.cmake
[4.460s] -- Installing: /home/mjlinux/Downloads/book_ros2_wrs/install/br2_tracking_msgs/share/br2_tracking_msgs/cmake/export_br2_tracking_msgs__rosidl_typesupport_fastrtps_cppExport.cmake
[4.460s] -- Installing: /home/mjlinux/Downloads/book_ros2_wrs/install/br2_tracking_msgs/share/br2_tracking_msgs/cmake/export_br2_tracking_msgs__rosidl_typesupport_fastrtps_cppExport-noconfig.cmake
[4.461s] -- Installing: /home/mjlinux/Downloads/book_ros2_wrs/install/br2_tracking_msgs/share/br2_tracking_msgs/cmake/br2_tracking_msgs__rosidl_typesupport_introspection_cExport.cmake
[4.461s] -- Installing: /home/mjlinux/Downloads/book_ros2_wrs/install/br2_tracking_msgs/share/br2_tracking_msgs/cmake/br2_tracking_msgs__rosidl_typesupport_introspection_cExport-noconfig.cmake
[4.461s] -- Installing: /home/mjlinux/Downloads/book_ros2_wrs/install/br2_tracking_msgs/share/br2_tracking_msgs/cmake/br2_tracking_msgs__rosidl_typesupport_cExport.cmake
[4.461s] -- Installing: /home/mjlinux/Downloads/book_ros2_wrs/install/br2_tracking_msgs/share/br2_tracking_msgs/cmake/br2_tracking_msgs__rosidl_typesupport_cExport-noconfig.cmake
[4.461s] -- Installing: /home/mjlinux/Downloads/book_ros2_wrs/install/br2_tracking_msgs/share/br2_tracking_msgs/cmake/br2_tracking_msgs__rosidl_typesupport_introspection_cppExport.cmake
[4.461s] -- Installing: /home/mjlinux/Downloads/book_ros2_wrs/install/br2_tracking_msgs/share/br2_tracking_msgs/cmake/br2_tracking_msgs__rosidl_typesupport_introspection_cppExport-noconfig.cmake
[4.461s] -- Installing: /home/mjlinux/Downloads/book_ros2_wrs/install/br2_tracking_msgs/share/br2_tracking_msgs/cmake/br2_tracking_msgs__rosidl_typesupport_cppExport.cmake
[4.461s] -- Installing: /home/mjlinux/Downloads/book_ros2_wrs/install/br2_tracking_msgs/share/br2_tracking_msgs/cmake/br2_tracking_msgs__rosidl_typesupport_cppExport-noconfig.cmake
[4.461s] -- Installing: /home/mjlinux/Downloads/book_ros2_wrs/install/br2_tracking_msgs/share/br2_tracking_msgs/cmake/export_br2_tracking_msgs__rosidl_generator_pyExport.cmake
[4.461s] -- Installing: /home/mjlinux/Downloads/book_ros2_wrs/install/br2_tracking_msgs/share/br2_tracking_msgs/cmake/export_br2_tracking_msgs__rosidl_generator_pyExport-noconfig.cmake
[4.467s] Invoked command in '/home/mjlinux/Downloads/book_ros2_wrs/build/br2_tracking_msgs' returned '0': CMAKE_PREFIX_PATH=/opt/ros/humble /usr/bin/cmake --install /home/mjlinux/Downloads/book_ros2_wrs/build/br2_tracking_msgs
