[0.475s] Invoking command in '/home/mjlinux/Downloads/book_ros2_wrs/build/pmb2_laser_sensors': CMAKE_PREFIX_PATH=${CMAKE_PREFIX_PATH}:/home/mjlinux/Downloads/book_ros2_wrs/install/launch_pal:/home/mjlinux/Downloads/book_ros2_wrs/install/br2_fsm_bumpgo_py:/opt/ros/humble CONDA_PROMPT_MODIFIER=(ros) /usr/bin/cmake --build /home/mjlinux/Downloads/book_ros2_wrs/build/pmb2_laser_sensors -- -j4 -l4
[0.538s] Invoked command in '/home/mjlinux/Downloads/book_ros2_wrs/build/pmb2_laser_sensors' returned '0': CMAKE_PREFIX_PATH=${CMAKE_PREFIX_PATH}:/home/mjlinux/Downloads/book_ros2_wrs/install/launch_pal:/home/mjlinux/Downloads/book_ros2_wrs/install/br2_fsm_bumpgo_py:/opt/ros/humble CONDA_PROMPT_MODIFIER=(ros) /usr/bin/cmake --build /home/mjlinux/Downloads/book_ros2_wrs/build/pmb2_laser_sensors -- -j4 -l4
[0.600s] Invoking command in '/home/mjlinux/Downloads/book_ros2_wrs/build/pmb2_laser_sensors': CMAKE_PREFIX_PATH=${CMAKE_PREFIX_PATH}:/home/mjlinux/Downloads/book_ros2_wrs/install/launch_pal:/home/mjlinux/Downloads/book_ros2_wrs/install/br2_fsm_bumpgo_py:/opt/ros/humble CONDA_PROMPT_MODIFIER=(ros) /usr/bin/cmake --install /home/mjlinux/Downloads/book_ros2_wrs/build/pmb2_laser_sensors
[0.608s] -- Install configuration: ""
[0.609s] -- Execute custom install script
[0.609s] -- Up-to-date symlink: /home/mjlinux/Downloads/book_ros2_wrs/install/pmb2_laser_sensors/share/pmb2_laser_sensors/config/sick-551_filter.yaml
[0.611s] -- Up-to-date symlink: /home/mjlinux/Downloads/book_ros2_wrs/install/pmb2_laser_sensors/share/pmb2_laser_sensors/config/sick-561_filter.yaml
[0.611s] -- Up-to-date symlink: /home/mjlinux/Downloads/book_ros2_wrs/install/pmb2_laser_sensors/share/pmb2_laser_sensors/config/sick-571_filter.yaml
[0.611s] -- Up-to-date symlink: /home/mjlinux/Downloads/book_ros2_wrs/install/pmb2_laser_sensors/share/pmb2_laser_sensors/config/sick_tim551_laser.yaml
[0.611s] -- Up-to-date symlink: /home/mjlinux/Downloads/book_ros2_wrs/install/pmb2_laser_sensors/share/pmb2_laser_sensors/config/sick_tim561_laser.yaml
[0.611s] -- Up-to-date symlink: /home/mjlinux/Downloads/book_ros2_wrs/install/pmb2_laser_sensors/share/pmb2_laser_sensors/config/sick_tim571_laser.yaml
[0.612s] -- Up-to-date symlink: /home/mjlinux/Downloads/book_ros2_wrs/install/pmb2_laser_sensors/share/pmb2_laser_sensors/launch/laser.launch.py
[0.612s] -- Up-to-date symlink: /home/mjlinux/Downloads/book_ros2_wrs/install/pmb2_laser_sensors/share/pmb2_laser_sensors/launch/laser_filters.launch.py
[0.612s] -- Up-to-date symlink: /home/mjlinux/Downloads/book_ros2_wrs/install/pmb2_laser_sensors/share/pmb2_laser_sensors/launch/sick-551_laser.launch.py
[0.612s] -- Up-to-date symlink: /home/mjlinux/Downloads/book_ros2_wrs/install/pmb2_laser_sensors/share/pmb2_laser_sensors/launch/sick-561_laser.launch.py
[0.612s] -- Up-to-date symlink: /home/mjlinux/Downloads/book_ros2_wrs/install/pmb2_laser_sensors/share/pmb2_laser_sensors/launch/sick-571_laser.launch.py
[0.612s] -- Up-to-date symlink: /home/mjlinux/Downloads/book_ros2_wrs/install/pmb2_laser_sensors/share/ament_index/resource_index/package_run_dependencies/pmb2_laser_sensors
[0.612s] -- Up-to-date symlink: /home/mjlinux/Downloads/book_ros2_wrs/install/pmb2_laser_sensors/share/ament_index/resource_index/parent_prefix_path/pmb2_laser_sensors
[0.612s] -- Up-to-date symlink: /home/mjlinux/Downloads/book_ros2_wrs/install/pmb2_laser_sensors/share/pmb2_laser_sensors/environment/ament_prefix_path.sh
[0.612s] -- Up-to-date symlink: /home/mjlinux/Downloads/book_ros2_wrs/install/pmb2_laser_sensors/share/pmb2_laser_sensors/environment/ament_prefix_path.dsv
[0.612s] -- Up-to-date symlink: /home/mjlinux/Downloads/book_ros2_wrs/install/pmb2_laser_sensors/share/pmb2_laser_sensors/environment/path.sh
[0.612s] -- Up-to-date symlink: /home/mjlinux/Downloads/book_ros2_wrs/install/pmb2_laser_sensors/share/pmb2_laser_sensors/environment/path.dsv
[0.612s] -- Up-to-date symlink: /home/mjlinux/Downloads/book_ros2_wrs/install/pmb2_laser_sensors/share/pmb2_laser_sensors/local_setup.bash
[0.612s] -- Up-to-date symlink: /home/mjlinux/Downloads/book_ros2_wrs/install/pmb2_laser_sensors/share/pmb2_laser_sensors/local_setup.sh
[0.612s] -- Up-to-date symlink: /home/mjlinux/Downloads/book_ros2_wrs/install/pmb2_laser_sensors/share/pmb2_laser_sensors/local_setup.zsh
[0.612s] -- Up-to-date symlink: /home/mjlinux/Downloads/book_ros2_wrs/install/pmb2_laser_sensors/share/pmb2_laser_sensors/local_setup.dsv
[0.612s] -- Symlinking: /home/mjlinux/Downloads/book_ros2_wrs/install/pmb2_laser_sensors/share/pmb2_laser_sensors/package.dsv
[0.625s] -- Up-to-date symlink: /home/mjlinux/Downloads/book_ros2_wrs/install/pmb2_laser_sensors/share/ament_index/resource_index/packages/pmb2_laser_sensors
[0.625s] -- Up-to-date symlink: /home/mjlinux/Downloads/book_ros2_wrs/install/pmb2_laser_sensors/share/pmb2_laser_sensors/cmake/pmb2_laser_sensorsConfig.cmake
[0.625s] -- Up-to-date symlink: /home/mjlinux/Downloads/book_ros2_wrs/install/pmb2_laser_sensors/share/pmb2_laser_sensors/cmake/pmb2_laser_sensorsConfig-version.cmake
[0.625s] -- Up-to-date symlink: /home/mjlinux/Downloads/book_ros2_wrs/install/pmb2_laser_sensors/share/pmb2_laser_sensors/package.xml
[0.644s] Invoked command in '/home/mjlinux/Downloads/book_ros2_wrs/build/pmb2_laser_sensors' returned '0': CMAKE_PREFIX_PATH=${CMAKE_PREFIX_PATH}:/home/mjlinux/Downloads/book_ros2_wrs/install/launch_pal:/home/mjlinux/Downloads/book_ros2_wrs/install/br2_fsm_bumpgo_py:/opt/ros/humble CONDA_PROMPT_MODIFIER=(ros) /usr/bin/cmake --install /home/mjlinux/Downloads/book_ros2_wrs/build/pmb2_laser_sensors
