[0.008s] Invoking command in '/home/mjlinux/Downloads/book_ros2_wrs/build/br2_tiago': CMAKE_PREFIX_PATH=${CMAKE_PREFIX_PATH}:/home/mjlinux/Downloads/book_ros2_wrs/install/launch_pal:/home/mjlinux/Downloads/book_ros2_wrs/install/br2_fsm_bumpgo_py:/opt/ros/humble /usr/bin/cmake --build /home/mjlinux/Downloads/book_ros2_wrs/build/br2_tiago -- -j4 -l4
[0.065s] Invoked command in '/home/mjlinux/Downloads/book_ros2_wrs/build/br2_tiago' returned '0': CMAKE_PREFIX_PATH=${CMAKE_PREFIX_PATH}:/home/mjlinux/Downloads/book_ros2_wrs/install/launch_pal:/home/mjlinux/Downloads/book_ros2_wrs/install/br2_fsm_bumpgo_py:/opt/ros/humble /usr/bin/cmake --build /home/mjlinux/Downloads/book_ros2_wrs/build/br2_tiago -- -j4 -l4
[0.107s] Invoking command in '/home/mjlinux/Downloads/book_ros2_wrs/build/br2_tiago': CMAKE_PREFIX_PATH=${CMAKE_PREFIX_PATH}:/home/mjlinux/Downloads/book_ros2_wrs/install/launch_pal:/home/mjlinux/Downloads/book_ros2_wrs/install/br2_fsm_bumpgo_py:/opt/ros/humble /usr/bin/cmake --install /home/mjlinux/Downloads/book_ros2_wrs/build/br2_tiago
[0.116s] -- Install configuration: ""
[0.116s] -- Execute custom install script
[0.116s] -- Up-to-date symlink: /home/mjlinux/Downloads/book_ros2_wrs/install/br2_tiago/share/br2_tiago/launch/sim.launch.py
[0.116s] -- Up-to-date symlink: /home/mjlinux/Downloads/book_ros2_wrs/install/br2_tiago/share/ament_index/resource_index/package_run_dependencies/br2_tiago
[0.117s] -- Up-to-date symlink: /home/mjlinux/Downloads/book_ros2_wrs/install/br2_tiago/share/ament_index/resource_index/parent_prefix_path/br2_tiago
[0.117s] -- Up-to-date symlink: /home/mjlinux/Downloads/book_ros2_wrs/install/br2_tiago/share/br2_tiago/environment/ament_prefix_path.sh
[0.117s] -- Up-to-date symlink: /home/mjlinux/Downloads/book_ros2_wrs/install/br2_tiago/share/br2_tiago/environment/ament_prefix_path.dsv
[0.117s] -- Up-to-date symlink: /home/mjlinux/Downloads/book_ros2_wrs/install/br2_tiago/share/br2_tiago/environment/path.sh
[0.117s] -- Up-to-date symlink: /home/mjlinux/Downloads/book_ros2_wrs/install/br2_tiago/share/br2_tiago/environment/path.dsv
[0.117s] -- Up-to-date symlink: /home/mjlinux/Downloads/book_ros2_wrs/install/br2_tiago/share/br2_tiago/local_setup.bash
[0.117s] -- Up-to-date symlink: /home/mjlinux/Downloads/book_ros2_wrs/install/br2_tiago/share/br2_tiago/local_setup.sh
[0.117s] -- Up-to-date symlink: /home/mjlinux/Downloads/book_ros2_wrs/install/br2_tiago/share/br2_tiago/local_setup.zsh
[0.117s] -- Up-to-date symlink: /home/mjlinux/Downloads/book_ros2_wrs/install/br2_tiago/share/br2_tiago/local_setup.dsv
[0.117s] -- Symlinking: /home/mjlinux/Downloads/book_ros2_wrs/install/br2_tiago/share/br2_tiago/package.dsv
[0.135s] -- Up-to-date symlink: /home/mjlinux/Downloads/book_ros2_wrs/install/br2_tiago/share/ament_index/resource_index/packages/br2_tiago
[0.135s] -- Up-to-date symlink: /home/mjlinux/Downloads/book_ros2_wrs/install/br2_tiago/share/br2_tiago/cmake/br2_tiagoConfig.cmake
[0.136s] -- Up-to-date symlink: /home/mjlinux/Downloads/book_ros2_wrs/install/br2_tiago/share/br2_tiago/cmake/br2_tiagoConfig-version.cmake
[0.136s] -- Up-to-date symlink: /home/mjlinux/Downloads/book_ros2_wrs/install/br2_tiago/share/br2_tiago/package.xml
[0.153s] Invoked command in '/home/mjlinux/Downloads/book_ros2_wrs/build/br2_tiago' returned '0': CMAKE_PREFIX_PATH=${CMAKE_PREFIX_PATH}:/home/mjlinux/Downloads/book_ros2_wrs/install/launch_pal:/home/mjlinux/Downloads/book_ros2_wrs/install/br2_fsm_bumpgo_py:/opt/ros/humble /usr/bin/cmake --install /home/mjlinux/Downloads/book_ros2_wrs/build/br2_tiago
