[0.076s] Invoking command in '/home/mjlinux/Downloads/book_ros2_wrs/build/br2_vff_avoidance': CMAKE_PREFIX_PATH=${CMAKE_PREFIX_PATH}:/home/mjlinux/Downloads/book_ros2_wrs/install/launch_pal:/home/mjlinux/Downloads/book_ros2_wrs/install/br2_fsm_bumpgo_py:/opt/ros/humble CONDA_PROMPT_MODIFIER=(ros) /usr/bin/cmake --build /home/mjlinux/Downloads/book_ros2_wrs/build/br2_vff_avoidance -- -j4 -l4
[0.264s] [ 20%] Built target gtest
[0.272s] [ 40%] Built target br2_vff_avoidance
[0.283s] [ 60%] Built target gtest_main
[0.318s] [ 80%] Built target avoidance_vff
[0.324s] [100%] Built target vff_test
[0.427s] Invoked command in '/home/mjlinux/Downloads/book_ros2_wrs/build/br2_vff_avoidance' returned '0': CMAKE_PREFIX_PATH=${CMAKE_PREFIX_PATH}:/home/mjlinux/Downloads/book_ros2_wrs/install/launch_pal:/home/mjlinux/Downloads/book_ros2_wrs/install/br2_fsm_bumpgo_py:/opt/ros/humble CONDA_PROMPT_MODIFIER=(ros) /usr/bin/cmake --build /home/mjlinux/Downloads/book_ros2_wrs/build/br2_vff_avoidance -- -j4 -l4
[0.612s] Invoking command in '/home/mjlinux/Downloads/book_ros2_wrs/build/br2_vff_avoidance': CMAKE_PREFIX_PATH=${CMAKE_PREFIX_PATH}:/home/mjlinux/Downloads/book_ros2_wrs/install/launch_pal:/home/mjlinux/Downloads/book_ros2_wrs/install/br2_fsm_bumpgo_py:/opt/ros/humble CONDA_PROMPT_MODIFIER=(ros) /usr/bin/cmake --install /home/mjlinux/Downloads/book_ros2_wrs/build/br2_vff_avoidance
[0.617s] -- Install configuration: "Debug"
[0.618s] -- Execute custom install script
[0.618s] -- Up-to-date symlink: /home/mjlinux/Downloads/book_ros2_wrs/install/br2_vff_avoidance/lib/libbr2_vff_avoidance.so
[0.619s] -- Up-to-date symlink: /home/mjlinux/Downloads/book_ros2_wrs/install/br2_vff_avoidance/lib/br2_vff_avoidance/avoidance_vff
[0.619s] -- Up-to-date symlink: /home/mjlinux/Downloads/book_ros2_wrs/install/br2_vff_avoidance/share/br2_vff_avoidance/launch/avoidance_vff.launch.py
[0.619s] -- Up-to-date symlink: /home/mjlinux/Downloads/book_ros2_wrs/install/br2_vff_avoidance/share/ament_index/resource_index/package_run_dependencies/br2_vff_avoidance
[0.619s] -- Up-to-date symlink: /home/mjlinux/Downloads/book_ros2_wrs/install/br2_vff_avoidance/share/ament_index/resource_index/parent_prefix_path/br2_vff_avoidance
[0.619s] -- Up-to-date symlink: /home/mjlinux/Downloads/book_ros2_wrs/install/br2_vff_avoidance/share/br2_vff_avoidance/environment/ament_prefix_path.sh
[0.619s] -- Up-to-date symlink: /home/mjlinux/Downloads/book_ros2_wrs/install/br2_vff_avoidance/share/br2_vff_avoidance/environment/ament_prefix_path.dsv
[0.619s] -- Up-to-date symlink: /home/mjlinux/Downloads/book_ros2_wrs/install/br2_vff_avoidance/share/br2_vff_avoidance/environment/path.sh
[0.619s] -- Up-to-date symlink: /home/mjlinux/Downloads/book_ros2_wrs/install/br2_vff_avoidance/share/br2_vff_avoidance/environment/path.dsv
[0.619s] -- Up-to-date symlink: /home/mjlinux/Downloads/book_ros2_wrs/install/br2_vff_avoidance/share/br2_vff_avoidance/local_setup.bash
[0.619s] -- Up-to-date symlink: /home/mjlinux/Downloads/book_ros2_wrs/install/br2_vff_avoidance/share/br2_vff_avoidance/local_setup.sh
[0.619s] -- Up-to-date symlink: /home/mjlinux/Downloads/book_ros2_wrs/install/br2_vff_avoidance/share/br2_vff_avoidance/local_setup.zsh
[0.620s] -- Up-to-date symlink: /home/mjlinux/Downloads/book_ros2_wrs/install/br2_vff_avoidance/share/br2_vff_avoidance/local_setup.dsv
[0.620s] -- Symlinking: /home/mjlinux/Downloads/book_ros2_wrs/install/br2_vff_avoidance/share/br2_vff_avoidance/package.dsv
[0.629s] -- Up-to-date symlink: /home/mjlinux/Downloads/book_ros2_wrs/install/br2_vff_avoidance/share/ament_index/resource_index/packages/br2_vff_avoidance
[0.629s] -- Up-to-date symlink: /home/mjlinux/Downloads/book_ros2_wrs/install/br2_vff_avoidance/share/br2_vff_avoidance/cmake/ament_cmake_export_dependencies-extras.cmake
[0.629s] -- Up-to-date symlink: /home/mjlinux/Downloads/book_ros2_wrs/install/br2_vff_avoidance/share/br2_vff_avoidance/cmake/br2_vff_avoidanceConfig.cmake
[0.629s] -- Up-to-date symlink: /home/mjlinux/Downloads/book_ros2_wrs/install/br2_vff_avoidance/share/br2_vff_avoidance/cmake/br2_vff_avoidanceConfig-version.cmake
[0.629s] -- Up-to-date symlink: /home/mjlinux/Downloads/book_ros2_wrs/install/br2_vff_avoidance/share/br2_vff_avoidance/package.xml
[0.663s] Invoked command in '/home/mjlinux/Downloads/book_ros2_wrs/build/br2_vff_avoidance' returned '0': CMAKE_PREFIX_PATH=${CMAKE_PREFIX_PATH}:/home/mjlinux/Downloads/book_ros2_wrs/install/launch_pal:/home/mjlinux/Downloads/book_ros2_wrs/install/br2_fsm_bumpgo_py:/opt/ros/humble CONDA_PROMPT_MODIFIER=(ros) /usr/bin/cmake --install /home/mjlinux/Downloads/book_ros2_wrs/build/br2_vff_avoidance
