[0.070s] Invoking command in '/home/mjlinux/Downloads/book_ros2_wrs/build/tiago_bringup': AMENT_PREFIX_PATH=/home/mjlinux/Downloads/book_ros2_wrs/install/tiago_description:/home/mjlinux/Downloads/book_ros2_wrs/install/tiago_controller_configuration:/home/mjlinux/Downloads/book_ros2_wrs/install/pmb2_description:/home/mjlinux/Downloads/book_ros2_wrs/install/pal_gripper_description:/home/mjlinux/Downloads/book_ros2_wrs/install/pmb2_controller_configuration:/home/mjlinux/Downloads/book_ros2_wrs/install/pal_gripper_controller_configuration:/home/mjlinux/Downloads/book_ros2_wrs/install/launch_pal:/home/mjlinux/Downloads/book_ros2_wrs/install/hey5_description:${AMENT_PREFIX_PATH} CMAKE_PREFIX_PATH=/home/mjlinux/Downloads/book_ros2_wrs/install/tiago_description:/home/mjlinux/Downloads/book_ros2_wrs/install/tiago_controller_configuration:/home/mjlinux/Downloads/book_ros2_wrs/install/pmb2_description:/home/mjlinux/Downloads/book_ros2_wrs/install/pal_gripper_description:/home/mjlinux/Downloads/book_ros2_wrs/install/pmb2_controller_configuration:/home/mjlinux/Downloads/book_ros2_wrs/install/pal_gripper_controller_configuration:/home/mjlinux/Downloads/book_ros2_wrs/install/hey5_description:/opt/ros/humble PYTHONPATH=/home/mjlinux/Downloads/book_ros2_wrs/install/tiago_description/local/lib/python3.10/dist-packages:/home/mjlinux/Downloads/book_ros2_wrs/install/pmb2_description/local/lib/python3.10/dist-packages:/home/mjlinux/Downloads/book_ros2_wrs/build/launch_pal:/home/mjlinux/Downloads/book_ros2_wrs/install/launch_pal/lib/python3.10/site-packages:${PYTHONPATH} /usr/bin/cmake /home/mjlinux/Downloads/book_ros2_wrs/ThirdParty/tiago_robot/tiago_bringup -DAMENT_CMAKE_SYMLINK_INSTALL=1 -DCMAKE_INSTALL_PREFIX=/home/mjlinux/Downloads/book_ros2_wrs/install/tiago_bringup
[0.150s] -- The C compiler identification is GNU 11.4.0
[0.191s] -- The CXX compiler identification is GNU 11.4.0
[0.196s] -- Detecting C compiler ABI info
[0.268s] -- Detecting C compiler ABI info - done
[0.274s] -- Check for working C compiler: /usr/bin/cc - skipped
[0.274s] -- Detecting C compile features
[0.275s] -- Detecting C compile features - done
[0.277s] -- Detecting CXX compiler ABI info
[0.365s] -- Detecting CXX compiler ABI info - done
[0.370s] -- Check for working CXX compiler: /usr/bin/c++ - skipped
[0.371s] -- Detecting CXX compile features
[0.371s] -- Detecting CXX compile features - done
[0.373s] -- Found ament_cmake_auto: 1.3.5 (/opt/ros/humble/share/ament_cmake_auto/cmake)
[0.505s] -- Found Python3: /usr/bin/python3.10 (found version "3.10.12") found components: Interpreter 
[0.574s] -- Override CMake install command with custom implementation using symlinks instead of copying resources
[0.645s] -- Found ament_lint_auto: 0.12.7 (/opt/ros/humble/share/ament_lint_auto/cmake)
[0.661s] -- Added test 'copyright' to check source files copyright and LICENSE
[0.664s] -- Added test 'flake8' to check Python code syntax and style conventions
[0.665s] -- Added test 'lint_cmake' to check CMake code style
[0.666s] -- Added test 'pep257' to check Python code against some of the docstring style conventions in PEP 257
[0.668s] -- Added test 'xmllint' to check XML markup files
[0.669s] -- Configuring done
[0.671s] -- Generating done
[0.672s] -- Build files have been written to: /home/mjlinux/Downloads/book_ros2_wrs/build/tiago_bringup
[0.677s] Invoked command in '/home/mjlinux/Downloads/book_ros2_wrs/build/tiago_bringup' returned '0': AMENT_PREFIX_PATH=/home/mjlinux/Downloads/book_ros2_wrs/install/tiago_description:/home/mjlinux/Downloads/book_ros2_wrs/install/tiago_controller_configuration:/home/mjlinux/Downloads/book_ros2_wrs/install/pmb2_description:/home/mjlinux/Downloads/book_ros2_wrs/install/pal_gripper_description:/home/mjlinux/Downloads/book_ros2_wrs/install/pmb2_controller_configuration:/home/mjlinux/Downloads/book_ros2_wrs/install/pal_gripper_controller_configuration:/home/mjlinux/Downloads/book_ros2_wrs/install/launch_pal:/home/mjlinux/Downloads/book_ros2_wrs/install/hey5_description:${AMENT_PREFIX_PATH} CMAKE_PREFIX_PATH=/home/mjlinux/Downloads/book_ros2_wrs/install/tiago_description:/home/mjlinux/Downloads/book_ros2_wrs/install/tiago_controller_configuration:/home/mjlinux/Downloads/book_ros2_wrs/install/pmb2_description:/home/mjlinux/Downloads/book_ros2_wrs/install/pal_gripper_description:/home/mjlinux/Downloads/book_ros2_wrs/install/pmb2_controller_configuration:/home/mjlinux/Downloads/book_ros2_wrs/install/pal_gripper_controller_configuration:/home/mjlinux/Downloads/book_ros2_wrs/install/hey5_description:/opt/ros/humble PYTHONPATH=/home/mjlinux/Downloads/book_ros2_wrs/install/tiago_description/local/lib/python3.10/dist-packages:/home/mjlinux/Downloads/book_ros2_wrs/install/pmb2_description/local/lib/python3.10/dist-packages:/home/mjlinux/Downloads/book_ros2_wrs/build/launch_pal:/home/mjlinux/Downloads/book_ros2_wrs/install/launch_pal/lib/python3.10/site-packages:${PYTHONPATH} /usr/bin/cmake /home/mjlinux/Downloads/book_ros2_wrs/ThirdParty/tiago_robot/tiago_bringup -DAMENT_CMAKE_SYMLINK_INSTALL=1 -DCMAKE_INSTALL_PREFIX=/home/mjlinux/Downloads/book_ros2_wrs/install/tiago_bringup
[0.677s] Invoking command in '/home/mjlinux/Downloads/book_ros2_wrs/build/tiago_bringup': AMENT_PREFIX_PATH=/home/mjlinux/Downloads/book_ros2_wrs/install/tiago_description:/home/mjlinux/Downloads/book_ros2_wrs/install/tiago_controller_configuration:/home/mjlinux/Downloads/book_ros2_wrs/install/pmb2_description:/home/mjlinux/Downloads/book_ros2_wrs/install/pal_gripper_description:/home/mjlinux/Downloads/book_ros2_wrs/install/pmb2_controller_configuration:/home/mjlinux/Downloads/book_ros2_wrs/install/pal_gripper_controller_configuration:/home/mjlinux/Downloads/book_ros2_wrs/install/launch_pal:/home/mjlinux/Downloads/book_ros2_wrs/install/hey5_description:${AMENT_PREFIX_PATH} CMAKE_PREFIX_PATH=/home/mjlinux/Downloads/book_ros2_wrs/install/tiago_description:/home/mjlinux/Downloads/book_ros2_wrs/install/tiago_controller_configuration:/home/mjlinux/Downloads/book_ros2_wrs/install/pmb2_description:/home/mjlinux/Downloads/book_ros2_wrs/install/pal_gripper_description:/home/mjlinux/Downloads/book_ros2_wrs/install/pmb2_controller_configuration:/home/mjlinux/Downloads/book_ros2_wrs/install/pal_gripper_controller_configuration:/home/mjlinux/Downloads/book_ros2_wrs/install/hey5_description:/opt/ros/humble PYTHONPATH=/home/mjlinux/Downloads/book_ros2_wrs/install/tiago_description/local/lib/python3.10/dist-packages:/home/mjlinux/Downloads/book_ros2_wrs/install/pmb2_description/local/lib/python3.10/dist-packages:/home/mjlinux/Downloads/book_ros2_wrs/build/launch_pal:/home/mjlinux/Downloads/book_ros2_wrs/install/launch_pal/lib/python3.10/site-packages:${PYTHONPATH} /usr/bin/cmake --build /home/mjlinux/Downloads/book_ros2_wrs/build/tiago_bringup -- -j4 -l4
[0.711s] Invoked command in '/home/mjlinux/Downloads/book_ros2_wrs/build/tiago_bringup' returned '0': AMENT_PREFIX_PATH=/home/mjlinux/Downloads/book_ros2_wrs/install/tiago_description:/home/mjlinux/Downloads/book_ros2_wrs/install/tiago_controller_configuration:/home/mjlinux/Downloads/book_ros2_wrs/install/pmb2_description:/home/mjlinux/Downloads/book_ros2_wrs/install/pal_gripper_description:/home/mjlinux/Downloads/book_ros2_wrs/install/pmb2_controller_configuration:/home/mjlinux/Downloads/book_ros2_wrs/install/pal_gripper_controller_configuration:/home/mjlinux/Downloads/book_ros2_wrs/install/launch_pal:/home/mjlinux/Downloads/book_ros2_wrs/install/hey5_description:${AMENT_PREFIX_PATH} CMAKE_PREFIX_PATH=/home/mjlinux/Downloads/book_ros2_wrs/install/tiago_description:/home/mjlinux/Downloads/book_ros2_wrs/install/tiago_controller_configuration:/home/mjlinux/Downloads/book_ros2_wrs/install/pmb2_description:/home/mjlinux/Downloads/book_ros2_wrs/install/pal_gripper_description:/home/mjlinux/Downloads/book_ros2_wrs/install/pmb2_controller_configuration:/home/mjlinux/Downloads/book_ros2_wrs/install/pal_gripper_controller_configuration:/home/mjlinux/Downloads/book_ros2_wrs/install/hey5_description:/opt/ros/humble PYTHONPATH=/home/mjlinux/Downloads/book_ros2_wrs/install/tiago_description/local/lib/python3.10/dist-packages:/home/mjlinux/Downloads/book_ros2_wrs/install/pmb2_description/local/lib/python3.10/dist-packages:/home/mjlinux/Downloads/book_ros2_wrs/build/launch_pal:/home/mjlinux/Downloads/book_ros2_wrs/install/launch_pal/lib/python3.10/site-packages:${PYTHONPATH} /usr/bin/cmake --build /home/mjlinux/Downloads/book_ros2_wrs/build/tiago_bringup -- -j4 -l4
[0.743s] Invoking command in '/home/mjlinux/Downloads/book_ros2_wrs/build/tiago_bringup': AMENT_PREFIX_PATH=/home/mjlinux/Downloads/book_ros2_wrs/install/tiago_description:/home/mjlinux/Downloads/book_ros2_wrs/install/tiago_controller_configuration:/home/mjlinux/Downloads/book_ros2_wrs/install/pmb2_description:/home/mjlinux/Downloads/book_ros2_wrs/install/pal_gripper_description:/home/mjlinux/Downloads/book_ros2_wrs/install/pmb2_controller_configuration:/home/mjlinux/Downloads/book_ros2_wrs/install/pal_gripper_controller_configuration:/home/mjlinux/Downloads/book_ros2_wrs/install/launch_pal:/home/mjlinux/Downloads/book_ros2_wrs/install/hey5_description:${AMENT_PREFIX_PATH} CMAKE_PREFIX_PATH=/home/mjlinux/Downloads/book_ros2_wrs/install/tiago_description:/home/mjlinux/Downloads/book_ros2_wrs/install/tiago_controller_configuration:/home/mjlinux/Downloads/book_ros2_wrs/install/pmb2_description:/home/mjlinux/Downloads/book_ros2_wrs/install/pal_gripper_description:/home/mjlinux/Downloads/book_ros2_wrs/install/pmb2_controller_configuration:/home/mjlinux/Downloads/book_ros2_wrs/install/pal_gripper_controller_configuration:/home/mjlinux/Downloads/book_ros2_wrs/install/hey5_description:/opt/ros/humble PYTHONPATH=/home/mjlinux/Downloads/book_ros2_wrs/install/tiago_description/local/lib/python3.10/dist-packages:/home/mjlinux/Downloads/book_ros2_wrs/install/pmb2_description/local/lib/python3.10/dist-packages:/home/mjlinux/Downloads/book_ros2_wrs/build/launch_pal:/home/mjlinux/Downloads/book_ros2_wrs/install/launch_pal/lib/python3.10/site-packages:${PYTHONPATH} /usr/bin/cmake --install /home/mjlinux/Downloads/book_ros2_wrs/build/tiago_bringup
[0.750s] -- Install configuration: ""
[0.750s] -- Execute custom install script
[0.750s] -- Symlinking: /home/mjlinux/Downloads/book_ros2_wrs/install/tiago_bringup/lib/tiago_bringup/regen_em_file.py
[0.759s] -- Symlinking: /home/mjlinux/Downloads/book_ros2_wrs/install/tiago_bringup/share/tiago_bringup/config/approach_planner/approach_planner.yaml.em
[0.767s] -- Symlinking: /home/mjlinux/Downloads/book_ros2_wrs/install/tiago_bringup/share/tiago_bringup/config/approach_planner/approach_planner_no-arm.yaml
[0.787s] -- Symlinking: /home/mjlinux/Downloads/book_ros2_wrs/install/tiago_bringup/share/tiago_bringup/config/approach_planner/approach_planner_no-end-effector.yaml
[0.797s] -- Symlinking: /home/mjlinux/Downloads/book_ros2_wrs/install/tiago_bringup/share/tiago_bringup/config/approach_planner/approach_planner_no-end-effector_schunk-ft.yaml
[0.805s] -- Symlinking: /home/mjlinux/Downloads/book_ros2_wrs/install/tiago_bringup/share/tiago_bringup/config/approach_planner/approach_planner_pal-gripper.yaml
[0.813s] -- Symlinking: /home/mjlinux/Downloads/book_ros2_wrs/install/tiago_bringup/share/tiago_bringup/config/approach_planner/approach_planner_pal-gripper_schunk-ft.yaml
[0.820s] -- Symlinking: /home/mjlinux/Downloads/book_ros2_wrs/install/tiago_bringup/share/tiago_bringup/config/approach_planner/approach_planner_pal-hey5.yaml
[0.852s] -- Symlinking: /home/mjlinux/Downloads/book_ros2_wrs/install/tiago_bringup/share/tiago_bringup/config/approach_planner/approach_planner_pal-hey5_schunk-ft.yaml
[0.862s] -- Symlinking: /home/mjlinux/Downloads/book_ros2_wrs/install/tiago_bringup/share/tiago_bringup/config/dynamic_footprint_arm.yaml
[0.870s] -- Symlinking: /home/mjlinux/Downloads/book_ros2_wrs/install/tiago_bringup/share/tiago_bringup/config/dynamic_footprint_arm_pal-gripper.yaml
[0.884s] -- Symlinking: /home/mjlinux/Downloads/book_ros2_wrs/install/tiago_bringup/share/tiago_bringup/config/dynamic_footprint_arm_pal-hey5.yaml
[0.894s] -- Symlinking: /home/mjlinux/Downloads/book_ros2_wrs/install/tiago_bringup/share/tiago_bringup/config/dynamic_footprint_no-arm.yaml
[0.910s] -- Symlinking: /home/mjlinux/Downloads/book_ros2_wrs/install/tiago_bringup/share/tiago_bringup/config/dynamixel_head.yaml
[0.924s] -- Symlinking: /home/mjlinux/Downloads/book_ros2_wrs/install/tiago_bringup/share/tiago_bringup/config/joy_teleop/joy_config.yaml
[0.943s] -- Symlinking: /home/mjlinux/Downloads/book_ros2_wrs/install/tiago_bringup/share/tiago_bringup/config/joy_teleop/joy_teleop.yaml.em
[0.951s] -- Symlinking: /home/mjlinux/Downloads/book_ros2_wrs/install/tiago_bringup/share/tiago_bringup/config/joy_teleop/joy_teleop_no-arm.yaml
[0.961s] -- Symlinking: /home/mjlinux/Downloads/book_ros2_wrs/install/tiago_bringup/share/tiago_bringup/config/joy_teleop/joy_teleop_no-end-effector.yaml
[0.969s] -- Symlinking: /home/mjlinux/Downloads/book_ros2_wrs/install/tiago_bringup/share/tiago_bringup/config/joy_teleop/joy_teleop_no-end-effector_schunk-ft.yaml
[0.978s] -- Symlinking: /home/mjlinux/Downloads/book_ros2_wrs/install/tiago_bringup/share/tiago_bringup/config/joy_teleop/joy_teleop_pal-gripper.yaml
[0.986s] -- Symlinking: /home/mjlinux/Downloads/book_ros2_wrs/install/tiago_bringup/share/tiago_bringup/config/joy_teleop/joy_teleop_pal-gripper_schunk-ft.yaml
[0.994s] -- Symlinking: /home/mjlinux/Downloads/book_ros2_wrs/install/tiago_bringup/share/tiago_bringup/config/joy_teleop/joy_teleop_pal-hey5.yaml
[1.001s] -- Symlinking: /home/mjlinux/Downloads/book_ros2_wrs/install/tiago_bringup/share/tiago_bringup/config/joy_teleop/joy_teleop_pal-hey5_schunk-ft.yaml
[1.008s] -- Symlinking: /home/mjlinux/Downloads/book_ros2_wrs/install/tiago_bringup/share/tiago_bringup/config/motions/tiago_motions.yaml.em
[1.016s] -- Symlinking: /home/mjlinux/Downloads/book_ros2_wrs/install/tiago_bringup/share/tiago_bringup/config/motions/tiago_motions_no-arm.yaml
[1.023s] -- Symlinking: /home/mjlinux/Downloads/book_ros2_wrs/install/tiago_bringup/share/tiago_bringup/config/motions/tiago_motions_no-end-effector.yaml
[1.043s] -- Symlinking: /home/mjlinux/Downloads/book_ros2_wrs/install/tiago_bringup/share/tiago_bringup/config/motions/tiago_motions_no-end-effector_schunk-ft.yaml
[1.052s] -- Symlinking: /home/mjlinux/Downloads/book_ros2_wrs/install/tiago_bringup/share/tiago_bringup/config/motions/tiago_motions_pal-gripper.yaml
[1.060s] -- Symlinking: /home/mjlinux/Downloads/book_ros2_wrs/install/tiago_bringup/share/tiago_bringup/config/motions/tiago_motions_pal-gripper_schunk-ft.yaml
[1.068s] -- Symlinking: /home/mjlinux/Downloads/book_ros2_wrs/install/tiago_bringup/share/tiago_bringup/config/motions/tiago_motions_pal-hey5.yaml
[1.076s] -- Symlinking: /home/mjlinux/Downloads/book_ros2_wrs/install/tiago_bringup/share/tiago_bringup/config/motions/tiago_motions_pal-hey5_schunk-ft.yaml
[1.084s] -- Symlinking: /home/mjlinux/Downloads/book_ros2_wrs/install/tiago_bringup/share/tiago_bringup/config/sensor_to_cloud/sonar_to_cloud.yaml
[1.092s] -- Symlinking: /home/mjlinux/Downloads/book_ros2_wrs/install/tiago_bringup/share/tiago_bringup/config/tiago.rviz
[1.106s] -- Symlinking: /home/mjlinux/Downloads/book_ros2_wrs/install/tiago_bringup/share/tiago_bringup/config/tiago_hardware/tiago_hardware.yaml.em
[1.113s] -- Symlinking: /home/mjlinux/Downloads/book_ros2_wrs/install/tiago_bringup/share/tiago_bringup/config/tiago_hardware/tiago_hardware_no-arm.yaml
[1.137s] -- Symlinking: /home/mjlinux/Downloads/book_ros2_wrs/install/tiago_bringup/share/tiago_bringup/config/tiago_hardware/tiago_hardware_no-end-effector.yaml
[1.144s] -- Symlinking: /home/mjlinux/Downloads/book_ros2_wrs/install/tiago_bringup/share/tiago_bringup/config/tiago_hardware/tiago_hardware_no-end-effector_schunk-ft.yaml
[1.156s] -- Symlinking: /home/mjlinux/Downloads/book_ros2_wrs/install/tiago_bringup/share/tiago_bringup/config/tiago_hardware/tiago_hardware_pal-gripper.yaml
[1.164s] -- Symlinking: /home/mjlinux/Downloads/book_ros2_wrs/install/tiago_bringup/share/tiago_bringup/config/tiago_hardware/tiago_hardware_pal-gripper_schunk-ft.yaml
[1.171s] -- Symlinking: /home/mjlinux/Downloads/book_ros2_wrs/install/tiago_bringup/share/tiago_bringup/config/tiago_hardware/tiago_hardware_pal-hey5.yaml
[1.179s] -- Symlinking: /home/mjlinux/Downloads/book_ros2_wrs/install/tiago_bringup/share/tiago_bringup/config/tiago_hardware/tiago_hardware_pal-hey5_schunk-ft.yaml
[1.187s] -- Symlinking: /home/mjlinux/Downloads/book_ros2_wrs/install/tiago_bringup/share/tiago_bringup/config/tiago_soften_values.yaml
[1.197s] -- Symlinking: /home/mjlinux/Downloads/book_ros2_wrs/install/tiago_bringup/share/tiago_bringup/config/twist_mux/joystick.yaml
[1.205s] -- Symlinking: /home/mjlinux/Downloads/book_ros2_wrs/install/tiago_bringup/share/tiago_bringup/config/twist_mux/twist_mux_locks.yaml
[1.212s] -- Symlinking: /home/mjlinux/Downloads/book_ros2_wrs/install/tiago_bringup/share/tiago_bringup/config/twist_mux/twist_mux_topics.yaml
[1.220s] -- Symlinking: /home/mjlinux/Downloads/book_ros2_wrs/install/tiago_bringup/share/tiago_bringup/launch/joystick_teleop.launch.py
[1.228s] -- Symlinking: /home/mjlinux/Downloads/book_ros2_wrs/install/tiago_bringup/share/tiago_bringup/launch/tiago_bringup.launch.py
[1.254s] -- Symlinking: /home/mjlinux/Downloads/book_ros2_wrs/install/tiago_bringup/share/tiago_bringup/launch/tiago_play_motion2.launch.py
[1.262s] -- Symlinking: /home/mjlinux/Downloads/book_ros2_wrs/install/tiago_bringup/share/tiago_bringup/launch/twist_mux.launch.py
[1.278s] -- Symlinking: /home/mjlinux/Downloads/book_ros2_wrs/install/tiago_bringup/share/ament_index/resource_index/package_run_dependencies/tiago_bringup
[1.296s] -- Symlinking: /home/mjlinux/Downloads/book_ros2_wrs/install/tiago_bringup/share/ament_index/resource_index/parent_prefix_path/tiago_bringup
[1.305s] -- Symlinking: /home/mjlinux/Downloads/book_ros2_wrs/install/tiago_bringup/share/tiago_bringup/environment/ament_prefix_path.sh
[1.313s] -- Symlinking: /home/mjlinux/Downloads/book_ros2_wrs/install/tiago_bringup/share/tiago_bringup/environment/ament_prefix_path.dsv
[1.330s] -- Symlinking: /home/mjlinux/Downloads/book_ros2_wrs/install/tiago_bringup/share/tiago_bringup/environment/path.sh
[1.367s] -- Symlinking: /home/mjlinux/Downloads/book_ros2_wrs/install/tiago_bringup/share/tiago_bringup/environment/path.dsv
[1.404s] -- Symlinking: /home/mjlinux/Downloads/book_ros2_wrs/install/tiago_bringup/share/tiago_bringup/local_setup.bash
[1.439s] -- Symlinking: /home/mjlinux/Downloads/book_ros2_wrs/install/tiago_bringup/share/tiago_bringup/local_setup.sh
[1.495s] -- Symlinking: /home/mjlinux/Downloads/book_ros2_wrs/install/tiago_bringup/share/tiago_bringup/local_setup.zsh
[1.518s] -- Symlinking: /home/mjlinux/Downloads/book_ros2_wrs/install/tiago_bringup/share/tiago_bringup/local_setup.dsv
[1.557s] -- Symlinking: /home/mjlinux/Downloads/book_ros2_wrs/install/tiago_bringup/share/tiago_bringup/package.dsv
[1.585s] -- Symlinking: /home/mjlinux/Downloads/book_ros2_wrs/install/tiago_bringup/share/ament_index/resource_index/packages/tiago_bringup
[1.599s] -- Symlinking: /home/mjlinux/Downloads/book_ros2_wrs/install/tiago_bringup/share/tiago_bringup/cmake/tiago_bringupConfig.cmake
[1.624s] -- Symlinking: /home/mjlinux/Downloads/book_ros2_wrs/install/tiago_bringup/share/tiago_bringup/cmake/tiago_bringupConfig-version.cmake
[1.674s] -- Symlinking: /home/mjlinux/Downloads/book_ros2_wrs/install/tiago_bringup/share/tiago_bringup/package.xml
[1.719s] Invoked command in '/home/mjlinux/Downloads/book_ros2_wrs/build/tiago_bringup' returned '0': AMENT_PREFIX_PATH=/home/mjlinux/Downloads/book_ros2_wrs/install/tiago_description:/home/mjlinux/Downloads/book_ros2_wrs/install/tiago_controller_configuration:/home/mjlinux/Downloads/book_ros2_wrs/install/pmb2_description:/home/mjlinux/Downloads/book_ros2_wrs/install/pal_gripper_description:/home/mjlinux/Downloads/book_ros2_wrs/install/pmb2_controller_configuration:/home/mjlinux/Downloads/book_ros2_wrs/install/pal_gripper_controller_configuration:/home/mjlinux/Downloads/book_ros2_wrs/install/launch_pal:/home/mjlinux/Downloads/book_ros2_wrs/install/hey5_description:${AMENT_PREFIX_PATH} CMAKE_PREFIX_PATH=/home/mjlinux/Downloads/book_ros2_wrs/install/tiago_description:/home/mjlinux/Downloads/book_ros2_wrs/install/tiago_controller_configuration:/home/mjlinux/Downloads/book_ros2_wrs/install/pmb2_description:/home/mjlinux/Downloads/book_ros2_wrs/install/pal_gripper_description:/home/mjlinux/Downloads/book_ros2_wrs/install/pmb2_controller_configuration:/home/mjlinux/Downloads/book_ros2_wrs/install/pal_gripper_controller_configuration:/home/mjlinux/Downloads/book_ros2_wrs/install/hey5_description:/opt/ros/humble PYTHONPATH=/home/mjlinux/Downloads/book_ros2_wrs/install/tiago_description/local/lib/python3.10/dist-packages:/home/mjlinux/Downloads/book_ros2_wrs/install/pmb2_description/local/lib/python3.10/dist-packages:/home/mjlinux/Downloads/book_ros2_wrs/build/launch_pal:/home/mjlinux/Downloads/book_ros2_wrs/install/launch_pal/lib/python3.10/site-packages:${PYTHONPATH} /usr/bin/cmake --install /home/mjlinux/Downloads/book_ros2_wrs/build/tiago_bringup
