[0.070s] Invoking command in '/home/mjlinux/Downloads/book_ros2_wrs/build/br2_tracking': AMENT_PREFIX_PATH=/home/mjlinux/Downloads/book_ros2_wrs/install/br2_tracking_msgs:${AMENT_PREFIX_PATH} CMAKE_PREFIX_PATH=/home/mjlinux/Downloads/book_ros2_wrs/install/br2_tracking_msgs:/opt/ros/humble LD_LIBRARY_PATH=/home/mjlinux/Downloads/book_ros2_wrs/install/br2_tracking_msgs/lib:${LD_LIBRARY_PATH} PYTHONPATH=/home/mjlinux/Downloads/book_ros2_wrs/install/br2_tracking_msgs/local/lib/python3.10/dist-packages:${PYTHONPATH} /usr/bin/cmake /home/mjlinux/Downloads/book_ros2_wrs/book_ros2/br2_tracking -DAMENT_CMAKE_SYMLINK_INSTALL=1 -DCMAKE_INSTALL_PREFIX=/home/mjlinux/Downloads/book_ros2_wrs/install/br2_tracking
[0.121s] -- The C compiler identification is GNU 11.4.0
[0.191s] -- The CXX compiler identification is GNU 11.4.0
[0.198s] -- Detecting C compiler ABI info
[0.290s] -- Detecting C compiler ABI info - done
[0.296s] -- Check for working C compiler: /usr/bin/cc - skipped
[0.296s] -- Detecting C compile features
[0.296s] -- Detecting C compile features - done
[0.298s] -- Detecting CXX compiler ABI info
[0.401s] -- Detecting CXX compiler ABI info - done
[0.406s] -- Check for working CXX compiler: /usr/bin/c++ - skipped
[0.407s] -- Detecting CXX compile features
[0.407s] -- Detecting CXX compile features - done
[0.409s] -- Found ament_cmake: 1.3.5 (/opt/ros/humble/share/ament_cmake/cmake)
[0.551s] -- Found Python3: /usr/bin/python3.10 (found version "3.10.12") found components: Interpreter 
[0.609s] -- Override CMake install command with custom implementation using symlinks instead of copying resources
[0.634s] -- Found rclcpp: 16.0.5 (/opt/ros/humble/share/rclcpp/cmake)
[0.715s] -- Found rosidl_generator_c: 3.1.5 (/opt/ros/humble/share/rosidl_generator_c/cmake)
[0.723s] -- Found rosidl_adapter: 3.1.5 (/opt/ros/humble/share/rosidl_adapter/cmake)
[0.738s] -- Found rosidl_generator_cpp: 3.1.5 (/opt/ros/humble/share/rosidl_generator_cpp/cmake)
[0.755s] -- Using all available rosidl_typesupport_c: rosidl_typesupport_fastrtps_c;rosidl_typesupport_introspection_c
[0.795s] -- Using all available rosidl_typesupport_cpp: rosidl_typesupport_fastrtps_cpp;rosidl_typesupport_introspection_cpp
[0.892s] -- Found rmw_implementation_cmake: 6.1.1 (/opt/ros/humble/share/rmw_implementation_cmake/cmake)
[0.896s] -- Found rmw_fastrtps_cpp: 6.2.3 (/opt/ros/humble/share/rmw_fastrtps_cpp/cmake)
[1.026s] -- Found OpenSSL: /usr/lib/aarch64-linux-gnu/libcrypto.so (found version "3.0.2")  
[1.050s] -- Found FastRTPS: /opt/ros/humble/include  
[1.102s] -- Using RMW implementation 'rmw_fastrtps_cpp' as default
[1.114s] -- Looking for pthread.h
[1.208s] -- Looking for pthread.h - found
[1.208s] -- Performing Test CMAKE_HAVE_LIBC_PTHREAD
[1.288s] -- Performing Test CMAKE_HAVE_LIBC_PTHREAD - Success
[1.288s] -- Found Threads: TRUE  
[1.486s] -- Found rclcpp_lifecycle: 16.0.5 (/opt/ros/humble/share/rclcpp_lifecycle/cmake)
[1.532s] -- Found br2_tracking_msgs: 0.2.0 (/home/mjlinux/Downloads/book_ros2_wrs/install/br2_tracking_msgs/share/br2_tracking_msgs/cmake)
[1.576s] -- Found sensor_msgs: 4.2.3 (/opt/ros/humble/share/sensor_msgs/cmake)
[1.710s] [31mCMake Error at CMakeLists.txt:13 (find_package):
[1.711s]   By not providing "Findvision_msgs.cmake" in CMAKE_MODULE_PATH this project
[1.711s]   has asked CMake to find a package configuration file provided by
[1.711s]   "vision_msgs", but CMake did not find one.
[1.711s] 
[1.711s]   Could not find a package configuration file provided by "vision_msgs" with
[1.711s]   any of the following names:
[1.711s] 
[1.711s]     vision_msgsConfig.cmake
[1.711s]     vision_msgs-config.cmake
[1.711s] 
[1.711s]   Add the installation prefix of "vision_msgs" to CMAKE_PREFIX_PATH or set
[1.711s]   "vision_msgs_DIR" to a directory containing one of the above files.  If
[1.711s]   "vision_msgs" provides a separate development package or SDK, be sure it
[1.711s]   has been installed.
[1.711s] 
[1.711s] [0m
[1.711s] -- Configuring incomplete, errors occurred!
[1.711s] See also "/home/mjlinux/Downloads/book_ros2_wrs/build/br2_tracking/CMakeFiles/CMakeOutput.log".
