[0.079s] Invoking command in '/home/mjlinux/Downloads/book_ros2_wrs/build/br2_basics': CMAKE_PREFIX_PATH=${CMAKE_PREFIX_PATH}:/home/mjlinux/Downloads/book_ros2_wrs/install/launch_pal:/home/mjlinux/Downloads/book_ros2_wrs/install/br2_fsm_bumpgo_py:/opt/ros/humble CONDA_PROMPT_MODIFIER=(ros) /usr/bin/cmake --build /home/mjlinux/Downloads/book_ros2_wrs/build/br2_basics -- -j4 -l4
[0.198s] -- Found ament_cmake: 1.3.5 (/opt/ros/humble/share/ament_cmake/cmake)
[0.498s] -- Override CMake install command with custom implementation using symlinks instead of copying resources
[0.560s] -- Found rclcpp: 16.0.5 (/opt/ros/humble/share/rclcpp/cmake)
[0.684s] -- Found rosidl_generator_c: 3.1.5 (/opt/ros/humble/share/rosidl_generator_c/cmake)
[0.689s] -- Found rosidl_adapter: 3.1.5 (/opt/ros/humble/share/rosidl_adapter/cmake)
[0.759s] -- Found rosidl_generator_cpp: 3.1.5 (/opt/ros/humble/share/rosidl_generator_cpp/cmake)
[0.801s] -- Using all available rosidl_typesupport_c: rosidl_typesupport_fastrtps_c;rosidl_typesupport_introspection_c
[0.856s] -- Using all available rosidl_typesupport_cpp: rosidl_typesupport_fastrtps_cpp;rosidl_typesupport_introspection_cpp
[1.026s] -- Found rmw_implementation_cmake: 6.1.1 (/opt/ros/humble/share/rmw_implementation_cmake/cmake)
[1.036s] -- Found rmw_fastrtps_cpp: 6.2.3 (/opt/ros/humble/share/rmw_fastrtps_cpp/cmake)
[1.313s] -- Using RMW implementation 'rmw_fastrtps_cpp' as default
[1.604s] [31mCMake Error at /opt/ros/humble/share/ament_cmake_core/cmake/symlink_install/ament_cmake_symlink_install_targets.cmake:67 (message):
[1.604s]   ament_cmake_symlink_install_targets() 'logger_class' is not a target
[1.604s] Call Stack (most recent call first):
[1.604s]   /opt/ros/humble/share/ament_cmake_core/cmake/symlink_install/install.cmake:37 (ament_cmake_symlink_install_targets)
[1.604s]   CMakeLists.txt:34 (install)
[1.604s] 
[1.604s] [0m
[1.611s] -- Configuring incomplete, errors occurred!
[1.611s] See also "/home/mjlinux/Downloads/book_ros2_wrs/build/br2_basics/CMakeFiles/CMakeOutput.log".
[1.612s] gmake: *** [Makefile:513: cmake_check_build_system] Error 1
[1.625s] Invoked command in '/home/mjlinux/Downloads/book_ros2_wrs/build/br2_basics' returned '2': CMAKE_PREFIX_PATH=${CMAKE_PREFIX_PATH}:/home/mjlinux/Downloads/book_ros2_wrs/install/launch_pal:/home/mjlinux/Downloads/book_ros2_wrs/install/br2_fsm_bumpgo_py:/opt/ros/humble CONDA_PROMPT_MODIFIER=(ros) /usr/bin/cmake --build /home/mjlinux/Downloads/book_ros2_wrs/build/br2_basics -- -j4 -l4
