[0.158s] Invoking command in '/home/mjlinux/Downloads/book_ros2_wrs/build/pal_gripper_controller_configuration': CMAKE_PREFIX_PATH=/opt/ros/humble /usr/bin/cmake --build /home/mjlinux/Downloads/book_ros2_wrs/build/pal_gripper_controller_configuration -- -j4 -l4
[0.198s] Invoked command in '/home/mjlinux/Downloads/book_ros2_wrs/build/pal_gripper_controller_configuration' returned '0': CMAKE_PREFIX_PATH=/opt/ros/humble /usr/bin/cmake --build /home/mjlinux/Downloads/book_ros2_wrs/build/pal_gripper_controller_configuration -- -j4 -l4
[0.226s] Invoking command in '/home/mjlinux/Downloads/book_ros2_wrs/build/pal_gripper_controller_configuration': CMAKE_PREFIX_PATH=/opt/ros/humble /usr/bin/cmake --install /home/mjlinux/Downloads/book_ros2_wrs/build/pal_gripper_controller_configuration
[0.238s] -- Install configuration: ""
[0.238s] -- Execute custom install script
[0.239s] -- Up-to-date symlink: /home/mjlinux/Downloads/book_ros2_wrs/install/pal_gripper_controller_configuration/share/pal_gripper_controller_configuration/config/current_limit_controllers.yaml
[0.239s] -- Up-to-date symlink: /home/mjlinux/Downloads/book_ros2_wrs/install/pal_gripper_controller_configuration/share/pal_gripper_controller_configuration/config/current_limit_controllers_left.yaml
[0.239s] -- Up-to-date symlink: /home/mjlinux/Downloads/book_ros2_wrs/install/pal_gripper_controller_configuration/share/pal_gripper_controller_configuration/config/current_limit_controllers_right.yaml
[0.239s] -- Up-to-date symlink: /home/mjlinux/Downloads/book_ros2_wrs/install/pal_gripper_controller_configuration/share/pal_gripper_controller_configuration/config/gripper_controller.yaml
[0.239s] -- Up-to-date symlink: /home/mjlinux/Downloads/book_ros2_wrs/install/pal_gripper_controller_configuration/share/pal_gripper_controller_configuration/config/joint_trajectory_controllers.yaml
[0.239s] -- Up-to-date symlink: /home/mjlinux/Downloads/book_ros2_wrs/install/pal_gripper_controller_configuration/share/pal_gripper_controller_configuration/config/pids.yaml
[0.239s] -- Up-to-date symlink: /home/mjlinux/Downloads/book_ros2_wrs/install/pal_gripper_controller_configuration/share/pal_gripper_controller_configuration/launch/current_limit_controllers.launch
[0.239s] -- Up-to-date symlink: /home/mjlinux/Downloads/book_ros2_wrs/install/pal_gripper_controller_configuration/share/pal_gripper_controller_configuration/launch/gripper_controller.launch
[0.240s] -- Up-to-date symlink: /home/mjlinux/Downloads/book_ros2_wrs/install/pal_gripper_controller_configuration/share/ament_index/resource_index/package_run_dependencies/pal_gripper_controller_configuration
[0.240s] -- Up-to-date symlink: /home/mjlinux/Downloads/book_ros2_wrs/install/pal_gripper_controller_configuration/share/ament_index/resource_index/parent_prefix_path/pal_gripper_controller_configuration
[0.240s] -- Up-to-date symlink: /home/mjlinux/Downloads/book_ros2_wrs/install/pal_gripper_controller_configuration/share/pal_gripper_controller_configuration/environment/ament_prefix_path.sh
[0.240s] -- Up-to-date symlink: /home/mjlinux/Downloads/book_ros2_wrs/install/pal_gripper_controller_configuration/share/pal_gripper_controller_configuration/environment/ament_prefix_path.dsv
[0.240s] -- Up-to-date symlink: /home/mjlinux/Downloads/book_ros2_wrs/install/pal_gripper_controller_configuration/share/pal_gripper_controller_configuration/environment/path.sh
[0.240s] -- Up-to-date symlink: /home/mjlinux/Downloads/book_ros2_wrs/install/pal_gripper_controller_configuration/share/pal_gripper_controller_configuration/environment/path.dsv
[0.240s] -- Up-to-date symlink: /home/mjlinux/Downloads/book_ros2_wrs/install/pal_gripper_controller_configuration/share/pal_gripper_controller_configuration/local_setup.bash
[0.241s] -- Up-to-date symlink: /home/mjlinux/Downloads/book_ros2_wrs/install/pal_gripper_controller_configuration/share/pal_gripper_controller_configuration/local_setup.sh
[0.241s] -- Up-to-date symlink: /home/mjlinux/Downloads/book_ros2_wrs/install/pal_gripper_controller_configuration/share/pal_gripper_controller_configuration/local_setup.zsh
[0.241s] -- Up-to-date symlink: /home/mjlinux/Downloads/book_ros2_wrs/install/pal_gripper_controller_configuration/share/pal_gripper_controller_configuration/local_setup.dsv
[0.241s] -- Symlinking: /home/mjlinux/Downloads/book_ros2_wrs/install/pal_gripper_controller_configuration/share/pal_gripper_controller_configuration/package.dsv
[0.254s] -- Up-to-date symlink: /home/mjlinux/Downloads/book_ros2_wrs/install/pal_gripper_controller_configuration/share/ament_index/resource_index/packages/pal_gripper_controller_configuration
[0.254s] -- Up-to-date symlink: /home/mjlinux/Downloads/book_ros2_wrs/install/pal_gripper_controller_configuration/share/pal_gripper_controller_configuration/cmake/pal_gripper_controller_configurationConfig.cmake
[0.254s] -- Up-to-date symlink: /home/mjlinux/Downloads/book_ros2_wrs/install/pal_gripper_controller_configuration/share/pal_gripper_controller_configuration/cmake/pal_gripper_controller_configurationConfig-version.cmake
[0.254s] -- Up-to-date symlink: /home/mjlinux/Downloads/book_ros2_wrs/install/pal_gripper_controller_configuration/share/pal_gripper_controller_configuration/package.xml
[0.258s] Invoked command in '/home/mjlinux/Downloads/book_ros2_wrs/build/pal_gripper_controller_configuration' returned '0': CMAKE_PREFIX_PATH=/opt/ros/humble /usr/bin/cmake --install /home/mjlinux/Downloads/book_ros2_wrs/build/pal_gripper_controller_configuration
