-- The C compiler identification is GNU 11.4.0
-- The CXX compiler identification is GNU 11.4.0
-- Detecting C compiler ABI info
-- Detecting C compiler ABI info - done
-- Check for working C compiler: /usr/bin/cc - skipped
-- Detecting C compile features
-- Detecting C compile features - done
-- Detecting CXX compiler ABI info
-- Detecting CXX compiler ABI info - done
-- Check for working CXX compiler: /usr/bin/c++ - skipped
-- Detecting CXX compile features
-- Detecting CXX compile features - done
-- Could NOT find Qt5Svg (missing: Qt5Svg_DIR)
[33mCMake Warning at CMakeLists.txt:11 (find_package):
  Found package configuration file:

    /usr/lib/aarch64-linux-gnu/cmake/Qt5/Qt5Config.cmake

  but it set Qt5_FOUND to FALSE so package "Qt5" is considered to be NOT
  FOUND.  Reason given by package:

  Failed to find Qt5 component "Svg" config file at
  "/usr/lib/aarch64-linux-gnu/cmake/Qt5Svg/Qt5SvgConfig.cmake"

  


[0m
-- Found Python3: /usr/bin/python3.10 (found version "3.10.12") found components: Interpreter 
-- Override CMake install command with custom implementation using symlinks instead of copying resources
-- Found ament_index_cpp: 1.4.0 (/opt/ros/humble/share/ament_index_cpp/cmake)
-- ---------------------
-- Compiling with AMENT.
-- ---------------------
-- Could NOT find Qt5Svg (missing: Qt5Svg_DIR)
[33mCMake Warning at QtNodeEditor/CMakeLists.txt:11 (find_package):
  Found package configuration file:

    /usr/lib/aarch64-linux-gnu/cmake/Qt5/Qt5Config.cmake

  but it set Qt5_FOUND to FALSE so package "Qt5" is considered to be NOT
  FOUND.  Reason given by package:

  Failed to find Qt5 component "Svg" config file at
  "/usr/lib/aarch64-linux-gnu/cmake/Qt5Svg/Qt5SvgConfig.cmake"

  


[0m
-- Found ZMQ: /usr/lib/aarch64-linux-gnu/libzmq.so  
-- ZeroMQ found.
-- Configuring done
[31mCMake Error at CMakeLists.txt:157 (add_library):
  Target "behavior_tree_editor" links to target "Qt5::Svg" but the target was
  not found.  Perhaps a find_package() call is missing for an IMPORTED
  target, or an ALIAS target is missing?

[0m
[31mCMake Error at CMakeLists.txt:184 (add_executable):
  Target "Groot" links to target "Qt5::Svg" but the target was not found.
  Perhaps a find_package() call is missing for an IMPORTED target, or an
  ALIAS target is missing?

[0m
[31mCMake Error at QtNodeEditor/CMakeLists.txt:48 (add_library):
  Target "QtNodeEditor" links to target "Qt5::Svg" but the target was not
  found.  Perhaps a find_package() call is missing for an IMPORTED target, or
  an ALIAS target is missing?

[0m
[31mCMake Error at test/CMakeLists.txt:16 (add_executable):
  Target "editor_test" links to target "Qt5::Svg" but the target was not
  found.  Perhaps a find_package() call is missing for an IMPORTED target, or
  an ALIAS target is missing?
Call Stack (most recent call first):
  test/CMakeLists.txt:28 (CompileTest)

[0m
[31mCMake Error at test/CMakeLists.txt:16 (add_executable):
  Target "replay_test" links to target "Qt5::Svg" but the target was not
  found.  Perhaps a find_package() call is missing for an IMPORTED target, or
  an ALIAS target is missing?
Call Stack (most recent call first):
  test/CMakeLists.txt:29 (CompileTest)

[0m
-- Generating done
[0mCMake Generate step failed.  Build files cannot be regenerated correctly.[0m
