[0.025s] Invoking command in '/home/mjlinux/Downloads/book_ros2_wrs/build/groot': CMAKE_PREFIX_PATH=/opt/ros/humble /usr/bin/cmake /home/mjlinux/Downloads/book_ros2_wrs/ThirdParty/Groot -DAMENT_CMAKE_SYMLINK_INSTALL=1 -DCMAKE_INSTALL_PREFIX=/home/mjlinux/Downloads/book_ros2_wrs/install/groot
[0.293s] -- The C compiler identification is GNU 11.4.0
[0.371s] -- The CXX compiler identification is GNU 11.4.0
[0.385s] -- Detecting C compiler ABI info
[0.473s] -- Detecting C compiler ABI info - done
[0.478s] -- Check for working C compiler: /usr/bin/cc - skipped
[0.479s] -- Detecting C compile features
[0.480s] -- Detecting C compile features - done
[0.482s] -- Detecting CXX compiler ABI info
[0.571s] -- Detecting CXX compiler ABI info - done
[0.572s] -- Check for working CXX compiler: /usr/bin/c++ - skipped
[0.572s] -- Detecting CXX compile features
[0.572s] -- Detecting CXX compile features - done
[0.623s] -- Could NOT find Qt5Svg (missing: Qt5Svg_DIR)
[0.623s] [33mCMake Warning at CMakeLists.txt:11 (find_package):
[0.623s]   Found package configuration file:
[0.623s] 
[0.623s]     /usr/lib/aarch64-linux-gnu/cmake/Qt5/Qt5Config.cmake
[0.623s] 
[0.623s]   but it set Qt5_FOUND to FALSE so package "Qt5" is considered to be NOT
[0.623s]   FOUND.  Reason given by package:
[0.623s] 
[0.623s]   Failed to find Qt5 component "Svg" config file at
[0.623s]   "/usr/lib/aarch64-linux-gnu/cmake/Qt5Svg/Qt5SvgConfig.cmake"
[0.623s] 
[0.623s]   
[0.623s] 
[0.623s] 
[0.624s] [0m
[0.836s] -- Found Python3: /usr/bin/python3.10 (found version "3.10.12") found components: Interpreter 
[0.930s] -- Override CMake install command with custom implementation using symlinks instead of copying resources
[1.005s] -- Found ament_index_cpp: 1.4.0 (/opt/ros/humble/share/ament_index_cpp/cmake)
[1.008s] -- ---------------------
[1.008s] -- Compiling with AMENT.
[1.009s] -- ---------------------
[1.012s] -- Could NOT find Qt5Svg (missing: Qt5Svg_DIR)
[1.012s] [33mCMake Warning at QtNodeEditor/CMakeLists.txt:11 (find_package):
[1.012s]   Found package configuration file:
[1.012s] 
[1.012s]     /usr/lib/aarch64-linux-gnu/cmake/Qt5/Qt5Config.cmake
[1.012s] 
[1.012s]   but it set Qt5_FOUND to FALSE so package "Qt5" is considered to be NOT
[1.012s]   FOUND.  Reason given by package:
[1.012s] 
[1.012s]   Failed to find Qt5 component "Svg" config file at
[1.012s]   "/usr/lib/aarch64-linux-gnu/cmake/Qt5Svg/Qt5SvgConfig.cmake"
[1.012s] 
[1.012s]   
[1.012s] 
[1.012s] 
[1.012s] [0m
[1.019s] -- Found ZMQ: /usr/lib/aarch64-linux-gnu/libzmq.so  
[1.019s] -- ZeroMQ found.
[1.173s] -- Configuring done
[1.328s] [31mCMake Error at CMakeLists.txt:157 (add_library):
[1.328s]   Target "behavior_tree_editor" links to target "Qt5::Svg" but the target was
[1.328s]   not found.  Perhaps a find_package() call is missing for an IMPORTED
[1.328s]   target, or an ALIAS target is missing?
[1.328s] 
[1.328s] [0m
[1.328s] [31mCMake Error at CMakeLists.txt:184 (add_executable):
[1.328s]   Target "Groot" links to target "Qt5::Svg" but the target was not found.
[1.328s]   Perhaps a find_package() call is missing for an IMPORTED target, or an
[1.328s]   ALIAS target is missing?
[1.328s] 
[1.328s] [0m
[1.328s] [31mCMake Error at QtNodeEditor/CMakeLists.txt:48 (add_library):
[1.328s]   Target "QtNodeEditor" links to target "Qt5::Svg" but the target was not
[1.328s]   found.  Perhaps a find_package() call is missing for an IMPORTED target, or
[1.328s]   an ALIAS target is missing?
[1.328s] 
[1.328s] [0m
[1.328s] [31mCMake Error at test/CMakeLists.txt:16 (add_executable):
[1.328s]   Target "editor_test" links to target "Qt5::Svg" but the target was not
[1.328s]   found.  Perhaps a find_package() call is missing for an IMPORTED target, or
[1.328s]   an ALIAS target is missing?
[1.328s] Call Stack (most recent call first):
[1.328s]   test/CMakeLists.txt:28 (CompileTest)
[1.328s] 
[1.328s] [0m
[1.328s] [31mCMake Error at test/CMakeLists.txt:16 (add_executable):
[1.328s]   Target "replay_test" links to target "Qt5::Svg" but the target was not
[1.328s]   found.  Perhaps a find_package() call is missing for an IMPORTED target, or
[1.328s]   an ALIAS target is missing?
[1.328s] Call Stack (most recent call first):
[1.329s]   test/CMakeLists.txt:29 (CompileTest)
[1.329s] 
[1.329s] [0m
[1.353s] -- Generating done
[1.372s] [0mCMake Generate step failed.  Build files cannot be regenerated correctly.[0m
[1.373s] Invoked command in '/home/mjlinux/Downloads/book_ros2_wrs/build/groot' returned '1': CMAKE_PREFIX_PATH=/opt/ros/humble /usr/bin/cmake /home/mjlinux/Downloads/book_ros2_wrs/ThirdParty/Groot -DAMENT_CMAKE_SYMLINK_INSTALL=1 -DCMAKE_INSTALL_PREFIX=/home/mjlinux/Downloads/book_ros2_wrs/install/groot
