[0.056s] Invoking command in '/home/mjlinux/Downloads/book_ros2_wrs/build/br2_tf2_detector': CMAKE_PREFIX_PATH=/opt/ros/humble /usr/bin/cmake /home/mjlinux/Downloads/book_ros2_wrs/book_ros2/br2_tf2_detector -DAMENT_CMAKE_SYMLINK_INSTALL=1 -DCMAKE_INSTALL_PREFIX=/home/mjlinux/Downloads/book_ros2_wrs/install/br2_tf2_detector
[0.096s] -- The C compiler identification is GNU 11.4.0
[0.150s] -- The CXX compiler identification is GNU 11.4.0
[0.180s] -- Detecting C compiler ABI info
[0.291s] -- Detecting C compiler ABI info - done
[0.293s] -- Check for working C compiler: /usr/bin/cc - skipped
[0.293s] -- Detecting C compile features
[0.294s] -- Detecting C compile features - done
[0.296s] -- Detecting CXX compiler ABI info
[0.409s] -- Detecting CXX compiler ABI info - done
[0.412s] -- Check for working CXX compiler: /usr/bin/c++ - skipped
[0.413s] -- Detecting CXX compile features
[0.414s] -- Detecting CXX compile features - done
[0.418s] -- Found ament_cmake: 1.3.5 (/opt/ros/humble/share/ament_cmake/cmake)
[0.578s] -- Found Python3: /usr/bin/python3.10 (found version "3.10.12") found components: Interpreter 
[0.618s] -- Override CMake install command with custom implementation using symlinks instead of copying resources
[0.640s] -- Found rclcpp: 16.0.5 (/opt/ros/humble/share/rclcpp/cmake)
[0.731s] -- Found rosidl_generator_c: 3.1.5 (/opt/ros/humble/share/rosidl_generator_c/cmake)
[0.739s] -- Found rosidl_adapter: 3.1.5 (/opt/ros/humble/share/rosidl_adapter/cmake)
[0.772s] -- Found rosidl_generator_cpp: 3.1.5 (/opt/ros/humble/share/rosidl_generator_cpp/cmake)
[0.795s] -- Using all available rosidl_typesupport_c: rosidl_typesupport_fastrtps_c;rosidl_typesupport_introspection_c
[0.822s] -- Using all available rosidl_typesupport_cpp: rosidl_typesupport_fastrtps_cpp;rosidl_typesupport_introspection_cpp
[0.930s] -- Found rmw_implementation_cmake: 6.1.1 (/opt/ros/humble/share/rmw_implementation_cmake/cmake)
[0.934s] -- Found rmw_fastrtps_cpp: 6.2.3 (/opt/ros/humble/share/rmw_fastrtps_cpp/cmake)
[1.109s] -- Found OpenSSL: /usr/lib/aarch64-linux-gnu/libcrypto.so (found version "3.0.2")  
[1.141s] -- Found FastRTPS: /opt/ros/humble/include  
[1.225s] -- Using RMW implementation 'rmw_fastrtps_cpp' as default
[1.270s] -- Looking for pthread.h
[1.344s] -- Looking for pthread.h - found
[1.344s] -- Performing Test CMAKE_HAVE_LIBC_PTHREAD
[1.434s] -- Performing Test CMAKE_HAVE_LIBC_PTHREAD - Success
[1.435s] -- Found Threads: TRUE  
[1.642s] -- Found tf2_ros: 0.25.3 (/opt/ros/humble/share/tf2_ros/cmake)
[2.244s] -- Found tf2_geometry_msgs: 0.25.3 (/opt/ros/humble/share/tf2_geometry_msgs/cmake)
[2.264s] -- Found eigen3_cmake_module: 0.1.1 (/opt/ros/humble/share/eigen3_cmake_module/cmake)
[2.285s] -- Found Eigen3: TRUE (found version "3.4.0") 
[2.286s] -- Ensuring Eigen3 include directory is part of orocos-kdl CMake target
[2.292s] -- Found sensor_msgs: 4.2.3 (/opt/ros/humble/share/sensor_msgs/cmake)
[2.391s] -- Found visualization_msgs: 4.2.3 (/opt/ros/humble/share/visualization_msgs/cmake)
[2.536s] -- Found ament_lint_auto: 0.12.7 (/opt/ros/humble/share/ament_lint_auto/cmake)
[2.634s] -- Added test 'copyright' to check source files copyright and LICENSE
[2.636s] -- Added test 'cppcheck' to perform static code analysis on C / C++ code
[2.636s] -- Configured cppcheck include dirs: /home/mjlinux/Downloads/book_ros2_wrs/book_ros2/br2_tf2_detector/include
[2.636s] -- Configured cppcheck exclude dirs and/or files: 
[2.637s] -- Added test 'cpplint' to check C / C++ code against the Google style
[2.637s] -- Configured cpplint exclude dirs and/or files: 
[2.637s] -- Added test 'flake8' to check Python code syntax and style conventions
[2.638s] -- Added test 'lint_cmake' to check CMake code style
[2.638s] -- Added test 'pep257' to check Python code against some of the docstring style conventions in PEP 257
[2.639s] -- Added test 'uncrustify' to check C / C++ code style
[2.639s] -- Configured uncrustify additional arguments: 
[2.640s] -- Added test 'xmllint' to check XML markup files
[2.641s] -- Configuring done
[2.685s] -- Generating done
[2.686s] -- Build files have been written to: /home/mjlinux/Downloads/book_ros2_wrs/build/br2_tf2_detector
[2.699s] Invoked command in '/home/mjlinux/Downloads/book_ros2_wrs/build/br2_tf2_detector' returned '0': CMAKE_PREFIX_PATH=/opt/ros/humble /usr/bin/cmake /home/mjlinux/Downloads/book_ros2_wrs/book_ros2/br2_tf2_detector -DAMENT_CMAKE_SYMLINK_INSTALL=1 -DCMAKE_INSTALL_PREFIX=/home/mjlinux/Downloads/book_ros2_wrs/install/br2_tf2_detector
[2.702s] Invoking command in '/home/mjlinux/Downloads/book_ros2_wrs/build/br2_tf2_detector': CMAKE_PREFIX_PATH=/opt/ros/humble /usr/bin/cmake --build /home/mjlinux/Downloads/book_ros2_wrs/build/br2_tf2_detector -- -j4 -l4
[2.765s] [ 12%] [32mBuilding CXX object CMakeFiles/br2_tf2_detector.dir/src/br2_tf2_detector/ObstacleDetectorNode.cpp.o[0m
[12.739s] [ 25%] [32mBuilding CXX object CMakeFiles/br2_tf2_detector.dir/src/br2_tf2_detector/ObstacleDetectorImprovedNode.cpp.o[0m
[22.827s] [ 37%] [32mBuilding CXX object CMakeFiles/br2_tf2_detector.dir/src/br2_tf2_detector/ObstacleMonitorNode.cpp.o[0m
[26.234s] [ 50%] [32m[1mLinking CXX shared library libbr2_tf2_detector.so[0m
[27.058s] [ 50%] Built target br2_tf2_detector
[27.096s] [ 62%] [32mBuilding CXX object CMakeFiles/detector.dir/src/detector_main.cpp.o[0m
[29.232s] [ 75%] [32m[1mLinking CXX executable detector[0m
[29.391s] [ 75%] Built target detector
[29.425s] [ 87%] [32mBuilding CXX object CMakeFiles/detector_improved.dir/src/detector_improved_main.cpp.o[0m
[31.620s] [100%] [32m[1mLinking CXX executable detector_improved[0m
[31.792s] [100%] Built target detector_improved
